<?xml version="1.0" encoding="UTF-8"?>
<testsuite xmlns:xsi="http://www.w3.org/2001/XMLSchema-instance" xsi:noNamespaceSchemaLocation="https://maven.apache.org/surefire/maven-failsafe-plugin/xsd/failsafe-test-report-3.0.xsd" version="3.0" name="starter.CucumberTestSuite" time="107.471" tests="6" errors="0" skipped="0" failures="0">
  <properties>
    <property name="sun.desktop" value="windows"/>
    <property name="awt.toolkit" value="sun.awt.windows.WToolkit"/>
    <property name="java.specification.version" value="1.8"/>
    <property name="file.encoding.pkg" value="sun.io"/>
    <property name="webdriver.chrome.driver" value="D:\kampus merdeka\Intelij\web\src\test\resources\webdriver\chromedriver.exe"/>
    <property name="sun.cpu.isalist" value="amd64"/>
    <property name="sun.jnu.encoding" value="Cp1252"/>
    <property name="java.class.path" value="D:\kampus merdeka\Intelij\web\target\test-classes;D:\kampus merdeka\Intelij\web\target\web-1.0-SNAPSHOT.jar;C:\Users\Admin\.m2\repository\net\serenity-bdd\serenity-core\3.2.1\serenity-core-3.2.1.jar;C:\Users\Admin\.m2\repository\net\serenity-bdd\serenity-model\3.2.1\serenity-model-3.2.1.jar;C:\Users\Admin\.m2\repository\org\apache\commons\commons-text\1.9\commons-text-1.9.jar;C:\Users\Admin\.m2\repository\commons-net\commons-net\3.8.0\commons-net-3.8.0.jar;C:\Users\Admin\.m2\repository\com\google\guava\guava\31.1-jre\guava-31.1-jre.jar;C:\Users\Admin\.m2\repository\com\google\guava\failureaccess\1.0.1\failureaccess-1.0.1.jar;C:\Users\Admin\.m2\repository\com\google\guava\listenablefuture\9999.0-empty-to-avoid-conflict-with-guava\listenablefuture-9999.0-empty-to-avoid-conflict-with-guava.jar;C:\Users\Admin\.m2\repository\com\google\code\findbugs\jsr305\3.0.2\jsr305-3.0.2.jar;C:\Users\Admin\.m2\repository\org\checkerframework\checker-qual\3.12.0\checker-qual-3.12.0.jar;C:\Users\Admin\.m2\repository\com\google\errorprone\error_prone_annotations\2.11.0\error_prone_annotations-2.11.0.jar;C:\Users\Admin\.m2\repository\com\google\j2objc\j2objc-annotations\1.3\j2objc-annotations-1.3.jar;C:\Users\Admin\.m2\repository\com\google\inject\guice\5.1.0\guice-5.1.0.jar;C:\Users\Admin\.m2\repository\javax\inject\javax.inject\1\javax.inject-1.jar;C:\Users\Admin\.m2\repository\aopalliance\aopalliance\1.0\aopalliance-1.0.jar;C:\Users\Admin\.m2\repository\org\jsoup\jsoup\1.14.3\jsoup-1.14.3.jar;C:\Users\Admin\.m2\repository\com\thoughtworks\xstream\xstream\1.4.19\xstream-1.4.19.jar;C:\Users\Admin\.m2\repository\io\github\x-stream\mxparser\1.2.2\mxparser-1.2.2.jar;C:\Users\Admin\.m2\repository\xmlpull\xmlpull\1.1.3.1\xmlpull-1.1.3.1.jar;C:\Users\Admin\.m2\repository\io\cucumber\cucumber-java\7.2.3\cucumber-java-7.2.3.jar;C:\Users\Admin\.m2\repository\com\typesafe\config\1.4.2\config-1.4.2.jar;C:\Users\Admin\.m2\repository\org\imgscalr\imgscalr-lib\4.2\imgscalr-lib-4.2.jar;C:\Users\Admin\.m2\repository\org\awaitility\awaitility\4.2.0\awaitility-4.2.0.jar;C:\Users\Admin\.m2\repository\org\freemarker\freemarker\2.3.31\freemarker-2.3.31.jar;C:\Users\Admin\.m2\repository\io\github\classgraph\classgraph\4.8.138\classgraph-4.8.138.jar;C:\Users\Admin\.m2\repository\net\sourceforge\jexcelapi\jxl\2.6.12\jxl-2.6.12.jar;C:\Users\Admin\.m2\repository\net\bytebuddy\byte-buddy\1.12.8\byte-buddy-1.12.8.jar;C:\Users\Admin\.m2\repository\net\bytebuddy\byte-buddy-agent\1.12.8\byte-buddy-agent-1.12.8.jar;C:\Users\Admin\.m2\repository\org\objenesis\objenesis\3.1\objenesis-3.1.jar;C:\Users\Admin\.m2\repository\net\serenity-bdd\serenity-reports\3.2.1\serenity-reports-3.2.1.jar;C:\Users\Admin\.m2\repository\net\serenity-bdd\serenity-stats\3.2.1\serenity-stats-3.2.1.jar;C:\Users\Admin\.m2\repository\net\serenity-bdd\serenity-reports-configuration\3.2.1\serenity-reports-configuration-3.2.1.jar;C:\Users\Admin\.m2\repository\com\vladsch\flexmark\flexmark-all\0.34.30\flexmark-all-0.34.30.jar;C:\Users\Admin\.m2\repository\com\vladsch\flexmark\flexmark\0.34.30\flexmark-0.34.30.jar;C:\Users\Admin\.m2\repository\com\vladsch\flexmark\flexmark-ext-abbreviation\0.34.30\flexmark-ext-abbreviation-0.34.30.jar;C:\Users\Admin\.m2\repository\com\vladsch\flexmark\flexmark-ext-admonition\0.34.30\flexmark-ext-admonition-0.34.30.jar;C:\Users\Admin\.m2\repository\com\vladsch\flexmark\flexmark-ext-anchorlink\0.34.30\flexmark-ext-anchorlink-0.34.30.jar;C:\Users\Admin\.m2\repository\com\vladsch\flexmark\flexmark-ext-aside\0.34.30\flexmark-ext-aside-0.34.30.jar;C:\Users\Admin\.m2\repository\com\vladsch\flexmark\flexmark-ext-attributes\0.34.30\flexmark-ext-attributes-0.34.30.jar;C:\Users\Admin\.m2\repository\com\vladsch\flexmark\flexmark-ext-autolink\0.34.30\flexmark-ext-autolink-0.34.30.jar;C:\Users\Admin\.m2\repository\org\nibor\autolink\autolink\0.6.0\autolink-0.6.0.jar;C:\Users\Admin\.m2\repository\com\vladsch\flexmark\flexmark-ext-definition\0.34.30\flexmark-ext-definition-0.34.30.jar;C:\Users\Admin\.m2\repository\com\vladsch\flexmark\flexmark-ext-emoji\0.34.30\flexmark-ext-emoji-0.34.30.jar;C:\Users\Admin\.m2\repository\com\vladsch\flexmark\flexmark-ext-enumerated-reference\0.34.30\flexmark-ext-enumerated-reference-0.34.30.jar;C:\Users\Admin\.m2\repository\com\vladsch\flexmark\flexmark-ext-escaped-character\0.34.30\flexmark-ext-escaped-character-0.34.30.jar;C:\Users\Admin\.m2\repository\com\vladsch\flexmark\flexmark-ext-footnotes\0.34.30\flexmark-ext-footnotes-0.34.30.jar;C:\Users\Admin\.m2\repository\com\vladsch\flexmark\flexmark-ext-gfm-issues\0.34.30\flexmark-ext-gfm-issues-0.34.30.jar;C:\Users\Admin\.m2\repository\com\vladsch\flexmark\flexmark-ext-gfm-strikethrough\0.34.30\flexmark-ext-gfm-strikethrough-0.34.30.jar;C:\Users\Admin\.m2\repository\com\vladsch\flexmark\flexmark-ext-gfm-tables\0.34.30\flexmark-ext-gfm-tables-0.34.30.jar;C:\Users\Admin\.m2\repository\com\vladsch\flexmark\flexmark-ext-gfm-tasklist\0.34.30\flexmark-ext-gfm-tasklist-0.34.30.jar;C:\Users\Admin\.m2\repository\com\vladsch\flexmark\flexmark-ext-gfm-users\0.34.30\flexmark-ext-gfm-users-0.34.30.jar;C:\Users\Admin\.m2\repository\com\vladsch\flexmark\flexmark-ext-gitlab\0.34.30\flexmark-ext-gitlab-0.34.30.jar;C:\Users\Admin\.m2\repository\com\vladsch\flexmark\flexmark-ext-jekyll-front-matter\0.34.30\flexmark-ext-jekyll-front-matter-0.34.30.jar;C:\Users\Admin\.m2\repository\com\vladsch\flexmark\flexmark-ext-jekyll-tag\0.34.30\flexmark-ext-jekyll-tag-0.34.30.jar;C:\Users\Admin\.m2\repository\com\vladsch\flexmark\flexmark-ext-media-tags\0.34.30\flexmark-ext-media-tags-0.34.30.jar;C:\Users\Admin\.m2\repository\com\vladsch\flexmark\flexmark-test-util\0.34.30\flexmark-test-util-0.34.30.jar;C:\Users\Admin\.m2\repository\com\vladsch\flexmark\flexmark-ext-ins\0.34.30\flexmark-ext-ins-0.34.30.jar;C:\Users\Admin\.m2\repository\com\vladsch\flexmark\flexmark-ext-xwiki-macros\0.34.30\flexmark-ext-xwiki-macros-0.34.30.jar;C:\Users\Admin\.m2\repository\com\vladsch\flexmark\flexmark-ext-superscript\0.34.30\flexmark-ext-superscript-0.34.30.jar;C:\Users\Admin\.m2\repository\com\vladsch\flexmark\flexmark-ext-tables\0.34.30\flexmark-ext-tables-0.34.30.jar;C:\Users\Admin\.m2\repository\com\vladsch\flexmark\flexmark-ext-toc\0.34.30\flexmark-ext-toc-0.34.30.jar;C:\Users\Admin\.m2\repository\com\vladsch\flexmark\flexmark-ext-typographic\0.34.30\flexmark-ext-typographic-0.34.30.jar;C:\Users\Admin\.m2\repository\com\vladsch\flexmark\flexmark-ext-wikilink\0.34.30\flexmark-ext-wikilink-0.34.30.jar;C:\Users\Admin\.m2\repository\com\vladsch\flexmark\flexmark-ext-yaml-front-matter\0.34.30\flexmark-ext-yaml-front-matter-0.34.30.jar;C:\Users\Admin\.m2\repository\com\vladsch\flexmark\flexmark-ext-youtube-embedded\0.34.30\flexmark-ext-youtube-embedded-0.34.30.jar;C:\Users\Admin\.m2\repository\com\vladsch\flexmark\flexmark-formatter\0.34.30\flexmark-formatter-0.34.30.jar;C:\Users\Admin\.m2\repository\com\vladsch\flexmark\flexmark-html-parser\0.34.30\flexmark-html-parser-0.34.30.jar;C:\Users\Admin\.m2\repository\com\vladsch\flexmark\flexmark-jira-converter\0.34.30\flexmark-jira-converter-0.34.30.jar;C:\Users\Admin\.m2\repository\com\vladsch\flexmark\flexmark-pdf-converter\0.34.30\flexmark-pdf-converter-0.34.30.jar;C:\Users\Admin\.m2\repository\com\openhtmltopdf\openhtmltopdf-core\0.0.1-RC13\openhtmltopdf-core-0.0.1-RC13.jar;C:\Users\Admin\.m2\repository\com\openhtmltopdf\openhtmltopdf-pdfbox\0.0.1-RC13\openhtmltopdf-pdfbox-0.0.1-RC13.jar;C:\Users\Admin\.m2\repository\org\apache\pdfbox\pdfbox\2.0.8\pdfbox-2.0.8.jar;C:\Users\Admin\.m2\repository\org\apache\pdfbox\fontbox\2.0.8\fontbox-2.0.8.jar;C:\Users\Admin\.m2\repository\commons-logging\commons-logging\1.2\commons-logging-1.2.jar;C:\Users\Admin\.m2\repository\org\apache\pdfbox\xmpbox\2.0.8\xmpbox-2.0.8.jar;C:\Users\Admin\.m2\repository\de\rototor\pdfbox\graphics2d\0.12\graphics2d-0.12.jar;C:\Users\Admin\.m2\repository\com\openhtmltopdf\openhtmltopdf-rtl-support\0.0.1-RC13\openhtmltopdf-rtl-support-0.0.1-RC13.jar;C:\Users\Admin\.m2\repository\com\ibm\icu\icu4j\59.1\icu4j-59.1.jar;C:\Users\Admin\.m2\repository\com\openhtmltopdf\openhtmltopdf-jsoup-dom-converter\0.0.1-RC13\openhtmltopdf-jsoup-dom-converter-0.0.1-RC13.jar;C:\Users\Admin\.m2\repository\com\vladsch\flexmark\flexmark-profile-pegdown\0.34.30\flexmark-profile-pegdown-0.34.30.jar;C:\Users\Admin\.m2\repository\com\vladsch\flexmark\flexmark-util\0.34.30\flexmark-util-0.34.30.jar;C:\Users\Admin\.m2\repository\com\vladsch\flexmark\flexmark-youtrack-converter\0.34.30\flexmark-youtrack-converter-0.34.30.jar;C:\Users\Admin\.m2\repository\es\nitaur\markdown\txtmark\0.16\txtmark-0.16.jar;C:\Users\Admin\.m2\repository\net\serenity-bdd\serenity-report-resources\3.2.1\serenity-report-resources-3.2.1.jar;C:\Users\Admin\.m2\repository\com\google\code\gson\gson\2.9.0\gson-2.9.0.jar;C:\Users\Admin\.m2\repository\com\fasterxml\jackson\core\jackson-core\2.13.2\jackson-core-2.13.2.jar;C:\Users\Admin\.m2\repository\com\fasterxml\jackson\core\jackson-databind\2.13.2\jackson-databind-2.13.2.jar;C:\Users\Admin\.m2\repository\com\fasterxml\jackson\core\jackson-annotations\2.13.2\jackson-annotations-2.13.2.jar;C:\Users\Admin\.m2\repository\commons-codec\commons-codec\1.15\commons-codec-1.15.jar;C:\Users\Admin\.m2\repository\commons-io\commons-io\2.11.0\commons-io-2.11.0.jar;C:\Users\Admin\.m2\repository\org\seleniumhq\selenium\selenium-java\4.1.2\selenium-java-4.1.2.jar;C:\Users\Admin\.m2\repository\org\seleniumhq\selenium\selenium-devtools-v85\4.1.2\selenium-devtools-v85-4.1.2.jar;C:\Users\Admin\.m2\repository\org\seleniumhq\selenium\selenium-devtools-v95\4.1.2\selenium-devtools-v95-4.1.2.jar;C:\Users\Admin\.m2\repository\org\seleniumhq\selenium\selenium-devtools-v96\4.1.2\selenium-devtools-v96-4.1.2.jar;C:\Users\Admin\.m2\repository\org\seleniumhq\selenium\selenium-devtools-v97\4.1.2\selenium-devtools-v97-4.1.2.jar;C:\Users\Admin\.m2\repository\org\seleniumhq\selenium\selenium-firefox-xpi-driver\4.1.2\selenium-firefox-xpi-driver-4.1.2.jar;C:\Users\Admin\.m2\repository\org\seleniumhq\selenium\selenium-opera-driver\4.1.2\selenium-opera-driver-4.1.2.jar;C:\Users\Admin\.m2\repository\org\seleniumhq\selenium\selenium-remote-driver\4.1.2\selenium-remote-driver-4.1.2.jar;C:\Users\Admin\.m2\repository\com\beust\jcommander\1.82\jcommander-1.82.jar;C:\Users\Admin\.m2\repository\io\netty\netty-buffer\4.1.73.Final\netty-buffer-4.1.73.Final.jar;C:\Users\Admin\.m2\repository\io\netty\netty-codec-http\4.1.73.Final\netty-codec-http-4.1.73.Final.jar;C:\Users\Admin\.m2\repository\io\netty\netty-codec\4.1.73.Final\netty-codec-4.1.73.Final.jar;C:\Users\Admin\.m2\repository\io\netty\netty-handler\4.1.73.Final\netty-handler-4.1.73.Final.jar;C:\Users\Admin\.m2\repository\io\netty\netty-tcnative-classes\2.0.46.Final\netty-tcnative-classes-2.0.46.Final.jar;C:\Users\Admin\.m2\repository\io\netty\netty-common\4.1.73.Final\netty-common-4.1.73.Final.jar;C:\Users\Admin\.m2\repository\io\netty\netty-transport-classes-epoll\4.1.73.Final\netty-transport-classes-epoll-4.1.73.Final.jar;C:\Users\Admin\.m2\repository\io\netty\netty-transport-classes-kqueue\4.1.73.Final\netty-transport-classes-kqueue-4.1.73.Final.jar;C:\Users\Admin\.m2\repository\io\netty\netty-transport-native-epoll\4.1.73.Final\netty-transport-native-epoll-4.1.73.Final.jar;C:\Users\Admin\.m2\repository\io\netty\netty-transport-native-kqueue\4.1.73.Final\netty-transport-native-kqueue-4.1.73.Final.jar;C:\Users\Admin\.m2\repository\io\netty\netty-transport-native-unix-common\4.1.73.Final\netty-transport-native-unix-common-4.1.73.Final.jar;C:\Users\Admin\.m2\repository\io\netty\netty-transport\4.1.73.Final\netty-transport-4.1.73.Final.jar;C:\Users\Admin\.m2\repository\io\netty\netty-resolver\4.1.73.Final\netty-resolver-4.1.73.Final.jar;C:\Users\Admin\.m2\repository\io\opentelemetry\opentelemetry-api\1.10.1\opentelemetry-api-1.10.1.jar;C:\Users\Admin\.m2\repository\io\opentelemetry\opentelemetry-context\1.10.1\opentelemetry-context-1.10.1.jar;C:\Users\Admin\.m2\repository\io\opentelemetry\opentelemetry-exporter-logging\1.10.1\opentelemetry-exporter-logging-1.10.1.jar;C:\Users\Admin\.m2\repository\io\opentelemetry\opentelemetry-sdk-metrics\1.10.1-alpha\opentelemetry-sdk-metrics-1.10.1-alpha.jar;C:\Users\Admin\.m2\repository\io\opentelemetry\opentelemetry-sdk-logs\1.10.1-alpha\opentelemetry-sdk-logs-1.10.1-alpha.jar;C:\Users\Admin\.m2\repository\io\opentelemetry\opentelemetry-sdk-common\1.10.1\opentelemetry-sdk-common-1.10.1.jar;C:\Users\Admin\.m2\repository\io\opentelemetry\opentelemetry-sdk-extension-autoconfigure-spi\1.10.1\opentelemetry-sdk-extension-autoconfigure-spi-1.10.1.jar;C:\Users\Admin\.m2\repository\io\opentelemetry\opentelemetry-sdk-extension-autoconfigure\1.10.1-alpha\opentelemetry-sdk-extension-autoconfigure-1.10.1-alpha.jar;C:\Users\Admin\.m2\repository\io\opentelemetry\opentelemetry-sdk-trace\1.10.1\opentelemetry-sdk-trace-1.10.1.jar;C:\Users\Admin\.m2\repository\io\opentelemetry\opentelemetry-sdk\1.10.1\opentelemetry-sdk-1.10.1.jar;C:\Users\Admin\.m2\repository\io\opentelemetry\opentelemetry-semconv\1.10.1-alpha\opentelemetry-semconv-1.10.1-alpha.jar;C:\Users\Admin\.m2\repository\io\ous\jtoml\2.0.0\jtoml-2.0.0.jar;C:\Users\Admin\.m2\repository\org\apache\commons\commons-exec\1.3\commons-exec-1.3.jar;C:\Users\Admin\.m2\repository\org\asynchttpclient\async-http-client\2.12.3\async-http-client-2.12.3.jar;C:\Users\Admin\.m2\repository\org\asynchttpclient\async-http-client-netty-utils\2.12.3\async-http-client-netty-utils-2.12.3.jar;C:\Users\Admin\.m2\repository\io\netty\netty-codec-socks\4.1.60.Final\netty-codec-socks-4.1.60.Final.jar;C:\Users\Admin\.m2\repository\io\netty\netty-handler-proxy\4.1.60.Final\netty-handler-proxy-4.1.60.Final.jar;C:\Users\Admin\.m2\repository\io\netty\netty-transport-native-epoll\4.1.60.Final\netty-transport-native-epoll-4.1.60.Final-linux-x86_64.jar;C:\Users\Admin\.m2\repository\io\netty\netty-transport-native-kqueue\4.1.60.Final\netty-transport-native-kqueue-4.1.60.Final-osx-x86_64.jar;C:\Users\Admin\.m2\repository\org\reactivestreams\reactive-streams\1.0.3\reactive-streams-1.0.3.jar;C:\Users\Admin\.m2\repository\com\typesafe\netty\netty-reactive-streams\2.0.4\netty-reactive-streams-2.0.4.jar;C:\Users\Admin\.m2\repository\org\seleniumhq\selenium\selenium-http\4.1.2\selenium-http-4.1.2.jar;C:\Users\Admin\.m2\repository\net\jodah\failsafe\2.4.4\failsafe-2.4.4.jar;C:\Users\Admin\.m2\repository\org\seleniumhq\selenium\selenium-safari-driver\4.1.2\selenium-safari-driver-4.1.2.jar;C:\Users\Admin\.m2\repository\org\seleniumhq\selenium\selenium-api\4.1.2\selenium-api-4.1.2.jar;C:\Users\Admin\.m2\repository\org\seleniumhq\selenium\selenium-support\4.1.2\selenium-support-4.1.2.jar;C:\Users\Admin\.m2\repository\com\google\auto\service\auto-service-annotations\1.0.1\auto-service-annotations-1.0.1.jar;C:\Users\Admin\.m2\repository\com\google\auto\service\auto-service\1.0.1\auto-service-1.0.1.jar;C:\Users\Admin\.m2\repository\com\google\auto\auto-common\1.2\auto-common-1.2.jar;C:\Users\Admin\.m2\repository\org\seleniumhq\selenium\selenium-json\4.1.2\selenium-json-4.1.2.jar;C:\Users\Admin\.m2\repository\org\seleniumhq\selenium\selenium-chrome-driver\4.1.2\selenium-chrome-driver-4.1.2.jar;C:\Users\Admin\.m2\repository\org\seleniumhq\selenium\selenium-chromium-driver\4.1.2\selenium-chromium-driver-4.1.2.jar;C:\Users\Admin\.m2\repository\org\seleniumhq\selenium\selenium-firefox-driver\4.1.2\selenium-firefox-driver-4.1.2.jar;C:\Users\Admin\.m2\repository\org\seleniumhq\selenium\selenium-edge-driver\4.1.2\selenium-edge-driver-4.1.2.jar;C:\Users\Admin\.m2\repository\org\seleniumhq\selenium\selenium-ie-driver\4.1.2\selenium-ie-driver-4.1.2.jar;C:\Users\Admin\.m2\repository\org\projectlombok\lombok\1.18.20\lombok-1.18.20.jar;C:\Users\Admin\.m2\repository\io\appium\java-client\8.0.0\java-client-8.0.0.jar;C:\Users\Admin\.m2\repository\commons-validator\commons-validator\1.7\commons-validator-1.7.jar;C:\Users\Admin\.m2\repository\commons-digester\commons-digester\2.1\commons-digester-2.1.jar;C:\Users\Admin\.m2\repository\org\aspectj\aspectjweaver\1.9.8\aspectjweaver-1.9.8.jar;C:\Users\Admin\.m2\repository\org\codehaus\groovy\groovy\3.0.10\groovy-3.0.10.jar;C:\Users\Admin\.m2\repository\net\sf\opencsv\opencsv\2.0\opencsv-2.0.jar;C:\Users\Admin\.m2\repository\commons-beanutils\commons-beanutils\1.9.4\commons-beanutils-1.9.4.jar;C:\Users\Admin\.m2\repository\org\apache\commons\commons-lang3\3.12.0\commons-lang3-3.12.0.jar;C:\Users\Admin\.m2\repository\commons-collections\commons-collections\3.2.2\commons-collections-3.2.2.jar;C:\Users\Admin\.m2\repository\org\fluentlenium\fluentlenium-core\0.10.2\fluentlenium-core-0.10.2.jar;C:\Users\Admin\.m2\repository\io\github\bonigarcia\webdrivermanager\5.1.0\webdrivermanager-5.1.0.jar;C:\Users\Admin\.m2\repository\com\github\docker-java\docker-java\3.2.13\docker-java-3.2.13.jar;C:\Users\Admin\.m2\repository\com\github\docker-java\docker-java-core\3.2.13\docker-java-core-3.2.13.jar;C:\Users\Admin\.m2\repository\com\github\docker-java\docker-java-api\3.2.13\docker-java-api-3.2.13.jar;C:\Users\Admin\.m2\repository\org\apache\commons\commons-compress\1.21\commons-compress-1.21.jar;C:\Users\Admin\.m2\repository\org\bouncycastle\bcpkix-jdk15on\1.64\bcpkix-jdk15on-1.64.jar;C:\Users\Admin\.m2\repository\org\bouncycastle\bcprov-jdk15on\1.64\bcprov-jdk15on-1.64.jar;C:\Users\Admin\.m2\repository\org\slf4j\jcl-over-slf4j\1.7.30\jcl-over-slf4j-1.7.30.jar;C:\Users\Admin\.m2\repository\com\github\docker-java\docker-java-transport-httpclient5\3.2.13\docker-java-transport-httpclient5-3.2.13.jar;C:\Users\Admin\.m2\repository\com\github\docker-java\docker-java-transport\3.2.13\docker-java-transport-3.2.13.jar;C:\Users\Admin\.m2\repository\org\apache\httpcomponents\client5\httpclient5\5.0.3\httpclient5-5.0.3.jar;C:\Users\Admin\.m2\repository\org\apache\httpcomponents\core5\httpcore5\5.0.2\httpcore5-5.0.2.jar;C:\Users\Admin\.m2\repository\net\java\dev\jna\jna\5.8.0\jna-5.8.0.jar;C:\Users\Admin\.m2\repository\org\brotli\dec\0.1.2\dec-0.1.2.jar;C:\Users\Admin\.m2\repository\com\jhlabs\filters\2.0.235\filters-2.0.235.jar;C:\Users\Admin\.m2\repository\com\paulhammant\ngwebdriver\1.1.6\ngwebdriver-1.1.6.jar;C:\Users\Admin\.m2\repository\joda-time\joda-time\2.8.2\joda-time-2.8.2.jar;C:\Users\Admin\.m2\repository\org\hamcrest\hamcrest\2.2\hamcrest-2.2.jar;C:\Users\Admin\.m2\repository\com\google\jimfs\jimfs\1.2\jimfs-1.2.jar;C:\Users\Admin\.m2\repository\org\mockito\mockito-core\3.3.3\mockito-core-3.3.3.jar;C:\Users\Admin\.m2\repository\javax\xml\bind\jaxb-api\2.3.1\jaxb-api-2.3.1.jar;C:\Users\Admin\.m2\repository\javax\activation\javax.activation-api\1.2.0\javax.activation-api-1.2.0.jar;C:\Users\Admin\.m2\repository\com\sun\xml\bind\jaxb-core\2.3.0.1\jaxb-core-2.3.0.1.jar;C:\Users\Admin\.m2\repository\com\sun\xml\bind\jaxb-impl\2.3.3\jaxb-impl-2.3.3.jar;C:\Users\Admin\.m2\repository\jakarta\xml\bind\jakarta.xml.bind-api\2.3.3\jakarta.xml.bind-api-2.3.3.jar;C:\Users\Admin\.m2\repository\com\sun\activation\jakarta.activation\1.2.2\jakarta.activation-1.2.2.jar;C:\Users\Admin\.m2\repository\javax\activation\activation\1.1.1\activation-1.1.1.jar;C:\Users\Admin\.m2\repository\net\serenity-bdd\serenity-cucumber\3.2.1\serenity-cucumber-3.2.1.jar;C:\Users\Admin\.m2\repository\io\cucumber\cucumber-core\7.2.3\cucumber-core-7.2.3.jar;C:\Users\Admin\.m2\repository\io\cucumber\cucumber-gherkin\7.2.3\cucumber-gherkin-7.2.3.jar;C:\Users\Admin\.m2\repository\io\cucumber\cucumber-gherkin-messages\7.2.3\cucumber-gherkin-messages-7.2.3.jar;C:\Users\Admin\.m2\repository\io\cucumber\messages\17.1.1\messages-17.1.1.jar;C:\Users\Admin\.m2\repository\io\cucumber\tag-expressions\4.1.0\tag-expressions-4.1.0.jar;C:\Users\Admin\.m2\repository\io\cucumber\cucumber-expressions\15.0.1\cucumber-expressions-15.0.1.jar;C:\Users\Admin\.m2\repository\io\cucumber\datatable\7.2.3\datatable-7.2.3.jar;C:\Users\Admin\.m2\repository\io\cucumber\cucumber-plugin\7.2.3\cucumber-plugin-7.2.3.jar;C:\Users\Admin\.m2\repository\io\cucumber\docstring\7.2.3\docstring-7.2.3.jar;C:\Users\Admin\.m2\repository\io\cucumber\html-formatter\17.0.0\html-formatter-17.0.0.jar;C:\Users\Admin\.m2\repository\io\cucumber\ci-environment\8.1.0\ci-environment-8.1.0.jar;C:\Users\Admin\.m2\repository\io\cucumber\cucumber-junit\7.2.3\cucumber-junit-7.2.3.jar;C:\Users\Admin\.m2\repository\org\apache\commons\commons-csv\1.5\commons-csv-1.5.jar;C:\Users\Admin\.m2\repository\net\serenity-bdd\serenity-screenplay\3.2.1\serenity-screenplay-3.2.1.jar;C:\Users\Admin\.m2\repository\net\serenity-bdd\serenity-screenplay-webdriver\3.2.1\serenity-screenplay-webdriver-3.2.1.jar;C:\Users\Admin\.m2\repository\net\serenity-bdd\serenity-ensure\3.2.1\serenity-ensure-3.2.1.jar;C:\Users\Admin\.m2\repository\net\serenity-bdd\serenity-junit\3.2.1\serenity-junit-3.2.1.jar;C:\Users\Admin\.m2\repository\org\jetbrains\kotlin\kotlin-stdlib\1.6.0\kotlin-stdlib-1.6.0.jar;C:\Users\Admin\.m2\repository\org\jetbrains\annotations\13.0\annotations-13.0.jar;C:\Users\Admin\.m2\repository\org\jetbrains\kotlin\kotlin-stdlib-common\1.6.0\kotlin-stdlib-common-1.6.0.jar;C:\Users\Admin\.m2\repository\org\junit\platform\junit-platform-launcher\1.8.1\junit-platform-launcher-1.8.1.jar;C:\Users\Admin\.m2\repository\org\junit\platform\junit-platform-engine\1.8.1\junit-platform-engine-1.8.1.jar;C:\Users\Admin\.m2\repository\org\opentest4j\opentest4j\1.2.0\opentest4j-1.2.0.jar;C:\Users\Admin\.m2\repository\org\junit\platform\junit-platform-commons\1.8.1\junit-platform-commons-1.8.1.jar;C:\Users\Admin\.m2\repository\org\apiguardian\apiguardian-api\1.1.2\apiguardian-api-1.1.2.jar;C:\Users\Admin\.m2\repository\org\junit\jupiter\junit-jupiter-engine\5.8.2\junit-jupiter-engine-5.8.2.jar;C:\Users\Admin\.m2\repository\org\junit\jupiter\junit-jupiter-api\5.8.2\junit-jupiter-api-5.8.2.jar;C:\Users\Admin\.m2\repository\org\junit\vintage\junit-vintage-engine\5.8.2\junit-vintage-engine-5.8.2.jar;C:\Users\Admin\.m2\repository\junit\junit\4.13.2\junit-4.13.2.jar;C:\Users\Admin\.m2\repository\org\hamcrest\hamcrest-core\1.3\hamcrest-core-1.3.jar;C:\Users\Admin\.m2\repository\ch\qos\logback\logback-classic\1.2.10\logback-classic-1.2.10.jar;C:\Users\Admin\.m2\repository\ch\qos\logback\logback-core\1.2.10\logback-core-1.2.10.jar;C:\Users\Admin\.m2\repository\org\slf4j\slf4j-api\1.7.32\slf4j-api-1.7.32.jar;C:\Users\Admin\.m2\repository\org\assertj\assertj-core\3.6.2\assertj-core-3.6.2.jar;"/>
    <property name="java.vm.vendor" value="Oracle Corporation"/>
    <property name="sun.arch.data.model" value="64"/>
    <property name="user.variant" value=""/>
    <property name="java.vendor.url" value="http://java.oracle.com/"/>
    <property name="user.timezone" value="Asia/Bangkok"/>
    <property name="java.vm.specification.version" value="1.8"/>
    <property name="os.name" value="Windows 10"/>
    <property name="user.country" value="US"/>
    <property name="sun.java.launcher" value="SUN_STANDARD"/>
    <property name="sun.boot.library.path" value="C:\Program Files\Java\jdk1.8.0_321\jre\bin"/>
    <property name="sun.java.command" value="C:\Users\Admin\AppData\Local\Temp\surefire5284567387504823100\surefirebooter7701249527119220018.jar C:\Users\Admin\AppData\Local\Temp\surefire5284567387504823100 2022-04-12T18-09-15_045-jvmRun1 surefire3474577259201704054tmp surefire_06662169885119329370tmp"/>
    <property name="surefire.test.class.path" value="D:\kampus merdeka\Intelij\web\target\test-classes;D:\kampus merdeka\Intelij\web\target\web-1.0-SNAPSHOT.jar;C:\Users\Admin\.m2\repository\net\serenity-bdd\serenity-core\3.2.1\serenity-core-3.2.1.jar;C:\Users\Admin\.m2\repository\net\serenity-bdd\serenity-model\3.2.1\serenity-model-3.2.1.jar;C:\Users\Admin\.m2\repository\org\apache\commons\commons-text\1.9\commons-text-1.9.jar;C:\Users\Admin\.m2\repository\commons-net\commons-net\3.8.0\commons-net-3.8.0.jar;C:\Users\Admin\.m2\repository\com\google\guava\guava\31.1-jre\guava-31.1-jre.jar;C:\Users\Admin\.m2\repository\com\google\guava\failureaccess\1.0.1\failureaccess-1.0.1.jar;C:\Users\Admin\.m2\repository\com\google\guava\listenablefuture\9999.0-empty-to-avoid-conflict-with-guava\listenablefuture-9999.0-empty-to-avoid-conflict-with-guava.jar;C:\Users\Admin\.m2\repository\com\google\code\findbugs\jsr305\3.0.2\jsr305-3.0.2.jar;C:\Users\Admin\.m2\repository\org\checkerframework\checker-qual\3.12.0\checker-qual-3.12.0.jar;C:\Users\Admin\.m2\repository\com\google\errorprone\error_prone_annotations\2.11.0\error_prone_annotations-2.11.0.jar;C:\Users\Admin\.m2\repository\com\google\j2objc\j2objc-annotations\1.3\j2objc-annotations-1.3.jar;C:\Users\Admin\.m2\repository\com\google\inject\guice\5.1.0\guice-5.1.0.jar;C:\Users\Admin\.m2\repository\javax\inject\javax.inject\1\javax.inject-1.jar;C:\Users\Admin\.m2\repository\aopalliance\aopalliance\1.0\aopalliance-1.0.jar;C:\Users\Admin\.m2\repository\org\jsoup\jsoup\1.14.3\jsoup-1.14.3.jar;C:\Users\Admin\.m2\repository\com\thoughtworks\xstream\xstream\1.4.19\xstream-1.4.19.jar;C:\Users\Admin\.m2\repository\io\github\x-stream\mxparser\1.2.2\mxparser-1.2.2.jar;C:\Users\Admin\.m2\repository\xmlpull\xmlpull\1.1.3.1\xmlpull-1.1.3.1.jar;C:\Users\Admin\.m2\repository\io\cucumber\cucumber-java\7.2.3\cucumber-java-7.2.3.jar;C:\Users\Admin\.m2\repository\com\typesafe\config\1.4.2\config-1.4.2.jar;C:\Users\Admin\.m2\repository\org\imgscalr\imgscalr-lib\4.2\imgscalr-lib-4.2.jar;C:\Users\Admin\.m2\repository\org\awaitility\awaitility\4.2.0\awaitility-4.2.0.jar;C:\Users\Admin\.m2\repository\org\freemarker\freemarker\2.3.31\freemarker-2.3.31.jar;C:\Users\Admin\.m2\repository\io\github\classgraph\classgraph\4.8.138\classgraph-4.8.138.jar;C:\Users\Admin\.m2\repository\net\sourceforge\jexcelapi\jxl\2.6.12\jxl-2.6.12.jar;C:\Users\Admin\.m2\repository\net\bytebuddy\byte-buddy\1.12.8\byte-buddy-1.12.8.jar;C:\Users\Admin\.m2\repository\net\bytebuddy\byte-buddy-agent\1.12.8\byte-buddy-agent-1.12.8.jar;C:\Users\Admin\.m2\repository\org\objenesis\objenesis\3.1\objenesis-3.1.jar;C:\Users\Admin\.m2\repository\net\serenity-bdd\serenity-reports\3.2.1\serenity-reports-3.2.1.jar;C:\Users\Admin\.m2\repository\net\serenity-bdd\serenity-stats\3.2.1\serenity-stats-3.2.1.jar;C:\Users\Admin\.m2\repository\net\serenity-bdd\serenity-reports-configuration\3.2.1\serenity-reports-configuration-3.2.1.jar;C:\Users\Admin\.m2\repository\com\vladsch\flexmark\flexmark-all\0.34.30\flexmark-all-0.34.30.jar;C:\Users\Admin\.m2\repository\com\vladsch\flexmark\flexmark\0.34.30\flexmark-0.34.30.jar;C:\Users\Admin\.m2\repository\com\vladsch\flexmark\flexmark-ext-abbreviation\0.34.30\flexmark-ext-abbreviation-0.34.30.jar;C:\Users\Admin\.m2\repository\com\vladsch\flexmark\flexmark-ext-admonition\0.34.30\flexmark-ext-admonition-0.34.30.jar;C:\Users\Admin\.m2\repository\com\vladsch\flexmark\flexmark-ext-anchorlink\0.34.30\flexmark-ext-anchorlink-0.34.30.jar;C:\Users\Admin\.m2\repository\com\vladsch\flexmark\flexmark-ext-aside\0.34.30\flexmark-ext-aside-0.34.30.jar;C:\Users\Admin\.m2\repository\com\vladsch\flexmark\flexmark-ext-attributes\0.34.30\flexmark-ext-attributes-0.34.30.jar;C:\Users\Admin\.m2\repository\com\vladsch\flexmark\flexmark-ext-autolink\0.34.30\flexmark-ext-autolink-0.34.30.jar;C:\Users\Admin\.m2\repository\org\nibor\autolink\autolink\0.6.0\autolink-0.6.0.jar;C:\Users\Admin\.m2\repository\com\vladsch\flexmark\flexmark-ext-definition\0.34.30\flexmark-ext-definition-0.34.30.jar;C:\Users\Admin\.m2\repository\com\vladsch\flexmark\flexmark-ext-emoji\0.34.30\flexmark-ext-emoji-0.34.30.jar;C:\Users\Admin\.m2\repository\com\vladsch\flexmark\flexmark-ext-enumerated-reference\0.34.30\flexmark-ext-enumerated-reference-0.34.30.jar;C:\Users\Admin\.m2\repository\com\vladsch\flexmark\flexmark-ext-escaped-character\0.34.30\flexmark-ext-escaped-character-0.34.30.jar;C:\Users\Admin\.m2\repository\com\vladsch\flexmark\flexmark-ext-footnotes\0.34.30\flexmark-ext-footnotes-0.34.30.jar;C:\Users\Admin\.m2\repository\com\vladsch\flexmark\flexmark-ext-gfm-issues\0.34.30\flexmark-ext-gfm-issues-0.34.30.jar;C:\Users\Admin\.m2\repository\com\vladsch\flexmark\flexmark-ext-gfm-strikethrough\0.34.30\flexmark-ext-gfm-strikethrough-0.34.30.jar;C:\Users\Admin\.m2\repository\com\vladsch\flexmark\flexmark-ext-gfm-tables\0.34.30\flexmark-ext-gfm-tables-0.34.30.jar;C:\Users\Admin\.m2\repository\com\vladsch\flexmark\flexmark-ext-gfm-tasklist\0.34.30\flexmark-ext-gfm-tasklist-0.34.30.jar;C:\Users\Admin\.m2\repository\com\vladsch\flexmark\flexmark-ext-gfm-users\0.34.30\flexmark-ext-gfm-users-0.34.30.jar;C:\Users\Admin\.m2\repository\com\vladsch\flexmark\flexmark-ext-gitlab\0.34.30\flexmark-ext-gitlab-0.34.30.jar;C:\Users\Admin\.m2\repository\com\vladsch\flexmark\flexmark-ext-jekyll-front-matter\0.34.30\flexmark-ext-jekyll-front-matter-0.34.30.jar;C:\Users\Admin\.m2\repository\com\vladsch\flexmark\flexmark-ext-jekyll-tag\0.34.30\flexmark-ext-jekyll-tag-0.34.30.jar;C:\Users\Admin\.m2\repository\com\vladsch\flexmark\flexmark-ext-media-tags\0.34.30\flexmark-ext-media-tags-0.34.30.jar;C:\Users\Admin\.m2\repository\com\vladsch\flexmark\flexmark-test-util\0.34.30\flexmark-test-util-0.34.30.jar;C:\Users\Admin\.m2\repository\com\vladsch\flexmark\flexmark-ext-ins\0.34.30\flexmark-ext-ins-0.34.30.jar;C:\Users\Admin\.m2\repository\com\vladsch\flexmark\flexmark-ext-xwiki-macros\0.34.30\flexmark-ext-xwiki-macros-0.34.30.jar;C:\Users\Admin\.m2\repository\com\vladsch\flexmark\flexmark-ext-superscript\0.34.30\flexmark-ext-superscript-0.34.30.jar;C:\Users\Admin\.m2\repository\com\vladsch\flexmark\flexmark-ext-tables\0.34.30\flexmark-ext-tables-0.34.30.jar;C:\Users\Admin\.m2\repository\com\vladsch\flexmark\flexmark-ext-toc\0.34.30\flexmark-ext-toc-0.34.30.jar;C:\Users\Admin\.m2\repository\com\vladsch\flexmark\flexmark-ext-typographic\0.34.30\flexmark-ext-typographic-0.34.30.jar;C:\Users\Admin\.m2\repository\com\vladsch\flexmark\flexmark-ext-wikilink\0.34.30\flexmark-ext-wikilink-0.34.30.jar;C:\Users\Admin\.m2\repository\com\vladsch\flexmark\flexmark-ext-yaml-front-matter\0.34.30\flexmark-ext-yaml-front-matter-0.34.30.jar;C:\Users\Admin\.m2\repository\com\vladsch\flexmark\flexmark-ext-youtube-embedded\0.34.30\flexmark-ext-youtube-embedded-0.34.30.jar;C:\Users\Admin\.m2\repository\com\vladsch\flexmark\flexmark-formatter\0.34.30\flexmark-formatter-0.34.30.jar;C:\Users\Admin\.m2\repository\com\vladsch\flexmark\flexmark-html-parser\0.34.30\flexmark-html-parser-0.34.30.jar;C:\Users\Admin\.m2\repository\com\vladsch\flexmark\flexmark-jira-converter\0.34.30\flexmark-jira-converter-0.34.30.jar;C:\Users\Admin\.m2\repository\com\vladsch\flexmark\flexmark-pdf-converter\0.34.30\flexmark-pdf-converter-0.34.30.jar;C:\Users\Admin\.m2\repository\com\openhtmltopdf\openhtmltopdf-core\0.0.1-RC13\openhtmltopdf-core-0.0.1-RC13.jar;C:\Users\Admin\.m2\repository\com\openhtmltopdf\openhtmltopdf-pdfbox\0.0.1-RC13\openhtmltopdf-pdfbox-0.0.1-RC13.jar;C:\Users\Admin\.m2\repository\org\apache\pdfbox\pdfbox\2.0.8\pdfbox-2.0.8.jar;C:\Users\Admin\.m2\repository\org\apache\pdfbox\fontbox\2.0.8\fontbox-2.0.8.jar;C:\Users\Admin\.m2\repository\commons-logging\commons-logging\1.2\commons-logging-1.2.jar;C:\Users\Admin\.m2\repository\org\apache\pdfbox\xmpbox\2.0.8\xmpbox-2.0.8.jar;C:\Users\Admin\.m2\repository\de\rototor\pdfbox\graphics2d\0.12\graphics2d-0.12.jar;C:\Users\Admin\.m2\repository\com\openhtmltopdf\openhtmltopdf-rtl-support\0.0.1-RC13\openhtmltopdf-rtl-support-0.0.1-RC13.jar;C:\Users\Admin\.m2\repository\com\ibm\icu\icu4j\59.1\icu4j-59.1.jar;C:\Users\Admin\.m2\repository\com\openhtmltopdf\openhtmltopdf-jsoup-dom-converter\0.0.1-RC13\openhtmltopdf-jsoup-dom-converter-0.0.1-RC13.jar;C:\Users\Admin\.m2\repository\com\vladsch\flexmark\flexmark-profile-pegdown\0.34.30\flexmark-profile-pegdown-0.34.30.jar;C:\Users\Admin\.m2\repository\com\vladsch\flexmark\flexmark-util\0.34.30\flexmark-util-0.34.30.jar;C:\Users\Admin\.m2\repository\com\vladsch\flexmark\flexmark-youtrack-converter\0.34.30\flexmark-youtrack-converter-0.34.30.jar;C:\Users\Admin\.m2\repository\es\nitaur\markdown\txtmark\0.16\txtmark-0.16.jar;C:\Users\Admin\.m2\repository\net\serenity-bdd\serenity-report-resources\3.2.1\serenity-report-resources-3.2.1.jar;C:\Users\Admin\.m2\repository\com\google\code\gson\gson\2.9.0\gson-2.9.0.jar;C:\Users\Admin\.m2\repository\com\fasterxml\jackson\core\jackson-core\2.13.2\jackson-core-2.13.2.jar;C:\Users\Admin\.m2\repository\com\fasterxml\jackson\core\jackson-databind\2.13.2\jackson-databind-2.13.2.jar;C:\Users\Admin\.m2\repository\com\fasterxml\jackson\core\jackson-annotations\2.13.2\jackson-annotations-2.13.2.jar;C:\Users\Admin\.m2\repository\commons-codec\commons-codec\1.15\commons-codec-1.15.jar;C:\Users\Admin\.m2\repository\commons-io\commons-io\2.11.0\commons-io-2.11.0.jar;C:\Users\Admin\.m2\repository\org\seleniumhq\selenium\selenium-java\4.1.2\selenium-java-4.1.2.jar;C:\Users\Admin\.m2\repository\org\seleniumhq\selenium\selenium-devtools-v85\4.1.2\selenium-devtools-v85-4.1.2.jar;C:\Users\Admin\.m2\repository\org\seleniumhq\selenium\selenium-devtools-v95\4.1.2\selenium-devtools-v95-4.1.2.jar;C:\Users\Admin\.m2\repository\org\seleniumhq\selenium\selenium-devtools-v96\4.1.2\selenium-devtools-v96-4.1.2.jar;C:\Users\Admin\.m2\repository\org\seleniumhq\selenium\selenium-devtools-v97\4.1.2\selenium-devtools-v97-4.1.2.jar;C:\Users\Admin\.m2\repository\org\seleniumhq\selenium\selenium-firefox-xpi-driver\4.1.2\selenium-firefox-xpi-driver-4.1.2.jar;C:\Users\Admin\.m2\repository\org\seleniumhq\selenium\selenium-opera-driver\4.1.2\selenium-opera-driver-4.1.2.jar;C:\Users\Admin\.m2\repository\org\seleniumhq\selenium\selenium-remote-driver\4.1.2\selenium-remote-driver-4.1.2.jar;C:\Users\Admin\.m2\repository\com\beust\jcommander\1.82\jcommander-1.82.jar;C:\Users\Admin\.m2\repository\io\netty\netty-buffer\4.1.73.Final\netty-buffer-4.1.73.Final.jar;C:\Users\Admin\.m2\repository\io\netty\netty-codec-http\4.1.73.Final\netty-codec-http-4.1.73.Final.jar;C:\Users\Admin\.m2\repository\io\netty\netty-codec\4.1.73.Final\netty-codec-4.1.73.Final.jar;C:\Users\Admin\.m2\repository\io\netty\netty-handler\4.1.73.Final\netty-handler-4.1.73.Final.jar;C:\Users\Admin\.m2\repository\io\netty\netty-tcnative-classes\2.0.46.Final\netty-tcnative-classes-2.0.46.Final.jar;C:\Users\Admin\.m2\repository\io\netty\netty-common\4.1.73.Final\netty-common-4.1.73.Final.jar;C:\Users\Admin\.m2\repository\io\netty\netty-transport-classes-epoll\4.1.73.Final\netty-transport-classes-epoll-4.1.73.Final.jar;C:\Users\Admin\.m2\repository\io\netty\netty-transport-classes-kqueue\4.1.73.Final\netty-transport-classes-kqueue-4.1.73.Final.jar;C:\Users\Admin\.m2\repository\io\netty\netty-transport-native-epoll\4.1.73.Final\netty-transport-native-epoll-4.1.73.Final.jar;C:\Users\Admin\.m2\repository\io\netty\netty-transport-native-kqueue\4.1.73.Final\netty-transport-native-kqueue-4.1.73.Final.jar;C:\Users\Admin\.m2\repository\io\netty\netty-transport-native-unix-common\4.1.73.Final\netty-transport-native-unix-common-4.1.73.Final.jar;C:\Users\Admin\.m2\repository\io\netty\netty-transport\4.1.73.Final\netty-transport-4.1.73.Final.jar;C:\Users\Admin\.m2\repository\io\netty\netty-resolver\4.1.73.Final\netty-resolver-4.1.73.Final.jar;C:\Users\Admin\.m2\repository\io\opentelemetry\opentelemetry-api\1.10.1\opentelemetry-api-1.10.1.jar;C:\Users\Admin\.m2\repository\io\opentelemetry\opentelemetry-context\1.10.1\opentelemetry-context-1.10.1.jar;C:\Users\Admin\.m2\repository\io\opentelemetry\opentelemetry-exporter-logging\1.10.1\opentelemetry-exporter-logging-1.10.1.jar;C:\Users\Admin\.m2\repository\io\opentelemetry\opentelemetry-sdk-metrics\1.10.1-alpha\opentelemetry-sdk-metrics-1.10.1-alpha.jar;C:\Users\Admin\.m2\repository\io\opentelemetry\opentelemetry-sdk-logs\1.10.1-alpha\opentelemetry-sdk-logs-1.10.1-alpha.jar;C:\Users\Admin\.m2\repository\io\opentelemetry\opentelemetry-sdk-common\1.10.1\opentelemetry-sdk-common-1.10.1.jar;C:\Users\Admin\.m2\repository\io\opentelemetry\opentelemetry-sdk-extension-autoconfigure-spi\1.10.1\opentelemetry-sdk-extension-autoconfigure-spi-1.10.1.jar;C:\Users\Admin\.m2\repository\io\opentelemetry\opentelemetry-sdk-extension-autoconfigure\1.10.1-alpha\opentelemetry-sdk-extension-autoconfigure-1.10.1-alpha.jar;C:\Users\Admin\.m2\repository\io\opentelemetry\opentelemetry-sdk-trace\1.10.1\opentelemetry-sdk-trace-1.10.1.jar;C:\Users\Admin\.m2\repository\io\opentelemetry\opentelemetry-sdk\1.10.1\opentelemetry-sdk-1.10.1.jar;C:\Users\Admin\.m2\repository\io\opentelemetry\opentelemetry-semconv\1.10.1-alpha\opentelemetry-semconv-1.10.1-alpha.jar;C:\Users\Admin\.m2\repository\io\ous\jtoml\2.0.0\jtoml-2.0.0.jar;C:\Users\Admin\.m2\repository\org\apache\commons\commons-exec\1.3\commons-exec-1.3.jar;C:\Users\Admin\.m2\repository\org\asynchttpclient\async-http-client\2.12.3\async-http-client-2.12.3.jar;C:\Users\Admin\.m2\repository\org\asynchttpclient\async-http-client-netty-utils\2.12.3\async-http-client-netty-utils-2.12.3.jar;C:\Users\Admin\.m2\repository\io\netty\netty-codec-socks\4.1.60.Final\netty-codec-socks-4.1.60.Final.jar;C:\Users\Admin\.m2\repository\io\netty\netty-handler-proxy\4.1.60.Final\netty-handler-proxy-4.1.60.Final.jar;C:\Users\Admin\.m2\repository\io\netty\netty-transport-native-epoll\4.1.60.Final\netty-transport-native-epoll-4.1.60.Final-linux-x86_64.jar;C:\Users\Admin\.m2\repository\io\netty\netty-transport-native-kqueue\4.1.60.Final\netty-transport-native-kqueue-4.1.60.Final-osx-x86_64.jar;C:\Users\Admin\.m2\repository\org\reactivestreams\reactive-streams\1.0.3\reactive-streams-1.0.3.jar;C:\Users\Admin\.m2\repository\com\typesafe\netty\netty-reactive-streams\2.0.4\netty-reactive-streams-2.0.4.jar;C:\Users\Admin\.m2\repository\org\seleniumhq\selenium\selenium-http\4.1.2\selenium-http-4.1.2.jar;C:\Users\Admin\.m2\repository\net\jodah\failsafe\2.4.4\failsafe-2.4.4.jar;C:\Users\Admin\.m2\repository\org\seleniumhq\selenium\selenium-safari-driver\4.1.2\selenium-safari-driver-4.1.2.jar;C:\Users\Admin\.m2\repository\org\seleniumhq\selenium\selenium-api\4.1.2\selenium-api-4.1.2.jar;C:\Users\Admin\.m2\repository\org\seleniumhq\selenium\selenium-support\4.1.2\selenium-support-4.1.2.jar;C:\Users\Admin\.m2\repository\com\google\auto\service\auto-service-annotations\1.0.1\auto-service-annotations-1.0.1.jar;C:\Users\Admin\.m2\repository\com\google\auto\service\auto-service\1.0.1\auto-service-1.0.1.jar;C:\Users\Admin\.m2\repository\com\google\auto\auto-common\1.2\auto-common-1.2.jar;C:\Users\Admin\.m2\repository\org\seleniumhq\selenium\selenium-json\4.1.2\selenium-json-4.1.2.jar;C:\Users\Admin\.m2\repository\org\seleniumhq\selenium\selenium-chrome-driver\4.1.2\selenium-chrome-driver-4.1.2.jar;C:\Users\Admin\.m2\repository\org\seleniumhq\selenium\selenium-chromium-driver\4.1.2\selenium-chromium-driver-4.1.2.jar;C:\Users\Admin\.m2\repository\org\seleniumhq\selenium\selenium-firefox-driver\4.1.2\selenium-firefox-driver-4.1.2.jar;C:\Users\Admin\.m2\repository\org\seleniumhq\selenium\selenium-edge-driver\4.1.2\selenium-edge-driver-4.1.2.jar;C:\Users\Admin\.m2\repository\org\seleniumhq\selenium\selenium-ie-driver\4.1.2\selenium-ie-driver-4.1.2.jar;C:\Users\Admin\.m2\repository\org\projectlombok\lombok\1.18.20\lombok-1.18.20.jar;C:\Users\Admin\.m2\repository\io\appium\java-client\8.0.0\java-client-8.0.0.jar;C:\Users\Admin\.m2\repository\commons-validator\commons-validator\1.7\commons-validator-1.7.jar;C:\Users\Admin\.m2\repository\commons-digester\commons-digester\2.1\commons-digester-2.1.jar;C:\Users\Admin\.m2\repository\org\aspectj\aspectjweaver\1.9.8\aspectjweaver-1.9.8.jar;C:\Users\Admin\.m2\repository\org\codehaus\groovy\groovy\3.0.10\groovy-3.0.10.jar;C:\Users\Admin\.m2\repository\net\sf\opencsv\opencsv\2.0\opencsv-2.0.jar;C:\Users\Admin\.m2\repository\commons-beanutils\commons-beanutils\1.9.4\commons-beanutils-1.9.4.jar;C:\Users\Admin\.m2\repository\org\apache\commons\commons-lang3\3.12.0\commons-lang3-3.12.0.jar;C:\Users\Admin\.m2\repository\commons-collections\commons-collections\3.2.2\commons-collections-3.2.2.jar;C:\Users\Admin\.m2\repository\org\fluentlenium\fluentlenium-core\0.10.2\fluentlenium-core-0.10.2.jar;C:\Users\Admin\.m2\repository\io\github\bonigarcia\webdrivermanager\5.1.0\webdrivermanager-5.1.0.jar;C:\Users\Admin\.m2\repository\com\github\docker-java\docker-java\3.2.13\docker-java-3.2.13.jar;C:\Users\Admin\.m2\repository\com\github\docker-java\docker-java-core\3.2.13\docker-java-core-3.2.13.jar;C:\Users\Admin\.m2\repository\com\github\docker-java\docker-java-api\3.2.13\docker-java-api-3.2.13.jar;C:\Users\Admin\.m2\repository\org\apache\commons\commons-compress\1.21\commons-compress-1.21.jar;C:\Users\Admin\.m2\repository\org\bouncycastle\bcpkix-jdk15on\1.64\bcpkix-jdk15on-1.64.jar;C:\Users\Admin\.m2\repository\org\bouncycastle\bcprov-jdk15on\1.64\bcprov-jdk15on-1.64.jar;C:\Users\Admin\.m2\repository\org\slf4j\jcl-over-slf4j\1.7.30\jcl-over-slf4j-1.7.30.jar;C:\Users\Admin\.m2\repository\com\github\docker-java\docker-java-transport-httpclient5\3.2.13\docker-java-transport-httpclient5-3.2.13.jar;C:\Users\Admin\.m2\repository\com\github\docker-java\docker-java-transport\3.2.13\docker-java-transport-3.2.13.jar;C:\Users\Admin\.m2\repository\org\apache\httpcomponents\client5\httpclient5\5.0.3\httpclient5-5.0.3.jar;C:\Users\Admin\.m2\repository\org\apache\httpcomponents\core5\httpcore5\5.0.2\httpcore5-5.0.2.jar;C:\Users\Admin\.m2\repository\net\java\dev\jna\jna\5.8.0\jna-5.8.0.jar;C:\Users\Admin\.m2\repository\org\brotli\dec\0.1.2\dec-0.1.2.jar;C:\Users\Admin\.m2\repository\com\jhlabs\filters\2.0.235\filters-2.0.235.jar;C:\Users\Admin\.m2\repository\com\paulhammant\ngwebdriver\1.1.6\ngwebdriver-1.1.6.jar;C:\Users\Admin\.m2\repository\joda-time\joda-time\2.8.2\joda-time-2.8.2.jar;C:\Users\Admin\.m2\repository\org\hamcrest\hamcrest\2.2\hamcrest-2.2.jar;C:\Users\Admin\.m2\repository\com\google\jimfs\jimfs\1.2\jimfs-1.2.jar;C:\Users\Admin\.m2\repository\org\mockito\mockito-core\3.3.3\mockito-core-3.3.3.jar;C:\Users\Admin\.m2\repository\javax\xml\bind\jaxb-api\2.3.1\jaxb-api-2.3.1.jar;C:\Users\Admin\.m2\repository\javax\activation\javax.activation-api\1.2.0\javax.activation-api-1.2.0.jar;C:\Users\Admin\.m2\repository\com\sun\xml\bind\jaxb-core\2.3.0.1\jaxb-core-2.3.0.1.jar;C:\Users\Admin\.m2\repository\com\sun\xml\bind\jaxb-impl\2.3.3\jaxb-impl-2.3.3.jar;C:\Users\Admin\.m2\repository\jakarta\xml\bind\jakarta.xml.bind-api\2.3.3\jakarta.xml.bind-api-2.3.3.jar;C:\Users\Admin\.m2\repository\com\sun\activation\jakarta.activation\1.2.2\jakarta.activation-1.2.2.jar;C:\Users\Admin\.m2\repository\javax\activation\activation\1.1.1\activation-1.1.1.jar;C:\Users\Admin\.m2\repository\net\serenity-bdd\serenity-cucumber\3.2.1\serenity-cucumber-3.2.1.jar;C:\Users\Admin\.m2\repository\io\cucumber\cucumber-core\7.2.3\cucumber-core-7.2.3.jar;C:\Users\Admin\.m2\repository\io\cucumber\cucumber-gherkin\7.2.3\cucumber-gherkin-7.2.3.jar;C:\Users\Admin\.m2\repository\io\cucumber\cucumber-gherkin-messages\7.2.3\cucumber-gherkin-messages-7.2.3.jar;C:\Users\Admin\.m2\repository\io\cucumber\messages\17.1.1\messages-17.1.1.jar;C:\Users\Admin\.m2\repository\io\cucumber\tag-expressions\4.1.0\tag-expressions-4.1.0.jar;C:\Users\Admin\.m2\repository\io\cucumber\cucumber-expressions\15.0.1\cucumber-expressions-15.0.1.jar;C:\Users\Admin\.m2\repository\io\cucumber\datatable\7.2.3\datatable-7.2.3.jar;C:\Users\Admin\.m2\repository\io\cucumber\cucumber-plugin\7.2.3\cucumber-plugin-7.2.3.jar;C:\Users\Admin\.m2\repository\io\cucumber\docstring\7.2.3\docstring-7.2.3.jar;C:\Users\Admin\.m2\repository\io\cucumber\html-formatter\17.0.0\html-formatter-17.0.0.jar;C:\Users\Admin\.m2\repository\io\cucumber\ci-environment\8.1.0\ci-environment-8.1.0.jar;C:\Users\Admin\.m2\repository\io\cucumber\cucumber-junit\7.2.3\cucumber-junit-7.2.3.jar;C:\Users\Admin\.m2\repository\org\apache\commons\commons-csv\1.5\commons-csv-1.5.jar;C:\Users\Admin\.m2\repository\net\serenity-bdd\serenity-screenplay\3.2.1\serenity-screenplay-3.2.1.jar;C:\Users\Admin\.m2\repository\net\serenity-bdd\serenity-screenplay-webdriver\3.2.1\serenity-screenplay-webdriver-3.2.1.jar;C:\Users\Admin\.m2\repository\net\serenity-bdd\serenity-ensure\3.2.1\serenity-ensure-3.2.1.jar;C:\Users\Admin\.m2\repository\net\serenity-bdd\serenity-junit\3.2.1\serenity-junit-3.2.1.jar;C:\Users\Admin\.m2\repository\org\jetbrains\kotlin\kotlin-stdlib\1.6.0\kotlin-stdlib-1.6.0.jar;C:\Users\Admin\.m2\repository\org\jetbrains\annotations\13.0\annotations-13.0.jar;C:\Users\Admin\.m2\repository\org\jetbrains\kotlin\kotlin-stdlib-common\1.6.0\kotlin-stdlib-common-1.6.0.jar;C:\Users\Admin\.m2\repository\org\junit\platform\junit-platform-launcher\1.8.1\junit-platform-launcher-1.8.1.jar;C:\Users\Admin\.m2\repository\org\junit\platform\junit-platform-engine\1.8.1\junit-platform-engine-1.8.1.jar;C:\Users\Admin\.m2\repository\org\opentest4j\opentest4j\1.2.0\opentest4j-1.2.0.jar;C:\Users\Admin\.m2\repository\org\junit\platform\junit-platform-commons\1.8.1\junit-platform-commons-1.8.1.jar;C:\Users\Admin\.m2\repository\org\apiguardian\apiguardian-api\1.1.2\apiguardian-api-1.1.2.jar;C:\Users\Admin\.m2\repository\org\junit\jupiter\junit-jupiter-engine\5.8.2\junit-jupiter-engine-5.8.2.jar;C:\Users\Admin\.m2\repository\org\junit\jupiter\junit-jupiter-api\5.8.2\junit-jupiter-api-5.8.2.jar;C:\Users\Admin\.m2\repository\org\junit\vintage\junit-vintage-engine\5.8.2\junit-vintage-engine-5.8.2.jar;C:\Users\Admin\.m2\repository\junit\junit\4.13.2\junit-4.13.2.jar;C:\Users\Admin\.m2\repository\org\hamcrest\hamcrest-core\1.3\hamcrest-core-1.3.jar;C:\Users\Admin\.m2\repository\ch\qos\logback\logback-classic\1.2.10\logback-classic-1.2.10.jar;C:\Users\Admin\.m2\repository\ch\qos\logback\logback-core\1.2.10\logback-core-1.2.10.jar;C:\Users\Admin\.m2\repository\org\slf4j\slf4j-api\1.7.32\slf4j-api-1.7.32.jar;C:\Users\Admin\.m2\repository\org\assertj\assertj-core\3.6.2\assertj-core-3.6.2.jar;"/>
    <property name="sun.cpu.endian" value="little"/>
    <property name="user.home" value="C:\Users\Admin"/>
    <property name="user.language" value="en"/>
    <property name="java.specification.vendor" value="Oracle Corporation"/>
    <property name="java.home" value="C:\Program Files\Java\jdk1.8.0_321\jre"/>
    <property name="basedir" value="D:\kampus merdeka\Intelij\web"/>
    <property name="file.separator" value="\"/>
    <property name="line.separator" value="&#10;"/>
    <property name="java.vm.specification.vendor" value="Oracle Corporation"/>
    <property name="java.specification.name" value="Java Platform API Specification"/>
    <property name="java.awt.graphicsenv" value="sun.awt.Win32GraphicsEnvironment"/>
    <property name="surefire.real.class.path" value="C:\Users\Admin\AppData\Local\Temp\surefire5284567387504823100\surefirebooter7701249527119220018.jar"/>
    <property name="sun.boot.class.path" value="C:\Program Files\Java\jdk1.8.0_321\jre\lib\resources.jar;C:\Program Files\Java\jdk1.8.0_321\jre\lib\rt.jar;C:\Program Files\Java\jdk1.8.0_321\jre\lib\sunrsasign.jar;C:\Program Files\Java\jdk1.8.0_321\jre\lib\jsse.jar;C:\Program Files\Java\jdk1.8.0_321\jre\lib\jce.jar;C:\Program Files\Java\jdk1.8.0_321\jre\lib\charsets.jar;C:\Program Files\Java\jdk1.8.0_321\jre\lib\jfr.jar;C:\Program Files\Java\jdk1.8.0_321\jre\classes"/>
    <property name="user.script" value=""/>
    <property name="java.protocol.handler.pkgs" value="com.google.common"/>
    <property name="sun.management.compiler" value="HotSpot 64-Bit Tiered Compilers"/>
    <property name="java.runtime.version" value="1.8.0_321-b07"/>
    <property name="user.name" value="Admin"/>
    <property name="path.separator" value=";"/>
    <property name="os.version" value="10.0"/>
    <property name="java.endorsed.dirs" value="C:\Program Files\Java\jdk1.8.0_321\jre\lib\endorsed"/>
    <property name="java.runtime.name" value="Java(TM) SE Runtime Environment"/>
    <property name="file.encoding" value="Cp1252"/>
    <property name="webdriver.base.url" value=""/>
    <property name="java.vm.name" value="Java HotSpot(TM) 64-Bit Server VM"/>
    <property name="localRepository" value="C:\Users\Admin\.m2\repository"/>
    <property name="java.vendor.url.bug" value="http://bugreport.sun.com/bugreport/"/>
    <property name="java.io.tmpdir" value="C:\Users\Admin\AppData\Local\Temp\"/>
    <property name="java.version" value="1.8.0_321"/>
    <property name="user.dir" value="D:\kampus merdeka\Intelij\web"/>
    <property name="os.arch" value="amd64"/>
    <property name="java.vm.specification.name" value="Java Virtual Machine Specification"/>
    <property name="java.awt.printerjob" value="sun.awt.windows.WPrinterJob"/>
    <property name="sun.os.patch.level" value=""/>
    <property name="java.library.path" value="C:\Program Files\Java\jdk1.8.0_321\jre\bin;C:\Windows\Sun\Java\bin;C:\Windows\system32;C:\Windows;C:\Program Files (x86)\Common Files\Oracle\Java\javapath;C:\Windows\system32;C:\Windows;C:\Windows\System32\Wbem;C:\Windows\System32\WindowsPowerShell\v1.0\;C:\Windows\System32\OpenSSH\;C:\Program Files\MATLAB\R2016a\runtime\win64;C:\Program Files\MATLAB\R2016a\bin;C:\Program Files\MATLAB\R2016a\polyspace\bin;C:\Program Files\Git\cmd;C:\Program Files\Git\mingw64\bin;C:\Program Files\Git\usr\bin;C:\Program Files (x86)\dotnet\;C:\OPT\apache-maven-3.8.5\bin;%M2_HOME%\bin;D:\Program Files\;C:\Users\Admin\AppData\Local\Android\Sdk\platform-tools;%ANDROID_HOME%;C:\Users\Admin\AppData\Local\Microsoft\WindowsApps;;C:\Users\Admin\AppData\Local\Programs\Microsoft VS Code\bin;C:\Users\Admin\AppData\Roaming\npm;."/>
    <property name="java.vm.info" value="mixed mode"/>
    <property name="java.vendor" value="Oracle Corporation"/>
    <property name="java.vm.version" value="25.321-b07"/>
    <property name="java.ext.dirs" value="C:\Program Files\Java\jdk1.8.0_321\jre\lib\ext;C:\Windows\Sun\Java\lib\ext"/>
    <property name="sun.io.unicode.encoding" value="UnicodeLittle"/>
    <property name="java.class.version" value="52.0"/>
  </properties>
  <testcase name="As user i have be able to see bookstore page" classname="As a user I want to visit bookstore So that i can see existing book in store" time="24.512">
    <system-out><![CDATA[18:09:19.746 [main] INFO io.cucumber.core.plugin.SerenityReporter - Running feature from file:///D:/kampus%20merdeka/Intelij/web/src/test/resources/features/Bookstore.feature
18:09:20.098 [main] INFO  - 

-------------------------------------------------------------------------------------
     _______. _______ .______       _______ .__   __.  __  .___________.____    ____ 
    /       ||   ____||   _  \     |   ____||  \ |  | |  | |           |\   \  /   / 
   |   (----`|  |__   |  |_)  |    |  |__   |   \|  | |  | `---|  |----` \   \/   /  
    \   \    |   __|  |      /     |   __|  |  . `  | |  |     |  |       \_    _/   
.----)   |   |  |____ |  |\  \----.|  |____ |  |\   | |  |     |  |         |  |     
|_______/    |_______|| _| `._____||_______||__| \__| |__|     |__|         |__|    
                                                                                     
 News and tutorials at http://www.serenity-bdd.info                                  
 Documentation at https://wakaleo.gitbooks.io/the-serenity-book/content/             
 Join the Serenity Community on Gitter: https://gitter.im/serenity-bdd/serenity-core 
 Serenity BDD Support and Training at http://serenity-bdd.info/#/trainingandsupport  
-------------------------------------------------------------------------------------

18:09:20.103 [main] DEBUG net.thucydides.core.steps.StepEventBus - Test suite started for story net.thucydides.core.model.Story@73942bea
18:09:20.107 [main] INFO  - Test Suite Started: As a user I want to visit bookstore So that i can see existing book in store
18:09:20.179 [main] INFO io.cucumber.core.plugin.SerenityReporter - Running feature from file:///D:/kampus%20merdeka/Intelij/web/src/test/resources/features/Login.feature
18:09:20.187 [main] DEBUG net.thucydides.core.steps.StepEventBus - Test suite started for story net.thucydides.core.model.Story@219ce80
18:09:20.187 [main] INFO  - Test Suite Started: As user I want see home page So that i can buy books
18:09:20.188 [main] INFO io.cucumber.core.plugin.SerenityReporter - Running feature from file:///D:/kampus%20merdeka/Intelij/web/src/test/resources/features/Bookstore.feature
18:09:20.191 [main] DEBUG net.thucydides.core.steps.StepEventBus - Test suite started for story net.thucydides.core.model.Story@73942bea
18:09:20.192 [main] INFO  - Test Suite Started: As a user I want to visit bookstore So that i can see existing book in store

Scenario: As user i have be able to see bookstore page &amp#27;[90m# src/test/resources/features/Bookstore.feature:7&amp#27;[0m
18:09:20.375 [main] INFO io.cucumber.core.plugin.SerenityReporter - Running feature from file:///D:/kampus%20merdeka/Intelij/web/src/test/resources/features/Bookstore.feature
18:09:20.567 [main] INFO  - 
  _____   ___   ___   _____     ___   _____     _     ___   _____   ___   ___  
 |_   _| | __| / __| |_   _|   / __| |_   _|   /_\   | _ \ |_   _| | __| |   \ 
   | |   | _|  \__ \   | |     \__ \   | |    / _ \  |   /   | |   | _|  | |) |
   |_|   |___| |___/   |_|     |___/   |_|   /_/ \_\ |_|_\   |_|   |___| |___/ 

As user i have be able to see bookstore page(as-a-user-i-want-to-visit-bookstore-so-that-i-can-see-existing-book-in-store;as-user-i-have-be-able-to-see-bookstore-page)
--------------------------------------------------------------------------------
18:09:22.104 [main] DEBUG net.thucydides.core.steps.StepInterceptor - STARTING STEP: BookstoreSteps.onBookstorePage - openPage
18:09:22.194 [main] INFO net.serenitybdd.core.webdriver.driverproviders.ChromeDriverProvider - Using automatically driver download
18:09:23.829 [main] DEBUG io.github.bonigarcia.wdm.cache.ResolutionCache - Resolution chrome=100 in cache (valid until 19:03:08 12/04/2022 ICT)
18:09:23.837 [main] DEBUG io.github.bonigarcia.wdm.cache.ResolutionCache - Resolution chrome100=100.0.4896.60 in cache (valid until 16:43:36 13/04/2022 ICT)
18:09:23.841 [main] INFO io.github.bonigarcia.wdm.WebDriverManager - Using chromedriver 100.0.4896.60 (resolved driver for Chrome 100)
18:09:23.873 [main] DEBUG io.github.bonigarcia.wdm.WebDriverManager - Driver chromedriver 100.0.4896.60 found in cache
18:09:23.875 [main] INFO io.github.bonigarcia.wdm.WebDriverManager - Exporting webdriver.chrome.driver as C:\Users\Admin\.cache\selenium\chromedriver\win32\100.0.4896.60\chromedriver.exe
18:09:24.085 [main] DEBUG net.thucydides.core.reflection.ClassFinder - Could not load class .starter.CucumberTestSuite
18:09:24.085 [main] DEBUG net.thucydides.core.reflection.ClassFinder - Could not load class .starter.pages.BookstorePage
18:09:24.086 [main] DEBUG net.thucydides.core.reflection.ClassFinder - Could not load class .starter.pages.HomePage
18:09:24.086 [main] DEBUG net.thucydides.core.reflection.ClassFinder - Could not load class .starter.pages.LoginPage
18:09:24.086 [main] DEBUG net.thucydides.core.reflection.ClassFinder - Could not load class .starter.stepdefenitions.BookstoreSteps
18:09:24.086 [main] DEBUG net.thucydides.core.reflection.ClassFinder - Could not load class .starter.stepdefenitions.LoginSteps
18:09:24.238 [main] DEBUG net.serenitybdd.core.webdriver.driverproviders.ProvideNewDriver - Instantiating driver
18:09:24.238 [main] DEBUG net.serenitybdd.core.webdriver.driverproviders.ProvideNewDriver - Driver capabilities: Capabilities {acceptInsecureCerts: false, base.url: https://demoqa.com/, browserName: chrome, chrome.driver: src/test/resources/webdrive..., driver: chrome, goog:chromeOptions: {args: [], extensions: []}}
18:09:24.381 [main] DEBUG io.netty.util.internal.logging.InternalLoggerFactory - Using SLF4J as the default logging framework
18:09:24.387 [main] DEBUG io.netty.util.ResourceLeakDetector - -Dio.netty.leakDetection.level: simple
18:09:24.388 [main] DEBUG io.netty.util.ResourceLeakDetector - -Dio.netty.leakDetection.targetRecords: 4
18:09:24.396 [main] DEBUG io.netty.util.ResourceLeakDetectorFactory - Loaded default ResourceLeakDetector: io.netty.util.ResourceLeakDetector@7f5fcfe9
18:09:24.433 [main] DEBUG io.netty.util.internal.PlatformDependent0 - -Dio.netty.noUnsafe: false
18:09:24.433 [main] DEBUG io.netty.util.internal.PlatformDependent0 - Java version: 8
18:09:24.435 [main] DEBUG io.netty.util.internal.PlatformDependent0 - sun.misc.Unsafe.theUnsafe: available
18:09:24.435 [main] DEBUG io.netty.util.internal.PlatformDependent0 - sun.misc.Unsafe.copyMemory: available
18:09:24.436 [main] DEBUG io.netty.util.internal.PlatformDependent0 - java.nio.Buffer.address: available
18:09:24.437 [main] DEBUG io.netty.util.internal.PlatformDependent0 - direct buffer constructor: available
18:09:24.438 [main] DEBUG io.netty.util.internal.PlatformDependent0 - java.nio.Bits.unaligned: available, true
18:09:24.438 [main] DEBUG io.netty.util.internal.PlatformDependent0 - jdk.internal.misc.Unsafe.allocateUninitializedArray(int): unavailable prior to Java9
18:09:24.438 [main] DEBUG io.netty.util.internal.PlatformDependent0 - java.nio.DirectByteBuffer.<init>(long, int): available
18:09:24.439 [main] DEBUG io.netty.util.internal.PlatformDependent - sun.misc.Unsafe: available
18:09:24.439 [main] DEBUG io.netty.util.internal.PlatformDependent - -Dio.netty.tmpdir: C:\Users\Admin\AppData\Local\Temp (java.io.tmpdir)
18:09:24.440 [main] DEBUG io.netty.util.internal.PlatformDependent - -Dio.netty.bitMode: 64 (sun.arch.data.model)
18:09:24.440 [main] DEBUG io.netty.util.internal.PlatformDependent - Platform: Windows
18:09:24.441 [main] DEBUG io.netty.util.internal.PlatformDependent - -Dio.netty.maxDirectMemory: 928514048 bytes
18:09:24.441 [main] DEBUG io.netty.util.internal.PlatformDependent - -Dio.netty.uninitializedArrayAllocationThreshold: -1
18:09:24.442 [main] DEBUG io.netty.util.internal.CleanerJava6 - java.nio.ByteBuffer.cleaner(): available
18:09:24.442 [main] DEBUG io.netty.util.internal.PlatformDependent - -Dio.netty.noPreferDirect: false
18:09:24.455 [main] DEBUG io.netty.util.internal.PlatformDependent - org.jctools-core.MpscChunkedArrayQueue: available
18:09:24.495 [main] DEBUG io.netty.util.internal.InternalThreadLocalMap - -Dio.netty.threadLocalMap.stringBuilder.initialSize: 1024
18:09:24.495 [main] DEBUG io.netty.util.internal.InternalThreadLocalMap - -Dio.netty.threadLocalMap.stringBuilder.maxSize: 4096
18:09:24.572 [main] DEBUG io.netty.handler.ssl.JdkSslContext - Default protocols (JDK): [TLSv1.2] 
18:09:24.572 [main] DEBUG io.netty.handler.ssl.JdkSslContext - Default cipher suites (JDK): [TLS_ECDHE_ECDSA_WITH_AES_256_GCM_SHA384, TLS_ECDHE_ECDSA_WITH_AES_128_GCM_SHA256, TLS_ECDHE_RSA_WITH_AES_128_GCM_SHA256, TLS_ECDHE_RSA_WITH_AES_256_GCM_SHA384, TLS_ECDHE_RSA_WITH_AES_128_CBC_SHA, TLS_ECDHE_RSA_WITH_AES_256_CBC_SHA, TLS_RSA_WITH_AES_128_GCM_SHA256, TLS_RSA_WITH_AES_128_CBC_SHA, TLS_RSA_WITH_AES_256_CBC_SHA, TLS_AES_128_GCM_SHA256, TLS_AES_256_GCM_SHA384]
18:09:24.630 [main] DEBUG io.netty.channel.MultithreadEventLoopGroup - -Dio.netty.eventLoopThreads: 8
18:09:24.648 [main] DEBUG io.netty.channel.nio.NioEventLoop - -Dio.netty.noKeySetOptimization: false
18:09:24.648 [main] DEBUG io.netty.channel.nio.NioEventLoop - -Dio.netty.selectorAutoRebuildThreshold: 512
18:09:24.720 [main] DEBUG io.netty.buffer.PooledByteBufAllocator - -Dio.netty.allocator.numHeapArenas: 8
18:09:24.720 [main] DEBUG io.netty.buffer.PooledByteBufAllocator - -Dio.netty.allocator.numDirectArenas: 8
18:09:24.720 [main] DEBUG io.netty.buffer.PooledByteBufAllocator - -Dio.netty.allocator.pageSize: 8192
18:09:24.720 [main] DEBUG io.netty.buffer.PooledByteBufAllocator - -Dio.netty.allocator.maxOrder: 11
18:09:24.720 [main] DEBUG io.netty.buffer.PooledByteBufAllocator - -Dio.netty.allocator.chunkSize: 16777216
18:09:24.720 [main] DEBUG io.netty.buffer.PooledByteBufAllocator - -Dio.netty.allocator.smallCacheSize: 256
18:09:24.720 [main] DEBUG io.netty.buffer.PooledByteBufAllocator - -Dio.netty.allocator.normalCacheSize: 64
18:09:24.720 [main] DEBUG io.netty.buffer.PooledByteBufAllocator - -Dio.netty.allocator.maxCachedBufferCapacity: 32768
18:09:24.721 [main] DEBUG io.netty.buffer.PooledByteBufAllocator - -Dio.netty.allocator.cacheTrimInterval: 8192
18:09:24.721 [main] DEBUG io.netty.buffer.PooledByteBufAllocator - -Dio.netty.allocator.cacheTrimIntervalMillis: 0
18:09:24.721 [main] DEBUG io.netty.buffer.PooledByteBufAllocator - -Dio.netty.allocator.useCacheForAllThreads: true
18:09:24.721 [main] DEBUG io.netty.buffer.PooledByteBufAllocator - -Dio.netty.allocator.maxCachedByteBuffersPerChunk: 1023
18:09:24.743 [main] DEBUG io.netty.buffer.ByteBufUtil - -Dio.netty.allocator.type: pooled
18:09:24.743 [main] DEBUG io.netty.buffer.ByteBufUtil - -Dio.netty.threadLocalDirectBufferSize: 0
18:09:24.743 [main] DEBUG io.netty.buffer.ByteBufUtil - -Dio.netty.maxThreadLocalCharBufferSize: 16384
18:09:25.756 [Forwarding newSession on session null to remote] DEBUG io.netty.channel.DefaultChannelId - -Dio.netty.processId: 15836 (auto-detected)
18:09:25.761 [Forwarding newSession on session null to remote] DEBUG io.netty.util.NetUtil - -Djava.net.preferIPv4Stack: false
18:09:25.761 [Forwarding newSession on session null to remote] DEBUG io.netty.util.NetUtil - -Djava.net.preferIPv6Addresses: false
18:09:25.978 [Forwarding newSession on session null to remote] DEBUG io.netty.util.NetUtilInitializations - Loopback interface: lo (Software Loopback Interface 1, 127.0.0.1)
18:09:25.980 [Forwarding newSession on session null to remote] DEBUG io.netty.util.NetUtil - Failed to get SOMAXCONN from sysctl and file \proc\sys\net\core\somaxconn. Default: 200
18:09:26.156 [Forwarding newSession on session null to remote] DEBUG io.netty.channel.DefaultChannelId - -Dio.netty.machineId: 3c:97:0e:ff:fe:20:69:b3 (auto-detected)
18:09:26.244 [AsyncHttpClient-1-2] DEBUG io.netty.buffer.AbstractByteBuf - -Dio.netty.buffer.checkAccessible: true
18:09:26.244 [AsyncHttpClient-1-2] DEBUG io.netty.buffer.AbstractByteBuf - -Dio.netty.buffer.checkBounds: true
18:09:26.244 [AsyncHttpClient-1-2] DEBUG io.netty.util.ResourceLeakDetectorFactory - Loaded default ResourceLeakDetector: io.netty.util.ResourceLeakDetector@3d00dc71
18:09:26.267 [AsyncHttpClient-1-2] DEBUG org.asynchttpclient.netty.channel.NettyConnectListener - Using new Channel '[id: 0x41a21553, L:/127.0.0.1:65070 - R:localhost/127.0.0.1:60468]' for 'POST' to '/session'
18:09:26.296 [AsyncHttpClient-1-2] DEBUG io.netty.util.Recycler - -Dio.netty.recycler.maxCapacityPerThread: 4096
18:09:26.296 [AsyncHttpClient-1-2] DEBUG io.netty.util.Recycler - -Dio.netty.recycler.ratio: 8
18:09:26.296 [AsyncHttpClient-1-2] DEBUG io.netty.util.Recycler - -Dio.netty.recycler.chunkSize: 32
18:09:26.297 [AsyncHttpClient-1-2] DEBUG io.netty.util.Recycler - -Dio.netty.recycler.blocking: false
18:09:30.086 [AsyncHttpClient-1-2] DEBUG io.netty.handler.codec.compression.Brotli - brotli4j not in the classpath; Brotli support will be unavailable.
18:09:30.086 [AsyncHttpClient-1-2] DEBUG org.asynchttpclient.netty.handler.HttpHandler - 

Request DefaultHttpRequest(decodeResult: success, version: HTTP/1.1)
POST /session HTTP/1.1
User-Agent: selenium/4.1.2 (java windows)
Content-Length: 605
Content-Type: application/json; charset=utf-8
host: localhost:60468
accept: */*

Response DefaultHttpResponse(decodeResult: success, version: HTTP/1.1)
HTTP/1.1 200 OK
Content-Type: application/json; charset=utf-8
cache-control: no-cache
content-length: 789

18:09:30.108 [AsyncHttpClient-1-2] DEBUG org.asynchttpclient.netty.channel.ChannelManager - Adding key: http://localhost:60468 for channel [id: 0x41a21553, L:/127.0.0.1:65070 - R:localhost/127.0.0.1:60468]
18:09:30.328 [AsyncHttpClient-1-3] DEBUG org.asynchttpclient.netty.channel.NettyConnectListener - Using new Channel '[id: 0x84fe9517, L:/127.0.0.1:65080 - R:localhost/127.0.0.1:65072]' for 'GET' to '/json/version'
18:09:30.332 [AsyncHttpClient-1-3] DEBUG org.asynchttpclient.netty.handler.HttpHandler - 

Request DefaultFullHttpRequest(decodeResult: success, version: HTTP/1.1, content: EmptyByteBufBE)
GET /json/version HTTP/1.1
User-Agent: selenium/4.1.2 (java windows)
host: localhost:65072
accept: */*

Response DefaultHttpResponse(decodeResult: success, version: HTTP/1.1)
HTTP/1.1 200 OK
Content-Type: application/json; charset=UTF-8
content-length: 426

18:09:30.332 [AsyncHttpClient-1-3] DEBUG org.asynchttpclient.netty.channel.ChannelManager - Adding key: http://localhost:65072 for channel [id: 0x84fe9517, L:/127.0.0.1:65080 - R:localhost/127.0.0.1:65072]
18:09:30.350 [main] DEBUG io.netty.util.internal.ThreadLocalRandom - -Dio.netty.initialSeedUniquifier: 0x847231445c75f1b2
18:09:30.361 [AsyncHttpClient-1-4] DEBUG org.asynchttpclient.netty.channel.NettyConnectListener - Using new Channel '[id: 0xe1d6f122, L:/127.0.0.1:65081 - R:localhost/127.0.0.1:65072]' for 'GET' to '/devtools/browser/50c1488b-89e9-402f-83dd-98b5054d0b13'
18:09:30.364 [AsyncHttpClient-1-4] DEBUG org.asynchttpclient.netty.handler.WebSocketHandler - 

Request DefaultFullHttpRequest(decodeResult: success, version: HTTP/1.1, content: EmptyByteBufBE)
GET /devtools/browser/50c1488b-89e9-402f-83dd-98b5054d0b13 HTTP/1.1
upgrade: websocket
connection: upgrade
sec-websocket-key: aYRVj5U9Jnp4VRBEQ/eoRA==
sec-websocket-version: 13
origin: http://localhost:65072
host: localhost:65072
accept: */*
user-agent: AHC/2.1

Response DefaultHttpResponse(decodeResult: success, version: HTTP/1.1)
HTTP/1.1 101 WebSocket Protocol Handshake
Upgrade: WebSocket
Connection: Upgrade
Sec-WebSocket-Accept: pUFZJi57tagMGhTTOxyJ2navrR4=

18:09:30.449 [Forwarding setCurrentWindowSize on session 83fe76d297ff5b329c2ea8c3f6136d76 to remote] DEBUG org.asynchttpclient.netty.request.NettyRequestSender - Using pooled Channel '[id: 0x41a21553, L:/127.0.0.1:65070 - R:localhost/127.0.0.1:60468]' for 'POST' to 'http://localhost:60468/session/83fe76d297ff5b329c2ea8c3f6136d76/window/rect'
18:09:30.450 [Forwarding setCurrentWindowSize on session 83fe76d297ff5b329c2ea8c3f6136d76 to remote] DEBUG org.asynchttpclient.netty.request.NettyRequestSender - Using open Channel [id: 0x41a21553, L:/127.0.0.1:65070 - R:localhost/127.0.0.1:60468] for POST '/session/83fe76d297ff5b329c2ea8c3f6136d76/window/rect'
18:09:30.579 [AsyncHttpClient-1-2] DEBUG org.asynchttpclient.netty.handler.HttpHandler - 

Request DefaultHttpRequest(decodeResult: success, version: HTTP/1.1)
POST /session/83fe76d297ff5b329c2ea8c3f6136d76/window/rect HTTP/1.1
User-Agent: selenium/4.1.2 (java windows)
Content-Length: 36
Content-Type: application/json; charset=utf-8
host: localhost:60468
accept: */*

Response DefaultHttpResponse(decodeResult: success, version: HTTP/1.1)
HTTP/1.1 200 OK
Content-Type: application/json; charset=utf-8
cache-control: no-cache
content-length: 51

18:09:30.579 [AsyncHttpClient-1-2] DEBUG org.asynchttpclient.netty.channel.ChannelManager - Adding key: http://localhost:60468 for channel [id: 0x41a21553, L:/127.0.0.1:65070 - R:localhost/127.0.0.1:60468]
18:09:30.583 [Forwarding setWindowPosition on session 83fe76d297ff5b329c2ea8c3f6136d76 to remote] DEBUG org.asynchttpclient.netty.request.NettyRequestSender - Using pooled Channel '[id: 0x41a21553, L:/127.0.0.1:65070 - R:localhost/127.0.0.1:60468]' for 'POST' to 'http://localhost:60468/session/83fe76d297ff5b329c2ea8c3f6136d76/window/rect'
18:09:30.583 [Forwarding setWindowPosition on session 83fe76d297ff5b329c2ea8c3f6136d76 to remote] DEBUG org.asynchttpclient.netty.request.NettyRequestSender - Using open Channel [id: 0x41a21553, L:/127.0.0.1:65070 - R:localhost/127.0.0.1:60468] for POST '/session/83fe76d297ff5b329c2ea8c3f6136d76/window/rect'
18:09:30.694 [AsyncHttpClient-1-2] DEBUG org.asynchttpclient.netty.handler.HttpHandler - 

Request DefaultHttpRequest(decodeResult: success, version: HTTP/1.1)
POST /session/83fe76d297ff5b329c2ea8c3f6136d76/window/rect HTTP/1.1
User-Agent: selenium/4.1.2 (java windows)
Content-Length: 22
Content-Type: application/json; charset=utf-8
host: localhost:60468
accept: */*

Response DefaultHttpResponse(decodeResult: success, version: HTTP/1.1)
HTTP/1.1 200 OK
Content-Type: application/json; charset=utf-8
cache-control: no-cache
content-length: 49

18:09:30.695 [AsyncHttpClient-1-2] DEBUG org.asynchttpclient.netty.channel.ChannelManager - Adding key: http://localhost:60468 for channel [id: 0x41a21553, L:/127.0.0.1:65070 - R:localhost/127.0.0.1:60468]
18:09:30.941 [main] DEBUG net.thucydides.core.reflection.ClassFinder - Could not load class .starter.CucumberTestSuite
18:09:30.941 [main] DEBUG net.thucydides.core.reflection.ClassFinder - Could not load class .starter.pages.BookstorePage
18:09:30.941 [main] DEBUG net.thucydides.core.reflection.ClassFinder - Could not load class .starter.pages.HomePage
18:09:30.941 [main] DEBUG net.thucydides.core.reflection.ClassFinder - Could not load class .starter.pages.LoginPage
18:09:30.941 [main] DEBUG net.thucydides.core.reflection.ClassFinder - Could not load class .starter.stepdefenitions.BookstoreSteps
18:09:30.941 [main] DEBUG net.thucydides.core.reflection.ClassFinder - Could not load class .starter.stepdefenitions.LoginSteps
18:09:30.944 [Forwarding get on session 83fe76d297ff5b329c2ea8c3f6136d76 to remote] DEBUG org.asynchttpclient.netty.request.NettyRequestSender - Using pooled Channel '[id: 0x41a21553, L:/127.0.0.1:65070 - R:localhost/127.0.0.1:60468]' for 'POST' to 'http://localhost:60468/session/83fe76d297ff5b329c2ea8c3f6136d76/url'
18:09:30.944 [Forwarding get on session 83fe76d297ff5b329c2ea8c3f6136d76 to remote] DEBUG org.asynchttpclient.netty.request.NettyRequestSender - Using open Channel [id: 0x41a21553, L:/127.0.0.1:65070 - R:localhost/127.0.0.1:60468] for POST '/session/83fe76d297ff5b329c2ea8c3f6136d76/url'
18:09:31.161 [AsyncHttpClient-1-1] DEBUG org.asynchttpclient.netty.channel.DefaultChannelPool - Entry count for : http://localhost:65072 : 1
18:09:32.268 [AsyncHttpClient-1-1] DEBUG org.asynchttpclient.netty.channel.DefaultChannelPool - Entry count for : http://localhost:65072 : 1
18:09:33.362 [AsyncHttpClient-1-1] DEBUG org.asynchttpclient.netty.channel.DefaultChannelPool - Entry count for : http://localhost:65072 : 1
18:09:34.468 [AsyncHttpClient-1-1] DEBUG org.asynchttpclient.netty.channel.DefaultChannelPool - Entry count for : http://localhost:65072 : 1
18:09:35.563 [AsyncHttpClient-1-1] DEBUG org.asynchttpclient.netty.channel.DefaultChannelPool - Entry count for : http://localhost:65072 : 1
18:09:36.661 [AsyncHttpClient-1-1] DEBUG org.asynchttpclient.netty.channel.DefaultChannelPool - Entry count for : http://localhost:65072 : 1
18:09:37.764 [AsyncHttpClient-1-1] DEBUG org.asynchttpclient.netty.channel.DefaultChannelPool - Entry count for : http://localhost:65072 : 1
18:09:38.867 [AsyncHttpClient-1-1] DEBUG org.asynchttpclient.netty.channel.DefaultChannelPool - Entry count for : http://localhost:65072 : 1
18:09:39.962 [AsyncHttpClient-1-1] DEBUG org.asynchttpclient.netty.channel.DefaultChannelPool - Entry count for : http://localhost:65072 : 1
18:09:41.062 [AsyncHttpClient-1-1] DEBUG org.asynchttpclient.netty.channel.DefaultChannelPool - Entry count for : http://localhost:65072 : 1
18:09:41.308 [AsyncHttpClient-1-2] DEBUG org.asynchttpclient.netty.handler.HttpHandler - 

Request DefaultHttpRequest(decodeResult: success, version: HTTP/1.1)
POST /session/83fe76d297ff5b329c2ea8c3f6136d76/url HTTP/1.1
User-Agent: selenium/4.1.2 (java windows)
Content-Length: 49
Content-Type: application/json; charset=utf-8
host: localhost:60468
accept: */*

Response DefaultHttpResponse(decodeResult: success, version: HTTP/1.1)
HTTP/1.1 200 OK
Content-Type: application/json; charset=utf-8
cache-control: no-cache
content-length: 14

18:09:41.309 [AsyncHttpClient-1-2] DEBUG org.asynchttpclient.netty.channel.ChannelManager - Adding key: http://localhost:60468 for channel [id: 0x41a21553, L:/127.0.0.1:65070 - R:localhost/127.0.0.1:60468]
18:09:41.312 [Forwarding setTimeout on session 83fe76d297ff5b329c2ea8c3f6136d76 to remote] DEBUG org.asynchttpclient.netty.request.NettyRequestSender - Using pooled Channel '[id: 0x41a21553, L:/127.0.0.1:65070 - R:localhost/127.0.0.1:60468]' for 'POST' to 'http://localhost:60468/session/83fe76d297ff5b329c2ea8c3f6136d76/timeouts'
18:09:41.312 [Forwarding setTimeout on session 83fe76d297ff5b329c2ea8c3f6136d76 to remote] DEBUG org.asynchttpclient.netty.request.NettyRequestSender - Using open Channel [id: 0x41a21553, L:/127.0.0.1:65070 - R:localhost/127.0.0.1:60468] for POST '/session/83fe76d297ff5b329c2ea8c3f6136d76/timeouts'
18:09:41.315 [AsyncHttpClient-1-2] DEBUG org.asynchttpclient.netty.handler.HttpHandler - 

Request DefaultHttpRequest(decodeResult: success, version: HTTP/1.1)
POST /session/83fe76d297ff5b329c2ea8c3f6136d76/timeouts HTTP/1.1
User-Agent: selenium/4.1.2 (java windows)
Content-Length: 22
Content-Type: application/json; charset=utf-8
host: localhost:60468
accept: */*

Response DefaultHttpResponse(decodeResult: success, version: HTTP/1.1)
HTTP/1.1 200 OK
Content-Type: application/json; charset=utf-8
cache-control: no-cache
content-length: 14

18:09:41.317 [AsyncHttpClient-1-2] DEBUG org.asynchttpclient.netty.channel.ChannelManager - Adding key: http://localhost:60468 for channel [id: 0x41a21553, L:/127.0.0.1:65070 - R:localhost/127.0.0.1:60468]
18:09:41.329 [Forwarding getCurrentUrl on session 83fe76d297ff5b329c2ea8c3f6136d76 to remote] DEBUG org.asynchttpclient.netty.request.NettyRequestSender - Using pooled Channel '[id: 0x41a21553, L:/127.0.0.1:65070 - R:localhost/127.0.0.1:60468]' for 'GET' to 'http://localhost:60468/session/83fe76d297ff5b329c2ea8c3f6136d76/url'
18:09:41.330 [Forwarding getCurrentUrl on session 83fe76d297ff5b329c2ea8c3f6136d76 to remote] DEBUG org.asynchttpclient.netty.request.NettyRequestSender - Using open Channel [id: 0x41a21553, L:/127.0.0.1:65070 - R:localhost/127.0.0.1:60468] for GET '/session/83fe76d297ff5b329c2ea8c3f6136d76/url'
18:09:41.343 [AsyncHttpClient-1-2] DEBUG org.asynchttpclient.netty.handler.HttpHandler - 

Request DefaultFullHttpRequest(decodeResult: success, version: HTTP/1.1, content: EmptyByteBufBE)
GET /session/83fe76d297ff5b329c2ea8c3f6136d76/url HTTP/1.1
User-Agent: selenium/4.1.2 (java windows)
Cache-Control: no-cache
Content-Type: application/json; charset=utf-8
host: localhost:60468
accept: */*

Response DefaultHttpResponse(decodeResult: success, version: HTTP/1.1)
HTTP/1.1 200 OK
Content-Type: application/json; charset=utf-8
cache-control: no-cache
content-length: 31

18:09:41.343 [AsyncHttpClient-1-2] DEBUG org.asynchttpclient.netty.channel.ChannelManager - Adding key: http://localhost:60468 for channel [id: 0x41a21553, L:/127.0.0.1:65070 - R:localhost/127.0.0.1:60468]
18:09:41.353 [Forwarding getCurrentUrl on session 83fe76d297ff5b329c2ea8c3f6136d76 to remote] DEBUG org.asynchttpclient.netty.request.NettyRequestSender - Using pooled Channel '[id: 0x41a21553, L:/127.0.0.1:65070 - R:localhost/127.0.0.1:60468]' for 'GET' to 'http://localhost:60468/session/83fe76d297ff5b329c2ea8c3f6136d76/url'
18:09:41.353 [Forwarding getCurrentUrl on session 83fe76d297ff5b329c2ea8c3f6136d76 to remote] DEBUG org.asynchttpclient.netty.request.NettyRequestSender - Using open Channel [id: 0x41a21553, L:/127.0.0.1:65070 - R:localhost/127.0.0.1:60468] for GET '/session/83fe76d297ff5b329c2ea8c3f6136d76/url'
18:09:41.360 [AsyncHttpClient-1-2] DEBUG org.asynchttpclient.netty.handler.HttpHandler - 

Request DefaultFullHttpRequest(decodeResult: success, version: HTTP/1.1, content: EmptyByteBufBE)
GET /session/83fe76d297ff5b329c2ea8c3f6136d76/url HTTP/1.1
User-Agent: selenium/4.1.2 (java windows)
Cache-Control: no-cache
Content-Type: application/json; charset=utf-8
host: localhost:60468
accept: */*

Response DefaultHttpResponse(decodeResult: success, version: HTTP/1.1)
HTTP/1.1 200 OK
Content-Type: application/json; charset=utf-8
cache-control: no-cache
content-length: 31

18:09:41.360 [AsyncHttpClient-1-2] DEBUG org.asynchttpclient.netty.channel.ChannelManager - Adding key: http://localhost:60468 for channel [id: 0x41a21553, L:/127.0.0.1:65070 - R:localhost/127.0.0.1:60468]
18:09:41.388 [main] DEBUG net.serenitybdd.core.photography.Darkroom - Opening darkroom
18:09:41.389 [Darkroom Processing Line] DEBUG net.serenitybdd.core.photography.DarkroomProcessingLine - Darkroom processing line starting up
18:09:41.392 [Forwarding screenshot on session 83fe76d297ff5b329c2ea8c3f6136d76 to remote] DEBUG org.asynchttpclient.netty.request.NettyRequestSender - Using pooled Channel '[id: 0x41a21553, L:/127.0.0.1:65070 - R:localhost/127.0.0.1:60468]' for 'GET' to 'http://localhost:60468/session/83fe76d297ff5b329c2ea8c3f6136d76/screenshot'
18:09:41.392 [Forwarding screenshot on session 83fe76d297ff5b329c2ea8c3f6136d76 to remote] DEBUG org.asynchttpclient.netty.request.NettyRequestSender - Using open Channel [id: 0x41a21553, L:/127.0.0.1:65070 - R:localhost/127.0.0.1:60468] for GET '/session/83fe76d297ff5b329c2ea8c3f6136d76/screenshot'
18:09:41.695 [AsyncHttpClient-1-2] DEBUG org.asynchttpclient.netty.handler.HttpHandler - 

Request DefaultFullHttpRequest(decodeResult: success, version: HTTP/1.1, content: EmptyByteBufBE)
GET /session/83fe76d297ff5b329c2ea8c3f6136d76/screenshot HTTP/1.1
User-Agent: selenium/4.1.2 (java windows)
Cache-Control: no-cache
Content-Type: application/json; charset=utf-8
host: localhost:60468
accept: */*

Response DefaultHttpResponse(decodeResult: success, version: HTTP/1.1)
HTTP/1.1 200 OK
Content-Type: application/json; charset=utf-8
cache-control: no-cache
content-length: 151372

18:09:41.697 [AsyncHttpClient-1-2] DEBUG org.asynchttpclient.netty.channel.ChannelManager - Adding key: http://localhost:60468 for channel [id: 0x41a21553, L:/127.0.0.1:65070 - R:localhost/127.0.0.1:60468]
18:09:42.162 [AsyncHttpClient-1-1] DEBUG org.asynchttpclient.netty.channel.DefaultChannelPool - Entry count for : http://localhost:65072 : 1
18:09:42.162 [AsyncHttpClient-1-1] DEBUG org.asynchttpclient.netty.channel.DefaultChannelPool - Entry count for : http://localhost:60468 : 1
18:09:42.259 [main] DEBUG net.serenitybdd.core.photography.Darkroom - Send negative for processing for target\site\serenity\6fccd85c3e514895cfa1194959eca2300985776e4d9e37399b899498b24c4024.png
18:09:42.259 [Darkroom Processing Line] DEBUG net.serenitybdd.core.photography.DarkroomProcessingLine - Processing screenshot image in /var/screenshots/screenshot-6019418510921787011
18:09:42.260 [Darkroom Processing Line] DEBUG net.serenitybdd.core.photography.DarkroomProcessingLine - Saving screenshot to target\site\serenity\6fccd85c3e514895cfa1194959eca2300985776e4d9e37399b899498b24c4024.png
18:09:42.315 [main] DEBUG net.thucydides.core.steps.StepInterceptor - STEP DONE: openPage
18:09:42.330 [Forwarding screenshot on session 83fe76d297ff5b329c2ea8c3f6136d76 to remote] DEBUG org.asynchttpclient.netty.request.NettyRequestSender - Using pooled Channel '[id: 0x41a21553, L:/127.0.0.1:65070 - R:localhost/127.0.0.1:60468]' for 'GET' to 'http://localhost:60468/session/83fe76d297ff5b329c2ea8c3f6136d76/screenshot'
18:09:42.330 [Forwarding screenshot on session 83fe76d297ff5b329c2ea8c3f6136d76 to remote] DEBUG org.asynchttpclient.netty.request.NettyRequestSender - Using open Channel [id: 0x41a21553, L:/127.0.0.1:65070 - R:localhost/127.0.0.1:60468] for GET '/session/83fe76d297ff5b329c2ea8c3f6136d76/screenshot'
18:09:42.586 [AsyncHttpClient-1-2] DEBUG org.asynchttpclient.netty.handler.HttpHandler - 

Request DefaultFullHttpRequest(decodeResult: success, version: HTTP/1.1, content: EmptyByteBufBE)
GET /session/83fe76d297ff5b329c2ea8c3f6136d76/screenshot HTTP/1.1
User-Agent: selenium/4.1.2 (java windows)
Cache-Control: no-cache
Content-Type: application/json; charset=utf-8
host: localhost:60468
accept: */*

Response DefaultHttpResponse(decodeResult: success, version: HTTP/1.1)
HTTP/1.1 200 OK
Content-Type: application/json; charset=utf-8
cache-control: no-cache
content-length: 151372

18:09:42.588 [AsyncHttpClient-1-2] DEBUG org.asynchttpclient.netty.channel.ChannelManager - Adding key: http://localhost:60468 for channel [id: 0x41a21553, L:/127.0.0.1:65070 - R:localhost/127.0.0.1:60468]
18:09:42.600 [main] DEBUG net.serenitybdd.core.photography.Darkroom - Send negative for processing for target\site\serenity\6fccd85c3e514895cfa1194959eca2300985776e4d9e37399b899498b24c4024.png
18:09:42.602 [main] DEBUG net.thucydides.core.steps.StepInterceptor - STARTING STEP: BookstoreSteps.onBookstorePage - validationHomePage
18:09:42.610 [Forwarding findElement on session 83fe76d297ff5b329c2ea8c3f6136d76 to remote] DEBUG org.asynchttpclient.netty.request.NettyRequestSender - Using pooled Channel '[id: 0x41a21553, L:/127.0.0.1:65070 - R:localhost/127.0.0.1:60468]' for 'POST' to 'http://localhost:60468/session/83fe76d297ff5b329c2ea8c3f6136d76/element'
18:09:42.610 [Forwarding findElement on session 83fe76d297ff5b329c2ea8c3f6136d76 to remote] DEBUG org.asynchttpclient.netty.request.NettyRequestSender - Using open Channel [id: 0x41a21553, L:/127.0.0.1:65070 - R:localhost/127.0.0.1:60468] for POST '/session/83fe76d297ff5b329c2ea8c3f6136d76/element'
18:09:42.629 [AsyncHttpClient-1-2] DEBUG org.asynchttpclient.netty.handler.HttpHandler - 

Request DefaultHttpRequest(decodeResult: success, version: HTTP/1.1)
POST /session/83fe76d297ff5b329c2ea8c3f6136d76/element HTTP/1.1
User-Agent: selenium/4.1.2 (java windows)
Content-Length: 48
Content-Type: application/json; charset=utf-8
host: localhost:60468
accept: */*

Response DefaultHttpResponse(decodeResult: success, version: HTTP/1.1)
HTTP/1.1 400 Bad Request
Content-Type: application/json; charset=utf-8
cache-control: no-cache
content-length: 957

18:09:42.630 [AsyncHttpClient-1-2] DEBUG org.asynchttpclient.netty.channel.ChannelManager - Adding key: http://localhost:60468 for channel [id: 0x41a21553, L:/127.0.0.1:65070 - R:localhost/127.0.0.1:60468]
18:09:42.660 [Forwarding findElement on session 83fe76d297ff5b329c2ea8c3f6136d76 to remote] DEBUG org.asynchttpclient.netty.request.NettyRequestSender - Using pooled Channel '[id: 0x41a21553, L:/127.0.0.1:65070 - R:localhost/127.0.0.1:60468]' for 'POST' to 'http://localhost:60468/session/83fe76d297ff5b329c2ea8c3f6136d76/element'
18:09:42.660 [Forwarding findElement on session 83fe76d297ff5b329c2ea8c3f6136d76 to remote] DEBUG org.asynchttpclient.netty.request.NettyRequestSender - Using open Channel [id: 0x41a21553, L:/127.0.0.1:65070 - R:localhost/127.0.0.1:60468] for POST '/session/83fe76d297ff5b329c2ea8c3f6136d76/element'
18:09:42.687 [AsyncHttpClient-1-2] DEBUG org.asynchttpclient.netty.handler.HttpHandler - 

Request DefaultHttpRequest(decodeResult: success, version: HTTP/1.1)
POST /session/83fe76d297ff5b329c2ea8c3f6136d76/element HTTP/1.1
User-Agent: selenium/4.1.2 (java windows)
Content-Length: 58
Content-Type: application/json; charset=utf-8
host: localhost:60468
accept: */*

Response DefaultHttpResponse(decodeResult: success, version: HTTP/1.1)
HTTP/1.1 200 OK
Content-Type: application/json; charset=utf-8
cache-control: no-cache
content-length: 88

18:09:42.688 [AsyncHttpClient-1-2] DEBUG org.asynchttpclient.netty.channel.ChannelManager - Adding key: http://localhost:60468 for channel [id: 0x41a21553, L:/127.0.0.1:65070 - R:localhost/127.0.0.1:60468]
18:09:42.716 [Forwarding isElementDisplayed on session 83fe76d297ff5b329c2ea8c3f6136d76 to remote] DEBUG org.asynchttpclient.netty.request.NettyRequestSender - Using pooled Channel '[id: 0x41a21553, L:/127.0.0.1:65070 - R:localhost/127.0.0.1:60468]' for 'POST' to 'http://localhost:60468/session/83fe76d297ff5b329c2ea8c3f6136d76/execute/sync'
18:09:42.716 [Forwarding isElementDisplayed on session 83fe76d297ff5b329c2ea8c3f6136d76 to remote] DEBUG org.asynchttpclient.netty.request.NettyRequestSender - Using open Channel [id: 0x41a21553, L:/127.0.0.1:65070 - R:localhost/127.0.0.1:60468] for POST '/session/83fe76d297ff5b329c2ea8c3f6136d76/execute/sync'
18:09:42.746 [AsyncHttpClient-1-2] DEBUG org.asynchttpclient.netty.handler.HttpHandler - 

Request DefaultHttpRequest(decodeResult: success, version: HTTP/1.1)
POST /session/83fe76d297ff5b329c2ea8c3f6136d76/execute/sync HTTP/1.1
User-Agent: selenium/4.1.2 (java windows)
Content-Length: 48780
Content-Type: application/json; charset=utf-8
host: localhost:60468
accept: */*

Response DefaultHttpResponse(decodeResult: success, version: HTTP/1.1)
HTTP/1.1 200 OK
Content-Type: application/json; charset=utf-8
cache-control: no-cache
content-length: 14

18:09:42.747 [AsyncHttpClient-1-2] DEBUG org.asynchttpclient.netty.channel.ChannelManager - Adding key: http://localhost:60468 for channel [id: 0x41a21553, L:/127.0.0.1:65070 - R:localhost/127.0.0.1:60468]
18:09:42.761 [Forwarding screenshot on session 83fe76d297ff5b329c2ea8c3f6136d76 to remote] DEBUG org.asynchttpclient.netty.request.NettyRequestSender - Using pooled Channel '[id: 0x41a21553, L:/127.0.0.1:65070 - R:localhost/127.0.0.1:60468]' for 'GET' to 'http://localhost:60468/session/83fe76d297ff5b329c2ea8c3f6136d76/screenshot'
18:09:42.761 [Forwarding screenshot on session 83fe76d297ff5b329c2ea8c3f6136d76 to remote] DEBUG org.asynchttpclient.netty.request.NettyRequestSender - Using open Channel [id: 0x41a21553, L:/127.0.0.1:65070 - R:localhost/127.0.0.1:60468] for GET '/session/83fe76d297ff5b329c2ea8c3f6136d76/screenshot'
18:09:42.926 [AsyncHttpClient-1-2] DEBUG org.asynchttpclient.netty.handler.HttpHandler - 

Request DefaultFullHttpRequest(decodeResult: success, version: HTTP/1.1, content: EmptyByteBufBE)
GET /session/83fe76d297ff5b329c2ea8c3f6136d76/screenshot HTTP/1.1
User-Agent: selenium/4.1.2 (java windows)
Cache-Control: no-cache
Content-Type: application/json; charset=utf-8
host: localhost:60468
accept: */*

Response DefaultHttpResponse(decodeResult: success, version: HTTP/1.1)
HTTP/1.1 200 OK
Content-Type: application/json; charset=utf-8
cache-control: no-cache
content-length: 151372

18:09:42.929 [AsyncHttpClient-1-2] DEBUG org.asynchttpclient.netty.channel.ChannelManager - Adding key: http://localhost:60468 for channel [id: 0x41a21553, L:/127.0.0.1:65070 - R:localhost/127.0.0.1:60468]
18:09:42.939 [main] DEBUG net.serenitybdd.core.photography.Darkroom - Send negative for processing for target\site\serenity\6fccd85c3e514895cfa1194959eca2300985776e4d9e37399b899498b24c4024.png
18:09:42.940 [main] DEBUG net.thucydides.core.steps.StepInterceptor - STEP DONE: validationHomePage
  &amp#27;[32mGiven &amp#27;[0m&amp#27;[32mi am on the home page&amp#27;[0m                          &amp#27;[90m# starter.stepdefenitions.BookstoreSteps.onBookstorePage()&amp#27;[0m
18:09:42.972 [main] DEBUG net.thucydides.core.steps.StepInterceptor - STARTING STEP: BookstoreSteps.clickFeatureBookstore - clickFeatureBookstore
18:09:42.983 [Forwarding findElement on session 83fe76d297ff5b329c2ea8c3f6136d76 to remote] DEBUG org.asynchttpclient.netty.request.NettyRequestSender - Using pooled Channel '[id: 0x41a21553, L:/127.0.0.1:65070 - R:localhost/127.0.0.1:60468]' for 'POST' to 'http://localhost:60468/session/83fe76d297ff5b329c2ea8c3f6136d76/element'
18:09:42.983 [Forwarding findElement on session 83fe76d297ff5b329c2ea8c3f6136d76 to remote] DEBUG org.asynchttpclient.netty.request.NettyRequestSender - Using open Channel [id: 0x41a21553, L:/127.0.0.1:65070 - R:localhost/127.0.0.1:60468] for POST '/session/83fe76d297ff5b329c2ea8c3f6136d76/element'
18:09:43.007 [AsyncHttpClient-1-2] DEBUG org.asynchttpclient.netty.handler.HttpHandler - 

Request DefaultHttpRequest(decodeResult: success, version: HTTP/1.1)
POST /session/83fe76d297ff5b329c2ea8c3f6136d76/element HTTP/1.1
User-Agent: selenium/4.1.2 (java windows)
Content-Length: 86
Content-Type: application/json; charset=utf-8
host: localhost:60468
accept: */*

Response DefaultHttpResponse(decodeResult: success, version: HTTP/1.1)
HTTP/1.1 200 OK
Content-Type: application/json; charset=utf-8
cache-control: no-cache
content-length: 88

18:09:43.008 [AsyncHttpClient-1-2] DEBUG org.asynchttpclient.netty.channel.ChannelManager - Adding key: http://localhost:60468 for channel [id: 0x41a21553, L:/127.0.0.1:65070 - R:localhost/127.0.0.1:60468]
18:09:43.012 [Forwarding getElementTagName on session 83fe76d297ff5b329c2ea8c3f6136d76 to remote] DEBUG org.asynchttpclient.netty.request.NettyRequestSender - Using pooled Channel '[id: 0x41a21553, L:/127.0.0.1:65070 - R:localhost/127.0.0.1:60468]' for 'GET' to 'http://localhost:60468/session/83fe76d297ff5b329c2ea8c3f6136d76/element/da602491-aeb0-4018-a67c-48ad72a6072d/name'
18:09:43.012 [Forwarding getElementTagName on session 83fe76d297ff5b329c2ea8c3f6136d76 to remote] DEBUG org.asynchttpclient.netty.request.NettyRequestSender - Using open Channel [id: 0x41a21553, L:/127.0.0.1:65070 - R:localhost/127.0.0.1:60468] for GET '/session/83fe76d297ff5b329c2ea8c3f6136d76/element/da602491-aeb0-4018-a67c-48ad72a6072d/name'
18:09:43.019 [AsyncHttpClient-1-2] DEBUG org.asynchttpclient.netty.handler.HttpHandler - 

Request DefaultFullHttpRequest(decodeResult: success, version: HTTP/1.1, content: EmptyByteBufBE)
GET /session/83fe76d297ff5b329c2ea8c3f6136d76/element/da602491-aeb0-4018-a67c-48ad72a6072d/name HTTP/1.1
User-Agent: selenium/4.1.2 (java windows)
Cache-Control: no-cache
Content-Type: application/json; charset=utf-8
host: localhost:60468
accept: */*

Response DefaultHttpResponse(decodeResult: success, version: HTTP/1.1)
HTTP/1.1 200 OK
Content-Type: application/json; charset=utf-8
cache-control: no-cache
content-length: 15

18:09:43.019 [AsyncHttpClient-1-2] DEBUG org.asynchttpclient.netty.channel.ChannelManager - Adding key: http://localhost:60468 for channel [id: 0x41a21553, L:/127.0.0.1:65070 - R:localhost/127.0.0.1:60468]
18:09:43.022 [Forwarding getElementTagName on session 83fe76d297ff5b329c2ea8c3f6136d76 to remote] DEBUG org.asynchttpclient.netty.request.NettyRequestSender - Using pooled Channel '[id: 0x41a21553, L:/127.0.0.1:65070 - R:localhost/127.0.0.1:60468]' for 'GET' to 'http://localhost:60468/session/83fe76d297ff5b329c2ea8c3f6136d76/element/da602491-aeb0-4018-a67c-48ad72a6072d/name'
18:09:43.022 [Forwarding getElementTagName on session 83fe76d297ff5b329c2ea8c3f6136d76 to remote] DEBUG org.asynchttpclient.netty.request.NettyRequestSender - Using open Channel [id: 0x41a21553, L:/127.0.0.1:65070 - R:localhost/127.0.0.1:60468] for GET '/session/83fe76d297ff5b329c2ea8c3f6136d76/element/da602491-aeb0-4018-a67c-48ad72a6072d/name'
18:09:43.029 [AsyncHttpClient-1-2] DEBUG org.asynchttpclient.netty.handler.HttpHandler - 

Request DefaultFullHttpRequest(decodeResult: success, version: HTTP/1.1, content: EmptyByteBufBE)
GET /session/83fe76d297ff5b329c2ea8c3f6136d76/element/da602491-aeb0-4018-a67c-48ad72a6072d/name HTTP/1.1
User-Agent: selenium/4.1.2 (java windows)
Cache-Control: no-cache
Content-Type: application/json; charset=utf-8
host: localhost:60468
accept: */*

Response DefaultHttpResponse(decodeResult: success, version: HTTP/1.1)
HTTP/1.1 200 OK
Content-Type: application/json; charset=utf-8
cache-control: no-cache
content-length: 15

18:09:43.030 [AsyncHttpClient-1-2] DEBUG org.asynchttpclient.netty.channel.ChannelManager - Adding key: http://localhost:60468 for channel [id: 0x41a21553, L:/127.0.0.1:65070 - R:localhost/127.0.0.1:60468]
18:09:43.033 [Forwarding findElement on session 83fe76d297ff5b329c2ea8c3f6136d76 to remote] DEBUG org.asynchttpclient.netty.request.NettyRequestSender - Using pooled Channel '[id: 0x41a21553, L:/127.0.0.1:65070 - R:localhost/127.0.0.1:60468]' for 'POST' to 'http://localhost:60468/session/83fe76d297ff5b329c2ea8c3f6136d76/element'
18:09:43.033 [Forwarding findElement on session 83fe76d297ff5b329c2ea8c3f6136d76 to remote] DEBUG org.asynchttpclient.netty.request.NettyRequestSender - Using open Channel [id: 0x41a21553, L:/127.0.0.1:65070 - R:localhost/127.0.0.1:60468] for POST '/session/83fe76d297ff5b329c2ea8c3f6136d76/element'
18:09:43.043 [AsyncHttpClient-1-2] DEBUG org.asynchttpclient.netty.handler.HttpHandler - 

Request DefaultHttpRequest(decodeResult: success, version: HTTP/1.1)
POST /session/83fe76d297ff5b329c2ea8c3f6136d76/element HTTP/1.1
User-Agent: selenium/4.1.2 (java windows)
Content-Length: 86
Content-Type: application/json; charset=utf-8
host: localhost:60468
accept: */*

Response DefaultHttpResponse(decodeResult: success, version: HTTP/1.1)
HTTP/1.1 200 OK
Content-Type: application/json; charset=utf-8
cache-control: no-cache
content-length: 88

18:09:43.043 [AsyncHttpClient-1-2] DEBUG org.asynchttpclient.netty.channel.ChannelManager - Adding key: http://localhost:60468 for channel [id: 0x41a21553, L:/127.0.0.1:65070 - R:localhost/127.0.0.1:60468]
18:09:43.045 [Forwarding clickElement on session 83fe76d297ff5b329c2ea8c3f6136d76 to remote] DEBUG org.asynchttpclient.netty.request.NettyRequestSender - Using pooled Channel '[id: 0x41a21553, L:/127.0.0.1:65070 - R:localhost/127.0.0.1:60468]' for 'POST' to 'http://localhost:60468/session/83fe76d297ff5b329c2ea8c3f6136d76/element/da602491-aeb0-4018-a67c-48ad72a6072d/click'
18:09:43.045 [Forwarding clickElement on session 83fe76d297ff5b329c2ea8c3f6136d76 to remote] DEBUG org.asynchttpclient.netty.request.NettyRequestSender - Using open Channel [id: 0x41a21553, L:/127.0.0.1:65070 - R:localhost/127.0.0.1:60468] for POST '/session/83fe76d297ff5b329c2ea8c3f6136d76/element/da602491-aeb0-4018-a67c-48ad72a6072d/click'
18:09:43.217 [AsyncHttpClient-1-2] DEBUG org.asynchttpclient.netty.handler.HttpHandler - 

Request DefaultHttpRequest(decodeResult: success, version: HTTP/1.1)
POST /session/83fe76d297ff5b329c2ea8c3f6136d76/element/da602491-aeb0-4018-a67c-48ad72a6072d/click HTTP/1.1
User-Agent: selenium/4.1.2 (java windows)
Content-Length: 50
Content-Type: application/json; charset=utf-8
host: localhost:60468
accept: */*

Response DefaultHttpResponse(decodeResult: success, version: HTTP/1.1)
HTTP/1.1 200 OK
Content-Type: application/json; charset=utf-8
cache-control: no-cache
content-length: 14

18:09:43.217 [AsyncHttpClient-1-2] DEBUG org.asynchttpclient.netty.channel.ChannelManager - Adding key: http://localhost:60468 for channel [id: 0x41a21553, L:/127.0.0.1:65070 - R:localhost/127.0.0.1:60468]
18:09:43.230 [Forwarding screenshot on session 83fe76d297ff5b329c2ea8c3f6136d76 to remote] DEBUG org.asynchttpclient.netty.request.NettyRequestSender - Using pooled Channel '[id: 0x41a21553, L:/127.0.0.1:65070 - R:localhost/127.0.0.1:60468]' for 'GET' to 'http://localhost:60468/session/83fe76d297ff5b329c2ea8c3f6136d76/screenshot'
18:09:43.232 [Forwarding screenshot on session 83fe76d297ff5b329c2ea8c3f6136d76 to remote] DEBUG org.asynchttpclient.netty.request.NettyRequestSender - Using open Channel [id: 0x41a21553, L:/127.0.0.1:65070 - R:localhost/127.0.0.1:60468] for GET '/session/83fe76d297ff5b329c2ea8c3f6136d76/screenshot'
18:09:43.262 [AsyncHttpClient-1-1] DEBUG org.asynchttpclient.netty.channel.DefaultChannelPool - Entry count for : http://localhost:65072 : 1
18:09:43.448 [AsyncHttpClient-1-2] DEBUG org.asynchttpclient.netty.handler.HttpHandler - 

Request DefaultFullHttpRequest(decodeResult: success, version: HTTP/1.1, content: EmptyByteBufBE)
GET /session/83fe76d297ff5b329c2ea8c3f6136d76/screenshot HTTP/1.1
User-Agent: selenium/4.1.2 (java windows)
Cache-Control: no-cache
Content-Type: application/json; charset=utf-8
host: localhost:60468
accept: */*

Response DefaultHttpResponse(decodeResult: success, version: HTTP/1.1)
HTTP/1.1 200 OK
Content-Type: application/json; charset=utf-8
cache-control: no-cache
content-length: 69048

18:09:43.449 [AsyncHttpClient-1-2] DEBUG org.asynchttpclient.netty.channel.ChannelManager - Adding key: http://localhost:60468 for channel [id: 0x41a21553, L:/127.0.0.1:65070 - R:localhost/127.0.0.1:60468]
18:09:43.459 [main] DEBUG net.serenitybdd.core.photography.Darkroom - Send negative for processing for target\site\serenity\9cd2daf1a7c9ff189fb401603998be0022f5dfad2c1fb2da9ceb87bf683d42d0.png
18:09:43.460 [Darkroom Processing Line] DEBUG net.serenitybdd.core.photography.DarkroomProcessingLine - Processing screenshot image in /var/screenshots/screenshot-649213788344875560
18:09:43.460 [main] DEBUG net.thucydides.core.steps.StepInterceptor - STEP DONE: clickFeatureBookstore
18:09:43.460 [Darkroom Processing Line] DEBUG net.serenitybdd.core.photography.DarkroomProcessingLine - Saving screenshot to target\site\serenity\9cd2daf1a7c9ff189fb401603998be0022f5dfad2c1fb2da9ceb87bf683d42d0.png
  &amp#27;[32mWhen &amp#27;[0m&amp#27;[32mi click feature bookstore&amp#27;[0m                       &amp#27;[90m# starter.stepdefenitions.BookstoreSteps.clickFeatureBookstore()&amp#27;[0m
18:09:43.489 [main] DEBUG net.thucydides.core.steps.StepInterceptor - STARTING STEP: BookstoreSteps.seeBookstorePage - validationOnBookstorePage
18:09:43.500 [Forwarding findElement on session 83fe76d297ff5b329c2ea8c3f6136d76 to remote] DEBUG org.asynchttpclient.netty.request.NettyRequestSender - Using pooled Channel '[id: 0x41a21553, L:/127.0.0.1:65070 - R:localhost/127.0.0.1:60468]' for 'POST' to 'http://localhost:60468/session/83fe76d297ff5b329c2ea8c3f6136d76/element'
18:09:43.500 [Forwarding findElement on session 83fe76d297ff5b329c2ea8c3f6136d76 to remote] DEBUG org.asynchttpclient.netty.request.NettyRequestSender - Using open Channel [id: 0x41a21553, L:/127.0.0.1:65070 - R:localhost/127.0.0.1:60468] for POST '/session/83fe76d297ff5b329c2ea8c3f6136d76/element'
18:09:43.521 [AsyncHttpClient-1-2] DEBUG org.asynchttpclient.netty.handler.HttpHandler - 

Request DefaultHttpRequest(decodeResult: success, version: HTTP/1.1)
POST /session/83fe76d297ff5b329c2ea8c3f6136d76/element HTTP/1.1
User-Agent: selenium/4.1.2 (java windows)
Content-Length: 58
Content-Type: application/json; charset=utf-8
host: localhost:60468
accept: */*

Response DefaultHttpResponse(decodeResult: success, version: HTTP/1.1)
HTTP/1.1 200 OK
Content-Type: application/json; charset=utf-8
cache-control: no-cache
content-length: 88

18:09:43.522 [AsyncHttpClient-1-2] DEBUG org.asynchttpclient.netty.channel.ChannelManager - Adding key: http://localhost:60468 for channel [id: 0x41a21553, L:/127.0.0.1:65070 - R:localhost/127.0.0.1:60468]
18:09:43.530 [Forwarding isElementDisplayed on session 83fe76d297ff5b329c2ea8c3f6136d76 to remote] DEBUG org.asynchttpclient.netty.request.NettyRequestSender - Using pooled Channel '[id: 0x41a21553, L:/127.0.0.1:65070 - R:localhost/127.0.0.1:60468]' for 'POST' to 'http://localhost:60468/session/83fe76d297ff5b329c2ea8c3f6136d76/execute/sync'
18:09:43.530 [Forwarding isElementDisplayed on session 83fe76d297ff5b329c2ea8c3f6136d76 to remote] DEBUG org.asynchttpclient.netty.request.NettyRequestSender - Using open Channel [id: 0x41a21553, L:/127.0.0.1:65070 - R:localhost/127.0.0.1:60468] for POST '/session/83fe76d297ff5b329c2ea8c3f6136d76/execute/sync'
18:09:43.549 [AsyncHttpClient-1-2] DEBUG org.asynchttpclient.netty.handler.HttpHandler - 

Request DefaultHttpRequest(decodeResult: success, version: HTTP/1.1)
POST /session/83fe76d297ff5b329c2ea8c3f6136d76/execute/sync HTTP/1.1
User-Agent: selenium/4.1.2 (java windows)
Content-Length: 48780
Content-Type: application/json; charset=utf-8
host: localhost:60468
accept: */*

Response DefaultHttpResponse(decodeResult: success, version: HTTP/1.1)
HTTP/1.1 200 OK
Content-Type: application/json; charset=utf-8
cache-control: no-cache
content-length: 14

18:09:43.549 [AsyncHttpClient-1-2] DEBUG org.asynchttpclient.netty.channel.ChannelManager - Adding key: http://localhost:60468 for channel [id: 0x41a21553, L:/127.0.0.1:65070 - R:localhost/127.0.0.1:60468]
18:09:43.557 [Forwarding screenshot on session 83fe76d297ff5b329c2ea8c3f6136d76 to remote] DEBUG org.asynchttpclient.netty.request.NettyRequestSender - Using pooled Channel '[id: 0x41a21553, L:/127.0.0.1:65070 - R:localhost/127.0.0.1:60468]' for 'GET' to 'http://localhost:60468/session/83fe76d297ff5b329c2ea8c3f6136d76/screenshot'
18:09:43.557 [Forwarding screenshot on session 83fe76d297ff5b329c2ea8c3f6136d76 to remote] DEBUG org.asynchttpclient.netty.request.NettyRequestSender - Using open Channel [id: 0x41a21553, L:/127.0.0.1:65070 - R:localhost/127.0.0.1:60468] for GET '/session/83fe76d297ff5b329c2ea8c3f6136d76/screenshot'
18:09:43.770 [AsyncHttpClient-1-2] DEBUG org.asynchttpclient.netty.handler.HttpHandler - 

Request DefaultFullHttpRequest(decodeResult: success, version: HTTP/1.1, content: EmptyByteBufBE)
GET /session/83fe76d297ff5b329c2ea8c3f6136d76/screenshot HTTP/1.1
User-Agent: selenium/4.1.2 (java windows)
Cache-Control: no-cache
Content-Type: application/json; charset=utf-8
host: localhost:60468
accept: */*

Response DefaultHttpResponse(decodeResult: success, version: HTTP/1.1)
HTTP/1.1 200 OK
Content-Type: application/json; charset=utf-8
cache-control: no-cache
content-length: 141116

18:09:43.771 [AsyncHttpClient-1-2] DEBUG org.asynchttpclient.netty.channel.ChannelManager - Adding key: http://localhost:60468 for channel [id: 0x41a21553, L:/127.0.0.1:65070 - R:localhost/127.0.0.1:60468]
18:09:43.779 [main] DEBUG net.serenitybdd.core.photography.Darkroom - Send negative for processing for target\site\serenity\c829e6db9ee3f31fa16e561f2c94c6a68b55e1c88e399ec0d6058131095a4799.png
18:09:43.779 [main] DEBUG net.thucydides.core.steps.StepInterceptor - STEP DONE: validationOnBookstorePage
18:09:43.779 [Darkroom Processing Line] DEBUG net.serenitybdd.core.photography.DarkroomProcessingLine - Processing screenshot image in /var/screenshots/screenshot-9063925670482512566
18:09:43.779 [Darkroom Processing Line] DEBUG net.serenitybdd.core.photography.DarkroomProcessingLine - Saving screenshot to target\site\serenity\c829e6db9ee3f31fa16e561f2c94c6a68b55e1c88e399ec0d6058131095a4799.png
  &amp#27;[32mThen &amp#27;[0m&amp#27;[32mi can see bookstore page&amp#27;[0m                        &amp#27;[90m# starter.stepdefenitions.BookstoreSteps.seeBookstorePage()&amp#27;[0m
18:09:43.789 [main] INFO  - 
  _____   ___   ___   _____     ___     _     ___   ___   ___   ___  
 |_   _| | __| / __| |_   _|   | _ \   /_\   / __| / __| | __| |   \ 
   | |   | _|  \__ \   | |     |  _/  / _ \  \__ \ \__ \ | _|  | |) |
   |_|   |___| |___/   |_|     |_|   /_/ \_\ |___/ |___/ |___| |___/ 

As user i have be able to see bookstore page
----------------------------------------------------------------------
18:09:43.906 [Driver Command Executor] DEBUG org.asynchttpclient.netty.request.NettyRequestSender - Using pooled Channel '[id: 0x41a21553, L:/127.0.0.1:65070 - R:localhost/127.0.0.1:60468]' for 'DELETE' to 'http://localhost:60468/session/83fe76d297ff5b329c2ea8c3f6136d76'
18:09:43.907 [Driver Command Executor] DEBUG org.asynchttpclient.netty.request.NettyRequestSender - Using open Channel [id: 0x41a21553, L:/127.0.0.1:65070 - R:localhost/127.0.0.1:60468] for DELETE '/session/83fe76d297ff5b329c2ea8c3f6136d76'
18:09:43.909 [AsyncHttpClient-1-4] DEBUG org.asynchttpclient.netty.handler.WebSocketHandler - Channel Closed: [id: 0xe1d6f122, L:/127.0.0.1:65081 ! R:localhost/127.0.0.1:65072] with attribute NettyResponseFuture{currentRetry=5,
	isDone=1,
	isCancelled=0,
	asyncHandler=org.asynchttpclient.ws.WebSocketUpgradeHandler@af20981,
	nettyRequest=org.asynchttpclient.netty.request.NettyRequest@2deab6b5,
	future=java.util.concurrent.CompletableFuture@c07126f[Completed normally],
	uri=ws://localhost:65072/devtools/browser/50c1488b-89e9-402f-83dd-98b5054d0b13,
	keepAlive=true,
	redirectCount=0,
	timeoutsHolder=null,
	inAuth=0,
	touch=1649761770391}
18:09:43.910 [AsyncHttpClient-1-4] DEBUG org.asynchttpclient.netty.channel.ChannelManager - Closing Channel [id: 0xe1d6f122, L:/127.0.0.1:65081 ! R:localhost/127.0.0.1:65072] 
18:09:44.016 [AsyncHttpClient-1-3] DEBUG org.asynchttpclient.netty.handler.HttpHandler - Unexpected I/O exception on channel [id: 0x84fe9517, L:/127.0.0.1:65080 - R:localhost/127.0.0.1:65072]
java.io.IOException: An existing connection was forcibly closed by the remote host
	at sun.nio.ch.SocketDispatcher.read0(Native Method)
	at sun.nio.ch.SocketDispatcher.read(SocketDispatcher.java:43)
	at sun.nio.ch.IOUtil.readIntoNativeBuffer(IOUtil.java:223)
	at sun.nio.ch.IOUtil.read(IOUtil.java:192)
	at sun.nio.ch.SocketChannelImpl.read(SocketChannelImpl.java:378)
	at io.netty.buffer.PooledByteBuf.setBytes(PooledByteBuf.java:258)
	at io.netty.buffer.AbstractByteBuf.writeBytes(AbstractByteBuf.java:1132)
	at io.netty.channel.socket.nio.NioSocketChannel.doReadBytes(NioSocketChannel.java:350)
	at io.netty.channel.nio.AbstractNioByteChannel$NioByteUnsafe.read(AbstractNioByteChannel.java:151)
	at io.netty.channel.nio.NioEventLoop.processSelectedKey(NioEventLoop.java:722)
	at io.netty.channel.nio.NioEventLoop.processSelectedKeysOptimized(NioEventLoop.java:658)
	at io.netty.channel.nio.NioEventLoop.processSelectedKeys(NioEventLoop.java:584)
	at io.netty.channel.nio.NioEventLoop.run(NioEventLoop.java:496)
	at io.netty.util.concurrent.SingleThreadEventExecutor$4.run(SingleThreadEventExecutor.java:986)
	at io.netty.util.internal.ThreadExecutorMap$2.run(ThreadExecutorMap.java:74)
	at io.netty.util.concurrent.FastThreadLocalRunnable.run(FastThreadLocalRunnable.java:30)
	at java.lang.Thread.run(Thread.java:750)
18:09:44.017 [AsyncHttpClient-1-3] DEBUG org.asynchttpclient.netty.channel.ChannelManager - Closing Channel [id: 0x84fe9517, L:/127.0.0.1:65080 - R:localhost/127.0.0.1:65072] 
18:09:44.022 [AsyncHttpClient-1-3] DEBUG org.asynchttpclient.netty.handler.HttpHandler - Channel Closed: [id: 0x84fe9517, L:/127.0.0.1:65080 ! R:localhost/127.0.0.1:65072] with attribute DISCARD
18:09:44.058 [AsyncHttpClient-1-2] DEBUG org.asynchttpclient.netty.handler.HttpHandler - 

Request DefaultFullHttpRequest(decodeResult: success, version: HTTP/1.1, content: EmptyByteBufBE)
DELETE /session/83fe76d297ff5b329c2ea8c3f6136d76 HTTP/1.1
User-Agent: selenium/4.1.2 (java windows)
Content-Type: application/json; charset=utf-8
host: localhost:60468
accept: */*

Response DefaultHttpResponse(decodeResult: success, version: HTTP/1.1)
HTTP/1.1 200 OK
Content-Type: application/json; charset=utf-8
cache-control: no-cache
content-length: 14

18:09:44.059 [AsyncHttpClient-1-2] DEBUG org.asynchttpclient.netty.channel.ChannelManager - Adding key: http://localhost:60468 for channel [id: 0x41a21553, L:/127.0.0.1:65070 - R:localhost/127.0.0.1:60468]
18:09:44.167 [AsyncHttpClient-1-2] DEBUG org.asynchttpclient.netty.handler.HttpHandler - Channel Closed: [id: 0x41a21553, L:/127.0.0.1:65070 ! R:localhost/127.0.0.1:60468] with attribute DISCARD
18:09:44.362 [AsyncHttpClient-1-1] DEBUG org.asynchttpclient.netty.channel.DefaultChannelPool - Entry count for : http://localhost:65072 : 1
18:09:44.362 [AsyncHttpClient-1-1] DEBUG org.asynchttpclient.netty.channel.DefaultChannelPool - Entry count for : http://localhost:60468 : 1
18:09:44.362 [AsyncHttpClient-1-1] DEBUG org.asynchttpclient.netty.channel.DefaultChannelPool - Adding Candidate expired Channel [id: 0x84fe9517, L:/127.0.0.1:65080 ! R:localhost/127.0.0.1:65072] isIdleTimeoutExpired=false isRemotelyClosed=true isTtlExpired=false
18:09:44.363 [AsyncHttpClient-1-1] DEBUG org.asynchttpclient.netty.channel.DefaultChannelPool - Closing Idle Channel [id: 0x84fe9517, L:/127.0.0.1:65080 ! R:localhost/127.0.0.1:65072]
18:09:44.363 [AsyncHttpClient-1-1] DEBUG org.asynchttpclient.netty.channel.DefaultChannelPool - Adding Candidate expired Channel [id: 0x41a21553, L:/127.0.0.1:65070 ! R:localhost/127.0.0.1:60468] isIdleTimeoutExpired=false isRemotelyClosed=true isTtlExpired=false
18:09:44.363 [AsyncHttpClient-1-1] DEBUG org.asynchttpclient.netty.channel.DefaultChannelPool - Closing Idle Channel [id: 0x41a21553, L:/127.0.0.1:65070 ! R:localhost/127.0.0.1:60468]
18:09:44.363 [AsyncHttpClient-1-1] DEBUG org.asynchttpclient.netty.channel.DefaultChannelPool - Closed 2 connections out of 2 in 1 ms
]]></system-out>
    <system-err><![CDATA[Starting ChromeDriver 100.0.4896.60 (6a5d10861ce8de5fce22564658033b43cb7de047-refs/branch-heads/4896@{#875}) on port 60468
Only local connections are allowed.
Please see https://chromedriver.chromium.org/security-considerations for suggestions on keeping ChromeDriver safe.
ChromeDriver was started successfully.
Apr 12, 2022 6:09:30 PM org.openqa.selenium.remote.ProtocolHandshake createSession
INFO: Detected dialect: W3C
Apr 12, 2022 6:09:30 PM org.openqa.selenium.devtools.CdpVersionFinder findNearestMatch
WARNING: Unable to find an exact match for CDP version 100, so returning the closest version found: 97
Apr 12, 2022 6:09:30 PM org.openqa.selenium.devtools.CdpVersionFinder findNearestMatch
INFO: Found CDP implementation for version 100 of 97
]]></system-err>
  </testcase>
  <testcase name="As user i have be able to choose existing book" classname="As a user I want to visit bookstore So that i can see existing book in store" time="22.634">
    <system-out><![CDATA[
Scenario: As user i have be able to choose existing book &amp#27;[90m# src/test/resources/features/Bookstore.feature:10&amp#27;[0m
18:09:44.750 [main] INFO io.cucumber.core.plugin.SerenityReporter - Running feature from file:///D:/kampus%20merdeka/Intelij/web/src/test/resources/features/Bookstore.feature
18:09:44.753 [main] INFO  - 
  _____   ___   ___   _____     ___   _____     _     ___   _____   ___   ___  
 |_   _| | __| / __| |_   _|   / __| |_   _|   /_\   | _ \ |_   _| | __| |   \ 
   | |   | _|  \__ \   | |     \__ \   | |    / _ \  |   /   | |   | _|  | |) |
   |_|   |___| |___/   |_|     |___/   |_|   /_/ \_\ |_|_\   |_|   |___| |___/ 

As user i have be able to choose existing book(as-a-user-i-want-to-visit-bookstore-so-that-i-can-see-existing-book-in-store;as-user-i-have-be-able-to-choose-existing-book)
--------------------------------------------------------------------------------
18:09:44.855 [main] DEBUG net.thucydides.core.steps.StepInterceptor - STARTING STEP: BookstoreSteps.onBookstorePage - openPage
18:09:44.868 [main] INFO net.serenitybdd.core.webdriver.driverproviders.ChromeDriverProvider - Using automatically driver download
18:09:45.095 [main] DEBUG io.github.bonigarcia.wdm.cache.ResolutionCache - Resolution chrome=100 in cache (valid until 19:03:08 12/04/2022 ICT)
18:09:45.104 [main] DEBUG io.github.bonigarcia.wdm.cache.ResolutionCache - Resolution chrome100=100.0.4896.60 in cache (valid until 16:43:36 13/04/2022 ICT)
18:09:45.107 [main] INFO io.github.bonigarcia.wdm.WebDriverManager - Using chromedriver 100.0.4896.60 (resolved driver for Chrome 100)
18:09:45.130 [main] DEBUG io.github.bonigarcia.wdm.WebDriverManager - Driver chromedriver 100.0.4896.60 found in cache
18:09:45.131 [main] INFO io.github.bonigarcia.wdm.WebDriverManager - Exporting webdriver.chrome.driver as C:\Users\Admin\.cache\selenium\chromedriver\win32\100.0.4896.60\chromedriver.exe
18:09:45.301 [main] DEBUG net.serenitybdd.core.webdriver.driverproviders.ProvideNewDriver - Instantiating driver
18:09:45.301 [main] DEBUG net.serenitybdd.core.webdriver.driverproviders.ProvideNewDriver - Driver capabilities: Capabilities {acceptInsecureCerts: false, base.url: https://demoqa.com/, browserName: chrome, chrome.driver: src/test/resources/webdrive..., driver: chrome, goog:chromeOptions: {args: [], extensions: []}}
18:09:45.877 [AsyncHttpClient-1-5] DEBUG org.asynchttpclient.netty.channel.NettyConnectListener - Using new Channel '[id: 0xff978e24, L:/127.0.0.1:65144 - R:localhost/127.0.0.1:54148]' for 'POST' to '/session'
18:09:47.283 [AsyncHttpClient-1-5] DEBUG org.asynchttpclient.netty.handler.HttpHandler - 

Request DefaultHttpRequest(decodeResult: success, version: HTTP/1.1)
POST /session HTTP/1.1
User-Agent: selenium/4.1.2 (java windows)
Content-Length: 605
Content-Type: application/json; charset=utf-8
host: localhost:54148
accept: */*

Response DefaultHttpResponse(decodeResult: success, version: HTTP/1.1)
HTTP/1.1 200 OK
Content-Type: application/json; charset=utf-8
cache-control: no-cache
content-length: 790

18:09:47.283 [AsyncHttpClient-1-5] DEBUG org.asynchttpclient.netty.channel.ChannelManager - Adding key: http://localhost:54148 for channel [id: 0xff978e24, L:/127.0.0.1:65144 - R:localhost/127.0.0.1:54148]
18:09:47.297 [AsyncHttpClient-1-6] DEBUG org.asynchttpclient.netty.channel.NettyConnectListener - Using new Channel '[id: 0x9be31179, L:/127.0.0.1:65152 - R:localhost/127.0.0.1:65145]' for 'GET' to '/json/version'
18:09:47.299 [AsyncHttpClient-1-6] DEBUG org.asynchttpclient.netty.handler.HttpHandler - 

Request DefaultFullHttpRequest(decodeResult: success, version: HTTP/1.1, content: EmptyByteBufBE)
GET /json/version HTTP/1.1
User-Agent: selenium/4.1.2 (java windows)
host: localhost:65145
accept: */*

Response DefaultHttpResponse(decodeResult: success, version: HTTP/1.1)
HTTP/1.1 200 OK
Content-Type: application/json; charset=UTF-8
content-length: 426

18:09:47.300 [AsyncHttpClient-1-6] DEBUG org.asynchttpclient.netty.channel.ChannelManager - Adding key: http://localhost:65145 for channel [id: 0x9be31179, L:/127.0.0.1:65152 - R:localhost/127.0.0.1:65145]
18:09:47.305 [AsyncHttpClient-1-7] DEBUG org.asynchttpclient.netty.channel.NettyConnectListener - Using new Channel '[id: 0x8cb29766, L:/127.0.0.1:65153 - R:localhost/127.0.0.1:65145]' for 'GET' to '/devtools/browser/d558085a-a120-4329-8a08-493f591586b0'
18:09:47.308 [AsyncHttpClient-1-7] DEBUG org.asynchttpclient.netty.handler.WebSocketHandler - 

Request DefaultFullHttpRequest(decodeResult: success, version: HTTP/1.1, content: EmptyByteBufBE)
GET /devtools/browser/d558085a-a120-4329-8a08-493f591586b0 HTTP/1.1
upgrade: websocket
connection: upgrade
sec-websocket-key: 5/Yr7i6fKFhM6ni8ljBBMw==
sec-websocket-version: 13
origin: http://localhost:65145
host: localhost:65145
accept: */*
user-agent: AHC/2.1

Response DefaultHttpResponse(decodeResult: success, version: HTTP/1.1)
HTTP/1.1 101 WebSocket Protocol Handshake
Upgrade: WebSocket
Connection: Upgrade
Sec-WebSocket-Accept: sjgbcWqOsq2aZJ4vVq7L5YKKeqc=

18:09:47.315 [Forwarding setCurrentWindowSize on session 955c977d21fbcafb4af4efb26f314c4b to remote] DEBUG org.asynchttpclient.netty.request.NettyRequestSender - Using pooled Channel '[id: 0xff978e24, L:/127.0.0.1:65144 - R:localhost/127.0.0.1:54148]' for 'POST' to 'http://localhost:54148/session/955c977d21fbcafb4af4efb26f314c4b/window/rect'
18:09:47.315 [Forwarding setCurrentWindowSize on session 955c977d21fbcafb4af4efb26f314c4b to remote] DEBUG org.asynchttpclient.netty.request.NettyRequestSender - Using open Channel [id: 0xff978e24, L:/127.0.0.1:65144 - R:localhost/127.0.0.1:54148] for POST '/session/955c977d21fbcafb4af4efb26f314c4b/window/rect'
18:09:47.436 [AsyncHttpClient-1-5] DEBUG org.asynchttpclient.netty.handler.HttpHandler - 

Request DefaultHttpRequest(decodeResult: success, version: HTTP/1.1)
POST /session/955c977d21fbcafb4af4efb26f314c4b/window/rect HTTP/1.1
User-Agent: selenium/4.1.2 (java windows)
Content-Length: 36
Content-Type: application/json; charset=utf-8
host: localhost:54148
accept: */*

Response DefaultHttpResponse(decodeResult: success, version: HTTP/1.1)
HTTP/1.1 200 OK
Content-Type: application/json; charset=utf-8
cache-control: no-cache
content-length: 51

18:09:47.436 [AsyncHttpClient-1-5] DEBUG org.asynchttpclient.netty.channel.ChannelManager - Adding key: http://localhost:54148 for channel [id: 0xff978e24, L:/127.0.0.1:65144 - R:localhost/127.0.0.1:54148]
18:09:47.438 [Forwarding setWindowPosition on session 955c977d21fbcafb4af4efb26f314c4b to remote] DEBUG org.asynchttpclient.netty.request.NettyRequestSender - Using pooled Channel '[id: 0xff978e24, L:/127.0.0.1:65144 - R:localhost/127.0.0.1:54148]' for 'POST' to 'http://localhost:54148/session/955c977d21fbcafb4af4efb26f314c4b/window/rect'
18:09:47.438 [Forwarding setWindowPosition on session 955c977d21fbcafb4af4efb26f314c4b to remote] DEBUG org.asynchttpclient.netty.request.NettyRequestSender - Using open Channel [id: 0xff978e24, L:/127.0.0.1:65144 - R:localhost/127.0.0.1:54148] for POST '/session/955c977d21fbcafb4af4efb26f314c4b/window/rect'
18:09:47.545 [AsyncHttpClient-1-5] DEBUG org.asynchttpclient.netty.handler.HttpHandler - 

Request DefaultHttpRequest(decodeResult: success, version: HTTP/1.1)
POST /session/955c977d21fbcafb4af4efb26f314c4b/window/rect HTTP/1.1
User-Agent: selenium/4.1.2 (java windows)
Content-Length: 22
Content-Type: application/json; charset=utf-8
host: localhost:54148
accept: */*

Response DefaultHttpResponse(decodeResult: success, version: HTTP/1.1)
HTTP/1.1 200 OK
Content-Type: application/json; charset=utf-8
cache-control: no-cache
content-length: 49

18:09:47.546 [AsyncHttpClient-1-5] DEBUG org.asynchttpclient.netty.channel.ChannelManager - Adding key: http://localhost:54148 for channel [id: 0xff978e24, L:/127.0.0.1:65144 - R:localhost/127.0.0.1:54148]
18:09:47.551 [Forwarding get on session 955c977d21fbcafb4af4efb26f314c4b to remote] DEBUG org.asynchttpclient.netty.request.NettyRequestSender - Using pooled Channel '[id: 0xff978e24, L:/127.0.0.1:65144 - R:localhost/127.0.0.1:54148]' for 'POST' to 'http://localhost:54148/session/955c977d21fbcafb4af4efb26f314c4b/url'
18:09:47.552 [Forwarding get on session 955c977d21fbcafb4af4efb26f314c4b to remote] DEBUG org.asynchttpclient.netty.request.NettyRequestSender - Using open Channel [id: 0xff978e24, L:/127.0.0.1:65144 - R:localhost/127.0.0.1:54148] for POST '/session/955c977d21fbcafb4af4efb26f314c4b/url'
18:09:47.661 [AsyncHttpClient-1-1] DEBUG org.asynchttpclient.netty.channel.DefaultChannelPool - Entry count for : http://localhost:65145 : 1
18:09:48.761 [AsyncHttpClient-1-1] DEBUG org.asynchttpclient.netty.channel.DefaultChannelPool - Entry count for : http://localhost:65145 : 1
18:09:49.864 [AsyncHttpClient-1-1] DEBUG org.asynchttpclient.netty.channel.DefaultChannelPool - Entry count for : http://localhost:65145 : 1
18:09:50.967 [AsyncHttpClient-1-1] DEBUG org.asynchttpclient.netty.channel.DefaultChannelPool - Entry count for : http://localhost:65145 : 1
18:09:52.062 [AsyncHttpClient-1-1] DEBUG org.asynchttpclient.netty.channel.DefaultChannelPool - Entry count for : http://localhost:65145 : 1
18:09:53.164 [AsyncHttpClient-1-1] DEBUG org.asynchttpclient.netty.channel.DefaultChannelPool - Entry count for : http://localhost:65145 : 1
18:09:54.265 [AsyncHttpClient-1-1] DEBUG org.asynchttpclient.netty.channel.DefaultChannelPool - Entry count for : http://localhost:65145 : 1
18:09:55.178 [AsyncHttpClient-1-5] DEBUG org.asynchttpclient.netty.handler.HttpHandler - 

Request DefaultHttpRequest(decodeResult: success, version: HTTP/1.1)
POST /session/955c977d21fbcafb4af4efb26f314c4b/url HTTP/1.1
User-Agent: selenium/4.1.2 (java windows)
Content-Length: 49
Content-Type: application/json; charset=utf-8
host: localhost:54148
accept: */*

Response DefaultHttpResponse(decodeResult: success, version: HTTP/1.1)
HTTP/1.1 200 OK
Content-Type: application/json; charset=utf-8
cache-control: no-cache
content-length: 14

18:09:55.179 [AsyncHttpClient-1-5] DEBUG org.asynchttpclient.netty.channel.ChannelManager - Adding key: http://localhost:54148 for channel [id: 0xff978e24, L:/127.0.0.1:65144 - R:localhost/127.0.0.1:54148]
18:09:55.187 [Forwarding setTimeout on session 955c977d21fbcafb4af4efb26f314c4b to remote] DEBUG org.asynchttpclient.netty.request.NettyRequestSender - Using pooled Channel '[id: 0xff978e24, L:/127.0.0.1:65144 - R:localhost/127.0.0.1:54148]' for 'POST' to 'http://localhost:54148/session/955c977d21fbcafb4af4efb26f314c4b/timeouts'
18:09:55.187 [Forwarding setTimeout on session 955c977d21fbcafb4af4efb26f314c4b to remote] DEBUG org.asynchttpclient.netty.request.NettyRequestSender - Using open Channel [id: 0xff978e24, L:/127.0.0.1:65144 - R:localhost/127.0.0.1:54148] for POST '/session/955c977d21fbcafb4af4efb26f314c4b/timeouts'
18:09:55.190 [AsyncHttpClient-1-5] DEBUG org.asynchttpclient.netty.handler.HttpHandler - 

Request DefaultHttpRequest(decodeResult: success, version: HTTP/1.1)
POST /session/955c977d21fbcafb4af4efb26f314c4b/timeouts HTTP/1.1
User-Agent: selenium/4.1.2 (java windows)
Content-Length: 22
Content-Type: application/json; charset=utf-8
host: localhost:54148
accept: */*

Response DefaultHttpResponse(decodeResult: success, version: HTTP/1.1)
HTTP/1.1 200 OK
Content-Type: application/json; charset=utf-8
cache-control: no-cache
content-length: 14

18:09:55.190 [AsyncHttpClient-1-5] DEBUG org.asynchttpclient.netty.channel.ChannelManager - Adding key: http://localhost:54148 for channel [id: 0xff978e24, L:/127.0.0.1:65144 - R:localhost/127.0.0.1:54148]
18:09:55.198 [Forwarding getCurrentUrl on session 955c977d21fbcafb4af4efb26f314c4b to remote] DEBUG org.asynchttpclient.netty.request.NettyRequestSender - Using pooled Channel '[id: 0xff978e24, L:/127.0.0.1:65144 - R:localhost/127.0.0.1:54148]' for 'GET' to 'http://localhost:54148/session/955c977d21fbcafb4af4efb26f314c4b/url'
18:09:55.198 [Forwarding getCurrentUrl on session 955c977d21fbcafb4af4efb26f314c4b to remote] DEBUG org.asynchttpclient.netty.request.NettyRequestSender - Using open Channel [id: 0xff978e24, L:/127.0.0.1:65144 - R:localhost/127.0.0.1:54148] for GET '/session/955c977d21fbcafb4af4efb26f314c4b/url'
18:09:55.205 [AsyncHttpClient-1-5] DEBUG org.asynchttpclient.netty.handler.HttpHandler - 

Request DefaultFullHttpRequest(decodeResult: success, version: HTTP/1.1, content: EmptyByteBufBE)
GET /session/955c977d21fbcafb4af4efb26f314c4b/url HTTP/1.1
User-Agent: selenium/4.1.2 (java windows)
Cache-Control: no-cache
Content-Type: application/json; charset=utf-8
host: localhost:54148
accept: */*

Response DefaultHttpResponse(decodeResult: success, version: HTTP/1.1)
HTTP/1.1 200 OK
Content-Type: application/json; charset=utf-8
cache-control: no-cache
content-length: 31

18:09:55.206 [AsyncHttpClient-1-5] DEBUG org.asynchttpclient.netty.channel.ChannelManager - Adding key: http://localhost:54148 for channel [id: 0xff978e24, L:/127.0.0.1:65144 - R:localhost/127.0.0.1:54148]
18:09:55.210 [Forwarding getCurrentUrl on session 955c977d21fbcafb4af4efb26f314c4b to remote] DEBUG org.asynchttpclient.netty.request.NettyRequestSender - Using pooled Channel '[id: 0xff978e24, L:/127.0.0.1:65144 - R:localhost/127.0.0.1:54148]' for 'GET' to 'http://localhost:54148/session/955c977d21fbcafb4af4efb26f314c4b/url'
18:09:55.210 [Forwarding getCurrentUrl on session 955c977d21fbcafb4af4efb26f314c4b to remote] DEBUG org.asynchttpclient.netty.request.NettyRequestSender - Using open Channel [id: 0xff978e24, L:/127.0.0.1:65144 - R:localhost/127.0.0.1:54148] for GET '/session/955c977d21fbcafb4af4efb26f314c4b/url'
18:09:55.218 [AsyncHttpClient-1-5] DEBUG org.asynchttpclient.netty.handler.HttpHandler - 

Request DefaultFullHttpRequest(decodeResult: success, version: HTTP/1.1, content: EmptyByteBufBE)
GET /session/955c977d21fbcafb4af4efb26f314c4b/url HTTP/1.1
User-Agent: selenium/4.1.2 (java windows)
Cache-Control: no-cache
Content-Type: application/json; charset=utf-8
host: localhost:54148
accept: */*

Response DefaultHttpResponse(decodeResult: success, version: HTTP/1.1)
HTTP/1.1 200 OK
Content-Type: application/json; charset=utf-8
cache-control: no-cache
content-length: 31

18:09:55.219 [AsyncHttpClient-1-5] DEBUG org.asynchttpclient.netty.channel.ChannelManager - Adding key: http://localhost:54148 for channel [id: 0xff978e24, L:/127.0.0.1:65144 - R:localhost/127.0.0.1:54148]
18:09:55.228 [Forwarding screenshot on session 955c977d21fbcafb4af4efb26f314c4b to remote] DEBUG org.asynchttpclient.netty.request.NettyRequestSender - Using pooled Channel '[id: 0xff978e24, L:/127.0.0.1:65144 - R:localhost/127.0.0.1:54148]' for 'GET' to 'http://localhost:54148/session/955c977d21fbcafb4af4efb26f314c4b/screenshot'
18:09:55.229 [Forwarding screenshot on session 955c977d21fbcafb4af4efb26f314c4b to remote] DEBUG org.asynchttpclient.netty.request.NettyRequestSender - Using open Channel [id: 0xff978e24, L:/127.0.0.1:65144 - R:localhost/127.0.0.1:54148] for GET '/session/955c977d21fbcafb4af4efb26f314c4b/screenshot'
18:09:55.361 [AsyncHttpClient-1-1] DEBUG org.asynchttpclient.netty.channel.DefaultChannelPool - Entry count for : http://localhost:65145 : 1
18:09:55.392 [AsyncHttpClient-1-5] DEBUG org.asynchttpclient.netty.handler.HttpHandler - 

Request DefaultFullHttpRequest(decodeResult: success, version: HTTP/1.1, content: EmptyByteBufBE)
GET /session/955c977d21fbcafb4af4efb26f314c4b/screenshot HTTP/1.1
User-Agent: selenium/4.1.2 (java windows)
Cache-Control: no-cache
Content-Type: application/json; charset=utf-8
host: localhost:54148
accept: */*

Response DefaultHttpResponse(decodeResult: success, version: HTTP/1.1)
HTTP/1.1 200 OK
Content-Type: application/json; charset=utf-8
cache-control: no-cache
content-length: 248376

18:09:55.395 [AsyncHttpClient-1-5] DEBUG org.asynchttpclient.netty.channel.ChannelManager - Adding key: http://localhost:54148 for channel [id: 0xff978e24, L:/127.0.0.1:65144 - R:localhost/127.0.0.1:54148]
18:09:55.408 [main] DEBUG net.serenitybdd.core.photography.Darkroom - Send negative for processing for target\site\serenity\f50f3b7680b949f8b75944bc5cb389af400a2c7d63f44abdceebc67d02c055ce.png
18:09:55.409 [main] DEBUG net.thucydides.core.steps.StepInterceptor - STEP DONE: openPage
18:09:55.409 [Darkroom Processing Line] DEBUG net.serenitybdd.core.photography.DarkroomProcessingLine - Processing screenshot image in /var/screenshots/screenshot-7855823814091025118
18:09:55.409 [Darkroom Processing Line] DEBUG net.serenitybdd.core.photography.DarkroomProcessingLine - Saving screenshot to target\site\serenity\f50f3b7680b949f8b75944bc5cb389af400a2c7d63f44abdceebc67d02c055ce.png
18:09:55.418 [main] DEBUG net.thucydides.core.steps.StepInterceptor - STARTING STEP: BookstoreSteps.onBookstorePage - validationHomePage
18:09:55.423 [Forwarding findElement on session 955c977d21fbcafb4af4efb26f314c4b to remote] DEBUG org.asynchttpclient.netty.request.NettyRequestSender - Using pooled Channel '[id: 0xff978e24, L:/127.0.0.1:65144 - R:localhost/127.0.0.1:54148]' for 'POST' to 'http://localhost:54148/session/955c977d21fbcafb4af4efb26f314c4b/element'
18:09:55.423 [Forwarding findElement on session 955c977d21fbcafb4af4efb26f314c4b to remote] DEBUG org.asynchttpclient.netty.request.NettyRequestSender - Using open Channel [id: 0xff978e24, L:/127.0.0.1:65144 - R:localhost/127.0.0.1:54148] for POST '/session/955c977d21fbcafb4af4efb26f314c4b/element'
18:09:55.427 [AsyncHttpClient-1-5] DEBUG org.asynchttpclient.netty.handler.HttpHandler - 

Request DefaultHttpRequest(decodeResult: success, version: HTTP/1.1)
POST /session/955c977d21fbcafb4af4efb26f314c4b/element HTTP/1.1
User-Agent: selenium/4.1.2 (java windows)
Content-Length: 48
Content-Type: application/json; charset=utf-8
host: localhost:54148
accept: */*

Response DefaultHttpResponse(decodeResult: success, version: HTTP/1.1)
HTTP/1.1 400 Bad Request
Content-Type: application/json; charset=utf-8
cache-control: no-cache
content-length: 957

18:09:55.427 [AsyncHttpClient-1-5] DEBUG org.asynchttpclient.netty.channel.ChannelManager - Adding key: http://localhost:54148 for channel [id: 0xff978e24, L:/127.0.0.1:65144 - R:localhost/127.0.0.1:54148]
18:09:55.431 [Forwarding findElement on session 955c977d21fbcafb4af4efb26f314c4b to remote] DEBUG org.asynchttpclient.netty.request.NettyRequestSender - Using pooled Channel '[id: 0xff978e24, L:/127.0.0.1:65144 - R:localhost/127.0.0.1:54148]' for 'POST' to 'http://localhost:54148/session/955c977d21fbcafb4af4efb26f314c4b/element'
18:09:55.431 [Forwarding findElement on session 955c977d21fbcafb4af4efb26f314c4b to remote] DEBUG org.asynchttpclient.netty.request.NettyRequestSender - Using open Channel [id: 0xff978e24, L:/127.0.0.1:65144 - R:localhost/127.0.0.1:54148] for POST '/session/955c977d21fbcafb4af4efb26f314c4b/element'
18:09:55.443 [AsyncHttpClient-1-5] DEBUG org.asynchttpclient.netty.handler.HttpHandler - 

Request DefaultHttpRequest(decodeResult: success, version: HTTP/1.1)
POST /session/955c977d21fbcafb4af4efb26f314c4b/element HTTP/1.1
User-Agent: selenium/4.1.2 (java windows)
Content-Length: 58
Content-Type: application/json; charset=utf-8
host: localhost:54148
accept: */*

Response DefaultHttpResponse(decodeResult: success, version: HTTP/1.1)
HTTP/1.1 200 OK
Content-Type: application/json; charset=utf-8
cache-control: no-cache
content-length: 88

18:09:55.444 [AsyncHttpClient-1-5] DEBUG org.asynchttpclient.netty.channel.ChannelManager - Adding key: http://localhost:54148 for channel [id: 0xff978e24, L:/127.0.0.1:65144 - R:localhost/127.0.0.1:54148]
18:09:55.451 [Forwarding isElementDisplayed on session 955c977d21fbcafb4af4efb26f314c4b to remote] DEBUG org.asynchttpclient.netty.request.NettyRequestSender - Using pooled Channel '[id: 0xff978e24, L:/127.0.0.1:65144 - R:localhost/127.0.0.1:54148]' for 'POST' to 'http://localhost:54148/session/955c977d21fbcafb4af4efb26f314c4b/execute/sync'
18:09:55.451 [Forwarding isElementDisplayed on session 955c977d21fbcafb4af4efb26f314c4b to remote] DEBUG org.asynchttpclient.netty.request.NettyRequestSender - Using open Channel [id: 0xff978e24, L:/127.0.0.1:65144 - R:localhost/127.0.0.1:54148] for POST '/session/955c977d21fbcafb4af4efb26f314c4b/execute/sync'
18:09:55.469 [AsyncHttpClient-1-5] DEBUG org.asynchttpclient.netty.handler.HttpHandler - 

Request DefaultHttpRequest(decodeResult: success, version: HTTP/1.1)
POST /session/955c977d21fbcafb4af4efb26f314c4b/execute/sync HTTP/1.1
User-Agent: selenium/4.1.2 (java windows)
Content-Length: 48780
Content-Type: application/json; charset=utf-8
host: localhost:54148
accept: */*

Response DefaultHttpResponse(decodeResult: success, version: HTTP/1.1)
HTTP/1.1 200 OK
Content-Type: application/json; charset=utf-8
cache-control: no-cache
content-length: 14

18:09:55.469 [AsyncHttpClient-1-5] DEBUG org.asynchttpclient.netty.channel.ChannelManager - Adding key: http://localhost:54148 for channel [id: 0xff978e24, L:/127.0.0.1:65144 - R:localhost/127.0.0.1:54148]
18:09:55.475 [Forwarding screenshot on session 955c977d21fbcafb4af4efb26f314c4b to remote] DEBUG org.asynchttpclient.netty.request.NettyRequestSender - Using pooled Channel '[id: 0xff978e24, L:/127.0.0.1:65144 - R:localhost/127.0.0.1:54148]' for 'GET' to 'http://localhost:54148/session/955c977d21fbcafb4af4efb26f314c4b/screenshot'
18:09:55.476 [Forwarding screenshot on session 955c977d21fbcafb4af4efb26f314c4b to remote] DEBUG org.asynchttpclient.netty.request.NettyRequestSender - Using open Channel [id: 0xff978e24, L:/127.0.0.1:65144 - R:localhost/127.0.0.1:54148] for GET '/session/955c977d21fbcafb4af4efb26f314c4b/screenshot'
18:09:55.687 [AsyncHttpClient-1-5] DEBUG org.asynchttpclient.netty.handler.HttpHandler - 

Request DefaultFullHttpRequest(decodeResult: success, version: HTTP/1.1, content: EmptyByteBufBE)
GET /session/955c977d21fbcafb4af4efb26f314c4b/screenshot HTTP/1.1
User-Agent: selenium/4.1.2 (java windows)
Cache-Control: no-cache
Content-Type: application/json; charset=utf-8
host: localhost:54148
accept: */*

Response DefaultHttpResponse(decodeResult: success, version: HTTP/1.1)
HTTP/1.1 200 OK
Content-Type: application/json; charset=utf-8
cache-control: no-cache
content-length: 248376

18:09:55.689 [AsyncHttpClient-1-5] DEBUG org.asynchttpclient.netty.channel.ChannelManager - Adding key: http://localhost:54148 for channel [id: 0xff978e24, L:/127.0.0.1:65144 - R:localhost/127.0.0.1:54148]
18:09:55.703 [main] DEBUG net.serenitybdd.core.photography.Darkroom - Send negative for processing for target\site\serenity\f50f3b7680b949f8b75944bc5cb389af400a2c7d63f44abdceebc67d02c055ce.png
18:09:55.704 [main] DEBUG net.thucydides.core.steps.StepInterceptor - STEP DONE: validationHomePage
  &amp#27;[32mGiven &amp#27;[0m&amp#27;[32mi am on the home page&amp#27;[0m                            &amp#27;[90m# starter.stepdefenitions.BookstoreSteps.onBookstorePage()&amp#27;[0m
18:09:55.724 [main] DEBUG net.thucydides.core.steps.StepInterceptor - STARTING STEP: BookstoreSteps.clickFeatureBookstore - clickFeatureBookstore
18:09:55.729 [Forwarding findElement on session 955c977d21fbcafb4af4efb26f314c4b to remote] DEBUG org.asynchttpclient.netty.request.NettyRequestSender - Using pooled Channel '[id: 0xff978e24, L:/127.0.0.1:65144 - R:localhost/127.0.0.1:54148]' for 'POST' to 'http://localhost:54148/session/955c977d21fbcafb4af4efb26f314c4b/element'
18:09:55.729 [Forwarding findElement on session 955c977d21fbcafb4af4efb26f314c4b to remote] DEBUG org.asynchttpclient.netty.request.NettyRequestSender - Using open Channel [id: 0xff978e24, L:/127.0.0.1:65144 - R:localhost/127.0.0.1:54148] for POST '/session/955c977d21fbcafb4af4efb26f314c4b/element'
18:09:55.743 [AsyncHttpClient-1-5] DEBUG org.asynchttpclient.netty.handler.HttpHandler - 

Request DefaultHttpRequest(decodeResult: success, version: HTTP/1.1)
POST /session/955c977d21fbcafb4af4efb26f314c4b/element HTTP/1.1
User-Agent: selenium/4.1.2 (java windows)
Content-Length: 86
Content-Type: application/json; charset=utf-8
host: localhost:54148
accept: */*

Response DefaultHttpResponse(decodeResult: success, version: HTTP/1.1)
HTTP/1.1 200 OK
Content-Type: application/json; charset=utf-8
cache-control: no-cache
content-length: 88

18:09:55.744 [AsyncHttpClient-1-5] DEBUG org.asynchttpclient.netty.channel.ChannelManager - Adding key: http://localhost:54148 for channel [id: 0xff978e24, L:/127.0.0.1:65144 - R:localhost/127.0.0.1:54148]
18:09:55.746 [Forwarding getElementTagName on session 955c977d21fbcafb4af4efb26f314c4b to remote] DEBUG org.asynchttpclient.netty.request.NettyRequestSender - Using pooled Channel '[id: 0xff978e24, L:/127.0.0.1:65144 - R:localhost/127.0.0.1:54148]' for 'GET' to 'http://localhost:54148/session/955c977d21fbcafb4af4efb26f314c4b/element/b9516619-19ec-4949-9238-b132cd38eeb3/name'
18:09:55.746 [Forwarding getElementTagName on session 955c977d21fbcafb4af4efb26f314c4b to remote] DEBUG org.asynchttpclient.netty.request.NettyRequestSender - Using open Channel [id: 0xff978e24, L:/127.0.0.1:65144 - R:localhost/127.0.0.1:54148] for GET '/session/955c977d21fbcafb4af4efb26f314c4b/element/b9516619-19ec-4949-9238-b132cd38eeb3/name'
18:09:55.752 [AsyncHttpClient-1-5] DEBUG org.asynchttpclient.netty.handler.HttpHandler - 

Request DefaultFullHttpRequest(decodeResult: success, version: HTTP/1.1, content: EmptyByteBufBE)
GET /session/955c977d21fbcafb4af4efb26f314c4b/element/b9516619-19ec-4949-9238-b132cd38eeb3/name HTTP/1.1
User-Agent: selenium/4.1.2 (java windows)
Cache-Control: no-cache
Content-Type: application/json; charset=utf-8
host: localhost:54148
accept: */*

Response DefaultHttpResponse(decodeResult: success, version: HTTP/1.1)
HTTP/1.1 200 OK
Content-Type: application/json; charset=utf-8
cache-control: no-cache
content-length: 15

18:09:55.753 [AsyncHttpClient-1-5] DEBUG org.asynchttpclient.netty.channel.ChannelManager - Adding key: http://localhost:54148 for channel [id: 0xff978e24, L:/127.0.0.1:65144 - R:localhost/127.0.0.1:54148]
18:09:55.755 [Forwarding getElementTagName on session 955c977d21fbcafb4af4efb26f314c4b to remote] DEBUG org.asynchttpclient.netty.request.NettyRequestSender - Using pooled Channel '[id: 0xff978e24, L:/127.0.0.1:65144 - R:localhost/127.0.0.1:54148]' for 'GET' to 'http://localhost:54148/session/955c977d21fbcafb4af4efb26f314c4b/element/b9516619-19ec-4949-9238-b132cd38eeb3/name'
18:09:55.755 [Forwarding getElementTagName on session 955c977d21fbcafb4af4efb26f314c4b to remote] DEBUG org.asynchttpclient.netty.request.NettyRequestSender - Using open Channel [id: 0xff978e24, L:/127.0.0.1:65144 - R:localhost/127.0.0.1:54148] for GET '/session/955c977d21fbcafb4af4efb26f314c4b/element/b9516619-19ec-4949-9238-b132cd38eeb3/name'
18:09:55.759 [AsyncHttpClient-1-5] DEBUG org.asynchttpclient.netty.handler.HttpHandler - 

Request DefaultFullHttpRequest(decodeResult: success, version: HTTP/1.1, content: EmptyByteBufBE)
GET /session/955c977d21fbcafb4af4efb26f314c4b/element/b9516619-19ec-4949-9238-b132cd38eeb3/name HTTP/1.1
User-Agent: selenium/4.1.2 (java windows)
Cache-Control: no-cache
Content-Type: application/json; charset=utf-8
host: localhost:54148
accept: */*

Response DefaultHttpResponse(decodeResult: success, version: HTTP/1.1)
HTTP/1.1 200 OK
Content-Type: application/json; charset=utf-8
cache-control: no-cache
content-length: 15

18:09:55.759 [AsyncHttpClient-1-5] DEBUG org.asynchttpclient.netty.channel.ChannelManager - Adding key: http://localhost:54148 for channel [id: 0xff978e24, L:/127.0.0.1:65144 - R:localhost/127.0.0.1:54148]
18:09:55.762 [Forwarding findElement on session 955c977d21fbcafb4af4efb26f314c4b to remote] DEBUG org.asynchttpclient.netty.request.NettyRequestSender - Using pooled Channel '[id: 0xff978e24, L:/127.0.0.1:65144 - R:localhost/127.0.0.1:54148]' for 'POST' to 'http://localhost:54148/session/955c977d21fbcafb4af4efb26f314c4b/element'
18:09:55.762 [Forwarding findElement on session 955c977d21fbcafb4af4efb26f314c4b to remote] DEBUG org.asynchttpclient.netty.request.NettyRequestSender - Using open Channel [id: 0xff978e24, L:/127.0.0.1:65144 - R:localhost/127.0.0.1:54148] for POST '/session/955c977d21fbcafb4af4efb26f314c4b/element'
18:09:55.770 [AsyncHttpClient-1-5] DEBUG org.asynchttpclient.netty.handler.HttpHandler - 

Request DefaultHttpRequest(decodeResult: success, version: HTTP/1.1)
POST /session/955c977d21fbcafb4af4efb26f314c4b/element HTTP/1.1
User-Agent: selenium/4.1.2 (java windows)
Content-Length: 86
Content-Type: application/json; charset=utf-8
host: localhost:54148
accept: */*

Response DefaultHttpResponse(decodeResult: success, version: HTTP/1.1)
HTTP/1.1 200 OK
Content-Type: application/json; charset=utf-8
cache-control: no-cache
content-length: 88

18:09:55.771 [AsyncHttpClient-1-5] DEBUG org.asynchttpclient.netty.channel.ChannelManager - Adding key: http://localhost:54148 for channel [id: 0xff978e24, L:/127.0.0.1:65144 - R:localhost/127.0.0.1:54148]
18:09:55.772 [Forwarding clickElement on session 955c977d21fbcafb4af4efb26f314c4b to remote] DEBUG org.asynchttpclient.netty.request.NettyRequestSender - Using pooled Channel '[id: 0xff978e24, L:/127.0.0.1:65144 - R:localhost/127.0.0.1:54148]' for 'POST' to 'http://localhost:54148/session/955c977d21fbcafb4af4efb26f314c4b/element/b9516619-19ec-4949-9238-b132cd38eeb3/click'
18:09:55.773 [Forwarding clickElement on session 955c977d21fbcafb4af4efb26f314c4b to remote] DEBUG org.asynchttpclient.netty.request.NettyRequestSender - Using open Channel [id: 0xff978e24, L:/127.0.0.1:65144 - R:localhost/127.0.0.1:54148] for POST '/session/955c977d21fbcafb4af4efb26f314c4b/element/b9516619-19ec-4949-9238-b132cd38eeb3/click'
18:09:55.901 [AsyncHttpClient-1-5] DEBUG org.asynchttpclient.netty.handler.HttpHandler - 

Request DefaultHttpRequest(decodeResult: success, version: HTTP/1.1)
POST /session/955c977d21fbcafb4af4efb26f314c4b/element/b9516619-19ec-4949-9238-b132cd38eeb3/click HTTP/1.1
User-Agent: selenium/4.1.2 (java windows)
Content-Length: 50
Content-Type: application/json; charset=utf-8
host: localhost:54148
accept: */*

Response DefaultHttpResponse(decodeResult: success, version: HTTP/1.1)
HTTP/1.1 200 OK
Content-Type: application/json; charset=utf-8
cache-control: no-cache
content-length: 14

18:09:55.902 [AsyncHttpClient-1-5] DEBUG org.asynchttpclient.netty.channel.ChannelManager - Adding key: http://localhost:54148 for channel [id: 0xff978e24, L:/127.0.0.1:65144 - R:localhost/127.0.0.1:54148]
18:09:55.934 [Forwarding screenshot on session 955c977d21fbcafb4af4efb26f314c4b to remote] DEBUG org.asynchttpclient.netty.request.NettyRequestSender - Using pooled Channel '[id: 0xff978e24, L:/127.0.0.1:65144 - R:localhost/127.0.0.1:54148]' for 'GET' to 'http://localhost:54148/session/955c977d21fbcafb4af4efb26f314c4b/screenshot'
18:09:55.934 [Forwarding screenshot on session 955c977d21fbcafb4af4efb26f314c4b to remote] DEBUG org.asynchttpclient.netty.request.NettyRequestSender - Using open Channel [id: 0xff978e24, L:/127.0.0.1:65144 - R:localhost/127.0.0.1:54148] for GET '/session/955c977d21fbcafb4af4efb26f314c4b/screenshot'
18:09:56.264 [AsyncHttpClient-1-5] DEBUG org.asynchttpclient.netty.handler.HttpHandler - 

Request DefaultFullHttpRequest(decodeResult: success, version: HTTP/1.1, content: EmptyByteBufBE)
GET /session/955c977d21fbcafb4af4efb26f314c4b/screenshot HTTP/1.1
User-Agent: selenium/4.1.2 (java windows)
Cache-Control: no-cache
Content-Type: application/json; charset=utf-8
host: localhost:54148
accept: */*

Response DefaultHttpResponse(decodeResult: success, version: HTTP/1.1)
HTTP/1.1 200 OK
Content-Type: application/json; charset=utf-8
cache-control: no-cache
content-length: 167156

18:09:56.268 [AsyncHttpClient-1-5] DEBUG org.asynchttpclient.netty.channel.ChannelManager - Adding key: http://localhost:54148 for channel [id: 0xff978e24, L:/127.0.0.1:65144 - R:localhost/127.0.0.1:54148]
18:09:56.288 [main] DEBUG net.serenitybdd.core.photography.Darkroom - Send negative for processing for target\site\serenity\fcd017af135c92836922c0821b9a318ec8c2a6ed93f7a0d3c21133019d224257.png
18:09:56.288 [main] DEBUG net.thucydides.core.steps.StepInterceptor - STEP DONE: clickFeatureBookstore
18:09:56.288 [Darkroom Processing Line] DEBUG net.serenitybdd.core.photography.DarkroomProcessingLine - Processing screenshot image in /var/screenshots/screenshot-2122774934749763988
  &amp#27;[32mWhen &amp#27;[0m&amp#27;[32mi click feature bookstore&amp#27;[0m                         &amp#27;[90m# starter.stepdefenitions.BookstoreSteps.clickFeatureBookstore()&amp#27;[0m
18:09:56.288 [Darkroom Processing Line] DEBUG net.serenitybdd.core.photography.DarkroomProcessingLine - Saving screenshot to target\site\serenity\fcd017af135c92836922c0821b9a318ec8c2a6ed93f7a0d3c21133019d224257.png
18:09:56.354 [Forwarding screenshot on session 955c977d21fbcafb4af4efb26f314c4b to remote] DEBUG org.asynchttpclient.netty.request.NettyRequestSender - Using pooled Channel '[id: 0xff978e24, L:/127.0.0.1:65144 - R:localhost/127.0.0.1:54148]' for 'GET' to 'http://localhost:54148/session/955c977d21fbcafb4af4efb26f314c4b/screenshot'
18:09:56.355 [Forwarding screenshot on session 955c977d21fbcafb4af4efb26f314c4b to remote] DEBUG org.asynchttpclient.netty.request.NettyRequestSender - Using open Channel [id: 0xff978e24, L:/127.0.0.1:65144 - R:localhost/127.0.0.1:54148] for GET '/session/955c977d21fbcafb4af4efb26f314c4b/screenshot'
18:09:56.462 [AsyncHttpClient-1-1] DEBUG org.asynchttpclient.netty.channel.DefaultChannelPool - Entry count for : http://localhost:65145 : 1
18:09:56.649 [AsyncHttpClient-1-5] DEBUG org.asynchttpclient.netty.handler.HttpHandler - 

Request DefaultFullHttpRequest(decodeResult: success, version: HTTP/1.1, content: EmptyByteBufBE)
GET /session/955c977d21fbcafb4af4efb26f314c4b/screenshot HTTP/1.1
User-Agent: selenium/4.1.2 (java windows)
Cache-Control: no-cache
Content-Type: application/json; charset=utf-8
host: localhost:54148
accept: */*

Response DefaultHttpResponse(decodeResult: success, version: HTTP/1.1)
HTTP/1.1 200 OK
Content-Type: application/json; charset=utf-8
cache-control: no-cache
content-length: 283496

18:09:56.652 [AsyncHttpClient-1-5] DEBUG org.asynchttpclient.netty.channel.ChannelManager - Adding key: http://localhost:54148 for channel [id: 0xff978e24, L:/127.0.0.1:65144 - R:localhost/127.0.0.1:54148]
18:09:56.687 [main] DEBUG net.serenitybdd.core.photography.Darkroom - Send negative for processing for target\site\serenity\034cd48e9bfdc69507031c9736c51fc6d105ab9b53d9d2c380910f907d394a72.png
18:09:56.688 [Darkroom Processing Line] DEBUG net.serenitybdd.core.photography.DarkroomProcessingLine - Processing screenshot image in /var/screenshots/screenshot-3702248705170006232
18:09:56.688 [Darkroom Processing Line] DEBUG net.serenitybdd.core.photography.DarkroomProcessingLine - Saving screenshot to target\site\serenity\034cd48e9bfdc69507031c9736c51fc6d105ab9b53d9d2c380910f907d394a72.png
18:09:56.688 [main] DEBUG net.thucydides.core.steps.StepInterceptor - STARTING STEP: BookstoreSteps.onTheBookstorePage - validationOnBookstorePage
18:09:56.695 [Forwarding findElement on session 955c977d21fbcafb4af4efb26f314c4b to remote] DEBUG org.asynchttpclient.netty.request.NettyRequestSender - Using pooled Channel '[id: 0xff978e24, L:/127.0.0.1:65144 - R:localhost/127.0.0.1:54148]' for 'POST' to 'http://localhost:54148/session/955c977d21fbcafb4af4efb26f314c4b/element'
18:09:56.695 [Forwarding findElement on session 955c977d21fbcafb4af4efb26f314c4b to remote] DEBUG org.asynchttpclient.netty.request.NettyRequestSender - Using open Channel [id: 0xff978e24, L:/127.0.0.1:65144 - R:localhost/127.0.0.1:54148] for POST '/session/955c977d21fbcafb4af4efb26f314c4b/element'
18:09:56.939 [AsyncHttpClient-1-5] DEBUG org.asynchttpclient.netty.handler.HttpHandler - 

Request DefaultHttpRequest(decodeResult: success, version: HTTP/1.1)
POST /session/955c977d21fbcafb4af4efb26f314c4b/element HTTP/1.1
User-Agent: selenium/4.1.2 (java windows)
Content-Length: 58
Content-Type: application/json; charset=utf-8
host: localhost:54148
accept: */*

Response DefaultHttpResponse(decodeResult: success, version: HTTP/1.1)
HTTP/1.1 200 OK
Content-Type: application/json; charset=utf-8
cache-control: no-cache
content-length: 88

18:09:56.939 [AsyncHttpClient-1-5] DEBUG org.asynchttpclient.netty.channel.ChannelManager - Adding key: http://localhost:54148 for channel [id: 0xff978e24, L:/127.0.0.1:65144 - R:localhost/127.0.0.1:54148]
18:09:56.944 [Forwarding isElementDisplayed on session 955c977d21fbcafb4af4efb26f314c4b to remote] DEBUG org.asynchttpclient.netty.request.NettyRequestSender - Using pooled Channel '[id: 0xff978e24, L:/127.0.0.1:65144 - R:localhost/127.0.0.1:54148]' for 'POST' to 'http://localhost:54148/session/955c977d21fbcafb4af4efb26f314c4b/execute/sync'
18:09:56.945 [Forwarding isElementDisplayed on session 955c977d21fbcafb4af4efb26f314c4b to remote] DEBUG org.asynchttpclient.netty.request.NettyRequestSender - Using open Channel [id: 0xff978e24, L:/127.0.0.1:65144 - R:localhost/127.0.0.1:54148] for POST '/session/955c977d21fbcafb4af4efb26f314c4b/execute/sync'
18:09:56.969 [AsyncHttpClient-1-5] DEBUG org.asynchttpclient.netty.handler.HttpHandler - 

Request DefaultHttpRequest(decodeResult: success, version: HTTP/1.1)
POST /session/955c977d21fbcafb4af4efb26f314c4b/execute/sync HTTP/1.1
User-Agent: selenium/4.1.2 (java windows)
Content-Length: 48780
Content-Type: application/json; charset=utf-8
host: localhost:54148
accept: */*

Response DefaultHttpResponse(decodeResult: success, version: HTTP/1.1)
HTTP/1.1 200 OK
Content-Type: application/json; charset=utf-8
cache-control: no-cache
content-length: 14

18:09:56.969 [AsyncHttpClient-1-5] DEBUG org.asynchttpclient.netty.channel.ChannelManager - Adding key: http://localhost:54148 for channel [id: 0xff978e24, L:/127.0.0.1:65144 - R:localhost/127.0.0.1:54148]
18:09:56.980 [Forwarding screenshot on session 955c977d21fbcafb4af4efb26f314c4b to remote] DEBUG org.asynchttpclient.netty.request.NettyRequestSender - Using pooled Channel '[id: 0xff978e24, L:/127.0.0.1:65144 - R:localhost/127.0.0.1:54148]' for 'GET' to 'http://localhost:54148/session/955c977d21fbcafb4af4efb26f314c4b/screenshot'
18:09:56.980 [Forwarding screenshot on session 955c977d21fbcafb4af4efb26f314c4b to remote] DEBUG org.asynchttpclient.netty.request.NettyRequestSender - Using open Channel [id: 0xff978e24, L:/127.0.0.1:65144 - R:localhost/127.0.0.1:54148] for GET '/session/955c977d21fbcafb4af4efb26f314c4b/screenshot'
18:09:57.178 [AsyncHttpClient-1-5] DEBUG org.asynchttpclient.netty.handler.HttpHandler - 

Request DefaultFullHttpRequest(decodeResult: success, version: HTTP/1.1, content: EmptyByteBufBE)
GET /session/955c977d21fbcafb4af4efb26f314c4b/screenshot HTTP/1.1
User-Agent: selenium/4.1.2 (java windows)
Cache-Control: no-cache
Content-Type: application/json; charset=utf-8
host: localhost:54148
accept: */*

Response DefaultHttpResponse(decodeResult: success, version: HTTP/1.1)
HTTP/1.1 200 OK
Content-Type: application/json; charset=utf-8
cache-control: no-cache
content-length: 283496

18:09:57.180 [AsyncHttpClient-1-5] DEBUG org.asynchttpclient.netty.channel.ChannelManager - Adding key: http://localhost:54148 for channel [id: 0xff978e24, L:/127.0.0.1:65144 - R:localhost/127.0.0.1:54148]
18:09:57.195 [main] DEBUG net.serenitybdd.core.photography.Darkroom - Send negative for processing for target\site\serenity\034cd48e9bfdc69507031c9736c51fc6d105ab9b53d9d2c380910f907d394a72.png
18:09:57.196 [main] DEBUG net.thucydides.core.steps.StepInterceptor - STEP DONE: validationOnBookstorePage
  &amp#27;[32mGiven &amp#27;[0m&amp#27;[32mi am on the bookstore page&amp#27;[0m                       &amp#27;[90m# starter.stepdefenitions.BookstoreSteps.onTheBookstorePage()&amp#27;[0m
18:09:57.213 [main] DEBUG net.thucydides.core.steps.StepInterceptor - STARTING STEP: BookstoreSteps.choseExistingBook - clickExistingBook
18:09:57.219 [Forwarding findElement on session 955c977d21fbcafb4af4efb26f314c4b to remote] DEBUG org.asynchttpclient.netty.request.NettyRequestSender - Using pooled Channel '[id: 0xff978e24, L:/127.0.0.1:65144 - R:localhost/127.0.0.1:54148]' for 'POST' to 'http://localhost:54148/session/955c977d21fbcafb4af4efb26f314c4b/element'
18:09:57.219 [Forwarding findElement on session 955c977d21fbcafb4af4efb26f314c4b to remote] DEBUG org.asynchttpclient.netty.request.NettyRequestSender - Using open Channel [id: 0xff978e24, L:/127.0.0.1:65144 - R:localhost/127.0.0.1:54148] for POST '/session/955c977d21fbcafb4af4efb26f314c4b/element'
18:09:57.238 [AsyncHttpClient-1-5] DEBUG org.asynchttpclient.netty.handler.HttpHandler - 

Request DefaultHttpRequest(decodeResult: success, version: HTTP/1.1)
POST /session/955c977d21fbcafb4af4efb26f314c4b/element HTTP/1.1
User-Agent: selenium/4.1.2 (java windows)
Content-Length: 82
Content-Type: application/json; charset=utf-8
host: localhost:54148
accept: */*

Response DefaultHttpResponse(decodeResult: success, version: HTTP/1.1)
HTTP/1.1 200 OK
Content-Type: application/json; charset=utf-8
cache-control: no-cache
content-length: 88

18:09:57.239 [AsyncHttpClient-1-5] DEBUG org.asynchttpclient.netty.channel.ChannelManager - Adding key: http://localhost:54148 for channel [id: 0xff978e24, L:/127.0.0.1:65144 - R:localhost/127.0.0.1:54148]
18:09:57.244 [Forwarding getElementTagName on session 955c977d21fbcafb4af4efb26f314c4b to remote] DEBUG org.asynchttpclient.netty.request.NettyRequestSender - Using pooled Channel '[id: 0xff978e24, L:/127.0.0.1:65144 - R:localhost/127.0.0.1:54148]' for 'GET' to 'http://localhost:54148/session/955c977d21fbcafb4af4efb26f314c4b/element/c467d575-6309-48e2-bfe6-ef6b26b5e137/name'
18:09:57.244 [Forwarding getElementTagName on session 955c977d21fbcafb4af4efb26f314c4b to remote] DEBUG org.asynchttpclient.netty.request.NettyRequestSender - Using open Channel [id: 0xff978e24, L:/127.0.0.1:65144 - R:localhost/127.0.0.1:54148] for GET '/session/955c977d21fbcafb4af4efb26f314c4b/element/c467d575-6309-48e2-bfe6-ef6b26b5e137/name'
18:09:57.252 [AsyncHttpClient-1-5] DEBUG org.asynchttpclient.netty.handler.HttpHandler - 

Request DefaultFullHttpRequest(decodeResult: success, version: HTTP/1.1, content: EmptyByteBufBE)
GET /session/955c977d21fbcafb4af4efb26f314c4b/element/c467d575-6309-48e2-bfe6-ef6b26b5e137/name HTTP/1.1
User-Agent: selenium/4.1.2 (java windows)
Cache-Control: no-cache
Content-Type: application/json; charset=utf-8
host: localhost:54148
accept: */*

Response DefaultHttpResponse(decodeResult: success, version: HTTP/1.1)
HTTP/1.1 200 OK
Content-Type: application/json; charset=utf-8
cache-control: no-cache
content-length: 15

18:09:57.252 [AsyncHttpClient-1-5] DEBUG org.asynchttpclient.netty.channel.ChannelManager - Adding key: http://localhost:54148 for channel [id: 0xff978e24, L:/127.0.0.1:65144 - R:localhost/127.0.0.1:54148]
18:09:57.256 [Forwarding getElementTagName on session 955c977d21fbcafb4af4efb26f314c4b to remote] DEBUG org.asynchttpclient.netty.request.NettyRequestSender - Using pooled Channel '[id: 0xff978e24, L:/127.0.0.1:65144 - R:localhost/127.0.0.1:54148]' for 'GET' to 'http://localhost:54148/session/955c977d21fbcafb4af4efb26f314c4b/element/c467d575-6309-48e2-bfe6-ef6b26b5e137/name'
18:09:57.256 [Forwarding getElementTagName on session 955c977d21fbcafb4af4efb26f314c4b to remote] DEBUG org.asynchttpclient.netty.request.NettyRequestSender - Using open Channel [id: 0xff978e24, L:/127.0.0.1:65144 - R:localhost/127.0.0.1:54148] for GET '/session/955c977d21fbcafb4af4efb26f314c4b/element/c467d575-6309-48e2-bfe6-ef6b26b5e137/name'
18:09:57.265 [AsyncHttpClient-1-5] DEBUG org.asynchttpclient.netty.handler.HttpHandler - 

Request DefaultFullHttpRequest(decodeResult: success, version: HTTP/1.1, content: EmptyByteBufBE)
GET /session/955c977d21fbcafb4af4efb26f314c4b/element/c467d575-6309-48e2-bfe6-ef6b26b5e137/name HTTP/1.1
User-Agent: selenium/4.1.2 (java windows)
Cache-Control: no-cache
Content-Type: application/json; charset=utf-8
host: localhost:54148
accept: */*

Response DefaultHttpResponse(decodeResult: success, version: HTTP/1.1)
HTTP/1.1 200 OK
Content-Type: application/json; charset=utf-8
cache-control: no-cache
content-length: 15

18:09:57.266 [AsyncHttpClient-1-5] DEBUG org.asynchttpclient.netty.channel.ChannelManager - Adding key: http://localhost:54148 for channel [id: 0xff978e24, L:/127.0.0.1:65144 - R:localhost/127.0.0.1:54148]
18:09:57.271 [Forwarding findElement on session 955c977d21fbcafb4af4efb26f314c4b to remote] DEBUG org.asynchttpclient.netty.request.NettyRequestSender - Using pooled Channel '[id: 0xff978e24, L:/127.0.0.1:65144 - R:localhost/127.0.0.1:54148]' for 'POST' to 'http://localhost:54148/session/955c977d21fbcafb4af4efb26f314c4b/element'
18:09:57.271 [Forwarding findElement on session 955c977d21fbcafb4af4efb26f314c4b to remote] DEBUG org.asynchttpclient.netty.request.NettyRequestSender - Using open Channel [id: 0xff978e24, L:/127.0.0.1:65144 - R:localhost/127.0.0.1:54148] for POST '/session/955c977d21fbcafb4af4efb26f314c4b/element'
18:09:57.285 [AsyncHttpClient-1-5] DEBUG org.asynchttpclient.netty.handler.HttpHandler - 

Request DefaultHttpRequest(decodeResult: success, version: HTTP/1.1)
POST /session/955c977d21fbcafb4af4efb26f314c4b/element HTTP/1.1
User-Agent: selenium/4.1.2 (java windows)
Content-Length: 82
Content-Type: application/json; charset=utf-8
host: localhost:54148
accept: */*

Response DefaultHttpResponse(decodeResult: success, version: HTTP/1.1)
HTTP/1.1 200 OK
Content-Type: application/json; charset=utf-8
cache-control: no-cache
content-length: 88

18:09:57.285 [AsyncHttpClient-1-5] DEBUG org.asynchttpclient.netty.channel.ChannelManager - Adding key: http://localhost:54148 for channel [id: 0xff978e24, L:/127.0.0.1:65144 - R:localhost/127.0.0.1:54148]
18:09:57.288 [Forwarding clickElement on session 955c977d21fbcafb4af4efb26f314c4b to remote] DEBUG org.asynchttpclient.netty.request.NettyRequestSender - Using pooled Channel '[id: 0xff978e24, L:/127.0.0.1:65144 - R:localhost/127.0.0.1:54148]' for 'POST' to 'http://localhost:54148/session/955c977d21fbcafb4af4efb26f314c4b/element/c467d575-6309-48e2-bfe6-ef6b26b5e137/click'
18:09:57.288 [Forwarding clickElement on session 955c977d21fbcafb4af4efb26f314c4b to remote] DEBUG org.asynchttpclient.netty.request.NettyRequestSender - Using open Channel [id: 0xff978e24, L:/127.0.0.1:65144 - R:localhost/127.0.0.1:54148] for POST '/session/955c977d21fbcafb4af4efb26f314c4b/element/c467d575-6309-48e2-bfe6-ef6b26b5e137/click'
18:09:57.563 [AsyncHttpClient-1-1] DEBUG org.asynchttpclient.netty.channel.DefaultChannelPool - Entry count for : http://localhost:65145 : 1
18:09:58.666 [AsyncHttpClient-1-1] DEBUG org.asynchttpclient.netty.channel.DefaultChannelPool - Entry count for : http://localhost:65145 : 1
18:09:59.762 [AsyncHttpClient-1-1] DEBUG org.asynchttpclient.netty.channel.DefaultChannelPool - Entry count for : http://localhost:65145 : 1
18:10:00.862 [AsyncHttpClient-1-1] DEBUG org.asynchttpclient.netty.channel.DefaultChannelPool - Entry count for : http://localhost:65145 : 1
18:10:01.962 [AsyncHttpClient-1-1] DEBUG org.asynchttpclient.netty.channel.DefaultChannelPool - Entry count for : http://localhost:65145 : 1
18:10:03.062 [AsyncHttpClient-1-1] DEBUG org.asynchttpclient.netty.channel.DefaultChannelPool - Entry count for : http://localhost:65145 : 1
18:10:04.164 [AsyncHttpClient-1-1] DEBUG org.asynchttpclient.netty.channel.DefaultChannelPool - Entry count for : http://localhost:65145 : 1
18:10:05.266 [AsyncHttpClient-1-1] DEBUG org.asynchttpclient.netty.channel.DefaultChannelPool - Entry count for : http://localhost:65145 : 1
18:10:05.642 [AsyncHttpClient-1-5] DEBUG org.asynchttpclient.netty.handler.HttpHandler - 

Request DefaultHttpRequest(decodeResult: success, version: HTTP/1.1)
POST /session/955c977d21fbcafb4af4efb26f314c4b/element/c467d575-6309-48e2-bfe6-ef6b26b5e137/click HTTP/1.1
User-Agent: selenium/4.1.2 (java windows)
Content-Length: 50
Content-Type: application/json; charset=utf-8
host: localhost:54148
accept: */*

Response DefaultHttpResponse(decodeResult: success, version: HTTP/1.1)
HTTP/1.1 200 OK
Content-Type: application/json; charset=utf-8
cache-control: no-cache
content-length: 14

18:10:05.643 [AsyncHttpClient-1-5] DEBUG org.asynchttpclient.netty.channel.ChannelManager - Adding key: http://localhost:54148 for channel [id: 0xff978e24, L:/127.0.0.1:65144 - R:localhost/127.0.0.1:54148]
18:10:05.653 [Forwarding screenshot on session 955c977d21fbcafb4af4efb26f314c4b to remote] DEBUG org.asynchttpclient.netty.request.NettyRequestSender - Using pooled Channel '[id: 0xff978e24, L:/127.0.0.1:65144 - R:localhost/127.0.0.1:54148]' for 'GET' to 'http://localhost:54148/session/955c977d21fbcafb4af4efb26f314c4b/screenshot'
18:10:05.653 [Forwarding screenshot on session 955c977d21fbcafb4af4efb26f314c4b to remote] DEBUG org.asynchttpclient.netty.request.NettyRequestSender - Using open Channel [id: 0xff978e24, L:/127.0.0.1:65144 - R:localhost/127.0.0.1:54148] for GET '/session/955c977d21fbcafb4af4efb26f314c4b/screenshot'
18:10:06.152 [AsyncHttpClient-1-5] DEBUG org.asynchttpclient.netty.handler.HttpHandler - 

Request DefaultFullHttpRequest(decodeResult: success, version: HTTP/1.1, content: EmptyByteBufBE)
GET /session/955c977d21fbcafb4af4efb26f314c4b/screenshot HTTP/1.1
User-Agent: selenium/4.1.2 (java windows)
Cache-Control: no-cache
Content-Type: application/json; charset=utf-8
host: localhost:54148
accept: */*

Response DefaultHttpResponse(decodeResult: success, version: HTTP/1.1)
HTTP/1.1 200 OK
Content-Type: application/json; charset=utf-8
cache-control: no-cache
content-length: 361616

18:10:06.156 [AsyncHttpClient-1-5] DEBUG org.asynchttpclient.netty.channel.ChannelManager - Adding key: http://localhost:54148 for channel [id: 0xff978e24, L:/127.0.0.1:65144 - R:localhost/127.0.0.1:54148]
18:10:06.178 [main] DEBUG net.serenitybdd.core.photography.Darkroom - Send negative for processing for target\site\serenity\93789e5516e80308367335189afddfb99f4868a2480773d9883cb47c37444e75.png
18:10:06.179 [main] DEBUG net.thucydides.core.steps.StepInterceptor - STEP DONE: clickExistingBook
18:10:06.179 [Darkroom Processing Line] DEBUG net.serenitybdd.core.photography.DarkroomProcessingLine - Processing screenshot image in /var/screenshots/screenshot-3150095062287536215
18:10:06.179 [Darkroom Processing Line] DEBUG net.serenitybdd.core.photography.DarkroomProcessingLine - Saving screenshot to target\site\serenity\93789e5516e80308367335189afddfb99f4868a2480773d9883cb47c37444e75.png
  &amp#27;[32mWhen &amp#27;[0m&amp#27;[32mi chose one of existing book&amp#27;[0m                      &amp#27;[90m# starter.stepdefenitions.BookstoreSteps.choseExistingBook()&amp#27;[0m
18:10:06.206 [main] DEBUG net.thucydides.core.steps.StepInterceptor - STARTING STEP: BookstoreSteps.seeAboutBook - validationOnBook
18:10:06.211 [Forwarding findElement on session 955c977d21fbcafb4af4efb26f314c4b to remote] DEBUG org.asynchttpclient.netty.request.NettyRequestSender - Using pooled Channel '[id: 0xff978e24, L:/127.0.0.1:65144 - R:localhost/127.0.0.1:54148]' for 'POST' to 'http://localhost:54148/session/955c977d21fbcafb4af4efb26f314c4b/element'
18:10:06.211 [Forwarding findElement on session 955c977d21fbcafb4af4efb26f314c4b to remote] DEBUG org.asynchttpclient.netty.request.NettyRequestSender - Using open Channel [id: 0xff978e24, L:/127.0.0.1:65144 - R:localhost/127.0.0.1:54148] for POST '/session/955c977d21fbcafb4af4efb26f314c4b/element'
18:10:06.231 [AsyncHttpClient-1-5] DEBUG org.asynchttpclient.netty.handler.HttpHandler - 

Request DefaultHttpRequest(decodeResult: success, version: HTTP/1.1)
POST /session/955c977d21fbcafb4af4efb26f314c4b/element HTTP/1.1
User-Agent: selenium/4.1.2 (java windows)
Content-Length: 81
Content-Type: application/json; charset=utf-8
host: localhost:54148
accept: */*

Response DefaultHttpResponse(decodeResult: success, version: HTTP/1.1)
HTTP/1.1 200 OK
Content-Type: application/json; charset=utf-8
cache-control: no-cache
content-length: 88

18:10:06.231 [AsyncHttpClient-1-5] DEBUG org.asynchttpclient.netty.channel.ChannelManager - Adding key: http://localhost:54148 for channel [id: 0xff978e24, L:/127.0.0.1:65144 - R:localhost/127.0.0.1:54148]
18:10:06.239 [Forwarding isElementDisplayed on session 955c977d21fbcafb4af4efb26f314c4b to remote] DEBUG org.asynchttpclient.netty.request.NettyRequestSender - Using pooled Channel '[id: 0xff978e24, L:/127.0.0.1:65144 - R:localhost/127.0.0.1:54148]' for 'POST' to 'http://localhost:54148/session/955c977d21fbcafb4af4efb26f314c4b/execute/sync'
18:10:06.239 [Forwarding isElementDisplayed on session 955c977d21fbcafb4af4efb26f314c4b to remote] DEBUG org.asynchttpclient.netty.request.NettyRequestSender - Using open Channel [id: 0xff978e24, L:/127.0.0.1:65144 - R:localhost/127.0.0.1:54148] for POST '/session/955c977d21fbcafb4af4efb26f314c4b/execute/sync'
18:10:06.262 [AsyncHttpClient-1-5] DEBUG org.asynchttpclient.netty.handler.HttpHandler - 

Request DefaultHttpRequest(decodeResult: success, version: HTTP/1.1)
POST /session/955c977d21fbcafb4af4efb26f314c4b/execute/sync HTTP/1.1
User-Agent: selenium/4.1.2 (java windows)
Content-Length: 48780
Content-Type: application/json; charset=utf-8
host: localhost:54148
accept: */*

Response DefaultHttpResponse(decodeResult: success, version: HTTP/1.1)
HTTP/1.1 200 OK
Content-Type: application/json; charset=utf-8
cache-control: no-cache
content-length: 14

18:10:06.262 [AsyncHttpClient-1-5] DEBUG org.asynchttpclient.netty.channel.ChannelManager - Adding key: http://localhost:54148 for channel [id: 0xff978e24, L:/127.0.0.1:65144 - R:localhost/127.0.0.1:54148]
18:10:06.269 [Forwarding screenshot on session 955c977d21fbcafb4af4efb26f314c4b to remote] DEBUG org.asynchttpclient.netty.request.NettyRequestSender - Using pooled Channel '[id: 0xff978e24, L:/127.0.0.1:65144 - R:localhost/127.0.0.1:54148]' for 'GET' to 'http://localhost:54148/session/955c977d21fbcafb4af4efb26f314c4b/screenshot'
18:10:06.270 [Forwarding screenshot on session 955c977d21fbcafb4af4efb26f314c4b to remote] DEBUG org.asynchttpclient.netty.request.NettyRequestSender - Using open Channel [id: 0xff978e24, L:/127.0.0.1:65144 - R:localhost/127.0.0.1:54148] for GET '/session/955c977d21fbcafb4af4efb26f314c4b/screenshot'
18:10:06.361 [AsyncHttpClient-1-1] DEBUG org.asynchttpclient.netty.channel.DefaultChannelPool - Entry count for : http://localhost:65145 : 1
18:10:06.493 [AsyncHttpClient-1-5] DEBUG org.asynchttpclient.netty.handler.HttpHandler - 

Request DefaultFullHttpRequest(decodeResult: success, version: HTTP/1.1, content: EmptyByteBufBE)
GET /session/955c977d21fbcafb4af4efb26f314c4b/screenshot HTTP/1.1
User-Agent: selenium/4.1.2 (java windows)
Cache-Control: no-cache
Content-Type: application/json; charset=utf-8
host: localhost:54148
accept: */*

Response DefaultHttpResponse(decodeResult: success, version: HTTP/1.1)
HTTP/1.1 200 OK
Content-Type: application/json; charset=utf-8
cache-control: no-cache
content-length: 361304

18:10:06.496 [AsyncHttpClient-1-5] DEBUG org.asynchttpclient.netty.channel.ChannelManager - Adding key: http://localhost:54148 for channel [id: 0xff978e24, L:/127.0.0.1:65144 - R:localhost/127.0.0.1:54148]
18:10:06.516 [main] DEBUG net.serenitybdd.core.photography.Darkroom - Send negative for processing for target\site\serenity\bd124ef269e6de81bf2d766376e8cafb1ee94e0501f8b12a71f8db3e225d3679.png
18:10:06.517 [main] DEBUG net.thucydides.core.steps.StepInterceptor - STEP DONE: validationOnBook
  &amp#27;[32mThen &amp#27;[0m&amp#27;[32mi can see about book&amp#27;[0m                              &amp#27;[90m# starter.stepdefenitions.BookstoreSteps.seeAboutBook()&amp#27;[0m
18:10:06.518 [Darkroom Processing Line] DEBUG net.serenitybdd.core.photography.DarkroomProcessingLine - Processing screenshot image in /var/screenshots/screenshot-6707038919917193268
18:10:06.518 [Darkroom Processing Line] DEBUG net.serenitybdd.core.photography.DarkroomProcessingLine - Saving screenshot to target\site\serenity\bd124ef269e6de81bf2d766376e8cafb1ee94e0501f8b12a71f8db3e225d3679.png
18:10:06.527 [main] INFO  - 
  _____   ___   ___   _____     ___     _     ___   ___   ___   ___  
 |_   _| | __| / __| |_   _|   | _ \   /_\   / __| / __| | __| |   \ 
   | |   | _|  \__ \   | |     |  _/  / _ \  \__ \ \__ \ | _|  | |) |
   |_|   |___| |___/   |_|     |_|   /_/ \_\ |___/ |___/ |___| |___/ 

As user i have be able to choose existing book
----------------------------------------------------------------------
18:10:06.529 [AsyncHttpClient-1-7] DEBUG org.asynchttpclient.netty.handler.WebSocketHandler - Channel Closed: [id: 0x8cb29766, L:/127.0.0.1:65153 ! R:localhost/127.0.0.1:65145] with attribute NettyResponseFuture{currentRetry=5,
	isDone=1,
	isCancelled=0,
	asyncHandler=org.asynchttpclient.ws.WebSocketUpgradeHandler@209cd33b,
	nettyRequest=org.asynchttpclient.netty.request.NettyRequest@659e494c,
	future=java.util.concurrent.CompletableFuture@6a371354[Completed normally],
	uri=ws://localhost:65145/devtools/browser/d558085a-a120-4329-8a08-493f591586b0,
	keepAlive=true,
	redirectCount=0,
	timeoutsHolder=null,
	inAuth=0,
	touch=1649761787309}
18:10:06.529 [AsyncHttpClient-1-7] DEBUG org.asynchttpclient.netty.channel.ChannelManager - Closing Channel [id: 0x8cb29766, L:/127.0.0.1:65153 ! R:localhost/127.0.0.1:65145] 
18:10:06.531 [Driver Command Executor] DEBUG org.asynchttpclient.netty.request.NettyRequestSender - Using pooled Channel '[id: 0xff978e24, L:/127.0.0.1:65144 - R:localhost/127.0.0.1:54148]' for 'DELETE' to 'http://localhost:54148/session/955c977d21fbcafb4af4efb26f314c4b'
18:10:06.531 [Driver Command Executor] DEBUG org.asynchttpclient.netty.request.NettyRequestSender - Using open Channel [id: 0xff978e24, L:/127.0.0.1:65144 - R:localhost/127.0.0.1:54148] for DELETE '/session/955c977d21fbcafb4af4efb26f314c4b'
18:10:06.617 [AsyncHttpClient-1-6] DEBUG org.asynchttpclient.netty.handler.HttpHandler - Unexpected I/O exception on channel [id: 0x9be31179, L:/127.0.0.1:65152 - R:localhost/127.0.0.1:65145]
java.io.IOException: An existing connection was forcibly closed by the remote host
	at sun.nio.ch.SocketDispatcher.read0(Native Method)
	at sun.nio.ch.SocketDispatcher.read(SocketDispatcher.java:43)
	at sun.nio.ch.IOUtil.readIntoNativeBuffer(IOUtil.java:223)
	at sun.nio.ch.IOUtil.read(IOUtil.java:192)
	at sun.nio.ch.SocketChannelImpl.read(SocketChannelImpl.java:378)
	at io.netty.buffer.PooledByteBuf.setBytes(PooledByteBuf.java:258)
	at io.netty.buffer.AbstractByteBuf.writeBytes(AbstractByteBuf.java:1132)
	at io.netty.channel.socket.nio.NioSocketChannel.doReadBytes(NioSocketChannel.java:350)
	at io.netty.channel.nio.AbstractNioByteChannel$NioByteUnsafe.read(AbstractNioByteChannel.java:151)
	at io.netty.channel.nio.NioEventLoop.processSelectedKey(NioEventLoop.java:722)
	at io.netty.channel.nio.NioEventLoop.processSelectedKeysOptimized(NioEventLoop.java:658)
	at io.netty.channel.nio.NioEventLoop.processSelectedKeys(NioEventLoop.java:584)
	at io.netty.channel.nio.NioEventLoop.run(NioEventLoop.java:496)
	at io.netty.util.concurrent.SingleThreadEventExecutor$4.run(SingleThreadEventExecutor.java:986)
	at io.netty.util.internal.ThreadExecutorMap$2.run(ThreadExecutorMap.java:74)
	at io.netty.util.concurrent.FastThreadLocalRunnable.run(FastThreadLocalRunnable.java:30)
	at java.lang.Thread.run(Thread.java:750)
18:10:06.617 [AsyncHttpClient-1-6] DEBUG org.asynchttpclient.netty.channel.ChannelManager - Closing Channel [id: 0x9be31179, L:/127.0.0.1:65152 - R:localhost/127.0.0.1:65145] 
18:10:06.617 [AsyncHttpClient-1-6] DEBUG org.asynchttpclient.netty.handler.HttpHandler - Channel Closed: [id: 0x9be31179, L:/127.0.0.1:65152 ! R:localhost/127.0.0.1:65145] with attribute DISCARD
18:10:06.670 [AsyncHttpClient-1-5] DEBUG org.asynchttpclient.netty.handler.HttpHandler - 

Request DefaultFullHttpRequest(decodeResult: success, version: HTTP/1.1, content: EmptyByteBufBE)
DELETE /session/955c977d21fbcafb4af4efb26f314c4b HTTP/1.1
User-Agent: selenium/4.1.2 (java windows)
Content-Type: application/json; charset=utf-8
host: localhost:54148
accept: */*

Response DefaultHttpResponse(decodeResult: success, version: HTTP/1.1)
HTTP/1.1 200 OK
Content-Type: application/json; charset=utf-8
cache-control: no-cache
content-length: 14

18:10:06.670 [AsyncHttpClient-1-5] DEBUG org.asynchttpclient.netty.channel.ChannelManager - Adding key: http://localhost:54148 for channel [id: 0xff978e24, L:/127.0.0.1:65144 - R:localhost/127.0.0.1:54148]
18:10:06.833 [AsyncHttpClient-1-5] DEBUG org.asynchttpclient.netty.handler.HttpHandler - Channel Closed: [id: 0xff978e24, L:/127.0.0.1:65144 ! R:localhost/127.0.0.1:54148] with attribute DISCARD
]]></system-out>
    <system-err><![CDATA[Starting ChromeDriver 100.0.4896.60 (6a5d10861ce8de5fce22564658033b43cb7de047-refs/branch-heads/4896@{#875}) on port 54148
Only local connections are allowed.
Please see https://chromedriver.chromium.org/security-considerations for suggestions on keeping ChromeDriver safe.
ChromeDriver was started successfully.
Apr 12, 2022 6:09:47 PM org.openqa.selenium.remote.ProtocolHandshake createSession
INFO: Detected dialect: W3C
Apr 12, 2022 6:09:47 PM org.openqa.selenium.devtools.CdpVersionFinder findNearestMatch
WARNING: Unable to find an exact match for CDP version 100, so returning the closest version found: 97
Apr 12, 2022 6:09:47 PM org.openqa.selenium.devtools.CdpVersionFinder findNearestMatch
INFO: Found CDP implementation for version 100 of 97
]]></system-err>
  </testcase>
  <testcase name="As user i have be able to success to search book with search feature" classname="As a user I want to visit bookstore So that i can see existing book in store" time="13.573">
    <system-out><![CDATA[
Scenario: As user i have be able to success to search book with search feature &amp#27;[90m# src/test/resources/features/Bookstore.feature:15&amp#27;[0m
18:10:07.380 [main] INFO io.cucumber.core.plugin.SerenityReporter - Running feature from file:///D:/kampus%20merdeka/Intelij/web/src/test/resources/features/Bookstore.feature
18:10:07.383 [main] INFO  - 
  _____   ___   ___   _____     ___   _____     _     ___   _____   ___   ___  
 |_   _| | __| / __| |_   _|   / __| |_   _|   /_\   | _ \ |_   _| | __| |   \ 
   | |   | _|  \__ \   | |     \__ \   | |    / _ \  |   /   | |   | _|  | |) |
   |_|   |___| |___/   |_|     |___/   |_|   /_/ \_\ |_|_\   |_|   |___| |___/ 

As user i have be able to success to search book with search feature(as-a-user-i-want-to-visit-bookstore-so-that-i-can-see-existing-book-in-store;as-user-i-have-be-able-to-success-to-search-book-with-search-feature)
--------------------------------------------------------------------------------
18:10:07.426 [main] DEBUG net.thucydides.core.steps.StepInterceptor - STARTING STEP: BookstoreSteps.onBookstorePage - openPage
18:10:07.428 [main] INFO net.serenitybdd.core.webdriver.driverproviders.ChromeDriverProvider - Using automatically driver download
18:10:07.466 [AsyncHttpClient-1-1] DEBUG org.asynchttpclient.netty.channel.DefaultChannelPool - Entry count for : http://localhost:65145 : 1
18:10:07.466 [AsyncHttpClient-1-1] DEBUG org.asynchttpclient.netty.channel.DefaultChannelPool - Entry count for : http://localhost:54148 : 1
18:10:07.466 [AsyncHttpClient-1-1] DEBUG org.asynchttpclient.netty.channel.DefaultChannelPool - Adding Candidate expired Channel [id: 0x9be31179, L:/127.0.0.1:65152 ! R:localhost/127.0.0.1:65145] isIdleTimeoutExpired=false isRemotelyClosed=true isTtlExpired=false
18:10:07.466 [AsyncHttpClient-1-1] DEBUG org.asynchttpclient.netty.channel.DefaultChannelPool - Closing Idle Channel [id: 0x9be31179, L:/127.0.0.1:65152 ! R:localhost/127.0.0.1:65145]
18:10:07.466 [AsyncHttpClient-1-1] DEBUG org.asynchttpclient.netty.channel.DefaultChannelPool - Adding Candidate expired Channel [id: 0xff978e24, L:/127.0.0.1:65144 ! R:localhost/127.0.0.1:54148] isIdleTimeoutExpired=false isRemotelyClosed=true isTtlExpired=false
18:10:07.466 [AsyncHttpClient-1-1] DEBUG org.asynchttpclient.netty.channel.DefaultChannelPool - Closing Idle Channel [id: 0xff978e24, L:/127.0.0.1:65144 ! R:localhost/127.0.0.1:54148]
18:10:07.466 [AsyncHttpClient-1-1] DEBUG org.asynchttpclient.netty.channel.DefaultChannelPool - Closed 2 connections out of 2 in 0 ms
18:10:07.617 [main] DEBUG io.github.bonigarcia.wdm.cache.ResolutionCache - Resolution chrome=100 in cache (valid until 19:03:08 12/04/2022 ICT)
18:10:07.622 [main] DEBUG io.github.bonigarcia.wdm.cache.ResolutionCache - Resolution chrome100=100.0.4896.60 in cache (valid until 16:43:36 13/04/2022 ICT)
18:10:07.625 [main] INFO io.github.bonigarcia.wdm.WebDriverManager - Using chromedriver 100.0.4896.60 (resolved driver for Chrome 100)
18:10:07.644 [main] DEBUG io.github.bonigarcia.wdm.WebDriverManager - Driver chromedriver 100.0.4896.60 found in cache
18:10:07.644 [main] INFO io.github.bonigarcia.wdm.WebDriverManager - Exporting webdriver.chrome.driver as C:\Users\Admin\.cache\selenium\chromedriver\win32\100.0.4896.60\chromedriver.exe
18:10:07.795 [main] DEBUG net.serenitybdd.core.webdriver.driverproviders.ProvideNewDriver - Instantiating driver
18:10:07.795 [main] DEBUG net.serenitybdd.core.webdriver.driverproviders.ProvideNewDriver - Driver capabilities: Capabilities {acceptInsecureCerts: false, base.url: https://demoqa.com/, browserName: chrome, chrome.driver: src/test/resources/webdrive..., driver: chrome, goog:chromeOptions: {args: [], extensions: []}}
18:10:08.369 [AsyncHttpClient-1-8] DEBUG org.asynchttpclient.netty.channel.NettyConnectListener - Using new Channel '[id: 0xbb9f13cf, L:/127.0.0.1:65300 - R:localhost/127.0.0.1:52072]' for 'POST' to '/session'
18:10:09.892 [AsyncHttpClient-1-8] DEBUG org.asynchttpclient.netty.handler.HttpHandler - 

Request DefaultHttpRequest(decodeResult: success, version: HTTP/1.1)
POST /session HTTP/1.1
User-Agent: selenium/4.1.2 (java windows)
Content-Length: 605
Content-Type: application/json; charset=utf-8
host: localhost:52072
accept: */*

Response DefaultHttpResponse(decodeResult: success, version: HTTP/1.1)
HTTP/1.1 200 OK
Content-Type: application/json; charset=utf-8
cache-control: no-cache
content-length: 789

18:10:09.893 [AsyncHttpClient-1-8] DEBUG org.asynchttpclient.netty.channel.ChannelManager - Adding key: http://localhost:52072 for channel [id: 0xbb9f13cf, L:/127.0.0.1:65300 - R:localhost/127.0.0.1:52072]
18:10:09.929 [AsyncHttpClient-1-9] DEBUG org.asynchttpclient.netty.channel.NettyConnectListener - Using new Channel '[id: 0x4b78c7a5, L:/127.0.0.1:65309 - R:localhost/127.0.0.1:65301]' for 'GET' to '/json/version'
18:10:09.931 [AsyncHttpClient-1-9] DEBUG org.asynchttpclient.netty.handler.HttpHandler - 

Request DefaultFullHttpRequest(decodeResult: success, version: HTTP/1.1, content: EmptyByteBufBE)
GET /json/version HTTP/1.1
User-Agent: selenium/4.1.2 (java windows)
host: localhost:65301
accept: */*

Response DefaultHttpResponse(decodeResult: success, version: HTTP/1.1)
HTTP/1.1 200 OK
Content-Type: application/json; charset=UTF-8
content-length: 426

18:10:09.931 [AsyncHttpClient-1-9] DEBUG org.asynchttpclient.netty.channel.ChannelManager - Adding key: http://localhost:65301 for channel [id: 0x4b78c7a5, L:/127.0.0.1:65309 - R:localhost/127.0.0.1:65301]
18:10:09.936 [AsyncHttpClient-1-2] DEBUG org.asynchttpclient.netty.channel.NettyConnectListener - Using new Channel '[id: 0x15f6eee3, L:/127.0.0.1:65310 - R:localhost/127.0.0.1:65301]' for 'GET' to '/devtools/browser/8f58ce8c-929c-4c1b-bc2f-d8a503c6f3cf'
18:10:09.940 [AsyncHttpClient-1-2] DEBUG org.asynchttpclient.netty.handler.WebSocketHandler - 

Request DefaultFullHttpRequest(decodeResult: success, version: HTTP/1.1, content: EmptyByteBufBE)
GET /devtools/browser/8f58ce8c-929c-4c1b-bc2f-d8a503c6f3cf HTTP/1.1
upgrade: websocket
connection: upgrade
sec-websocket-key: pSOlsQt2Rg+Mjshr37eOAg==
sec-websocket-version: 13
origin: http://localhost:65301
host: localhost:65301
accept: */*
user-agent: AHC/2.1

Response DefaultHttpResponse(decodeResult: success, version: HTTP/1.1)
HTTP/1.1 101 WebSocket Protocol Handshake
Upgrade: WebSocket
Connection: Upgrade
Sec-WebSocket-Accept: VkW8FIuG/HxXuDiybNUlqhVXkBc=

18:10:09.956 [Forwarding setCurrentWindowSize on session a14790acae3d6c704799dac79bb7c854 to remote] DEBUG org.asynchttpclient.netty.request.NettyRequestSender - Using pooled Channel '[id: 0xbb9f13cf, L:/127.0.0.1:65300 - R:localhost/127.0.0.1:52072]' for 'POST' to 'http://localhost:52072/session/a14790acae3d6c704799dac79bb7c854/window/rect'
18:10:09.957 [Forwarding setCurrentWindowSize on session a14790acae3d6c704799dac79bb7c854 to remote] DEBUG org.asynchttpclient.netty.request.NettyRequestSender - Using open Channel [id: 0xbb9f13cf, L:/127.0.0.1:65300 - R:localhost/127.0.0.1:52072] for POST '/session/a14790acae3d6c704799dac79bb7c854/window/rect'
18:10:10.085 [AsyncHttpClient-1-8] DEBUG org.asynchttpclient.netty.handler.HttpHandler - 

Request DefaultHttpRequest(decodeResult: success, version: HTTP/1.1)
POST /session/a14790acae3d6c704799dac79bb7c854/window/rect HTTP/1.1
User-Agent: selenium/4.1.2 (java windows)
Content-Length: 36
Content-Type: application/json; charset=utf-8
host: localhost:52072
accept: */*

Response DefaultHttpResponse(decodeResult: success, version: HTTP/1.1)
HTTP/1.1 200 OK
Content-Type: application/json; charset=utf-8
cache-control: no-cache
content-length: 51

18:10:10.085 [AsyncHttpClient-1-8] DEBUG org.asynchttpclient.netty.channel.ChannelManager - Adding key: http://localhost:52072 for channel [id: 0xbb9f13cf, L:/127.0.0.1:65300 - R:localhost/127.0.0.1:52072]
18:10:10.087 [Forwarding setWindowPosition on session a14790acae3d6c704799dac79bb7c854 to remote] DEBUG org.asynchttpclient.netty.request.NettyRequestSender - Using pooled Channel '[id: 0xbb9f13cf, L:/127.0.0.1:65300 - R:localhost/127.0.0.1:52072]' for 'POST' to 'http://localhost:52072/session/a14790acae3d6c704799dac79bb7c854/window/rect'
18:10:10.088 [Forwarding setWindowPosition on session a14790acae3d6c704799dac79bb7c854 to remote] DEBUG org.asynchttpclient.netty.request.NettyRequestSender - Using open Channel [id: 0xbb9f13cf, L:/127.0.0.1:65300 - R:localhost/127.0.0.1:52072] for POST '/session/a14790acae3d6c704799dac79bb7c854/window/rect'
18:10:10.208 [AsyncHttpClient-1-8] DEBUG org.asynchttpclient.netty.handler.HttpHandler - 

Request DefaultHttpRequest(decodeResult: success, version: HTTP/1.1)
POST /session/a14790acae3d6c704799dac79bb7c854/window/rect HTTP/1.1
User-Agent: selenium/4.1.2 (java windows)
Content-Length: 22
Content-Type: application/json; charset=utf-8
host: localhost:52072
accept: */*

Response DefaultHttpResponse(decodeResult: success, version: HTTP/1.1)
HTTP/1.1 200 OK
Content-Type: application/json; charset=utf-8
cache-control: no-cache
content-length: 49

18:10:10.209 [AsyncHttpClient-1-8] DEBUG org.asynchttpclient.netty.channel.ChannelManager - Adding key: http://localhost:52072 for channel [id: 0xbb9f13cf, L:/127.0.0.1:65300 - R:localhost/127.0.0.1:52072]
18:10:10.211 [Forwarding get on session a14790acae3d6c704799dac79bb7c854 to remote] DEBUG org.asynchttpclient.netty.request.NettyRequestSender - Using pooled Channel '[id: 0xbb9f13cf, L:/127.0.0.1:65300 - R:localhost/127.0.0.1:52072]' for 'POST' to 'http://localhost:52072/session/a14790acae3d6c704799dac79bb7c854/url'
18:10:10.211 [Forwarding get on session a14790acae3d6c704799dac79bb7c854 to remote] DEBUG org.asynchttpclient.netty.request.NettyRequestSender - Using open Channel [id: 0xbb9f13cf, L:/127.0.0.1:65300 - R:localhost/127.0.0.1:52072] for POST '/session/a14790acae3d6c704799dac79bb7c854/url'
18:10:10.761 [AsyncHttpClient-1-1] DEBUG org.asynchttpclient.netty.channel.DefaultChannelPool - Entry count for : http://localhost:65301 : 1
18:10:11.863 [AsyncHttpClient-1-1] DEBUG org.asynchttpclient.netty.channel.DefaultChannelPool - Entry count for : http://localhost:65301 : 1
18:10:12.962 [AsyncHttpClient-1-1] DEBUG org.asynchttpclient.netty.channel.DefaultChannelPool - Entry count for : http://localhost:65301 : 1
18:10:14.061 [AsyncHttpClient-1-1] DEBUG org.asynchttpclient.netty.channel.DefaultChannelPool - Entry count for : http://localhost:65301 : 1
18:10:15.161 [AsyncHttpClient-1-1] DEBUG org.asynchttpclient.netty.channel.DefaultChannelPool - Entry count for : http://localhost:65301 : 1
18:10:16.266 [AsyncHttpClient-1-1] DEBUG org.asynchttpclient.netty.channel.DefaultChannelPool - Entry count for : http://localhost:65301 : 1
18:10:17.275 [AsyncHttpClient-1-8] DEBUG org.asynchttpclient.netty.handler.HttpHandler - 

Request DefaultHttpRequest(decodeResult: success, version: HTTP/1.1)
POST /session/a14790acae3d6c704799dac79bb7c854/url HTTP/1.1
User-Agent: selenium/4.1.2 (java windows)
Content-Length: 49
Content-Type: application/json; charset=utf-8
host: localhost:52072
accept: */*

Response DefaultHttpResponse(decodeResult: success, version: HTTP/1.1)
HTTP/1.1 200 OK
Content-Type: application/json; charset=utf-8
cache-control: no-cache
content-length: 14

18:10:17.277 [AsyncHttpClient-1-8] DEBUG org.asynchttpclient.netty.channel.ChannelManager - Adding key: http://localhost:52072 for channel [id: 0xbb9f13cf, L:/127.0.0.1:65300 - R:localhost/127.0.0.1:52072]
18:10:17.280 [Forwarding setTimeout on session a14790acae3d6c704799dac79bb7c854 to remote] DEBUG org.asynchttpclient.netty.request.NettyRequestSender - Using pooled Channel '[id: 0xbb9f13cf, L:/127.0.0.1:65300 - R:localhost/127.0.0.1:52072]' for 'POST' to 'http://localhost:52072/session/a14790acae3d6c704799dac79bb7c854/timeouts'
18:10:17.280 [Forwarding setTimeout on session a14790acae3d6c704799dac79bb7c854 to remote] DEBUG org.asynchttpclient.netty.request.NettyRequestSender - Using open Channel [id: 0xbb9f13cf, L:/127.0.0.1:65300 - R:localhost/127.0.0.1:52072] for POST '/session/a14790acae3d6c704799dac79bb7c854/timeouts'
18:10:17.285 [AsyncHttpClient-1-8] DEBUG org.asynchttpclient.netty.handler.HttpHandler - 

Request DefaultHttpRequest(decodeResult: success, version: HTTP/1.1)
POST /session/a14790acae3d6c704799dac79bb7c854/timeouts HTTP/1.1
User-Agent: selenium/4.1.2 (java windows)
Content-Length: 22
Content-Type: application/json; charset=utf-8
host: localhost:52072
accept: */*

Response DefaultHttpResponse(decodeResult: success, version: HTTP/1.1)
HTTP/1.1 200 OK
Content-Type: application/json; charset=utf-8
cache-control: no-cache
content-length: 14

18:10:17.285 [AsyncHttpClient-1-8] DEBUG org.asynchttpclient.netty.channel.ChannelManager - Adding key: http://localhost:52072 for channel [id: 0xbb9f13cf, L:/127.0.0.1:65300 - R:localhost/127.0.0.1:52072]
18:10:17.292 [Forwarding getCurrentUrl on session a14790acae3d6c704799dac79bb7c854 to remote] DEBUG org.asynchttpclient.netty.request.NettyRequestSender - Using pooled Channel '[id: 0xbb9f13cf, L:/127.0.0.1:65300 - R:localhost/127.0.0.1:52072]' for 'GET' to 'http://localhost:52072/session/a14790acae3d6c704799dac79bb7c854/url'
18:10:17.292 [Forwarding getCurrentUrl on session a14790acae3d6c704799dac79bb7c854 to remote] DEBUG org.asynchttpclient.netty.request.NettyRequestSender - Using open Channel [id: 0xbb9f13cf, L:/127.0.0.1:65300 - R:localhost/127.0.0.1:52072] for GET '/session/a14790acae3d6c704799dac79bb7c854/url'
18:10:17.298 [AsyncHttpClient-1-8] DEBUG org.asynchttpclient.netty.handler.HttpHandler - 

Request DefaultFullHttpRequest(decodeResult: success, version: HTTP/1.1, content: EmptyByteBufBE)
GET /session/a14790acae3d6c704799dac79bb7c854/url HTTP/1.1
User-Agent: selenium/4.1.2 (java windows)
Cache-Control: no-cache
Content-Type: application/json; charset=utf-8
host: localhost:52072
accept: */*

Response DefaultHttpResponse(decodeResult: success, version: HTTP/1.1)
HTTP/1.1 200 OK
Content-Type: application/json; charset=utf-8
cache-control: no-cache
content-length: 31

18:10:17.299 [AsyncHttpClient-1-8] DEBUG org.asynchttpclient.netty.channel.ChannelManager - Adding key: http://localhost:52072 for channel [id: 0xbb9f13cf, L:/127.0.0.1:65300 - R:localhost/127.0.0.1:52072]
18:10:17.305 [Forwarding getCurrentUrl on session a14790acae3d6c704799dac79bb7c854 to remote] DEBUG org.asynchttpclient.netty.request.NettyRequestSender - Using pooled Channel '[id: 0xbb9f13cf, L:/127.0.0.1:65300 - R:localhost/127.0.0.1:52072]' for 'GET' to 'http://localhost:52072/session/a14790acae3d6c704799dac79bb7c854/url'
18:10:17.305 [Forwarding getCurrentUrl on session a14790acae3d6c704799dac79bb7c854 to remote] DEBUG org.asynchttpclient.netty.request.NettyRequestSender - Using open Channel [id: 0xbb9f13cf, L:/127.0.0.1:65300 - R:localhost/127.0.0.1:52072] for GET '/session/a14790acae3d6c704799dac79bb7c854/url'
18:10:17.310 [AsyncHttpClient-1-8] DEBUG org.asynchttpclient.netty.handler.HttpHandler - 

Request DefaultFullHttpRequest(decodeResult: success, version: HTTP/1.1, content: EmptyByteBufBE)
GET /session/a14790acae3d6c704799dac79bb7c854/url HTTP/1.1
User-Agent: selenium/4.1.2 (java windows)
Cache-Control: no-cache
Content-Type: application/json; charset=utf-8
host: localhost:52072
accept: */*

Response DefaultHttpResponse(decodeResult: success, version: HTTP/1.1)
HTTP/1.1 200 OK
Content-Type: application/json; charset=utf-8
cache-control: no-cache
content-length: 31

18:10:17.310 [AsyncHttpClient-1-8] DEBUG org.asynchttpclient.netty.channel.ChannelManager - Adding key: http://localhost:52072 for channel [id: 0xbb9f13cf, L:/127.0.0.1:65300 - R:localhost/127.0.0.1:52072]
18:10:17.323 [Forwarding screenshot on session a14790acae3d6c704799dac79bb7c854 to remote] DEBUG org.asynchttpclient.netty.request.NettyRequestSender - Using pooled Channel '[id: 0xbb9f13cf, L:/127.0.0.1:65300 - R:localhost/127.0.0.1:52072]' for 'GET' to 'http://localhost:52072/session/a14790acae3d6c704799dac79bb7c854/screenshot'
18:10:17.324 [Forwarding screenshot on session a14790acae3d6c704799dac79bb7c854 to remote] DEBUG org.asynchttpclient.netty.request.NettyRequestSender - Using open Channel [id: 0xbb9f13cf, L:/127.0.0.1:65300 - R:localhost/127.0.0.1:52072] for GET '/session/a14790acae3d6c704799dac79bb7c854/screenshot'
18:10:17.362 [AsyncHttpClient-1-1] DEBUG org.asynchttpclient.netty.channel.DefaultChannelPool - Entry count for : http://localhost:65301 : 1
18:10:17.518 [AsyncHttpClient-1-8] DEBUG org.asynchttpclient.netty.handler.HttpHandler - 

Request DefaultFullHttpRequest(decodeResult: success, version: HTTP/1.1, content: EmptyByteBufBE)
GET /session/a14790acae3d6c704799dac79bb7c854/screenshot HTTP/1.1
User-Agent: selenium/4.1.2 (java windows)
Cache-Control: no-cache
Content-Type: application/json; charset=utf-8
host: localhost:52072
accept: */*

Response DefaultHttpResponse(decodeResult: success, version: HTTP/1.1)
HTTP/1.1 200 OK
Content-Type: application/json; charset=utf-8
cache-control: no-cache
content-length: 112280

18:10:17.519 [AsyncHttpClient-1-8] DEBUG org.asynchttpclient.netty.channel.ChannelManager - Adding key: http://localhost:52072 for channel [id: 0xbb9f13cf, L:/127.0.0.1:65300 - R:localhost/127.0.0.1:52072]
18:10:17.527 [main] DEBUG net.serenitybdd.core.photography.Darkroom - Send negative for processing for target\site\serenity\2e7f7d9460cb23661dd49b5b5dc3c63716c7bf54e82b2ae0a8acbd8565388d63.png
18:10:17.528 [main] DEBUG net.thucydides.core.steps.StepInterceptor - STEP DONE: openPage
18:10:17.528 [Darkroom Processing Line] DEBUG net.serenitybdd.core.photography.DarkroomProcessingLine - Processing screenshot image in /var/screenshots/screenshot-5382869413679781713
18:10:17.528 [Darkroom Processing Line] DEBUG net.serenitybdd.core.photography.DarkroomProcessingLine - Saving screenshot to target\site\serenity\2e7f7d9460cb23661dd49b5b5dc3c63716c7bf54e82b2ae0a8acbd8565388d63.png
18:10:17.535 [main] DEBUG net.thucydides.core.steps.StepInterceptor - STARTING STEP: BookstoreSteps.onBookstorePage - validationHomePage
18:10:17.538 [Forwarding findElement on session a14790acae3d6c704799dac79bb7c854 to remote] DEBUG org.asynchttpclient.netty.request.NettyRequestSender - Using pooled Channel '[id: 0xbb9f13cf, L:/127.0.0.1:65300 - R:localhost/127.0.0.1:52072]' for 'POST' to 'http://localhost:52072/session/a14790acae3d6c704799dac79bb7c854/element'
18:10:17.538 [Forwarding findElement on session a14790acae3d6c704799dac79bb7c854 to remote] DEBUG org.asynchttpclient.netty.request.NettyRequestSender - Using open Channel [id: 0xbb9f13cf, L:/127.0.0.1:65300 - R:localhost/127.0.0.1:52072] for POST '/session/a14790acae3d6c704799dac79bb7c854/element'
18:10:17.542 [AsyncHttpClient-1-8] DEBUG org.asynchttpclient.netty.handler.HttpHandler - 

Request DefaultHttpRequest(decodeResult: success, version: HTTP/1.1)
POST /session/a14790acae3d6c704799dac79bb7c854/element HTTP/1.1
User-Agent: selenium/4.1.2 (java windows)
Content-Length: 48
Content-Type: application/json; charset=utf-8
host: localhost:52072
accept: */*

Response DefaultHttpResponse(decodeResult: success, version: HTTP/1.1)
HTTP/1.1 400 Bad Request
Content-Type: application/json; charset=utf-8
cache-control: no-cache
content-length: 957

18:10:17.542 [AsyncHttpClient-1-8] DEBUG org.asynchttpclient.netty.channel.ChannelManager - Adding key: http://localhost:52072 for channel [id: 0xbb9f13cf, L:/127.0.0.1:65300 - R:localhost/127.0.0.1:52072]
18:10:17.546 [Forwarding findElement on session a14790acae3d6c704799dac79bb7c854 to remote] DEBUG org.asynchttpclient.netty.request.NettyRequestSender - Using pooled Channel '[id: 0xbb9f13cf, L:/127.0.0.1:65300 - R:localhost/127.0.0.1:52072]' for 'POST' to 'http://localhost:52072/session/a14790acae3d6c704799dac79bb7c854/element'
18:10:17.546 [Forwarding findElement on session a14790acae3d6c704799dac79bb7c854 to remote] DEBUG org.asynchttpclient.netty.request.NettyRequestSender - Using open Channel [id: 0xbb9f13cf, L:/127.0.0.1:65300 - R:localhost/127.0.0.1:52072] for POST '/session/a14790acae3d6c704799dac79bb7c854/element'
18:10:17.568 [AsyncHttpClient-1-8] DEBUG org.asynchttpclient.netty.handler.HttpHandler - 

Request DefaultHttpRequest(decodeResult: success, version: HTTP/1.1)
POST /session/a14790acae3d6c704799dac79bb7c854/element HTTP/1.1
User-Agent: selenium/4.1.2 (java windows)
Content-Length: 58
Content-Type: application/json; charset=utf-8
host: localhost:52072
accept: */*

Response DefaultHttpResponse(decodeResult: success, version: HTTP/1.1)
HTTP/1.1 200 OK
Content-Type: application/json; charset=utf-8
cache-control: no-cache
content-length: 88

18:10:17.568 [AsyncHttpClient-1-8] DEBUG org.asynchttpclient.netty.channel.ChannelManager - Adding key: http://localhost:52072 for channel [id: 0xbb9f13cf, L:/127.0.0.1:65300 - R:localhost/127.0.0.1:52072]
18:10:17.575 [Forwarding isElementDisplayed on session a14790acae3d6c704799dac79bb7c854 to remote] DEBUG org.asynchttpclient.netty.request.NettyRequestSender - Using pooled Channel '[id: 0xbb9f13cf, L:/127.0.0.1:65300 - R:localhost/127.0.0.1:52072]' for 'POST' to 'http://localhost:52072/session/a14790acae3d6c704799dac79bb7c854/execute/sync'
18:10:17.575 [Forwarding isElementDisplayed on session a14790acae3d6c704799dac79bb7c854 to remote] DEBUG org.asynchttpclient.netty.request.NettyRequestSender - Using open Channel [id: 0xbb9f13cf, L:/127.0.0.1:65300 - R:localhost/127.0.0.1:52072] for POST '/session/a14790acae3d6c704799dac79bb7c854/execute/sync'
18:10:17.601 [AsyncHttpClient-1-8] DEBUG org.asynchttpclient.netty.handler.HttpHandler - 

Request DefaultHttpRequest(decodeResult: success, version: HTTP/1.1)
POST /session/a14790acae3d6c704799dac79bb7c854/execute/sync HTTP/1.1
User-Agent: selenium/4.1.2 (java windows)
Content-Length: 48780
Content-Type: application/json; charset=utf-8
host: localhost:52072
accept: */*

Response DefaultHttpResponse(decodeResult: success, version: HTTP/1.1)
HTTP/1.1 200 OK
Content-Type: application/json; charset=utf-8
cache-control: no-cache
content-length: 14

18:10:17.601 [AsyncHttpClient-1-8] DEBUG org.asynchttpclient.netty.channel.ChannelManager - Adding key: http://localhost:52072 for channel [id: 0xbb9f13cf, L:/127.0.0.1:65300 - R:localhost/127.0.0.1:52072]
18:10:17.610 [Forwarding screenshot on session a14790acae3d6c704799dac79bb7c854 to remote] DEBUG org.asynchttpclient.netty.request.NettyRequestSender - Using pooled Channel '[id: 0xbb9f13cf, L:/127.0.0.1:65300 - R:localhost/127.0.0.1:52072]' for 'GET' to 'http://localhost:52072/session/a14790acae3d6c704799dac79bb7c854/screenshot'
18:10:17.610 [Forwarding screenshot on session a14790acae3d6c704799dac79bb7c854 to remote] DEBUG org.asynchttpclient.netty.request.NettyRequestSender - Using open Channel [id: 0xbb9f13cf, L:/127.0.0.1:65300 - R:localhost/127.0.0.1:52072] for GET '/session/a14790acae3d6c704799dac79bb7c854/screenshot'
18:10:17.814 [AsyncHttpClient-1-8] DEBUG org.asynchttpclient.netty.handler.HttpHandler - 

Request DefaultFullHttpRequest(decodeResult: success, version: HTTP/1.1, content: EmptyByteBufBE)
GET /session/a14790acae3d6c704799dac79bb7c854/screenshot HTTP/1.1
User-Agent: selenium/4.1.2 (java windows)
Cache-Control: no-cache
Content-Type: application/json; charset=utf-8
host: localhost:52072
accept: */*

Response DefaultHttpResponse(decodeResult: success, version: HTTP/1.1)
HTTP/1.1 200 OK
Content-Type: application/json; charset=utf-8
cache-control: no-cache
content-length: 155376

18:10:17.816 [AsyncHttpClient-1-8] DEBUG org.asynchttpclient.netty.channel.ChannelManager - Adding key: http://localhost:52072 for channel [id: 0xbb9f13cf, L:/127.0.0.1:65300 - R:localhost/127.0.0.1:52072]
18:10:17.828 [main] DEBUG net.serenitybdd.core.photography.Darkroom - Send negative for processing for target\site\serenity\517094c7304860caf872abcdef06b59f3923ca461f8b5da6802c7ac690d9f65b.png
18:10:17.829 [main] DEBUG net.thucydides.core.steps.StepInterceptor - STEP DONE: validationHomePage
  &amp#27;[32mGiven &amp#27;[0m&amp#27;[32mi am on the home page&amp#27;[0m                                                  &amp#27;[90m# starter.stepdefenitions.BookstoreSteps.onBookstorePage()&amp#27;[0m
18:10:17.831 [Darkroom Processing Line] DEBUG net.serenitybdd.core.photography.DarkroomProcessingLine - Processing screenshot image in /var/screenshots/screenshot-9104918853036741570
18:10:17.832 [Darkroom Processing Line] DEBUG net.serenitybdd.core.photography.DarkroomProcessingLine - Saving screenshot to target\site\serenity\517094c7304860caf872abcdef06b59f3923ca461f8b5da6802c7ac690d9f65b.png
18:10:17.857 [main] DEBUG net.thucydides.core.steps.StepInterceptor - STARTING STEP: BookstoreSteps.clickFeatureBookstore - clickFeatureBookstore
18:10:17.864 [Forwarding findElement on session a14790acae3d6c704799dac79bb7c854 to remote] DEBUG org.asynchttpclient.netty.request.NettyRequestSender - Using pooled Channel '[id: 0xbb9f13cf, L:/127.0.0.1:65300 - R:localhost/127.0.0.1:52072]' for 'POST' to 'http://localhost:52072/session/a14790acae3d6c704799dac79bb7c854/element'
18:10:17.865 [Forwarding findElement on session a14790acae3d6c704799dac79bb7c854 to remote] DEBUG org.asynchttpclient.netty.request.NettyRequestSender - Using open Channel [id: 0xbb9f13cf, L:/127.0.0.1:65300 - R:localhost/127.0.0.1:52072] for POST '/session/a14790acae3d6c704799dac79bb7c854/element'
18:10:18.103 [AsyncHttpClient-1-8] DEBUG org.asynchttpclient.netty.handler.HttpHandler - 

Request DefaultHttpRequest(decodeResult: success, version: HTTP/1.1)
POST /session/a14790acae3d6c704799dac79bb7c854/element HTTP/1.1
User-Agent: selenium/4.1.2 (java windows)
Content-Length: 86
Content-Type: application/json; charset=utf-8
host: localhost:52072
accept: */*

Response DefaultHttpResponse(decodeResult: success, version: HTTP/1.1)
HTTP/1.1 200 OK
Content-Type: application/json; charset=utf-8
cache-control: no-cache
content-length: 88

18:10:18.104 [AsyncHttpClient-1-8] DEBUG org.asynchttpclient.netty.channel.ChannelManager - Adding key: http://localhost:52072 for channel [id: 0xbb9f13cf, L:/127.0.0.1:65300 - R:localhost/127.0.0.1:52072]
18:10:18.106 [Forwarding getElementTagName on session a14790acae3d6c704799dac79bb7c854 to remote] DEBUG org.asynchttpclient.netty.request.NettyRequestSender - Using pooled Channel '[id: 0xbb9f13cf, L:/127.0.0.1:65300 - R:localhost/127.0.0.1:52072]' for 'GET' to 'http://localhost:52072/session/a14790acae3d6c704799dac79bb7c854/element/24ad9205-e045-4b21-93e3-a273783117fe/name'
18:10:18.106 [Forwarding getElementTagName on session a14790acae3d6c704799dac79bb7c854 to remote] DEBUG org.asynchttpclient.netty.request.NettyRequestSender - Using open Channel [id: 0xbb9f13cf, L:/127.0.0.1:65300 - R:localhost/127.0.0.1:52072] for GET '/session/a14790acae3d6c704799dac79bb7c854/element/24ad9205-e045-4b21-93e3-a273783117fe/name'
18:10:18.113 [AsyncHttpClient-1-8] DEBUG org.asynchttpclient.netty.handler.HttpHandler - 

Request DefaultFullHttpRequest(decodeResult: success, version: HTTP/1.1, content: EmptyByteBufBE)
GET /session/a14790acae3d6c704799dac79bb7c854/element/24ad9205-e045-4b21-93e3-a273783117fe/name HTTP/1.1
User-Agent: selenium/4.1.2 (java windows)
Cache-Control: no-cache
Content-Type: application/json; charset=utf-8
host: localhost:52072
accept: */*

Response DefaultHttpResponse(decodeResult: success, version: HTTP/1.1)
HTTP/1.1 200 OK
Content-Type: application/json; charset=utf-8
cache-control: no-cache
content-length: 15

18:10:18.113 [AsyncHttpClient-1-8] DEBUG org.asynchttpclient.netty.channel.ChannelManager - Adding key: http://localhost:52072 for channel [id: 0xbb9f13cf, L:/127.0.0.1:65300 - R:localhost/127.0.0.1:52072]
18:10:18.115 [Forwarding getElementTagName on session a14790acae3d6c704799dac79bb7c854 to remote] DEBUG org.asynchttpclient.netty.request.NettyRequestSender - Using pooled Channel '[id: 0xbb9f13cf, L:/127.0.0.1:65300 - R:localhost/127.0.0.1:52072]' for 'GET' to 'http://localhost:52072/session/a14790acae3d6c704799dac79bb7c854/element/24ad9205-e045-4b21-93e3-a273783117fe/name'
18:10:18.115 [Forwarding getElementTagName on session a14790acae3d6c704799dac79bb7c854 to remote] DEBUG org.asynchttpclient.netty.request.NettyRequestSender - Using open Channel [id: 0xbb9f13cf, L:/127.0.0.1:65300 - R:localhost/127.0.0.1:52072] for GET '/session/a14790acae3d6c704799dac79bb7c854/element/24ad9205-e045-4b21-93e3-a273783117fe/name'
18:10:18.125 [AsyncHttpClient-1-8] DEBUG org.asynchttpclient.netty.handler.HttpHandler - 

Request DefaultFullHttpRequest(decodeResult: success, version: HTTP/1.1, content: EmptyByteBufBE)
GET /session/a14790acae3d6c704799dac79bb7c854/element/24ad9205-e045-4b21-93e3-a273783117fe/name HTTP/1.1
User-Agent: selenium/4.1.2 (java windows)
Cache-Control: no-cache
Content-Type: application/json; charset=utf-8
host: localhost:52072
accept: */*

Response DefaultHttpResponse(decodeResult: success, version: HTTP/1.1)
HTTP/1.1 200 OK
Content-Type: application/json; charset=utf-8
cache-control: no-cache
content-length: 15

18:10:18.125 [AsyncHttpClient-1-8] DEBUG org.asynchttpclient.netty.channel.ChannelManager - Adding key: http://localhost:52072 for channel [id: 0xbb9f13cf, L:/127.0.0.1:65300 - R:localhost/127.0.0.1:52072]
18:10:18.128 [Forwarding findElement on session a14790acae3d6c704799dac79bb7c854 to remote] DEBUG org.asynchttpclient.netty.request.NettyRequestSender - Using pooled Channel '[id: 0xbb9f13cf, L:/127.0.0.1:65300 - R:localhost/127.0.0.1:52072]' for 'POST' to 'http://localhost:52072/session/a14790acae3d6c704799dac79bb7c854/element'
18:10:18.128 [Forwarding findElement on session a14790acae3d6c704799dac79bb7c854 to remote] DEBUG org.asynchttpclient.netty.request.NettyRequestSender - Using open Channel [id: 0xbb9f13cf, L:/127.0.0.1:65300 - R:localhost/127.0.0.1:52072] for POST '/session/a14790acae3d6c704799dac79bb7c854/element'
18:10:18.146 [AsyncHttpClient-1-8] DEBUG org.asynchttpclient.netty.handler.HttpHandler - 

Request DefaultHttpRequest(decodeResult: success, version: HTTP/1.1)
POST /session/a14790acae3d6c704799dac79bb7c854/element HTTP/1.1
User-Agent: selenium/4.1.2 (java windows)
Content-Length: 86
Content-Type: application/json; charset=utf-8
host: localhost:52072
accept: */*

Response DefaultHttpResponse(decodeResult: success, version: HTTP/1.1)
HTTP/1.1 200 OK
Content-Type: application/json; charset=utf-8
cache-control: no-cache
content-length: 88

18:10:18.146 [AsyncHttpClient-1-8] DEBUG org.asynchttpclient.netty.channel.ChannelManager - Adding key: http://localhost:52072 for channel [id: 0xbb9f13cf, L:/127.0.0.1:65300 - R:localhost/127.0.0.1:52072]
18:10:18.148 [Forwarding clickElement on session a14790acae3d6c704799dac79bb7c854 to remote] DEBUG org.asynchttpclient.netty.request.NettyRequestSender - Using pooled Channel '[id: 0xbb9f13cf, L:/127.0.0.1:65300 - R:localhost/127.0.0.1:52072]' for 'POST' to 'http://localhost:52072/session/a14790acae3d6c704799dac79bb7c854/element/24ad9205-e045-4b21-93e3-a273783117fe/click'
18:10:18.148 [Forwarding clickElement on session a14790acae3d6c704799dac79bb7c854 to remote] DEBUG org.asynchttpclient.netty.request.NettyRequestSender - Using open Channel [id: 0xbb9f13cf, L:/127.0.0.1:65300 - R:localhost/127.0.0.1:52072] for POST '/session/a14790acae3d6c704799dac79bb7c854/element/24ad9205-e045-4b21-93e3-a273783117fe/click'
18:10:18.461 [AsyncHttpClient-1-1] DEBUG org.asynchttpclient.netty.channel.DefaultChannelPool - Entry count for : http://localhost:65301 : 1
18:10:18.504 [AsyncHttpClient-1-8] DEBUG org.asynchttpclient.netty.handler.HttpHandler - 

Request DefaultHttpRequest(decodeResult: success, version: HTTP/1.1)
POST /session/a14790acae3d6c704799dac79bb7c854/element/24ad9205-e045-4b21-93e3-a273783117fe/click HTTP/1.1
User-Agent: selenium/4.1.2 (java windows)
Content-Length: 50
Content-Type: application/json; charset=utf-8
host: localhost:52072
accept: */*

Response DefaultHttpResponse(decodeResult: success, version: HTTP/1.1)
HTTP/1.1 200 OK
Content-Type: application/json; charset=utf-8
cache-control: no-cache
content-length: 14

18:10:18.504 [AsyncHttpClient-1-8] DEBUG org.asynchttpclient.netty.channel.ChannelManager - Adding key: http://localhost:52072 for channel [id: 0xbb9f13cf, L:/127.0.0.1:65300 - R:localhost/127.0.0.1:52072]
18:10:18.521 [Forwarding screenshot on session a14790acae3d6c704799dac79bb7c854 to remote] DEBUG org.asynchttpclient.netty.request.NettyRequestSender - Using pooled Channel '[id: 0xbb9f13cf, L:/127.0.0.1:65300 - R:localhost/127.0.0.1:52072]' for 'GET' to 'http://localhost:52072/session/a14790acae3d6c704799dac79bb7c854/screenshot'
18:10:18.522 [Forwarding screenshot on session a14790acae3d6c704799dac79bb7c854 to remote] DEBUG org.asynchttpclient.netty.request.NettyRequestSender - Using open Channel [id: 0xbb9f13cf, L:/127.0.0.1:65300 - R:localhost/127.0.0.1:52072] for GET '/session/a14790acae3d6c704799dac79bb7c854/screenshot'
18:10:18.956 [AsyncHttpClient-1-8] DEBUG org.asynchttpclient.netty.handler.HttpHandler - 

Request DefaultFullHttpRequest(decodeResult: success, version: HTTP/1.1, content: EmptyByteBufBE)
GET /session/a14790acae3d6c704799dac79bb7c854/screenshot HTTP/1.1
User-Agent: selenium/4.1.2 (java windows)
Cache-Control: no-cache
Content-Type: application/json; charset=utf-8
host: localhost:52072
accept: */*

Response DefaultHttpResponse(decodeResult: success, version: HTTP/1.1)
HTTP/1.1 200 OK
Content-Type: application/json; charset=utf-8
cache-control: no-cache
content-length: 84268

18:10:18.957 [AsyncHttpClient-1-8] DEBUG org.asynchttpclient.netty.channel.ChannelManager - Adding key: http://localhost:52072 for channel [id: 0xbb9f13cf, L:/127.0.0.1:65300 - R:localhost/127.0.0.1:52072]
18:10:18.976 [main] DEBUG net.serenitybdd.core.photography.Darkroom - Send negative for processing for target\site\serenity\5e5f9674ccf28993a111eaf99ab7f14c580a4fe4b9a6dd5a132f410f90d086d3.png
18:10:18.976 [main] DEBUG net.thucydides.core.steps.StepInterceptor - STEP DONE: clickFeatureBookstore
  &amp#27;[32mWhen &amp#27;[0m&amp#27;[32mi click feature bookstore&amp#27;[0m                                               &amp#27;[90m# starter.stepdefenitions.BookstoreSteps.clickFeatureBookstore()&amp#27;[0m
18:10:18.977 [Darkroom Processing Line] DEBUG net.serenitybdd.core.photography.DarkroomProcessingLine - Processing screenshot image in /var/screenshots/screenshot-7766855562093512893
18:10:18.977 [Darkroom Processing Line] DEBUG net.serenitybdd.core.photography.DarkroomProcessingLine - Saving screenshot to target\site\serenity\5e5f9674ccf28993a111eaf99ab7f14c580a4fe4b9a6dd5a132f410f90d086d3.png
18:10:19.017 [main] DEBUG net.thucydides.core.steps.StepInterceptor - STARTING STEP: BookstoreSteps.inputValidKeyword - inputValidKeyword
18:10:19.030 [Forwarding findElement on session a14790acae3d6c704799dac79bb7c854 to remote] DEBUG org.asynchttpclient.netty.request.NettyRequestSender - Using pooled Channel '[id: 0xbb9f13cf, L:/127.0.0.1:65300 - R:localhost/127.0.0.1:52072]' for 'POST' to 'http://localhost:52072/session/a14790acae3d6c704799dac79bb7c854/element'
18:10:19.030 [Forwarding findElement on session a14790acae3d6c704799dac79bb7c854 to remote] DEBUG org.asynchttpclient.netty.request.NettyRequestSender - Using open Channel [id: 0xbb9f13cf, L:/127.0.0.1:65300 - R:localhost/127.0.0.1:52072] for POST '/session/a14790acae3d6c704799dac79bb7c854/element'
18:10:19.058 [AsyncHttpClient-1-8] DEBUG org.asynchttpclient.netty.handler.HttpHandler - 

Request DefaultHttpRequest(decodeResult: success, version: HTTP/1.1)
POST /session/a14790acae3d6c704799dac79bb7c854/element HTTP/1.1
User-Agent: selenium/4.1.2 (java windows)
Content-Length: 79
Content-Type: application/json; charset=utf-8
host: localhost:52072
accept: */*

Response DefaultHttpResponse(decodeResult: success, version: HTTP/1.1)
HTTP/1.1 200 OK
Content-Type: application/json; charset=utf-8
cache-control: no-cache
content-length: 88

18:10:19.059 [AsyncHttpClient-1-8] DEBUG org.asynchttpclient.netty.channel.ChannelManager - Adding key: http://localhost:52072 for channel [id: 0xbb9f13cf, L:/127.0.0.1:65300 - R:localhost/127.0.0.1:52072]
18:10:19.063 [Forwarding clearElement on session a14790acae3d6c704799dac79bb7c854 to remote] DEBUG org.asynchttpclient.netty.request.NettyRequestSender - Using pooled Channel '[id: 0xbb9f13cf, L:/127.0.0.1:65300 - R:localhost/127.0.0.1:52072]' for 'POST' to 'http://localhost:52072/session/a14790acae3d6c704799dac79bb7c854/element/e9c15152-f2ea-451b-975a-e53a6c0f4116/clear'
18:10:19.063 [Forwarding clearElement on session a14790acae3d6c704799dac79bb7c854 to remote] DEBUG org.asynchttpclient.netty.request.NettyRequestSender - Using open Channel [id: 0xbb9f13cf, L:/127.0.0.1:65300 - R:localhost/127.0.0.1:52072] for POST '/session/a14790acae3d6c704799dac79bb7c854/element/e9c15152-f2ea-451b-975a-e53a6c0f4116/clear'
18:10:19.122 [AsyncHttpClient-1-8] DEBUG org.asynchttpclient.netty.handler.HttpHandler - 

Request DefaultHttpRequest(decodeResult: success, version: HTTP/1.1)
POST /session/a14790acae3d6c704799dac79bb7c854/element/e9c15152-f2ea-451b-975a-e53a6c0f4116/clear HTTP/1.1
User-Agent: selenium/4.1.2 (java windows)
Content-Length: 50
Content-Type: application/json; charset=utf-8
host: localhost:52072
accept: */*

Response DefaultHttpResponse(decodeResult: success, version: HTTP/1.1)
HTTP/1.1 200 OK
Content-Type: application/json; charset=utf-8
cache-control: no-cache
content-length: 14

18:10:19.122 [AsyncHttpClient-1-8] DEBUG org.asynchttpclient.netty.channel.ChannelManager - Adding key: http://localhost:52072 for channel [id: 0xbb9f13cf, L:/127.0.0.1:65300 - R:localhost/127.0.0.1:52072]
18:10:19.129 [Forwarding sendKeysToElement on session a14790acae3d6c704799dac79bb7c854 to remote] DEBUG org.asynchttpclient.netty.request.NettyRequestSender - Using pooled Channel '[id: 0xbb9f13cf, L:/127.0.0.1:65300 - R:localhost/127.0.0.1:52072]' for 'POST' to 'http://localhost:52072/session/a14790acae3d6c704799dac79bb7c854/element/e9c15152-f2ea-451b-975a-e53a6c0f4116/value'
18:10:19.129 [Forwarding sendKeysToElement on session a14790acae3d6c704799dac79bb7c854 to remote] DEBUG org.asynchttpclient.netty.request.NettyRequestSender - Using open Channel [id: 0xbb9f13cf, L:/127.0.0.1:65300 - R:localhost/127.0.0.1:52072] for POST '/session/a14790acae3d6c704799dac79bb7c854/element/e9c15152-f2ea-451b-975a-e53a6c0f4116/value'
18:10:19.460 [AsyncHttpClient-1-8] DEBUG org.asynchttpclient.netty.handler.HttpHandler - 

Request DefaultHttpRequest(decodeResult: success, version: HTTP/1.1)
POST /session/a14790acae3d6c704799dac79bb7c854/element/e9c15152-f2ea-451b-975a-e53a6c0f4116/value HTTP/1.1
User-Agent: selenium/4.1.2 (java windows)
Content-Length: 161
Content-Type: application/json; charset=utf-8
host: localhost:52072
accept: */*

Response DefaultHttpResponse(decodeResult: success, version: HTTP/1.1)
HTTP/1.1 200 OK
Content-Type: application/json; charset=utf-8
cache-control: no-cache
content-length: 14

18:10:19.461 [AsyncHttpClient-1-8] DEBUG org.asynchttpclient.netty.channel.ChannelManager - Adding key: http://localhost:52072 for channel [id: 0xbb9f13cf, L:/127.0.0.1:65300 - R:localhost/127.0.0.1:52072]
18:10:19.473 [Forwarding screenshot on session a14790acae3d6c704799dac79bb7c854 to remote] DEBUG org.asynchttpclient.netty.request.NettyRequestSender - Using pooled Channel '[id: 0xbb9f13cf, L:/127.0.0.1:65300 - R:localhost/127.0.0.1:52072]' for 'GET' to 'http://localhost:52072/session/a14790acae3d6c704799dac79bb7c854/screenshot'
18:10:19.473 [Forwarding screenshot on session a14790acae3d6c704799dac79bb7c854 to remote] DEBUG org.asynchttpclient.netty.request.NettyRequestSender - Using open Channel [id: 0xbb9f13cf, L:/127.0.0.1:65300 - R:localhost/127.0.0.1:52072] for GET '/session/a14790acae3d6c704799dac79bb7c854/screenshot'
18:10:19.569 [AsyncHttpClient-1-1] DEBUG org.asynchttpclient.netty.channel.DefaultChannelPool - Entry count for : http://localhost:65301 : 1
18:10:19.733 [AsyncHttpClient-1-8] DEBUG org.asynchttpclient.netty.handler.HttpHandler - 

Request DefaultFullHttpRequest(decodeResult: success, version: HTTP/1.1, content: EmptyByteBufBE)
GET /session/a14790acae3d6c704799dac79bb7c854/screenshot HTTP/1.1
User-Agent: selenium/4.1.2 (java windows)
Cache-Control: no-cache
Content-Type: application/json; charset=utf-8
host: localhost:52072
accept: */*

Response DefaultHttpResponse(decodeResult: success, version: HTTP/1.1)
HTTP/1.1 200 OK
Content-Type: application/json; charset=utf-8
cache-control: no-cache
content-length: 189136

18:10:19.735 [AsyncHttpClient-1-8] DEBUG org.asynchttpclient.netty.channel.ChannelManager - Adding key: http://localhost:52072 for channel [id: 0xbb9f13cf, L:/127.0.0.1:65300 - R:localhost/127.0.0.1:52072]
18:10:19.752 [main] DEBUG net.serenitybdd.core.photography.Darkroom - Send negative for processing for target\site\serenity\d72274d749079ee043a455acacc5c2c9cccb07a9134a164d4ee74d713ec39500.png
18:10:19.752 [main] DEBUG net.thucydides.core.steps.StepInterceptor - STEP DONE: inputValidKeyword
  &amp#27;[32mWhen &amp#27;[0m&amp#27;[32mi input valid keyword&amp#27;[0m                                                   &amp#27;[90m# starter.stepdefenitions.BookstoreSteps.inputValidKeyword()&amp#27;[0m
18:10:19.756 [Darkroom Processing Line] DEBUG net.serenitybdd.core.photography.DarkroomProcessingLine - Processing screenshot image in /var/screenshots/screenshot-5767643954897035361
18:10:19.756 [Darkroom Processing Line] DEBUG net.serenitybdd.core.photography.DarkroomProcessingLine - Saving screenshot to target\site\serenity\d72274d749079ee043a455acacc5c2c9cccb07a9134a164d4ee74d713ec39500.png
18:10:19.787 [main] DEBUG net.thucydides.core.steps.StepInterceptor - STARTING STEP: BookstoreSteps.seeBook - validationKeyword
18:10:19.795 [Forwarding findElement on session a14790acae3d6c704799dac79bb7c854 to remote] DEBUG org.asynchttpclient.netty.request.NettyRequestSender - Using pooled Channel '[id: 0xbb9f13cf, L:/127.0.0.1:65300 - R:localhost/127.0.0.1:52072]' for 'POST' to 'http://localhost:52072/session/a14790acae3d6c704799dac79bb7c854/element'
18:10:19.795 [Forwarding findElement on session a14790acae3d6c704799dac79bb7c854 to remote] DEBUG org.asynchttpclient.netty.request.NettyRequestSender - Using open Channel [id: 0xbb9f13cf, L:/127.0.0.1:65300 - R:localhost/127.0.0.1:52072] for POST '/session/a14790acae3d6c704799dac79bb7c854/element'
18:10:19.809 [AsyncHttpClient-1-8] DEBUG org.asynchttpclient.netty.handler.HttpHandler - 

Request DefaultHttpRequest(decodeResult: success, version: HTTP/1.1)
POST /session/a14790acae3d6c704799dac79bb7c854/element HTTP/1.1
User-Agent: selenium/4.1.2 (java windows)
Content-Length: 79
Content-Type: application/json; charset=utf-8
host: localhost:52072
accept: */*

Response DefaultHttpResponse(decodeResult: success, version: HTTP/1.1)
HTTP/1.1 200 OK
Content-Type: application/json; charset=utf-8
cache-control: no-cache
content-length: 88

18:10:19.810 [AsyncHttpClient-1-8] DEBUG org.asynchttpclient.netty.channel.ChannelManager - Adding key: http://localhost:52072 for channel [id: 0xbb9f13cf, L:/127.0.0.1:65300 - R:localhost/127.0.0.1:52072]
18:10:19.816 [Forwarding isElementDisplayed on session a14790acae3d6c704799dac79bb7c854 to remote] DEBUG org.asynchttpclient.netty.request.NettyRequestSender - Using pooled Channel '[id: 0xbb9f13cf, L:/127.0.0.1:65300 - R:localhost/127.0.0.1:52072]' for 'POST' to 'http://localhost:52072/session/a14790acae3d6c704799dac79bb7c854/execute/sync'
18:10:19.816 [Forwarding isElementDisplayed on session a14790acae3d6c704799dac79bb7c854 to remote] DEBUG org.asynchttpclient.netty.request.NettyRequestSender - Using open Channel [id: 0xbb9f13cf, L:/127.0.0.1:65300 - R:localhost/127.0.0.1:52072] for POST '/session/a14790acae3d6c704799dac79bb7c854/execute/sync'
18:10:19.844 [AsyncHttpClient-1-8] DEBUG org.asynchttpclient.netty.handler.HttpHandler - 

Request DefaultHttpRequest(decodeResult: success, version: HTTP/1.1)
POST /session/a14790acae3d6c704799dac79bb7c854/execute/sync HTTP/1.1
User-Agent: selenium/4.1.2 (java windows)
Content-Length: 48780
Content-Type: application/json; charset=utf-8
host: localhost:52072
accept: */*

Response DefaultHttpResponse(decodeResult: success, version: HTTP/1.1)
HTTP/1.1 200 OK
Content-Type: application/json; charset=utf-8
cache-control: no-cache
content-length: 14

18:10:19.845 [AsyncHttpClient-1-8] DEBUG org.asynchttpclient.netty.channel.ChannelManager - Adding key: http://localhost:52072 for channel [id: 0xbb9f13cf, L:/127.0.0.1:65300 - R:localhost/127.0.0.1:52072]
18:10:19.854 [Forwarding screenshot on session a14790acae3d6c704799dac79bb7c854 to remote] DEBUG org.asynchttpclient.netty.request.NettyRequestSender - Using pooled Channel '[id: 0xbb9f13cf, L:/127.0.0.1:65300 - R:localhost/127.0.0.1:52072]' for 'GET' to 'http://localhost:52072/session/a14790acae3d6c704799dac79bb7c854/screenshot'
18:10:19.854 [Forwarding screenshot on session a14790acae3d6c704799dac79bb7c854 to remote] DEBUG org.asynchttpclient.netty.request.NettyRequestSender - Using open Channel [id: 0xbb9f13cf, L:/127.0.0.1:65300 - R:localhost/127.0.0.1:52072] for GET '/session/a14790acae3d6c704799dac79bb7c854/screenshot'
18:10:20.052 [AsyncHttpClient-1-8] DEBUG org.asynchttpclient.netty.handler.HttpHandler - 

Request DefaultFullHttpRequest(decodeResult: success, version: HTTP/1.1, content: EmptyByteBufBE)
GET /session/a14790acae3d6c704799dac79bb7c854/screenshot HTTP/1.1
User-Agent: selenium/4.1.2 (java windows)
Cache-Control: no-cache
Content-Type: application/json; charset=utf-8
host: localhost:52072
accept: */*

Response DefaultHttpResponse(decodeResult: success, version: HTTP/1.1)
HTTP/1.1 200 OK
Content-Type: application/json; charset=utf-8
cache-control: no-cache
content-length: 188656

18:10:20.054 [AsyncHttpClient-1-8] DEBUG org.asynchttpclient.netty.channel.ChannelManager - Adding key: http://localhost:52072 for channel [id: 0xbb9f13cf, L:/127.0.0.1:65300 - R:localhost/127.0.0.1:52072]
18:10:20.064 [main] DEBUG net.serenitybdd.core.photography.Darkroom - Send negative for processing for target\site\serenity\cb7b64cd66708f98827bff7ea872b300cb7d49717fa0f9fc1722080de87a311d.png
18:10:20.064 [main] DEBUG net.thucydides.core.steps.StepInterceptor - STEP DONE: validationKeyword
18:10:20.064 [Darkroom Processing Line] DEBUG net.serenitybdd.core.photography.DarkroomProcessingLine - Processing screenshot image in /var/screenshots/screenshot-5300651325331102390
  &amp#27;[32mThen &amp#27;[0m&amp#27;[32mi can see book with valid keyword&amp#27;[0m                                       &amp#27;[90m# starter.stepdefenitions.BookstoreSteps.seeBook()&amp#27;[0m
18:10:20.064 [Darkroom Processing Line] DEBUG net.serenitybdd.core.photography.DarkroomProcessingLine - Saving screenshot to target\site\serenity\cb7b64cd66708f98827bff7ea872b300cb7d49717fa0f9fc1722080de87a311d.png
18:10:20.074 [main] INFO  - 
  _____   ___   ___   _____     ___     _     ___   ___   ___   ___  
 |_   _| | __| / __| |_   _|   | _ \   /_\   / __| / __| | __| |   \ 
   | |   | _|  \__ \   | |     |  _/  / _ \  \__ \ \__ \ | _|  | |) |
   |_|   |___| |___/   |_|     |_|   /_/ \_\ |___/ |___/ |___| |___/ 

As user i have be able to success to search book with search feature
----------------------------------------------------------------------
18:10:20.077 [AsyncHttpClient-1-2] DEBUG org.asynchttpclient.netty.handler.WebSocketHandler - Channel Closed: [id: 0x15f6eee3, L:/127.0.0.1:65310 ! R:localhost/127.0.0.1:65301] with attribute NettyResponseFuture{currentRetry=5,
	isDone=1,
	isCancelled=0,
	asyncHandler=org.asynchttpclient.ws.WebSocketUpgradeHandler@2c63821c,
	nettyRequest=org.asynchttpclient.netty.request.NettyRequest@260cdd6d,
	future=java.util.concurrent.CompletableFuture@78a5afde[Completed normally],
	uri=ws://localhost:65301/devtools/browser/8f58ce8c-929c-4c1b-bc2f-d8a503c6f3cf,
	keepAlive=true,
	redirectCount=0,
	timeoutsHolder=null,
	inAuth=0,
	touch=1649761809941}
18:10:20.077 [AsyncHttpClient-1-2] DEBUG org.asynchttpclient.netty.channel.ChannelManager - Closing Channel [id: 0x15f6eee3, L:/127.0.0.1:65310 ! R:localhost/127.0.0.1:65301] 
18:10:20.078 [Driver Command Executor] DEBUG org.asynchttpclient.netty.request.NettyRequestSender - Using pooled Channel '[id: 0xbb9f13cf, L:/127.0.0.1:65300 - R:localhost/127.0.0.1:52072]' for 'DELETE' to 'http://localhost:52072/session/a14790acae3d6c704799dac79bb7c854'
18:10:20.078 [Driver Command Executor] DEBUG org.asynchttpclient.netty.request.NettyRequestSender - Using open Channel [id: 0xbb9f13cf, L:/127.0.0.1:65300 - R:localhost/127.0.0.1:52072] for DELETE '/session/a14790acae3d6c704799dac79bb7c854'
18:10:20.194 [AsyncHttpClient-1-9] DEBUG org.asynchttpclient.netty.handler.HttpHandler - Unexpected I/O exception on channel [id: 0x4b78c7a5, L:/127.0.0.1:65309 - R:localhost/127.0.0.1:65301]
java.io.IOException: An existing connection was forcibly closed by the remote host
	at sun.nio.ch.SocketDispatcher.read0(Native Method)
	at sun.nio.ch.SocketDispatcher.read(SocketDispatcher.java:43)
	at sun.nio.ch.IOUtil.readIntoNativeBuffer(IOUtil.java:223)
	at sun.nio.ch.IOUtil.read(IOUtil.java:192)
	at sun.nio.ch.SocketChannelImpl.read(SocketChannelImpl.java:378)
	at io.netty.buffer.PooledByteBuf.setBytes(PooledByteBuf.java:258)
	at io.netty.buffer.AbstractByteBuf.writeBytes(AbstractByteBuf.java:1132)
	at io.netty.channel.socket.nio.NioSocketChannel.doReadBytes(NioSocketChannel.java:350)
	at io.netty.channel.nio.AbstractNioByteChannel$NioByteUnsafe.read(AbstractNioByteChannel.java:151)
	at io.netty.channel.nio.NioEventLoop.processSelectedKey(NioEventLoop.java:722)
	at io.netty.channel.nio.NioEventLoop.processSelectedKeysOptimized(NioEventLoop.java:658)
	at io.netty.channel.nio.NioEventLoop.processSelectedKeys(NioEventLoop.java:584)
	at io.netty.channel.nio.NioEventLoop.run(NioEventLoop.java:496)
	at io.netty.util.concurrent.SingleThreadEventExecutor$4.run(SingleThreadEventExecutor.java:986)
	at io.netty.util.internal.ThreadExecutorMap$2.run(ThreadExecutorMap.java:74)
	at io.netty.util.concurrent.FastThreadLocalRunnable.run(FastThreadLocalRunnable.java:30)
	at java.lang.Thread.run(Thread.java:750)
18:10:20.195 [AsyncHttpClient-1-9] DEBUG org.asynchttpclient.netty.channel.ChannelManager - Closing Channel [id: 0x4b78c7a5, L:/127.0.0.1:65309 - R:localhost/127.0.0.1:65301] 
18:10:20.195 [AsyncHttpClient-1-9] DEBUG org.asynchttpclient.netty.handler.HttpHandler - Channel Closed: [id: 0x4b78c7a5, L:/127.0.0.1:65309 ! R:localhost/127.0.0.1:65301] with attribute DISCARD
18:10:20.314 [AsyncHttpClient-1-8] DEBUG org.asynchttpclient.netty.handler.HttpHandler - 

Request DefaultFullHttpRequest(decodeResult: success, version: HTTP/1.1, content: EmptyByteBufBE)
DELETE /session/a14790acae3d6c704799dac79bb7c854 HTTP/1.1
User-Agent: selenium/4.1.2 (java windows)
Content-Type: application/json; charset=utf-8
host: localhost:52072
accept: */*

Response DefaultHttpResponse(decodeResult: success, version: HTTP/1.1)
HTTP/1.1 200 OK
Content-Type: application/json; charset=utf-8
cache-control: no-cache
content-length: 14

18:10:20.315 [AsyncHttpClient-1-8] DEBUG org.asynchttpclient.netty.channel.ChannelManager - Adding key: http://localhost:52072 for channel [id: 0xbb9f13cf, L:/127.0.0.1:65300 - R:localhost/127.0.0.1:52072]
18:10:20.411 [AsyncHttpClient-1-8] DEBUG org.asynchttpclient.netty.handler.HttpHandler - Channel Closed: [id: 0xbb9f13cf, L:/127.0.0.1:65300 ! R:localhost/127.0.0.1:52072] with attribute DISCARD
18:10:20.663 [AsyncHttpClient-1-1] DEBUG org.asynchttpclient.netty.channel.DefaultChannelPool - Entry count for : http://localhost:52072 : 1
18:10:20.663 [AsyncHttpClient-1-1] DEBUG org.asynchttpclient.netty.channel.DefaultChannelPool - Entry count for : http://localhost:65301 : 1
18:10:20.663 [AsyncHttpClient-1-1] DEBUG org.asynchttpclient.netty.channel.DefaultChannelPool - Adding Candidate expired Channel [id: 0xbb9f13cf, L:/127.0.0.1:65300 ! R:localhost/127.0.0.1:52072] isIdleTimeoutExpired=false isRemotelyClosed=true isTtlExpired=false
18:10:20.663 [AsyncHttpClient-1-1] DEBUG org.asynchttpclient.netty.channel.DefaultChannelPool - Closing Idle Channel [id: 0xbb9f13cf, L:/127.0.0.1:65300 ! R:localhost/127.0.0.1:52072]
18:10:20.663 [AsyncHttpClient-1-1] DEBUG org.asynchttpclient.netty.channel.DefaultChannelPool - Adding Candidate expired Channel [id: 0x4b78c7a5, L:/127.0.0.1:65309 ! R:localhost/127.0.0.1:65301] isIdleTimeoutExpired=false isRemotelyClosed=true isTtlExpired=false
18:10:20.663 [AsyncHttpClient-1-1] DEBUG org.asynchttpclient.netty.channel.DefaultChannelPool - Closing Idle Channel [id: 0x4b78c7a5, L:/127.0.0.1:65309 ! R:localhost/127.0.0.1:65301]
18:10:20.663 [AsyncHttpClient-1-1] DEBUG org.asynchttpclient.netty.channel.DefaultChannelPool - Closed 2 connections out of 2 in 0 ms
]]></system-out>
    <system-err><![CDATA[Starting ChromeDriver 100.0.4896.60 (6a5d10861ce8de5fce22564658033b43cb7de047-refs/branch-heads/4896@{#875}) on port 52072
Only local connections are allowed.
Please see https://chromedriver.chromium.org/security-considerations for suggestions on keeping ChromeDriver safe.
ChromeDriver was started successfully.
Apr 12, 2022 6:10:09 PM org.openqa.selenium.remote.ProtocolHandshake createSession
INFO: Detected dialect: W3C
Apr 12, 2022 6:10:09 PM org.openqa.selenium.devtools.CdpVersionFinder findNearestMatch
WARNING: Unable to find an exact match for CDP version 100, so returning the closest version found: 97
Apr 12, 2022 6:10:09 PM org.openqa.selenium.devtools.CdpVersionFinder findNearestMatch
INFO: Found CDP implementation for version 100 of 97
]]></system-err>
  </testcase>
  <testcase name="As user i have be able to success login" classname="As user I want see home page So that i can buy books" time="12.497">
    <system-out><![CDATA[18:10:20.940 [main] INFO io.cucumber.core.plugin.SerenityReporter - Running feature from file:///D:/kampus%20merdeka/Intelij/web/src/test/resources/features/Login.feature
18:10:20.950 [main] DEBUG net.thucydides.core.steps.StepEventBus - Test suite started for story net.thucydides.core.model.Story@219ce80
18:10:20.952 [main] INFO  - Test Suite Started: As user I want see home page So that i can buy books

@login
Scenario: As user i have be able to success login &amp#27;[90m# src/test/resources/features/Login.feature:9&amp#27;[0m
18:10:20.976 [main] INFO io.cucumber.core.plugin.SerenityReporter - Running feature from file:///D:/kampus%20merdeka/Intelij/web/src/test/resources/features/Login.feature
18:10:20.981 [main] INFO  - 
  _____   ___   ___   _____     ___   _____     _     ___   _____   ___   ___  
 |_   _| | __| / __| |_   _|   / __| |_   _|   /_\   | _ \ |_   _| | __| |   \ 
   | |   | _|  \__ \   | |     \__ \   | |    / _ \  |   /   | |   | _|  | |) |
   |_|   |___| |___/   |_|     |___/   |_|   /_/ \_\ |_|_\   |_|   |___| |___/ 

As user i have be able to success login(as-user-i-want-see-home-page-so-that-i-can-buy-books;as-user-i-have-be-able-to-success-login)
--------------------------------------------------------------------------------
18:10:21.020 [main] DEBUG net.thucydides.core.steps.StepInterceptor - STARTING STEP: BookstoreSteps.onBookstorePage - openPage
18:10:21.021 [main] INFO net.serenitybdd.core.webdriver.driverproviders.ChromeDriverProvider - Using automatically driver download
18:10:21.200 [main] DEBUG io.github.bonigarcia.wdm.cache.ResolutionCache - Resolution chrome=100 in cache (valid until 19:03:08 12/04/2022 ICT)
18:10:21.206 [main] DEBUG io.github.bonigarcia.wdm.cache.ResolutionCache - Resolution chrome100=100.0.4896.60 in cache (valid until 16:43:36 13/04/2022 ICT)
18:10:21.209 [main] INFO io.github.bonigarcia.wdm.WebDriverManager - Using chromedriver 100.0.4896.60 (resolved driver for Chrome 100)
18:10:21.223 [main] DEBUG io.github.bonigarcia.wdm.WebDriverManager - Driver chromedriver 100.0.4896.60 found in cache
18:10:21.223 [main] INFO io.github.bonigarcia.wdm.WebDriverManager - Exporting webdriver.chrome.driver as C:\Users\Admin\.cache\selenium\chromedriver\win32\100.0.4896.60\chromedriver.exe
18:10:21.365 [main] DEBUG net.serenitybdd.core.webdriver.driverproviders.ProvideNewDriver - Instantiating driver
18:10:21.365 [main] DEBUG net.serenitybdd.core.webdriver.driverproviders.ProvideNewDriver - Driver capabilities: Capabilities {acceptInsecureCerts: false, base.url: https://demoqa.com/, browserName: chrome, chrome.driver: src/test/resources/webdrive..., driver: chrome, goog:chromeOptions: {args: [], extensions: []}}
18:10:21.931 [AsyncHttpClient-1-3] DEBUG org.asynchttpclient.netty.channel.NettyConnectListener - Using new Channel '[id: 0xe6dde9bb, L:/127.0.0.1:65389 - R:localhost/127.0.0.1:63868]' for 'POST' to '/session'
18:10:23.117 [AsyncHttpClient-1-3] DEBUG org.asynchttpclient.netty.handler.HttpHandler - 

Request DefaultHttpRequest(decodeResult: success, version: HTTP/1.1)
POST /session HTTP/1.1
User-Agent: selenium/4.1.2 (java windows)
Content-Length: 605
Content-Type: application/json; charset=utf-8
host: localhost:63868
accept: */*

Response DefaultHttpResponse(decodeResult: success, version: HTTP/1.1)
HTTP/1.1 200 OK
Content-Type: application/json; charset=utf-8
cache-control: no-cache
content-length: 787

18:10:23.117 [AsyncHttpClient-1-3] DEBUG org.asynchttpclient.netty.channel.ChannelManager - Adding key: http://localhost:63868 for channel [id: 0xe6dde9bb, L:/127.0.0.1:65389 - R:localhost/127.0.0.1:63868]
18:10:23.129 [AsyncHttpClient-1-4] DEBUG org.asynchttpclient.netty.channel.NettyConnectListener - Using new Channel '[id: 0x7a757f83, L:/127.0.0.1:65396 - R:localhost/127.0.0.1:65390]' for 'GET' to '/json/version'
18:10:23.131 [AsyncHttpClient-1-4] DEBUG org.asynchttpclient.netty.handler.HttpHandler - 

Request DefaultFullHttpRequest(decodeResult: success, version: HTTP/1.1, content: EmptyByteBufBE)
GET /json/version HTTP/1.1
User-Agent: selenium/4.1.2 (java windows)
host: localhost:65390
accept: */*

Response DefaultHttpResponse(decodeResult: success, version: HTTP/1.1)
HTTP/1.1 200 OK
Content-Type: application/json; charset=UTF-8
content-length: 426

18:10:23.131 [AsyncHttpClient-1-4] DEBUG org.asynchttpclient.netty.channel.ChannelManager - Adding key: http://localhost:65390 for channel [id: 0x7a757f83, L:/127.0.0.1:65396 - R:localhost/127.0.0.1:65390]
18:10:23.135 [AsyncHttpClient-1-5] DEBUG org.asynchttpclient.netty.channel.NettyConnectListener - Using new Channel '[id: 0x42e026af, L:/127.0.0.1:65397 - R:localhost/127.0.0.1:65390]' for 'GET' to '/devtools/browser/24bab562-9449-402f-9b55-a00bb4e74820'
18:10:23.137 [AsyncHttpClient-1-5] DEBUG org.asynchttpclient.netty.handler.WebSocketHandler - 

Request DefaultFullHttpRequest(decodeResult: success, version: HTTP/1.1, content: EmptyByteBufBE)
GET /devtools/browser/24bab562-9449-402f-9b55-a00bb4e74820 HTTP/1.1
upgrade: websocket
connection: upgrade
sec-websocket-key: oUOh9OpdsBZFgBIZoqhcJQ==
sec-websocket-version: 13
origin: http://localhost:65390
host: localhost:65390
accept: */*
user-agent: AHC/2.1

Response DefaultHttpResponse(decodeResult: success, version: HTTP/1.1)
HTTP/1.1 101 WebSocket Protocol Handshake
Upgrade: WebSocket
Connection: Upgrade
Sec-WebSocket-Accept: 7ML1LOJAS8vx+AinqkZmcp73qNY=

18:10:23.143 [Forwarding setCurrentWindowSize on session 76b781bcc4d0022f153ac42370f37d82 to remote] DEBUG org.asynchttpclient.netty.request.NettyRequestSender - Using pooled Channel '[id: 0xe6dde9bb, L:/127.0.0.1:65389 - R:localhost/127.0.0.1:63868]' for 'POST' to 'http://localhost:63868/session/76b781bcc4d0022f153ac42370f37d82/window/rect'
18:10:23.144 [Forwarding setCurrentWindowSize on session 76b781bcc4d0022f153ac42370f37d82 to remote] DEBUG org.asynchttpclient.netty.request.NettyRequestSender - Using open Channel [id: 0xe6dde9bb, L:/127.0.0.1:65389 - R:localhost/127.0.0.1:63868] for POST '/session/76b781bcc4d0022f153ac42370f37d82/window/rect'
18:10:23.287 [AsyncHttpClient-1-3] DEBUG org.asynchttpclient.netty.handler.HttpHandler - 

Request DefaultHttpRequest(decodeResult: success, version: HTTP/1.1)
POST /session/76b781bcc4d0022f153ac42370f37d82/window/rect HTTP/1.1
User-Agent: selenium/4.1.2 (java windows)
Content-Length: 36
Content-Type: application/json; charset=utf-8
host: localhost:63868
accept: */*

Response DefaultHttpResponse(decodeResult: success, version: HTTP/1.1)
HTTP/1.1 200 OK
Content-Type: application/json; charset=utf-8
cache-control: no-cache
content-length: 51

18:10:23.287 [AsyncHttpClient-1-3] DEBUG org.asynchttpclient.netty.channel.ChannelManager - Adding key: http://localhost:63868 for channel [id: 0xe6dde9bb, L:/127.0.0.1:65389 - R:localhost/127.0.0.1:63868]
18:10:23.293 [Forwarding setWindowPosition on session 76b781bcc4d0022f153ac42370f37d82 to remote] DEBUG org.asynchttpclient.netty.request.NettyRequestSender - Using pooled Channel '[id: 0xe6dde9bb, L:/127.0.0.1:65389 - R:localhost/127.0.0.1:63868]' for 'POST' to 'http://localhost:63868/session/76b781bcc4d0022f153ac42370f37d82/window/rect'
18:10:23.294 [Forwarding setWindowPosition on session 76b781bcc4d0022f153ac42370f37d82 to remote] DEBUG org.asynchttpclient.netty.request.NettyRequestSender - Using open Channel [id: 0xe6dde9bb, L:/127.0.0.1:65389 - R:localhost/127.0.0.1:63868] for POST '/session/76b781bcc4d0022f153ac42370f37d82/window/rect'
18:10:23.409 [AsyncHttpClient-1-3] DEBUG org.asynchttpclient.netty.handler.HttpHandler - 

Request DefaultHttpRequest(decodeResult: success, version: HTTP/1.1)
POST /session/76b781bcc4d0022f153ac42370f37d82/window/rect HTTP/1.1
User-Agent: selenium/4.1.2 (java windows)
Content-Length: 22
Content-Type: application/json; charset=utf-8
host: localhost:63868
accept: */*

Response DefaultHttpResponse(decodeResult: success, version: HTTP/1.1)
HTTP/1.1 200 OK
Content-Type: application/json; charset=utf-8
cache-control: no-cache
content-length: 49

18:10:23.409 [AsyncHttpClient-1-3] DEBUG org.asynchttpclient.netty.channel.ChannelManager - Adding key: http://localhost:63868 for channel [id: 0xe6dde9bb, L:/127.0.0.1:65389 - R:localhost/127.0.0.1:63868]
18:10:23.412 [Forwarding get on session 76b781bcc4d0022f153ac42370f37d82 to remote] DEBUG org.asynchttpclient.netty.request.NettyRequestSender - Using pooled Channel '[id: 0xe6dde9bb, L:/127.0.0.1:65389 - R:localhost/127.0.0.1:63868]' for 'POST' to 'http://localhost:63868/session/76b781bcc4d0022f153ac42370f37d82/url'
18:10:23.412 [Forwarding get on session 76b781bcc4d0022f153ac42370f37d82 to remote] DEBUG org.asynchttpclient.netty.request.NettyRequestSender - Using open Channel [id: 0xe6dde9bb, L:/127.0.0.1:65389 - R:localhost/127.0.0.1:63868] for POST '/session/76b781bcc4d0022f153ac42370f37d82/url'
18:10:23.961 [AsyncHttpClient-1-1] DEBUG org.asynchttpclient.netty.channel.DefaultChannelPool - Entry count for : http://localhost:65390 : 1
18:10:25.061 [AsyncHttpClient-1-1] DEBUG org.asynchttpclient.netty.channel.DefaultChannelPool - Entry count for : http://localhost:65390 : 1
18:10:26.161 [AsyncHttpClient-1-1] DEBUG org.asynchttpclient.netty.channel.DefaultChannelPool - Entry count for : http://localhost:65390 : 1
18:10:27.264 [AsyncHttpClient-1-1] DEBUG org.asynchttpclient.netty.channel.DefaultChannelPool - Entry count for : http://localhost:65390 : 1
18:10:28.367 [AsyncHttpClient-1-1] DEBUG org.asynchttpclient.netty.channel.DefaultChannelPool - Entry count for : http://localhost:65390 : 1
18:10:29.464 [AsyncHttpClient-1-1] DEBUG org.asynchttpclient.netty.channel.DefaultChannelPool - Entry count for : http://localhost:65390 : 1
18:10:29.645 [AsyncHttpClient-1-3] DEBUG org.asynchttpclient.netty.handler.HttpHandler - 

Request DefaultHttpRequest(decodeResult: success, version: HTTP/1.1)
POST /session/76b781bcc4d0022f153ac42370f37d82/url HTTP/1.1
User-Agent: selenium/4.1.2 (java windows)
Content-Length: 49
Content-Type: application/json; charset=utf-8
host: localhost:63868
accept: */*

Response DefaultHttpResponse(decodeResult: success, version: HTTP/1.1)
HTTP/1.1 200 OK
Content-Type: application/json; charset=utf-8
cache-control: no-cache
content-length: 14

18:10:29.645 [AsyncHttpClient-1-3] DEBUG org.asynchttpclient.netty.channel.ChannelManager - Adding key: http://localhost:63868 for channel [id: 0xe6dde9bb, L:/127.0.0.1:65389 - R:localhost/127.0.0.1:63868]
18:10:29.648 [Forwarding setTimeout on session 76b781bcc4d0022f153ac42370f37d82 to remote] DEBUG org.asynchttpclient.netty.request.NettyRequestSender - Using pooled Channel '[id: 0xe6dde9bb, L:/127.0.0.1:65389 - R:localhost/127.0.0.1:63868]' for 'POST' to 'http://localhost:63868/session/76b781bcc4d0022f153ac42370f37d82/timeouts'
18:10:29.648 [Forwarding setTimeout on session 76b781bcc4d0022f153ac42370f37d82 to remote] DEBUG org.asynchttpclient.netty.request.NettyRequestSender - Using open Channel [id: 0xe6dde9bb, L:/127.0.0.1:65389 - R:localhost/127.0.0.1:63868] for POST '/session/76b781bcc4d0022f153ac42370f37d82/timeouts'
18:10:29.649 [AsyncHttpClient-1-3] DEBUG org.asynchttpclient.netty.handler.HttpHandler - 

Request DefaultHttpRequest(decodeResult: success, version: HTTP/1.1)
POST /session/76b781bcc4d0022f153ac42370f37d82/timeouts HTTP/1.1
User-Agent: selenium/4.1.2 (java windows)
Content-Length: 22
Content-Type: application/json; charset=utf-8
host: localhost:63868
accept: */*

Response DefaultHttpResponse(decodeResult: success, version: HTTP/1.1)
HTTP/1.1 200 OK
Content-Type: application/json; charset=utf-8
cache-control: no-cache
content-length: 14

18:10:29.650 [AsyncHttpClient-1-3] DEBUG org.asynchttpclient.netty.channel.ChannelManager - Adding key: http://localhost:63868 for channel [id: 0xe6dde9bb, L:/127.0.0.1:65389 - R:localhost/127.0.0.1:63868]
18:10:29.653 [Forwarding getCurrentUrl on session 76b781bcc4d0022f153ac42370f37d82 to remote] DEBUG org.asynchttpclient.netty.request.NettyRequestSender - Using pooled Channel '[id: 0xe6dde9bb, L:/127.0.0.1:65389 - R:localhost/127.0.0.1:63868]' for 'GET' to 'http://localhost:63868/session/76b781bcc4d0022f153ac42370f37d82/url'
18:10:29.653 [Forwarding getCurrentUrl on session 76b781bcc4d0022f153ac42370f37d82 to remote] DEBUG org.asynchttpclient.netty.request.NettyRequestSender - Using open Channel [id: 0xe6dde9bb, L:/127.0.0.1:65389 - R:localhost/127.0.0.1:63868] for GET '/session/76b781bcc4d0022f153ac42370f37d82/url'
18:10:29.664 [AsyncHttpClient-1-3] DEBUG org.asynchttpclient.netty.handler.HttpHandler - 

Request DefaultFullHttpRequest(decodeResult: success, version: HTTP/1.1, content: EmptyByteBufBE)
GET /session/76b781bcc4d0022f153ac42370f37d82/url HTTP/1.1
User-Agent: selenium/4.1.2 (java windows)
Cache-Control: no-cache
Content-Type: application/json; charset=utf-8
host: localhost:63868
accept: */*

Response DefaultHttpResponse(decodeResult: success, version: HTTP/1.1)
HTTP/1.1 200 OK
Content-Type: application/json; charset=utf-8
cache-control: no-cache
content-length: 31

18:10:29.665 [AsyncHttpClient-1-3] DEBUG org.asynchttpclient.netty.channel.ChannelManager - Adding key: http://localhost:63868 for channel [id: 0xe6dde9bb, L:/127.0.0.1:65389 - R:localhost/127.0.0.1:63868]
18:10:29.671 [Forwarding getCurrentUrl on session 76b781bcc4d0022f153ac42370f37d82 to remote] DEBUG org.asynchttpclient.netty.request.NettyRequestSender - Using pooled Channel '[id: 0xe6dde9bb, L:/127.0.0.1:65389 - R:localhost/127.0.0.1:63868]' for 'GET' to 'http://localhost:63868/session/76b781bcc4d0022f153ac42370f37d82/url'
18:10:29.671 [Forwarding getCurrentUrl on session 76b781bcc4d0022f153ac42370f37d82 to remote] DEBUG org.asynchttpclient.netty.request.NettyRequestSender - Using open Channel [id: 0xe6dde9bb, L:/127.0.0.1:65389 - R:localhost/127.0.0.1:63868] for GET '/session/76b781bcc4d0022f153ac42370f37d82/url'
18:10:29.677 [AsyncHttpClient-1-3] DEBUG org.asynchttpclient.netty.handler.HttpHandler - 

Request DefaultFullHttpRequest(decodeResult: success, version: HTTP/1.1, content: EmptyByteBufBE)
GET /session/76b781bcc4d0022f153ac42370f37d82/url HTTP/1.1
User-Agent: selenium/4.1.2 (java windows)
Cache-Control: no-cache
Content-Type: application/json; charset=utf-8
host: localhost:63868
accept: */*

Response DefaultHttpResponse(decodeResult: success, version: HTTP/1.1)
HTTP/1.1 200 OK
Content-Type: application/json; charset=utf-8
cache-control: no-cache
content-length: 31

18:10:29.677 [AsyncHttpClient-1-3] DEBUG org.asynchttpclient.netty.channel.ChannelManager - Adding key: http://localhost:63868 for channel [id: 0xe6dde9bb, L:/127.0.0.1:65389 - R:localhost/127.0.0.1:63868]
18:10:29.682 [main] DEBUG net.serenitybdd.core.photography.Darkroom - Opening darkroom
18:10:29.683 [Darkroom Processing Line] DEBUG net.serenitybdd.core.photography.DarkroomProcessingLine - Darkroom processing line starting up
18:10:29.683 [Forwarding screenshot on session 76b781bcc4d0022f153ac42370f37d82 to remote] DEBUG org.asynchttpclient.netty.request.NettyRequestSender - Using pooled Channel '[id: 0xe6dde9bb, L:/127.0.0.1:65389 - R:localhost/127.0.0.1:63868]' for 'GET' to 'http://localhost:63868/session/76b781bcc4d0022f153ac42370f37d82/screenshot'
18:10:29.683 [Forwarding screenshot on session 76b781bcc4d0022f153ac42370f37d82 to remote] DEBUG org.asynchttpclient.netty.request.NettyRequestSender - Using open Channel [id: 0xe6dde9bb, L:/127.0.0.1:65389 - R:localhost/127.0.0.1:63868] for GET '/session/76b781bcc4d0022f153ac42370f37d82/screenshot'
18:10:29.828 [AsyncHttpClient-1-3] DEBUG org.asynchttpclient.netty.handler.HttpHandler - 

Request DefaultFullHttpRequest(decodeResult: success, version: HTTP/1.1, content: EmptyByteBufBE)
GET /session/76b781bcc4d0022f153ac42370f37d82/screenshot HTTP/1.1
User-Agent: selenium/4.1.2 (java windows)
Cache-Control: no-cache
Content-Type: application/json; charset=utf-8
host: localhost:63868
accept: */*

Response DefaultHttpResponse(decodeResult: success, version: HTTP/1.1)
HTTP/1.1 200 OK
Content-Type: application/json; charset=utf-8
cache-control: no-cache
content-length: 149880

18:10:29.830 [AsyncHttpClient-1-3] DEBUG org.asynchttpclient.netty.channel.ChannelManager - Adding key: http://localhost:63868 for channel [id: 0xe6dde9bb, L:/127.0.0.1:65389 - R:localhost/127.0.0.1:63868]
18:10:29.837 [main] DEBUG net.serenitybdd.core.photography.Darkroom - Send negative for processing for target\site\serenity\419a4023bc52a02bff140c898b88d7599a5244c5918d191fb2d801141a95e2fb.png
18:10:29.837 [main] DEBUG net.thucydides.core.steps.StepInterceptor - STEP DONE: openPage
18:10:29.838 [Darkroom Processing Line] DEBUG net.serenitybdd.core.photography.DarkroomProcessingLine - Processing screenshot image in /var/screenshots/screenshot-2601981639425035683
18:10:29.838 [Darkroom Processing Line] DEBUG net.serenitybdd.core.photography.DarkroomProcessingLine - Saving screenshot to target\site\serenity\419a4023bc52a02bff140c898b88d7599a5244c5918d191fb2d801141a95e2fb.png
18:10:29.851 [main] DEBUG net.thucydides.core.steps.StepInterceptor - STARTING STEP: BookstoreSteps.onBookstorePage - validationHomePage
18:10:29.858 [Forwarding findElement on session 76b781bcc4d0022f153ac42370f37d82 to remote] DEBUG org.asynchttpclient.netty.request.NettyRequestSender - Using pooled Channel '[id: 0xe6dde9bb, L:/127.0.0.1:65389 - R:localhost/127.0.0.1:63868]' for 'POST' to 'http://localhost:63868/session/76b781bcc4d0022f153ac42370f37d82/element'
18:10:29.858 [Forwarding findElement on session 76b781bcc4d0022f153ac42370f37d82 to remote] DEBUG org.asynchttpclient.netty.request.NettyRequestSender - Using open Channel [id: 0xe6dde9bb, L:/127.0.0.1:65389 - R:localhost/127.0.0.1:63868] for POST '/session/76b781bcc4d0022f153ac42370f37d82/element'
18:10:29.895 [AsyncHttpClient-1-3] DEBUG org.asynchttpclient.netty.handler.HttpHandler - 

Request DefaultHttpRequest(decodeResult: success, version: HTTP/1.1)
POST /session/76b781bcc4d0022f153ac42370f37d82/element HTTP/1.1
User-Agent: selenium/4.1.2 (java windows)
Content-Length: 48
Content-Type: application/json; charset=utf-8
host: localhost:63868
accept: */*

Response DefaultHttpResponse(decodeResult: success, version: HTTP/1.1)
HTTP/1.1 400 Bad Request
Content-Type: application/json; charset=utf-8
cache-control: no-cache
content-length: 957

18:10:29.895 [AsyncHttpClient-1-3] DEBUG org.asynchttpclient.netty.channel.ChannelManager - Adding key: http://localhost:63868 for channel [id: 0xe6dde9bb, L:/127.0.0.1:65389 - R:localhost/127.0.0.1:63868]
18:10:29.897 [Forwarding findElement on session 76b781bcc4d0022f153ac42370f37d82 to remote] DEBUG org.asynchttpclient.netty.request.NettyRequestSender - Using pooled Channel '[id: 0xe6dde9bb, L:/127.0.0.1:65389 - R:localhost/127.0.0.1:63868]' for 'POST' to 'http://localhost:63868/session/76b781bcc4d0022f153ac42370f37d82/element'
18:10:29.898 [Forwarding findElement on session 76b781bcc4d0022f153ac42370f37d82 to remote] DEBUG org.asynchttpclient.netty.request.NettyRequestSender - Using open Channel [id: 0xe6dde9bb, L:/127.0.0.1:65389 - R:localhost/127.0.0.1:63868] for POST '/session/76b781bcc4d0022f153ac42370f37d82/element'
18:10:29.910 [AsyncHttpClient-1-3] DEBUG org.asynchttpclient.netty.handler.HttpHandler - 

Request DefaultHttpRequest(decodeResult: success, version: HTTP/1.1)
POST /session/76b781bcc4d0022f153ac42370f37d82/element HTTP/1.1
User-Agent: selenium/4.1.2 (java windows)
Content-Length: 58
Content-Type: application/json; charset=utf-8
host: localhost:63868
accept: */*

Response DefaultHttpResponse(decodeResult: success, version: HTTP/1.1)
HTTP/1.1 200 OK
Content-Type: application/json; charset=utf-8
cache-control: no-cache
content-length: 88

18:10:29.911 [AsyncHttpClient-1-3] DEBUG org.asynchttpclient.netty.channel.ChannelManager - Adding key: http://localhost:63868 for channel [id: 0xe6dde9bb, L:/127.0.0.1:65389 - R:localhost/127.0.0.1:63868]
18:10:29.918 [Forwarding isElementDisplayed on session 76b781bcc4d0022f153ac42370f37d82 to remote] DEBUG org.asynchttpclient.netty.request.NettyRequestSender - Using pooled Channel '[id: 0xe6dde9bb, L:/127.0.0.1:65389 - R:localhost/127.0.0.1:63868]' for 'POST' to 'http://localhost:63868/session/76b781bcc4d0022f153ac42370f37d82/execute/sync'
18:10:29.918 [Forwarding isElementDisplayed on session 76b781bcc4d0022f153ac42370f37d82 to remote] DEBUG org.asynchttpclient.netty.request.NettyRequestSender - Using open Channel [id: 0xe6dde9bb, L:/127.0.0.1:65389 - R:localhost/127.0.0.1:63868] for POST '/session/76b781bcc4d0022f153ac42370f37d82/execute/sync'
18:10:29.939 [AsyncHttpClient-1-3] DEBUG org.asynchttpclient.netty.handler.HttpHandler - 

Request DefaultHttpRequest(decodeResult: success, version: HTTP/1.1)
POST /session/76b781bcc4d0022f153ac42370f37d82/execute/sync HTTP/1.1
User-Agent: selenium/4.1.2 (java windows)
Content-Length: 48780
Content-Type: application/json; charset=utf-8
host: localhost:63868
accept: */*

Response DefaultHttpResponse(decodeResult: success, version: HTTP/1.1)
HTTP/1.1 200 OK
Content-Type: application/json; charset=utf-8
cache-control: no-cache
content-length: 14

18:10:29.940 [AsyncHttpClient-1-3] DEBUG org.asynchttpclient.netty.channel.ChannelManager - Adding key: http://localhost:63868 for channel [id: 0xe6dde9bb, L:/127.0.0.1:65389 - R:localhost/127.0.0.1:63868]
18:10:29.948 [Forwarding screenshot on session 76b781bcc4d0022f153ac42370f37d82 to remote] DEBUG org.asynchttpclient.netty.request.NettyRequestSender - Using pooled Channel '[id: 0xe6dde9bb, L:/127.0.0.1:65389 - R:localhost/127.0.0.1:63868]' for 'GET' to 'http://localhost:63868/session/76b781bcc4d0022f153ac42370f37d82/screenshot'
18:10:29.948 [Forwarding screenshot on session 76b781bcc4d0022f153ac42370f37d82 to remote] DEBUG org.asynchttpclient.netty.request.NettyRequestSender - Using open Channel [id: 0xe6dde9bb, L:/127.0.0.1:65389 - R:localhost/127.0.0.1:63868] for GET '/session/76b781bcc4d0022f153ac42370f37d82/screenshot'
18:10:30.146 [AsyncHttpClient-1-3] DEBUG org.asynchttpclient.netty.handler.HttpHandler - 

Request DefaultFullHttpRequest(decodeResult: success, version: HTTP/1.1, content: EmptyByteBufBE)
GET /session/76b781bcc4d0022f153ac42370f37d82/screenshot HTTP/1.1
User-Agent: selenium/4.1.2 (java windows)
Cache-Control: no-cache
Content-Type: application/json; charset=utf-8
host: localhost:63868
accept: */*

Response DefaultHttpResponse(decodeResult: success, version: HTTP/1.1)
HTTP/1.1 200 OK
Content-Type: application/json; charset=utf-8
cache-control: no-cache
content-length: 149880

18:10:30.148 [AsyncHttpClient-1-3] DEBUG org.asynchttpclient.netty.channel.ChannelManager - Adding key: http://localhost:63868 for channel [id: 0xe6dde9bb, L:/127.0.0.1:65389 - R:localhost/127.0.0.1:63868]
18:10:30.159 [main] DEBUG net.serenitybdd.core.photography.Darkroom - Send negative for processing for target\site\serenity\419a4023bc52a02bff140c898b88d7599a5244c5918d191fb2d801141a95e2fb.png
18:10:30.159 [main] DEBUG net.thucydides.core.steps.StepInterceptor - STEP DONE: validationHomePage
  &amp#27;[32mGiven &amp#27;[0m&amp#27;[32mi am on the home page&amp#27;[0m                     &amp#27;[90m# starter.stepdefenitions.BookstoreSteps.onBookstorePage()&amp#27;[0m
18:10:30.177 [main] DEBUG net.thucydides.core.steps.StepInterceptor - STARTING STEP: BookstoreSteps.clickFeatureBookstore - clickFeatureBookstore
18:10:30.180 [Forwarding findElement on session 76b781bcc4d0022f153ac42370f37d82 to remote] DEBUG org.asynchttpclient.netty.request.NettyRequestSender - Using pooled Channel '[id: 0xe6dde9bb, L:/127.0.0.1:65389 - R:localhost/127.0.0.1:63868]' for 'POST' to 'http://localhost:63868/session/76b781bcc4d0022f153ac42370f37d82/element'
18:10:30.180 [Forwarding findElement on session 76b781bcc4d0022f153ac42370f37d82 to remote] DEBUG org.asynchttpclient.netty.request.NettyRequestSender - Using open Channel [id: 0xe6dde9bb, L:/127.0.0.1:65389 - R:localhost/127.0.0.1:63868] for POST '/session/76b781bcc4d0022f153ac42370f37d82/element'
18:10:30.195 [AsyncHttpClient-1-3] DEBUG org.asynchttpclient.netty.handler.HttpHandler - 

Request DefaultHttpRequest(decodeResult: success, version: HTTP/1.1)
POST /session/76b781bcc4d0022f153ac42370f37d82/element HTTP/1.1
User-Agent: selenium/4.1.2 (java windows)
Content-Length: 86
Content-Type: application/json; charset=utf-8
host: localhost:63868
accept: */*

Response DefaultHttpResponse(decodeResult: success, version: HTTP/1.1)
HTTP/1.1 200 OK
Content-Type: application/json; charset=utf-8
cache-control: no-cache
content-length: 88

18:10:30.196 [AsyncHttpClient-1-3] DEBUG org.asynchttpclient.netty.channel.ChannelManager - Adding key: http://localhost:63868 for channel [id: 0xe6dde9bb, L:/127.0.0.1:65389 - R:localhost/127.0.0.1:63868]
18:10:30.198 [Forwarding getElementTagName on session 76b781bcc4d0022f153ac42370f37d82 to remote] DEBUG org.asynchttpclient.netty.request.NettyRequestSender - Using pooled Channel '[id: 0xe6dde9bb, L:/127.0.0.1:65389 - R:localhost/127.0.0.1:63868]' for 'GET' to 'http://localhost:63868/session/76b781bcc4d0022f153ac42370f37d82/element/2469027b-674c-4a70-8ed8-192329c37b60/name'
18:10:30.198 [Forwarding getElementTagName on session 76b781bcc4d0022f153ac42370f37d82 to remote] DEBUG org.asynchttpclient.netty.request.NettyRequestSender - Using open Channel [id: 0xe6dde9bb, L:/127.0.0.1:65389 - R:localhost/127.0.0.1:63868] for GET '/session/76b781bcc4d0022f153ac42370f37d82/element/2469027b-674c-4a70-8ed8-192329c37b60/name'
18:10:30.203 [AsyncHttpClient-1-3] DEBUG org.asynchttpclient.netty.handler.HttpHandler - 

Request DefaultFullHttpRequest(decodeResult: success, version: HTTP/1.1, content: EmptyByteBufBE)
GET /session/76b781bcc4d0022f153ac42370f37d82/element/2469027b-674c-4a70-8ed8-192329c37b60/name HTTP/1.1
User-Agent: selenium/4.1.2 (java windows)
Cache-Control: no-cache
Content-Type: application/json; charset=utf-8
host: localhost:63868
accept: */*

Response DefaultHttpResponse(decodeResult: success, version: HTTP/1.1)
HTTP/1.1 200 OK
Content-Type: application/json; charset=utf-8
cache-control: no-cache
content-length: 15

18:10:30.204 [AsyncHttpClient-1-3] DEBUG org.asynchttpclient.netty.channel.ChannelManager - Adding key: http://localhost:63868 for channel [id: 0xe6dde9bb, L:/127.0.0.1:65389 - R:localhost/127.0.0.1:63868]
18:10:30.206 [Forwarding getElementTagName on session 76b781bcc4d0022f153ac42370f37d82 to remote] DEBUG org.asynchttpclient.netty.request.NettyRequestSender - Using pooled Channel '[id: 0xe6dde9bb, L:/127.0.0.1:65389 - R:localhost/127.0.0.1:63868]' for 'GET' to 'http://localhost:63868/session/76b781bcc4d0022f153ac42370f37d82/element/2469027b-674c-4a70-8ed8-192329c37b60/name'
18:10:30.206 [Forwarding getElementTagName on session 76b781bcc4d0022f153ac42370f37d82 to remote] DEBUG org.asynchttpclient.netty.request.NettyRequestSender - Using open Channel [id: 0xe6dde9bb, L:/127.0.0.1:65389 - R:localhost/127.0.0.1:63868] for GET '/session/76b781bcc4d0022f153ac42370f37d82/element/2469027b-674c-4a70-8ed8-192329c37b60/name'
18:10:30.210 [AsyncHttpClient-1-3] DEBUG org.asynchttpclient.netty.handler.HttpHandler - 

Request DefaultFullHttpRequest(decodeResult: success, version: HTTP/1.1, content: EmptyByteBufBE)
GET /session/76b781bcc4d0022f153ac42370f37d82/element/2469027b-674c-4a70-8ed8-192329c37b60/name HTTP/1.1
User-Agent: selenium/4.1.2 (java windows)
Cache-Control: no-cache
Content-Type: application/json; charset=utf-8
host: localhost:63868
accept: */*

Response DefaultHttpResponse(decodeResult: success, version: HTTP/1.1)
HTTP/1.1 200 OK
Content-Type: application/json; charset=utf-8
cache-control: no-cache
content-length: 15

18:10:30.210 [AsyncHttpClient-1-3] DEBUG org.asynchttpclient.netty.channel.ChannelManager - Adding key: http://localhost:63868 for channel [id: 0xe6dde9bb, L:/127.0.0.1:65389 - R:localhost/127.0.0.1:63868]
18:10:30.211 [Forwarding findElement on session 76b781bcc4d0022f153ac42370f37d82 to remote] DEBUG org.asynchttpclient.netty.request.NettyRequestSender - Using pooled Channel '[id: 0xe6dde9bb, L:/127.0.0.1:65389 - R:localhost/127.0.0.1:63868]' for 'POST' to 'http://localhost:63868/session/76b781bcc4d0022f153ac42370f37d82/element'
18:10:30.211 [Forwarding findElement on session 76b781bcc4d0022f153ac42370f37d82 to remote] DEBUG org.asynchttpclient.netty.request.NettyRequestSender - Using open Channel [id: 0xe6dde9bb, L:/127.0.0.1:65389 - R:localhost/127.0.0.1:63868] for POST '/session/76b781bcc4d0022f153ac42370f37d82/element'
18:10:30.219 [AsyncHttpClient-1-3] DEBUG org.asynchttpclient.netty.handler.HttpHandler - 

Request DefaultHttpRequest(decodeResult: success, version: HTTP/1.1)
POST /session/76b781bcc4d0022f153ac42370f37d82/element HTTP/1.1
User-Agent: selenium/4.1.2 (java windows)
Content-Length: 86
Content-Type: application/json; charset=utf-8
host: localhost:63868
accept: */*

Response DefaultHttpResponse(decodeResult: success, version: HTTP/1.1)
HTTP/1.1 200 OK
Content-Type: application/json; charset=utf-8
cache-control: no-cache
content-length: 88

18:10:30.219 [AsyncHttpClient-1-3] DEBUG org.asynchttpclient.netty.channel.ChannelManager - Adding key: http://localhost:63868 for channel [id: 0xe6dde9bb, L:/127.0.0.1:65389 - R:localhost/127.0.0.1:63868]
18:10:30.221 [Forwarding clickElement on session 76b781bcc4d0022f153ac42370f37d82 to remote] DEBUG org.asynchttpclient.netty.request.NettyRequestSender - Using pooled Channel '[id: 0xe6dde9bb, L:/127.0.0.1:65389 - R:localhost/127.0.0.1:63868]' for 'POST' to 'http://localhost:63868/session/76b781bcc4d0022f153ac42370f37d82/element/2469027b-674c-4a70-8ed8-192329c37b60/click'
18:10:30.221 [Forwarding clickElement on session 76b781bcc4d0022f153ac42370f37d82 to remote] DEBUG org.asynchttpclient.netty.request.NettyRequestSender - Using open Channel [id: 0xe6dde9bb, L:/127.0.0.1:65389 - R:localhost/127.0.0.1:63868] for POST '/session/76b781bcc4d0022f153ac42370f37d82/element/2469027b-674c-4a70-8ed8-192329c37b60/click'
18:10:30.331 [AsyncHttpClient-1-3] DEBUG org.asynchttpclient.netty.handler.HttpHandler - 

Request DefaultHttpRequest(decodeResult: success, version: HTTP/1.1)
POST /session/76b781bcc4d0022f153ac42370f37d82/element/2469027b-674c-4a70-8ed8-192329c37b60/click HTTP/1.1
User-Agent: selenium/4.1.2 (java windows)
Content-Length: 50
Content-Type: application/json; charset=utf-8
host: localhost:63868
accept: */*

Response DefaultHttpResponse(decodeResult: success, version: HTTP/1.1)
HTTP/1.1 200 OK
Content-Type: application/json; charset=utf-8
cache-control: no-cache
content-length: 14

18:10:30.331 [AsyncHttpClient-1-3] DEBUG org.asynchttpclient.netty.channel.ChannelManager - Adding key: http://localhost:63868 for channel [id: 0xe6dde9bb, L:/127.0.0.1:65389 - R:localhost/127.0.0.1:63868]
18:10:30.347 [Forwarding screenshot on session 76b781bcc4d0022f153ac42370f37d82 to remote] DEBUG org.asynchttpclient.netty.request.NettyRequestSender - Using pooled Channel '[id: 0xe6dde9bb, L:/127.0.0.1:65389 - R:localhost/127.0.0.1:63868]' for 'GET' to 'http://localhost:63868/session/76b781bcc4d0022f153ac42370f37d82/screenshot'
18:10:30.347 [Forwarding screenshot on session 76b781bcc4d0022f153ac42370f37d82 to remote] DEBUG org.asynchttpclient.netty.request.NettyRequestSender - Using open Channel [id: 0xe6dde9bb, L:/127.0.0.1:65389 - R:localhost/127.0.0.1:63868] for GET '/session/76b781bcc4d0022f153ac42370f37d82/screenshot'
18:10:30.526 [AsyncHttpClient-1-3] DEBUG org.asynchttpclient.netty.handler.HttpHandler - 

Request DefaultFullHttpRequest(decodeResult: success, version: HTTP/1.1, content: EmptyByteBufBE)
GET /session/76b781bcc4d0022f153ac42370f37d82/screenshot HTTP/1.1
User-Agent: selenium/4.1.2 (java windows)
Cache-Control: no-cache
Content-Type: application/json; charset=utf-8
host: localhost:63868
accept: */*

Response DefaultHttpResponse(decodeResult: success, version: HTTP/1.1)
HTTP/1.1 200 OK
Content-Type: application/json; charset=utf-8
cache-control: no-cache
content-length: 69076

18:10:30.526 [AsyncHttpClient-1-3] DEBUG org.asynchttpclient.netty.channel.ChannelManager - Adding key: http://localhost:63868 for channel [id: 0xe6dde9bb, L:/127.0.0.1:65389 - R:localhost/127.0.0.1:63868]
18:10:30.531 [main] DEBUG net.serenitybdd.core.photography.Darkroom - Send negative for processing for target\site\serenity\6206011c44dfd8ec7c039b96e12adf494fa61636e49ba6efab8a5c1e951a5966.png
18:10:30.532 [main] DEBUG net.thucydides.core.steps.StepInterceptor - STEP DONE: clickFeatureBookstore
  &amp#27;[32mWhen &amp#27;[0m&amp#27;[32mi click feature bookstore&amp#27;[0m                  &amp#27;[90m# starter.stepdefenitions.BookstoreSteps.clickFeatureBookstore()&amp#27;[0m
18:10:30.532 [Darkroom Processing Line] DEBUG net.serenitybdd.core.photography.DarkroomProcessingLine - Processing screenshot image in /var/screenshots/screenshot-1987794579974472029
18:10:30.533 [Darkroom Processing Line] DEBUG net.serenitybdd.core.photography.DarkroomProcessingLine - Saving screenshot to target\site\serenity\6206011c44dfd8ec7c039b96e12adf494fa61636e49ba6efab8a5c1e951a5966.png
18:10:30.574 [AsyncHttpClient-1-1] DEBUG org.asynchttpclient.netty.channel.DefaultChannelPool - Entry count for : http://localhost:65390 : 1
18:10:30.574 [AsyncHttpClient-1-1] DEBUG org.asynchttpclient.netty.channel.DefaultChannelPool - Entry count for : http://localhost:63868 : 1
18:10:30.815 [Forwarding screenshot on session 76b781bcc4d0022f153ac42370f37d82 to remote] DEBUG org.asynchttpclient.netty.request.NettyRequestSender - Using pooled Channel '[id: 0xe6dde9bb, L:/127.0.0.1:65389 - R:localhost/127.0.0.1:63868]' for 'GET' to 'http://localhost:63868/session/76b781bcc4d0022f153ac42370f37d82/screenshot'
18:10:30.816 [Forwarding screenshot on session 76b781bcc4d0022f153ac42370f37d82 to remote] DEBUG org.asynchttpclient.netty.request.NettyRequestSender - Using open Channel [id: 0xe6dde9bb, L:/127.0.0.1:65389 - R:localhost/127.0.0.1:63868] for GET '/session/76b781bcc4d0022f153ac42370f37d82/screenshot'
18:10:30.962 [AsyncHttpClient-1-3] DEBUG org.asynchttpclient.netty.handler.HttpHandler - 

Request DefaultFullHttpRequest(decodeResult: success, version: HTTP/1.1, content: EmptyByteBufBE)
GET /session/76b781bcc4d0022f153ac42370f37d82/screenshot HTTP/1.1
User-Agent: selenium/4.1.2 (java windows)
Cache-Control: no-cache
Content-Type: application/json; charset=utf-8
host: localhost:63868
accept: */*

Response DefaultHttpResponse(decodeResult: success, version: HTTP/1.1)
HTTP/1.1 200 OK
Content-Type: application/json; charset=utf-8
cache-control: no-cache
content-length: 158444

18:10:30.963 [AsyncHttpClient-1-3] DEBUG org.asynchttpclient.netty.channel.ChannelManager - Adding key: http://localhost:63868 for channel [id: 0xe6dde9bb, L:/127.0.0.1:65389 - R:localhost/127.0.0.1:63868]
18:10:30.971 [main] DEBUG net.serenitybdd.core.photography.Darkroom - Send negative for processing for target\site\serenity\ab2aa8687373c2ed3e1b2983a1d0b6daf0adabad62f376edaea1aa3f23cab750.png
18:10:30.971 [main] DEBUG net.thucydides.core.steps.StepInterceptor - STARTING STEP: LoginSteps.clickLoginButtonInBookstore - clickLoginButtonOnBookstore
18:10:30.971 [Darkroom Processing Line] DEBUG net.serenitybdd.core.photography.DarkroomProcessingLine - Processing screenshot image in /var/screenshots/screenshot-3961789974771401647
18:10:30.971 [Darkroom Processing Line] DEBUG net.serenitybdd.core.photography.DarkroomProcessingLine - Saving screenshot to target\site\serenity\ab2aa8687373c2ed3e1b2983a1d0b6daf0adabad62f376edaea1aa3f23cab750.png
18:10:30.976 [Forwarding findElement on session 76b781bcc4d0022f153ac42370f37d82 to remote] DEBUG org.asynchttpclient.netty.request.NettyRequestSender - Using pooled Channel '[id: 0xe6dde9bb, L:/127.0.0.1:65389 - R:localhost/127.0.0.1:63868]' for 'POST' to 'http://localhost:63868/session/76b781bcc4d0022f153ac42370f37d82/element'
18:10:30.976 [Forwarding findElement on session 76b781bcc4d0022f153ac42370f37d82 to remote] DEBUG org.asynchttpclient.netty.request.NettyRequestSender - Using open Channel [id: 0xe6dde9bb, L:/127.0.0.1:65389 - R:localhost/127.0.0.1:63868] for POST '/session/76b781bcc4d0022f153ac42370f37d82/element'
18:10:30.989 [AsyncHttpClient-1-3] DEBUG org.asynchttpclient.netty.handler.HttpHandler - 

Request DefaultHttpRequest(decodeResult: success, version: HTTP/1.1)
POST /session/76b781bcc4d0022f153ac42370f37d82/element HTTP/1.1
User-Agent: selenium/4.1.2 (java windows)
Content-Length: 68
Content-Type: application/json; charset=utf-8
host: localhost:63868
accept: */*

Response DefaultHttpResponse(decodeResult: success, version: HTTP/1.1)
HTTP/1.1 200 OK
Content-Type: application/json; charset=utf-8
cache-control: no-cache
content-length: 88

18:10:30.990 [AsyncHttpClient-1-3] DEBUG org.asynchttpclient.netty.channel.ChannelManager - Adding key: http://localhost:63868 for channel [id: 0xe6dde9bb, L:/127.0.0.1:65389 - R:localhost/127.0.0.1:63868]
18:10:30.991 [Forwarding getElementTagName on session 76b781bcc4d0022f153ac42370f37d82 to remote] DEBUG org.asynchttpclient.netty.request.NettyRequestSender - Using pooled Channel '[id: 0xe6dde9bb, L:/127.0.0.1:65389 - R:localhost/127.0.0.1:63868]' for 'GET' to 'http://localhost:63868/session/76b781bcc4d0022f153ac42370f37d82/element/e7816525-507d-4a8a-8dec-aa35b8a6e393/name'
18:10:30.991 [Forwarding getElementTagName on session 76b781bcc4d0022f153ac42370f37d82 to remote] DEBUG org.asynchttpclient.netty.request.NettyRequestSender - Using open Channel [id: 0xe6dde9bb, L:/127.0.0.1:65389 - R:localhost/127.0.0.1:63868] for GET '/session/76b781bcc4d0022f153ac42370f37d82/element/e7816525-507d-4a8a-8dec-aa35b8a6e393/name'
18:10:30.996 [AsyncHttpClient-1-3] DEBUG org.asynchttpclient.netty.handler.HttpHandler - 

Request DefaultFullHttpRequest(decodeResult: success, version: HTTP/1.1, content: EmptyByteBufBE)
GET /session/76b781bcc4d0022f153ac42370f37d82/element/e7816525-507d-4a8a-8dec-aa35b8a6e393/name HTTP/1.1
User-Agent: selenium/4.1.2 (java windows)
Cache-Control: no-cache
Content-Type: application/json; charset=utf-8
host: localhost:63868
accept: */*

Response DefaultHttpResponse(decodeResult: success, version: HTTP/1.1)
HTTP/1.1 200 OK
Content-Type: application/json; charset=utf-8
cache-control: no-cache
content-length: 18

18:10:30.996 [AsyncHttpClient-1-3] DEBUG org.asynchttpclient.netty.channel.ChannelManager - Adding key: http://localhost:63868 for channel [id: 0xe6dde9bb, L:/127.0.0.1:65389 - R:localhost/127.0.0.1:63868]
18:10:30.998 [Forwarding getElementTagName on session 76b781bcc4d0022f153ac42370f37d82 to remote] DEBUG org.asynchttpclient.netty.request.NettyRequestSender - Using pooled Channel '[id: 0xe6dde9bb, L:/127.0.0.1:65389 - R:localhost/127.0.0.1:63868]' for 'GET' to 'http://localhost:63868/session/76b781bcc4d0022f153ac42370f37d82/element/e7816525-507d-4a8a-8dec-aa35b8a6e393/name'
18:10:30.998 [Forwarding getElementTagName on session 76b781bcc4d0022f153ac42370f37d82 to remote] DEBUG org.asynchttpclient.netty.request.NettyRequestSender - Using open Channel [id: 0xe6dde9bb, L:/127.0.0.1:65389 - R:localhost/127.0.0.1:63868] for GET '/session/76b781bcc4d0022f153ac42370f37d82/element/e7816525-507d-4a8a-8dec-aa35b8a6e393/name'
18:10:31.002 [AsyncHttpClient-1-3] DEBUG org.asynchttpclient.netty.handler.HttpHandler - 

Request DefaultFullHttpRequest(decodeResult: success, version: HTTP/1.1, content: EmptyByteBufBE)
GET /session/76b781bcc4d0022f153ac42370f37d82/element/e7816525-507d-4a8a-8dec-aa35b8a6e393/name HTTP/1.1
User-Agent: selenium/4.1.2 (java windows)
Cache-Control: no-cache
Content-Type: application/json; charset=utf-8
host: localhost:63868
accept: */*

Response DefaultHttpResponse(decodeResult: success, version: HTTP/1.1)
HTTP/1.1 200 OK
Content-Type: application/json; charset=utf-8
cache-control: no-cache
content-length: 18

18:10:31.002 [AsyncHttpClient-1-3] DEBUG org.asynchttpclient.netty.channel.ChannelManager - Adding key: http://localhost:63868 for channel [id: 0xe6dde9bb, L:/127.0.0.1:65389 - R:localhost/127.0.0.1:63868]
18:10:31.007 [Forwarding isElementEnabled on session 76b781bcc4d0022f153ac42370f37d82 to remote] DEBUG org.asynchttpclient.netty.request.NettyRequestSender - Using pooled Channel '[id: 0xe6dde9bb, L:/127.0.0.1:65389 - R:localhost/127.0.0.1:63868]' for 'GET' to 'http://localhost:63868/session/76b781bcc4d0022f153ac42370f37d82/element/e7816525-507d-4a8a-8dec-aa35b8a6e393/enabled'
18:10:31.007 [Forwarding isElementEnabled on session 76b781bcc4d0022f153ac42370f37d82 to remote] DEBUG org.asynchttpclient.netty.request.NettyRequestSender - Using open Channel [id: 0xe6dde9bb, L:/127.0.0.1:65389 - R:localhost/127.0.0.1:63868] for GET '/session/76b781bcc4d0022f153ac42370f37d82/element/e7816525-507d-4a8a-8dec-aa35b8a6e393/enabled'
18:10:31.016 [AsyncHttpClient-1-3] DEBUG org.asynchttpclient.netty.handler.HttpHandler - 

Request DefaultFullHttpRequest(decodeResult: success, version: HTTP/1.1, content: EmptyByteBufBE)
GET /session/76b781bcc4d0022f153ac42370f37d82/element/e7816525-507d-4a8a-8dec-aa35b8a6e393/enabled HTTP/1.1
User-Agent: selenium/4.1.2 (java windows)
Cache-Control: no-cache
Content-Type: application/json; charset=utf-8
host: localhost:63868
accept: */*

Response DefaultHttpResponse(decodeResult: success, version: HTTP/1.1)
HTTP/1.1 200 OK
Content-Type: application/json; charset=utf-8
cache-control: no-cache
content-length: 14

18:10:31.016 [AsyncHttpClient-1-3] DEBUG org.asynchttpclient.netty.channel.ChannelManager - Adding key: http://localhost:63868 for channel [id: 0xe6dde9bb, L:/127.0.0.1:65389 - R:localhost/127.0.0.1:63868]
18:10:31.018 [Forwarding isElementEnabled on session 76b781bcc4d0022f153ac42370f37d82 to remote] DEBUG org.asynchttpclient.netty.request.NettyRequestSender - Using pooled Channel '[id: 0xe6dde9bb, L:/127.0.0.1:65389 - R:localhost/127.0.0.1:63868]' for 'GET' to 'http://localhost:63868/session/76b781bcc4d0022f153ac42370f37d82/element/e7816525-507d-4a8a-8dec-aa35b8a6e393/enabled'
18:10:31.018 [Forwarding isElementEnabled on session 76b781bcc4d0022f153ac42370f37d82 to remote] DEBUG org.asynchttpclient.netty.request.NettyRequestSender - Using open Channel [id: 0xe6dde9bb, L:/127.0.0.1:65389 - R:localhost/127.0.0.1:63868] for GET '/session/76b781bcc4d0022f153ac42370f37d82/element/e7816525-507d-4a8a-8dec-aa35b8a6e393/enabled'
18:10:31.025 [AsyncHttpClient-1-3] DEBUG org.asynchttpclient.netty.handler.HttpHandler - 

Request DefaultFullHttpRequest(decodeResult: success, version: HTTP/1.1, content: EmptyByteBufBE)
GET /session/76b781bcc4d0022f153ac42370f37d82/element/e7816525-507d-4a8a-8dec-aa35b8a6e393/enabled HTTP/1.1
User-Agent: selenium/4.1.2 (java windows)
Cache-Control: no-cache
Content-Type: application/json; charset=utf-8
host: localhost:63868
accept: */*

Response DefaultHttpResponse(decodeResult: success, version: HTTP/1.1)
HTTP/1.1 200 OK
Content-Type: application/json; charset=utf-8
cache-control: no-cache
content-length: 14

18:10:31.025 [AsyncHttpClient-1-3] DEBUG org.asynchttpclient.netty.channel.ChannelManager - Adding key: http://localhost:63868 for channel [id: 0xe6dde9bb, L:/127.0.0.1:65389 - R:localhost/127.0.0.1:63868]
18:10:31.028 [Forwarding findElement on session 76b781bcc4d0022f153ac42370f37d82 to remote] DEBUG org.asynchttpclient.netty.request.NettyRequestSender - Using pooled Channel '[id: 0xe6dde9bb, L:/127.0.0.1:65389 - R:localhost/127.0.0.1:63868]' for 'POST' to 'http://localhost:63868/session/76b781bcc4d0022f153ac42370f37d82/element'
18:10:31.028 [Forwarding findElement on session 76b781bcc4d0022f153ac42370f37d82 to remote] DEBUG org.asynchttpclient.netty.request.NettyRequestSender - Using open Channel [id: 0xe6dde9bb, L:/127.0.0.1:65389 - R:localhost/127.0.0.1:63868] for POST '/session/76b781bcc4d0022f153ac42370f37d82/element'
18:10:31.036 [AsyncHttpClient-1-3] DEBUG org.asynchttpclient.netty.handler.HttpHandler - 

Request DefaultHttpRequest(decodeResult: success, version: HTTP/1.1)
POST /session/76b781bcc4d0022f153ac42370f37d82/element HTTP/1.1
User-Agent: selenium/4.1.2 (java windows)
Content-Length: 68
Content-Type: application/json; charset=utf-8
host: localhost:63868
accept: */*

Response DefaultHttpResponse(decodeResult: success, version: HTTP/1.1)
HTTP/1.1 200 OK
Content-Type: application/json; charset=utf-8
cache-control: no-cache
content-length: 88

18:10:31.036 [AsyncHttpClient-1-3] DEBUG org.asynchttpclient.netty.channel.ChannelManager - Adding key: http://localhost:63868 for channel [id: 0xe6dde9bb, L:/127.0.0.1:65389 - R:localhost/127.0.0.1:63868]
18:10:31.038 [Forwarding clickElement on session 76b781bcc4d0022f153ac42370f37d82 to remote] DEBUG org.asynchttpclient.netty.request.NettyRequestSender - Using pooled Channel '[id: 0xe6dde9bb, L:/127.0.0.1:65389 - R:localhost/127.0.0.1:63868]' for 'POST' to 'http://localhost:63868/session/76b781bcc4d0022f153ac42370f37d82/element/e7816525-507d-4a8a-8dec-aa35b8a6e393/click'
18:10:31.038 [Forwarding clickElement on session 76b781bcc4d0022f153ac42370f37d82 to remote] DEBUG org.asynchttpclient.netty.request.NettyRequestSender - Using open Channel [id: 0xe6dde9bb, L:/127.0.0.1:65389 - R:localhost/127.0.0.1:63868] for POST '/session/76b781bcc4d0022f153ac42370f37d82/element/e7816525-507d-4a8a-8dec-aa35b8a6e393/click'
18:10:31.118 [AsyncHttpClient-1-3] DEBUG org.asynchttpclient.netty.handler.HttpHandler - 

Request DefaultHttpRequest(decodeResult: success, version: HTTP/1.1)
POST /session/76b781bcc4d0022f153ac42370f37d82/element/e7816525-507d-4a8a-8dec-aa35b8a6e393/click HTTP/1.1
User-Agent: selenium/4.1.2 (java windows)
Content-Length: 50
Content-Type: application/json; charset=utf-8
host: localhost:63868
accept: */*

Response DefaultHttpResponse(decodeResult: success, version: HTTP/1.1)
HTTP/1.1 200 OK
Content-Type: application/json; charset=utf-8
cache-control: no-cache
content-length: 14

18:10:31.119 [AsyncHttpClient-1-3] DEBUG org.asynchttpclient.netty.channel.ChannelManager - Adding key: http://localhost:63868 for channel [id: 0xe6dde9bb, L:/127.0.0.1:65389 - R:localhost/127.0.0.1:63868]
18:10:31.135 [Forwarding screenshot on session 76b781bcc4d0022f153ac42370f37d82 to remote] DEBUG org.asynchttpclient.netty.request.NettyRequestSender - Using pooled Channel '[id: 0xe6dde9bb, L:/127.0.0.1:65389 - R:localhost/127.0.0.1:63868]' for 'GET' to 'http://localhost:63868/session/76b781bcc4d0022f153ac42370f37d82/screenshot'
18:10:31.135 [Forwarding screenshot on session 76b781bcc4d0022f153ac42370f37d82 to remote] DEBUG org.asynchttpclient.netty.request.NettyRequestSender - Using open Channel [id: 0xe6dde9bb, L:/127.0.0.1:65389 - R:localhost/127.0.0.1:63868] for GET '/session/76b781bcc4d0022f153ac42370f37d82/screenshot'
18:10:31.320 [AsyncHttpClient-1-3] DEBUG org.asynchttpclient.netty.handler.HttpHandler - 

Request DefaultFullHttpRequest(decodeResult: success, version: HTTP/1.1, content: EmptyByteBufBE)
GET /session/76b781bcc4d0022f153ac42370f37d82/screenshot HTTP/1.1
User-Agent: selenium/4.1.2 (java windows)
Cache-Control: no-cache
Content-Type: application/json; charset=utf-8
host: localhost:63868
accept: */*

Response DefaultHttpResponse(decodeResult: success, version: HTTP/1.1)
HTTP/1.1 200 OK
Content-Type: application/json; charset=utf-8
cache-control: no-cache
content-length: 151752

18:10:31.321 [AsyncHttpClient-1-3] DEBUG org.asynchttpclient.netty.channel.ChannelManager - Adding key: http://localhost:63868 for channel [id: 0xe6dde9bb, L:/127.0.0.1:65389 - R:localhost/127.0.0.1:63868]
18:10:31.329 [main] DEBUG net.serenitybdd.core.photography.Darkroom - Send negative for processing for target\site\serenity\5d30ba3fcfc459135682d4034ca504cd623f94be8bda5accfadcc388c0ea5d68.png
18:10:31.329 [main] DEBUG net.thucydides.core.steps.StepInterceptor - STEP DONE: clickLoginButtonOnBookstore
  &amp#27;[32mAnd &amp#27;[0m&amp#27;[32mi click login button in bookstore page&amp#27;[0m      &amp#27;[90m# starter.stepdefenitions.LoginSteps.clickLoginButtonInBookstore()&amp#27;[0m
18:10:31.329 [Darkroom Processing Line] DEBUG net.serenitybdd.core.photography.DarkroomProcessingLine - Processing screenshot image in /var/screenshots/screenshot-891772733257323549
18:10:31.329 [Darkroom Processing Line] DEBUG net.serenitybdd.core.photography.DarkroomProcessingLine - Saving screenshot to target\site\serenity\5d30ba3fcfc459135682d4034ca504cd623f94be8bda5accfadcc388c0ea5d68.png
18:10:31.348 [main] DEBUG net.thucydides.core.steps.StepInterceptor - STARTING STEP: LoginSteps.onLoginPage - validationOnLoginPage
18:10:31.351 [Forwarding findElement on session 76b781bcc4d0022f153ac42370f37d82 to remote] DEBUG org.asynchttpclient.netty.request.NettyRequestSender - Using pooled Channel '[id: 0xe6dde9bb, L:/127.0.0.1:65389 - R:localhost/127.0.0.1:63868]' for 'POST' to 'http://localhost:63868/session/76b781bcc4d0022f153ac42370f37d82/element'
18:10:31.351 [Forwarding findElement on session 76b781bcc4d0022f153ac42370f37d82 to remote] DEBUG org.asynchttpclient.netty.request.NettyRequestSender - Using open Channel [id: 0xe6dde9bb, L:/127.0.0.1:65389 - R:localhost/127.0.0.1:63868] for POST '/session/76b781bcc4d0022f153ac42370f37d82/element'
18:10:31.363 [AsyncHttpClient-1-3] DEBUG org.asynchttpclient.netty.handler.HttpHandler - 

Request DefaultHttpRequest(decodeResult: success, version: HTTP/1.1)
POST /session/76b781bcc4d0022f153ac42370f37d82/element HTTP/1.1
User-Agent: selenium/4.1.2 (java windows)
Content-Length: 53
Content-Type: application/json; charset=utf-8
host: localhost:63868
accept: */*

Response DefaultHttpResponse(decodeResult: success, version: HTTP/1.1)
HTTP/1.1 200 OK
Content-Type: application/json; charset=utf-8
cache-control: no-cache
content-length: 88

18:10:31.363 [AsyncHttpClient-1-3] DEBUG org.asynchttpclient.netty.channel.ChannelManager - Adding key: http://localhost:63868 for channel [id: 0xe6dde9bb, L:/127.0.0.1:65389 - R:localhost/127.0.0.1:63868]
18:10:31.367 [Forwarding isElementDisplayed on session 76b781bcc4d0022f153ac42370f37d82 to remote] DEBUG org.asynchttpclient.netty.request.NettyRequestSender - Using pooled Channel '[id: 0xe6dde9bb, L:/127.0.0.1:65389 - R:localhost/127.0.0.1:63868]' for 'POST' to 'http://localhost:63868/session/76b781bcc4d0022f153ac42370f37d82/execute/sync'
18:10:31.367 [Forwarding isElementDisplayed on session 76b781bcc4d0022f153ac42370f37d82 to remote] DEBUG org.asynchttpclient.netty.request.NettyRequestSender - Using open Channel [id: 0xe6dde9bb, L:/127.0.0.1:65389 - R:localhost/127.0.0.1:63868] for POST '/session/76b781bcc4d0022f153ac42370f37d82/execute/sync'
18:10:31.383 [AsyncHttpClient-1-3] DEBUG org.asynchttpclient.netty.handler.HttpHandler - 

Request DefaultHttpRequest(decodeResult: success, version: HTTP/1.1)
POST /session/76b781bcc4d0022f153ac42370f37d82/execute/sync HTTP/1.1
User-Agent: selenium/4.1.2 (java windows)
Content-Length: 48780
Content-Type: application/json; charset=utf-8
host: localhost:63868
accept: */*

Response DefaultHttpResponse(decodeResult: success, version: HTTP/1.1)
HTTP/1.1 200 OK
Content-Type: application/json; charset=utf-8
cache-control: no-cache
content-length: 14

18:10:31.383 [AsyncHttpClient-1-3] DEBUG org.asynchttpclient.netty.channel.ChannelManager - Adding key: http://localhost:63868 for channel [id: 0xe6dde9bb, L:/127.0.0.1:65389 - R:localhost/127.0.0.1:63868]
18:10:31.388 [Forwarding screenshot on session 76b781bcc4d0022f153ac42370f37d82 to remote] DEBUG org.asynchttpclient.netty.request.NettyRequestSender - Using pooled Channel '[id: 0xe6dde9bb, L:/127.0.0.1:65389 - R:localhost/127.0.0.1:63868]' for 'GET' to 'http://localhost:63868/session/76b781bcc4d0022f153ac42370f37d82/screenshot'
18:10:31.388 [Forwarding screenshot on session 76b781bcc4d0022f153ac42370f37d82 to remote] DEBUG org.asynchttpclient.netty.request.NettyRequestSender - Using open Channel [id: 0xe6dde9bb, L:/127.0.0.1:65389 - R:localhost/127.0.0.1:63868] for GET '/session/76b781bcc4d0022f153ac42370f37d82/screenshot'
18:10:31.544 [AsyncHttpClient-1-3] DEBUG org.asynchttpclient.netty.handler.HttpHandler - 

Request DefaultFullHttpRequest(decodeResult: success, version: HTTP/1.1, content: EmptyByteBufBE)
GET /session/76b781bcc4d0022f153ac42370f37d82/screenshot HTTP/1.1
User-Agent: selenium/4.1.2 (java windows)
Cache-Control: no-cache
Content-Type: application/json; charset=utf-8
host: localhost:63868
accept: */*

Response DefaultHttpResponse(decodeResult: success, version: HTTP/1.1)
HTTP/1.1 200 OK
Content-Type: application/json; charset=utf-8
cache-control: no-cache
content-length: 151752

18:10:31.545 [AsyncHttpClient-1-3] DEBUG org.asynchttpclient.netty.channel.ChannelManager - Adding key: http://localhost:63868 for channel [id: 0xe6dde9bb, L:/127.0.0.1:65389 - R:localhost/127.0.0.1:63868]
18:10:31.554 [main] DEBUG net.serenitybdd.core.photography.Darkroom - Send negative for processing for target\site\serenity\5d30ba3fcfc459135682d4034ca504cd623f94be8bda5accfadcc388c0ea5d68.png
18:10:31.554 [main] DEBUG net.thucydides.core.steps.StepInterceptor - STEP DONE: validationOnLoginPage
  &amp#27;[32mGiven &amp#27;[0m&amp#27;[32mi am on the login page&amp#27;[0m                    &amp#27;[90m# starter.stepdefenitions.LoginSteps.onLoginPage()&amp#27;[0m
18:10:31.570 [main] DEBUG net.thucydides.core.steps.StepInterceptor - STARTING STEP: LoginSteps.inputValidUsername - inputUsername
18:10:31.573 [Forwarding findElement on session 76b781bcc4d0022f153ac42370f37d82 to remote] DEBUG org.asynchttpclient.netty.request.NettyRequestSender - Using pooled Channel '[id: 0xe6dde9bb, L:/127.0.0.1:65389 - R:localhost/127.0.0.1:63868]' for 'POST' to 'http://localhost:63868/session/76b781bcc4d0022f153ac42370f37d82/element'
18:10:31.573 [Forwarding findElement on session 76b781bcc4d0022f153ac42370f37d82 to remote] DEBUG org.asynchttpclient.netty.request.NettyRequestSender - Using open Channel [id: 0xe6dde9bb, L:/127.0.0.1:65389 - R:localhost/127.0.0.1:63868] for POST '/session/76b781bcc4d0022f153ac42370f37d82/element'
18:10:31.586 [AsyncHttpClient-1-3] DEBUG org.asynchttpclient.netty.handler.HttpHandler - 

Request DefaultHttpRequest(decodeResult: success, version: HTTP/1.1)
POST /session/76b781bcc4d0022f153ac42370f37d82/element HTTP/1.1
User-Agent: selenium/4.1.2 (java windows)
Content-Length: 70
Content-Type: application/json; charset=utf-8
host: localhost:63868
accept: */*

Response DefaultHttpResponse(decodeResult: success, version: HTTP/1.1)
HTTP/1.1 200 OK
Content-Type: application/json; charset=utf-8
cache-control: no-cache
content-length: 88

18:10:31.586 [AsyncHttpClient-1-3] DEBUG org.asynchttpclient.netty.channel.ChannelManager - Adding key: http://localhost:63868 for channel [id: 0xe6dde9bb, L:/127.0.0.1:65389 - R:localhost/127.0.0.1:63868]
18:10:31.587 [Forwarding clearElement on session 76b781bcc4d0022f153ac42370f37d82 to remote] DEBUG org.asynchttpclient.netty.request.NettyRequestSender - Using pooled Channel '[id: 0xe6dde9bb, L:/127.0.0.1:65389 - R:localhost/127.0.0.1:63868]' for 'POST' to 'http://localhost:63868/session/76b781bcc4d0022f153ac42370f37d82/element/7a308143-ea53-4842-8fbc-a208430776eb/clear'
18:10:31.588 [Forwarding clearElement on session 76b781bcc4d0022f153ac42370f37d82 to remote] DEBUG org.asynchttpclient.netty.request.NettyRequestSender - Using open Channel [id: 0xe6dde9bb, L:/127.0.0.1:65389 - R:localhost/127.0.0.1:63868] for POST '/session/76b781bcc4d0022f153ac42370f37d82/element/7a308143-ea53-4842-8fbc-a208430776eb/clear'
18:10:31.625 [AsyncHttpClient-1-3] DEBUG org.asynchttpclient.netty.handler.HttpHandler - 

Request DefaultHttpRequest(decodeResult: success, version: HTTP/1.1)
POST /session/76b781bcc4d0022f153ac42370f37d82/element/7a308143-ea53-4842-8fbc-a208430776eb/clear HTTP/1.1
User-Agent: selenium/4.1.2 (java windows)
Content-Length: 50
Content-Type: application/json; charset=utf-8
host: localhost:63868
accept: */*

Response DefaultHttpResponse(decodeResult: success, version: HTTP/1.1)
HTTP/1.1 200 OK
Content-Type: application/json; charset=utf-8
cache-control: no-cache
content-length: 14

18:10:31.625 [AsyncHttpClient-1-3] DEBUG org.asynchttpclient.netty.channel.ChannelManager - Adding key: http://localhost:63868 for channel [id: 0xe6dde9bb, L:/127.0.0.1:65389 - R:localhost/127.0.0.1:63868]
18:10:31.627 [Forwarding sendKeysToElement on session 76b781bcc4d0022f153ac42370f37d82 to remote] DEBUG org.asynchttpclient.netty.request.NettyRequestSender - Using pooled Channel '[id: 0xe6dde9bb, L:/127.0.0.1:65389 - R:localhost/127.0.0.1:63868]' for 'POST' to 'http://localhost:63868/session/76b781bcc4d0022f153ac42370f37d82/element/7a308143-ea53-4842-8fbc-a208430776eb/value'
18:10:31.627 [Forwarding sendKeysToElement on session 76b781bcc4d0022f153ac42370f37d82 to remote] DEBUG org.asynchttpclient.netty.request.NettyRequestSender - Using open Channel [id: 0xe6dde9bb, L:/127.0.0.1:65389 - R:localhost/127.0.0.1:63868] for POST '/session/76b781bcc4d0022f153ac42370f37d82/element/7a308143-ea53-4842-8fbc-a208430776eb/value'
18:10:31.661 [AsyncHttpClient-1-1] DEBUG org.asynchttpclient.netty.channel.DefaultChannelPool - Entry count for : http://localhost:65390 : 1
18:10:31.714 [AsyncHttpClient-1-3] DEBUG org.asynchttpclient.netty.handler.HttpHandler - 

Request DefaultHttpRequest(decodeResult: success, version: HTTP/1.1)
POST /session/76b781bcc4d0022f153ac42370f37d82/element/7a308143-ea53-4842-8fbc-a208430776eb/value HTTP/1.1
User-Agent: selenium/4.1.2 (java windows)
Content-Length: 141
Content-Type: application/json; charset=utf-8
host: localhost:63868
accept: */*

Response DefaultHttpResponse(decodeResult: success, version: HTTP/1.1)
HTTP/1.1 200 OK
Content-Type: application/json; charset=utf-8
cache-control: no-cache
content-length: 14

18:10:31.715 [AsyncHttpClient-1-3] DEBUG org.asynchttpclient.netty.channel.ChannelManager - Adding key: http://localhost:63868 for channel [id: 0xe6dde9bb, L:/127.0.0.1:65389 - R:localhost/127.0.0.1:63868]
18:10:31.725 [Forwarding screenshot on session 76b781bcc4d0022f153ac42370f37d82 to remote] DEBUG org.asynchttpclient.netty.request.NettyRequestSender - Using pooled Channel '[id: 0xe6dde9bb, L:/127.0.0.1:65389 - R:localhost/127.0.0.1:63868]' for 'GET' to 'http://localhost:63868/session/76b781bcc4d0022f153ac42370f37d82/screenshot'
18:10:31.725 [Forwarding screenshot on session 76b781bcc4d0022f153ac42370f37d82 to remote] DEBUG org.asynchttpclient.netty.request.NettyRequestSender - Using open Channel [id: 0xe6dde9bb, L:/127.0.0.1:65389 - R:localhost/127.0.0.1:63868] for GET '/session/76b781bcc4d0022f153ac42370f37d82/screenshot'
18:10:31.939 [AsyncHttpClient-1-3] DEBUG org.asynchttpclient.netty.handler.HttpHandler - 

Request DefaultFullHttpRequest(decodeResult: success, version: HTTP/1.1, content: EmptyByteBufBE)
GET /session/76b781bcc4d0022f153ac42370f37d82/screenshot HTTP/1.1
User-Agent: selenium/4.1.2 (java windows)
Cache-Control: no-cache
Content-Type: application/json; charset=utf-8
host: localhost:63868
accept: */*

Response DefaultHttpResponse(decodeResult: success, version: HTTP/1.1)
HTTP/1.1 200 OK
Content-Type: application/json; charset=utf-8
cache-control: no-cache
content-length: 152148

18:10:31.940 [AsyncHttpClient-1-3] DEBUG org.asynchttpclient.netty.channel.ChannelManager - Adding key: http://localhost:63868 for channel [id: 0xe6dde9bb, L:/127.0.0.1:65389 - R:localhost/127.0.0.1:63868]
18:10:31.948 [main] DEBUG net.serenitybdd.core.photography.Darkroom - Send negative for processing for target\site\serenity\b1b257cb005fb3a9b85642ac491585ff0da97d713d7ea3da96e1e603bef1cc8c.png
18:10:31.948 [main] DEBUG net.thucydides.core.steps.StepInterceptor - STEP DONE: inputUsername
  &amp#27;[32mWhen &amp#27;[0m&amp#27;[32mi input valid username&amp#27;[0m                     &amp#27;[90m# starter.stepdefenitions.LoginSteps.inputValidUsername()&amp#27;[0m
18:10:31.948 [Darkroom Processing Line] DEBUG net.serenitybdd.core.photography.DarkroomProcessingLine - Processing screenshot image in /var/screenshots/screenshot-2113954462392783268
18:10:31.948 [Darkroom Processing Line] DEBUG net.serenitybdd.core.photography.DarkroomProcessingLine - Saving screenshot to target\site\serenity\b1b257cb005fb3a9b85642ac491585ff0da97d713d7ea3da96e1e603bef1cc8c.png
18:10:31.962 [main] DEBUG net.thucydides.core.steps.StepInterceptor - STARTING STEP: LoginSteps.inputValidPassword - inputPassword
18:10:31.965 [Forwarding findElement on session 76b781bcc4d0022f153ac42370f37d82 to remote] DEBUG org.asynchttpclient.netty.request.NettyRequestSender - Using pooled Channel '[id: 0xe6dde9bb, L:/127.0.0.1:65389 - R:localhost/127.0.0.1:63868]' for 'POST' to 'http://localhost:63868/session/76b781bcc4d0022f153ac42370f37d82/element'
18:10:31.965 [Forwarding findElement on session 76b781bcc4d0022f153ac42370f37d82 to remote] DEBUG org.asynchttpclient.netty.request.NettyRequestSender - Using open Channel [id: 0xe6dde9bb, L:/127.0.0.1:65389 - R:localhost/127.0.0.1:63868] for POST '/session/76b781bcc4d0022f153ac42370f37d82/element'
18:10:31.978 [AsyncHttpClient-1-3] DEBUG org.asynchttpclient.netty.handler.HttpHandler - 

Request DefaultHttpRequest(decodeResult: success, version: HTTP/1.1)
POST /session/76b781bcc4d0022f153ac42370f37d82/element HTTP/1.1
User-Agent: selenium/4.1.2 (java windows)
Content-Length: 70
Content-Type: application/json; charset=utf-8
host: localhost:63868
accept: */*

Response DefaultHttpResponse(decodeResult: success, version: HTTP/1.1)
HTTP/1.1 200 OK
Content-Type: application/json; charset=utf-8
cache-control: no-cache
content-length: 88

18:10:31.978 [AsyncHttpClient-1-3] DEBUG org.asynchttpclient.netty.channel.ChannelManager - Adding key: http://localhost:63868 for channel [id: 0xe6dde9bb, L:/127.0.0.1:65389 - R:localhost/127.0.0.1:63868]
18:10:31.980 [Forwarding clearElement on session 76b781bcc4d0022f153ac42370f37d82 to remote] DEBUG org.asynchttpclient.netty.request.NettyRequestSender - Using pooled Channel '[id: 0xe6dde9bb, L:/127.0.0.1:65389 - R:localhost/127.0.0.1:63868]' for 'POST' to 'http://localhost:63868/session/76b781bcc4d0022f153ac42370f37d82/element/1ab479ea-6c17-47be-a2f1-4848631e54d7/clear'
18:10:31.980 [Forwarding clearElement on session 76b781bcc4d0022f153ac42370f37d82 to remote] DEBUG org.asynchttpclient.netty.request.NettyRequestSender - Using open Channel [id: 0xe6dde9bb, L:/127.0.0.1:65389 - R:localhost/127.0.0.1:63868] for POST '/session/76b781bcc4d0022f153ac42370f37d82/element/1ab479ea-6c17-47be-a2f1-4848631e54d7/clear'
18:10:32.014 [AsyncHttpClient-1-3] DEBUG org.asynchttpclient.netty.handler.HttpHandler - 

Request DefaultHttpRequest(decodeResult: success, version: HTTP/1.1)
POST /session/76b781bcc4d0022f153ac42370f37d82/element/1ab479ea-6c17-47be-a2f1-4848631e54d7/clear HTTP/1.1
User-Agent: selenium/4.1.2 (java windows)
Content-Length: 50
Content-Type: application/json; charset=utf-8
host: localhost:63868
accept: */*

Response DefaultHttpResponse(decodeResult: success, version: HTTP/1.1)
HTTP/1.1 200 OK
Content-Type: application/json; charset=utf-8
cache-control: no-cache
content-length: 14

18:10:32.014 [AsyncHttpClient-1-3] DEBUG org.asynchttpclient.netty.channel.ChannelManager - Adding key: http://localhost:63868 for channel [id: 0xe6dde9bb, L:/127.0.0.1:65389 - R:localhost/127.0.0.1:63868]
18:10:32.016 [Forwarding sendKeysToElement on session 76b781bcc4d0022f153ac42370f37d82 to remote] DEBUG org.asynchttpclient.netty.request.NettyRequestSender - Using pooled Channel '[id: 0xe6dde9bb, L:/127.0.0.1:65389 - R:localhost/127.0.0.1:63868]' for 'POST' to 'http://localhost:63868/session/76b781bcc4d0022f153ac42370f37d82/element/1ab479ea-6c17-47be-a2f1-4848631e54d7/value'
18:10:32.016 [Forwarding sendKeysToElement on session 76b781bcc4d0022f153ac42370f37d82 to remote] DEBUG org.asynchttpclient.netty.request.NettyRequestSender - Using open Channel [id: 0xe6dde9bb, L:/127.0.0.1:65389 - R:localhost/127.0.0.1:63868] for POST '/session/76b781bcc4d0022f153ac42370f37d82/element/1ab479ea-6c17-47be-a2f1-4848631e54d7/value'
18:10:32.116 [AsyncHttpClient-1-3] DEBUG org.asynchttpclient.netty.handler.HttpHandler - 

Request DefaultHttpRequest(decodeResult: success, version: HTTP/1.1)
POST /session/76b781bcc4d0022f153ac42370f37d82/element/1ab479ea-6c17-47be-a2f1-4848631e54d7/value HTTP/1.1
User-Agent: selenium/4.1.2 (java windows)
Content-Length: 181
Content-Type: application/json; charset=utf-8
host: localhost:63868
accept: */*

Response DefaultHttpResponse(decodeResult: success, version: HTTP/1.1)
HTTP/1.1 200 OK
Content-Type: application/json; charset=utf-8
cache-control: no-cache
content-length: 14

18:10:32.116 [AsyncHttpClient-1-3] DEBUG org.asynchttpclient.netty.channel.ChannelManager - Adding key: http://localhost:63868 for channel [id: 0xe6dde9bb, L:/127.0.0.1:65389 - R:localhost/127.0.0.1:63868]
18:10:32.127 [Forwarding screenshot on session 76b781bcc4d0022f153ac42370f37d82 to remote] DEBUG org.asynchttpclient.netty.request.NettyRequestSender - Using pooled Channel '[id: 0xe6dde9bb, L:/127.0.0.1:65389 - R:localhost/127.0.0.1:63868]' for 'GET' to 'http://localhost:63868/session/76b781bcc4d0022f153ac42370f37d82/screenshot'
18:10:32.128 [Forwarding screenshot on session 76b781bcc4d0022f153ac42370f37d82 to remote] DEBUG org.asynchttpclient.netty.request.NettyRequestSender - Using open Channel [id: 0xe6dde9bb, L:/127.0.0.1:65389 - R:localhost/127.0.0.1:63868] for GET '/session/76b781bcc4d0022f153ac42370f37d82/screenshot'
18:10:32.321 [AsyncHttpClient-1-3] DEBUG org.asynchttpclient.netty.handler.HttpHandler - 

Request DefaultFullHttpRequest(decodeResult: success, version: HTTP/1.1, content: EmptyByteBufBE)
GET /session/76b781bcc4d0022f153ac42370f37d82/screenshot HTTP/1.1
User-Agent: selenium/4.1.2 (java windows)
Cache-Control: no-cache
Content-Type: application/json; charset=utf-8
host: localhost:63868
accept: */*

Response DefaultHttpResponse(decodeResult: success, version: HTTP/1.1)
HTTP/1.1 200 OK
Content-Type: application/json; charset=utf-8
cache-control: no-cache
content-length: 151036

18:10:32.322 [AsyncHttpClient-1-3] DEBUG org.asynchttpclient.netty.channel.ChannelManager - Adding key: http://localhost:63868 for channel [id: 0xe6dde9bb, L:/127.0.0.1:65389 - R:localhost/127.0.0.1:63868]
18:10:32.329 [main] DEBUG net.serenitybdd.core.photography.Darkroom - Send negative for processing for target\site\serenity\8543ac10f21f211c5f6486271b78f8d2e1e40565e6813c1fb59d8fa1aac9ea5d.png
18:10:32.330 [main] DEBUG net.thucydides.core.steps.StepInterceptor - STEP DONE: inputPassword
18:10:32.330 [Darkroom Processing Line] DEBUG net.serenitybdd.core.photography.DarkroomProcessingLine - Processing screenshot image in /var/screenshots/screenshot-4879629802218339044
18:10:32.330 [Darkroom Processing Line] DEBUG net.serenitybdd.core.photography.DarkroomProcessingLine - Saving screenshot to target\site\serenity\8543ac10f21f211c5f6486271b78f8d2e1e40565e6813c1fb59d8fa1aac9ea5d.png
  &amp#27;[32mAnd &amp#27;[0m&amp#27;[32mi input valid password&amp#27;[0m                      &amp#27;[90m# starter.stepdefenitions.LoginSteps.inputValidPassword()&amp#27;[0m
18:10:32.346 [main] DEBUG net.thucydides.core.steps.StepInterceptor - STARTING STEP: LoginSteps.clickLoginButton - clickLoginButton
18:10:32.350 [main] DEBUG net.thucydides.core.steps.StepInterceptor - STEP DONE: clickLoginButton
  &amp#27;[32mAnd &amp#27;[0m&amp#27;[32mi click login button&amp#27;[0m                        &amp#27;[90m# starter.stepdefenitions.LoginSteps.clickLoginButton()&amp#27;[0m
18:10:32.365 [main] DEBUG net.thucydides.core.steps.StepInterceptor - STARTING STEP: LoginSteps.successLogin - validationAfterLogin
18:10:32.368 [Forwarding findElement on session 76b781bcc4d0022f153ac42370f37d82 to remote] DEBUG org.asynchttpclient.netty.request.NettyRequestSender - Using pooled Channel '[id: 0xe6dde9bb, L:/127.0.0.1:65389 - R:localhost/127.0.0.1:63868]' for 'POST' to 'http://localhost:63868/session/76b781bcc4d0022f153ac42370f37d82/element'
18:10:32.368 [Forwarding findElement on session 76b781bcc4d0022f153ac42370f37d82 to remote] DEBUG org.asynchttpclient.netty.request.NettyRequestSender - Using open Channel [id: 0xe6dde9bb, L:/127.0.0.1:65389 - R:localhost/127.0.0.1:63868] for POST '/session/76b781bcc4d0022f153ac42370f37d82/element'
18:10:32.380 [AsyncHttpClient-1-3] DEBUG org.asynchttpclient.netty.handler.HttpHandler - 

Request DefaultHttpRequest(decodeResult: success, version: HTTP/1.1)
POST /session/76b781bcc4d0022f153ac42370f37d82/element HTTP/1.1
User-Agent: selenium/4.1.2 (java windows)
Content-Length: 57
Content-Type: application/json; charset=utf-8
host: localhost:63868
accept: */*

Response DefaultHttpResponse(decodeResult: success, version: HTTP/1.1)
HTTP/1.1 200 OK
Content-Type: application/json; charset=utf-8
cache-control: no-cache
content-length: 88

18:10:32.381 [AsyncHttpClient-1-3] DEBUG org.asynchttpclient.netty.channel.ChannelManager - Adding key: http://localhost:63868 for channel [id: 0xe6dde9bb, L:/127.0.0.1:65389 - R:localhost/127.0.0.1:63868]
18:10:32.385 [Forwarding isElementDisplayed on session 76b781bcc4d0022f153ac42370f37d82 to remote] DEBUG org.asynchttpclient.netty.request.NettyRequestSender - Using pooled Channel '[id: 0xe6dde9bb, L:/127.0.0.1:65389 - R:localhost/127.0.0.1:63868]' for 'POST' to 'http://localhost:63868/session/76b781bcc4d0022f153ac42370f37d82/execute/sync'
18:10:32.385 [Forwarding isElementDisplayed on session 76b781bcc4d0022f153ac42370f37d82 to remote] DEBUG org.asynchttpclient.netty.request.NettyRequestSender - Using open Channel [id: 0xe6dde9bb, L:/127.0.0.1:65389 - R:localhost/127.0.0.1:63868] for POST '/session/76b781bcc4d0022f153ac42370f37d82/execute/sync'
18:10:32.401 [AsyncHttpClient-1-3] DEBUG org.asynchttpclient.netty.handler.HttpHandler - 

Request DefaultHttpRequest(decodeResult: success, version: HTTP/1.1)
POST /session/76b781bcc4d0022f153ac42370f37d82/execute/sync HTTP/1.1
User-Agent: selenium/4.1.2 (java windows)
Content-Length: 48780
Content-Type: application/json; charset=utf-8
host: localhost:63868
accept: */*

Response DefaultHttpResponse(decodeResult: success, version: HTTP/1.1)
HTTP/1.1 200 OK
Content-Type: application/json; charset=utf-8
cache-control: no-cache
content-length: 14

18:10:32.401 [AsyncHttpClient-1-3] DEBUG org.asynchttpclient.netty.channel.ChannelManager - Adding key: http://localhost:63868 for channel [id: 0xe6dde9bb, L:/127.0.0.1:65389 - R:localhost/127.0.0.1:63868]
18:10:32.405 [Forwarding screenshot on session 76b781bcc4d0022f153ac42370f37d82 to remote] DEBUG org.asynchttpclient.netty.request.NettyRequestSender - Using pooled Channel '[id: 0xe6dde9bb, L:/127.0.0.1:65389 - R:localhost/127.0.0.1:63868]' for 'GET' to 'http://localhost:63868/session/76b781bcc4d0022f153ac42370f37d82/screenshot'
18:10:32.406 [Forwarding screenshot on session 76b781bcc4d0022f153ac42370f37d82 to remote] DEBUG org.asynchttpclient.netty.request.NettyRequestSender - Using open Channel [id: 0xe6dde9bb, L:/127.0.0.1:65389 - R:localhost/127.0.0.1:63868] for GET '/session/76b781bcc4d0022f153ac42370f37d82/screenshot'
18:10:32.554 [AsyncHttpClient-1-3] DEBUG org.asynchttpclient.netty.handler.HttpHandler - 

Request DefaultFullHttpRequest(decodeResult: success, version: HTTP/1.1, content: EmptyByteBufBE)
GET /session/76b781bcc4d0022f153ac42370f37d82/screenshot HTTP/1.1
User-Agent: selenium/4.1.2 (java windows)
Cache-Control: no-cache
Content-Type: application/json; charset=utf-8
host: localhost:63868
accept: */*

Response DefaultHttpResponse(decodeResult: success, version: HTTP/1.1)
HTTP/1.1 200 OK
Content-Type: application/json; charset=utf-8
cache-control: no-cache
content-length: 151036

18:10:32.555 [AsyncHttpClient-1-3] DEBUG org.asynchttpclient.netty.channel.ChannelManager - Adding key: http://localhost:63868 for channel [id: 0xe6dde9bb, L:/127.0.0.1:65389 - R:localhost/127.0.0.1:63868]
18:10:32.562 [main] DEBUG net.serenitybdd.core.photography.Darkroom - Send negative for processing for target\site\serenity\1c8c6cdb5a66c3a77c8cd0848f9d08325f3cecda4119c54bb3aa325fd95a4661.png
18:10:32.562 [main] DEBUG net.thucydides.core.steps.StepInterceptor - STEP DONE: validationAfterLogin
  &amp#27;[32mThen &amp#27;[0m&amp#27;[32mi success login&amp#27;[0m                            &amp#27;[90m# starter.stepdefenitions.LoginSteps.successLogin()&amp#27;[0m
18:10:32.562 [Darkroom Processing Line] DEBUG net.serenitybdd.core.photography.DarkroomProcessingLine - Processing screenshot image in /var/screenshots/screenshot-1743298301040667668
18:10:32.563 [Darkroom Processing Line] DEBUG net.serenitybdd.core.photography.DarkroomProcessingLine - Saving screenshot to target\site\serenity\1c8c6cdb5a66c3a77c8cd0848f9d08325f3cecda4119c54bb3aa325fd95a4661.png
18:10:32.568 [main] INFO  - 
  _____   ___   ___   _____     ___     _     ___   ___   ___   ___  
 |_   _| | __| / __| |_   _|   | _ \   /_\   / __| / __| | __| |   \ 
   | |   | _|  \__ \   | |     |  _/  / _ \  \__ \ \__ \ | _|  | |) |
   |_|   |___| |___/   |_|     |_|   /_/ \_\ |___/ |___/ |___| |___/ 

As user i have be able to success login
----------------------------------------------------------------------
18:10:32.570 [AsyncHttpClient-1-5] DEBUG org.asynchttpclient.netty.handler.WebSocketHandler - Channel Closed: [id: 0x42e026af, L:/127.0.0.1:65397 ! R:localhost/127.0.0.1:65390] with attribute NettyResponseFuture{currentRetry=5,
	isDone=1,
	isCancelled=0,
	asyncHandler=org.asynchttpclient.ws.WebSocketUpgradeHandler@3bc2f5d9,
	nettyRequest=org.asynchttpclient.netty.request.NettyRequest@3d01fd1e,
	future=java.util.concurrent.CompletableFuture@3fe00954[Completed normally],
	uri=ws://localhost:65390/devtools/browser/24bab562-9449-402f-9b55-a00bb4e74820,
	keepAlive=true,
	redirectCount=0,
	timeoutsHolder=null,
	inAuth=0,
	touch=1649761823138}
18:10:32.570 [AsyncHttpClient-1-5] DEBUG org.asynchttpclient.netty.channel.ChannelManager - Closing Channel [id: 0x42e026af, L:/127.0.0.1:65397 ! R:localhost/127.0.0.1:65390] 
18:10:32.574 [Driver Command Executor] DEBUG org.asynchttpclient.netty.request.NettyRequestSender - Using pooled Channel '[id: 0xe6dde9bb, L:/127.0.0.1:65389 - R:localhost/127.0.0.1:63868]' for 'DELETE' to 'http://localhost:63868/session/76b781bcc4d0022f153ac42370f37d82'
18:10:32.575 [Driver Command Executor] DEBUG org.asynchttpclient.netty.request.NettyRequestSender - Using open Channel [id: 0xe6dde9bb, L:/127.0.0.1:65389 - R:localhost/127.0.0.1:63868] for DELETE '/session/76b781bcc4d0022f153ac42370f37d82'
18:10:32.767 [AsyncHttpClient-1-1] DEBUG org.asynchttpclient.netty.channel.DefaultChannelPool - Entry count for : http://localhost:65390 : 1
18:10:32.777 [AsyncHttpClient-1-4] DEBUG org.asynchttpclient.netty.handler.HttpHandler - Unexpected I/O exception on channel [id: 0x7a757f83, L:/127.0.0.1:65396 - R:localhost/127.0.0.1:65390]
java.io.IOException: An existing connection was forcibly closed by the remote host
	at sun.nio.ch.SocketDispatcher.read0(Native Method)
	at sun.nio.ch.SocketDispatcher.read(SocketDispatcher.java:43)
	at sun.nio.ch.IOUtil.readIntoNativeBuffer(IOUtil.java:223)
	at sun.nio.ch.IOUtil.read(IOUtil.java:192)
	at sun.nio.ch.SocketChannelImpl.read(SocketChannelImpl.java:378)
	at io.netty.buffer.PooledByteBuf.setBytes(PooledByteBuf.java:258)
	at io.netty.buffer.AbstractByteBuf.writeBytes(AbstractByteBuf.java:1132)
	at io.netty.channel.socket.nio.NioSocketChannel.doReadBytes(NioSocketChannel.java:350)
	at io.netty.channel.nio.AbstractNioByteChannel$NioByteUnsafe.read(AbstractNioByteChannel.java:151)
	at io.netty.channel.nio.NioEventLoop.processSelectedKey(NioEventLoop.java:722)
	at io.netty.channel.nio.NioEventLoop.processSelectedKeysOptimized(NioEventLoop.java:658)
	at io.netty.channel.nio.NioEventLoop.processSelectedKeys(NioEventLoop.java:584)
	at io.netty.channel.nio.NioEventLoop.run(NioEventLoop.java:496)
	at io.netty.util.concurrent.SingleThreadEventExecutor$4.run(SingleThreadEventExecutor.java:986)
	at io.netty.util.internal.ThreadExecutorMap$2.run(ThreadExecutorMap.java:74)
	at io.netty.util.concurrent.FastThreadLocalRunnable.run(FastThreadLocalRunnable.java:30)
	at java.lang.Thread.run(Thread.java:750)
18:10:32.777 [AsyncHttpClient-1-4] DEBUG org.asynchttpclient.netty.channel.ChannelManager - Closing Channel [id: 0x7a757f83, L:/127.0.0.1:65396 - R:localhost/127.0.0.1:65390] 
18:10:32.777 [AsyncHttpClient-1-4] DEBUG org.asynchttpclient.netty.handler.HttpHandler - Channel Closed: [id: 0x7a757f83, L:/127.0.0.1:65396 ! R:localhost/127.0.0.1:65390] with attribute DISCARD
18:10:32.817 [AsyncHttpClient-1-3] DEBUG org.asynchttpclient.netty.handler.HttpHandler - 

Request DefaultFullHttpRequest(decodeResult: success, version: HTTP/1.1, content: EmptyByteBufBE)
DELETE /session/76b781bcc4d0022f153ac42370f37d82 HTTP/1.1
User-Agent: selenium/4.1.2 (java windows)
Content-Type: application/json; charset=utf-8
host: localhost:63868
accept: */*

Response DefaultHttpResponse(decodeResult: success, version: HTTP/1.1)
HTTP/1.1 200 OK
Content-Type: application/json; charset=utf-8
cache-control: no-cache
content-length: 14

18:10:32.818 [AsyncHttpClient-1-3] DEBUG org.asynchttpclient.netty.channel.ChannelManager - Adding key: http://localhost:63868 for channel [id: 0xe6dde9bb, L:/127.0.0.1:65389 - R:localhost/127.0.0.1:63868]
18:10:32.926 [AsyncHttpClient-1-3] DEBUG org.asynchttpclient.netty.handler.HttpHandler - Channel Closed: [id: 0xe6dde9bb, L:/127.0.0.1:65389 ! R:localhost/127.0.0.1:63868] with attribute DISCARD
]]></system-out>
    <system-err><![CDATA[Starting ChromeDriver 100.0.4896.60 (6a5d10861ce8de5fce22564658033b43cb7de047-refs/branch-heads/4896@{#875}) on port 63868
Only local connections are allowed.
Please see https://chromedriver.chromium.org/security-considerations for suggestions on keeping ChromeDriver safe.
ChromeDriver was started successfully.
Apr 12, 2022 6:10:23 PM org.openqa.selenium.remote.ProtocolHandshake createSession
INFO: Detected dialect: W3C
Apr 12, 2022 6:10:23 PM org.openqa.selenium.devtools.CdpVersionFinder findNearestMatch
WARNING: Unable to find an exact match for CDP version 100, so returning the closest version found: 97
Apr 12, 2022 6:10:23 PM org.openqa.selenium.devtools.CdpVersionFinder findNearestMatch
INFO: Found CDP implementation for version 100 of 97
]]></system-err>
  </testcase>
  <testcase name="As user i have failed to login" classname="As user I want see home page So that i can buy books" time="13.494">
    <system-out><![CDATA[
@login
Scenario: As user i have failed to login       &amp#27;[90m# src/test/resources/features/Login.feature:16&amp#27;[0m
18:10:33.485 [main] INFO io.cucumber.core.plugin.SerenityReporter - Running feature from file:///D:/kampus%20merdeka/Intelij/web/src/test/resources/features/Login.feature
18:10:33.487 [main] INFO  - 
  _____   ___   ___   _____     ___   _____     _     ___   _____   ___   ___  
 |_   _| | __| / __| |_   _|   / __| |_   _|   /_\   | _ \ |_   _| | __| |   \ 
   | |   | _|  \__ \   | |     \__ \   | |    / _ \  |   /   | |   | _|  | |) |
   |_|   |___| |___/   |_|     |___/   |_|   /_/ \_\ |_|_\   |_|   |___| |___/ 

As user i have failed to login(as-user-i-want-see-home-page-so-that-i-can-buy-books;as-user-i-have-failed-to-login)
--------------------------------------------------------------------------------
18:10:33.517 [main] DEBUG net.thucydides.core.steps.StepInterceptor - STARTING STEP: BookstoreSteps.onBookstorePage - openPage
18:10:33.519 [main] INFO net.serenitybdd.core.webdriver.driverproviders.ChromeDriverProvider - Using automatically driver download
18:10:33.650 [main] DEBUG io.github.bonigarcia.wdm.cache.ResolutionCache - Resolution chrome=100 in cache (valid until 19:03:08 12/04/2022 ICT)
18:10:33.655 [main] DEBUG io.github.bonigarcia.wdm.cache.ResolutionCache - Resolution chrome100=100.0.4896.60 in cache (valid until 16:43:36 13/04/2022 ICT)
18:10:33.658 [main] INFO io.github.bonigarcia.wdm.WebDriverManager - Using chromedriver 100.0.4896.60 (resolved driver for Chrome 100)
18:10:33.668 [main] DEBUG io.github.bonigarcia.wdm.WebDriverManager - Driver chromedriver 100.0.4896.60 found in cache
18:10:33.668 [main] INFO io.github.bonigarcia.wdm.WebDriverManager - Exporting webdriver.chrome.driver as C:\Users\Admin\.cache\selenium\chromedriver\win32\100.0.4896.60\chromedriver.exe
18:10:33.799 [main] DEBUG net.serenitybdd.core.webdriver.driverproviders.ProvideNewDriver - Instantiating driver
18:10:33.799 [main] DEBUG net.serenitybdd.core.webdriver.driverproviders.ProvideNewDriver - Driver capabilities: Capabilities {acceptInsecureCerts: false, base.url: https://demoqa.com/, browserName: chrome, chrome.driver: src/test/resources/webdrive..., driver: chrome, goog:chromeOptions: {args: [], extensions: []}}
18:10:33.863 [AsyncHttpClient-1-1] DEBUG org.asynchttpclient.netty.channel.DefaultChannelPool - Entry count for : http://localhost:65390 : 1
18:10:33.863 [AsyncHttpClient-1-1] DEBUG org.asynchttpclient.netty.channel.DefaultChannelPool - Entry count for : http://localhost:63868 : 1
18:10:33.863 [AsyncHttpClient-1-1] DEBUG org.asynchttpclient.netty.channel.DefaultChannelPool - Adding Candidate expired Channel [id: 0x7a757f83, L:/127.0.0.1:65396 ! R:localhost/127.0.0.1:65390] isIdleTimeoutExpired=false isRemotelyClosed=true isTtlExpired=false
18:10:33.863 [AsyncHttpClient-1-1] DEBUG org.asynchttpclient.netty.channel.DefaultChannelPool - Closing Idle Channel [id: 0x7a757f83, L:/127.0.0.1:65396 ! R:localhost/127.0.0.1:65390]
18:10:33.863 [AsyncHttpClient-1-1] DEBUG org.asynchttpclient.netty.channel.DefaultChannelPool - Adding Candidate expired Channel [id: 0xe6dde9bb, L:/127.0.0.1:65389 ! R:localhost/127.0.0.1:63868] isIdleTimeoutExpired=false isRemotelyClosed=true isTtlExpired=false
18:10:33.863 [AsyncHttpClient-1-1] DEBUG org.asynchttpclient.netty.channel.DefaultChannelPool - Closing Idle Channel [id: 0xe6dde9bb, L:/127.0.0.1:65389 ! R:localhost/127.0.0.1:63868]
18:10:33.863 [AsyncHttpClient-1-1] DEBUG org.asynchttpclient.netty.channel.DefaultChannelPool - Closed 2 connections out of 2 in 0 ms
18:10:34.365 [AsyncHttpClient-1-6] DEBUG org.asynchttpclient.netty.channel.NettyConnectListener - Using new Channel '[id: 0x1635372b, L:/127.0.0.1:65453 - R:localhost/127.0.0.1:52624]' for 'POST' to '/session'
18:10:35.258 [AsyncHttpClient-1-6] DEBUG org.asynchttpclient.netty.handler.HttpHandler - 

Request DefaultHttpRequest(decodeResult: success, version: HTTP/1.1)
POST /session HTTP/1.1
User-Agent: selenium/4.1.2 (java windows)
Content-Length: 605
Content-Type: application/json; charset=utf-8
host: localhost:52624
accept: */*

Response DefaultHttpResponse(decodeResult: success, version: HTTP/1.1)
HTTP/1.1 200 OK
Content-Type: application/json; charset=utf-8
cache-control: no-cache
content-length: 790

18:10:35.258 [AsyncHttpClient-1-6] DEBUG org.asynchttpclient.netty.channel.ChannelManager - Adding key: http://localhost:52624 for channel [id: 0x1635372b, L:/127.0.0.1:65453 - R:localhost/127.0.0.1:52624]
18:10:35.276 [AsyncHttpClient-1-7] DEBUG org.asynchttpclient.netty.channel.NettyConnectListener - Using new Channel '[id: 0x346baa53, L:/127.0.0.1:65460 - R:localhost/127.0.0.1:65454]' for 'GET' to '/json/version'
18:10:35.277 [AsyncHttpClient-1-7] DEBUG org.asynchttpclient.netty.handler.HttpHandler - 

Request DefaultFullHttpRequest(decodeResult: success, version: HTTP/1.1, content: EmptyByteBufBE)
GET /json/version HTTP/1.1
User-Agent: selenium/4.1.2 (java windows)
host: localhost:65454
accept: */*

Response DefaultHttpResponse(decodeResult: success, version: HTTP/1.1)
HTTP/1.1 200 OK
Content-Type: application/json; charset=UTF-8
content-length: 426

18:10:35.277 [AsyncHttpClient-1-7] DEBUG org.asynchttpclient.netty.channel.ChannelManager - Adding key: http://localhost:65454 for channel [id: 0x346baa53, L:/127.0.0.1:65460 - R:localhost/127.0.0.1:65454]
18:10:35.283 [AsyncHttpClient-1-8] DEBUG org.asynchttpclient.netty.channel.NettyConnectListener - Using new Channel '[id: 0xb9fc138e, L:/127.0.0.1:65461 - R:localhost/127.0.0.1:65454]' for 'GET' to '/devtools/browser/2bc4810e-f1ed-4b73-80e3-608b30384362'
18:10:35.285 [AsyncHttpClient-1-8] DEBUG org.asynchttpclient.netty.handler.WebSocketHandler - 

Request DefaultFullHttpRequest(decodeResult: success, version: HTTP/1.1, content: EmptyByteBufBE)
GET /devtools/browser/2bc4810e-f1ed-4b73-80e3-608b30384362 HTTP/1.1
upgrade: websocket
connection: upgrade
sec-websocket-key: HJnrcsqa4Kcm1ZpOQTQFUA==
sec-websocket-version: 13
origin: http://localhost:65454
host: localhost:65454
accept: */*
user-agent: AHC/2.1

Response DefaultHttpResponse(decodeResult: success, version: HTTP/1.1)
HTTP/1.1 101 WebSocket Protocol Handshake
Upgrade: WebSocket
Connection: Upgrade
Sec-WebSocket-Accept: Fno8ph7u/GAc+ZDK/TfRTS/Go0s=

18:10:35.297 [Forwarding setCurrentWindowSize on session 0a70f8db37551f8a52b8be72772339ea to remote] DEBUG org.asynchttpclient.netty.request.NettyRequestSender - Using pooled Channel '[id: 0x1635372b, L:/127.0.0.1:65453 - R:localhost/127.0.0.1:52624]' for 'POST' to 'http://localhost:52624/session/0a70f8db37551f8a52b8be72772339ea/window/rect'
18:10:35.297 [Forwarding setCurrentWindowSize on session 0a70f8db37551f8a52b8be72772339ea to remote] DEBUG org.asynchttpclient.netty.request.NettyRequestSender - Using open Channel [id: 0x1635372b, L:/127.0.0.1:65453 - R:localhost/127.0.0.1:52624] for POST '/session/0a70f8db37551f8a52b8be72772339ea/window/rect'
18:10:35.454 [AsyncHttpClient-1-6] DEBUG org.asynchttpclient.netty.handler.HttpHandler - 

Request DefaultHttpRequest(decodeResult: success, version: HTTP/1.1)
POST /session/0a70f8db37551f8a52b8be72772339ea/window/rect HTTP/1.1
User-Agent: selenium/4.1.2 (java windows)
Content-Length: 36
Content-Type: application/json; charset=utf-8
host: localhost:52624
accept: */*

Response DefaultHttpResponse(decodeResult: success, version: HTTP/1.1)
HTTP/1.1 200 OK
Content-Type: application/json; charset=utf-8
cache-control: no-cache
content-length: 51

18:10:35.454 [AsyncHttpClient-1-6] DEBUG org.asynchttpclient.netty.channel.ChannelManager - Adding key: http://localhost:52624 for channel [id: 0x1635372b, L:/127.0.0.1:65453 - R:localhost/127.0.0.1:52624]
18:10:35.456 [Forwarding setWindowPosition on session 0a70f8db37551f8a52b8be72772339ea to remote] DEBUG org.asynchttpclient.netty.request.NettyRequestSender - Using pooled Channel '[id: 0x1635372b, L:/127.0.0.1:65453 - R:localhost/127.0.0.1:52624]' for 'POST' to 'http://localhost:52624/session/0a70f8db37551f8a52b8be72772339ea/window/rect'
18:10:35.456 [Forwarding setWindowPosition on session 0a70f8db37551f8a52b8be72772339ea to remote] DEBUG org.asynchttpclient.netty.request.NettyRequestSender - Using open Channel [id: 0x1635372b, L:/127.0.0.1:65453 - R:localhost/127.0.0.1:52624] for POST '/session/0a70f8db37551f8a52b8be72772339ea/window/rect'
18:10:35.576 [AsyncHttpClient-1-6] DEBUG org.asynchttpclient.netty.handler.HttpHandler - 

Request DefaultHttpRequest(decodeResult: success, version: HTTP/1.1)
POST /session/0a70f8db37551f8a52b8be72772339ea/window/rect HTTP/1.1
User-Agent: selenium/4.1.2 (java windows)
Content-Length: 22
Content-Type: application/json; charset=utf-8
host: localhost:52624
accept: */*

Response DefaultHttpResponse(decodeResult: success, version: HTTP/1.1)
HTTP/1.1 200 OK
Content-Type: application/json; charset=utf-8
cache-control: no-cache
content-length: 49

18:10:35.576 [AsyncHttpClient-1-6] DEBUG org.asynchttpclient.netty.channel.ChannelManager - Adding key: http://localhost:52624 for channel [id: 0x1635372b, L:/127.0.0.1:65453 - R:localhost/127.0.0.1:52624]
18:10:35.578 [Forwarding get on session 0a70f8db37551f8a52b8be72772339ea to remote] DEBUG org.asynchttpclient.netty.request.NettyRequestSender - Using pooled Channel '[id: 0x1635372b, L:/127.0.0.1:65453 - R:localhost/127.0.0.1:52624]' for 'POST' to 'http://localhost:52624/session/0a70f8db37551f8a52b8be72772339ea/url'
18:10:35.578 [Forwarding get on session 0a70f8db37551f8a52b8be72772339ea to remote] DEBUG org.asynchttpclient.netty.request.NettyRequestSender - Using open Channel [id: 0x1635372b, L:/127.0.0.1:65453 - R:localhost/127.0.0.1:52624] for POST '/session/0a70f8db37551f8a52b8be72772339ea/url'
18:10:36.066 [AsyncHttpClient-1-1] DEBUG org.asynchttpclient.netty.channel.DefaultChannelPool - Entry count for : http://localhost:65454 : 1
18:10:37.162 [AsyncHttpClient-1-1] DEBUG org.asynchttpclient.netty.channel.DefaultChannelPool - Entry count for : http://localhost:65454 : 1
18:10:38.262 [AsyncHttpClient-1-1] DEBUG org.asynchttpclient.netty.channel.DefaultChannelPool - Entry count for : http://localhost:65454 : 1
18:10:39.368 [AsyncHttpClient-1-1] DEBUG org.asynchttpclient.netty.channel.DefaultChannelPool - Entry count for : http://localhost:65454 : 1
18:10:40.462 [AsyncHttpClient-1-1] DEBUG org.asynchttpclient.netty.channel.DefaultChannelPool - Entry count for : http://localhost:65454 : 1
18:10:41.562 [AsyncHttpClient-1-1] DEBUG org.asynchttpclient.netty.channel.DefaultChannelPool - Entry count for : http://localhost:65454 : 1
18:10:42.670 [AsyncHttpClient-1-1] DEBUG org.asynchttpclient.netty.channel.DefaultChannelPool - Entry count for : http://localhost:65454 : 1
18:10:43.284 [AsyncHttpClient-1-6] DEBUG org.asynchttpclient.netty.handler.HttpHandler - 

Request DefaultHttpRequest(decodeResult: success, version: HTTP/1.1)
POST /session/0a70f8db37551f8a52b8be72772339ea/url HTTP/1.1
User-Agent: selenium/4.1.2 (java windows)
Content-Length: 49
Content-Type: application/json; charset=utf-8
host: localhost:52624
accept: */*

Response DefaultHttpResponse(decodeResult: success, version: HTTP/1.1)
HTTP/1.1 200 OK
Content-Type: application/json; charset=utf-8
cache-control: no-cache
content-length: 14

18:10:43.284 [AsyncHttpClient-1-6] DEBUG org.asynchttpclient.netty.channel.ChannelManager - Adding key: http://localhost:52624 for channel [id: 0x1635372b, L:/127.0.0.1:65453 - R:localhost/127.0.0.1:52624]
18:10:43.288 [Forwarding setTimeout on session 0a70f8db37551f8a52b8be72772339ea to remote] DEBUG org.asynchttpclient.netty.request.NettyRequestSender - Using pooled Channel '[id: 0x1635372b, L:/127.0.0.1:65453 - R:localhost/127.0.0.1:52624]' for 'POST' to 'http://localhost:52624/session/0a70f8db37551f8a52b8be72772339ea/timeouts'
18:10:43.289 [Forwarding setTimeout on session 0a70f8db37551f8a52b8be72772339ea to remote] DEBUG org.asynchttpclient.netty.request.NettyRequestSender - Using open Channel [id: 0x1635372b, L:/127.0.0.1:65453 - R:localhost/127.0.0.1:52624] for POST '/session/0a70f8db37551f8a52b8be72772339ea/timeouts'
18:10:43.291 [AsyncHttpClient-1-6] DEBUG org.asynchttpclient.netty.handler.HttpHandler - 

Request DefaultHttpRequest(decodeResult: success, version: HTTP/1.1)
POST /session/0a70f8db37551f8a52b8be72772339ea/timeouts HTTP/1.1
User-Agent: selenium/4.1.2 (java windows)
Content-Length: 22
Content-Type: application/json; charset=utf-8
host: localhost:52624
accept: */*

Response DefaultHttpResponse(decodeResult: success, version: HTTP/1.1)
HTTP/1.1 200 OK
Content-Type: application/json; charset=utf-8
cache-control: no-cache
content-length: 14

18:10:43.291 [AsyncHttpClient-1-6] DEBUG org.asynchttpclient.netty.channel.ChannelManager - Adding key: http://localhost:52624 for channel [id: 0x1635372b, L:/127.0.0.1:65453 - R:localhost/127.0.0.1:52624]
18:10:43.299 [Forwarding getCurrentUrl on session 0a70f8db37551f8a52b8be72772339ea to remote] DEBUG org.asynchttpclient.netty.request.NettyRequestSender - Using pooled Channel '[id: 0x1635372b, L:/127.0.0.1:65453 - R:localhost/127.0.0.1:52624]' for 'GET' to 'http://localhost:52624/session/0a70f8db37551f8a52b8be72772339ea/url'
18:10:43.299 [Forwarding getCurrentUrl on session 0a70f8db37551f8a52b8be72772339ea to remote] DEBUG org.asynchttpclient.netty.request.NettyRequestSender - Using open Channel [id: 0x1635372b, L:/127.0.0.1:65453 - R:localhost/127.0.0.1:52624] for GET '/session/0a70f8db37551f8a52b8be72772339ea/url'
18:10:43.307 [AsyncHttpClient-1-6] DEBUG org.asynchttpclient.netty.handler.HttpHandler - 

Request DefaultFullHttpRequest(decodeResult: success, version: HTTP/1.1, content: EmptyByteBufBE)
GET /session/0a70f8db37551f8a52b8be72772339ea/url HTTP/1.1
User-Agent: selenium/4.1.2 (java windows)
Cache-Control: no-cache
Content-Type: application/json; charset=utf-8
host: localhost:52624
accept: */*

Response DefaultHttpResponse(decodeResult: success, version: HTTP/1.1)
HTTP/1.1 200 OK
Content-Type: application/json; charset=utf-8
cache-control: no-cache
content-length: 31

18:10:43.307 [AsyncHttpClient-1-6] DEBUG org.asynchttpclient.netty.channel.ChannelManager - Adding key: http://localhost:52624 for channel [id: 0x1635372b, L:/127.0.0.1:65453 - R:localhost/127.0.0.1:52624]
18:10:43.310 [Forwarding getCurrentUrl on session 0a70f8db37551f8a52b8be72772339ea to remote] DEBUG org.asynchttpclient.netty.request.NettyRequestSender - Using pooled Channel '[id: 0x1635372b, L:/127.0.0.1:65453 - R:localhost/127.0.0.1:52624]' for 'GET' to 'http://localhost:52624/session/0a70f8db37551f8a52b8be72772339ea/url'
18:10:43.310 [Forwarding getCurrentUrl on session 0a70f8db37551f8a52b8be72772339ea to remote] DEBUG org.asynchttpclient.netty.request.NettyRequestSender - Using open Channel [id: 0x1635372b, L:/127.0.0.1:65453 - R:localhost/127.0.0.1:52624] for GET '/session/0a70f8db37551f8a52b8be72772339ea/url'
18:10:43.314 [AsyncHttpClient-1-6] DEBUG org.asynchttpclient.netty.handler.HttpHandler - 

Request DefaultFullHttpRequest(decodeResult: success, version: HTTP/1.1, content: EmptyByteBufBE)
GET /session/0a70f8db37551f8a52b8be72772339ea/url HTTP/1.1
User-Agent: selenium/4.1.2 (java windows)
Cache-Control: no-cache
Content-Type: application/json; charset=utf-8
host: localhost:52624
accept: */*

Response DefaultHttpResponse(decodeResult: success, version: HTTP/1.1)
HTTP/1.1 200 OK
Content-Type: application/json; charset=utf-8
cache-control: no-cache
content-length: 31

18:10:43.314 [AsyncHttpClient-1-6] DEBUG org.asynchttpclient.netty.channel.ChannelManager - Adding key: http://localhost:52624 for channel [id: 0x1635372b, L:/127.0.0.1:65453 - R:localhost/127.0.0.1:52624]
18:10:43.321 [Forwarding screenshot on session 0a70f8db37551f8a52b8be72772339ea to remote] DEBUG org.asynchttpclient.netty.request.NettyRequestSender - Using pooled Channel '[id: 0x1635372b, L:/127.0.0.1:65453 - R:localhost/127.0.0.1:52624]' for 'GET' to 'http://localhost:52624/session/0a70f8db37551f8a52b8be72772339ea/screenshot'
18:10:43.321 [Forwarding screenshot on session 0a70f8db37551f8a52b8be72772339ea to remote] DEBUG org.asynchttpclient.netty.request.NettyRequestSender - Using open Channel [id: 0x1635372b, L:/127.0.0.1:65453 - R:localhost/127.0.0.1:52624] for GET '/session/0a70f8db37551f8a52b8be72772339ea/screenshot'
18:10:43.517 [AsyncHttpClient-1-6] DEBUG org.asynchttpclient.netty.handler.HttpHandler - 

Request DefaultFullHttpRequest(decodeResult: success, version: HTTP/1.1, content: EmptyByteBufBE)
GET /session/0a70f8db37551f8a52b8be72772339ea/screenshot HTTP/1.1
User-Agent: selenium/4.1.2 (java windows)
Cache-Control: no-cache
Content-Type: application/json; charset=utf-8
host: localhost:52624
accept: */*

Response DefaultHttpResponse(decodeResult: success, version: HTTP/1.1)
HTTP/1.1 200 OK
Content-Type: application/json; charset=utf-8
cache-control: no-cache
content-length: 149540

18:10:43.518 [AsyncHttpClient-1-6] DEBUG org.asynchttpclient.netty.channel.ChannelManager - Adding key: http://localhost:52624 for channel [id: 0x1635372b, L:/127.0.0.1:65453 - R:localhost/127.0.0.1:52624]
18:10:43.526 [main] DEBUG net.serenitybdd.core.photography.Darkroom - Send negative for processing for target\site\serenity\692d473192bc739ac636f89be12b1fc4ca3e71a51e70ce7ed73fc2fdb1db37a7.png
18:10:43.527 [main] DEBUG net.thucydides.core.steps.StepInterceptor - STEP DONE: openPage
18:10:43.527 [Darkroom Processing Line] DEBUG net.serenitybdd.core.photography.DarkroomProcessingLine - Processing screenshot image in /var/screenshots/screenshot-117081984112779402
18:10:43.527 [Darkroom Processing Line] DEBUG net.serenitybdd.core.photography.DarkroomProcessingLine - Saving screenshot to target\site\serenity\692d473192bc739ac636f89be12b1fc4ca3e71a51e70ce7ed73fc2fdb1db37a7.png
18:10:43.534 [main] DEBUG net.thucydides.core.steps.StepInterceptor - STARTING STEP: BookstoreSteps.onBookstorePage - validationHomePage
18:10:43.536 [Forwarding findElement on session 0a70f8db37551f8a52b8be72772339ea to remote] DEBUG org.asynchttpclient.netty.request.NettyRequestSender - Using pooled Channel '[id: 0x1635372b, L:/127.0.0.1:65453 - R:localhost/127.0.0.1:52624]' for 'POST' to 'http://localhost:52624/session/0a70f8db37551f8a52b8be72772339ea/element'
18:10:43.536 [Forwarding findElement on session 0a70f8db37551f8a52b8be72772339ea to remote] DEBUG org.asynchttpclient.netty.request.NettyRequestSender - Using open Channel [id: 0x1635372b, L:/127.0.0.1:65453 - R:localhost/127.0.0.1:52624] for POST '/session/0a70f8db37551f8a52b8be72772339ea/element'
18:10:43.540 [AsyncHttpClient-1-6] DEBUG org.asynchttpclient.netty.handler.HttpHandler - 

Request DefaultHttpRequest(decodeResult: success, version: HTTP/1.1)
POST /session/0a70f8db37551f8a52b8be72772339ea/element HTTP/1.1
User-Agent: selenium/4.1.2 (java windows)
Content-Length: 48
Content-Type: application/json; charset=utf-8
host: localhost:52624
accept: */*

Response DefaultHttpResponse(decodeResult: success, version: HTTP/1.1)
HTTP/1.1 400 Bad Request
Content-Type: application/json; charset=utf-8
cache-control: no-cache
content-length: 957

18:10:43.540 [AsyncHttpClient-1-6] DEBUG org.asynchttpclient.netty.channel.ChannelManager - Adding key: http://localhost:52624 for channel [id: 0x1635372b, L:/127.0.0.1:65453 - R:localhost/127.0.0.1:52624]
18:10:43.542 [Forwarding findElement on session 0a70f8db37551f8a52b8be72772339ea to remote] DEBUG org.asynchttpclient.netty.request.NettyRequestSender - Using pooled Channel '[id: 0x1635372b, L:/127.0.0.1:65453 - R:localhost/127.0.0.1:52624]' for 'POST' to 'http://localhost:52624/session/0a70f8db37551f8a52b8be72772339ea/element'
18:10:43.542 [Forwarding findElement on session 0a70f8db37551f8a52b8be72772339ea to remote] DEBUG org.asynchttpclient.netty.request.NettyRequestSender - Using open Channel [id: 0x1635372b, L:/127.0.0.1:65453 - R:localhost/127.0.0.1:52624] for POST '/session/0a70f8db37551f8a52b8be72772339ea/element'
18:10:43.556 [AsyncHttpClient-1-6] DEBUG org.asynchttpclient.netty.handler.HttpHandler - 

Request DefaultHttpRequest(decodeResult: success, version: HTTP/1.1)
POST /session/0a70f8db37551f8a52b8be72772339ea/element HTTP/1.1
User-Agent: selenium/4.1.2 (java windows)
Content-Length: 58
Content-Type: application/json; charset=utf-8
host: localhost:52624
accept: */*

Response DefaultHttpResponse(decodeResult: success, version: HTTP/1.1)
HTTP/1.1 200 OK
Content-Type: application/json; charset=utf-8
cache-control: no-cache
content-length: 88

18:10:43.556 [AsyncHttpClient-1-6] DEBUG org.asynchttpclient.netty.channel.ChannelManager - Adding key: http://localhost:52624 for channel [id: 0x1635372b, L:/127.0.0.1:65453 - R:localhost/127.0.0.1:52624]
18:10:43.560 [Forwarding isElementDisplayed on session 0a70f8db37551f8a52b8be72772339ea to remote] DEBUG org.asynchttpclient.netty.request.NettyRequestSender - Using pooled Channel '[id: 0x1635372b, L:/127.0.0.1:65453 - R:localhost/127.0.0.1:52624]' for 'POST' to 'http://localhost:52624/session/0a70f8db37551f8a52b8be72772339ea/execute/sync'
18:10:43.560 [Forwarding isElementDisplayed on session 0a70f8db37551f8a52b8be72772339ea to remote] DEBUG org.asynchttpclient.netty.request.NettyRequestSender - Using open Channel [id: 0x1635372b, L:/127.0.0.1:65453 - R:localhost/127.0.0.1:52624] for POST '/session/0a70f8db37551f8a52b8be72772339ea/execute/sync'
18:10:43.620 [AsyncHttpClient-1-6] DEBUG org.asynchttpclient.netty.handler.HttpHandler - 

Request DefaultHttpRequest(decodeResult: success, version: HTTP/1.1)
POST /session/0a70f8db37551f8a52b8be72772339ea/execute/sync HTTP/1.1
User-Agent: selenium/4.1.2 (java windows)
Content-Length: 48780
Content-Type: application/json; charset=utf-8
host: localhost:52624
accept: */*

Response DefaultHttpResponse(decodeResult: success, version: HTTP/1.1)
HTTP/1.1 200 OK
Content-Type: application/json; charset=utf-8
cache-control: no-cache
content-length: 14

18:10:43.620 [AsyncHttpClient-1-6] DEBUG org.asynchttpclient.netty.channel.ChannelManager - Adding key: http://localhost:52624 for channel [id: 0x1635372b, L:/127.0.0.1:65453 - R:localhost/127.0.0.1:52624]
18:10:43.624 [Forwarding screenshot on session 0a70f8db37551f8a52b8be72772339ea to remote] DEBUG org.asynchttpclient.netty.request.NettyRequestSender - Using pooled Channel '[id: 0x1635372b, L:/127.0.0.1:65453 - R:localhost/127.0.0.1:52624]' for 'GET' to 'http://localhost:52624/session/0a70f8db37551f8a52b8be72772339ea/screenshot'
18:10:43.624 [Forwarding screenshot on session 0a70f8db37551f8a52b8be72772339ea to remote] DEBUG org.asynchttpclient.netty.request.NettyRequestSender - Using open Channel [id: 0x1635372b, L:/127.0.0.1:65453 - R:localhost/127.0.0.1:52624] for GET '/session/0a70f8db37551f8a52b8be72772339ea/screenshot'
18:10:43.762 [AsyncHttpClient-1-1] DEBUG org.asynchttpclient.netty.channel.DefaultChannelPool - Entry count for : http://localhost:65454 : 1
18:10:43.789 [AsyncHttpClient-1-6] DEBUG org.asynchttpclient.netty.handler.HttpHandler - 

Request DefaultFullHttpRequest(decodeResult: success, version: HTTP/1.1, content: EmptyByteBufBE)
GET /session/0a70f8db37551f8a52b8be72772339ea/screenshot HTTP/1.1
User-Agent: selenium/4.1.2 (java windows)
Cache-Control: no-cache
Content-Type: application/json; charset=utf-8
host: localhost:52624
accept: */*

Response DefaultHttpResponse(decodeResult: success, version: HTTP/1.1)
HTTP/1.1 200 OK
Content-Type: application/json; charset=utf-8
cache-control: no-cache
content-length: 149540

18:10:43.790 [AsyncHttpClient-1-6] DEBUG org.asynchttpclient.netty.channel.ChannelManager - Adding key: http://localhost:52624 for channel [id: 0x1635372b, L:/127.0.0.1:65453 - R:localhost/127.0.0.1:52624]
18:10:43.800 [main] DEBUG net.serenitybdd.core.photography.Darkroom - Send negative for processing for target\site\serenity\692d473192bc739ac636f89be12b1fc4ca3e71a51e70ce7ed73fc2fdb1db37a7.png
18:10:43.800 [main] DEBUG net.thucydides.core.steps.StepInterceptor - STEP DONE: validationHomePage
  &amp#27;[32mGiven &amp#27;[0m&amp#27;[32mi am on the home page&amp#27;[0m                  &amp#27;[90m# starter.stepdefenitions.BookstoreSteps.onBookstorePage()&amp#27;[0m
18:10:43.822 [main] DEBUG net.thucydides.core.steps.StepInterceptor - STARTING STEP: BookstoreSteps.clickFeatureBookstore - clickFeatureBookstore
18:10:43.828 [Forwarding findElement on session 0a70f8db37551f8a52b8be72772339ea to remote] DEBUG org.asynchttpclient.netty.request.NettyRequestSender - Using pooled Channel '[id: 0x1635372b, L:/127.0.0.1:65453 - R:localhost/127.0.0.1:52624]' for 'POST' to 'http://localhost:52624/session/0a70f8db37551f8a52b8be72772339ea/element'
18:10:43.828 [Forwarding findElement on session 0a70f8db37551f8a52b8be72772339ea to remote] DEBUG org.asynchttpclient.netty.request.NettyRequestSender - Using open Channel [id: 0x1635372b, L:/127.0.0.1:65453 - R:localhost/127.0.0.1:52624] for POST '/session/0a70f8db37551f8a52b8be72772339ea/element'
18:10:43.861 [AsyncHttpClient-1-6] DEBUG org.asynchttpclient.netty.handler.HttpHandler - 

Request DefaultHttpRequest(decodeResult: success, version: HTTP/1.1)
POST /session/0a70f8db37551f8a52b8be72772339ea/element HTTP/1.1
User-Agent: selenium/4.1.2 (java windows)
Content-Length: 86
Content-Type: application/json; charset=utf-8
host: localhost:52624
accept: */*

Response DefaultHttpResponse(decodeResult: success, version: HTTP/1.1)
HTTP/1.1 200 OK
Content-Type: application/json; charset=utf-8
cache-control: no-cache
content-length: 88

18:10:43.862 [AsyncHttpClient-1-6] DEBUG org.asynchttpclient.netty.channel.ChannelManager - Adding key: http://localhost:52624 for channel [id: 0x1635372b, L:/127.0.0.1:65453 - R:localhost/127.0.0.1:52624]
18:10:43.865 [Forwarding getElementTagName on session 0a70f8db37551f8a52b8be72772339ea to remote] DEBUG org.asynchttpclient.netty.request.NettyRequestSender - Using pooled Channel '[id: 0x1635372b, L:/127.0.0.1:65453 - R:localhost/127.0.0.1:52624]' for 'GET' to 'http://localhost:52624/session/0a70f8db37551f8a52b8be72772339ea/element/5eb279e0-3e12-4159-812d-84e998b89d52/name'
18:10:43.865 [Forwarding getElementTagName on session 0a70f8db37551f8a52b8be72772339ea to remote] DEBUG org.asynchttpclient.netty.request.NettyRequestSender - Using open Channel [id: 0x1635372b, L:/127.0.0.1:65453 - R:localhost/127.0.0.1:52624] for GET '/session/0a70f8db37551f8a52b8be72772339ea/element/5eb279e0-3e12-4159-812d-84e998b89d52/name'
18:10:43.879 [AsyncHttpClient-1-6] DEBUG org.asynchttpclient.netty.handler.HttpHandler - 

Request DefaultFullHttpRequest(decodeResult: success, version: HTTP/1.1, content: EmptyByteBufBE)
GET /session/0a70f8db37551f8a52b8be72772339ea/element/5eb279e0-3e12-4159-812d-84e998b89d52/name HTTP/1.1
User-Agent: selenium/4.1.2 (java windows)
Cache-Control: no-cache
Content-Type: application/json; charset=utf-8
host: localhost:52624
accept: */*

Response DefaultHttpResponse(decodeResult: success, version: HTTP/1.1)
HTTP/1.1 200 OK
Content-Type: application/json; charset=utf-8
cache-control: no-cache
content-length: 15

18:10:43.879 [AsyncHttpClient-1-6] DEBUG org.asynchttpclient.netty.channel.ChannelManager - Adding key: http://localhost:52624 for channel [id: 0x1635372b, L:/127.0.0.1:65453 - R:localhost/127.0.0.1:52624]
18:10:43.882 [Forwarding getElementTagName on session 0a70f8db37551f8a52b8be72772339ea to remote] DEBUG org.asynchttpclient.netty.request.NettyRequestSender - Using pooled Channel '[id: 0x1635372b, L:/127.0.0.1:65453 - R:localhost/127.0.0.1:52624]' for 'GET' to 'http://localhost:52624/session/0a70f8db37551f8a52b8be72772339ea/element/5eb279e0-3e12-4159-812d-84e998b89d52/name'
18:10:43.882 [Forwarding getElementTagName on session 0a70f8db37551f8a52b8be72772339ea to remote] DEBUG org.asynchttpclient.netty.request.NettyRequestSender - Using open Channel [id: 0x1635372b, L:/127.0.0.1:65453 - R:localhost/127.0.0.1:52624] for GET '/session/0a70f8db37551f8a52b8be72772339ea/element/5eb279e0-3e12-4159-812d-84e998b89d52/name'
18:10:43.886 [AsyncHttpClient-1-6] DEBUG org.asynchttpclient.netty.handler.HttpHandler - 

Request DefaultFullHttpRequest(decodeResult: success, version: HTTP/1.1, content: EmptyByteBufBE)
GET /session/0a70f8db37551f8a52b8be72772339ea/element/5eb279e0-3e12-4159-812d-84e998b89d52/name HTTP/1.1
User-Agent: selenium/4.1.2 (java windows)
Cache-Control: no-cache
Content-Type: application/json; charset=utf-8
host: localhost:52624
accept: */*

Response DefaultHttpResponse(decodeResult: success, version: HTTP/1.1)
HTTP/1.1 200 OK
Content-Type: application/json; charset=utf-8
cache-control: no-cache
content-length: 15

18:10:43.886 [AsyncHttpClient-1-6] DEBUG org.asynchttpclient.netty.channel.ChannelManager - Adding key: http://localhost:52624 for channel [id: 0x1635372b, L:/127.0.0.1:65453 - R:localhost/127.0.0.1:52624]
18:10:43.888 [Forwarding findElement on session 0a70f8db37551f8a52b8be72772339ea to remote] DEBUG org.asynchttpclient.netty.request.NettyRequestSender - Using pooled Channel '[id: 0x1635372b, L:/127.0.0.1:65453 - R:localhost/127.0.0.1:52624]' for 'POST' to 'http://localhost:52624/session/0a70f8db37551f8a52b8be72772339ea/element'
18:10:43.888 [Forwarding findElement on session 0a70f8db37551f8a52b8be72772339ea to remote] DEBUG org.asynchttpclient.netty.request.NettyRequestSender - Using open Channel [id: 0x1635372b, L:/127.0.0.1:65453 - R:localhost/127.0.0.1:52624] for POST '/session/0a70f8db37551f8a52b8be72772339ea/element'
18:10:43.896 [AsyncHttpClient-1-6] DEBUG org.asynchttpclient.netty.handler.HttpHandler - 

Request DefaultHttpRequest(decodeResult: success, version: HTTP/1.1)
POST /session/0a70f8db37551f8a52b8be72772339ea/element HTTP/1.1
User-Agent: selenium/4.1.2 (java windows)
Content-Length: 86
Content-Type: application/json; charset=utf-8
host: localhost:52624
accept: */*

Response DefaultHttpResponse(decodeResult: success, version: HTTP/1.1)
HTTP/1.1 200 OK
Content-Type: application/json; charset=utf-8
cache-control: no-cache
content-length: 88

18:10:43.896 [AsyncHttpClient-1-6] DEBUG org.asynchttpclient.netty.channel.ChannelManager - Adding key: http://localhost:52624 for channel [id: 0x1635372b, L:/127.0.0.1:65453 - R:localhost/127.0.0.1:52624]
18:10:43.898 [Forwarding clickElement on session 0a70f8db37551f8a52b8be72772339ea to remote] DEBUG org.asynchttpclient.netty.request.NettyRequestSender - Using pooled Channel '[id: 0x1635372b, L:/127.0.0.1:65453 - R:localhost/127.0.0.1:52624]' for 'POST' to 'http://localhost:52624/session/0a70f8db37551f8a52b8be72772339ea/element/5eb279e0-3e12-4159-812d-84e998b89d52/click'
18:10:43.898 [Forwarding clickElement on session 0a70f8db37551f8a52b8be72772339ea to remote] DEBUG org.asynchttpclient.netty.request.NettyRequestSender - Using open Channel [id: 0x1635372b, L:/127.0.0.1:65453 - R:localhost/127.0.0.1:52624] for POST '/session/0a70f8db37551f8a52b8be72772339ea/element/5eb279e0-3e12-4159-812d-84e998b89d52/click'
18:10:44.041 [AsyncHttpClient-1-6] DEBUG org.asynchttpclient.netty.handler.HttpHandler - 

Request DefaultHttpRequest(decodeResult: success, version: HTTP/1.1)
POST /session/0a70f8db37551f8a52b8be72772339ea/element/5eb279e0-3e12-4159-812d-84e998b89d52/click HTTP/1.1
User-Agent: selenium/4.1.2 (java windows)
Content-Length: 50
Content-Type: application/json; charset=utf-8
host: localhost:52624
accept: */*

Response DefaultHttpResponse(decodeResult: success, version: HTTP/1.1)
HTTP/1.1 200 OK
Content-Type: application/json; charset=utf-8
cache-control: no-cache
content-length: 14

18:10:44.042 [AsyncHttpClient-1-6] DEBUG org.asynchttpclient.netty.channel.ChannelManager - Adding key: http://localhost:52624 for channel [id: 0x1635372b, L:/127.0.0.1:65453 - R:localhost/127.0.0.1:52624]
18:10:44.054 [Forwarding screenshot on session 0a70f8db37551f8a52b8be72772339ea to remote] DEBUG org.asynchttpclient.netty.request.NettyRequestSender - Using pooled Channel '[id: 0x1635372b, L:/127.0.0.1:65453 - R:localhost/127.0.0.1:52624]' for 'GET' to 'http://localhost:52624/session/0a70f8db37551f8a52b8be72772339ea/screenshot'
18:10:44.054 [Forwarding screenshot on session 0a70f8db37551f8a52b8be72772339ea to remote] DEBUG org.asynchttpclient.netty.request.NettyRequestSender - Using open Channel [id: 0x1635372b, L:/127.0.0.1:65453 - R:localhost/127.0.0.1:52624] for GET '/session/0a70f8db37551f8a52b8be72772339ea/screenshot'
18:10:44.199 [AsyncHttpClient-1-6] DEBUG org.asynchttpclient.netty.handler.HttpHandler - 

Request DefaultFullHttpRequest(decodeResult: success, version: HTTP/1.1, content: EmptyByteBufBE)
GET /session/0a70f8db37551f8a52b8be72772339ea/screenshot HTTP/1.1
User-Agent: selenium/4.1.2 (java windows)
Cache-Control: no-cache
Content-Type: application/json; charset=utf-8
host: localhost:52624
accept: */*

Response DefaultHttpResponse(decodeResult: success, version: HTTP/1.1)
HTTP/1.1 200 OK
Content-Type: application/json; charset=utf-8
cache-control: no-cache
content-length: 68720

18:10:44.200 [AsyncHttpClient-1-6] DEBUG org.asynchttpclient.netty.channel.ChannelManager - Adding key: http://localhost:52624 for channel [id: 0x1635372b, L:/127.0.0.1:65453 - R:localhost/127.0.0.1:52624]
18:10:44.204 [main] DEBUG net.serenitybdd.core.photography.Darkroom - Send negative for processing for target\site\serenity\bafca053c2397bdb8a8650dc6c9495c5a44547d125005eb16f90f04217633bff.png
18:10:44.204 [main] DEBUG net.thucydides.core.steps.StepInterceptor - STEP DONE: clickFeatureBookstore
  &amp#27;[32mWhen &amp#27;[0m&amp#27;[32mi click feature bookstore&amp#27;[0m               &amp#27;[90m# starter.stepdefenitions.BookstoreSteps.clickFeatureBookstore()&amp#27;[0m
18:10:44.204 [Darkroom Processing Line] DEBUG net.serenitybdd.core.photography.DarkroomProcessingLine - Processing screenshot image in /var/screenshots/screenshot-8689529597751188831
18:10:44.204 [Darkroom Processing Line] DEBUG net.serenitybdd.core.photography.DarkroomProcessingLine - Saving screenshot to target\site\serenity\bafca053c2397bdb8a8650dc6c9495c5a44547d125005eb16f90f04217633bff.png
18:10:44.234 [main] DEBUG net.thucydides.core.steps.StepInterceptor - STARTING STEP: LoginSteps.clickLoginButtonInBookstore - clickLoginButtonOnBookstore
18:10:44.237 [Forwarding findElement on session 0a70f8db37551f8a52b8be72772339ea to remote] DEBUG org.asynchttpclient.netty.request.NettyRequestSender - Using pooled Channel '[id: 0x1635372b, L:/127.0.0.1:65453 - R:localhost/127.0.0.1:52624]' for 'POST' to 'http://localhost:52624/session/0a70f8db37551f8a52b8be72772339ea/element'
18:10:44.238 [Forwarding findElement on session 0a70f8db37551f8a52b8be72772339ea to remote] DEBUG org.asynchttpclient.netty.request.NettyRequestSender - Using open Channel [id: 0x1635372b, L:/127.0.0.1:65453 - R:localhost/127.0.0.1:52624] for POST '/session/0a70f8db37551f8a52b8be72772339ea/element'
18:10:44.341 [AsyncHttpClient-1-6] DEBUG org.asynchttpclient.netty.handler.HttpHandler - 

Request DefaultHttpRequest(decodeResult: success, version: HTTP/1.1)
POST /session/0a70f8db37551f8a52b8be72772339ea/element HTTP/1.1
User-Agent: selenium/4.1.2 (java windows)
Content-Length: 68
Content-Type: application/json; charset=utf-8
host: localhost:52624
accept: */*

Response DefaultHttpResponse(decodeResult: success, version: HTTP/1.1)
HTTP/1.1 200 OK
Content-Type: application/json; charset=utf-8
cache-control: no-cache
content-length: 88

18:10:44.342 [AsyncHttpClient-1-6] DEBUG org.asynchttpclient.netty.channel.ChannelManager - Adding key: http://localhost:52624 for channel [id: 0x1635372b, L:/127.0.0.1:65453 - R:localhost/127.0.0.1:52624]
18:10:44.345 [Forwarding getElementTagName on session 0a70f8db37551f8a52b8be72772339ea to remote] DEBUG org.asynchttpclient.netty.request.NettyRequestSender - Using pooled Channel '[id: 0x1635372b, L:/127.0.0.1:65453 - R:localhost/127.0.0.1:52624]' for 'GET' to 'http://localhost:52624/session/0a70f8db37551f8a52b8be72772339ea/element/dc5204ff-1a97-4018-ba21-f4726e740603/name'
18:10:44.345 [Forwarding getElementTagName on session 0a70f8db37551f8a52b8be72772339ea to remote] DEBUG org.asynchttpclient.netty.request.NettyRequestSender - Using open Channel [id: 0x1635372b, L:/127.0.0.1:65453 - R:localhost/127.0.0.1:52624] for GET '/session/0a70f8db37551f8a52b8be72772339ea/element/dc5204ff-1a97-4018-ba21-f4726e740603/name'
18:10:44.355 [AsyncHttpClient-1-6] DEBUG org.asynchttpclient.netty.handler.HttpHandler - 

Request DefaultFullHttpRequest(decodeResult: success, version: HTTP/1.1, content: EmptyByteBufBE)
GET /session/0a70f8db37551f8a52b8be72772339ea/element/dc5204ff-1a97-4018-ba21-f4726e740603/name HTTP/1.1
User-Agent: selenium/4.1.2 (java windows)
Cache-Control: no-cache
Content-Type: application/json; charset=utf-8
host: localhost:52624
accept: */*

Response DefaultHttpResponse(decodeResult: success, version: HTTP/1.1)
HTTP/1.1 200 OK
Content-Type: application/json; charset=utf-8
cache-control: no-cache
content-length: 18

18:10:44.356 [AsyncHttpClient-1-6] DEBUG org.asynchttpclient.netty.channel.ChannelManager - Adding key: http://localhost:52624 for channel [id: 0x1635372b, L:/127.0.0.1:65453 - R:localhost/127.0.0.1:52624]
18:10:44.359 [Forwarding getElementTagName on session 0a70f8db37551f8a52b8be72772339ea to remote] DEBUG org.asynchttpclient.netty.request.NettyRequestSender - Using pooled Channel '[id: 0x1635372b, L:/127.0.0.1:65453 - R:localhost/127.0.0.1:52624]' for 'GET' to 'http://localhost:52624/session/0a70f8db37551f8a52b8be72772339ea/element/dc5204ff-1a97-4018-ba21-f4726e740603/name'
18:10:44.359 [Forwarding getElementTagName on session 0a70f8db37551f8a52b8be72772339ea to remote] DEBUG org.asynchttpclient.netty.request.NettyRequestSender - Using open Channel [id: 0x1635372b, L:/127.0.0.1:65453 - R:localhost/127.0.0.1:52624] for GET '/session/0a70f8db37551f8a52b8be72772339ea/element/dc5204ff-1a97-4018-ba21-f4726e740603/name'
18:10:44.363 [AsyncHttpClient-1-6] DEBUG org.asynchttpclient.netty.handler.HttpHandler - 

Request DefaultFullHttpRequest(decodeResult: success, version: HTTP/1.1, content: EmptyByteBufBE)
GET /session/0a70f8db37551f8a52b8be72772339ea/element/dc5204ff-1a97-4018-ba21-f4726e740603/name HTTP/1.1
User-Agent: selenium/4.1.2 (java windows)
Cache-Control: no-cache
Content-Type: application/json; charset=utf-8
host: localhost:52624
accept: */*

Response DefaultHttpResponse(decodeResult: success, version: HTTP/1.1)
HTTP/1.1 200 OK
Content-Type: application/json; charset=utf-8
cache-control: no-cache
content-length: 18

18:10:44.364 [AsyncHttpClient-1-6] DEBUG org.asynchttpclient.netty.channel.ChannelManager - Adding key: http://localhost:52624 for channel [id: 0x1635372b, L:/127.0.0.1:65453 - R:localhost/127.0.0.1:52624]
18:10:44.366 [Forwarding isElementEnabled on session 0a70f8db37551f8a52b8be72772339ea to remote] DEBUG org.asynchttpclient.netty.request.NettyRequestSender - Using pooled Channel '[id: 0x1635372b, L:/127.0.0.1:65453 - R:localhost/127.0.0.1:52624]' for 'GET' to 'http://localhost:52624/session/0a70f8db37551f8a52b8be72772339ea/element/dc5204ff-1a97-4018-ba21-f4726e740603/enabled'
18:10:44.366 [Forwarding isElementEnabled on session 0a70f8db37551f8a52b8be72772339ea to remote] DEBUG org.asynchttpclient.netty.request.NettyRequestSender - Using open Channel [id: 0x1635372b, L:/127.0.0.1:65453 - R:localhost/127.0.0.1:52624] for GET '/session/0a70f8db37551f8a52b8be72772339ea/element/dc5204ff-1a97-4018-ba21-f4726e740603/enabled'
18:10:44.378 [AsyncHttpClient-1-6] DEBUG org.asynchttpclient.netty.handler.HttpHandler - 

Request DefaultFullHttpRequest(decodeResult: success, version: HTTP/1.1, content: EmptyByteBufBE)
GET /session/0a70f8db37551f8a52b8be72772339ea/element/dc5204ff-1a97-4018-ba21-f4726e740603/enabled HTTP/1.1
User-Agent: selenium/4.1.2 (java windows)
Cache-Control: no-cache
Content-Type: application/json; charset=utf-8
host: localhost:52624
accept: */*

Response DefaultHttpResponse(decodeResult: success, version: HTTP/1.1)
HTTP/1.1 200 OK
Content-Type: application/json; charset=utf-8
cache-control: no-cache
content-length: 14

18:10:44.378 [AsyncHttpClient-1-6] DEBUG org.asynchttpclient.netty.channel.ChannelManager - Adding key: http://localhost:52624 for channel [id: 0x1635372b, L:/127.0.0.1:65453 - R:localhost/127.0.0.1:52624]
18:10:44.380 [Forwarding isElementEnabled on session 0a70f8db37551f8a52b8be72772339ea to remote] DEBUG org.asynchttpclient.netty.request.NettyRequestSender - Using pooled Channel '[id: 0x1635372b, L:/127.0.0.1:65453 - R:localhost/127.0.0.1:52624]' for 'GET' to 'http://localhost:52624/session/0a70f8db37551f8a52b8be72772339ea/element/dc5204ff-1a97-4018-ba21-f4726e740603/enabled'
18:10:44.380 [Forwarding isElementEnabled on session 0a70f8db37551f8a52b8be72772339ea to remote] DEBUG org.asynchttpclient.netty.request.NettyRequestSender - Using open Channel [id: 0x1635372b, L:/127.0.0.1:65453 - R:localhost/127.0.0.1:52624] for GET '/session/0a70f8db37551f8a52b8be72772339ea/element/dc5204ff-1a97-4018-ba21-f4726e740603/enabled'
18:10:44.385 [AsyncHttpClient-1-6] DEBUG org.asynchttpclient.netty.handler.HttpHandler - 

Request DefaultFullHttpRequest(decodeResult: success, version: HTTP/1.1, content: EmptyByteBufBE)
GET /session/0a70f8db37551f8a52b8be72772339ea/element/dc5204ff-1a97-4018-ba21-f4726e740603/enabled HTTP/1.1
User-Agent: selenium/4.1.2 (java windows)
Cache-Control: no-cache
Content-Type: application/json; charset=utf-8
host: localhost:52624
accept: */*

Response DefaultHttpResponse(decodeResult: success, version: HTTP/1.1)
HTTP/1.1 200 OK
Content-Type: application/json; charset=utf-8
cache-control: no-cache
content-length: 14

18:10:44.385 [AsyncHttpClient-1-6] DEBUG org.asynchttpclient.netty.channel.ChannelManager - Adding key: http://localhost:52624 for channel [id: 0x1635372b, L:/127.0.0.1:65453 - R:localhost/127.0.0.1:52624]
18:10:44.387 [Forwarding findElement on session 0a70f8db37551f8a52b8be72772339ea to remote] DEBUG org.asynchttpclient.netty.request.NettyRequestSender - Using pooled Channel '[id: 0x1635372b, L:/127.0.0.1:65453 - R:localhost/127.0.0.1:52624]' for 'POST' to 'http://localhost:52624/session/0a70f8db37551f8a52b8be72772339ea/element'
18:10:44.387 [Forwarding findElement on session 0a70f8db37551f8a52b8be72772339ea to remote] DEBUG org.asynchttpclient.netty.request.NettyRequestSender - Using open Channel [id: 0x1635372b, L:/127.0.0.1:65453 - R:localhost/127.0.0.1:52624] for POST '/session/0a70f8db37551f8a52b8be72772339ea/element'
18:10:44.400 [AsyncHttpClient-1-6] DEBUG org.asynchttpclient.netty.handler.HttpHandler - 

Request DefaultHttpRequest(decodeResult: success, version: HTTP/1.1)
POST /session/0a70f8db37551f8a52b8be72772339ea/element HTTP/1.1
User-Agent: selenium/4.1.2 (java windows)
Content-Length: 68
Content-Type: application/json; charset=utf-8
host: localhost:52624
accept: */*

Response DefaultHttpResponse(decodeResult: success, version: HTTP/1.1)
HTTP/1.1 200 OK
Content-Type: application/json; charset=utf-8
cache-control: no-cache
content-length: 88

18:10:44.400 [AsyncHttpClient-1-6] DEBUG org.asynchttpclient.netty.channel.ChannelManager - Adding key: http://localhost:52624 for channel [id: 0x1635372b, L:/127.0.0.1:65453 - R:localhost/127.0.0.1:52624]
18:10:44.402 [Forwarding clickElement on session 0a70f8db37551f8a52b8be72772339ea to remote] DEBUG org.asynchttpclient.netty.request.NettyRequestSender - Using pooled Channel '[id: 0x1635372b, L:/127.0.0.1:65453 - R:localhost/127.0.0.1:52624]' for 'POST' to 'http://localhost:52624/session/0a70f8db37551f8a52b8be72772339ea/element/dc5204ff-1a97-4018-ba21-f4726e740603/click'
18:10:44.403 [Forwarding clickElement on session 0a70f8db37551f8a52b8be72772339ea to remote] DEBUG org.asynchttpclient.netty.request.NettyRequestSender - Using open Channel [id: 0x1635372b, L:/127.0.0.1:65453 - R:localhost/127.0.0.1:52624] for POST '/session/0a70f8db37551f8a52b8be72772339ea/element/dc5204ff-1a97-4018-ba21-f4726e740603/click'
18:10:44.488 [AsyncHttpClient-1-6] DEBUG org.asynchttpclient.netty.handler.HttpHandler - 

Request DefaultHttpRequest(decodeResult: success, version: HTTP/1.1)
POST /session/0a70f8db37551f8a52b8be72772339ea/element/dc5204ff-1a97-4018-ba21-f4726e740603/click HTTP/1.1
User-Agent: selenium/4.1.2 (java windows)
Content-Length: 50
Content-Type: application/json; charset=utf-8
host: localhost:52624
accept: */*

Response DefaultHttpResponse(decodeResult: success, version: HTTP/1.1)
HTTP/1.1 200 OK
Content-Type: application/json; charset=utf-8
cache-control: no-cache
content-length: 14

18:10:44.488 [AsyncHttpClient-1-6] DEBUG org.asynchttpclient.netty.channel.ChannelManager - Adding key: http://localhost:52624 for channel [id: 0x1635372b, L:/127.0.0.1:65453 - R:localhost/127.0.0.1:52624]
18:10:44.505 [Forwarding screenshot on session 0a70f8db37551f8a52b8be72772339ea to remote] DEBUG org.asynchttpclient.netty.request.NettyRequestSender - Using pooled Channel '[id: 0x1635372b, L:/127.0.0.1:65453 - R:localhost/127.0.0.1:52624]' for 'GET' to 'http://localhost:52624/session/0a70f8db37551f8a52b8be72772339ea/screenshot'
18:10:44.505 [Forwarding screenshot on session 0a70f8db37551f8a52b8be72772339ea to remote] DEBUG org.asynchttpclient.netty.request.NettyRequestSender - Using open Channel [id: 0x1635372b, L:/127.0.0.1:65453 - R:localhost/127.0.0.1:52624] for GET '/session/0a70f8db37551f8a52b8be72772339ea/screenshot'
18:10:44.658 [AsyncHttpClient-1-6] DEBUG org.asynchttpclient.netty.handler.HttpHandler - 

Request DefaultFullHttpRequest(decodeResult: success, version: HTTP/1.1, content: EmptyByteBufBE)
GET /session/0a70f8db37551f8a52b8be72772339ea/screenshot HTTP/1.1
User-Agent: selenium/4.1.2 (java windows)
Cache-Control: no-cache
Content-Type: application/json; charset=utf-8
host: localhost:52624
accept: */*

Response DefaultHttpResponse(decodeResult: success, version: HTTP/1.1)
HTTP/1.1 200 OK
Content-Type: application/json; charset=utf-8
cache-control: no-cache
content-length: 151420

18:10:44.659 [AsyncHttpClient-1-6] DEBUG org.asynchttpclient.netty.channel.ChannelManager - Adding key: http://localhost:52624 for channel [id: 0x1635372b, L:/127.0.0.1:65453 - R:localhost/127.0.0.1:52624]
18:10:44.666 [main] DEBUG net.serenitybdd.core.photography.Darkroom - Send negative for processing for target\site\serenity\8edd4ef5052f11834c42e5eebd22a77ff24827f3b5d296309e8bb4f19b895227.png
18:10:44.667 [main] DEBUG net.thucydides.core.steps.StepInterceptor - STEP DONE: clickLoginButtonOnBookstore
18:10:44.667 [Darkroom Processing Line] DEBUG net.serenitybdd.core.photography.DarkroomProcessingLine - Processing screenshot image in /var/screenshots/screenshot-6766489495104375423
18:10:44.667 [Darkroom Processing Line] DEBUG net.serenitybdd.core.photography.DarkroomProcessingLine - Saving screenshot to target\site\serenity\8edd4ef5052f11834c42e5eebd22a77ff24827f3b5d296309e8bb4f19b895227.png
  &amp#27;[32mAnd &amp#27;[0m&amp#27;[32mi click login button in bookstore page&amp#27;[0m   &amp#27;[90m# starter.stepdefenitions.LoginSteps.clickLoginButtonInBookstore()&amp#27;[0m
18:10:44.682 [main] DEBUG net.thucydides.core.steps.StepInterceptor - STARTING STEP: LoginSteps.onLoginPage - validationOnLoginPage
18:10:44.685 [Forwarding findElement on session 0a70f8db37551f8a52b8be72772339ea to remote] DEBUG org.asynchttpclient.netty.request.NettyRequestSender - Using pooled Channel '[id: 0x1635372b, L:/127.0.0.1:65453 - R:localhost/127.0.0.1:52624]' for 'POST' to 'http://localhost:52624/session/0a70f8db37551f8a52b8be72772339ea/element'
18:10:44.685 [Forwarding findElement on session 0a70f8db37551f8a52b8be72772339ea to remote] DEBUG org.asynchttpclient.netty.request.NettyRequestSender - Using open Channel [id: 0x1635372b, L:/127.0.0.1:65453 - R:localhost/127.0.0.1:52624] for POST '/session/0a70f8db37551f8a52b8be72772339ea/element'
18:10:44.698 [AsyncHttpClient-1-6] DEBUG org.asynchttpclient.netty.handler.HttpHandler - 

Request DefaultHttpRequest(decodeResult: success, version: HTTP/1.1)
POST /session/0a70f8db37551f8a52b8be72772339ea/element HTTP/1.1
User-Agent: selenium/4.1.2 (java windows)
Content-Length: 53
Content-Type: application/json; charset=utf-8
host: localhost:52624
accept: */*

Response DefaultHttpResponse(decodeResult: success, version: HTTP/1.1)
HTTP/1.1 200 OK
Content-Type: application/json; charset=utf-8
cache-control: no-cache
content-length: 88

18:10:44.698 [AsyncHttpClient-1-6] DEBUG org.asynchttpclient.netty.channel.ChannelManager - Adding key: http://localhost:52624 for channel [id: 0x1635372b, L:/127.0.0.1:65453 - R:localhost/127.0.0.1:52624]
18:10:44.702 [Forwarding isElementDisplayed on session 0a70f8db37551f8a52b8be72772339ea to remote] DEBUG org.asynchttpclient.netty.request.NettyRequestSender - Using pooled Channel '[id: 0x1635372b, L:/127.0.0.1:65453 - R:localhost/127.0.0.1:52624]' for 'POST' to 'http://localhost:52624/session/0a70f8db37551f8a52b8be72772339ea/execute/sync'
18:10:44.702 [Forwarding isElementDisplayed on session 0a70f8db37551f8a52b8be72772339ea to remote] DEBUG org.asynchttpclient.netty.request.NettyRequestSender - Using open Channel [id: 0x1635372b, L:/127.0.0.1:65453 - R:localhost/127.0.0.1:52624] for POST '/session/0a70f8db37551f8a52b8be72772339ea/execute/sync'
18:10:44.718 [AsyncHttpClient-1-6] DEBUG org.asynchttpclient.netty.handler.HttpHandler - 

Request DefaultHttpRequest(decodeResult: success, version: HTTP/1.1)
POST /session/0a70f8db37551f8a52b8be72772339ea/execute/sync HTTP/1.1
User-Agent: selenium/4.1.2 (java windows)
Content-Length: 48780
Content-Type: application/json; charset=utf-8
host: localhost:52624
accept: */*

Response DefaultHttpResponse(decodeResult: success, version: HTTP/1.1)
HTTP/1.1 200 OK
Content-Type: application/json; charset=utf-8
cache-control: no-cache
content-length: 14

18:10:44.718 [AsyncHttpClient-1-6] DEBUG org.asynchttpclient.netty.channel.ChannelManager - Adding key: http://localhost:52624 for channel [id: 0x1635372b, L:/127.0.0.1:65453 - R:localhost/127.0.0.1:52624]
18:10:44.723 [Forwarding screenshot on session 0a70f8db37551f8a52b8be72772339ea to remote] DEBUG org.asynchttpclient.netty.request.NettyRequestSender - Using pooled Channel '[id: 0x1635372b, L:/127.0.0.1:65453 - R:localhost/127.0.0.1:52624]' for 'GET' to 'http://localhost:52624/session/0a70f8db37551f8a52b8be72772339ea/screenshot'
18:10:44.723 [Forwarding screenshot on session 0a70f8db37551f8a52b8be72772339ea to remote] DEBUG org.asynchttpclient.netty.request.NettyRequestSender - Using open Channel [id: 0x1635372b, L:/127.0.0.1:65453 - R:localhost/127.0.0.1:52624] for GET '/session/0a70f8db37551f8a52b8be72772339ea/screenshot'
18:10:44.865 [AsyncHttpClient-1-1] DEBUG org.asynchttpclient.netty.channel.DefaultChannelPool - Entry count for : http://localhost:65454 : 1
18:10:44.924 [AsyncHttpClient-1-6] DEBUG org.asynchttpclient.netty.handler.HttpHandler - 

Request DefaultFullHttpRequest(decodeResult: success, version: HTTP/1.1, content: EmptyByteBufBE)
GET /session/0a70f8db37551f8a52b8be72772339ea/screenshot HTTP/1.1
User-Agent: selenium/4.1.2 (java windows)
Cache-Control: no-cache
Content-Type: application/json; charset=utf-8
host: localhost:52624
accept: */*

Response DefaultHttpResponse(decodeResult: success, version: HTTP/1.1)
HTTP/1.1 200 OK
Content-Type: application/json; charset=utf-8
cache-control: no-cache
content-length: 151420

18:10:44.925 [AsyncHttpClient-1-6] DEBUG org.asynchttpclient.netty.channel.ChannelManager - Adding key: http://localhost:52624 for channel [id: 0x1635372b, L:/127.0.0.1:65453 - R:localhost/127.0.0.1:52624]
18:10:44.935 [main] DEBUG net.serenitybdd.core.photography.Darkroom - Send negative for processing for target\site\serenity\8edd4ef5052f11834c42e5eebd22a77ff24827f3b5d296309e8bb4f19b895227.png
18:10:44.935 [main] DEBUG net.thucydides.core.steps.StepInterceptor - STEP DONE: validationOnLoginPage
  &amp#27;[32mGiven &amp#27;[0m&amp#27;[32mi am on the login page&amp#27;[0m                 &amp#27;[90m# starter.stepdefenitions.LoginSteps.onLoginPage()&amp#27;[0m
18:10:44.951 [main] DEBUG net.thucydides.core.steps.StepInterceptor - STARTING STEP: LoginSteps.inputValidUsername - inputUsername
18:10:44.956 [Forwarding findElement on session 0a70f8db37551f8a52b8be72772339ea to remote] DEBUG org.asynchttpclient.netty.request.NettyRequestSender - Using pooled Channel '[id: 0x1635372b, L:/127.0.0.1:65453 - R:localhost/127.0.0.1:52624]' for 'POST' to 'http://localhost:52624/session/0a70f8db37551f8a52b8be72772339ea/element'
18:10:44.956 [Forwarding findElement on session 0a70f8db37551f8a52b8be72772339ea to remote] DEBUG org.asynchttpclient.netty.request.NettyRequestSender - Using open Channel [id: 0x1635372b, L:/127.0.0.1:65453 - R:localhost/127.0.0.1:52624] for POST '/session/0a70f8db37551f8a52b8be72772339ea/element'
18:10:44.969 [AsyncHttpClient-1-6] DEBUG org.asynchttpclient.netty.handler.HttpHandler - 

Request DefaultHttpRequest(decodeResult: success, version: HTTP/1.1)
POST /session/0a70f8db37551f8a52b8be72772339ea/element HTTP/1.1
User-Agent: selenium/4.1.2 (java windows)
Content-Length: 70
Content-Type: application/json; charset=utf-8
host: localhost:52624
accept: */*

Response DefaultHttpResponse(decodeResult: success, version: HTTP/1.1)
HTTP/1.1 200 OK
Content-Type: application/json; charset=utf-8
cache-control: no-cache
content-length: 88

18:10:44.969 [AsyncHttpClient-1-6] DEBUG org.asynchttpclient.netty.channel.ChannelManager - Adding key: http://localhost:52624 for channel [id: 0x1635372b, L:/127.0.0.1:65453 - R:localhost/127.0.0.1:52624]
18:10:44.971 [Forwarding clearElement on session 0a70f8db37551f8a52b8be72772339ea to remote] DEBUG org.asynchttpclient.netty.request.NettyRequestSender - Using pooled Channel '[id: 0x1635372b, L:/127.0.0.1:65453 - R:localhost/127.0.0.1:52624]' for 'POST' to 'http://localhost:52624/session/0a70f8db37551f8a52b8be72772339ea/element/fde14eda-bdb0-4e3a-835f-02254eaa3174/clear'
18:10:44.971 [Forwarding clearElement on session 0a70f8db37551f8a52b8be72772339ea to remote] DEBUG org.asynchttpclient.netty.request.NettyRequestSender - Using open Channel [id: 0x1635372b, L:/127.0.0.1:65453 - R:localhost/127.0.0.1:52624] for POST '/session/0a70f8db37551f8a52b8be72772339ea/element/fde14eda-bdb0-4e3a-835f-02254eaa3174/clear'
18:10:45.005 [AsyncHttpClient-1-6] DEBUG org.asynchttpclient.netty.handler.HttpHandler - 

Request DefaultHttpRequest(decodeResult: success, version: HTTP/1.1)
POST /session/0a70f8db37551f8a52b8be72772339ea/element/fde14eda-bdb0-4e3a-835f-02254eaa3174/clear HTTP/1.1
User-Agent: selenium/4.1.2 (java windows)
Content-Length: 50
Content-Type: application/json; charset=utf-8
host: localhost:52624
accept: */*

Response DefaultHttpResponse(decodeResult: success, version: HTTP/1.1)
HTTP/1.1 200 OK
Content-Type: application/json; charset=utf-8
cache-control: no-cache
content-length: 14

18:10:45.006 [AsyncHttpClient-1-6] DEBUG org.asynchttpclient.netty.channel.ChannelManager - Adding key: http://localhost:52624 for channel [id: 0x1635372b, L:/127.0.0.1:65453 - R:localhost/127.0.0.1:52624]
18:10:45.008 [Forwarding sendKeysToElement on session 0a70f8db37551f8a52b8be72772339ea to remote] DEBUG org.asynchttpclient.netty.request.NettyRequestSender - Using pooled Channel '[id: 0x1635372b, L:/127.0.0.1:65453 - R:localhost/127.0.0.1:52624]' for 'POST' to 'http://localhost:52624/session/0a70f8db37551f8a52b8be72772339ea/element/fde14eda-bdb0-4e3a-835f-02254eaa3174/value'
18:10:45.008 [Forwarding sendKeysToElement on session 0a70f8db37551f8a52b8be72772339ea to remote] DEBUG org.asynchttpclient.netty.request.NettyRequestSender - Using open Channel [id: 0x1635372b, L:/127.0.0.1:65453 - R:localhost/127.0.0.1:52624] for POST '/session/0a70f8db37551f8a52b8be72772339ea/element/fde14eda-bdb0-4e3a-835f-02254eaa3174/value'
18:10:45.090 [AsyncHttpClient-1-6] DEBUG org.asynchttpclient.netty.handler.HttpHandler - 

Request DefaultHttpRequest(decodeResult: success, version: HTTP/1.1)
POST /session/0a70f8db37551f8a52b8be72772339ea/element/fde14eda-bdb0-4e3a-835f-02254eaa3174/value HTTP/1.1
User-Agent: selenium/4.1.2 (java windows)
Content-Length: 141
Content-Type: application/json; charset=utf-8
host: localhost:52624
accept: */*

Response DefaultHttpResponse(decodeResult: success, version: HTTP/1.1)
HTTP/1.1 200 OK
Content-Type: application/json; charset=utf-8
cache-control: no-cache
content-length: 14

18:10:45.091 [AsyncHttpClient-1-6] DEBUG org.asynchttpclient.netty.channel.ChannelManager - Adding key: http://localhost:52624 for channel [id: 0x1635372b, L:/127.0.0.1:65453 - R:localhost/127.0.0.1:52624]
18:10:45.103 [Forwarding screenshot on session 0a70f8db37551f8a52b8be72772339ea to remote] DEBUG org.asynchttpclient.netty.request.NettyRequestSender - Using pooled Channel '[id: 0x1635372b, L:/127.0.0.1:65453 - R:localhost/127.0.0.1:52624]' for 'GET' to 'http://localhost:52624/session/0a70f8db37551f8a52b8be72772339ea/screenshot'
18:10:45.103 [Forwarding screenshot on session 0a70f8db37551f8a52b8be72772339ea to remote] DEBUG org.asynchttpclient.netty.request.NettyRequestSender - Using open Channel [id: 0x1635372b, L:/127.0.0.1:65453 - R:localhost/127.0.0.1:52624] for GET '/session/0a70f8db37551f8a52b8be72772339ea/screenshot'
18:10:45.267 [AsyncHttpClient-1-6] DEBUG org.asynchttpclient.netty.handler.HttpHandler - 

Request DefaultFullHttpRequest(decodeResult: success, version: HTTP/1.1, content: EmptyByteBufBE)
GET /session/0a70f8db37551f8a52b8be72772339ea/screenshot HTTP/1.1
User-Agent: selenium/4.1.2 (java windows)
Cache-Control: no-cache
Content-Type: application/json; charset=utf-8
host: localhost:52624
accept: */*

Response DefaultHttpResponse(decodeResult: success, version: HTTP/1.1)
HTTP/1.1 200 OK
Content-Type: application/json; charset=utf-8
cache-control: no-cache
content-length: 151772

18:10:45.268 [AsyncHttpClient-1-6] DEBUG org.asynchttpclient.netty.channel.ChannelManager - Adding key: http://localhost:52624 for channel [id: 0x1635372b, L:/127.0.0.1:65453 - R:localhost/127.0.0.1:52624]
18:10:45.278 [main] DEBUG net.serenitybdd.core.photography.Darkroom - Send negative for processing for target\site\serenity\d7932f0c5304fe1bd07a69b3d3d9cb00953c7b6f5b903292fbee601824c01632.png
18:10:45.278 [main] DEBUG net.thucydides.core.steps.StepInterceptor - STEP DONE: inputUsername
  &amp#27;[32mWhen &amp#27;[0m&amp#27;[32mi input valid username&amp#27;[0m                  &amp#27;[90m# starter.stepdefenitions.LoginSteps.inputValidUsername()&amp#27;[0m
18:10:45.279 [Darkroom Processing Line] DEBUG net.serenitybdd.core.photography.DarkroomProcessingLine - Processing screenshot image in /var/screenshots/screenshot-7617423201410751513
18:10:45.279 [Darkroom Processing Line] DEBUG net.serenitybdd.core.photography.DarkroomProcessingLine - Saving screenshot to target\site\serenity\d7932f0c5304fe1bd07a69b3d3d9cb00953c7b6f5b903292fbee601824c01632.png
18:10:45.295 [main] DEBUG net.thucydides.core.steps.StepInterceptor - STARTING STEP: LoginSteps.inputInvalidPassword - inputInvalidPassword
18:10:45.397 [Forwarding findElement on session 0a70f8db37551f8a52b8be72772339ea to remote] DEBUG org.asynchttpclient.netty.request.NettyRequestSender - Using pooled Channel '[id: 0x1635372b, L:/127.0.0.1:65453 - R:localhost/127.0.0.1:52624]' for 'POST' to 'http://localhost:52624/session/0a70f8db37551f8a52b8be72772339ea/element'
18:10:45.397 [Forwarding findElement on session 0a70f8db37551f8a52b8be72772339ea to remote] DEBUG org.asynchttpclient.netty.request.NettyRequestSender - Using open Channel [id: 0x1635372b, L:/127.0.0.1:65453 - R:localhost/127.0.0.1:52624] for POST '/session/0a70f8db37551f8a52b8be72772339ea/element'
18:10:45.409 [AsyncHttpClient-1-6] DEBUG org.asynchttpclient.netty.handler.HttpHandler - 

Request DefaultHttpRequest(decodeResult: success, version: HTTP/1.1)
POST /session/0a70f8db37551f8a52b8be72772339ea/element HTTP/1.1
User-Agent: selenium/4.1.2 (java windows)
Content-Length: 70
Content-Type: application/json; charset=utf-8
host: localhost:52624
accept: */*

Response DefaultHttpResponse(decodeResult: success, version: HTTP/1.1)
HTTP/1.1 200 OK
Content-Type: application/json; charset=utf-8
cache-control: no-cache
content-length: 88

18:10:45.409 [AsyncHttpClient-1-6] DEBUG org.asynchttpclient.netty.channel.ChannelManager - Adding key: http://localhost:52624 for channel [id: 0x1635372b, L:/127.0.0.1:65453 - R:localhost/127.0.0.1:52624]
18:10:45.410 [Forwarding clearElement on session 0a70f8db37551f8a52b8be72772339ea to remote] DEBUG org.asynchttpclient.netty.request.NettyRequestSender - Using pooled Channel '[id: 0x1635372b, L:/127.0.0.1:65453 - R:localhost/127.0.0.1:52624]' for 'POST' to 'http://localhost:52624/session/0a70f8db37551f8a52b8be72772339ea/element/8275b11a-2164-4a7d-830d-06ca172335a2/clear'
18:10:45.410 [Forwarding clearElement on session 0a70f8db37551f8a52b8be72772339ea to remote] DEBUG org.asynchttpclient.netty.request.NettyRequestSender - Using open Channel [id: 0x1635372b, L:/127.0.0.1:65453 - R:localhost/127.0.0.1:52624] for POST '/session/0a70f8db37551f8a52b8be72772339ea/element/8275b11a-2164-4a7d-830d-06ca172335a2/clear'
18:10:45.445 [AsyncHttpClient-1-6] DEBUG org.asynchttpclient.netty.handler.HttpHandler - 

Request DefaultHttpRequest(decodeResult: success, version: HTTP/1.1)
POST /session/0a70f8db37551f8a52b8be72772339ea/element/8275b11a-2164-4a7d-830d-06ca172335a2/clear HTTP/1.1
User-Agent: selenium/4.1.2 (java windows)
Content-Length: 50
Content-Type: application/json; charset=utf-8
host: localhost:52624
accept: */*

Response DefaultHttpResponse(decodeResult: success, version: HTTP/1.1)
HTTP/1.1 200 OK
Content-Type: application/json; charset=utf-8
cache-control: no-cache
content-length: 14

18:10:45.445 [AsyncHttpClient-1-6] DEBUG org.asynchttpclient.netty.channel.ChannelManager - Adding key: http://localhost:52624 for channel [id: 0x1635372b, L:/127.0.0.1:65453 - R:localhost/127.0.0.1:52624]
18:10:45.448 [Forwarding sendKeysToElement on session 0a70f8db37551f8a52b8be72772339ea to remote] DEBUG org.asynchttpclient.netty.request.NettyRequestSender - Using pooled Channel '[id: 0x1635372b, L:/127.0.0.1:65453 - R:localhost/127.0.0.1:52624]' for 'POST' to 'http://localhost:52624/session/0a70f8db37551f8a52b8be72772339ea/element/8275b11a-2164-4a7d-830d-06ca172335a2/value'
18:10:45.448 [Forwarding sendKeysToElement on session 0a70f8db37551f8a52b8be72772339ea to remote] DEBUG org.asynchttpclient.netty.request.NettyRequestSender - Using open Channel [id: 0x1635372b, L:/127.0.0.1:65453 - R:localhost/127.0.0.1:52624] for POST '/session/0a70f8db37551f8a52b8be72772339ea/element/8275b11a-2164-4a7d-830d-06ca172335a2/value'
18:10:45.551 [AsyncHttpClient-1-6] DEBUG org.asynchttpclient.netty.handler.HttpHandler - 

Request DefaultHttpRequest(decodeResult: success, version: HTTP/1.1)
POST /session/0a70f8db37551f8a52b8be72772339ea/element/8275b11a-2164-4a7d-830d-06ca172335a2/value HTTP/1.1
User-Agent: selenium/4.1.2 (java windows)
Content-Length: 191
Content-Type: application/json; charset=utf-8
host: localhost:52624
accept: */*

Response DefaultHttpResponse(decodeResult: success, version: HTTP/1.1)
HTTP/1.1 200 OK
Content-Type: application/json; charset=utf-8
cache-control: no-cache
content-length: 14

18:10:45.552 [AsyncHttpClient-1-6] DEBUG org.asynchttpclient.netty.channel.ChannelManager - Adding key: http://localhost:52624 for channel [id: 0x1635372b, L:/127.0.0.1:65453 - R:localhost/127.0.0.1:52624]
18:10:45.559 [Forwarding screenshot on session 0a70f8db37551f8a52b8be72772339ea to remote] DEBUG org.asynchttpclient.netty.request.NettyRequestSender - Using pooled Channel '[id: 0x1635372b, L:/127.0.0.1:65453 - R:localhost/127.0.0.1:52624]' for 'GET' to 'http://localhost:52624/session/0a70f8db37551f8a52b8be72772339ea/screenshot'
18:10:45.559 [Forwarding screenshot on session 0a70f8db37551f8a52b8be72772339ea to remote] DEBUG org.asynchttpclient.netty.request.NettyRequestSender - Using open Channel [id: 0x1635372b, L:/127.0.0.1:65453 - R:localhost/127.0.0.1:52624] for GET '/session/0a70f8db37551f8a52b8be72772339ea/screenshot'
18:10:45.778 [AsyncHttpClient-1-6] DEBUG org.asynchttpclient.netty.handler.HttpHandler - 

Request DefaultFullHttpRequest(decodeResult: success, version: HTTP/1.1, content: EmptyByteBufBE)
GET /session/0a70f8db37551f8a52b8be72772339ea/screenshot HTTP/1.1
User-Agent: selenium/4.1.2 (java windows)
Cache-Control: no-cache
Content-Type: application/json; charset=utf-8
host: localhost:52624
accept: */*

Response DefaultHttpResponse(decodeResult: success, version: HTTP/1.1)
HTTP/1.1 200 OK
Content-Type: application/json; charset=utf-8
cache-control: no-cache
content-length: 150720

18:10:45.779 [AsyncHttpClient-1-6] DEBUG org.asynchttpclient.netty.channel.ChannelManager - Adding key: http://localhost:52624 for channel [id: 0x1635372b, L:/127.0.0.1:65453 - R:localhost/127.0.0.1:52624]
18:10:45.786 [main] DEBUG net.serenitybdd.core.photography.Darkroom - Send negative for processing for target\site\serenity\73838206d2afb4e24d6a4fb1c2cea6d4780a0d518b3f2739391bfb5783c79ad7.png
18:10:45.786 [main] DEBUG net.thucydides.core.steps.StepInterceptor - STEP DONE: inputInvalidPassword
  &amp#27;[32mAnd &amp#27;[0m&amp#27;[32mi input invalid password&amp#27;[0m                 &amp#27;[90m# starter.stepdefenitions.LoginSteps.inputInvalidPassword()&amp#27;[0m
18:10:45.786 [Darkroom Processing Line] DEBUG net.serenitybdd.core.photography.DarkroomProcessingLine - Processing screenshot image in /var/screenshots/screenshot-1551990480308815507
18:10:45.786 [Darkroom Processing Line] DEBUG net.serenitybdd.core.photography.DarkroomProcessingLine - Saving screenshot to target\site\serenity\73838206d2afb4e24d6a4fb1c2cea6d4780a0d518b3f2739391bfb5783c79ad7.png
18:10:45.802 [main] DEBUG net.thucydides.core.steps.StepInterceptor - STARTING STEP: LoginSteps.clickLoginButton - clickLoginButton
18:10:45.805 [main] DEBUG net.thucydides.core.steps.StepInterceptor - STEP DONE: clickLoginButton
  &amp#27;[32mAnd &amp#27;[0m&amp#27;[32mi click login button&amp#27;[0m                     &amp#27;[90m# starter.stepdefenitions.LoginSteps.clickLoginButton()&amp#27;[0m
18:10:45.819 [main] DEBUG net.thucydides.core.steps.StepInterceptor - STARTING STEP: LoginSteps.appearErrorMessage - appearErrorMessage
18:10:45.821 [Forwarding findElement on session 0a70f8db37551f8a52b8be72772339ea to remote] DEBUG org.asynchttpclient.netty.request.NettyRequestSender - Using pooled Channel '[id: 0x1635372b, L:/127.0.0.1:65453 - R:localhost/127.0.0.1:52624]' for 'POST' to 'http://localhost:52624/session/0a70f8db37551f8a52b8be72772339ea/element'
18:10:45.821 [Forwarding findElement on session 0a70f8db37551f8a52b8be72772339ea to remote] DEBUG org.asynchttpclient.netty.request.NettyRequestSender - Using open Channel [id: 0x1635372b, L:/127.0.0.1:65453 - R:localhost/127.0.0.1:52624] for POST '/session/0a70f8db37551f8a52b8be72772339ea/element'
18:10:45.854 [AsyncHttpClient-1-6] DEBUG org.asynchttpclient.netty.handler.HttpHandler - 

Request DefaultHttpRequest(decodeResult: success, version: HTTP/1.1)
POST /session/0a70f8db37551f8a52b8be72772339ea/element HTTP/1.1
User-Agent: selenium/4.1.2 (java windows)
Content-Length: 73
Content-Type: application/json; charset=utf-8
host: localhost:52624
accept: */*

Response DefaultHttpResponse(decodeResult: success, version: HTTP/1.1)
HTTP/1.1 200 OK
Content-Type: application/json; charset=utf-8
cache-control: no-cache
content-length: 88

18:10:45.855 [AsyncHttpClient-1-6] DEBUG org.asynchttpclient.netty.channel.ChannelManager - Adding key: http://localhost:52624 for channel [id: 0x1635372b, L:/127.0.0.1:65453 - R:localhost/127.0.0.1:52624]
18:10:45.859 [Forwarding isElementDisplayed on session 0a70f8db37551f8a52b8be72772339ea to remote] DEBUG org.asynchttpclient.netty.request.NettyRequestSender - Using pooled Channel '[id: 0x1635372b, L:/127.0.0.1:65453 - R:localhost/127.0.0.1:52624]' for 'POST' to 'http://localhost:52624/session/0a70f8db37551f8a52b8be72772339ea/execute/sync'
18:10:45.859 [Forwarding isElementDisplayed on session 0a70f8db37551f8a52b8be72772339ea to remote] DEBUG org.asynchttpclient.netty.request.NettyRequestSender - Using open Channel [id: 0x1635372b, L:/127.0.0.1:65453 - R:localhost/127.0.0.1:52624] for POST '/session/0a70f8db37551f8a52b8be72772339ea/execute/sync'
18:10:45.872 [AsyncHttpClient-1-6] DEBUG org.asynchttpclient.netty.handler.HttpHandler - 

Request DefaultHttpRequest(decodeResult: success, version: HTTP/1.1)
POST /session/0a70f8db37551f8a52b8be72772339ea/execute/sync HTTP/1.1
User-Agent: selenium/4.1.2 (java windows)
Content-Length: 48780
Content-Type: application/json; charset=utf-8
host: localhost:52624
accept: */*

Response DefaultHttpResponse(decodeResult: success, version: HTTP/1.1)
HTTP/1.1 200 OK
Content-Type: application/json; charset=utf-8
cache-control: no-cache
content-length: 15

18:10:45.872 [AsyncHttpClient-1-6] DEBUG org.asynchttpclient.netty.channel.ChannelManager - Adding key: http://localhost:52624 for channel [id: 0x1635372b, L:/127.0.0.1:65453 - R:localhost/127.0.0.1:52624]
18:10:45.878 [Forwarding screenshot on session 0a70f8db37551f8a52b8be72772339ea to remote] DEBUG org.asynchttpclient.netty.request.NettyRequestSender - Using pooled Channel '[id: 0x1635372b, L:/127.0.0.1:65453 - R:localhost/127.0.0.1:52624]' for 'GET' to 'http://localhost:52624/session/0a70f8db37551f8a52b8be72772339ea/screenshot'
18:10:45.878 [Forwarding screenshot on session 0a70f8db37551f8a52b8be72772339ea to remote] DEBUG org.asynchttpclient.netty.request.NettyRequestSender - Using open Channel [id: 0x1635372b, L:/127.0.0.1:65453 - R:localhost/127.0.0.1:52624] for GET '/session/0a70f8db37551f8a52b8be72772339ea/screenshot'
18:10:45.968 [AsyncHttpClient-1-1] DEBUG org.asynchttpclient.netty.channel.DefaultChannelPool - Entry count for : http://localhost:65454 : 1
18:10:46.079 [AsyncHttpClient-1-6] DEBUG org.asynchttpclient.netty.handler.HttpHandler - 

Request DefaultFullHttpRequest(decodeResult: success, version: HTTP/1.1, content: EmptyByteBufBE)
GET /session/0a70f8db37551f8a52b8be72772339ea/screenshot HTTP/1.1
User-Agent: selenium/4.1.2 (java windows)
Cache-Control: no-cache
Content-Type: application/json; charset=utf-8
host: localhost:52624
accept: */*

Response DefaultHttpResponse(decodeResult: success, version: HTTP/1.1)
HTTP/1.1 200 OK
Content-Type: application/json; charset=utf-8
cache-control: no-cache
content-length: 150696

18:10:46.080 [AsyncHttpClient-1-6] DEBUG org.asynchttpclient.netty.channel.ChannelManager - Adding key: http://localhost:52624 for channel [id: 0x1635372b, L:/127.0.0.1:65453 - R:localhost/127.0.0.1:52624]
18:10:46.087 [main] DEBUG net.serenitybdd.core.photography.Darkroom - Send negative for processing for target\site\serenity\3bdc8dd11b77068aca5c295d05eccfe65e339a5b78770d75b7f1be6af7ca4265.png
18:10:46.087 [main] DEBUG net.thucydides.core.steps.StepInterceptor - STEP DONE: appearErrorMessage
  &amp#27;[32mThen &amp#27;[0m&amp#27;[32mi failed to login and get error message&amp#27;[0m &amp#27;[90m# starter.stepdefenitions.LoginSteps.appearErrorMessage()&amp#27;[0m
18:10:46.087 [Darkroom Processing Line] DEBUG net.serenitybdd.core.photography.DarkroomProcessingLine - Processing screenshot image in /var/screenshots/screenshot-3352170625467926653
18:10:46.087 [Darkroom Processing Line] DEBUG net.serenitybdd.core.photography.DarkroomProcessingLine - Saving screenshot to target\site\serenity\3bdc8dd11b77068aca5c295d05eccfe65e339a5b78770d75b7f1be6af7ca4265.png
18:10:46.094 [main] INFO  - 
  _____   ___   ___   _____     ___     _     ___   ___   ___   ___  
 |_   _| | __| / __| |_   _|   | _ \   /_\   / __| / __| | __| |   \ 
   | |   | _|  \__ \   | |     |  _/  / _ \  \__ \ \__ \ | _|  | |) |
   |_|   |___| |___/   |_|     |_|   /_/ \_\ |___/ |___/ |___| |___/ 

As user i have failed to login
----------------------------------------------------------------------
18:10:46.095 [AsyncHttpClient-1-8] DEBUG org.asynchttpclient.netty.handler.WebSocketHandler - Channel Closed: [id: 0xb9fc138e, L:/127.0.0.1:65461 ! R:localhost/127.0.0.1:65454] with attribute NettyResponseFuture{currentRetry=5,
	isDone=1,
	isCancelled=0,
	asyncHandler=org.asynchttpclient.ws.WebSocketUpgradeHandler@335cee01,
	nettyRequest=org.asynchttpclient.netty.request.NettyRequest@6d459ae7,
	future=java.util.concurrent.CompletableFuture@2bb7a3ea[Completed normally],
	uri=ws://localhost:65454/devtools/browser/2bc4810e-f1ed-4b73-80e3-608b30384362,
	keepAlive=true,
	redirectCount=0,
	timeoutsHolder=null,
	inAuth=0,
	touch=1649761835286}
18:10:46.095 [AsyncHttpClient-1-8] DEBUG org.asynchttpclient.netty.channel.ChannelManager - Closing Channel [id: 0xb9fc138e, L:/127.0.0.1:65461 ! R:localhost/127.0.0.1:65454] 
18:10:46.096 [Driver Command Executor] DEBUG org.asynchttpclient.netty.request.NettyRequestSender - Using pooled Channel '[id: 0x1635372b, L:/127.0.0.1:65453 - R:localhost/127.0.0.1:52624]' for 'DELETE' to 'http://localhost:52624/session/0a70f8db37551f8a52b8be72772339ea'
18:10:46.096 [Driver Command Executor] DEBUG org.asynchttpclient.netty.request.NettyRequestSender - Using open Channel [id: 0x1635372b, L:/127.0.0.1:65453 - R:localhost/127.0.0.1:52624] for DELETE '/session/0a70f8db37551f8a52b8be72772339ea'
18:10:46.278 [AsyncHttpClient-1-7] DEBUG org.asynchttpclient.netty.handler.HttpHandler - Unexpected I/O exception on channel [id: 0x346baa53, L:/127.0.0.1:65460 - R:localhost/127.0.0.1:65454]
java.io.IOException: An existing connection was forcibly closed by the remote host
	at sun.nio.ch.SocketDispatcher.read0(Native Method)
	at sun.nio.ch.SocketDispatcher.read(SocketDispatcher.java:43)
	at sun.nio.ch.IOUtil.readIntoNativeBuffer(IOUtil.java:223)
	at sun.nio.ch.IOUtil.read(IOUtil.java:192)
	at sun.nio.ch.SocketChannelImpl.read(SocketChannelImpl.java:378)
	at io.netty.buffer.PooledByteBuf.setBytes(PooledByteBuf.java:258)
	at io.netty.buffer.AbstractByteBuf.writeBytes(AbstractByteBuf.java:1132)
	at io.netty.channel.socket.nio.NioSocketChannel.doReadBytes(NioSocketChannel.java:350)
	at io.netty.channel.nio.AbstractNioByteChannel$NioByteUnsafe.read(AbstractNioByteChannel.java:151)
	at io.netty.channel.nio.NioEventLoop.processSelectedKey(NioEventLoop.java:722)
	at io.netty.channel.nio.NioEventLoop.processSelectedKeysOptimized(NioEventLoop.java:658)
	at io.netty.channel.nio.NioEventLoop.processSelectedKeys(NioEventLoop.java:584)
	at io.netty.channel.nio.NioEventLoop.run(NioEventLoop.java:496)
	at io.netty.util.concurrent.SingleThreadEventExecutor$4.run(SingleThreadEventExecutor.java:986)
	at io.netty.util.internal.ThreadExecutorMap$2.run(ThreadExecutorMap.java:74)
	at io.netty.util.concurrent.FastThreadLocalRunnable.run(FastThreadLocalRunnable.java:30)
	at java.lang.Thread.run(Thread.java:750)
18:10:46.279 [AsyncHttpClient-1-7] DEBUG org.asynchttpclient.netty.channel.ChannelManager - Closing Channel [id: 0x346baa53, L:/127.0.0.1:65460 - R:localhost/127.0.0.1:65454] 
18:10:46.279 [AsyncHttpClient-1-7] DEBUG org.asynchttpclient.netty.handler.HttpHandler - Channel Closed: [id: 0x346baa53, L:/127.0.0.1:65460 ! R:localhost/127.0.0.1:65454] with attribute DISCARD
18:10:46.309 [AsyncHttpClient-1-6] DEBUG org.asynchttpclient.netty.handler.HttpHandler - 

Request DefaultFullHttpRequest(decodeResult: success, version: HTTP/1.1, content: EmptyByteBufBE)
DELETE /session/0a70f8db37551f8a52b8be72772339ea HTTP/1.1
User-Agent: selenium/4.1.2 (java windows)
Content-Type: application/json; charset=utf-8
host: localhost:52624
accept: */*

Response DefaultHttpResponse(decodeResult: success, version: HTTP/1.1)
HTTP/1.1 200 OK
Content-Type: application/json; charset=utf-8
cache-control: no-cache
content-length: 14

18:10:46.309 [AsyncHttpClient-1-6] DEBUG org.asynchttpclient.netty.channel.ChannelManager - Adding key: http://localhost:52624 for channel [id: 0x1635372b, L:/127.0.0.1:65453 - R:localhost/127.0.0.1:52624]
18:10:46.413 [AsyncHttpClient-1-6] DEBUG org.asynchttpclient.netty.handler.HttpHandler - Channel Closed: [id: 0x1635372b, L:/127.0.0.1:65453 ! R:localhost/127.0.0.1:52624] with attribute DISCARD
]]></system-out>
    <system-err><![CDATA[Starting ChromeDriver 100.0.4896.60 (6a5d10861ce8de5fce22564658033b43cb7de047-refs/branch-heads/4896@{#875}) on port 52624
Only local connections are allowed.
Please see https://chromedriver.chromium.org/security-considerations for suggestions on keeping ChromeDriver safe.
ChromeDriver was started successfully.
Apr 12, 2022 6:10:35 PM org.openqa.selenium.remote.ProtocolHandshake createSession
INFO: Detected dialect: W3C
Apr 12, 2022 6:10:35 PM org.openqa.selenium.devtools.CdpVersionFinder findNearestMatch
WARNING: Unable to find an exact match for CDP version 100, so returning the closest version found: 97
Apr 12, 2022 6:10:35 PM org.openqa.selenium.devtools.CdpVersionFinder findNearestMatch
INFO: Found CDP implementation for version 100 of 97
]]></system-err>
  </testcase>
  <testcase name="As user i have failed to login with not input data" classname="As user I want see home page So that i can buy books" time="11.99">
    <system-out><![CDATA[
@login
Scenario: As user i have failed to login with not input data &amp#27;[90m# src/test/resources/features/Login.feature:23&amp#27;[0m
18:10:46.979 [main] INFO io.cucumber.core.plugin.SerenityReporter - Running feature from file:///D:/kampus%20merdeka/Intelij/web/src/test/resources/features/Login.feature
18:10:46.983 [main] INFO  - 
  _____   ___   ___   _____     ___   _____     _     ___   _____   ___   ___  
 |_   _| | __| / __| |_   _|   / __| |_   _|   /_\   | _ \ |_   _| | __| |   \ 
   | |   | _|  \__ \   | |     \__ \   | |    / _ \  |   /   | |   | _|  | |) |
   |_|   |___| |___/   |_|     |___/   |_|   /_/ \_\ |_|_\   |_|   |___| |___/ 

As user i have failed to login with not input data(as-user-i-want-see-home-page-so-that-i-can-buy-books;as-user-i-have-failed-to-login-with-not-input-data)
--------------------------------------------------------------------------------
18:10:47.013 [main] DEBUG net.thucydides.core.steps.StepInterceptor - STARTING STEP: BookstoreSteps.onBookstorePage - openPage
18:10:47.015 [main] INFO net.serenitybdd.core.webdriver.driverproviders.ChromeDriverProvider - Using automatically driver download
18:10:47.061 [AsyncHttpClient-1-1] DEBUG org.asynchttpclient.netty.channel.DefaultChannelPool - Entry count for : http://localhost:52624 : 1
18:10:47.061 [AsyncHttpClient-1-1] DEBUG org.asynchttpclient.netty.channel.DefaultChannelPool - Entry count for : http://localhost:65454 : 1
18:10:47.061 [AsyncHttpClient-1-1] DEBUG org.asynchttpclient.netty.channel.DefaultChannelPool - Adding Candidate expired Channel [id: 0x1635372b, L:/127.0.0.1:65453 ! R:localhost/127.0.0.1:52624] isIdleTimeoutExpired=false isRemotelyClosed=true isTtlExpired=false
18:10:47.061 [AsyncHttpClient-1-1] DEBUG org.asynchttpclient.netty.channel.DefaultChannelPool - Closing Idle Channel [id: 0x1635372b, L:/127.0.0.1:65453 ! R:localhost/127.0.0.1:52624]
18:10:47.061 [AsyncHttpClient-1-1] DEBUG org.asynchttpclient.netty.channel.DefaultChannelPool - Adding Candidate expired Channel [id: 0x346baa53, L:/127.0.0.1:65460 ! R:localhost/127.0.0.1:65454] isIdleTimeoutExpired=false isRemotelyClosed=true isTtlExpired=false
18:10:47.061 [AsyncHttpClient-1-1] DEBUG org.asynchttpclient.netty.channel.DefaultChannelPool - Closing Idle Channel [id: 0x346baa53, L:/127.0.0.1:65460 ! R:localhost/127.0.0.1:65454]
18:10:47.061 [AsyncHttpClient-1-1] DEBUG org.asynchttpclient.netty.channel.DefaultChannelPool - Closed 2 connections out of 2 in 0 ms
18:10:47.147 [main] DEBUG io.github.bonigarcia.wdm.cache.ResolutionCache - Resolution chrome=100 in cache (valid until 19:03:08 12/04/2022 ICT)
18:10:47.151 [main] DEBUG io.github.bonigarcia.wdm.cache.ResolutionCache - Resolution chrome100=100.0.4896.60 in cache (valid until 16:43:36 13/04/2022 ICT)
18:10:47.153 [main] INFO io.github.bonigarcia.wdm.WebDriverManager - Using chromedriver 100.0.4896.60 (resolved driver for Chrome 100)
18:10:47.166 [main] DEBUG io.github.bonigarcia.wdm.WebDriverManager - Driver chromedriver 100.0.4896.60 found in cache
18:10:47.167 [main] INFO io.github.bonigarcia.wdm.WebDriverManager - Exporting webdriver.chrome.driver as C:\Users\Admin\.cache\selenium\chromedriver\win32\100.0.4896.60\chromedriver.exe
18:10:47.292 [main] DEBUG net.serenitybdd.core.webdriver.driverproviders.ProvideNewDriver - Instantiating driver
18:10:47.293 [main] DEBUG net.serenitybdd.core.webdriver.driverproviders.ProvideNewDriver - Driver capabilities: Capabilities {acceptInsecureCerts: false, base.url: https://demoqa.com/, browserName: chrome, chrome.driver: src/test/resources/webdrive..., driver: chrome, goog:chromeOptions: {args: [], extensions: []}}
18:10:47.852 [AsyncHttpClient-1-9] DEBUG org.asynchttpclient.netty.channel.NettyConnectListener - Using new Channel '[id: 0x6fe0761e, L:/127.0.0.1:65523 - R:localhost/127.0.0.1:65307]' for 'POST' to '/session'
18:10:48.648 [AsyncHttpClient-1-9] DEBUG org.asynchttpclient.netty.handler.HttpHandler - 

Request DefaultHttpRequest(decodeResult: success, version: HTTP/1.1)
POST /session HTTP/1.1
User-Agent: selenium/4.1.2 (java windows)
Content-Length: 605
Content-Type: application/json; charset=utf-8
host: localhost:65307
accept: */*

Response DefaultHttpResponse(decodeResult: success, version: HTTP/1.1)
HTTP/1.1 200 OK
Content-Type: application/json; charset=utf-8
cache-control: no-cache
content-length: 789

18:10:48.648 [AsyncHttpClient-1-9] DEBUG org.asynchttpclient.netty.channel.ChannelManager - Adding key: http://localhost:65307 for channel [id: 0x6fe0761e, L:/127.0.0.1:65523 - R:localhost/127.0.0.1:65307]
18:10:48.666 [AsyncHttpClient-1-2] DEBUG org.asynchttpclient.netty.channel.NettyConnectListener - Using new Channel '[id: 0xf2b0c859, L:/127.0.0.1:65529 - R:localhost/127.0.0.1:65524]' for 'GET' to '/json/version'
18:10:48.668 [AsyncHttpClient-1-2] DEBUG org.asynchttpclient.netty.handler.HttpHandler - 

Request DefaultFullHttpRequest(decodeResult: success, version: HTTP/1.1, content: EmptyByteBufBE)
GET /json/version HTTP/1.1
User-Agent: selenium/4.1.2 (java windows)
host: localhost:65524
accept: */*

Response DefaultHttpResponse(decodeResult: success, version: HTTP/1.1)
HTTP/1.1 200 OK
Content-Type: application/json; charset=UTF-8
content-length: 426

18:10:48.668 [AsyncHttpClient-1-2] DEBUG org.asynchttpclient.netty.channel.ChannelManager - Adding key: http://localhost:65524 for channel [id: 0xf2b0c859, L:/127.0.0.1:65529 - R:localhost/127.0.0.1:65524]
18:10:48.673 [AsyncHttpClient-1-3] DEBUG org.asynchttpclient.netty.channel.NettyConnectListener - Using new Channel '[id: 0x7bd7c46a, L:/127.0.0.1:65530 - R:localhost/127.0.0.1:65524]' for 'GET' to '/devtools/browser/e1bcf25e-b763-4e06-b441-d4ac4f5effd8'
18:10:48.674 [AsyncHttpClient-1-3] DEBUG org.asynchttpclient.netty.handler.WebSocketHandler - 

Request DefaultFullHttpRequest(decodeResult: success, version: HTTP/1.1, content: EmptyByteBufBE)
GET /devtools/browser/e1bcf25e-b763-4e06-b441-d4ac4f5effd8 HTTP/1.1
upgrade: websocket
connection: upgrade
sec-websocket-key: pRxribIE9u152hfPWrobFA==
sec-websocket-version: 13
origin: http://localhost:65524
host: localhost:65524
accept: */*
user-agent: AHC/2.1

Response DefaultHttpResponse(decodeResult: success, version: HTTP/1.1)
HTTP/1.1 101 WebSocket Protocol Handshake
Upgrade: WebSocket
Connection: Upgrade
Sec-WebSocket-Accept: ZiIxNHCtkmhFOUeRAXwG3rnTnu8=

18:10:48.700 [Forwarding setCurrentWindowSize on session 88edbdc9d671f03b015bb067e7897014 to remote] DEBUG org.asynchttpclient.netty.request.NettyRequestSender - Using pooled Channel '[id: 0x6fe0761e, L:/127.0.0.1:65523 - R:localhost/127.0.0.1:65307]' for 'POST' to 'http://localhost:65307/session/88edbdc9d671f03b015bb067e7897014/window/rect'
18:10:48.700 [Forwarding setCurrentWindowSize on session 88edbdc9d671f03b015bb067e7897014 to remote] DEBUG org.asynchttpclient.netty.request.NettyRequestSender - Using open Channel [id: 0x6fe0761e, L:/127.0.0.1:65523 - R:localhost/127.0.0.1:65307] for POST '/session/88edbdc9d671f03b015bb067e7897014/window/rect'
18:10:48.848 [AsyncHttpClient-1-9] DEBUG org.asynchttpclient.netty.handler.HttpHandler - 

Request DefaultHttpRequest(decodeResult: success, version: HTTP/1.1)
POST /session/88edbdc9d671f03b015bb067e7897014/window/rect HTTP/1.1
User-Agent: selenium/4.1.2 (java windows)
Content-Length: 36
Content-Type: application/json; charset=utf-8
host: localhost:65307
accept: */*

Response DefaultHttpResponse(decodeResult: success, version: HTTP/1.1)
HTTP/1.1 200 OK
Content-Type: application/json; charset=utf-8
cache-control: no-cache
content-length: 51

18:10:48.849 [AsyncHttpClient-1-9] DEBUG org.asynchttpclient.netty.channel.ChannelManager - Adding key: http://localhost:65307 for channel [id: 0x6fe0761e, L:/127.0.0.1:65523 - R:localhost/127.0.0.1:65307]
18:10:48.851 [Forwarding setWindowPosition on session 88edbdc9d671f03b015bb067e7897014 to remote] DEBUG org.asynchttpclient.netty.request.NettyRequestSender - Using pooled Channel '[id: 0x6fe0761e, L:/127.0.0.1:65523 - R:localhost/127.0.0.1:65307]' for 'POST' to 'http://localhost:65307/session/88edbdc9d671f03b015bb067e7897014/window/rect'
18:10:48.851 [Forwarding setWindowPosition on session 88edbdc9d671f03b015bb067e7897014 to remote] DEBUG org.asynchttpclient.netty.request.NettyRequestSender - Using open Channel [id: 0x6fe0761e, L:/127.0.0.1:65523 - R:localhost/127.0.0.1:65307] for POST '/session/88edbdc9d671f03b015bb067e7897014/window/rect'
18:10:48.958 [AsyncHttpClient-1-9] DEBUG org.asynchttpclient.netty.handler.HttpHandler - 

Request DefaultHttpRequest(decodeResult: success, version: HTTP/1.1)
POST /session/88edbdc9d671f03b015bb067e7897014/window/rect HTTP/1.1
User-Agent: selenium/4.1.2 (java windows)
Content-Length: 22
Content-Type: application/json; charset=utf-8
host: localhost:65307
accept: */*

Response DefaultHttpResponse(decodeResult: success, version: HTTP/1.1)
HTTP/1.1 200 OK
Content-Type: application/json; charset=utf-8
cache-control: no-cache
content-length: 49

18:10:48.958 [AsyncHttpClient-1-9] DEBUG org.asynchttpclient.netty.channel.ChannelManager - Adding key: http://localhost:65307 for channel [id: 0x6fe0761e, L:/127.0.0.1:65523 - R:localhost/127.0.0.1:65307]
18:10:48.960 [Forwarding get on session 88edbdc9d671f03b015bb067e7897014 to remote] DEBUG org.asynchttpclient.netty.request.NettyRequestSender - Using pooled Channel '[id: 0x6fe0761e, L:/127.0.0.1:65523 - R:localhost/127.0.0.1:65307]' for 'POST' to 'http://localhost:65307/session/88edbdc9d671f03b015bb067e7897014/url'
18:10:48.960 [Forwarding get on session 88edbdc9d671f03b015bb067e7897014 to remote] DEBUG org.asynchttpclient.netty.request.NettyRequestSender - Using open Channel [id: 0x6fe0761e, L:/127.0.0.1:65523 - R:localhost/127.0.0.1:65307] for POST '/session/88edbdc9d671f03b015bb067e7897014/url'
18:10:49.262 [AsyncHttpClient-1-1] DEBUG org.asynchttpclient.netty.channel.DefaultChannelPool - Entry count for : http://localhost:65524 : 1
18:10:50.371 [AsyncHttpClient-1-1] DEBUG org.asynchttpclient.netty.channel.DefaultChannelPool - Entry count for : http://localhost:65524 : 1
18:10:51.464 [AsyncHttpClient-1-1] DEBUG org.asynchttpclient.netty.channel.DefaultChannelPool - Entry count for : http://localhost:65524 : 1
18:10:52.568 [AsyncHttpClient-1-1] DEBUG org.asynchttpclient.netty.channel.DefaultChannelPool - Entry count for : http://localhost:65524 : 1
18:10:53.669 [AsyncHttpClient-1-1] DEBUG org.asynchttpclient.netty.channel.DefaultChannelPool - Entry count for : http://localhost:65524 : 1
18:10:54.762 [AsyncHttpClient-1-1] DEBUG org.asynchttpclient.netty.channel.DefaultChannelPool - Entry count for : http://localhost:65524 : 1
18:10:55.486 [AsyncHttpClient-1-9] DEBUG org.asynchttpclient.netty.handler.HttpHandler - 

Request DefaultHttpRequest(decodeResult: success, version: HTTP/1.1)
POST /session/88edbdc9d671f03b015bb067e7897014/url HTTP/1.1
User-Agent: selenium/4.1.2 (java windows)
Content-Length: 49
Content-Type: application/json; charset=utf-8
host: localhost:65307
accept: */*

Response DefaultHttpResponse(decodeResult: success, version: HTTP/1.1)
HTTP/1.1 200 OK
Content-Type: application/json; charset=utf-8
cache-control: no-cache
content-length: 14

18:10:55.486 [AsyncHttpClient-1-9] DEBUG org.asynchttpclient.netty.channel.ChannelManager - Adding key: http://localhost:65307 for channel [id: 0x6fe0761e, L:/127.0.0.1:65523 - R:localhost/127.0.0.1:65307]
18:10:55.488 [Forwarding setTimeout on session 88edbdc9d671f03b015bb067e7897014 to remote] DEBUG org.asynchttpclient.netty.request.NettyRequestSender - Using pooled Channel '[id: 0x6fe0761e, L:/127.0.0.1:65523 - R:localhost/127.0.0.1:65307]' for 'POST' to 'http://localhost:65307/session/88edbdc9d671f03b015bb067e7897014/timeouts'
18:10:55.488 [Forwarding setTimeout on session 88edbdc9d671f03b015bb067e7897014 to remote] DEBUG org.asynchttpclient.netty.request.NettyRequestSender - Using open Channel [id: 0x6fe0761e, L:/127.0.0.1:65523 - R:localhost/127.0.0.1:65307] for POST '/session/88edbdc9d671f03b015bb067e7897014/timeouts'
18:10:55.489 [AsyncHttpClient-1-9] DEBUG org.asynchttpclient.netty.handler.HttpHandler - 

Request DefaultHttpRequest(decodeResult: success, version: HTTP/1.1)
POST /session/88edbdc9d671f03b015bb067e7897014/timeouts HTTP/1.1
User-Agent: selenium/4.1.2 (java windows)
Content-Length: 22
Content-Type: application/json; charset=utf-8
host: localhost:65307
accept: */*

Response DefaultHttpResponse(decodeResult: success, version: HTTP/1.1)
HTTP/1.1 200 OK
Content-Type: application/json; charset=utf-8
cache-control: no-cache
content-length: 14

18:10:55.489 [AsyncHttpClient-1-9] DEBUG org.asynchttpclient.netty.channel.ChannelManager - Adding key: http://localhost:65307 for channel [id: 0x6fe0761e, L:/127.0.0.1:65523 - R:localhost/127.0.0.1:65307]
18:10:55.495 [Forwarding getCurrentUrl on session 88edbdc9d671f03b015bb067e7897014 to remote] DEBUG org.asynchttpclient.netty.request.NettyRequestSender - Using pooled Channel '[id: 0x6fe0761e, L:/127.0.0.1:65523 - R:localhost/127.0.0.1:65307]' for 'GET' to 'http://localhost:65307/session/88edbdc9d671f03b015bb067e7897014/url'
18:10:55.496 [Forwarding getCurrentUrl on session 88edbdc9d671f03b015bb067e7897014 to remote] DEBUG org.asynchttpclient.netty.request.NettyRequestSender - Using open Channel [id: 0x6fe0761e, L:/127.0.0.1:65523 - R:localhost/127.0.0.1:65307] for GET '/session/88edbdc9d671f03b015bb067e7897014/url'
18:10:55.506 [AsyncHttpClient-1-9] DEBUG org.asynchttpclient.netty.handler.HttpHandler - 

Request DefaultFullHttpRequest(decodeResult: success, version: HTTP/1.1, content: EmptyByteBufBE)
GET /session/88edbdc9d671f03b015bb067e7897014/url HTTP/1.1
User-Agent: selenium/4.1.2 (java windows)
Cache-Control: no-cache
Content-Type: application/json; charset=utf-8
host: localhost:65307
accept: */*

Response DefaultHttpResponse(decodeResult: success, version: HTTP/1.1)
HTTP/1.1 200 OK
Content-Type: application/json; charset=utf-8
cache-control: no-cache
content-length: 31

18:10:55.506 [AsyncHttpClient-1-9] DEBUG org.asynchttpclient.netty.channel.ChannelManager - Adding key: http://localhost:65307 for channel [id: 0x6fe0761e, L:/127.0.0.1:65523 - R:localhost/127.0.0.1:65307]
18:10:55.509 [Forwarding getCurrentUrl on session 88edbdc9d671f03b015bb067e7897014 to remote] DEBUG org.asynchttpclient.netty.request.NettyRequestSender - Using pooled Channel '[id: 0x6fe0761e, L:/127.0.0.1:65523 - R:localhost/127.0.0.1:65307]' for 'GET' to 'http://localhost:65307/session/88edbdc9d671f03b015bb067e7897014/url'
18:10:55.509 [Forwarding getCurrentUrl on session 88edbdc9d671f03b015bb067e7897014 to remote] DEBUG org.asynchttpclient.netty.request.NettyRequestSender - Using open Channel [id: 0x6fe0761e, L:/127.0.0.1:65523 - R:localhost/127.0.0.1:65307] for GET '/session/88edbdc9d671f03b015bb067e7897014/url'
18:10:55.514 [AsyncHttpClient-1-9] DEBUG org.asynchttpclient.netty.handler.HttpHandler - 

Request DefaultFullHttpRequest(decodeResult: success, version: HTTP/1.1, content: EmptyByteBufBE)
GET /session/88edbdc9d671f03b015bb067e7897014/url HTTP/1.1
User-Agent: selenium/4.1.2 (java windows)
Cache-Control: no-cache
Content-Type: application/json; charset=utf-8
host: localhost:65307
accept: */*

Response DefaultHttpResponse(decodeResult: success, version: HTTP/1.1)
HTTP/1.1 200 OK
Content-Type: application/json; charset=utf-8
cache-control: no-cache
content-length: 31

18:10:55.514 [AsyncHttpClient-1-9] DEBUG org.asynchttpclient.netty.channel.ChannelManager - Adding key: http://localhost:65307 for channel [id: 0x6fe0761e, L:/127.0.0.1:65523 - R:localhost/127.0.0.1:65307]
18:10:55.519 [Forwarding screenshot on session 88edbdc9d671f03b015bb067e7897014 to remote] DEBUG org.asynchttpclient.netty.request.NettyRequestSender - Using pooled Channel '[id: 0x6fe0761e, L:/127.0.0.1:65523 - R:localhost/127.0.0.1:65307]' for 'GET' to 'http://localhost:65307/session/88edbdc9d671f03b015bb067e7897014/screenshot'
18:10:55.520 [Forwarding screenshot on session 88edbdc9d671f03b015bb067e7897014 to remote] DEBUG org.asynchttpclient.netty.request.NettyRequestSender - Using open Channel [id: 0x6fe0761e, L:/127.0.0.1:65523 - R:localhost/127.0.0.1:65307] for GET '/session/88edbdc9d671f03b015bb067e7897014/screenshot'
18:10:55.665 [AsyncHttpClient-1-9] DEBUG org.asynchttpclient.netty.handler.HttpHandler - 

Request DefaultFullHttpRequest(decodeResult: success, version: HTTP/1.1, content: EmptyByteBufBE)
GET /session/88edbdc9d671f03b015bb067e7897014/screenshot HTTP/1.1
User-Agent: selenium/4.1.2 (java windows)
Cache-Control: no-cache
Content-Type: application/json; charset=utf-8
host: localhost:65307
accept: */*

Response DefaultHttpResponse(decodeResult: success, version: HTTP/1.1)
HTTP/1.1 200 OK
Content-Type: application/json; charset=utf-8
cache-control: no-cache
content-length: 149716

18:10:55.667 [AsyncHttpClient-1-9] DEBUG org.asynchttpclient.netty.channel.ChannelManager - Adding key: http://localhost:65307 for channel [id: 0x6fe0761e, L:/127.0.0.1:65523 - R:localhost/127.0.0.1:65307]
18:10:55.676 [main] DEBUG net.serenitybdd.core.photography.Darkroom - Send negative for processing for target\site\serenity\c384e75c293a5dac7daf9c79944b71e8553195303dde5af06fcb36cafcb9f75d.png
18:10:55.676 [main] DEBUG net.thucydides.core.steps.StepInterceptor - STEP DONE: openPage
18:10:55.676 [Darkroom Processing Line] DEBUG net.serenitybdd.core.photography.DarkroomProcessingLine - Processing screenshot image in /var/screenshots/screenshot-5772983471380479603
18:10:55.676 [Darkroom Processing Line] DEBUG net.serenitybdd.core.photography.DarkroomProcessingLine - Saving screenshot to target\site\serenity\c384e75c293a5dac7daf9c79944b71e8553195303dde5af06fcb36cafcb9f75d.png
18:10:55.687 [main] DEBUG net.thucydides.core.steps.StepInterceptor - STARTING STEP: BookstoreSteps.onBookstorePage - validationHomePage
18:10:55.691 [Forwarding findElement on session 88edbdc9d671f03b015bb067e7897014 to remote] DEBUG org.asynchttpclient.netty.request.NettyRequestSender - Using pooled Channel '[id: 0x6fe0761e, L:/127.0.0.1:65523 - R:localhost/127.0.0.1:65307]' for 'POST' to 'http://localhost:65307/session/88edbdc9d671f03b015bb067e7897014/element'
18:10:55.691 [Forwarding findElement on session 88edbdc9d671f03b015bb067e7897014 to remote] DEBUG org.asynchttpclient.netty.request.NettyRequestSender - Using open Channel [id: 0x6fe0761e, L:/127.0.0.1:65523 - R:localhost/127.0.0.1:65307] for POST '/session/88edbdc9d671f03b015bb067e7897014/element'
18:10:55.709 [AsyncHttpClient-1-9] DEBUG org.asynchttpclient.netty.handler.HttpHandler - 

Request DefaultHttpRequest(decodeResult: success, version: HTTP/1.1)
POST /session/88edbdc9d671f03b015bb067e7897014/element HTTP/1.1
User-Agent: selenium/4.1.2 (java windows)
Content-Length: 48
Content-Type: application/json; charset=utf-8
host: localhost:65307
accept: */*

Response DefaultHttpResponse(decodeResult: success, version: HTTP/1.1)
HTTP/1.1 400 Bad Request
Content-Type: application/json; charset=utf-8
cache-control: no-cache
content-length: 957

18:10:55.709 [AsyncHttpClient-1-9] DEBUG org.asynchttpclient.netty.channel.ChannelManager - Adding key: http://localhost:65307 for channel [id: 0x6fe0761e, L:/127.0.0.1:65523 - R:localhost/127.0.0.1:65307]
18:10:55.711 [Forwarding findElement on session 88edbdc9d671f03b015bb067e7897014 to remote] DEBUG org.asynchttpclient.netty.request.NettyRequestSender - Using pooled Channel '[id: 0x6fe0761e, L:/127.0.0.1:65523 - R:localhost/127.0.0.1:65307]' for 'POST' to 'http://localhost:65307/session/88edbdc9d671f03b015bb067e7897014/element'
18:10:55.711 [Forwarding findElement on session 88edbdc9d671f03b015bb067e7897014 to remote] DEBUG org.asynchttpclient.netty.request.NettyRequestSender - Using open Channel [id: 0x6fe0761e, L:/127.0.0.1:65523 - R:localhost/127.0.0.1:65307] for POST '/session/88edbdc9d671f03b015bb067e7897014/element'
18:10:55.724 [AsyncHttpClient-1-9] DEBUG org.asynchttpclient.netty.handler.HttpHandler - 

Request DefaultHttpRequest(decodeResult: success, version: HTTP/1.1)
POST /session/88edbdc9d671f03b015bb067e7897014/element HTTP/1.1
User-Agent: selenium/4.1.2 (java windows)
Content-Length: 58
Content-Type: application/json; charset=utf-8
host: localhost:65307
accept: */*

Response DefaultHttpResponse(decodeResult: success, version: HTTP/1.1)
HTTP/1.1 200 OK
Content-Type: application/json; charset=utf-8
cache-control: no-cache
content-length: 88

18:10:55.724 [AsyncHttpClient-1-9] DEBUG org.asynchttpclient.netty.channel.ChannelManager - Adding key: http://localhost:65307 for channel [id: 0x6fe0761e, L:/127.0.0.1:65523 - R:localhost/127.0.0.1:65307]
18:10:55.728 [Forwarding isElementDisplayed on session 88edbdc9d671f03b015bb067e7897014 to remote] DEBUG org.asynchttpclient.netty.request.NettyRequestSender - Using pooled Channel '[id: 0x6fe0761e, L:/127.0.0.1:65523 - R:localhost/127.0.0.1:65307]' for 'POST' to 'http://localhost:65307/session/88edbdc9d671f03b015bb067e7897014/execute/sync'
18:10:55.728 [Forwarding isElementDisplayed on session 88edbdc9d671f03b015bb067e7897014 to remote] DEBUG org.asynchttpclient.netty.request.NettyRequestSender - Using open Channel [id: 0x6fe0761e, L:/127.0.0.1:65523 - R:localhost/127.0.0.1:65307] for POST '/session/88edbdc9d671f03b015bb067e7897014/execute/sync'
18:10:55.744 [AsyncHttpClient-1-9] DEBUG org.asynchttpclient.netty.handler.HttpHandler - 

Request DefaultHttpRequest(decodeResult: success, version: HTTP/1.1)
POST /session/88edbdc9d671f03b015bb067e7897014/execute/sync HTTP/1.1
User-Agent: selenium/4.1.2 (java windows)
Content-Length: 48780
Content-Type: application/json; charset=utf-8
host: localhost:65307
accept: */*

Response DefaultHttpResponse(decodeResult: success, version: HTTP/1.1)
HTTP/1.1 200 OK
Content-Type: application/json; charset=utf-8
cache-control: no-cache
content-length: 14

18:10:55.745 [AsyncHttpClient-1-9] DEBUG org.asynchttpclient.netty.channel.ChannelManager - Adding key: http://localhost:65307 for channel [id: 0x6fe0761e, L:/127.0.0.1:65523 - R:localhost/127.0.0.1:65307]
18:10:55.749 [Forwarding screenshot on session 88edbdc9d671f03b015bb067e7897014 to remote] DEBUG org.asynchttpclient.netty.request.NettyRequestSender - Using pooled Channel '[id: 0x6fe0761e, L:/127.0.0.1:65523 - R:localhost/127.0.0.1:65307]' for 'GET' to 'http://localhost:65307/session/88edbdc9d671f03b015bb067e7897014/screenshot'
18:10:55.749 [Forwarding screenshot on session 88edbdc9d671f03b015bb067e7897014 to remote] DEBUG org.asynchttpclient.netty.request.NettyRequestSender - Using open Channel [id: 0x6fe0761e, L:/127.0.0.1:65523 - R:localhost/127.0.0.1:65307] for GET '/session/88edbdc9d671f03b015bb067e7897014/screenshot'
18:10:55.862 [AsyncHttpClient-1-1] DEBUG org.asynchttpclient.netty.channel.DefaultChannelPool - Entry count for : http://localhost:65524 : 1
18:10:55.970 [AsyncHttpClient-1-9] DEBUG org.asynchttpclient.netty.handler.HttpHandler - 

Request DefaultFullHttpRequest(decodeResult: success, version: HTTP/1.1, content: EmptyByteBufBE)
GET /session/88edbdc9d671f03b015bb067e7897014/screenshot HTTP/1.1
User-Agent: selenium/4.1.2 (java windows)
Cache-Control: no-cache
Content-Type: application/json; charset=utf-8
host: localhost:65307
accept: */*

Response DefaultHttpResponse(decodeResult: success, version: HTTP/1.1)
HTTP/1.1 200 OK
Content-Type: application/json; charset=utf-8
cache-control: no-cache
content-length: 149716

18:10:55.971 [AsyncHttpClient-1-9] DEBUG org.asynchttpclient.netty.channel.ChannelManager - Adding key: http://localhost:65307 for channel [id: 0x6fe0761e, L:/127.0.0.1:65523 - R:localhost/127.0.0.1:65307]
18:10:55.978 [main] DEBUG net.serenitybdd.core.photography.Darkroom - Send negative for processing for target\site\serenity\c384e75c293a5dac7daf9c79944b71e8553195303dde5af06fcb36cafcb9f75d.png
18:10:55.979 [main] DEBUG net.thucydides.core.steps.StepInterceptor - STEP DONE: validationHomePage
  &amp#27;[32mGiven &amp#27;[0m&amp#27;[32mi am on the home page&amp#27;[0m                                &amp#27;[90m# starter.stepdefenitions.BookstoreSteps.onBookstorePage()&amp#27;[0m
18:10:55.993 [main] DEBUG net.thucydides.core.steps.StepInterceptor - STARTING STEP: BookstoreSteps.clickFeatureBookstore - clickFeatureBookstore
18:10:55.996 [Forwarding findElement on session 88edbdc9d671f03b015bb067e7897014 to remote] DEBUG org.asynchttpclient.netty.request.NettyRequestSender - Using pooled Channel '[id: 0x6fe0761e, L:/127.0.0.1:65523 - R:localhost/127.0.0.1:65307]' for 'POST' to 'http://localhost:65307/session/88edbdc9d671f03b015bb067e7897014/element'
18:10:55.996 [Forwarding findElement on session 88edbdc9d671f03b015bb067e7897014 to remote] DEBUG org.asynchttpclient.netty.request.NettyRequestSender - Using open Channel [id: 0x6fe0761e, L:/127.0.0.1:65523 - R:localhost/127.0.0.1:65307] for POST '/session/88edbdc9d671f03b015bb067e7897014/element'
18:10:56.009 [AsyncHttpClient-1-9] DEBUG org.asynchttpclient.netty.handler.HttpHandler - 

Request DefaultHttpRequest(decodeResult: success, version: HTTP/1.1)
POST /session/88edbdc9d671f03b015bb067e7897014/element HTTP/1.1
User-Agent: selenium/4.1.2 (java windows)
Content-Length: 86
Content-Type: application/json; charset=utf-8
host: localhost:65307
accept: */*

Response DefaultHttpResponse(decodeResult: success, version: HTTP/1.1)
HTTP/1.1 200 OK
Content-Type: application/json; charset=utf-8
cache-control: no-cache
content-length: 88

18:10:56.009 [AsyncHttpClient-1-9] DEBUG org.asynchttpclient.netty.channel.ChannelManager - Adding key: http://localhost:65307 for channel [id: 0x6fe0761e, L:/127.0.0.1:65523 - R:localhost/127.0.0.1:65307]
18:10:56.011 [Forwarding getElementTagName on session 88edbdc9d671f03b015bb067e7897014 to remote] DEBUG org.asynchttpclient.netty.request.NettyRequestSender - Using pooled Channel '[id: 0x6fe0761e, L:/127.0.0.1:65523 - R:localhost/127.0.0.1:65307]' for 'GET' to 'http://localhost:65307/session/88edbdc9d671f03b015bb067e7897014/element/80cb8deb-02ae-45c8-9022-41c4d5e38fd9/name'
18:10:56.011 [Forwarding getElementTagName on session 88edbdc9d671f03b015bb067e7897014 to remote] DEBUG org.asynchttpclient.netty.request.NettyRequestSender - Using open Channel [id: 0x6fe0761e, L:/127.0.0.1:65523 - R:localhost/127.0.0.1:65307] for GET '/session/88edbdc9d671f03b015bb067e7897014/element/80cb8deb-02ae-45c8-9022-41c4d5e38fd9/name'
18:10:56.015 [AsyncHttpClient-1-9] DEBUG org.asynchttpclient.netty.handler.HttpHandler - 

Request DefaultFullHttpRequest(decodeResult: success, version: HTTP/1.1, content: EmptyByteBufBE)
GET /session/88edbdc9d671f03b015bb067e7897014/element/80cb8deb-02ae-45c8-9022-41c4d5e38fd9/name HTTP/1.1
User-Agent: selenium/4.1.2 (java windows)
Cache-Control: no-cache
Content-Type: application/json; charset=utf-8
host: localhost:65307
accept: */*

Response DefaultHttpResponse(decodeResult: success, version: HTTP/1.1)
HTTP/1.1 200 OK
Content-Type: application/json; charset=utf-8
cache-control: no-cache
content-length: 15

18:10:56.015 [AsyncHttpClient-1-9] DEBUG org.asynchttpclient.netty.channel.ChannelManager - Adding key: http://localhost:65307 for channel [id: 0x6fe0761e, L:/127.0.0.1:65523 - R:localhost/127.0.0.1:65307]
18:10:56.016 [Forwarding getElementTagName on session 88edbdc9d671f03b015bb067e7897014 to remote] DEBUG org.asynchttpclient.netty.request.NettyRequestSender - Using pooled Channel '[id: 0x6fe0761e, L:/127.0.0.1:65523 - R:localhost/127.0.0.1:65307]' for 'GET' to 'http://localhost:65307/session/88edbdc9d671f03b015bb067e7897014/element/80cb8deb-02ae-45c8-9022-41c4d5e38fd9/name'
18:10:56.017 [Forwarding getElementTagName on session 88edbdc9d671f03b015bb067e7897014 to remote] DEBUG org.asynchttpclient.netty.request.NettyRequestSender - Using open Channel [id: 0x6fe0761e, L:/127.0.0.1:65523 - R:localhost/127.0.0.1:65307] for GET '/session/88edbdc9d671f03b015bb067e7897014/element/80cb8deb-02ae-45c8-9022-41c4d5e38fd9/name'
18:10:56.020 [AsyncHttpClient-1-9] DEBUG org.asynchttpclient.netty.handler.HttpHandler - 

Request DefaultFullHttpRequest(decodeResult: success, version: HTTP/1.1, content: EmptyByteBufBE)
GET /session/88edbdc9d671f03b015bb067e7897014/element/80cb8deb-02ae-45c8-9022-41c4d5e38fd9/name HTTP/1.1
User-Agent: selenium/4.1.2 (java windows)
Cache-Control: no-cache
Content-Type: application/json; charset=utf-8
host: localhost:65307
accept: */*

Response DefaultHttpResponse(decodeResult: success, version: HTTP/1.1)
HTTP/1.1 200 OK
Content-Type: application/json; charset=utf-8
cache-control: no-cache
content-length: 15

18:10:56.020 [AsyncHttpClient-1-9] DEBUG org.asynchttpclient.netty.channel.ChannelManager - Adding key: http://localhost:65307 for channel [id: 0x6fe0761e, L:/127.0.0.1:65523 - R:localhost/127.0.0.1:65307]
18:10:56.022 [Forwarding findElement on session 88edbdc9d671f03b015bb067e7897014 to remote] DEBUG org.asynchttpclient.netty.request.NettyRequestSender - Using pooled Channel '[id: 0x6fe0761e, L:/127.0.0.1:65523 - R:localhost/127.0.0.1:65307]' for 'POST' to 'http://localhost:65307/session/88edbdc9d671f03b015bb067e7897014/element'
18:10:56.022 [Forwarding findElement on session 88edbdc9d671f03b015bb067e7897014 to remote] DEBUG org.asynchttpclient.netty.request.NettyRequestSender - Using open Channel [id: 0x6fe0761e, L:/127.0.0.1:65523 - R:localhost/127.0.0.1:65307] for POST '/session/88edbdc9d671f03b015bb067e7897014/element'
18:10:56.030 [AsyncHttpClient-1-9] DEBUG org.asynchttpclient.netty.handler.HttpHandler - 

Request DefaultHttpRequest(decodeResult: success, version: HTTP/1.1)
POST /session/88edbdc9d671f03b015bb067e7897014/element HTTP/1.1
User-Agent: selenium/4.1.2 (java windows)
Content-Length: 86
Content-Type: application/json; charset=utf-8
host: localhost:65307
accept: */*

Response DefaultHttpResponse(decodeResult: success, version: HTTP/1.1)
HTTP/1.1 200 OK
Content-Type: application/json; charset=utf-8
cache-control: no-cache
content-length: 88

18:10:56.030 [AsyncHttpClient-1-9] DEBUG org.asynchttpclient.netty.channel.ChannelManager - Adding key: http://localhost:65307 for channel [id: 0x6fe0761e, L:/127.0.0.1:65523 - R:localhost/127.0.0.1:65307]
18:10:56.033 [Forwarding clickElement on session 88edbdc9d671f03b015bb067e7897014 to remote] DEBUG org.asynchttpclient.netty.request.NettyRequestSender - Using pooled Channel '[id: 0x6fe0761e, L:/127.0.0.1:65523 - R:localhost/127.0.0.1:65307]' for 'POST' to 'http://localhost:65307/session/88edbdc9d671f03b015bb067e7897014/element/80cb8deb-02ae-45c8-9022-41c4d5e38fd9/click'
18:10:56.033 [Forwarding clickElement on session 88edbdc9d671f03b015bb067e7897014 to remote] DEBUG org.asynchttpclient.netty.request.NettyRequestSender - Using open Channel [id: 0x6fe0761e, L:/127.0.0.1:65523 - R:localhost/127.0.0.1:65307] for POST '/session/88edbdc9d671f03b015bb067e7897014/element/80cb8deb-02ae-45c8-9022-41c4d5e38fd9/click'
18:10:56.201 [AsyncHttpClient-1-9] DEBUG org.asynchttpclient.netty.handler.HttpHandler - 

Request DefaultHttpRequest(decodeResult: success, version: HTTP/1.1)
POST /session/88edbdc9d671f03b015bb067e7897014/element/80cb8deb-02ae-45c8-9022-41c4d5e38fd9/click HTTP/1.1
User-Agent: selenium/4.1.2 (java windows)
Content-Length: 50
Content-Type: application/json; charset=utf-8
host: localhost:65307
accept: */*

Response DefaultHttpResponse(decodeResult: success, version: HTTP/1.1)
HTTP/1.1 200 OK
Content-Type: application/json; charset=utf-8
cache-control: no-cache
content-length: 14

18:10:56.201 [AsyncHttpClient-1-9] DEBUG org.asynchttpclient.netty.channel.ChannelManager - Adding key: http://localhost:65307 for channel [id: 0x6fe0761e, L:/127.0.0.1:65523 - R:localhost/127.0.0.1:65307]
18:10:56.214 [Forwarding screenshot on session 88edbdc9d671f03b015bb067e7897014 to remote] DEBUG org.asynchttpclient.netty.request.NettyRequestSender - Using pooled Channel '[id: 0x6fe0761e, L:/127.0.0.1:65523 - R:localhost/127.0.0.1:65307]' for 'GET' to 'http://localhost:65307/session/88edbdc9d671f03b015bb067e7897014/screenshot'
18:10:56.214 [Forwarding screenshot on session 88edbdc9d671f03b015bb067e7897014 to remote] DEBUG org.asynchttpclient.netty.request.NettyRequestSender - Using open Channel [id: 0x6fe0761e, L:/127.0.0.1:65523 - R:localhost/127.0.0.1:65307] for GET '/session/88edbdc9d671f03b015bb067e7897014/screenshot'
18:10:56.426 [AsyncHttpClient-1-9] DEBUG org.asynchttpclient.netty.handler.HttpHandler - 

Request DefaultFullHttpRequest(decodeResult: success, version: HTTP/1.1, content: EmptyByteBufBE)
GET /session/88edbdc9d671f03b015bb067e7897014/screenshot HTTP/1.1
User-Agent: selenium/4.1.2 (java windows)
Cache-Control: no-cache
Content-Type: application/json; charset=utf-8
host: localhost:65307
accept: */*

Response DefaultHttpResponse(decodeResult: success, version: HTTP/1.1)
HTTP/1.1 200 OK
Content-Type: application/json; charset=utf-8
cache-control: no-cache
content-length: 67328

18:10:56.427 [AsyncHttpClient-1-9] DEBUG org.asynchttpclient.netty.channel.ChannelManager - Adding key: http://localhost:65307 for channel [id: 0x6fe0761e, L:/127.0.0.1:65523 - R:localhost/127.0.0.1:65307]
18:10:56.431 [main] DEBUG net.serenitybdd.core.photography.Darkroom - Send negative for processing for target\site\serenity\cbd395e0c78ae7628d3e31101e92eb83a268df3b47aac1ead96522e7f4bb85b5.png
18:10:56.432 [main] DEBUG net.thucydides.core.steps.StepInterceptor - STEP DONE: clickFeatureBookstore
18:10:56.432 [Darkroom Processing Line] DEBUG net.serenitybdd.core.photography.DarkroomProcessingLine - Processing screenshot image in /var/screenshots/screenshot-6877514372636117614
18:10:56.432 [Darkroom Processing Line] DEBUG net.serenitybdd.core.photography.DarkroomProcessingLine - Saving screenshot to target\site\serenity\cbd395e0c78ae7628d3e31101e92eb83a268df3b47aac1ead96522e7f4bb85b5.png
  &amp#27;[32mWhen &amp#27;[0m&amp#27;[32mi click feature bookstore&amp#27;[0m                             &amp#27;[90m# starter.stepdefenitions.BookstoreSteps.clickFeatureBookstore()&amp#27;[0m
18:10:56.472 [main] DEBUG net.thucydides.core.steps.StepInterceptor - STARTING STEP: LoginSteps.clickLoginButtonInBookstore - clickLoginButtonOnBookstore
18:10:56.475 [Forwarding findElement on session 88edbdc9d671f03b015bb067e7897014 to remote] DEBUG org.asynchttpclient.netty.request.NettyRequestSender - Using pooled Channel '[id: 0x6fe0761e, L:/127.0.0.1:65523 - R:localhost/127.0.0.1:65307]' for 'POST' to 'http://localhost:65307/session/88edbdc9d671f03b015bb067e7897014/element'
18:10:56.475 [Forwarding findElement on session 88edbdc9d671f03b015bb067e7897014 to remote] DEBUG org.asynchttpclient.netty.request.NettyRequestSender - Using open Channel [id: 0x6fe0761e, L:/127.0.0.1:65523 - R:localhost/127.0.0.1:65307] for POST '/session/88edbdc9d671f03b015bb067e7897014/element'
18:10:56.701 [AsyncHttpClient-1-9] DEBUG org.asynchttpclient.netty.handler.HttpHandler - 

Request DefaultHttpRequest(decodeResult: success, version: HTTP/1.1)
POST /session/88edbdc9d671f03b015bb067e7897014/element HTTP/1.1
User-Agent: selenium/4.1.2 (java windows)
Content-Length: 68
Content-Type: application/json; charset=utf-8
host: localhost:65307
accept: */*

Response DefaultHttpResponse(decodeResult: success, version: HTTP/1.1)
HTTP/1.1 200 OK
Content-Type: application/json; charset=utf-8
cache-control: no-cache
content-length: 88

18:10:56.701 [AsyncHttpClient-1-9] DEBUG org.asynchttpclient.netty.channel.ChannelManager - Adding key: http://localhost:65307 for channel [id: 0x6fe0761e, L:/127.0.0.1:65523 - R:localhost/127.0.0.1:65307]
18:10:56.706 [Forwarding getElementTagName on session 88edbdc9d671f03b015bb067e7897014 to remote] DEBUG org.asynchttpclient.netty.request.NettyRequestSender - Using pooled Channel '[id: 0x6fe0761e, L:/127.0.0.1:65523 - R:localhost/127.0.0.1:65307]' for 'GET' to 'http://localhost:65307/session/88edbdc9d671f03b015bb067e7897014/element/4a5120e6-eb95-4df4-a122-540d352a017c/name'
18:10:56.706 [Forwarding getElementTagName on session 88edbdc9d671f03b015bb067e7897014 to remote] DEBUG org.asynchttpclient.netty.request.NettyRequestSender - Using open Channel [id: 0x6fe0761e, L:/127.0.0.1:65523 - R:localhost/127.0.0.1:65307] for GET '/session/88edbdc9d671f03b015bb067e7897014/element/4a5120e6-eb95-4df4-a122-540d352a017c/name'
18:10:56.714 [AsyncHttpClient-1-9] DEBUG org.asynchttpclient.netty.handler.HttpHandler - 

Request DefaultFullHttpRequest(decodeResult: success, version: HTTP/1.1, content: EmptyByteBufBE)
GET /session/88edbdc9d671f03b015bb067e7897014/element/4a5120e6-eb95-4df4-a122-540d352a017c/name HTTP/1.1
User-Agent: selenium/4.1.2 (java windows)
Cache-Control: no-cache
Content-Type: application/json; charset=utf-8
host: localhost:65307
accept: */*

Response DefaultHttpResponse(decodeResult: success, version: HTTP/1.1)
HTTP/1.1 200 OK
Content-Type: application/json; charset=utf-8
cache-control: no-cache
content-length: 18

18:10:56.714 [AsyncHttpClient-1-9] DEBUG org.asynchttpclient.netty.channel.ChannelManager - Adding key: http://localhost:65307 for channel [id: 0x6fe0761e, L:/127.0.0.1:65523 - R:localhost/127.0.0.1:65307]
18:10:56.716 [Forwarding getElementTagName on session 88edbdc9d671f03b015bb067e7897014 to remote] DEBUG org.asynchttpclient.netty.request.NettyRequestSender - Using pooled Channel '[id: 0x6fe0761e, L:/127.0.0.1:65523 - R:localhost/127.0.0.1:65307]' for 'GET' to 'http://localhost:65307/session/88edbdc9d671f03b015bb067e7897014/element/4a5120e6-eb95-4df4-a122-540d352a017c/name'
18:10:56.716 [Forwarding getElementTagName on session 88edbdc9d671f03b015bb067e7897014 to remote] DEBUG org.asynchttpclient.netty.request.NettyRequestSender - Using open Channel [id: 0x6fe0761e, L:/127.0.0.1:65523 - R:localhost/127.0.0.1:65307] for GET '/session/88edbdc9d671f03b015bb067e7897014/element/4a5120e6-eb95-4df4-a122-540d352a017c/name'
18:10:56.721 [AsyncHttpClient-1-9] DEBUG org.asynchttpclient.netty.handler.HttpHandler - 

Request DefaultFullHttpRequest(decodeResult: success, version: HTTP/1.1, content: EmptyByteBufBE)
GET /session/88edbdc9d671f03b015bb067e7897014/element/4a5120e6-eb95-4df4-a122-540d352a017c/name HTTP/1.1
User-Agent: selenium/4.1.2 (java windows)
Cache-Control: no-cache
Content-Type: application/json; charset=utf-8
host: localhost:65307
accept: */*

Response DefaultHttpResponse(decodeResult: success, version: HTTP/1.1)
HTTP/1.1 200 OK
Content-Type: application/json; charset=utf-8
cache-control: no-cache
content-length: 18

18:10:56.721 [AsyncHttpClient-1-9] DEBUG org.asynchttpclient.netty.channel.ChannelManager - Adding key: http://localhost:65307 for channel [id: 0x6fe0761e, L:/127.0.0.1:65523 - R:localhost/127.0.0.1:65307]
18:10:56.724 [Forwarding isElementEnabled on session 88edbdc9d671f03b015bb067e7897014 to remote] DEBUG org.asynchttpclient.netty.request.NettyRequestSender - Using pooled Channel '[id: 0x6fe0761e, L:/127.0.0.1:65523 - R:localhost/127.0.0.1:65307]' for 'GET' to 'http://localhost:65307/session/88edbdc9d671f03b015bb067e7897014/element/4a5120e6-eb95-4df4-a122-540d352a017c/enabled'
18:10:56.724 [Forwarding isElementEnabled on session 88edbdc9d671f03b015bb067e7897014 to remote] DEBUG org.asynchttpclient.netty.request.NettyRequestSender - Using open Channel [id: 0x6fe0761e, L:/127.0.0.1:65523 - R:localhost/127.0.0.1:65307] for GET '/session/88edbdc9d671f03b015bb067e7897014/element/4a5120e6-eb95-4df4-a122-540d352a017c/enabled'
18:10:56.734 [AsyncHttpClient-1-9] DEBUG org.asynchttpclient.netty.handler.HttpHandler - 

Request DefaultFullHttpRequest(decodeResult: success, version: HTTP/1.1, content: EmptyByteBufBE)
GET /session/88edbdc9d671f03b015bb067e7897014/element/4a5120e6-eb95-4df4-a122-540d352a017c/enabled HTTP/1.1
User-Agent: selenium/4.1.2 (java windows)
Cache-Control: no-cache
Content-Type: application/json; charset=utf-8
host: localhost:65307
accept: */*

Response DefaultHttpResponse(decodeResult: success, version: HTTP/1.1)
HTTP/1.1 200 OK
Content-Type: application/json; charset=utf-8
cache-control: no-cache
content-length: 14

18:10:56.734 [AsyncHttpClient-1-9] DEBUG org.asynchttpclient.netty.channel.ChannelManager - Adding key: http://localhost:65307 for channel [id: 0x6fe0761e, L:/127.0.0.1:65523 - R:localhost/127.0.0.1:65307]
18:10:56.736 [Forwarding isElementEnabled on session 88edbdc9d671f03b015bb067e7897014 to remote] DEBUG org.asynchttpclient.netty.request.NettyRequestSender - Using pooled Channel '[id: 0x6fe0761e, L:/127.0.0.1:65523 - R:localhost/127.0.0.1:65307]' for 'GET' to 'http://localhost:65307/session/88edbdc9d671f03b015bb067e7897014/element/4a5120e6-eb95-4df4-a122-540d352a017c/enabled'
18:10:56.736 [Forwarding isElementEnabled on session 88edbdc9d671f03b015bb067e7897014 to remote] DEBUG org.asynchttpclient.netty.request.NettyRequestSender - Using open Channel [id: 0x6fe0761e, L:/127.0.0.1:65523 - R:localhost/127.0.0.1:65307] for GET '/session/88edbdc9d671f03b015bb067e7897014/element/4a5120e6-eb95-4df4-a122-540d352a017c/enabled'
18:10:56.742 [AsyncHttpClient-1-9] DEBUG org.asynchttpclient.netty.handler.HttpHandler - 

Request DefaultFullHttpRequest(decodeResult: success, version: HTTP/1.1, content: EmptyByteBufBE)
GET /session/88edbdc9d671f03b015bb067e7897014/element/4a5120e6-eb95-4df4-a122-540d352a017c/enabled HTTP/1.1
User-Agent: selenium/4.1.2 (java windows)
Cache-Control: no-cache
Content-Type: application/json; charset=utf-8
host: localhost:65307
accept: */*

Response DefaultHttpResponse(decodeResult: success, version: HTTP/1.1)
HTTP/1.1 200 OK
Content-Type: application/json; charset=utf-8
cache-control: no-cache
content-length: 14

18:10:56.743 [AsyncHttpClient-1-9] DEBUG org.asynchttpclient.netty.channel.ChannelManager - Adding key: http://localhost:65307 for channel [id: 0x6fe0761e, L:/127.0.0.1:65523 - R:localhost/127.0.0.1:65307]
18:10:56.744 [Forwarding findElement on session 88edbdc9d671f03b015bb067e7897014 to remote] DEBUG org.asynchttpclient.netty.request.NettyRequestSender - Using pooled Channel '[id: 0x6fe0761e, L:/127.0.0.1:65523 - R:localhost/127.0.0.1:65307]' for 'POST' to 'http://localhost:65307/session/88edbdc9d671f03b015bb067e7897014/element'
18:10:56.745 [Forwarding findElement on session 88edbdc9d671f03b015bb067e7897014 to remote] DEBUG org.asynchttpclient.netty.request.NettyRequestSender - Using open Channel [id: 0x6fe0761e, L:/127.0.0.1:65523 - R:localhost/127.0.0.1:65307] for POST '/session/88edbdc9d671f03b015bb067e7897014/element'
18:10:56.752 [AsyncHttpClient-1-9] DEBUG org.asynchttpclient.netty.handler.HttpHandler - 

Request DefaultHttpRequest(decodeResult: success, version: HTTP/1.1)
POST /session/88edbdc9d671f03b015bb067e7897014/element HTTP/1.1
User-Agent: selenium/4.1.2 (java windows)
Content-Length: 68
Content-Type: application/json; charset=utf-8
host: localhost:65307
accept: */*

Response DefaultHttpResponse(decodeResult: success, version: HTTP/1.1)
HTTP/1.1 200 OK
Content-Type: application/json; charset=utf-8
cache-control: no-cache
content-length: 88

18:10:56.752 [AsyncHttpClient-1-9] DEBUG org.asynchttpclient.netty.channel.ChannelManager - Adding key: http://localhost:65307 for channel [id: 0x6fe0761e, L:/127.0.0.1:65523 - R:localhost/127.0.0.1:65307]
18:10:56.754 [Forwarding clickElement on session 88edbdc9d671f03b015bb067e7897014 to remote] DEBUG org.asynchttpclient.netty.request.NettyRequestSender - Using pooled Channel '[id: 0x6fe0761e, L:/127.0.0.1:65523 - R:localhost/127.0.0.1:65307]' for 'POST' to 'http://localhost:65307/session/88edbdc9d671f03b015bb067e7897014/element/4a5120e6-eb95-4df4-a122-540d352a017c/click'
18:10:56.754 [Forwarding clickElement on session 88edbdc9d671f03b015bb067e7897014 to remote] DEBUG org.asynchttpclient.netty.request.NettyRequestSender - Using open Channel [id: 0x6fe0761e, L:/127.0.0.1:65523 - R:localhost/127.0.0.1:65307] for POST '/session/88edbdc9d671f03b015bb067e7897014/element/4a5120e6-eb95-4df4-a122-540d352a017c/click'
18:10:56.820 [AsyncHttpClient-1-9] DEBUG org.asynchttpclient.netty.handler.HttpHandler - 

Request DefaultHttpRequest(decodeResult: success, version: HTTP/1.1)
POST /session/88edbdc9d671f03b015bb067e7897014/element/4a5120e6-eb95-4df4-a122-540d352a017c/click HTTP/1.1
User-Agent: selenium/4.1.2 (java windows)
Content-Length: 50
Content-Type: application/json; charset=utf-8
host: localhost:65307
accept: */*

Response DefaultHttpResponse(decodeResult: success, version: HTTP/1.1)
HTTP/1.1 200 OK
Content-Type: application/json; charset=utf-8
cache-control: no-cache
content-length: 14

18:10:56.820 [AsyncHttpClient-1-9] DEBUG org.asynchttpclient.netty.channel.ChannelManager - Adding key: http://localhost:65307 for channel [id: 0x6fe0761e, L:/127.0.0.1:65523 - R:localhost/127.0.0.1:65307]
18:10:56.836 [Forwarding screenshot on session 88edbdc9d671f03b015bb067e7897014 to remote] DEBUG org.asynchttpclient.netty.request.NettyRequestSender - Using pooled Channel '[id: 0x6fe0761e, L:/127.0.0.1:65523 - R:localhost/127.0.0.1:65307]' for 'GET' to 'http://localhost:65307/session/88edbdc9d671f03b015bb067e7897014/screenshot'
18:10:56.836 [Forwarding screenshot on session 88edbdc9d671f03b015bb067e7897014 to remote] DEBUG org.asynchttpclient.netty.request.NettyRequestSender - Using open Channel [id: 0x6fe0761e, L:/127.0.0.1:65523 - R:localhost/127.0.0.1:65307] for GET '/session/88edbdc9d671f03b015bb067e7897014/screenshot'
18:10:56.961 [AsyncHttpClient-1-1] DEBUG org.asynchttpclient.netty.channel.DefaultChannelPool - Entry count for : http://localhost:65524 : 1
18:10:57.031 [AsyncHttpClient-1-9] DEBUG org.asynchttpclient.netty.handler.HttpHandler - 

Request DefaultFullHttpRequest(decodeResult: success, version: HTTP/1.1, content: EmptyByteBufBE)
GET /session/88edbdc9d671f03b015bb067e7897014/screenshot HTTP/1.1
User-Agent: selenium/4.1.2 (java windows)
Cache-Control: no-cache
Content-Type: application/json; charset=utf-8
host: localhost:65307
accept: */*

Response DefaultHttpResponse(decodeResult: success, version: HTTP/1.1)
HTTP/1.1 200 OK
Content-Type: application/json; charset=utf-8
cache-control: no-cache
content-length: 151504

18:10:57.037 [AsyncHttpClient-1-9] DEBUG org.asynchttpclient.netty.channel.ChannelManager - Adding key: http://localhost:65307 for channel [id: 0x6fe0761e, L:/127.0.0.1:65523 - R:localhost/127.0.0.1:65307]
18:10:57.044 [main] DEBUG net.serenitybdd.core.photography.Darkroom - Send negative for processing for target\site\serenity\b4d01975cdbac1c54f24d4a53446b885071c807b253132a59ecd6c7eaa21dc80.png
18:10:57.045 [main] DEBUG net.thucydides.core.steps.StepInterceptor - STEP DONE: clickLoginButtonOnBookstore
  &amp#27;[32mAnd &amp#27;[0m&amp#27;[32mi click login button in bookstore page&amp#27;[0m                 &amp#27;[90m# starter.stepdefenitions.LoginSteps.clickLoginButtonInBookstore()&amp#27;[0m
18:10:57.045 [Darkroom Processing Line] DEBUG net.serenitybdd.core.photography.DarkroomProcessingLine - Processing screenshot image in /var/screenshots/screenshot-6992976665670951763
18:10:57.045 [Darkroom Processing Line] DEBUG net.serenitybdd.core.photography.DarkroomProcessingLine - Saving screenshot to target\site\serenity\b4d01975cdbac1c54f24d4a53446b885071c807b253132a59ecd6c7eaa21dc80.png
18:10:57.059 [main] DEBUG net.thucydides.core.steps.StepInterceptor - STARTING STEP: LoginSteps.onLoginPage - validationOnLoginPage
18:10:57.061 [Forwarding findElement on session 88edbdc9d671f03b015bb067e7897014 to remote] DEBUG org.asynchttpclient.netty.request.NettyRequestSender - Using pooled Channel '[id: 0x6fe0761e, L:/127.0.0.1:65523 - R:localhost/127.0.0.1:65307]' for 'POST' to 'http://localhost:65307/session/88edbdc9d671f03b015bb067e7897014/element'
18:10:57.061 [Forwarding findElement on session 88edbdc9d671f03b015bb067e7897014 to remote] DEBUG org.asynchttpclient.netty.request.NettyRequestSender - Using open Channel [id: 0x6fe0761e, L:/127.0.0.1:65523 - R:localhost/127.0.0.1:65307] for POST '/session/88edbdc9d671f03b015bb067e7897014/element'
18:10:57.073 [AsyncHttpClient-1-9] DEBUG org.asynchttpclient.netty.handler.HttpHandler - 

Request DefaultHttpRequest(decodeResult: success, version: HTTP/1.1)
POST /session/88edbdc9d671f03b015bb067e7897014/element HTTP/1.1
User-Agent: selenium/4.1.2 (java windows)
Content-Length: 53
Content-Type: application/json; charset=utf-8
host: localhost:65307
accept: */*

Response DefaultHttpResponse(decodeResult: success, version: HTTP/1.1)
HTTP/1.1 200 OK
Content-Type: application/json; charset=utf-8
cache-control: no-cache
content-length: 88

18:10:57.073 [AsyncHttpClient-1-9] DEBUG org.asynchttpclient.netty.channel.ChannelManager - Adding key: http://localhost:65307 for channel [id: 0x6fe0761e, L:/127.0.0.1:65523 - R:localhost/127.0.0.1:65307]
18:10:57.077 [Forwarding isElementDisplayed on session 88edbdc9d671f03b015bb067e7897014 to remote] DEBUG org.asynchttpclient.netty.request.NettyRequestSender - Using pooled Channel '[id: 0x6fe0761e, L:/127.0.0.1:65523 - R:localhost/127.0.0.1:65307]' for 'POST' to 'http://localhost:65307/session/88edbdc9d671f03b015bb067e7897014/execute/sync'
18:10:57.077 [Forwarding isElementDisplayed on session 88edbdc9d671f03b015bb067e7897014 to remote] DEBUG org.asynchttpclient.netty.request.NettyRequestSender - Using open Channel [id: 0x6fe0761e, L:/127.0.0.1:65523 - R:localhost/127.0.0.1:65307] for POST '/session/88edbdc9d671f03b015bb067e7897014/execute/sync'
18:10:57.092 [AsyncHttpClient-1-9] DEBUG org.asynchttpclient.netty.handler.HttpHandler - 

Request DefaultHttpRequest(decodeResult: success, version: HTTP/1.1)
POST /session/88edbdc9d671f03b015bb067e7897014/execute/sync HTTP/1.1
User-Agent: selenium/4.1.2 (java windows)
Content-Length: 48780
Content-Type: application/json; charset=utf-8
host: localhost:65307
accept: */*

Response DefaultHttpResponse(decodeResult: success, version: HTTP/1.1)
HTTP/1.1 200 OK
Content-Type: application/json; charset=utf-8
cache-control: no-cache
content-length: 14

18:10:57.092 [AsyncHttpClient-1-9] DEBUG org.asynchttpclient.netty.channel.ChannelManager - Adding key: http://localhost:65307 for channel [id: 0x6fe0761e, L:/127.0.0.1:65523 - R:localhost/127.0.0.1:65307]
18:10:57.102 [Forwarding screenshot on session 88edbdc9d671f03b015bb067e7897014 to remote] DEBUG org.asynchttpclient.netty.request.NettyRequestSender - Using pooled Channel '[id: 0x6fe0761e, L:/127.0.0.1:65523 - R:localhost/127.0.0.1:65307]' for 'GET' to 'http://localhost:65307/session/88edbdc9d671f03b015bb067e7897014/screenshot'
18:10:57.102 [Forwarding screenshot on session 88edbdc9d671f03b015bb067e7897014 to remote] DEBUG org.asynchttpclient.netty.request.NettyRequestSender - Using open Channel [id: 0x6fe0761e, L:/127.0.0.1:65523 - R:localhost/127.0.0.1:65307] for GET '/session/88edbdc9d671f03b015bb067e7897014/screenshot'
18:10:57.278 [AsyncHttpClient-1-9] DEBUG org.asynchttpclient.netty.handler.HttpHandler - 

Request DefaultFullHttpRequest(decodeResult: success, version: HTTP/1.1, content: EmptyByteBufBE)
GET /session/88edbdc9d671f03b015bb067e7897014/screenshot HTTP/1.1
User-Agent: selenium/4.1.2 (java windows)
Cache-Control: no-cache
Content-Type: application/json; charset=utf-8
host: localhost:65307
accept: */*

Response DefaultHttpResponse(decodeResult: success, version: HTTP/1.1)
HTTP/1.1 200 OK
Content-Type: application/json; charset=utf-8
cache-control: no-cache
content-length: 151504

18:10:57.279 [AsyncHttpClient-1-9] DEBUG org.asynchttpclient.netty.channel.ChannelManager - Adding key: http://localhost:65307 for channel [id: 0x6fe0761e, L:/127.0.0.1:65523 - R:localhost/127.0.0.1:65307]
18:10:57.286 [main] DEBUG net.serenitybdd.core.photography.Darkroom - Send negative for processing for target\site\serenity\b4d01975cdbac1c54f24d4a53446b885071c807b253132a59ecd6c7eaa21dc80.png
18:10:57.286 [main] DEBUG net.thucydides.core.steps.StepInterceptor - STEP DONE: validationOnLoginPage
  &amp#27;[32mGiven &amp#27;[0m&amp#27;[32mi am on the login page&amp#27;[0m                               &amp#27;[90m# starter.stepdefenitions.LoginSteps.onLoginPage()&amp#27;[0m
18:10:57.302 [main] DEBUG net.thucydides.core.steps.StepInterceptor - STARTING STEP: LoginSteps.notInputUsernamePassword - inputPassword
18:10:57.304 [Forwarding findElement on session 88edbdc9d671f03b015bb067e7897014 to remote] DEBUG org.asynchttpclient.netty.request.NettyRequestSender - Using pooled Channel '[id: 0x6fe0761e, L:/127.0.0.1:65523 - R:localhost/127.0.0.1:65307]' for 'POST' to 'http://localhost:65307/session/88edbdc9d671f03b015bb067e7897014/element'
18:10:57.304 [Forwarding findElement on session 88edbdc9d671f03b015bb067e7897014 to remote] DEBUG org.asynchttpclient.netty.request.NettyRequestSender - Using open Channel [id: 0x6fe0761e, L:/127.0.0.1:65523 - R:localhost/127.0.0.1:65307] for POST '/session/88edbdc9d671f03b015bb067e7897014/element'
18:10:57.317 [AsyncHttpClient-1-9] DEBUG org.asynchttpclient.netty.handler.HttpHandler - 

Request DefaultHttpRequest(decodeResult: success, version: HTTP/1.1)
POST /session/88edbdc9d671f03b015bb067e7897014/element HTTP/1.1
User-Agent: selenium/4.1.2 (java windows)
Content-Length: 70
Content-Type: application/json; charset=utf-8
host: localhost:65307
accept: */*

Response DefaultHttpResponse(decodeResult: success, version: HTTP/1.1)
HTTP/1.1 200 OK
Content-Type: application/json; charset=utf-8
cache-control: no-cache
content-length: 88

18:10:57.317 [AsyncHttpClient-1-9] DEBUG org.asynchttpclient.netty.channel.ChannelManager - Adding key: http://localhost:65307 for channel [id: 0x6fe0761e, L:/127.0.0.1:65523 - R:localhost/127.0.0.1:65307]
18:10:57.318 [Forwarding clearElement on session 88edbdc9d671f03b015bb067e7897014 to remote] DEBUG org.asynchttpclient.netty.request.NettyRequestSender - Using pooled Channel '[id: 0x6fe0761e, L:/127.0.0.1:65523 - R:localhost/127.0.0.1:65307]' for 'POST' to 'http://localhost:65307/session/88edbdc9d671f03b015bb067e7897014/element/583a7fd7-2ae6-4cb3-be38-97659e80d00b/clear'
18:10:57.318 [Forwarding clearElement on session 88edbdc9d671f03b015bb067e7897014 to remote] DEBUG org.asynchttpclient.netty.request.NettyRequestSender - Using open Channel [id: 0x6fe0761e, L:/127.0.0.1:65523 - R:localhost/127.0.0.1:65307] for POST '/session/88edbdc9d671f03b015bb067e7897014/element/583a7fd7-2ae6-4cb3-be38-97659e80d00b/clear'
18:10:57.355 [AsyncHttpClient-1-9] DEBUG org.asynchttpclient.netty.handler.HttpHandler - 

Request DefaultHttpRequest(decodeResult: success, version: HTTP/1.1)
POST /session/88edbdc9d671f03b015bb067e7897014/element/583a7fd7-2ae6-4cb3-be38-97659e80d00b/clear HTTP/1.1
User-Agent: selenium/4.1.2 (java windows)
Content-Length: 50
Content-Type: application/json; charset=utf-8
host: localhost:65307
accept: */*

Response DefaultHttpResponse(decodeResult: success, version: HTTP/1.1)
HTTP/1.1 200 OK
Content-Type: application/json; charset=utf-8
cache-control: no-cache
content-length: 14

18:10:57.356 [AsyncHttpClient-1-9] DEBUG org.asynchttpclient.netty.channel.ChannelManager - Adding key: http://localhost:65307 for channel [id: 0x6fe0761e, L:/127.0.0.1:65523 - R:localhost/127.0.0.1:65307]
18:10:57.358 [Forwarding sendKeysToElement on session 88edbdc9d671f03b015bb067e7897014 to remote] DEBUG org.asynchttpclient.netty.request.NettyRequestSender - Using pooled Channel '[id: 0x6fe0761e, L:/127.0.0.1:65523 - R:localhost/127.0.0.1:65307]' for 'POST' to 'http://localhost:65307/session/88edbdc9d671f03b015bb067e7897014/element/583a7fd7-2ae6-4cb3-be38-97659e80d00b/value'
18:10:57.358 [Forwarding sendKeysToElement on session 88edbdc9d671f03b015bb067e7897014 to remote] DEBUG org.asynchttpclient.netty.request.NettyRequestSender - Using open Channel [id: 0x6fe0761e, L:/127.0.0.1:65523 - R:localhost/127.0.0.1:65307] for POST '/session/88edbdc9d671f03b015bb067e7897014/element/583a7fd7-2ae6-4cb3-be38-97659e80d00b/value'
18:10:57.411 [AsyncHttpClient-1-9] DEBUG org.asynchttpclient.netty.handler.HttpHandler - 

Request DefaultHttpRequest(decodeResult: success, version: HTTP/1.1)
POST /session/88edbdc9d671f03b015bb067e7897014/element/583a7fd7-2ae6-4cb3-be38-97659e80d00b/value HTTP/1.1
User-Agent: selenium/4.1.2 (java windows)
Content-Length: 82
Content-Type: application/json; charset=utf-8
host: localhost:65307
accept: */*

Response DefaultHttpResponse(decodeResult: success, version: HTTP/1.1)
HTTP/1.1 200 OK
Content-Type: application/json; charset=utf-8
cache-control: no-cache
content-length: 14

18:10:57.411 [AsyncHttpClient-1-9] DEBUG org.asynchttpclient.netty.channel.ChannelManager - Adding key: http://localhost:65307 for channel [id: 0x6fe0761e, L:/127.0.0.1:65523 - R:localhost/127.0.0.1:65307]
18:10:57.420 [Forwarding screenshot on session 88edbdc9d671f03b015bb067e7897014 to remote] DEBUG org.asynchttpclient.netty.request.NettyRequestSender - Using pooled Channel '[id: 0x6fe0761e, L:/127.0.0.1:65523 - R:localhost/127.0.0.1:65307]' for 'GET' to 'http://localhost:65307/session/88edbdc9d671f03b015bb067e7897014/screenshot'
18:10:57.420 [Forwarding screenshot on session 88edbdc9d671f03b015bb067e7897014 to remote] DEBUG org.asynchttpclient.netty.request.NettyRequestSender - Using open Channel [id: 0x6fe0761e, L:/127.0.0.1:65523 - R:localhost/127.0.0.1:65307] for GET '/session/88edbdc9d671f03b015bb067e7897014/screenshot'
18:10:57.584 [AsyncHttpClient-1-9] DEBUG org.asynchttpclient.netty.handler.HttpHandler - 

Request DefaultFullHttpRequest(decodeResult: success, version: HTTP/1.1, content: EmptyByteBufBE)
GET /session/88edbdc9d671f03b015bb067e7897014/screenshot HTTP/1.1
User-Agent: selenium/4.1.2 (java windows)
Cache-Control: no-cache
Content-Type: application/json; charset=utf-8
host: localhost:65307
accept: */*

Response DefaultHttpResponse(decodeResult: success, version: HTTP/1.1)
HTTP/1.1 200 OK
Content-Type: application/json; charset=utf-8
cache-control: no-cache
content-length: 151768

18:10:57.584 [AsyncHttpClient-1-9] DEBUG org.asynchttpclient.netty.channel.ChannelManager - Adding key: http://localhost:65307 for channel [id: 0x6fe0761e, L:/127.0.0.1:65523 - R:localhost/127.0.0.1:65307]
18:10:57.592 [main] DEBUG net.serenitybdd.core.photography.Darkroom - Send negative for processing for target\site\serenity\9cb28f6a4e62e415bd0d4f96e4f688e9958b44fbe726b3396261988446e17d02.png
18:10:57.592 [main] DEBUG net.thucydides.core.steps.StepInterceptor - STEP DONE: inputPassword
18:10:57.592 [Darkroom Processing Line] DEBUG net.serenitybdd.core.photography.DarkroomProcessingLine - Processing screenshot image in /var/screenshots/screenshot-2406915067525422784
18:10:57.592 [Darkroom Processing Line] DEBUG net.serenitybdd.core.photography.DarkroomProcessingLine - Saving screenshot to target\site\serenity\9cb28f6a4e62e415bd0d4f96e4f688e9958b44fbe726b3396261988446e17d02.png
18:10:57.599 [main] DEBUG net.thucydides.core.steps.StepInterceptor - STARTING STEP: LoginSteps.notInputUsernamePassword - inputUsername
18:10:57.601 [Forwarding findElement on session 88edbdc9d671f03b015bb067e7897014 to remote] DEBUG org.asynchttpclient.netty.request.NettyRequestSender - Using pooled Channel '[id: 0x6fe0761e, L:/127.0.0.1:65523 - R:localhost/127.0.0.1:65307]' for 'POST' to 'http://localhost:65307/session/88edbdc9d671f03b015bb067e7897014/element'
18:10:57.602 [Forwarding findElement on session 88edbdc9d671f03b015bb067e7897014 to remote] DEBUG org.asynchttpclient.netty.request.NettyRequestSender - Using open Channel [id: 0x6fe0761e, L:/127.0.0.1:65523 - R:localhost/127.0.0.1:65307] for POST '/session/88edbdc9d671f03b015bb067e7897014/element'
18:10:57.616 [AsyncHttpClient-1-9] DEBUG org.asynchttpclient.netty.handler.HttpHandler - 

Request DefaultHttpRequest(decodeResult: success, version: HTTP/1.1)
POST /session/88edbdc9d671f03b015bb067e7897014/element HTTP/1.1
User-Agent: selenium/4.1.2 (java windows)
Content-Length: 70
Content-Type: application/json; charset=utf-8
host: localhost:65307
accept: */*

Response DefaultHttpResponse(decodeResult: success, version: HTTP/1.1)
HTTP/1.1 200 OK
Content-Type: application/json; charset=utf-8
cache-control: no-cache
content-length: 88

18:10:57.616 [AsyncHttpClient-1-9] DEBUG org.asynchttpclient.netty.channel.ChannelManager - Adding key: http://localhost:65307 for channel [id: 0x6fe0761e, L:/127.0.0.1:65523 - R:localhost/127.0.0.1:65307]
18:10:57.617 [Forwarding clearElement on session 88edbdc9d671f03b015bb067e7897014 to remote] DEBUG org.asynchttpclient.netty.request.NettyRequestSender - Using pooled Channel '[id: 0x6fe0761e, L:/127.0.0.1:65523 - R:localhost/127.0.0.1:65307]' for 'POST' to 'http://localhost:65307/session/88edbdc9d671f03b015bb067e7897014/element/ea0a823e-f703-431f-89a6-051a81c24cb6/clear'
18:10:57.617 [Forwarding clearElement on session 88edbdc9d671f03b015bb067e7897014 to remote] DEBUG org.asynchttpclient.netty.request.NettyRequestSender - Using open Channel [id: 0x6fe0761e, L:/127.0.0.1:65523 - R:localhost/127.0.0.1:65307] for POST '/session/88edbdc9d671f03b015bb067e7897014/element/ea0a823e-f703-431f-89a6-051a81c24cb6/clear'
18:10:57.652 [AsyncHttpClient-1-9] DEBUG org.asynchttpclient.netty.handler.HttpHandler - 

Request DefaultHttpRequest(decodeResult: success, version: HTTP/1.1)
POST /session/88edbdc9d671f03b015bb067e7897014/element/ea0a823e-f703-431f-89a6-051a81c24cb6/clear HTTP/1.1
User-Agent: selenium/4.1.2 (java windows)
Content-Length: 50
Content-Type: application/json; charset=utf-8
host: localhost:65307
accept: */*

Response DefaultHttpResponse(decodeResult: success, version: HTTP/1.1)
HTTP/1.1 200 OK
Content-Type: application/json; charset=utf-8
cache-control: no-cache
content-length: 14

18:10:57.652 [AsyncHttpClient-1-9] DEBUG org.asynchttpclient.netty.channel.ChannelManager - Adding key: http://localhost:65307 for channel [id: 0x6fe0761e, L:/127.0.0.1:65523 - R:localhost/127.0.0.1:65307]
18:10:57.655 [Forwarding sendKeysToElement on session 88edbdc9d671f03b015bb067e7897014 to remote] DEBUG org.asynchttpclient.netty.request.NettyRequestSender - Using pooled Channel '[id: 0x6fe0761e, L:/127.0.0.1:65523 - R:localhost/127.0.0.1:65307]' for 'POST' to 'http://localhost:65307/session/88edbdc9d671f03b015bb067e7897014/element/ea0a823e-f703-431f-89a6-051a81c24cb6/value'
18:10:57.655 [Forwarding sendKeysToElement on session 88edbdc9d671f03b015bb067e7897014 to remote] DEBUG org.asynchttpclient.netty.request.NettyRequestSender - Using open Channel [id: 0x6fe0761e, L:/127.0.0.1:65523 - R:localhost/127.0.0.1:65307] for POST '/session/88edbdc9d671f03b015bb067e7897014/element/ea0a823e-f703-431f-89a6-051a81c24cb6/value'
18:10:57.699 [AsyncHttpClient-1-9] DEBUG org.asynchttpclient.netty.handler.HttpHandler - 

Request DefaultHttpRequest(decodeResult: success, version: HTTP/1.1)
POST /session/88edbdc9d671f03b015bb067e7897014/element/ea0a823e-f703-431f-89a6-051a81c24cb6/value HTTP/1.1
User-Agent: selenium/4.1.2 (java windows)
Content-Length: 82
Content-Type: application/json; charset=utf-8
host: localhost:65307
accept: */*

Response DefaultHttpResponse(decodeResult: success, version: HTTP/1.1)
HTTP/1.1 200 OK
Content-Type: application/json; charset=utf-8
cache-control: no-cache
content-length: 14

18:10:57.700 [AsyncHttpClient-1-9] DEBUG org.asynchttpclient.netty.channel.ChannelManager - Adding key: http://localhost:65307 for channel [id: 0x6fe0761e, L:/127.0.0.1:65523 - R:localhost/127.0.0.1:65307]
18:10:57.706 [Forwarding screenshot on session 88edbdc9d671f03b015bb067e7897014 to remote] DEBUG org.asynchttpclient.netty.request.NettyRequestSender - Using pooled Channel '[id: 0x6fe0761e, L:/127.0.0.1:65523 - R:localhost/127.0.0.1:65307]' for 'GET' to 'http://localhost:65307/session/88edbdc9d671f03b015bb067e7897014/screenshot'
18:10:57.706 [Forwarding screenshot on session 88edbdc9d671f03b015bb067e7897014 to remote] DEBUG org.asynchttpclient.netty.request.NettyRequestSender - Using open Channel [id: 0x6fe0761e, L:/127.0.0.1:65523 - R:localhost/127.0.0.1:65307] for GET '/session/88edbdc9d671f03b015bb067e7897014/screenshot'
18:10:57.883 [AsyncHttpClient-1-9] DEBUG org.asynchttpclient.netty.handler.HttpHandler - 

Request DefaultFullHttpRequest(decodeResult: success, version: HTTP/1.1, content: EmptyByteBufBE)
GET /session/88edbdc9d671f03b015bb067e7897014/screenshot HTTP/1.1
User-Agent: selenium/4.1.2 (java windows)
Cache-Control: no-cache
Content-Type: application/json; charset=utf-8
host: localhost:65307
accept: */*

Response DefaultHttpResponse(decodeResult: success, version: HTTP/1.1)
HTTP/1.1 200 OK
Content-Type: application/json; charset=utf-8
cache-control: no-cache
content-length: 152008

18:10:57.883 [AsyncHttpClient-1-9] DEBUG org.asynchttpclient.netty.channel.ChannelManager - Adding key: http://localhost:65307 for channel [id: 0x6fe0761e, L:/127.0.0.1:65523 - R:localhost/127.0.0.1:65307]
18:10:57.891 [main] DEBUG net.serenitybdd.core.photography.Darkroom - Send negative for processing for target\site\serenity\555ac366523c91dc959fee35f3f82eab3410b30840669e7fdb456869c92d3299.png
18:10:57.891 [main] DEBUG net.thucydides.core.steps.StepInterceptor - STEP DONE: inputUsername
  &amp#27;[32mWhen &amp#27;[0m&amp#27;[32mi not input username and password&amp#27;[0m                     &amp#27;[90m# starter.stepdefenitions.LoginSteps.notInputUsernamePassword()&amp#27;[0m
18:10:57.891 [Darkroom Processing Line] DEBUG net.serenitybdd.core.photography.DarkroomProcessingLine - Processing screenshot image in /var/screenshots/screenshot-5206963637635139851
18:10:57.891 [Darkroom Processing Line] DEBUG net.serenitybdd.core.photography.DarkroomProcessingLine - Saving screenshot to target\site\serenity\555ac366523c91dc959fee35f3f82eab3410b30840669e7fdb456869c92d3299.png
18:10:57.906 [main] DEBUG net.thucydides.core.steps.StepInterceptor - STARTING STEP: LoginSteps.clickLoginButton - clickLoginButton
18:10:57.909 [main] DEBUG net.thucydides.core.steps.StepInterceptor - STEP DONE: clickLoginButton
  &amp#27;[32mAnd &amp#27;[0m&amp#27;[32mi click login button&amp#27;[0m                                   &amp#27;[90m# starter.stepdefenitions.LoginSteps.clickLoginButton()&amp#27;[0m
18:10:57.924 [main] DEBUG net.thucydides.core.steps.StepInterceptor - STARTING STEP: LoginSteps.iGetErrorMessage - getErrorMessage
18:10:57.926 [Forwarding findElement on session 88edbdc9d671f03b015bb067e7897014 to remote] DEBUG org.asynchttpclient.netty.request.NettyRequestSender - Using pooled Channel '[id: 0x6fe0761e, L:/127.0.0.1:65523 - R:localhost/127.0.0.1:65307]' for 'POST' to 'http://localhost:65307/session/88edbdc9d671f03b015bb067e7897014/element'
18:10:57.926 [Forwarding findElement on session 88edbdc9d671f03b015bb067e7897014 to remote] DEBUG org.asynchttpclient.netty.request.NettyRequestSender - Using open Channel [id: 0x6fe0761e, L:/127.0.0.1:65523 - R:localhost/127.0.0.1:65307] for POST '/session/88edbdc9d671f03b015bb067e7897014/element'
18:10:57.935 [AsyncHttpClient-1-9] DEBUG org.asynchttpclient.netty.handler.HttpHandler - 

Request DefaultHttpRequest(decodeResult: success, version: HTTP/1.1)
POST /session/88edbdc9d671f03b015bb067e7897014/element HTTP/1.1
User-Agent: selenium/4.1.2 (java windows)
Content-Length: 53
Content-Type: application/json; charset=utf-8
host: localhost:65307
accept: */*

Response DefaultHttpResponse(decodeResult: success, version: HTTP/1.1)
HTTP/1.1 200 OK
Content-Type: application/json; charset=utf-8
cache-control: no-cache
content-length: 88

18:10:57.935 [AsyncHttpClient-1-9] DEBUG org.asynchttpclient.netty.channel.ChannelManager - Adding key: http://localhost:65307 for channel [id: 0x6fe0761e, L:/127.0.0.1:65523 - R:localhost/127.0.0.1:65307]
18:10:57.939 [Forwarding isElementDisplayed on session 88edbdc9d671f03b015bb067e7897014 to remote] DEBUG org.asynchttpclient.netty.request.NettyRequestSender - Using pooled Channel '[id: 0x6fe0761e, L:/127.0.0.1:65523 - R:localhost/127.0.0.1:65307]' for 'POST' to 'http://localhost:65307/session/88edbdc9d671f03b015bb067e7897014/execute/sync'
18:10:57.939 [Forwarding isElementDisplayed on session 88edbdc9d671f03b015bb067e7897014 to remote] DEBUG org.asynchttpclient.netty.request.NettyRequestSender - Using open Channel [id: 0x6fe0761e, L:/127.0.0.1:65523 - R:localhost/127.0.0.1:65307] for POST '/session/88edbdc9d671f03b015bb067e7897014/execute/sync'
18:10:57.952 [AsyncHttpClient-1-9] DEBUG org.asynchttpclient.netty.handler.HttpHandler - 

Request DefaultHttpRequest(decodeResult: success, version: HTTP/1.1)
POST /session/88edbdc9d671f03b015bb067e7897014/execute/sync HTTP/1.1
User-Agent: selenium/4.1.2 (java windows)
Content-Length: 48780
Content-Type: application/json; charset=utf-8
host: localhost:65307
accept: */*

Response DefaultHttpResponse(decodeResult: success, version: HTTP/1.1)
HTTP/1.1 200 OK
Content-Type: application/json; charset=utf-8
cache-control: no-cache
content-length: 14

18:10:57.952 [AsyncHttpClient-1-9] DEBUG org.asynchttpclient.netty.channel.ChannelManager - Adding key: http://localhost:65307 for channel [id: 0x6fe0761e, L:/127.0.0.1:65523 - R:localhost/127.0.0.1:65307]
18:10:57.959 [Forwarding screenshot on session 88edbdc9d671f03b015bb067e7897014 to remote] DEBUG org.asynchttpclient.netty.request.NettyRequestSender - Using pooled Channel '[id: 0x6fe0761e, L:/127.0.0.1:65523 - R:localhost/127.0.0.1:65307]' for 'GET' to 'http://localhost:65307/session/88edbdc9d671f03b015bb067e7897014/screenshot'
18:10:57.959 [Forwarding screenshot on session 88edbdc9d671f03b015bb067e7897014 to remote] DEBUG org.asynchttpclient.netty.request.NettyRequestSender - Using open Channel [id: 0x6fe0761e, L:/127.0.0.1:65523 - R:localhost/127.0.0.1:65307] for GET '/session/88edbdc9d671f03b015bb067e7897014/screenshot'
18:10:58.061 [AsyncHttpClient-1-1] DEBUG org.asynchttpclient.netty.channel.DefaultChannelPool - Entry count for : http://localhost:65524 : 1
18:10:58.112 [AsyncHttpClient-1-9] DEBUG org.asynchttpclient.netty.handler.HttpHandler - 

Request DefaultFullHttpRequest(decodeResult: success, version: HTTP/1.1, content: EmptyByteBufBE)
GET /session/88edbdc9d671f03b015bb067e7897014/screenshot HTTP/1.1
User-Agent: selenium/4.1.2 (java windows)
Cache-Control: no-cache
Content-Type: application/json; charset=utf-8
host: localhost:65307
accept: */*

Response DefaultHttpResponse(decodeResult: success, version: HTTP/1.1)
HTTP/1.1 200 OK
Content-Type: application/json; charset=utf-8
cache-control: no-cache
content-length: 151852

18:10:58.112 [AsyncHttpClient-1-9] DEBUG org.asynchttpclient.netty.channel.ChannelManager - Adding key: http://localhost:65307 for channel [id: 0x6fe0761e, L:/127.0.0.1:65523 - R:localhost/127.0.0.1:65307]
18:10:58.119 [main] DEBUG net.serenitybdd.core.photography.Darkroom - Send negative for processing for target\site\serenity\ea6c74448f83df385647d2234638335dc9adc16c019ad913e20e356bbe7718d8.png
18:10:58.120 [main] DEBUG net.thucydides.core.steps.StepInterceptor - STEP DONE: getErrorMessage
  &amp#27;[32mThen &amp#27;[0m&amp#27;[32mi get error message&amp#27;[0m                                   &amp#27;[90m# starter.stepdefenitions.LoginSteps.iGetErrorMessage()&amp#27;[0m
18:10:58.120 [Darkroom Processing Line] DEBUG net.serenitybdd.core.photography.DarkroomProcessingLine - Processing screenshot image in /var/screenshots/screenshot-4730586818321235928
18:10:58.120 [Darkroom Processing Line] DEBUG net.serenitybdd.core.photography.DarkroomProcessingLine - Saving screenshot to target\site\serenity\ea6c74448f83df385647d2234638335dc9adc16c019ad913e20e356bbe7718d8.png
18:10:58.126 [main] INFO  - 
  _____   ___   ___   _____     ___     _     ___   ___   ___   ___  
 |_   _| | __| / __| |_   _|   | _ \   /_\   / __| / __| | __| |   \ 
   | |   | _|  \__ \   | |     |  _/  / _ \  \__ \ \__ \ | _|  | |) |
   |_|   |___| |___/   |_|     |_|   /_/ \_\ |___/ |___/ |___| |___/ 

As user i have failed to login with not input data
----------------------------------------------------------------------
18:10:58.127 [AsyncHttpClient-1-3] DEBUG org.asynchttpclient.netty.handler.WebSocketHandler - Channel Closed: [id: 0x7bd7c46a, L:/127.0.0.1:65530 ! R:localhost/127.0.0.1:65524] with attribute NettyResponseFuture{currentRetry=5,
	isDone=1,
	isCancelled=0,
	asyncHandler=org.asynchttpclient.ws.WebSocketUpgradeHandler@112f38de,
	nettyRequest=org.asynchttpclient.netty.request.NettyRequest@189acab6,
	future=java.util.concurrent.CompletableFuture@a71cf3c[Completed normally],
	uri=ws://localhost:65524/devtools/browser/e1bcf25e-b763-4e06-b441-d4ac4f5effd8,
	keepAlive=true,
	redirectCount=0,
	timeoutsHolder=null,
	inAuth=0,
	touch=1649761848676}
18:10:58.128 [AsyncHttpClient-1-3] DEBUG org.asynchttpclient.netty.channel.ChannelManager - Closing Channel [id: 0x7bd7c46a, L:/127.0.0.1:65530 ! R:localhost/127.0.0.1:65524] 
18:10:58.129 [Driver Command Executor] DEBUG org.asynchttpclient.netty.request.NettyRequestSender - Using pooled Channel '[id: 0x6fe0761e, L:/127.0.0.1:65523 - R:localhost/127.0.0.1:65307]' for 'DELETE' to 'http://localhost:65307/session/88edbdc9d671f03b015bb067e7897014'
18:10:58.129 [Driver Command Executor] DEBUG org.asynchttpclient.netty.request.NettyRequestSender - Using open Channel [id: 0x6fe0761e, L:/127.0.0.1:65523 - R:localhost/127.0.0.1:65307] for DELETE '/session/88edbdc9d671f03b015bb067e7897014'
18:10:58.232 [AsyncHttpClient-1-2] DEBUG org.asynchttpclient.netty.handler.HttpHandler - Unexpected I/O exception on channel [id: 0xf2b0c859, L:/127.0.0.1:65529 - R:localhost/127.0.0.1:65524]
java.io.IOException: An existing connection was forcibly closed by the remote host
	at sun.nio.ch.SocketDispatcher.read0(Native Method)
	at sun.nio.ch.SocketDispatcher.read(SocketDispatcher.java:43)
	at sun.nio.ch.IOUtil.readIntoNativeBuffer(IOUtil.java:223)
	at sun.nio.ch.IOUtil.read(IOUtil.java:192)
	at sun.nio.ch.SocketChannelImpl.read(SocketChannelImpl.java:378)
	at io.netty.buffer.PooledByteBuf.setBytes(PooledByteBuf.java:258)
	at io.netty.buffer.AbstractByteBuf.writeBytes(AbstractByteBuf.java:1132)
	at io.netty.channel.socket.nio.NioSocketChannel.doReadBytes(NioSocketChannel.java:350)
	at io.netty.channel.nio.AbstractNioByteChannel$NioByteUnsafe.read(AbstractNioByteChannel.java:151)
	at io.netty.channel.nio.NioEventLoop.processSelectedKey(NioEventLoop.java:722)
	at io.netty.channel.nio.NioEventLoop.processSelectedKeysOptimized(NioEventLoop.java:658)
	at io.netty.channel.nio.NioEventLoop.processSelectedKeys(NioEventLoop.java:584)
	at io.netty.channel.nio.NioEventLoop.run(NioEventLoop.java:496)
	at io.netty.util.concurrent.SingleThreadEventExecutor$4.run(SingleThreadEventExecutor.java:986)
	at io.netty.util.internal.ThreadExecutorMap$2.run(ThreadExecutorMap.java:74)
	at io.netty.util.concurrent.FastThreadLocalRunnable.run(FastThreadLocalRunnable.java:30)
	at java.lang.Thread.run(Thread.java:750)
18:10:58.232 [AsyncHttpClient-1-2] DEBUG org.asynchttpclient.netty.channel.ChannelManager - Closing Channel [id: 0xf2b0c859, L:/127.0.0.1:65529 - R:localhost/127.0.0.1:65524] 
18:10:58.232 [AsyncHttpClient-1-2] DEBUG org.asynchttpclient.netty.handler.HttpHandler - Channel Closed: [id: 0xf2b0c859, L:/127.0.0.1:65529 ! R:localhost/127.0.0.1:65524] with attribute DISCARD
18:10:58.274 [AsyncHttpClient-1-9] DEBUG org.asynchttpclient.netty.handler.HttpHandler - 

Request DefaultFullHttpRequest(decodeResult: success, version: HTTP/1.1, content: EmptyByteBufBE)
DELETE /session/88edbdc9d671f03b015bb067e7897014 HTTP/1.1
User-Agent: selenium/4.1.2 (java windows)
Content-Type: application/json; charset=utf-8
host: localhost:65307
accept: */*

Response DefaultHttpResponse(decodeResult: success, version: HTTP/1.1)
HTTP/1.1 200 OK
Content-Type: application/json; charset=utf-8
cache-control: no-cache
content-length: 14

18:10:58.274 [AsyncHttpClient-1-9] DEBUG org.asynchttpclient.netty.channel.ChannelManager - Adding key: http://localhost:65307 for channel [id: 0x6fe0761e, L:/127.0.0.1:65523 - R:localhost/127.0.0.1:65307]
18:10:58.416 [AsyncHttpClient-1-9] DEBUG org.asynchttpclient.netty.handler.HttpHandler - Channel Closed: [id: 0x6fe0761e, L:/127.0.0.1:65523 ! R:localhost/127.0.0.1:65307] with attribute DISCARD
]]></system-out>
    <system-err><![CDATA[Starting ChromeDriver 100.0.4896.60 (6a5d10861ce8de5fce22564658033b43cb7de047-refs/branch-heads/4896@{#875}) on port 65307
Only local connections are allowed.
Please see https://chromedriver.chromium.org/security-considerations for suggestions on keeping ChromeDriver safe.
ChromeDriver was started successfully.
Apr 12, 2022 6:10:48 PM org.openqa.selenium.remote.ProtocolHandshake createSession
INFO: Detected dialect: W3C
Apr 12, 2022 6:10:48 PM org.openqa.selenium.devtools.CdpVersionFinder findNearestMatch
WARNING: Unable to find an exact match for CDP version 100, so returning the closest version found: 97
Apr 12, 2022 6:10:48 PM org.openqa.selenium.devtools.CdpVersionFinder findNearestMatch
INFO: Found CDP implementation for version 100 of 97
]]></system-err>
  </testcase>
</testsuite>