<?xml version="1.0" encoding="UTF-8"?>
<testsuite xmlns:xsi="http://www.w3.org/2001/XMLSchema-instance" xsi:noNamespaceSchemaLocation="https://maven.apache.org/surefire/maven-failsafe-plugin/xsd/failsafe-test-report-3.0.xsd" version="3.0" name="starter.CucumberTestSuite" time="100.252" tests="4" errors="0" skipped="0" failures="0">
  <properties>
    <property name="sun.desktop" value="windows"/>
    <property name="awt.toolkit" value="sun.awt.windows.WToolkit"/>
    <property name="java.specification.version" value="1.8"/>
    <property name="file.encoding.pkg" value="sun.io"/>
    <property name="webdriver.chrome.driver" value="D:\kampus merdeka\Intelij\web\src\test\resources\webdriver\chromedriver.exe"/>
    <property name="sun.cpu.isalist" value="amd64"/>
    <property name="sun.jnu.encoding" value="Cp1252"/>
    <property name="java.class.path" value="D:\kampus merdeka\Intelij\web\target\test-classes;D:\kampus merdeka\Intelij\web\target\web-1.0-SNAPSHOT.jar;C:\Users\Admin\.m2\repository\net\serenity-bdd\serenity-core\3.2.1\serenity-core-3.2.1.jar;C:\Users\Admin\.m2\repository\net\serenity-bdd\serenity-model\3.2.1\serenity-model-3.2.1.jar;C:\Users\Admin\.m2\repository\org\apache\commons\commons-text\1.9\commons-text-1.9.jar;C:\Users\Admin\.m2\repository\commons-net\commons-net\3.8.0\commons-net-3.8.0.jar;C:\Users\Admin\.m2\repository\com\google\guava\guava\31.1-jre\guava-31.1-jre.jar;C:\Users\Admin\.m2\repository\com\google\guava\failureaccess\1.0.1\failureaccess-1.0.1.jar;C:\Users\Admin\.m2\repository\com\google\guava\listenablefuture\9999.0-empty-to-avoid-conflict-with-guava\listenablefuture-9999.0-empty-to-avoid-conflict-with-guava.jar;C:\Users\Admin\.m2\repository\com\google\code\findbugs\jsr305\3.0.2\jsr305-3.0.2.jar;C:\Users\Admin\.m2\repository\org\checkerframework\checker-qual\3.12.0\checker-qual-3.12.0.jar;C:\Users\Admin\.m2\repository\com\google\errorprone\error_prone_annotations\2.11.0\error_prone_annotations-2.11.0.jar;C:\Users\Admin\.m2\repository\com\google\j2objc\j2objc-annotations\1.3\j2objc-annotations-1.3.jar;C:\Users\Admin\.m2\repository\com\google\inject\guice\5.1.0\guice-5.1.0.jar;C:\Users\Admin\.m2\repository\javax\inject\javax.inject\1\javax.inject-1.jar;C:\Users\Admin\.m2\repository\aopalliance\aopalliance\1.0\aopalliance-1.0.jar;C:\Users\Admin\.m2\repository\org\jsoup\jsoup\1.14.3\jsoup-1.14.3.jar;C:\Users\Admin\.m2\repository\com\thoughtworks\xstream\xstream\1.4.19\xstream-1.4.19.jar;C:\Users\Admin\.m2\repository\io\github\x-stream\mxparser\1.2.2\mxparser-1.2.2.jar;C:\Users\Admin\.m2\repository\xmlpull\xmlpull\1.1.3.1\xmlpull-1.1.3.1.jar;C:\Users\Admin\.m2\repository\io\cucumber\cucumber-java\7.2.3\cucumber-java-7.2.3.jar;C:\Users\Admin\.m2\repository\com\typesafe\config\1.4.2\config-1.4.2.jar;C:\Users\Admin\.m2\repository\org\imgscalr\imgscalr-lib\4.2\imgscalr-lib-4.2.jar;C:\Users\Admin\.m2\repository\org\awaitility\awaitility\4.2.0\awaitility-4.2.0.jar;C:\Users\Admin\.m2\repository\org\freemarker\freemarker\2.3.31\freemarker-2.3.31.jar;C:\Users\Admin\.m2\repository\io\github\classgraph\classgraph\4.8.138\classgraph-4.8.138.jar;C:\Users\Admin\.m2\repository\net\sourceforge\jexcelapi\jxl\2.6.12\jxl-2.6.12.jar;C:\Users\Admin\.m2\repository\net\bytebuddy\byte-buddy\1.12.8\byte-buddy-1.12.8.jar;C:\Users\Admin\.m2\repository\net\bytebuddy\byte-buddy-agent\1.12.8\byte-buddy-agent-1.12.8.jar;C:\Users\Admin\.m2\repository\org\objenesis\objenesis\3.1\objenesis-3.1.jar;C:\Users\Admin\.m2\repository\net\serenity-bdd\serenity-reports\3.2.1\serenity-reports-3.2.1.jar;C:\Users\Admin\.m2\repository\net\serenity-bdd\serenity-stats\3.2.1\serenity-stats-3.2.1.jar;C:\Users\Admin\.m2\repository\net\serenity-bdd\serenity-reports-configuration\3.2.1\serenity-reports-configuration-3.2.1.jar;C:\Users\Admin\.m2\repository\com\vladsch\flexmark\flexmark-all\0.34.30\flexmark-all-0.34.30.jar;C:\Users\Admin\.m2\repository\com\vladsch\flexmark\flexmark\0.34.30\flexmark-0.34.30.jar;C:\Users\Admin\.m2\repository\com\vladsch\flexmark\flexmark-ext-abbreviation\0.34.30\flexmark-ext-abbreviation-0.34.30.jar;C:\Users\Admin\.m2\repository\com\vladsch\flexmark\flexmark-ext-admonition\0.34.30\flexmark-ext-admonition-0.34.30.jar;C:\Users\Admin\.m2\repository\com\vladsch\flexmark\flexmark-ext-anchorlink\0.34.30\flexmark-ext-anchorlink-0.34.30.jar;C:\Users\Admin\.m2\repository\com\vladsch\flexmark\flexmark-ext-aside\0.34.30\flexmark-ext-aside-0.34.30.jar;C:\Users\Admin\.m2\repository\com\vladsch\flexmark\flexmark-ext-attributes\0.34.30\flexmark-ext-attributes-0.34.30.jar;C:\Users\Admin\.m2\repository\com\vladsch\flexmark\flexmark-ext-autolink\0.34.30\flexmark-ext-autolink-0.34.30.jar;C:\Users\Admin\.m2\repository\org\nibor\autolink\autolink\0.6.0\autolink-0.6.0.jar;C:\Users\Admin\.m2\repository\com\vladsch\flexmark\flexmark-ext-definition\0.34.30\flexmark-ext-definition-0.34.30.jar;C:\Users\Admin\.m2\repository\com\vladsch\flexmark\flexmark-ext-emoji\0.34.30\flexmark-ext-emoji-0.34.30.jar;C:\Users\Admin\.m2\repository\com\vladsch\flexmark\flexmark-ext-enumerated-reference\0.34.30\flexmark-ext-enumerated-reference-0.34.30.jar;C:\Users\Admin\.m2\repository\com\vladsch\flexmark\flexmark-ext-escaped-character\0.34.30\flexmark-ext-escaped-character-0.34.30.jar;C:\Users\Admin\.m2\repository\com\vladsch\flexmark\flexmark-ext-footnotes\0.34.30\flexmark-ext-footnotes-0.34.30.jar;C:\Users\Admin\.m2\repository\com\vladsch\flexmark\flexmark-ext-gfm-issues\0.34.30\flexmark-ext-gfm-issues-0.34.30.jar;C:\Users\Admin\.m2\repository\com\vladsch\flexmark\flexmark-ext-gfm-strikethrough\0.34.30\flexmark-ext-gfm-strikethrough-0.34.30.jar;C:\Users\Admin\.m2\repository\com\vladsch\flexmark\flexmark-ext-gfm-tables\0.34.30\flexmark-ext-gfm-tables-0.34.30.jar;C:\Users\Admin\.m2\repository\com\vladsch\flexmark\flexmark-ext-gfm-tasklist\0.34.30\flexmark-ext-gfm-tasklist-0.34.30.jar;C:\Users\Admin\.m2\repository\com\vladsch\flexmark\flexmark-ext-gfm-users\0.34.30\flexmark-ext-gfm-users-0.34.30.jar;C:\Users\Admin\.m2\repository\com\vladsch\flexmark\flexmark-ext-gitlab\0.34.30\flexmark-ext-gitlab-0.34.30.jar;C:\Users\Admin\.m2\repository\com\vladsch\flexmark\flexmark-ext-jekyll-front-matter\0.34.30\flexmark-ext-jekyll-front-matter-0.34.30.jar;C:\Users\Admin\.m2\repository\com\vladsch\flexmark\flexmark-ext-jekyll-tag\0.34.30\flexmark-ext-jekyll-tag-0.34.30.jar;C:\Users\Admin\.m2\repository\com\vladsch\flexmark\flexmark-ext-media-tags\0.34.30\flexmark-ext-media-tags-0.34.30.jar;C:\Users\Admin\.m2\repository\com\vladsch\flexmark\flexmark-test-util\0.34.30\flexmark-test-util-0.34.30.jar;C:\Users\Admin\.m2\repository\com\vladsch\flexmark\flexmark-ext-ins\0.34.30\flexmark-ext-ins-0.34.30.jar;C:\Users\Admin\.m2\repository\com\vladsch\flexmark\flexmark-ext-xwiki-macros\0.34.30\flexmark-ext-xwiki-macros-0.34.30.jar;C:\Users\Admin\.m2\repository\com\vladsch\flexmark\flexmark-ext-superscript\0.34.30\flexmark-ext-superscript-0.34.30.jar;C:\Users\Admin\.m2\repository\com\vladsch\flexmark\flexmark-ext-tables\0.34.30\flexmark-ext-tables-0.34.30.jar;C:\Users\Admin\.m2\repository\com\vladsch\flexmark\flexmark-ext-toc\0.34.30\flexmark-ext-toc-0.34.30.jar;C:\Users\Admin\.m2\repository\com\vladsch\flexmark\flexmark-ext-typographic\0.34.30\flexmark-ext-typographic-0.34.30.jar;C:\Users\Admin\.m2\repository\com\vladsch\flexmark\flexmark-ext-wikilink\0.34.30\flexmark-ext-wikilink-0.34.30.jar;C:\Users\Admin\.m2\repository\com\vladsch\flexmark\flexmark-ext-yaml-front-matter\0.34.30\flexmark-ext-yaml-front-matter-0.34.30.jar;C:\Users\Admin\.m2\repository\com\vladsch\flexmark\flexmark-ext-youtube-embedded\0.34.30\flexmark-ext-youtube-embedded-0.34.30.jar;C:\Users\Admin\.m2\repository\com\vladsch\flexmark\flexmark-formatter\0.34.30\flexmark-formatter-0.34.30.jar;C:\Users\Admin\.m2\repository\com\vladsch\flexmark\flexmark-html-parser\0.34.30\flexmark-html-parser-0.34.30.jar;C:\Users\Admin\.m2\repository\com\vladsch\flexmark\flexmark-jira-converter\0.34.30\flexmark-jira-converter-0.34.30.jar;C:\Users\Admin\.m2\repository\com\vladsch\flexmark\flexmark-pdf-converter\0.34.30\flexmark-pdf-converter-0.34.30.jar;C:\Users\Admin\.m2\repository\com\openhtmltopdf\openhtmltopdf-core\0.0.1-RC13\openhtmltopdf-core-0.0.1-RC13.jar;C:\Users\Admin\.m2\repository\com\openhtmltopdf\openhtmltopdf-pdfbox\0.0.1-RC13\openhtmltopdf-pdfbox-0.0.1-RC13.jar;C:\Users\Admin\.m2\repository\org\apache\pdfbox\pdfbox\2.0.8\pdfbox-2.0.8.jar;C:\Users\Admin\.m2\repository\org\apache\pdfbox\fontbox\2.0.8\fontbox-2.0.8.jar;C:\Users\Admin\.m2\repository\commons-logging\commons-logging\1.2\commons-logging-1.2.jar;C:\Users\Admin\.m2\repository\org\apache\pdfbox\xmpbox\2.0.8\xmpbox-2.0.8.jar;C:\Users\Admin\.m2\repository\de\rototor\pdfbox\graphics2d\0.12\graphics2d-0.12.jar;C:\Users\Admin\.m2\repository\com\openhtmltopdf\openhtmltopdf-rtl-support\0.0.1-RC13\openhtmltopdf-rtl-support-0.0.1-RC13.jar;C:\Users\Admin\.m2\repository\com\ibm\icu\icu4j\59.1\icu4j-59.1.jar;C:\Users\Admin\.m2\repository\com\openhtmltopdf\openhtmltopdf-jsoup-dom-converter\0.0.1-RC13\openhtmltopdf-jsoup-dom-converter-0.0.1-RC13.jar;C:\Users\Admin\.m2\repository\com\vladsch\flexmark\flexmark-profile-pegdown\0.34.30\flexmark-profile-pegdown-0.34.30.jar;C:\Users\Admin\.m2\repository\com\vladsch\flexmark\flexmark-util\0.34.30\flexmark-util-0.34.30.jar;C:\Users\Admin\.m2\repository\com\vladsch\flexmark\flexmark-youtrack-converter\0.34.30\flexmark-youtrack-converter-0.34.30.jar;C:\Users\Admin\.m2\repository\es\nitaur\markdown\txtmark\0.16\txtmark-0.16.jar;C:\Users\Admin\.m2\repository\net\serenity-bdd\serenity-report-resources\3.2.1\serenity-report-resources-3.2.1.jar;C:\Users\Admin\.m2\repository\com\google\code\gson\gson\2.9.0\gson-2.9.0.jar;C:\Users\Admin\.m2\repository\com\fasterxml\jackson\core\jackson-core\2.13.2\jackson-core-2.13.2.jar;C:\Users\Admin\.m2\repository\com\fasterxml\jackson\core\jackson-databind\2.13.2\jackson-databind-2.13.2.jar;C:\Users\Admin\.m2\repository\com\fasterxml\jackson\core\jackson-annotations\2.13.2\jackson-annotations-2.13.2.jar;C:\Users\Admin\.m2\repository\commons-codec\commons-codec\1.15\commons-codec-1.15.jar;C:\Users\Admin\.m2\repository\commons-io\commons-io\2.11.0\commons-io-2.11.0.jar;C:\Users\Admin\.m2\repository\org\seleniumhq\selenium\selenium-java\4.1.2\selenium-java-4.1.2.jar;C:\Users\Admin\.m2\repository\org\seleniumhq\selenium\selenium-devtools-v85\4.1.2\selenium-devtools-v85-4.1.2.jar;C:\Users\Admin\.m2\repository\org\seleniumhq\selenium\selenium-devtools-v95\4.1.2\selenium-devtools-v95-4.1.2.jar;C:\Users\Admin\.m2\repository\org\seleniumhq\selenium\selenium-devtools-v96\4.1.2\selenium-devtools-v96-4.1.2.jar;C:\Users\Admin\.m2\repository\org\seleniumhq\selenium\selenium-devtools-v97\4.1.2\selenium-devtools-v97-4.1.2.jar;C:\Users\Admin\.m2\repository\org\seleniumhq\selenium\selenium-firefox-xpi-driver\4.1.2\selenium-firefox-xpi-driver-4.1.2.jar;C:\Users\Admin\.m2\repository\org\seleniumhq\selenium\selenium-opera-driver\4.1.2\selenium-opera-driver-4.1.2.jar;C:\Users\Admin\.m2\repository\org\seleniumhq\selenium\selenium-remote-driver\4.1.2\selenium-remote-driver-4.1.2.jar;C:\Users\Admin\.m2\repository\com\beust\jcommander\1.82\jcommander-1.82.jar;C:\Users\Admin\.m2\repository\io\netty\netty-buffer\4.1.73.Final\netty-buffer-4.1.73.Final.jar;C:\Users\Admin\.m2\repository\io\netty\netty-codec-http\4.1.73.Final\netty-codec-http-4.1.73.Final.jar;C:\Users\Admin\.m2\repository\io\netty\netty-codec\4.1.73.Final\netty-codec-4.1.73.Final.jar;C:\Users\Admin\.m2\repository\io\netty\netty-handler\4.1.73.Final\netty-handler-4.1.73.Final.jar;C:\Users\Admin\.m2\repository\io\netty\netty-tcnative-classes\2.0.46.Final\netty-tcnative-classes-2.0.46.Final.jar;C:\Users\Admin\.m2\repository\io\netty\netty-common\4.1.73.Final\netty-common-4.1.73.Final.jar;C:\Users\Admin\.m2\repository\io\netty\netty-transport-classes-epoll\4.1.73.Final\netty-transport-classes-epoll-4.1.73.Final.jar;C:\Users\Admin\.m2\repository\io\netty\netty-transport-classes-kqueue\4.1.73.Final\netty-transport-classes-kqueue-4.1.73.Final.jar;C:\Users\Admin\.m2\repository\io\netty\netty-transport-native-epoll\4.1.73.Final\netty-transport-native-epoll-4.1.73.Final.jar;C:\Users\Admin\.m2\repository\io\netty\netty-transport-native-kqueue\4.1.73.Final\netty-transport-native-kqueue-4.1.73.Final.jar;C:\Users\Admin\.m2\repository\io\netty\netty-transport-native-unix-common\4.1.73.Final\netty-transport-native-unix-common-4.1.73.Final.jar;C:\Users\Admin\.m2\repository\io\netty\netty-transport\4.1.73.Final\netty-transport-4.1.73.Final.jar;C:\Users\Admin\.m2\repository\io\netty\netty-resolver\4.1.73.Final\netty-resolver-4.1.73.Final.jar;C:\Users\Admin\.m2\repository\io\opentelemetry\opentelemetry-api\1.10.1\opentelemetry-api-1.10.1.jar;C:\Users\Admin\.m2\repository\io\opentelemetry\opentelemetry-context\1.10.1\opentelemetry-context-1.10.1.jar;C:\Users\Admin\.m2\repository\io\opentelemetry\opentelemetry-exporter-logging\1.10.1\opentelemetry-exporter-logging-1.10.1.jar;C:\Users\Admin\.m2\repository\io\opentelemetry\opentelemetry-sdk-metrics\1.10.1-alpha\opentelemetry-sdk-metrics-1.10.1-alpha.jar;C:\Users\Admin\.m2\repository\io\opentelemetry\opentelemetry-sdk-logs\1.10.1-alpha\opentelemetry-sdk-logs-1.10.1-alpha.jar;C:\Users\Admin\.m2\repository\io\opentelemetry\opentelemetry-sdk-common\1.10.1\opentelemetry-sdk-common-1.10.1.jar;C:\Users\Admin\.m2\repository\io\opentelemetry\opentelemetry-sdk-extension-autoconfigure-spi\1.10.1\opentelemetry-sdk-extension-autoconfigure-spi-1.10.1.jar;C:\Users\Admin\.m2\repository\io\opentelemetry\opentelemetry-sdk-extension-autoconfigure\1.10.1-alpha\opentelemetry-sdk-extension-autoconfigure-1.10.1-alpha.jar;C:\Users\Admin\.m2\repository\io\opentelemetry\opentelemetry-sdk-trace\1.10.1\opentelemetry-sdk-trace-1.10.1.jar;C:\Users\Admin\.m2\repository\io\opentelemetry\opentelemetry-sdk\1.10.1\opentelemetry-sdk-1.10.1.jar;C:\Users\Admin\.m2\repository\io\opentelemetry\opentelemetry-semconv\1.10.1-alpha\opentelemetry-semconv-1.10.1-alpha.jar;C:\Users\Admin\.m2\repository\io\ous\jtoml\2.0.0\jtoml-2.0.0.jar;C:\Users\Admin\.m2\repository\org\apache\commons\commons-exec\1.3\commons-exec-1.3.jar;C:\Users\Admin\.m2\repository\org\asynchttpclient\async-http-client\2.12.3\async-http-client-2.12.3.jar;C:\Users\Admin\.m2\repository\org\asynchttpclient\async-http-client-netty-utils\2.12.3\async-http-client-netty-utils-2.12.3.jar;C:\Users\Admin\.m2\repository\io\netty\netty-codec-socks\4.1.60.Final\netty-codec-socks-4.1.60.Final.jar;C:\Users\Admin\.m2\repository\io\netty\netty-handler-proxy\4.1.60.Final\netty-handler-proxy-4.1.60.Final.jar;C:\Users\Admin\.m2\repository\io\netty\netty-transport-native-epoll\4.1.60.Final\netty-transport-native-epoll-4.1.60.Final-linux-x86_64.jar;C:\Users\Admin\.m2\repository\io\netty\netty-transport-native-kqueue\4.1.60.Final\netty-transport-native-kqueue-4.1.60.Final-osx-x86_64.jar;C:\Users\Admin\.m2\repository\org\reactivestreams\reactive-streams\1.0.3\reactive-streams-1.0.3.jar;C:\Users\Admin\.m2\repository\com\typesafe\netty\netty-reactive-streams\2.0.4\netty-reactive-streams-2.0.4.jar;C:\Users\Admin\.m2\repository\org\seleniumhq\selenium\selenium-http\4.1.2\selenium-http-4.1.2.jar;C:\Users\Admin\.m2\repository\net\jodah\failsafe\2.4.4\failsafe-2.4.4.jar;C:\Users\Admin\.m2\repository\org\seleniumhq\selenium\selenium-safari-driver\4.1.2\selenium-safari-driver-4.1.2.jar;C:\Users\Admin\.m2\repository\org\seleniumhq\selenium\selenium-api\4.1.2\selenium-api-4.1.2.jar;C:\Users\Admin\.m2\repository\org\seleniumhq\selenium\selenium-support\4.1.2\selenium-support-4.1.2.jar;C:\Users\Admin\.m2\repository\com\google\auto\service\auto-service-annotations\1.0.1\auto-service-annotations-1.0.1.jar;C:\Users\Admin\.m2\repository\com\google\auto\service\auto-service\1.0.1\auto-service-1.0.1.jar;C:\Users\Admin\.m2\repository\com\google\auto\auto-common\1.2\auto-common-1.2.jar;C:\Users\Admin\.m2\repository\org\seleniumhq\selenium\selenium-json\4.1.2\selenium-json-4.1.2.jar;C:\Users\Admin\.m2\repository\org\seleniumhq\selenium\selenium-chrome-driver\4.1.2\selenium-chrome-driver-4.1.2.jar;C:\Users\Admin\.m2\repository\org\seleniumhq\selenium\selenium-chromium-driver\4.1.2\selenium-chromium-driver-4.1.2.jar;C:\Users\Admin\.m2\repository\org\seleniumhq\selenium\selenium-firefox-driver\4.1.2\selenium-firefox-driver-4.1.2.jar;C:\Users\Admin\.m2\repository\org\seleniumhq\selenium\selenium-edge-driver\4.1.2\selenium-edge-driver-4.1.2.jar;C:\Users\Admin\.m2\repository\org\seleniumhq\selenium\selenium-ie-driver\4.1.2\selenium-ie-driver-4.1.2.jar;C:\Users\Admin\.m2\repository\org\projectlombok\lombok\1.18.20\lombok-1.18.20.jar;C:\Users\Admin\.m2\repository\io\appium\java-client\8.0.0\java-client-8.0.0.jar;C:\Users\Admin\.m2\repository\commons-validator\commons-validator\1.7\commons-validator-1.7.jar;C:\Users\Admin\.m2\repository\commons-digester\commons-digester\2.1\commons-digester-2.1.jar;C:\Users\Admin\.m2\repository\org\aspectj\aspectjweaver\1.9.8\aspectjweaver-1.9.8.jar;C:\Users\Admin\.m2\repository\org\codehaus\groovy\groovy\3.0.10\groovy-3.0.10.jar;C:\Users\Admin\.m2\repository\net\sf\opencsv\opencsv\2.0\opencsv-2.0.jar;C:\Users\Admin\.m2\repository\commons-beanutils\commons-beanutils\1.9.4\commons-beanutils-1.9.4.jar;C:\Users\Admin\.m2\repository\org\apache\commons\commons-lang3\3.12.0\commons-lang3-3.12.0.jar;C:\Users\Admin\.m2\repository\commons-collections\commons-collections\3.2.2\commons-collections-3.2.2.jar;C:\Users\Admin\.m2\repository\org\fluentlenium\fluentlenium-core\0.10.2\fluentlenium-core-0.10.2.jar;C:\Users\Admin\.m2\repository\io\github\bonigarcia\webdrivermanager\5.1.0\webdrivermanager-5.1.0.jar;C:\Users\Admin\.m2\repository\com\github\docker-java\docker-java\3.2.13\docker-java-3.2.13.jar;C:\Users\Admin\.m2\repository\com\github\docker-java\docker-java-core\3.2.13\docker-java-core-3.2.13.jar;C:\Users\Admin\.m2\repository\com\github\docker-java\docker-java-api\3.2.13\docker-java-api-3.2.13.jar;C:\Users\Admin\.m2\repository\org\apache\commons\commons-compress\1.21\commons-compress-1.21.jar;C:\Users\Admin\.m2\repository\org\bouncycastle\bcpkix-jdk15on\1.64\bcpkix-jdk15on-1.64.jar;C:\Users\Admin\.m2\repository\org\bouncycastle\bcprov-jdk15on\1.64\bcprov-jdk15on-1.64.jar;C:\Users\Admin\.m2\repository\org\slf4j\jcl-over-slf4j\1.7.30\jcl-over-slf4j-1.7.30.jar;C:\Users\Admin\.m2\repository\com\github\docker-java\docker-java-transport-httpclient5\3.2.13\docker-java-transport-httpclient5-3.2.13.jar;C:\Users\Admin\.m2\repository\com\github\docker-java\docker-java-transport\3.2.13\docker-java-transport-3.2.13.jar;C:\Users\Admin\.m2\repository\org\apache\httpcomponents\client5\httpclient5\5.0.3\httpclient5-5.0.3.jar;C:\Users\Admin\.m2\repository\org\apache\httpcomponents\core5\httpcore5\5.0.2\httpcore5-5.0.2.jar;C:\Users\Admin\.m2\repository\net\java\dev\jna\jna\5.8.0\jna-5.8.0.jar;C:\Users\Admin\.m2\repository\org\brotli\dec\0.1.2\dec-0.1.2.jar;C:\Users\Admin\.m2\repository\com\jhlabs\filters\2.0.235\filters-2.0.235.jar;C:\Users\Admin\.m2\repository\com\paulhammant\ngwebdriver\1.1.6\ngwebdriver-1.1.6.jar;C:\Users\Admin\.m2\repository\joda-time\joda-time\2.8.2\joda-time-2.8.2.jar;C:\Users\Admin\.m2\repository\org\hamcrest\hamcrest\2.2\hamcrest-2.2.jar;C:\Users\Admin\.m2\repository\com\google\jimfs\jimfs\1.2\jimfs-1.2.jar;C:\Users\Admin\.m2\repository\org\mockito\mockito-core\3.3.3\mockito-core-3.3.3.jar;C:\Users\Admin\.m2\repository\javax\xml\bind\jaxb-api\2.3.1\jaxb-api-2.3.1.jar;C:\Users\Admin\.m2\repository\javax\activation\javax.activation-api\1.2.0\javax.activation-api-1.2.0.jar;C:\Users\Admin\.m2\repository\com\sun\xml\bind\jaxb-core\2.3.0.1\jaxb-core-2.3.0.1.jar;C:\Users\Admin\.m2\repository\com\sun\xml\bind\jaxb-impl\2.3.3\jaxb-impl-2.3.3.jar;C:\Users\Admin\.m2\repository\jakarta\xml\bind\jakarta.xml.bind-api\2.3.3\jakarta.xml.bind-api-2.3.3.jar;C:\Users\Admin\.m2\repository\com\sun\activation\jakarta.activation\1.2.2\jakarta.activation-1.2.2.jar;C:\Users\Admin\.m2\repository\javax\activation\activation\1.1.1\activation-1.1.1.jar;C:\Users\Admin\.m2\repository\net\serenity-bdd\serenity-cucumber\3.2.1\serenity-cucumber-3.2.1.jar;C:\Users\Admin\.m2\repository\io\cucumber\cucumber-core\7.2.3\cucumber-core-7.2.3.jar;C:\Users\Admin\.m2\repository\io\cucumber\cucumber-gherkin\7.2.3\cucumber-gherkin-7.2.3.jar;C:\Users\Admin\.m2\repository\io\cucumber\cucumber-gherkin-messages\7.2.3\cucumber-gherkin-messages-7.2.3.jar;C:\Users\Admin\.m2\repository\io\cucumber\messages\17.1.1\messages-17.1.1.jar;C:\Users\Admin\.m2\repository\io\cucumber\tag-expressions\4.1.0\tag-expressions-4.1.0.jar;C:\Users\Admin\.m2\repository\io\cucumber\cucumber-expressions\15.0.1\cucumber-expressions-15.0.1.jar;C:\Users\Admin\.m2\repository\io\cucumber\datatable\7.2.3\datatable-7.2.3.jar;C:\Users\Admin\.m2\repository\io\cucumber\cucumber-plugin\7.2.3\cucumber-plugin-7.2.3.jar;C:\Users\Admin\.m2\repository\io\cucumber\docstring\7.2.3\docstring-7.2.3.jar;C:\Users\Admin\.m2\repository\io\cucumber\html-formatter\17.0.0\html-formatter-17.0.0.jar;C:\Users\Admin\.m2\repository\io\cucumber\ci-environment\8.1.0\ci-environment-8.1.0.jar;C:\Users\Admin\.m2\repository\io\cucumber\cucumber-junit\7.2.3\cucumber-junit-7.2.3.jar;C:\Users\Admin\.m2\repository\org\apache\commons\commons-csv\1.5\commons-csv-1.5.jar;C:\Users\Admin\.m2\repository\net\serenity-bdd\serenity-screenplay\3.2.1\serenity-screenplay-3.2.1.jar;C:\Users\Admin\.m2\repository\net\serenity-bdd\serenity-screenplay-webdriver\3.2.1\serenity-screenplay-webdriver-3.2.1.jar;C:\Users\Admin\.m2\repository\net\serenity-bdd\serenity-ensure\3.2.1\serenity-ensure-3.2.1.jar;C:\Users\Admin\.m2\repository\net\serenity-bdd\serenity-junit\3.2.1\serenity-junit-3.2.1.jar;C:\Users\Admin\.m2\repository\org\jetbrains\kotlin\kotlin-stdlib\1.6.0\kotlin-stdlib-1.6.0.jar;C:\Users\Admin\.m2\repository\org\jetbrains\annotations\13.0\annotations-13.0.jar;C:\Users\Admin\.m2\repository\org\jetbrains\kotlin\kotlin-stdlib-common\1.6.0\kotlin-stdlib-common-1.6.0.jar;C:\Users\Admin\.m2\repository\org\junit\platform\junit-platform-launcher\1.8.1\junit-platform-launcher-1.8.1.jar;C:\Users\Admin\.m2\repository\org\junit\platform\junit-platform-engine\1.8.1\junit-platform-engine-1.8.1.jar;C:\Users\Admin\.m2\repository\org\opentest4j\opentest4j\1.2.0\opentest4j-1.2.0.jar;C:\Users\Admin\.m2\repository\org\junit\platform\junit-platform-commons\1.8.1\junit-platform-commons-1.8.1.jar;C:\Users\Admin\.m2\repository\org\apiguardian\apiguardian-api\1.1.2\apiguardian-api-1.1.2.jar;C:\Users\Admin\.m2\repository\org\junit\jupiter\junit-jupiter-engine\5.8.2\junit-jupiter-engine-5.8.2.jar;C:\Users\Admin\.m2\repository\org\junit\jupiter\junit-jupiter-api\5.8.2\junit-jupiter-api-5.8.2.jar;C:\Users\Admin\.m2\repository\org\junit\vintage\junit-vintage-engine\5.8.2\junit-vintage-engine-5.8.2.jar;C:\Users\Admin\.m2\repository\junit\junit\4.13.2\junit-4.13.2.jar;C:\Users\Admin\.m2\repository\org\hamcrest\hamcrest-core\1.3\hamcrest-core-1.3.jar;C:\Users\Admin\.m2\repository\ch\qos\logback\logback-classic\1.2.10\logback-classic-1.2.10.jar;C:\Users\Admin\.m2\repository\ch\qos\logback\logback-core\1.2.10\logback-core-1.2.10.jar;C:\Users\Admin\.m2\repository\org\slf4j\slf4j-api\1.7.32\slf4j-api-1.7.32.jar;C:\Users\Admin\.m2\repository\org\assertj\assertj-core\3.6.2\assertj-core-3.6.2.jar;"/>
    <property name="java.vm.vendor" value="Oracle Corporation"/>
    <property name="sun.arch.data.model" value="64"/>
    <property name="user.variant" value=""/>
    <property name="java.vendor.url" value="http://java.oracle.com/"/>
    <property name="user.timezone" value="Asia/Bangkok"/>
    <property name="java.vm.specification.version" value="1.8"/>
    <property name="os.name" value="Windows 10"/>
    <property name="user.country" value="US"/>
    <property name="sun.java.launcher" value="SUN_STANDARD"/>
    <property name="sun.boot.library.path" value="C:\Program Files\Java\jdk1.8.0_321\jre\bin"/>
    <property name="sun.java.command" value="C:\Users\Admin\AppData\Local\Temp\surefire2799410140576555495\surefirebooter3850384425158299812.jar C:\Users\Admin\AppData\Local\Temp\surefire2799410140576555495 2022-04-10T23-27-05_969-jvmRun1 surefire8564365545584225866tmp surefire_07549524185533732298tmp"/>
    <property name="surefire.test.class.path" value="D:\kampus merdeka\Intelij\web\target\test-classes;D:\kampus merdeka\Intelij\web\target\web-1.0-SNAPSHOT.jar;C:\Users\Admin\.m2\repository\net\serenity-bdd\serenity-core\3.2.1\serenity-core-3.2.1.jar;C:\Users\Admin\.m2\repository\net\serenity-bdd\serenity-model\3.2.1\serenity-model-3.2.1.jar;C:\Users\Admin\.m2\repository\org\apache\commons\commons-text\1.9\commons-text-1.9.jar;C:\Users\Admin\.m2\repository\commons-net\commons-net\3.8.0\commons-net-3.8.0.jar;C:\Users\Admin\.m2\repository\com\google\guava\guava\31.1-jre\guava-31.1-jre.jar;C:\Users\Admin\.m2\repository\com\google\guava\failureaccess\1.0.1\failureaccess-1.0.1.jar;C:\Users\Admin\.m2\repository\com\google\guava\listenablefuture\9999.0-empty-to-avoid-conflict-with-guava\listenablefuture-9999.0-empty-to-avoid-conflict-with-guava.jar;C:\Users\Admin\.m2\repository\com\google\code\findbugs\jsr305\3.0.2\jsr305-3.0.2.jar;C:\Users\Admin\.m2\repository\org\checkerframework\checker-qual\3.12.0\checker-qual-3.12.0.jar;C:\Users\Admin\.m2\repository\com\google\errorprone\error_prone_annotations\2.11.0\error_prone_annotations-2.11.0.jar;C:\Users\Admin\.m2\repository\com\google\j2objc\j2objc-annotations\1.3\j2objc-annotations-1.3.jar;C:\Users\Admin\.m2\repository\com\google\inject\guice\5.1.0\guice-5.1.0.jar;C:\Users\Admin\.m2\repository\javax\inject\javax.inject\1\javax.inject-1.jar;C:\Users\Admin\.m2\repository\aopalliance\aopalliance\1.0\aopalliance-1.0.jar;C:\Users\Admin\.m2\repository\org\jsoup\jsoup\1.14.3\jsoup-1.14.3.jar;C:\Users\Admin\.m2\repository\com\thoughtworks\xstream\xstream\1.4.19\xstream-1.4.19.jar;C:\Users\Admin\.m2\repository\io\github\x-stream\mxparser\1.2.2\mxparser-1.2.2.jar;C:\Users\Admin\.m2\repository\xmlpull\xmlpull\1.1.3.1\xmlpull-1.1.3.1.jar;C:\Users\Admin\.m2\repository\io\cucumber\cucumber-java\7.2.3\cucumber-java-7.2.3.jar;C:\Users\Admin\.m2\repository\com\typesafe\config\1.4.2\config-1.4.2.jar;C:\Users\Admin\.m2\repository\org\imgscalr\imgscalr-lib\4.2\imgscalr-lib-4.2.jar;C:\Users\Admin\.m2\repository\org\awaitility\awaitility\4.2.0\awaitility-4.2.0.jar;C:\Users\Admin\.m2\repository\org\freemarker\freemarker\2.3.31\freemarker-2.3.31.jar;C:\Users\Admin\.m2\repository\io\github\classgraph\classgraph\4.8.138\classgraph-4.8.138.jar;C:\Users\Admin\.m2\repository\net\sourceforge\jexcelapi\jxl\2.6.12\jxl-2.6.12.jar;C:\Users\Admin\.m2\repository\net\bytebuddy\byte-buddy\1.12.8\byte-buddy-1.12.8.jar;C:\Users\Admin\.m2\repository\net\bytebuddy\byte-buddy-agent\1.12.8\byte-buddy-agent-1.12.8.jar;C:\Users\Admin\.m2\repository\org\objenesis\objenesis\3.1\objenesis-3.1.jar;C:\Users\Admin\.m2\repository\net\serenity-bdd\serenity-reports\3.2.1\serenity-reports-3.2.1.jar;C:\Users\Admin\.m2\repository\net\serenity-bdd\serenity-stats\3.2.1\serenity-stats-3.2.1.jar;C:\Users\Admin\.m2\repository\net\serenity-bdd\serenity-reports-configuration\3.2.1\serenity-reports-configuration-3.2.1.jar;C:\Users\Admin\.m2\repository\com\vladsch\flexmark\flexmark-all\0.34.30\flexmark-all-0.34.30.jar;C:\Users\Admin\.m2\repository\com\vladsch\flexmark\flexmark\0.34.30\flexmark-0.34.30.jar;C:\Users\Admin\.m2\repository\com\vladsch\flexmark\flexmark-ext-abbreviation\0.34.30\flexmark-ext-abbreviation-0.34.30.jar;C:\Users\Admin\.m2\repository\com\vladsch\flexmark\flexmark-ext-admonition\0.34.30\flexmark-ext-admonition-0.34.30.jar;C:\Users\Admin\.m2\repository\com\vladsch\flexmark\flexmark-ext-anchorlink\0.34.30\flexmark-ext-anchorlink-0.34.30.jar;C:\Users\Admin\.m2\repository\com\vladsch\flexmark\flexmark-ext-aside\0.34.30\flexmark-ext-aside-0.34.30.jar;C:\Users\Admin\.m2\repository\com\vladsch\flexmark\flexmark-ext-attributes\0.34.30\flexmark-ext-attributes-0.34.30.jar;C:\Users\Admin\.m2\repository\com\vladsch\flexmark\flexmark-ext-autolink\0.34.30\flexmark-ext-autolink-0.34.30.jar;C:\Users\Admin\.m2\repository\org\nibor\autolink\autolink\0.6.0\autolink-0.6.0.jar;C:\Users\Admin\.m2\repository\com\vladsch\flexmark\flexmark-ext-definition\0.34.30\flexmark-ext-definition-0.34.30.jar;C:\Users\Admin\.m2\repository\com\vladsch\flexmark\flexmark-ext-emoji\0.34.30\flexmark-ext-emoji-0.34.30.jar;C:\Users\Admin\.m2\repository\com\vladsch\flexmark\flexmark-ext-enumerated-reference\0.34.30\flexmark-ext-enumerated-reference-0.34.30.jar;C:\Users\Admin\.m2\repository\com\vladsch\flexmark\flexmark-ext-escaped-character\0.34.30\flexmark-ext-escaped-character-0.34.30.jar;C:\Users\Admin\.m2\repository\com\vladsch\flexmark\flexmark-ext-footnotes\0.34.30\flexmark-ext-footnotes-0.34.30.jar;C:\Users\Admin\.m2\repository\com\vladsch\flexmark\flexmark-ext-gfm-issues\0.34.30\flexmark-ext-gfm-issues-0.34.30.jar;C:\Users\Admin\.m2\repository\com\vladsch\flexmark\flexmark-ext-gfm-strikethrough\0.34.30\flexmark-ext-gfm-strikethrough-0.34.30.jar;C:\Users\Admin\.m2\repository\com\vladsch\flexmark\flexmark-ext-gfm-tables\0.34.30\flexmark-ext-gfm-tables-0.34.30.jar;C:\Users\Admin\.m2\repository\com\vladsch\flexmark\flexmark-ext-gfm-tasklist\0.34.30\flexmark-ext-gfm-tasklist-0.34.30.jar;C:\Users\Admin\.m2\repository\com\vladsch\flexmark\flexmark-ext-gfm-users\0.34.30\flexmark-ext-gfm-users-0.34.30.jar;C:\Users\Admin\.m2\repository\com\vladsch\flexmark\flexmark-ext-gitlab\0.34.30\flexmark-ext-gitlab-0.34.30.jar;C:\Users\Admin\.m2\repository\com\vladsch\flexmark\flexmark-ext-jekyll-front-matter\0.34.30\flexmark-ext-jekyll-front-matter-0.34.30.jar;C:\Users\Admin\.m2\repository\com\vladsch\flexmark\flexmark-ext-jekyll-tag\0.34.30\flexmark-ext-jekyll-tag-0.34.30.jar;C:\Users\Admin\.m2\repository\com\vladsch\flexmark\flexmark-ext-media-tags\0.34.30\flexmark-ext-media-tags-0.34.30.jar;C:\Users\Admin\.m2\repository\com\vladsch\flexmark\flexmark-test-util\0.34.30\flexmark-test-util-0.34.30.jar;C:\Users\Admin\.m2\repository\com\vladsch\flexmark\flexmark-ext-ins\0.34.30\flexmark-ext-ins-0.34.30.jar;C:\Users\Admin\.m2\repository\com\vladsch\flexmark\flexmark-ext-xwiki-macros\0.34.30\flexmark-ext-xwiki-macros-0.34.30.jar;C:\Users\Admin\.m2\repository\com\vladsch\flexmark\flexmark-ext-superscript\0.34.30\flexmark-ext-superscript-0.34.30.jar;C:\Users\Admin\.m2\repository\com\vladsch\flexmark\flexmark-ext-tables\0.34.30\flexmark-ext-tables-0.34.30.jar;C:\Users\Admin\.m2\repository\com\vladsch\flexmark\flexmark-ext-toc\0.34.30\flexmark-ext-toc-0.34.30.jar;C:\Users\Admin\.m2\repository\com\vladsch\flexmark\flexmark-ext-typographic\0.34.30\flexmark-ext-typographic-0.34.30.jar;C:\Users\Admin\.m2\repository\com\vladsch\flexmark\flexmark-ext-wikilink\0.34.30\flexmark-ext-wikilink-0.34.30.jar;C:\Users\Admin\.m2\repository\com\vladsch\flexmark\flexmark-ext-yaml-front-matter\0.34.30\flexmark-ext-yaml-front-matter-0.34.30.jar;C:\Users\Admin\.m2\repository\com\vladsch\flexmark\flexmark-ext-youtube-embedded\0.34.30\flexmark-ext-youtube-embedded-0.34.30.jar;C:\Users\Admin\.m2\repository\com\vladsch\flexmark\flexmark-formatter\0.34.30\flexmark-formatter-0.34.30.jar;C:\Users\Admin\.m2\repository\com\vladsch\flexmark\flexmark-html-parser\0.34.30\flexmark-html-parser-0.34.30.jar;C:\Users\Admin\.m2\repository\com\vladsch\flexmark\flexmark-jira-converter\0.34.30\flexmark-jira-converter-0.34.30.jar;C:\Users\Admin\.m2\repository\com\vladsch\flexmark\flexmark-pdf-converter\0.34.30\flexmark-pdf-converter-0.34.30.jar;C:\Users\Admin\.m2\repository\com\openhtmltopdf\openhtmltopdf-core\0.0.1-RC13\openhtmltopdf-core-0.0.1-RC13.jar;C:\Users\Admin\.m2\repository\com\openhtmltopdf\openhtmltopdf-pdfbox\0.0.1-RC13\openhtmltopdf-pdfbox-0.0.1-RC13.jar;C:\Users\Admin\.m2\repository\org\apache\pdfbox\pdfbox\2.0.8\pdfbox-2.0.8.jar;C:\Users\Admin\.m2\repository\org\apache\pdfbox\fontbox\2.0.8\fontbox-2.0.8.jar;C:\Users\Admin\.m2\repository\commons-logging\commons-logging\1.2\commons-logging-1.2.jar;C:\Users\Admin\.m2\repository\org\apache\pdfbox\xmpbox\2.0.8\xmpbox-2.0.8.jar;C:\Users\Admin\.m2\repository\de\rototor\pdfbox\graphics2d\0.12\graphics2d-0.12.jar;C:\Users\Admin\.m2\repository\com\openhtmltopdf\openhtmltopdf-rtl-support\0.0.1-RC13\openhtmltopdf-rtl-support-0.0.1-RC13.jar;C:\Users\Admin\.m2\repository\com\ibm\icu\icu4j\59.1\icu4j-59.1.jar;C:\Users\Admin\.m2\repository\com\openhtmltopdf\openhtmltopdf-jsoup-dom-converter\0.0.1-RC13\openhtmltopdf-jsoup-dom-converter-0.0.1-RC13.jar;C:\Users\Admin\.m2\repository\com\vladsch\flexmark\flexmark-profile-pegdown\0.34.30\flexmark-profile-pegdown-0.34.30.jar;C:\Users\Admin\.m2\repository\com\vladsch\flexmark\flexmark-util\0.34.30\flexmark-util-0.34.30.jar;C:\Users\Admin\.m2\repository\com\vladsch\flexmark\flexmark-youtrack-converter\0.34.30\flexmark-youtrack-converter-0.34.30.jar;C:\Users\Admin\.m2\repository\es\nitaur\markdown\txtmark\0.16\txtmark-0.16.jar;C:\Users\Admin\.m2\repository\net\serenity-bdd\serenity-report-resources\3.2.1\serenity-report-resources-3.2.1.jar;C:\Users\Admin\.m2\repository\com\google\code\gson\gson\2.9.0\gson-2.9.0.jar;C:\Users\Admin\.m2\repository\com\fasterxml\jackson\core\jackson-core\2.13.2\jackson-core-2.13.2.jar;C:\Users\Admin\.m2\repository\com\fasterxml\jackson\core\jackson-databind\2.13.2\jackson-databind-2.13.2.jar;C:\Users\Admin\.m2\repository\com\fasterxml\jackson\core\jackson-annotations\2.13.2\jackson-annotations-2.13.2.jar;C:\Users\Admin\.m2\repository\commons-codec\commons-codec\1.15\commons-codec-1.15.jar;C:\Users\Admin\.m2\repository\commons-io\commons-io\2.11.0\commons-io-2.11.0.jar;C:\Users\Admin\.m2\repository\org\seleniumhq\selenium\selenium-java\4.1.2\selenium-java-4.1.2.jar;C:\Users\Admin\.m2\repository\org\seleniumhq\selenium\selenium-devtools-v85\4.1.2\selenium-devtools-v85-4.1.2.jar;C:\Users\Admin\.m2\repository\org\seleniumhq\selenium\selenium-devtools-v95\4.1.2\selenium-devtools-v95-4.1.2.jar;C:\Users\Admin\.m2\repository\org\seleniumhq\selenium\selenium-devtools-v96\4.1.2\selenium-devtools-v96-4.1.2.jar;C:\Users\Admin\.m2\repository\org\seleniumhq\selenium\selenium-devtools-v97\4.1.2\selenium-devtools-v97-4.1.2.jar;C:\Users\Admin\.m2\repository\org\seleniumhq\selenium\selenium-firefox-xpi-driver\4.1.2\selenium-firefox-xpi-driver-4.1.2.jar;C:\Users\Admin\.m2\repository\org\seleniumhq\selenium\selenium-opera-driver\4.1.2\selenium-opera-driver-4.1.2.jar;C:\Users\Admin\.m2\repository\org\seleniumhq\selenium\selenium-remote-driver\4.1.2\selenium-remote-driver-4.1.2.jar;C:\Users\Admin\.m2\repository\com\beust\jcommander\1.82\jcommander-1.82.jar;C:\Users\Admin\.m2\repository\io\netty\netty-buffer\4.1.73.Final\netty-buffer-4.1.73.Final.jar;C:\Users\Admin\.m2\repository\io\netty\netty-codec-http\4.1.73.Final\netty-codec-http-4.1.73.Final.jar;C:\Users\Admin\.m2\repository\io\netty\netty-codec\4.1.73.Final\netty-codec-4.1.73.Final.jar;C:\Users\Admin\.m2\repository\io\netty\netty-handler\4.1.73.Final\netty-handler-4.1.73.Final.jar;C:\Users\Admin\.m2\repository\io\netty\netty-tcnative-classes\2.0.46.Final\netty-tcnative-classes-2.0.46.Final.jar;C:\Users\Admin\.m2\repository\io\netty\netty-common\4.1.73.Final\netty-common-4.1.73.Final.jar;C:\Users\Admin\.m2\repository\io\netty\netty-transport-classes-epoll\4.1.73.Final\netty-transport-classes-epoll-4.1.73.Final.jar;C:\Users\Admin\.m2\repository\io\netty\netty-transport-classes-kqueue\4.1.73.Final\netty-transport-classes-kqueue-4.1.73.Final.jar;C:\Users\Admin\.m2\repository\io\netty\netty-transport-native-epoll\4.1.73.Final\netty-transport-native-epoll-4.1.73.Final.jar;C:\Users\Admin\.m2\repository\io\netty\netty-transport-native-kqueue\4.1.73.Final\netty-transport-native-kqueue-4.1.73.Final.jar;C:\Users\Admin\.m2\repository\io\netty\netty-transport-native-unix-common\4.1.73.Final\netty-transport-native-unix-common-4.1.73.Final.jar;C:\Users\Admin\.m2\repository\io\netty\netty-transport\4.1.73.Final\netty-transport-4.1.73.Final.jar;C:\Users\Admin\.m2\repository\io\netty\netty-resolver\4.1.73.Final\netty-resolver-4.1.73.Final.jar;C:\Users\Admin\.m2\repository\io\opentelemetry\opentelemetry-api\1.10.1\opentelemetry-api-1.10.1.jar;C:\Users\Admin\.m2\repository\io\opentelemetry\opentelemetry-context\1.10.1\opentelemetry-context-1.10.1.jar;C:\Users\Admin\.m2\repository\io\opentelemetry\opentelemetry-exporter-logging\1.10.1\opentelemetry-exporter-logging-1.10.1.jar;C:\Users\Admin\.m2\repository\io\opentelemetry\opentelemetry-sdk-metrics\1.10.1-alpha\opentelemetry-sdk-metrics-1.10.1-alpha.jar;C:\Users\Admin\.m2\repository\io\opentelemetry\opentelemetry-sdk-logs\1.10.1-alpha\opentelemetry-sdk-logs-1.10.1-alpha.jar;C:\Users\Admin\.m2\repository\io\opentelemetry\opentelemetry-sdk-common\1.10.1\opentelemetry-sdk-common-1.10.1.jar;C:\Users\Admin\.m2\repository\io\opentelemetry\opentelemetry-sdk-extension-autoconfigure-spi\1.10.1\opentelemetry-sdk-extension-autoconfigure-spi-1.10.1.jar;C:\Users\Admin\.m2\repository\io\opentelemetry\opentelemetry-sdk-extension-autoconfigure\1.10.1-alpha\opentelemetry-sdk-extension-autoconfigure-1.10.1-alpha.jar;C:\Users\Admin\.m2\repository\io\opentelemetry\opentelemetry-sdk-trace\1.10.1\opentelemetry-sdk-trace-1.10.1.jar;C:\Users\Admin\.m2\repository\io\opentelemetry\opentelemetry-sdk\1.10.1\opentelemetry-sdk-1.10.1.jar;C:\Users\Admin\.m2\repository\io\opentelemetry\opentelemetry-semconv\1.10.1-alpha\opentelemetry-semconv-1.10.1-alpha.jar;C:\Users\Admin\.m2\repository\io\ous\jtoml\2.0.0\jtoml-2.0.0.jar;C:\Users\Admin\.m2\repository\org\apache\commons\commons-exec\1.3\commons-exec-1.3.jar;C:\Users\Admin\.m2\repository\org\asynchttpclient\async-http-client\2.12.3\async-http-client-2.12.3.jar;C:\Users\Admin\.m2\repository\org\asynchttpclient\async-http-client-netty-utils\2.12.3\async-http-client-netty-utils-2.12.3.jar;C:\Users\Admin\.m2\repository\io\netty\netty-codec-socks\4.1.60.Final\netty-codec-socks-4.1.60.Final.jar;C:\Users\Admin\.m2\repository\io\netty\netty-handler-proxy\4.1.60.Final\netty-handler-proxy-4.1.60.Final.jar;C:\Users\Admin\.m2\repository\io\netty\netty-transport-native-epoll\4.1.60.Final\netty-transport-native-epoll-4.1.60.Final-linux-x86_64.jar;C:\Users\Admin\.m2\repository\io\netty\netty-transport-native-kqueue\4.1.60.Final\netty-transport-native-kqueue-4.1.60.Final-osx-x86_64.jar;C:\Users\Admin\.m2\repository\org\reactivestreams\reactive-streams\1.0.3\reactive-streams-1.0.3.jar;C:\Users\Admin\.m2\repository\com\typesafe\netty\netty-reactive-streams\2.0.4\netty-reactive-streams-2.0.4.jar;C:\Users\Admin\.m2\repository\org\seleniumhq\selenium\selenium-http\4.1.2\selenium-http-4.1.2.jar;C:\Users\Admin\.m2\repository\net\jodah\failsafe\2.4.4\failsafe-2.4.4.jar;C:\Users\Admin\.m2\repository\org\seleniumhq\selenium\selenium-safari-driver\4.1.2\selenium-safari-driver-4.1.2.jar;C:\Users\Admin\.m2\repository\org\seleniumhq\selenium\selenium-api\4.1.2\selenium-api-4.1.2.jar;C:\Users\Admin\.m2\repository\org\seleniumhq\selenium\selenium-support\4.1.2\selenium-support-4.1.2.jar;C:\Users\Admin\.m2\repository\com\google\auto\service\auto-service-annotations\1.0.1\auto-service-annotations-1.0.1.jar;C:\Users\Admin\.m2\repository\com\google\auto\service\auto-service\1.0.1\auto-service-1.0.1.jar;C:\Users\Admin\.m2\repository\com\google\auto\auto-common\1.2\auto-common-1.2.jar;C:\Users\Admin\.m2\repository\org\seleniumhq\selenium\selenium-json\4.1.2\selenium-json-4.1.2.jar;C:\Users\Admin\.m2\repository\org\seleniumhq\selenium\selenium-chrome-driver\4.1.2\selenium-chrome-driver-4.1.2.jar;C:\Users\Admin\.m2\repository\org\seleniumhq\selenium\selenium-chromium-driver\4.1.2\selenium-chromium-driver-4.1.2.jar;C:\Users\Admin\.m2\repository\org\seleniumhq\selenium\selenium-firefox-driver\4.1.2\selenium-firefox-driver-4.1.2.jar;C:\Users\Admin\.m2\repository\org\seleniumhq\selenium\selenium-edge-driver\4.1.2\selenium-edge-driver-4.1.2.jar;C:\Users\Admin\.m2\repository\org\seleniumhq\selenium\selenium-ie-driver\4.1.2\selenium-ie-driver-4.1.2.jar;C:\Users\Admin\.m2\repository\org\projectlombok\lombok\1.18.20\lombok-1.18.20.jar;C:\Users\Admin\.m2\repository\io\appium\java-client\8.0.0\java-client-8.0.0.jar;C:\Users\Admin\.m2\repository\commons-validator\commons-validator\1.7\commons-validator-1.7.jar;C:\Users\Admin\.m2\repository\commons-digester\commons-digester\2.1\commons-digester-2.1.jar;C:\Users\Admin\.m2\repository\org\aspectj\aspectjweaver\1.9.8\aspectjweaver-1.9.8.jar;C:\Users\Admin\.m2\repository\org\codehaus\groovy\groovy\3.0.10\groovy-3.0.10.jar;C:\Users\Admin\.m2\repository\net\sf\opencsv\opencsv\2.0\opencsv-2.0.jar;C:\Users\Admin\.m2\repository\commons-beanutils\commons-beanutils\1.9.4\commons-beanutils-1.9.4.jar;C:\Users\Admin\.m2\repository\org\apache\commons\commons-lang3\3.12.0\commons-lang3-3.12.0.jar;C:\Users\Admin\.m2\repository\commons-collections\commons-collections\3.2.2\commons-collections-3.2.2.jar;C:\Users\Admin\.m2\repository\org\fluentlenium\fluentlenium-core\0.10.2\fluentlenium-core-0.10.2.jar;C:\Users\Admin\.m2\repository\io\github\bonigarcia\webdrivermanager\5.1.0\webdrivermanager-5.1.0.jar;C:\Users\Admin\.m2\repository\com\github\docker-java\docker-java\3.2.13\docker-java-3.2.13.jar;C:\Users\Admin\.m2\repository\com\github\docker-java\docker-java-core\3.2.13\docker-java-core-3.2.13.jar;C:\Users\Admin\.m2\repository\com\github\docker-java\docker-java-api\3.2.13\docker-java-api-3.2.13.jar;C:\Users\Admin\.m2\repository\org\apache\commons\commons-compress\1.21\commons-compress-1.21.jar;C:\Users\Admin\.m2\repository\org\bouncycastle\bcpkix-jdk15on\1.64\bcpkix-jdk15on-1.64.jar;C:\Users\Admin\.m2\repository\org\bouncycastle\bcprov-jdk15on\1.64\bcprov-jdk15on-1.64.jar;C:\Users\Admin\.m2\repository\org\slf4j\jcl-over-slf4j\1.7.30\jcl-over-slf4j-1.7.30.jar;C:\Users\Admin\.m2\repository\com\github\docker-java\docker-java-transport-httpclient5\3.2.13\docker-java-transport-httpclient5-3.2.13.jar;C:\Users\Admin\.m2\repository\com\github\docker-java\docker-java-transport\3.2.13\docker-java-transport-3.2.13.jar;C:\Users\Admin\.m2\repository\org\apache\httpcomponents\client5\httpclient5\5.0.3\httpclient5-5.0.3.jar;C:\Users\Admin\.m2\repository\org\apache\httpcomponents\core5\httpcore5\5.0.2\httpcore5-5.0.2.jar;C:\Users\Admin\.m2\repository\net\java\dev\jna\jna\5.8.0\jna-5.8.0.jar;C:\Users\Admin\.m2\repository\org\brotli\dec\0.1.2\dec-0.1.2.jar;C:\Users\Admin\.m2\repository\com\jhlabs\filters\2.0.235\filters-2.0.235.jar;C:\Users\Admin\.m2\repository\com\paulhammant\ngwebdriver\1.1.6\ngwebdriver-1.1.6.jar;C:\Users\Admin\.m2\repository\joda-time\joda-time\2.8.2\joda-time-2.8.2.jar;C:\Users\Admin\.m2\repository\org\hamcrest\hamcrest\2.2\hamcrest-2.2.jar;C:\Users\Admin\.m2\repository\com\google\jimfs\jimfs\1.2\jimfs-1.2.jar;C:\Users\Admin\.m2\repository\org\mockito\mockito-core\3.3.3\mockito-core-3.3.3.jar;C:\Users\Admin\.m2\repository\javax\xml\bind\jaxb-api\2.3.1\jaxb-api-2.3.1.jar;C:\Users\Admin\.m2\repository\javax\activation\javax.activation-api\1.2.0\javax.activation-api-1.2.0.jar;C:\Users\Admin\.m2\repository\com\sun\xml\bind\jaxb-core\2.3.0.1\jaxb-core-2.3.0.1.jar;C:\Users\Admin\.m2\repository\com\sun\xml\bind\jaxb-impl\2.3.3\jaxb-impl-2.3.3.jar;C:\Users\Admin\.m2\repository\jakarta\xml\bind\jakarta.xml.bind-api\2.3.3\jakarta.xml.bind-api-2.3.3.jar;C:\Users\Admin\.m2\repository\com\sun\activation\jakarta.activation\1.2.2\jakarta.activation-1.2.2.jar;C:\Users\Admin\.m2\repository\javax\activation\activation\1.1.1\activation-1.1.1.jar;C:\Users\Admin\.m2\repository\net\serenity-bdd\serenity-cucumber\3.2.1\serenity-cucumber-3.2.1.jar;C:\Users\Admin\.m2\repository\io\cucumber\cucumber-core\7.2.3\cucumber-core-7.2.3.jar;C:\Users\Admin\.m2\repository\io\cucumber\cucumber-gherkin\7.2.3\cucumber-gherkin-7.2.3.jar;C:\Users\Admin\.m2\repository\io\cucumber\cucumber-gherkin-messages\7.2.3\cucumber-gherkin-messages-7.2.3.jar;C:\Users\Admin\.m2\repository\io\cucumber\messages\17.1.1\messages-17.1.1.jar;C:\Users\Admin\.m2\repository\io\cucumber\tag-expressions\4.1.0\tag-expressions-4.1.0.jar;C:\Users\Admin\.m2\repository\io\cucumber\cucumber-expressions\15.0.1\cucumber-expressions-15.0.1.jar;C:\Users\Admin\.m2\repository\io\cucumber\datatable\7.2.3\datatable-7.2.3.jar;C:\Users\Admin\.m2\repository\io\cucumber\cucumber-plugin\7.2.3\cucumber-plugin-7.2.3.jar;C:\Users\Admin\.m2\repository\io\cucumber\docstring\7.2.3\docstring-7.2.3.jar;C:\Users\Admin\.m2\repository\io\cucumber\html-formatter\17.0.0\html-formatter-17.0.0.jar;C:\Users\Admin\.m2\repository\io\cucumber\ci-environment\8.1.0\ci-environment-8.1.0.jar;C:\Users\Admin\.m2\repository\io\cucumber\cucumber-junit\7.2.3\cucumber-junit-7.2.3.jar;C:\Users\Admin\.m2\repository\org\apache\commons\commons-csv\1.5\commons-csv-1.5.jar;C:\Users\Admin\.m2\repository\net\serenity-bdd\serenity-screenplay\3.2.1\serenity-screenplay-3.2.1.jar;C:\Users\Admin\.m2\repository\net\serenity-bdd\serenity-screenplay-webdriver\3.2.1\serenity-screenplay-webdriver-3.2.1.jar;C:\Users\Admin\.m2\repository\net\serenity-bdd\serenity-ensure\3.2.1\serenity-ensure-3.2.1.jar;C:\Users\Admin\.m2\repository\net\serenity-bdd\serenity-junit\3.2.1\serenity-junit-3.2.1.jar;C:\Users\Admin\.m2\repository\org\jetbrains\kotlin\kotlin-stdlib\1.6.0\kotlin-stdlib-1.6.0.jar;C:\Users\Admin\.m2\repository\org\jetbrains\annotations\13.0\annotations-13.0.jar;C:\Users\Admin\.m2\repository\org\jetbrains\kotlin\kotlin-stdlib-common\1.6.0\kotlin-stdlib-common-1.6.0.jar;C:\Users\Admin\.m2\repository\org\junit\platform\junit-platform-launcher\1.8.1\junit-platform-launcher-1.8.1.jar;C:\Users\Admin\.m2\repository\org\junit\platform\junit-platform-engine\1.8.1\junit-platform-engine-1.8.1.jar;C:\Users\Admin\.m2\repository\org\opentest4j\opentest4j\1.2.0\opentest4j-1.2.0.jar;C:\Users\Admin\.m2\repository\org\junit\platform\junit-platform-commons\1.8.1\junit-platform-commons-1.8.1.jar;C:\Users\Admin\.m2\repository\org\apiguardian\apiguardian-api\1.1.2\apiguardian-api-1.1.2.jar;C:\Users\Admin\.m2\repository\org\junit\jupiter\junit-jupiter-engine\5.8.2\junit-jupiter-engine-5.8.2.jar;C:\Users\Admin\.m2\repository\org\junit\jupiter\junit-jupiter-api\5.8.2\junit-jupiter-api-5.8.2.jar;C:\Users\Admin\.m2\repository\org\junit\vintage\junit-vintage-engine\5.8.2\junit-vintage-engine-5.8.2.jar;C:\Users\Admin\.m2\repository\junit\junit\4.13.2\junit-4.13.2.jar;C:\Users\Admin\.m2\repository\org\hamcrest\hamcrest-core\1.3\hamcrest-core-1.3.jar;C:\Users\Admin\.m2\repository\ch\qos\logback\logback-classic\1.2.10\logback-classic-1.2.10.jar;C:\Users\Admin\.m2\repository\ch\qos\logback\logback-core\1.2.10\logback-core-1.2.10.jar;C:\Users\Admin\.m2\repository\org\slf4j\slf4j-api\1.7.32\slf4j-api-1.7.32.jar;C:\Users\Admin\.m2\repository\org\assertj\assertj-core\3.6.2\assertj-core-3.6.2.jar;"/>
    <property name="sun.cpu.endian" value="little"/>
    <property name="user.home" value="C:\Users\Admin"/>
    <property name="user.language" value="en"/>
    <property name="java.specification.vendor" value="Oracle Corporation"/>
    <property name="java.home" value="C:\Program Files\Java\jdk1.8.0_321\jre"/>
    <property name="basedir" value="D:\kampus merdeka\Intelij\web"/>
    <property name="file.separator" value="\"/>
    <property name="line.separator" value="&#10;"/>
    <property name="java.vm.specification.vendor" value="Oracle Corporation"/>
    <property name="java.specification.name" value="Java Platform API Specification"/>
    <property name="java.awt.graphicsenv" value="sun.awt.Win32GraphicsEnvironment"/>
    <property name="surefire.real.class.path" value="C:\Users\Admin\AppData\Local\Temp\surefire2799410140576555495\surefirebooter3850384425158299812.jar"/>
    <property name="sun.boot.class.path" value="C:\Program Files\Java\jdk1.8.0_321\jre\lib\resources.jar;C:\Program Files\Java\jdk1.8.0_321\jre\lib\rt.jar;C:\Program Files\Java\jdk1.8.0_321\jre\lib\sunrsasign.jar;C:\Program Files\Java\jdk1.8.0_321\jre\lib\jsse.jar;C:\Program Files\Java\jdk1.8.0_321\jre\lib\jce.jar;C:\Program Files\Java\jdk1.8.0_321\jre\lib\charsets.jar;C:\Program Files\Java\jdk1.8.0_321\jre\lib\jfr.jar;C:\Program Files\Java\jdk1.8.0_321\jre\classes"/>
    <property name="user.script" value=""/>
    <property name="java.protocol.handler.pkgs" value="com.google.common"/>
    <property name="sun.management.compiler" value="HotSpot 64-Bit Tiered Compilers"/>
    <property name="java.runtime.version" value="1.8.0_321-b07"/>
    <property name="user.name" value="Admin"/>
    <property name="path.separator" value=";"/>
    <property name="os.version" value="10.0"/>
    <property name="java.endorsed.dirs" value="C:\Program Files\Java\jdk1.8.0_321\jre\lib\endorsed"/>
    <property name="java.runtime.name" value="Java(TM) SE Runtime Environment"/>
    <property name="file.encoding" value="Cp1252"/>
    <property name="webdriver.base.url" value=""/>
    <property name="java.vm.name" value="Java HotSpot(TM) 64-Bit Server VM"/>
    <property name="localRepository" value="C:\Users\Admin\.m2\repository"/>
    <property name="java.vendor.url.bug" value="http://bugreport.sun.com/bugreport/"/>
    <property name="java.io.tmpdir" value="C:\Users\Admin\AppData\Local\Temp\"/>
    <property name="java.version" value="1.8.0_321"/>
    <property name="user.dir" value="D:\kampus merdeka\Intelij\web"/>
    <property name="os.arch" value="amd64"/>
    <property name="java.vm.specification.name" value="Java Virtual Machine Specification"/>
    <property name="java.awt.printerjob" value="sun.awt.windows.WPrinterJob"/>
    <property name="sun.os.patch.level" value=""/>
    <property name="java.library.path" value="C:\Program Files\Java\jdk1.8.0_321\jre\bin;C:\Windows\Sun\Java\bin;C:\Windows\system32;C:\Windows;C:\Program Files (x86)\Common Files\Oracle\Java\javapath;C:\Windows\system32;C:\Windows;C:\Windows\System32\Wbem;C:\Windows\System32\WindowsPowerShell\v1.0\;C:\Windows\System32\OpenSSH\;C:\Program Files\MATLAB\R2016a\runtime\win64;C:\Program Files\MATLAB\R2016a\bin;C:\Program Files\MATLAB\R2016a\polyspace\bin;C:\Program Files\Git\cmd;C:\Program Files\Git\mingw64\bin;C:\Program Files\Git\usr\bin;C:\Program Files (x86)\dotnet\;C:\OPT\apache-maven-3.8.5\bin;%M2_HOME%\bin;D:\Program Files\;C:\Users\Admin\AppData\Local\Android\Sdk\platform-tools;C:\Users\Admin\AppData\Local\Android\Sdk;C:\Users\Admin\AppData\Local\Microsoft\WindowsApps;C:\Users\Admin\AppData\Local\Programs\Microsoft VS Code\bin;C:\Users\Admin\AppData\Roaming\npm;."/>
    <property name="java.vm.info" value="mixed mode"/>
    <property name="java.vendor" value="Oracle Corporation"/>
    <property name="java.vm.version" value="25.321-b07"/>
    <property name="java.ext.dirs" value="C:\Program Files\Java\jdk1.8.0_321\jre\lib\ext;C:\Windows\Sun\Java\lib\ext"/>
    <property name="sun.io.unicode.encoding" value="UnicodeLittle"/>
    <property name="java.class.version" value="52.0"/>
  </properties>
  <testcase name="As user i have be able to see bookstore page" classname="As a user I want to visit bookstore So that i can see existing book in store" time="24.106">
    <system-out><![CDATA[23:27:11.661 [main] INFO io.cucumber.core.plugin.SerenityReporter - Running feature from file:///D:/kampus%20merdeka/Intelij/web/src/test/resources/features/Bookstore.feature
23:27:12.037 [main] INFO  - 

-------------------------------------------------------------------------------------
     _______. _______ .______       _______ .__   __.  __  .___________.____    ____ 
    /       ||   ____||   _  \     |   ____||  \ |  | |  | |           |\   \  /   / 
   |   (----`|  |__   |  |_)  |    |  |__   |   \|  | |  | `---|  |----` \   \/   /  
    \   \    |   __|  |      /     |   __|  |  . `  | |  |     |  |       \_    _/   
.----)   |   |  |____ |  |\  \----.|  |____ |  |\   | |  |     |  |         |  |     
|_______/    |_______|| _| `._____||_______||__| \__| |__|     |__|         |__|    
                                                                                     
 News and tutorials at http://www.serenity-bdd.info                                  
 Documentation at https://wakaleo.gitbooks.io/the-serenity-book/content/             
 Join the Serenity Community on Gitter: https://gitter.im/serenity-bdd/serenity-core 
 Serenity BDD Support and Training at http://serenity-bdd.info/#/trainingandsupport  
-------------------------------------------------------------------------------------

23:27:12.042 [main] DEBUG net.thucydides.core.steps.StepEventBus - Test suite started for story net.thucydides.core.model.Story@73942bea
23:27:12.047 [main] INFO  - Test Suite Started: As a user I want to visit bookstore So that i can see existing book in store
23:27:12.156 [main] INFO io.cucumber.core.plugin.SerenityReporter - Running feature from file:///D:/kampus%20merdeka/Intelij/web/src/test/resources/features/Login.feature
23:27:12.172 [main] DEBUG net.thucydides.core.steps.StepEventBus - Test suite started for story net.thucydides.core.model.Story@219ce80
23:27:12.174 [main] INFO  - Test Suite Started: As user I want see home page So that i can buy books
23:27:12.176 [main] INFO io.cucumber.core.plugin.SerenityReporter - Running feature from file:///D:/kampus%20merdeka/Intelij/web/src/test/resources/features/Bookstore.feature
23:27:12.183 [main] DEBUG net.thucydides.core.steps.StepEventBus - Test suite started for story net.thucydides.core.model.Story@73942bea
23:27:12.185 [main] INFO  - Test Suite Started: As a user I want to visit bookstore So that i can see existing book in store

Scenario: As user i have be able to see bookstore page &amp#27;[90m# src/test/resources/features/Bookstore.feature:7&amp#27;[0m
23:27:12.423 [main] INFO io.cucumber.core.plugin.SerenityReporter - Running feature from file:///D:/kampus%20merdeka/Intelij/web/src/test/resources/features/Bookstore.feature
23:27:12.647 [main] INFO  - 
  _____   ___   ___   _____     ___   _____     _     ___   _____   ___   ___  
 |_   _| | __| / __| |_   _|   / __| |_   _|   /_\   | _ \ |_   _| | __| |   \ 
   | |   | _|  \__ \   | |     \__ \   | |    / _ \  |   /   | |   | _|  | |) |
   |_|   |___| |___/   |_|     |___/   |_|   /_/ \_\ |_|_\   |_|   |___| |___/ 

As user i have be able to see bookstore page(as-a-user-i-want-to-visit-bookstore-so-that-i-can-see-existing-book-in-store;as-user-i-have-be-able-to-see-bookstore-page)
--------------------------------------------------------------------------------
23:27:14.045 [main] DEBUG net.thucydides.core.steps.StepInterceptor - STARTING STEP: BookstoreSteps.onBookstorePage - openPage
23:27:14.159 [main] INFO net.serenitybdd.core.webdriver.driverproviders.ChromeDriverProvider - Using automatically driver download
23:27:15.745 [main] DEBUG io.github.bonigarcia.wdm.cache.ResolutionCache - Resolution chrome=100 in cache (valid until 23:33:17 10/04/2022 ICT)
23:27:15.752 [main] DEBUG io.github.bonigarcia.wdm.cache.ResolutionCache - Resolution chrome100=100.0.4896.60 in cache (valid until 12:12:52 11/04/2022 ICT)
23:27:15.757 [main] INFO io.github.bonigarcia.wdm.WebDriverManager - Using chromedriver 100.0.4896.60 (resolved driver for Chrome 100)
23:27:15.780 [main] DEBUG io.github.bonigarcia.wdm.WebDriverManager - Driver chromedriver 100.0.4896.60 found in cache
23:27:15.781 [main] INFO io.github.bonigarcia.wdm.WebDriverManager - Exporting webdriver.chrome.driver as C:\Users\Admin\.cache\selenium\chromedriver\win32\100.0.4896.60\chromedriver.exe
23:27:15.977 [main] DEBUG net.thucydides.core.reflection.ClassFinder - Could not load class .starter.CucumberTestSuite
23:27:15.977 [main] DEBUG net.thucydides.core.reflection.ClassFinder - Could not load class .starter.pages.BookstorePage
23:27:15.977 [main] DEBUG net.thucydides.core.reflection.ClassFinder - Could not load class .starter.pages.HomePage
23:27:15.977 [main] DEBUG net.thucydides.core.reflection.ClassFinder - Could not load class .starter.pages.LoginPage
23:27:15.978 [main] DEBUG net.thucydides.core.reflection.ClassFinder - Could not load class .starter.stepdefenitions.BookstoreSteps
23:27:15.978 [main] DEBUG net.thucydides.core.reflection.ClassFinder - Could not load class .starter.stepdefenitions.LoginSteps
23:27:16.143 [main] DEBUG net.serenitybdd.core.webdriver.driverproviders.ProvideNewDriver - Instantiating driver
23:27:16.143 [main] DEBUG net.serenitybdd.core.webdriver.driverproviders.ProvideNewDriver - Driver capabilities: Capabilities {acceptInsecureCerts: false, base.url: https://demoqa.com/, browserName: chrome, chrome.driver: src/test/resources/webdrive..., driver: chrome, goog:chromeOptions: {args: [], extensions: []}}
23:27:16.306 [main] DEBUG io.netty.util.internal.logging.InternalLoggerFactory - Using SLF4J as the default logging framework
23:27:16.316 [main] DEBUG io.netty.util.ResourceLeakDetector - -Dio.netty.leakDetection.level: simple
23:27:16.316 [main] DEBUG io.netty.util.ResourceLeakDetector - -Dio.netty.leakDetection.targetRecords: 4
23:27:16.324 [main] DEBUG io.netty.util.ResourceLeakDetectorFactory - Loaded default ResourceLeakDetector: io.netty.util.ResourceLeakDetector@1142d377
23:27:16.376 [main] DEBUG io.netty.util.internal.PlatformDependent0 - -Dio.netty.noUnsafe: false
23:27:16.376 [main] DEBUG io.netty.util.internal.PlatformDependent0 - Java version: 8
23:27:16.378 [main] DEBUG io.netty.util.internal.PlatformDependent0 - sun.misc.Unsafe.theUnsafe: available
23:27:16.379 [main] DEBUG io.netty.util.internal.PlatformDependent0 - sun.misc.Unsafe.copyMemory: available
23:27:16.380 [main] DEBUG io.netty.util.internal.PlatformDependent0 - java.nio.Buffer.address: available
23:27:16.381 [main] DEBUG io.netty.util.internal.PlatformDependent0 - direct buffer constructor: available
23:27:16.382 [main] DEBUG io.netty.util.internal.PlatformDependent0 - java.nio.Bits.unaligned: available, true
23:27:16.383 [main] DEBUG io.netty.util.internal.PlatformDependent0 - jdk.internal.misc.Unsafe.allocateUninitializedArray(int): unavailable prior to Java9
23:27:16.383 [main] DEBUG io.netty.util.internal.PlatformDependent0 - java.nio.DirectByteBuffer.<init>(long, int): available
23:27:16.383 [main] DEBUG io.netty.util.internal.PlatformDependent - sun.misc.Unsafe: available
23:27:16.384 [main] DEBUG io.netty.util.internal.PlatformDependent - -Dio.netty.tmpdir: C:\Users\Admin\AppData\Local\Temp (java.io.tmpdir)
23:27:16.384 [main] DEBUG io.netty.util.internal.PlatformDependent - -Dio.netty.bitMode: 64 (sun.arch.data.model)
23:27:16.384 [main] DEBUG io.netty.util.internal.PlatformDependent - Platform: Windows
23:27:16.385 [main] DEBUG io.netty.util.internal.PlatformDependent - -Dio.netty.maxDirectMemory: 928514048 bytes
23:27:16.386 [main] DEBUG io.netty.util.internal.PlatformDependent - -Dio.netty.uninitializedArrayAllocationThreshold: -1
23:27:16.387 [main] DEBUG io.netty.util.internal.CleanerJava6 - java.nio.ByteBuffer.cleaner(): available
23:27:16.388 [main] DEBUG io.netty.util.internal.PlatformDependent - -Dio.netty.noPreferDirect: false
23:27:16.401 [main] DEBUG io.netty.util.internal.PlatformDependent - org.jctools-core.MpscChunkedArrayQueue: available
23:27:16.444 [main] DEBUG io.netty.util.internal.InternalThreadLocalMap - -Dio.netty.threadLocalMap.stringBuilder.initialSize: 1024
23:27:16.444 [main] DEBUG io.netty.util.internal.InternalThreadLocalMap - -Dio.netty.threadLocalMap.stringBuilder.maxSize: 4096
23:27:16.480 [main] DEBUG io.netty.handler.ssl.JdkSslContext - Default protocols (JDK): [TLSv1.2] 
23:27:16.481 [main] DEBUG io.netty.handler.ssl.JdkSslContext - Default cipher suites (JDK): [TLS_ECDHE_ECDSA_WITH_AES_256_GCM_SHA384, TLS_ECDHE_ECDSA_WITH_AES_128_GCM_SHA256, TLS_ECDHE_RSA_WITH_AES_128_GCM_SHA256, TLS_ECDHE_RSA_WITH_AES_256_GCM_SHA384, TLS_ECDHE_RSA_WITH_AES_128_CBC_SHA, TLS_ECDHE_RSA_WITH_AES_256_CBC_SHA, TLS_RSA_WITH_AES_128_GCM_SHA256, TLS_RSA_WITH_AES_128_CBC_SHA, TLS_RSA_WITH_AES_256_CBC_SHA, TLS_AES_128_GCM_SHA256, TLS_AES_256_GCM_SHA384]
23:27:16.539 [main] DEBUG io.netty.channel.MultithreadEventLoopGroup - -Dio.netty.eventLoopThreads: 8
23:27:16.558 [main] DEBUG io.netty.channel.nio.NioEventLoop - -Dio.netty.noKeySetOptimization: false
23:27:16.558 [main] DEBUG io.netty.channel.nio.NioEventLoop - -Dio.netty.selectorAutoRebuildThreshold: 512
23:27:16.628 [main] DEBUG io.netty.buffer.PooledByteBufAllocator - -Dio.netty.allocator.numHeapArenas: 8
23:27:16.628 [main] DEBUG io.netty.buffer.PooledByteBufAllocator - -Dio.netty.allocator.numDirectArenas: 8
23:27:16.628 [main] DEBUG io.netty.buffer.PooledByteBufAllocator - -Dio.netty.allocator.pageSize: 8192
23:27:16.628 [main] DEBUG io.netty.buffer.PooledByteBufAllocator - -Dio.netty.allocator.maxOrder: 11
23:27:16.628 [main] DEBUG io.netty.buffer.PooledByteBufAllocator - -Dio.netty.allocator.chunkSize: 16777216
23:27:16.628 [main] DEBUG io.netty.buffer.PooledByteBufAllocator - -Dio.netty.allocator.smallCacheSize: 256
23:27:16.628 [main] DEBUG io.netty.buffer.PooledByteBufAllocator - -Dio.netty.allocator.normalCacheSize: 64
23:27:16.628 [main] DEBUG io.netty.buffer.PooledByteBufAllocator - -Dio.netty.allocator.maxCachedBufferCapacity: 32768
23:27:16.628 [main] DEBUG io.netty.buffer.PooledByteBufAllocator - -Dio.netty.allocator.cacheTrimInterval: 8192
23:27:16.628 [main] DEBUG io.netty.buffer.PooledByteBufAllocator - -Dio.netty.allocator.cacheTrimIntervalMillis: 0
23:27:16.629 [main] DEBUG io.netty.buffer.PooledByteBufAllocator - -Dio.netty.allocator.useCacheForAllThreads: true
23:27:16.629 [main] DEBUG io.netty.buffer.PooledByteBufAllocator - -Dio.netty.allocator.maxCachedByteBuffersPerChunk: 1023
23:27:16.654 [main] DEBUG io.netty.buffer.ByteBufUtil - -Dio.netty.allocator.type: pooled
23:27:16.654 [main] DEBUG io.netty.buffer.ByteBufUtil - -Dio.netty.threadLocalDirectBufferSize: 0
23:27:16.654 [main] DEBUG io.netty.buffer.ByteBufUtil - -Dio.netty.maxThreadLocalCharBufferSize: 16384
23:27:17.688 [Forwarding newSession on session null to remote] DEBUG io.netty.channel.DefaultChannelId - -Dio.netty.processId: 3708 (auto-detected)
23:27:17.691 [Forwarding newSession on session null to remote] DEBUG io.netty.util.NetUtil - -Djava.net.preferIPv4Stack: false
23:27:17.691 [Forwarding newSession on session null to remote] DEBUG io.netty.util.NetUtil - -Djava.net.preferIPv6Addresses: false
23:27:17.877 [Forwarding newSession on session null to remote] DEBUG io.netty.util.NetUtilInitializations - Loopback interface: lo (Software Loopback Interface 1, 127.0.0.1)
23:27:17.878 [Forwarding newSession on session null to remote] DEBUG io.netty.util.NetUtil - Failed to get SOMAXCONN from sysctl and file \proc\sys\net\core\somaxconn. Default: 200
23:27:18.047 [Forwarding newSession on session null to remote] DEBUG io.netty.channel.DefaultChannelId - -Dio.netty.machineId: 3c:97:0e:ff:fe:20:69:b3 (auto-detected)
23:27:18.141 [AsyncHttpClient-1-2] DEBUG io.netty.buffer.AbstractByteBuf - -Dio.netty.buffer.checkAccessible: true
23:27:18.141 [AsyncHttpClient-1-2] DEBUG io.netty.buffer.AbstractByteBuf - -Dio.netty.buffer.checkBounds: true
23:27:18.141 [AsyncHttpClient-1-2] DEBUG io.netty.util.ResourceLeakDetectorFactory - Loaded default ResourceLeakDetector: io.netty.util.ResourceLeakDetector@27786f0e
23:27:18.163 [AsyncHttpClient-1-2] DEBUG org.asynchttpclient.netty.channel.NettyConnectListener - Using new Channel '[id: 0x65ecfee1, L:/127.0.0.1:52839 - R:localhost/127.0.0.1:54983]' for 'POST' to '/session'
23:27:18.192 [AsyncHttpClient-1-2] DEBUG io.netty.util.Recycler - -Dio.netty.recycler.maxCapacityPerThread: 4096
23:27:18.192 [AsyncHttpClient-1-2] DEBUG io.netty.util.Recycler - -Dio.netty.recycler.ratio: 8
23:27:18.192 [AsyncHttpClient-1-2] DEBUG io.netty.util.Recycler - -Dio.netty.recycler.chunkSize: 32
23:27:18.192 [AsyncHttpClient-1-2] DEBUG io.netty.util.Recycler - -Dio.netty.recycler.blocking: false
23:27:21.089 [AsyncHttpClient-1-2] DEBUG io.netty.handler.codec.compression.Brotli - brotli4j not in the classpath; Brotli support will be unavailable.
23:27:21.089 [AsyncHttpClient-1-2] DEBUG org.asynchttpclient.netty.handler.HttpHandler - 

Request DefaultHttpRequest(decodeResult: success, version: HTTP/1.1)
POST /session HTTP/1.1
User-Agent: selenium/4.1.2 (java windows)
Content-Length: 605
Content-Type: application/json; charset=utf-8
host: localhost:54983
accept: */*

Response DefaultHttpResponse(decodeResult: success, version: HTTP/1.1)
HTTP/1.1 200 OK
Content-Type: application/json; charset=utf-8
cache-control: no-cache
content-length: 790

23:27:21.113 [AsyncHttpClient-1-2] DEBUG org.asynchttpclient.netty.channel.ChannelManager - Adding key: http://localhost:54983 for channel [id: 0x65ecfee1, L:/127.0.0.1:52839 - R:localhost/127.0.0.1:54983]
23:27:21.307 [AsyncHttpClient-1-3] DEBUG org.asynchttpclient.netty.channel.NettyConnectListener - Using new Channel '[id: 0xa1fdbd31, L:/127.0.0.1:52848 - R:localhost/127.0.0.1:52841]' for 'GET' to '/json/version'
23:27:21.310 [AsyncHttpClient-1-3] DEBUG org.asynchttpclient.netty.handler.HttpHandler - 

Request DefaultFullHttpRequest(decodeResult: success, version: HTTP/1.1, content: EmptyByteBufBE)
GET /json/version HTTP/1.1
User-Agent: selenium/4.1.2 (java windows)
host: localhost:52841
accept: */*

Response DefaultHttpResponse(decodeResult: success, version: HTTP/1.1)
HTTP/1.1 200 OK
Content-Type: application/json; charset=UTF-8
content-length: 426

23:27:21.311 [AsyncHttpClient-1-3] DEBUG org.asynchttpclient.netty.channel.ChannelManager - Adding key: http://localhost:52841 for channel [id: 0xa1fdbd31, L:/127.0.0.1:52848 - R:localhost/127.0.0.1:52841]
23:27:21.326 [main] DEBUG io.netty.util.internal.ThreadLocalRandom - -Dio.netty.initialSeedUniquifier: 0xcd1e02ee4b7e41b5
23:27:21.336 [AsyncHttpClient-1-4] DEBUG org.asynchttpclient.netty.channel.NettyConnectListener - Using new Channel '[id: 0x1b8284dc, L:/127.0.0.1:52849 - R:localhost/127.0.0.1:52841]' for 'GET' to '/devtools/browser/849b5be5-98db-4b30-a97a-41d06788efdf'
23:27:21.339 [AsyncHttpClient-1-4] DEBUG org.asynchttpclient.netty.handler.WebSocketHandler - 

Request DefaultFullHttpRequest(decodeResult: success, version: HTTP/1.1, content: EmptyByteBufBE)
GET /devtools/browser/849b5be5-98db-4b30-a97a-41d06788efdf HTTP/1.1
upgrade: websocket
connection: upgrade
sec-websocket-key: c9fNBdTotQ8HocnUCj1s1A==
sec-websocket-version: 13
origin: http://localhost:52841
host: localhost:52841
accept: */*
user-agent: AHC/2.1

Response DefaultHttpResponse(decodeResult: success, version: HTTP/1.1)
HTTP/1.1 101 WebSocket Protocol Handshake
Upgrade: WebSocket
Connection: Upgrade
Sec-WebSocket-Accept: s1mU7rRx82+Ee4+t3BAzQKEzIPc=

23:27:21.452 [Forwarding setCurrentWindowSize on session d952fa2b8088fde47345eca4b3f335fd to remote] DEBUG org.asynchttpclient.netty.request.NettyRequestSender - Using pooled Channel '[id: 0x65ecfee1, L:/127.0.0.1:52839 - R:localhost/127.0.0.1:54983]' for 'POST' to 'http://localhost:54983/session/d952fa2b8088fde47345eca4b3f335fd/window/rect'
23:27:21.453 [Forwarding setCurrentWindowSize on session d952fa2b8088fde47345eca4b3f335fd to remote] DEBUG org.asynchttpclient.netty.request.NettyRequestSender - Using open Channel [id: 0x65ecfee1, L:/127.0.0.1:52839 - R:localhost/127.0.0.1:54983] for POST '/session/d952fa2b8088fde47345eca4b3f335fd/window/rect'
23:27:21.594 [AsyncHttpClient-1-2] DEBUG org.asynchttpclient.netty.handler.HttpHandler - 

Request DefaultHttpRequest(decodeResult: success, version: HTTP/1.1)
POST /session/d952fa2b8088fde47345eca4b3f335fd/window/rect HTTP/1.1
User-Agent: selenium/4.1.2 (java windows)
Content-Length: 36
Content-Type: application/json; charset=utf-8
host: localhost:54983
accept: */*

Response DefaultHttpResponse(decodeResult: success, version: HTTP/1.1)
HTTP/1.1 200 OK
Content-Type: application/json; charset=utf-8
cache-control: no-cache
content-length: 51

23:27:21.594 [AsyncHttpClient-1-2] DEBUG org.asynchttpclient.netty.channel.ChannelManager - Adding key: http://localhost:54983 for channel [id: 0x65ecfee1, L:/127.0.0.1:52839 - R:localhost/127.0.0.1:54983]
23:27:21.598 [Forwarding setWindowPosition on session d952fa2b8088fde47345eca4b3f335fd to remote] DEBUG org.asynchttpclient.netty.request.NettyRequestSender - Using pooled Channel '[id: 0x65ecfee1, L:/127.0.0.1:52839 - R:localhost/127.0.0.1:54983]' for 'POST' to 'http://localhost:54983/session/d952fa2b8088fde47345eca4b3f335fd/window/rect'
23:27:21.598 [Forwarding setWindowPosition on session d952fa2b8088fde47345eca4b3f335fd to remote] DEBUG org.asynchttpclient.netty.request.NettyRequestSender - Using open Channel [id: 0x65ecfee1, L:/127.0.0.1:52839 - R:localhost/127.0.0.1:54983] for POST '/session/d952fa2b8088fde47345eca4b3f335fd/window/rect'
23:27:21.723 [AsyncHttpClient-1-2] DEBUG org.asynchttpclient.netty.handler.HttpHandler - 

Request DefaultHttpRequest(decodeResult: success, version: HTTP/1.1)
POST /session/d952fa2b8088fde47345eca4b3f335fd/window/rect HTTP/1.1
User-Agent: selenium/4.1.2 (java windows)
Content-Length: 22
Content-Type: application/json; charset=utf-8
host: localhost:54983
accept: */*

Response DefaultHttpResponse(decodeResult: success, version: HTTP/1.1)
HTTP/1.1 200 OK
Content-Type: application/json; charset=utf-8
cache-control: no-cache
content-length: 49

23:27:21.724 [AsyncHttpClient-1-2] DEBUG org.asynchttpclient.netty.channel.ChannelManager - Adding key: http://localhost:54983 for channel [id: 0x65ecfee1, L:/127.0.0.1:52839 - R:localhost/127.0.0.1:54983]
23:27:21.911 [AsyncHttpClient-1-1] DEBUG org.asynchttpclient.netty.channel.DefaultChannelPool - Entry count for : http://localhost:54983 : 1
23:27:21.911 [AsyncHttpClient-1-1] DEBUG org.asynchttpclient.netty.channel.DefaultChannelPool - Entry count for : http://localhost:52841 : 1
23:27:21.916 [main] DEBUG net.thucydides.core.reflection.ClassFinder - Could not load class .starter.CucumberTestSuite
23:27:21.917 [main] DEBUG net.thucydides.core.reflection.ClassFinder - Could not load class .starter.pages.BookstorePage
23:27:21.917 [main] DEBUG net.thucydides.core.reflection.ClassFinder - Could not load class .starter.pages.HomePage
23:27:21.918 [main] DEBUG net.thucydides.core.reflection.ClassFinder - Could not load class .starter.pages.LoginPage
23:27:21.918 [main] DEBUG net.thucydides.core.reflection.ClassFinder - Could not load class .starter.stepdefenitions.BookstoreSteps
23:27:21.918 [main] DEBUG net.thucydides.core.reflection.ClassFinder - Could not load class .starter.stepdefenitions.LoginSteps
23:27:21.922 [Forwarding get on session d952fa2b8088fde47345eca4b3f335fd to remote] DEBUG org.asynchttpclient.netty.request.NettyRequestSender - Using pooled Channel '[id: 0x65ecfee1, L:/127.0.0.1:52839 - R:localhost/127.0.0.1:54983]' for 'POST' to 'http://localhost:54983/session/d952fa2b8088fde47345eca4b3f335fd/url'
23:27:21.922 [Forwarding get on session d952fa2b8088fde47345eca4b3f335fd to remote] DEBUG org.asynchttpclient.netty.request.NettyRequestSender - Using open Channel [id: 0x65ecfee1, L:/127.0.0.1:52839 - R:localhost/127.0.0.1:54983] for POST '/session/d952fa2b8088fde47345eca4b3f335fd/url'
23:27:23.011 [AsyncHttpClient-1-1] DEBUG org.asynchttpclient.netty.channel.DefaultChannelPool - Entry count for : http://localhost:52841 : 1
23:27:24.118 [AsyncHttpClient-1-1] DEBUG org.asynchttpclient.netty.channel.DefaultChannelPool - Entry count for : http://localhost:52841 : 1
23:27:25.212 [AsyncHttpClient-1-1] DEBUG org.asynchttpclient.netty.channel.DefaultChannelPool - Entry count for : http://localhost:52841 : 1
23:27:26.311 [AsyncHttpClient-1-1] DEBUG org.asynchttpclient.netty.channel.DefaultChannelPool - Entry count for : http://localhost:52841 : 1
23:27:27.416 [AsyncHttpClient-1-1] DEBUG org.asynchttpclient.netty.channel.DefaultChannelPool - Entry count for : http://localhost:52841 : 1
23:27:28.516 [AsyncHttpClient-1-1] DEBUG org.asynchttpclient.netty.channel.DefaultChannelPool - Entry count for : http://localhost:52841 : 1
23:27:29.612 [AsyncHttpClient-1-1] DEBUG org.asynchttpclient.netty.channel.DefaultChannelPool - Entry count for : http://localhost:52841 : 1
23:27:30.721 [AsyncHttpClient-1-1] DEBUG org.asynchttpclient.netty.channel.DefaultChannelPool - Entry count for : http://localhost:52841 : 1
23:27:31.820 [AsyncHttpClient-1-1] DEBUG org.asynchttpclient.netty.channel.DefaultChannelPool - Entry count for : http://localhost:52841 : 1
23:27:32.914 [AsyncHttpClient-1-1] DEBUG org.asynchttpclient.netty.channel.DefaultChannelPool - Entry count for : http://localhost:52841 : 1
23:27:33.179 [AsyncHttpClient-1-2] DEBUG org.asynchttpclient.netty.handler.HttpHandler - 

Request DefaultHttpRequest(decodeResult: success, version: HTTP/1.1)
POST /session/d952fa2b8088fde47345eca4b3f335fd/url HTTP/1.1
User-Agent: selenium/4.1.2 (java windows)
Content-Length: 49
Content-Type: application/json; charset=utf-8
host: localhost:54983
accept: */*

Response DefaultHttpResponse(decodeResult: success, version: HTTP/1.1)
HTTP/1.1 200 OK
Content-Type: application/json; charset=utf-8
cache-control: no-cache
content-length: 14

23:27:33.180 [AsyncHttpClient-1-2] DEBUG org.asynchttpclient.netty.channel.ChannelManager - Adding key: http://localhost:54983 for channel [id: 0x65ecfee1, L:/127.0.0.1:52839 - R:localhost/127.0.0.1:54983]
23:27:33.187 [Forwarding setTimeout on session d952fa2b8088fde47345eca4b3f335fd to remote] DEBUG org.asynchttpclient.netty.request.NettyRequestSender - Using pooled Channel '[id: 0x65ecfee1, L:/127.0.0.1:52839 - R:localhost/127.0.0.1:54983]' for 'POST' to 'http://localhost:54983/session/d952fa2b8088fde47345eca4b3f335fd/timeouts'
23:27:33.189 [Forwarding setTimeout on session d952fa2b8088fde47345eca4b3f335fd to remote] DEBUG org.asynchttpclient.netty.request.NettyRequestSender - Using open Channel [id: 0x65ecfee1, L:/127.0.0.1:52839 - R:localhost/127.0.0.1:54983] for POST '/session/d952fa2b8088fde47345eca4b3f335fd/timeouts'
23:27:33.196 [AsyncHttpClient-1-2] DEBUG org.asynchttpclient.netty.handler.HttpHandler - 

Request DefaultHttpRequest(decodeResult: success, version: HTTP/1.1)
POST /session/d952fa2b8088fde47345eca4b3f335fd/timeouts HTTP/1.1
User-Agent: selenium/4.1.2 (java windows)
Content-Length: 22
Content-Type: application/json; charset=utf-8
host: localhost:54983
accept: */*

Response DefaultHttpResponse(decodeResult: success, version: HTTP/1.1)
HTTP/1.1 200 OK
Content-Type: application/json; charset=utf-8
cache-control: no-cache
content-length: 14

23:27:33.197 [AsyncHttpClient-1-2] DEBUG org.asynchttpclient.netty.channel.ChannelManager - Adding key: http://localhost:54983 for channel [id: 0x65ecfee1, L:/127.0.0.1:52839 - R:localhost/127.0.0.1:54983]
23:27:33.206 [Forwarding getCurrentUrl on session d952fa2b8088fde47345eca4b3f335fd to remote] DEBUG org.asynchttpclient.netty.request.NettyRequestSender - Using pooled Channel '[id: 0x65ecfee1, L:/127.0.0.1:52839 - R:localhost/127.0.0.1:54983]' for 'GET' to 'http://localhost:54983/session/d952fa2b8088fde47345eca4b3f335fd/url'
23:27:33.207 [Forwarding getCurrentUrl on session d952fa2b8088fde47345eca4b3f335fd to remote] DEBUG org.asynchttpclient.netty.request.NettyRequestSender - Using open Channel [id: 0x65ecfee1, L:/127.0.0.1:52839 - R:localhost/127.0.0.1:54983] for GET '/session/d952fa2b8088fde47345eca4b3f335fd/url'
23:27:33.218 [AsyncHttpClient-1-2] DEBUG org.asynchttpclient.netty.handler.HttpHandler - 

Request DefaultFullHttpRequest(decodeResult: success, version: HTTP/1.1, content: EmptyByteBufBE)
GET /session/d952fa2b8088fde47345eca4b3f335fd/url HTTP/1.1
User-Agent: selenium/4.1.2 (java windows)
Cache-Control: no-cache
Content-Type: application/json; charset=utf-8
host: localhost:54983
accept: */*

Response DefaultHttpResponse(decodeResult: success, version: HTTP/1.1)
HTTP/1.1 200 OK
Content-Type: application/json; charset=utf-8
cache-control: no-cache
content-length: 31

23:27:33.219 [AsyncHttpClient-1-2] DEBUG org.asynchttpclient.netty.channel.ChannelManager - Adding key: http://localhost:54983 for channel [id: 0x65ecfee1, L:/127.0.0.1:52839 - R:localhost/127.0.0.1:54983]
23:27:33.227 [Forwarding getCurrentUrl on session d952fa2b8088fde47345eca4b3f335fd to remote] DEBUG org.asynchttpclient.netty.request.NettyRequestSender - Using pooled Channel '[id: 0x65ecfee1, L:/127.0.0.1:52839 - R:localhost/127.0.0.1:54983]' for 'GET' to 'http://localhost:54983/session/d952fa2b8088fde47345eca4b3f335fd/url'
23:27:33.227 [Forwarding getCurrentUrl on session d952fa2b8088fde47345eca4b3f335fd to remote] DEBUG org.asynchttpclient.netty.request.NettyRequestSender - Using open Channel [id: 0x65ecfee1, L:/127.0.0.1:52839 - R:localhost/127.0.0.1:54983] for GET '/session/d952fa2b8088fde47345eca4b3f335fd/url'
23:27:33.234 [AsyncHttpClient-1-2] DEBUG org.asynchttpclient.netty.handler.HttpHandler - 

Request DefaultFullHttpRequest(decodeResult: success, version: HTTP/1.1, content: EmptyByteBufBE)
GET /session/d952fa2b8088fde47345eca4b3f335fd/url HTTP/1.1
User-Agent: selenium/4.1.2 (java windows)
Cache-Control: no-cache
Content-Type: application/json; charset=utf-8
host: localhost:54983
accept: */*

Response DefaultHttpResponse(decodeResult: success, version: HTTP/1.1)
HTTP/1.1 200 OK
Content-Type: application/json; charset=utf-8
cache-control: no-cache
content-length: 31

23:27:33.234 [AsyncHttpClient-1-2] DEBUG org.asynchttpclient.netty.channel.ChannelManager - Adding key: http://localhost:54983 for channel [id: 0x65ecfee1, L:/127.0.0.1:52839 - R:localhost/127.0.0.1:54983]
23:27:33.259 [main] DEBUG net.serenitybdd.core.photography.Darkroom - Opening darkroom
23:27:33.260 [Darkroom Processing Line] DEBUG net.serenitybdd.core.photography.DarkroomProcessingLine - Darkroom processing line starting up
23:27:33.263 [Forwarding screenshot on session d952fa2b8088fde47345eca4b3f335fd to remote] DEBUG org.asynchttpclient.netty.request.NettyRequestSender - Using pooled Channel '[id: 0x65ecfee1, L:/127.0.0.1:52839 - R:localhost/127.0.0.1:54983]' for 'GET' to 'http://localhost:54983/session/d952fa2b8088fde47345eca4b3f335fd/screenshot'
23:27:33.263 [Forwarding screenshot on session d952fa2b8088fde47345eca4b3f335fd to remote] DEBUG org.asynchttpclient.netty.request.NettyRequestSender - Using open Channel [id: 0x65ecfee1, L:/127.0.0.1:52839 - R:localhost/127.0.0.1:54983] for GET '/session/d952fa2b8088fde47345eca4b3f335fd/screenshot'
23:27:33.461 [AsyncHttpClient-1-2] DEBUG org.asynchttpclient.netty.handler.HttpHandler - 

Request DefaultFullHttpRequest(decodeResult: success, version: HTTP/1.1, content: EmptyByteBufBE)
GET /session/d952fa2b8088fde47345eca4b3f335fd/screenshot HTTP/1.1
User-Agent: selenium/4.1.2 (java windows)
Cache-Control: no-cache
Content-Type: application/json; charset=utf-8
host: localhost:54983
accept: */*

Response DefaultHttpResponse(decodeResult: success, version: HTTP/1.1)
HTTP/1.1 200 OK
Content-Type: application/json; charset=utf-8
cache-control: no-cache
content-length: 209952

23:27:33.466 [AsyncHttpClient-1-2] DEBUG org.asynchttpclient.netty.channel.ChannelManager - Adding key: http://localhost:54983 for channel [id: 0x65ecfee1, L:/127.0.0.1:52839 - R:localhost/127.0.0.1:54983]
23:27:33.812 [main] DEBUG net.serenitybdd.core.photography.Darkroom - Send negative for processing for target\site\serenity\ec68e5b47ca11169be681a2c87559523af777aa4624a4085fa4b1d629e5df994.png
23:27:33.813 [Darkroom Processing Line] DEBUG net.serenitybdd.core.photography.DarkroomProcessingLine - Processing screenshot image in /var/screenshots/screenshot-4293877618511570469
23:27:33.813 [Darkroom Processing Line] DEBUG net.serenitybdd.core.photography.DarkroomProcessingLine - Saving screenshot to target\site\serenity\ec68e5b47ca11169be681a2c87559523af777aa4624a4085fa4b1d629e5df994.png
23:27:33.827 [main] DEBUG net.thucydides.core.steps.StepInterceptor - STEP DONE: openPage
23:27:33.846 [main] DEBUG net.thucydides.core.steps.StepInterceptor - STARTING STEP: BookstoreSteps.onBookstorePage - validationHomePage
23:27:33.853 [Forwarding findElement on session d952fa2b8088fde47345eca4b3f335fd to remote] DEBUG org.asynchttpclient.netty.request.NettyRequestSender - Using pooled Channel '[id: 0x65ecfee1, L:/127.0.0.1:52839 - R:localhost/127.0.0.1:54983]' for 'POST' to 'http://localhost:54983/session/d952fa2b8088fde47345eca4b3f335fd/element'
23:27:33.854 [Forwarding findElement on session d952fa2b8088fde47345eca4b3f335fd to remote] DEBUG org.asynchttpclient.netty.request.NettyRequestSender - Using open Channel [id: 0x65ecfee1, L:/127.0.0.1:52839 - R:localhost/127.0.0.1:54983] for POST '/session/d952fa2b8088fde47345eca4b3f335fd/element'
23:27:33.877 [AsyncHttpClient-1-2] DEBUG org.asynchttpclient.netty.handler.HttpHandler - 

Request DefaultHttpRequest(decodeResult: success, version: HTTP/1.1)
POST /session/d952fa2b8088fde47345eca4b3f335fd/element HTTP/1.1
User-Agent: selenium/4.1.2 (java windows)
Content-Length: 48
Content-Type: application/json; charset=utf-8
host: localhost:54983
accept: */*

Response DefaultHttpResponse(decodeResult: success, version: HTTP/1.1)
HTTP/1.1 400 Bad Request
Content-Type: application/json; charset=utf-8
cache-control: no-cache
content-length: 957

23:27:33.877 [AsyncHttpClient-1-2] DEBUG org.asynchttpclient.netty.channel.ChannelManager - Adding key: http://localhost:54983 for channel [id: 0x65ecfee1, L:/127.0.0.1:52839 - R:localhost/127.0.0.1:54983]
23:27:33.891 [Forwarding findElement on session d952fa2b8088fde47345eca4b3f335fd to remote] DEBUG org.asynchttpclient.netty.request.NettyRequestSender - Using pooled Channel '[id: 0x65ecfee1, L:/127.0.0.1:52839 - R:localhost/127.0.0.1:54983]' for 'POST' to 'http://localhost:54983/session/d952fa2b8088fde47345eca4b3f335fd/element'
23:27:33.892 [Forwarding findElement on session d952fa2b8088fde47345eca4b3f335fd to remote] DEBUG org.asynchttpclient.netty.request.NettyRequestSender - Using open Channel [id: 0x65ecfee1, L:/127.0.0.1:52839 - R:localhost/127.0.0.1:54983] for POST '/session/d952fa2b8088fde47345eca4b3f335fd/element'
23:27:33.928 [AsyncHttpClient-1-2] DEBUG org.asynchttpclient.netty.handler.HttpHandler - 

Request DefaultHttpRequest(decodeResult: success, version: HTTP/1.1)
POST /session/d952fa2b8088fde47345eca4b3f335fd/element HTTP/1.1
User-Agent: selenium/4.1.2 (java windows)
Content-Length: 58
Content-Type: application/json; charset=utf-8
host: localhost:54983
accept: */*

Response DefaultHttpResponse(decodeResult: success, version: HTTP/1.1)
HTTP/1.1 200 OK
Content-Type: application/json; charset=utf-8
cache-control: no-cache
content-length: 88

23:27:33.929 [AsyncHttpClient-1-2] DEBUG org.asynchttpclient.netty.channel.ChannelManager - Adding key: http://localhost:54983 for channel [id: 0x65ecfee1, L:/127.0.0.1:52839 - R:localhost/127.0.0.1:54983]
23:27:33.957 [Forwarding isElementDisplayed on session d952fa2b8088fde47345eca4b3f335fd to remote] DEBUG org.asynchttpclient.netty.request.NettyRequestSender - Using pooled Channel '[id: 0x65ecfee1, L:/127.0.0.1:52839 - R:localhost/127.0.0.1:54983]' for 'POST' to 'http://localhost:54983/session/d952fa2b8088fde47345eca4b3f335fd/execute/sync'
23:27:33.957 [Forwarding isElementDisplayed on session d952fa2b8088fde47345eca4b3f335fd to remote] DEBUG org.asynchttpclient.netty.request.NettyRequestSender - Using open Channel [id: 0x65ecfee1, L:/127.0.0.1:52839 - R:localhost/127.0.0.1:54983] for POST '/session/d952fa2b8088fde47345eca4b3f335fd/execute/sync'
23:27:33.984 [AsyncHttpClient-1-2] DEBUG org.asynchttpclient.netty.handler.HttpHandler - 

Request DefaultHttpRequest(decodeResult: success, version: HTTP/1.1)
POST /session/d952fa2b8088fde47345eca4b3f335fd/execute/sync HTTP/1.1
User-Agent: selenium/4.1.2 (java windows)
Content-Length: 48780
Content-Type: application/json; charset=utf-8
host: localhost:54983
accept: */*

Response DefaultHttpResponse(decodeResult: success, version: HTTP/1.1)
HTTP/1.1 200 OK
Content-Type: application/json; charset=utf-8
cache-control: no-cache
content-length: 14

23:27:33.985 [AsyncHttpClient-1-2] DEBUG org.asynchttpclient.netty.channel.ChannelManager - Adding key: http://localhost:54983 for channel [id: 0x65ecfee1, L:/127.0.0.1:52839 - R:localhost/127.0.0.1:54983]
23:27:34.000 [Forwarding screenshot on session d952fa2b8088fde47345eca4b3f335fd to remote] DEBUG org.asynchttpclient.netty.request.NettyRequestSender - Using pooled Channel '[id: 0x65ecfee1, L:/127.0.0.1:52839 - R:localhost/127.0.0.1:54983]' for 'GET' to 'http://localhost:54983/session/d952fa2b8088fde47345eca4b3f335fd/screenshot'
23:27:34.000 [Forwarding screenshot on session d952fa2b8088fde47345eca4b3f335fd to remote] DEBUG org.asynchttpclient.netty.request.NettyRequestSender - Using open Channel [id: 0x65ecfee1, L:/127.0.0.1:52839 - R:localhost/127.0.0.1:54983] for GET '/session/d952fa2b8088fde47345eca4b3f335fd/screenshot'
23:27:34.011 [AsyncHttpClient-1-1] DEBUG org.asynchttpclient.netty.channel.DefaultChannelPool - Entry count for : http://localhost:52841 : 1
23:27:34.249 [AsyncHttpClient-1-2] DEBUG org.asynchttpclient.netty.handler.HttpHandler - 

Request DefaultFullHttpRequest(decodeResult: success, version: HTTP/1.1, content: EmptyByteBufBE)
GET /session/d952fa2b8088fde47345eca4b3f335fd/screenshot HTTP/1.1
User-Agent: selenium/4.1.2 (java windows)
Cache-Control: no-cache
Content-Type: application/json; charset=utf-8
host: localhost:54983
accept: */*

Response DefaultHttpResponse(decodeResult: success, version: HTTP/1.1)
HTTP/1.1 200 OK
Content-Type: application/json; charset=utf-8
cache-control: no-cache
content-length: 209952

23:27:34.252 [AsyncHttpClient-1-2] DEBUG org.asynchttpclient.netty.channel.ChannelManager - Adding key: http://localhost:54983 for channel [id: 0x65ecfee1, L:/127.0.0.1:52839 - R:localhost/127.0.0.1:54983]
23:27:34.284 [main] DEBUG net.serenitybdd.core.photography.Darkroom - Send negative for processing for target\site\serenity\ec68e5b47ca11169be681a2c87559523af777aa4624a4085fa4b1d629e5df994.png
23:27:34.285 [main] DEBUG net.thucydides.core.steps.StepInterceptor - STEP DONE: validationHomePage
  &amp#27;[32mGiven &amp#27;[0m&amp#27;[32mi am on the home page&amp#27;[0m                          &amp#27;[90m# starter.stepdefenitions.BookstoreSteps.onBookstorePage()&amp#27;[0m
23:27:34.350 [Forwarding screenshot on session d952fa2b8088fde47345eca4b3f335fd to remote] DEBUG org.asynchttpclient.netty.request.NettyRequestSender - Using pooled Channel '[id: 0x65ecfee1, L:/127.0.0.1:52839 - R:localhost/127.0.0.1:54983]' for 'GET' to 'http://localhost:54983/session/d952fa2b8088fde47345eca4b3f335fd/screenshot'
23:27:34.351 [Forwarding screenshot on session d952fa2b8088fde47345eca4b3f335fd to remote] DEBUG org.asynchttpclient.netty.request.NettyRequestSender - Using open Channel [id: 0x65ecfee1, L:/127.0.0.1:52839 - R:localhost/127.0.0.1:54983] for GET '/session/d952fa2b8088fde47345eca4b3f335fd/screenshot'
23:27:34.544 [AsyncHttpClient-1-2] DEBUG org.asynchttpclient.netty.handler.HttpHandler - 

Request DefaultFullHttpRequest(decodeResult: success, version: HTTP/1.1, content: EmptyByteBufBE)
GET /session/d952fa2b8088fde47345eca4b3f335fd/screenshot HTTP/1.1
User-Agent: selenium/4.1.2 (java windows)
Cache-Control: no-cache
Content-Type: application/json; charset=utf-8
host: localhost:54983
accept: */*

Response DefaultHttpResponse(decodeResult: success, version: HTTP/1.1)
HTTP/1.1 200 OK
Content-Type: application/json; charset=utf-8
cache-control: no-cache
content-length: 209952

23:27:34.549 [AsyncHttpClient-1-2] DEBUG org.asynchttpclient.netty.channel.ChannelManager - Adding key: http://localhost:54983 for channel [id: 0x65ecfee1, L:/127.0.0.1:52839 - R:localhost/127.0.0.1:54983]
23:27:34.563 [main] DEBUG net.serenitybdd.core.photography.Darkroom - Send negative for processing for target\site\serenity\ec68e5b47ca11169be681a2c87559523af777aa4624a4085fa4b1d629e5df994.png
23:27:34.563 [main] DEBUG net.thucydides.core.steps.StepInterceptor - STARTING STEP: BookstoreSteps.clickFeatureBookstore - clickFeatureBookstore
23:27:34.573 [Forwarding findElement on session d952fa2b8088fde47345eca4b3f335fd to remote] DEBUG org.asynchttpclient.netty.request.NettyRequestSender - Using pooled Channel '[id: 0x65ecfee1, L:/127.0.0.1:52839 - R:localhost/127.0.0.1:54983]' for 'POST' to 'http://localhost:54983/session/d952fa2b8088fde47345eca4b3f335fd/element'
23:27:34.574 [Forwarding findElement on session d952fa2b8088fde47345eca4b3f335fd to remote] DEBUG org.asynchttpclient.netty.request.NettyRequestSender - Using open Channel [id: 0x65ecfee1, L:/127.0.0.1:52839 - R:localhost/127.0.0.1:54983] for POST '/session/d952fa2b8088fde47345eca4b3f335fd/element'
23:27:34.599 [AsyncHttpClient-1-2] DEBUG org.asynchttpclient.netty.handler.HttpHandler - 

Request DefaultHttpRequest(decodeResult: success, version: HTTP/1.1)
POST /session/d952fa2b8088fde47345eca4b3f335fd/element HTTP/1.1
User-Agent: selenium/4.1.2 (java windows)
Content-Length: 86
Content-Type: application/json; charset=utf-8
host: localhost:54983
accept: */*

Response DefaultHttpResponse(decodeResult: success, version: HTTP/1.1)
HTTP/1.1 200 OK
Content-Type: application/json; charset=utf-8
cache-control: no-cache
content-length: 88

23:27:34.600 [AsyncHttpClient-1-2] DEBUG org.asynchttpclient.netty.channel.ChannelManager - Adding key: http://localhost:54983 for channel [id: 0x65ecfee1, L:/127.0.0.1:52839 - R:localhost/127.0.0.1:54983]
23:27:34.603 [Forwarding getElementTagName on session d952fa2b8088fde47345eca4b3f335fd to remote] DEBUG org.asynchttpclient.netty.request.NettyRequestSender - Using pooled Channel '[id: 0x65ecfee1, L:/127.0.0.1:52839 - R:localhost/127.0.0.1:54983]' for 'GET' to 'http://localhost:54983/session/d952fa2b8088fde47345eca4b3f335fd/element/331b9502-0033-4045-a510-84e50064ec14/name'
23:27:34.604 [Forwarding getElementTagName on session d952fa2b8088fde47345eca4b3f335fd to remote] DEBUG org.asynchttpclient.netty.request.NettyRequestSender - Using open Channel [id: 0x65ecfee1, L:/127.0.0.1:52839 - R:localhost/127.0.0.1:54983] for GET '/session/d952fa2b8088fde47345eca4b3f335fd/element/331b9502-0033-4045-a510-84e50064ec14/name'
23:27:34.609 [AsyncHttpClient-1-2] DEBUG org.asynchttpclient.netty.handler.HttpHandler - 

Request DefaultFullHttpRequest(decodeResult: success, version: HTTP/1.1, content: EmptyByteBufBE)
GET /session/d952fa2b8088fde47345eca4b3f335fd/element/331b9502-0033-4045-a510-84e50064ec14/name HTTP/1.1
User-Agent: selenium/4.1.2 (java windows)
Cache-Control: no-cache
Content-Type: application/json; charset=utf-8
host: localhost:54983
accept: */*

Response DefaultHttpResponse(decodeResult: success, version: HTTP/1.1)
HTTP/1.1 200 OK
Content-Type: application/json; charset=utf-8
cache-control: no-cache
content-length: 15

23:27:34.609 [AsyncHttpClient-1-2] DEBUG org.asynchttpclient.netty.channel.ChannelManager - Adding key: http://localhost:54983 for channel [id: 0x65ecfee1, L:/127.0.0.1:52839 - R:localhost/127.0.0.1:54983]
23:27:34.611 [Forwarding getElementTagName on session d952fa2b8088fde47345eca4b3f335fd to remote] DEBUG org.asynchttpclient.netty.request.NettyRequestSender - Using pooled Channel '[id: 0x65ecfee1, L:/127.0.0.1:52839 - R:localhost/127.0.0.1:54983]' for 'GET' to 'http://localhost:54983/session/d952fa2b8088fde47345eca4b3f335fd/element/331b9502-0033-4045-a510-84e50064ec14/name'
23:27:34.611 [Forwarding getElementTagName on session d952fa2b8088fde47345eca4b3f335fd to remote] DEBUG org.asynchttpclient.netty.request.NettyRequestSender - Using open Channel [id: 0x65ecfee1, L:/127.0.0.1:52839 - R:localhost/127.0.0.1:54983] for GET '/session/d952fa2b8088fde47345eca4b3f335fd/element/331b9502-0033-4045-a510-84e50064ec14/name'
23:27:34.616 [AsyncHttpClient-1-2] DEBUG org.asynchttpclient.netty.handler.HttpHandler - 

Request DefaultFullHttpRequest(decodeResult: success, version: HTTP/1.1, content: EmptyByteBufBE)
GET /session/d952fa2b8088fde47345eca4b3f335fd/element/331b9502-0033-4045-a510-84e50064ec14/name HTTP/1.1
User-Agent: selenium/4.1.2 (java windows)
Cache-Control: no-cache
Content-Type: application/json; charset=utf-8
host: localhost:54983
accept: */*

Response DefaultHttpResponse(decodeResult: success, version: HTTP/1.1)
HTTP/1.1 200 OK
Content-Type: application/json; charset=utf-8
cache-control: no-cache
content-length: 15

23:27:34.616 [AsyncHttpClient-1-2] DEBUG org.asynchttpclient.netty.channel.ChannelManager - Adding key: http://localhost:54983 for channel [id: 0x65ecfee1, L:/127.0.0.1:52839 - R:localhost/127.0.0.1:54983]
23:27:34.619 [Forwarding findElement on session d952fa2b8088fde47345eca4b3f335fd to remote] DEBUG org.asynchttpclient.netty.request.NettyRequestSender - Using pooled Channel '[id: 0x65ecfee1, L:/127.0.0.1:52839 - R:localhost/127.0.0.1:54983]' for 'POST' to 'http://localhost:54983/session/d952fa2b8088fde47345eca4b3f335fd/element'
23:27:34.619 [Forwarding findElement on session d952fa2b8088fde47345eca4b3f335fd to remote] DEBUG org.asynchttpclient.netty.request.NettyRequestSender - Using open Channel [id: 0x65ecfee1, L:/127.0.0.1:52839 - R:localhost/127.0.0.1:54983] for POST '/session/d952fa2b8088fde47345eca4b3f335fd/element'
23:27:34.628 [AsyncHttpClient-1-2] DEBUG org.asynchttpclient.netty.handler.HttpHandler - 

Request DefaultHttpRequest(decodeResult: success, version: HTTP/1.1)
POST /session/d952fa2b8088fde47345eca4b3f335fd/element HTTP/1.1
User-Agent: selenium/4.1.2 (java windows)
Content-Length: 86
Content-Type: application/json; charset=utf-8
host: localhost:54983
accept: */*

Response DefaultHttpResponse(decodeResult: success, version: HTTP/1.1)
HTTP/1.1 200 OK
Content-Type: application/json; charset=utf-8
cache-control: no-cache
content-length: 88

23:27:34.628 [AsyncHttpClient-1-2] DEBUG org.asynchttpclient.netty.channel.ChannelManager - Adding key: http://localhost:54983 for channel [id: 0x65ecfee1, L:/127.0.0.1:52839 - R:localhost/127.0.0.1:54983]
23:27:34.630 [Forwarding clickElement on session d952fa2b8088fde47345eca4b3f335fd to remote] DEBUG org.asynchttpclient.netty.request.NettyRequestSender - Using pooled Channel '[id: 0x65ecfee1, L:/127.0.0.1:52839 - R:localhost/127.0.0.1:54983]' for 'POST' to 'http://localhost:54983/session/d952fa2b8088fde47345eca4b3f335fd/element/331b9502-0033-4045-a510-84e50064ec14/click'
23:27:34.631 [Forwarding clickElement on session d952fa2b8088fde47345eca4b3f335fd to remote] DEBUG org.asynchttpclient.netty.request.NettyRequestSender - Using open Channel [id: 0x65ecfee1, L:/127.0.0.1:52839 - R:localhost/127.0.0.1:54983] for POST '/session/d952fa2b8088fde47345eca4b3f335fd/element/331b9502-0033-4045-a510-84e50064ec14/click'
23:27:34.822 [AsyncHttpClient-1-2] DEBUG org.asynchttpclient.netty.handler.HttpHandler - 

Request DefaultHttpRequest(decodeResult: success, version: HTTP/1.1)
POST /session/d952fa2b8088fde47345eca4b3f335fd/element/331b9502-0033-4045-a510-84e50064ec14/click HTTP/1.1
User-Agent: selenium/4.1.2 (java windows)
Content-Length: 50
Content-Type: application/json; charset=utf-8
host: localhost:54983
accept: */*

Response DefaultHttpResponse(decodeResult: success, version: HTTP/1.1)
HTTP/1.1 200 OK
Content-Type: application/json; charset=utf-8
cache-control: no-cache
content-length: 14

23:27:34.823 [AsyncHttpClient-1-2] DEBUG org.asynchttpclient.netty.channel.ChannelManager - Adding key: http://localhost:54983 for channel [id: 0x65ecfee1, L:/127.0.0.1:52839 - R:localhost/127.0.0.1:54983]
23:27:34.837 [Forwarding screenshot on session d952fa2b8088fde47345eca4b3f335fd to remote] DEBUG org.asynchttpclient.netty.request.NettyRequestSender - Using pooled Channel '[id: 0x65ecfee1, L:/127.0.0.1:52839 - R:localhost/127.0.0.1:54983]' for 'GET' to 'http://localhost:54983/session/d952fa2b8088fde47345eca4b3f335fd/screenshot'
23:27:34.837 [Forwarding screenshot on session d952fa2b8088fde47345eca4b3f335fd to remote] DEBUG org.asynchttpclient.netty.request.NettyRequestSender - Using open Channel [id: 0x65ecfee1, L:/127.0.0.1:52839 - R:localhost/127.0.0.1:54983] for GET '/session/d952fa2b8088fde47345eca4b3f335fd/screenshot'
23:27:35.040 [AsyncHttpClient-1-2] DEBUG org.asynchttpclient.netty.handler.HttpHandler - 

Request DefaultFullHttpRequest(decodeResult: success, version: HTTP/1.1, content: EmptyByteBufBE)
GET /session/d952fa2b8088fde47345eca4b3f335fd/screenshot HTTP/1.1
User-Agent: selenium/4.1.2 (java windows)
Cache-Control: no-cache
Content-Type: application/json; charset=utf-8
host: localhost:54983
accept: */*

Response DefaultHttpResponse(decodeResult: success, version: HTTP/1.1)
HTTP/1.1 200 OK
Content-Type: application/json; charset=utf-8
cache-control: no-cache
content-length: 129228

23:27:35.041 [AsyncHttpClient-1-2] DEBUG org.asynchttpclient.netty.channel.ChannelManager - Adding key: http://localhost:54983 for channel [id: 0x65ecfee1, L:/127.0.0.1:52839 - R:localhost/127.0.0.1:54983]
23:27:35.050 [main] DEBUG net.serenitybdd.core.photography.Darkroom - Send negative for processing for target\site\serenity\9842fc69607924a2fc007bd2ed408feb0529b029b0ecb7586ef8b3ed4075ff19.png
23:27:35.051 [Darkroom Processing Line] DEBUG net.serenitybdd.core.photography.DarkroomProcessingLine - Processing screenshot image in /var/screenshots/screenshot-5270414585228811484
23:27:35.051 [main] DEBUG net.thucydides.core.steps.StepInterceptor - STEP DONE: clickFeatureBookstore
23:27:35.051 [Darkroom Processing Line] DEBUG net.serenitybdd.core.photography.DarkroomProcessingLine - Saving screenshot to target\site\serenity\9842fc69607924a2fc007bd2ed408feb0529b029b0ecb7586ef8b3ed4075ff19.png
  &amp#27;[32mWhen &amp#27;[0m&amp#27;[32mi click feature bookstore&amp#27;[0m                       &amp#27;[90m# starter.stepdefenitions.BookstoreSteps.clickFeatureBookstore()&amp#27;[0m
23:27:35.080 [main] DEBUG net.thucydides.core.steps.StepInterceptor - STARTING STEP: BookstoreSteps.seeBookstorePage - validationOnBookstorePage
23:27:35.095 [Forwarding findElement on session d952fa2b8088fde47345eca4b3f335fd to remote] DEBUG org.asynchttpclient.netty.request.NettyRequestSender - Using pooled Channel '[id: 0x65ecfee1, L:/127.0.0.1:52839 - R:localhost/127.0.0.1:54983]' for 'POST' to 'http://localhost:54983/session/d952fa2b8088fde47345eca4b3f335fd/element'
23:27:35.095 [Forwarding findElement on session d952fa2b8088fde47345eca4b3f335fd to remote] DEBUG org.asynchttpclient.netty.request.NettyRequestSender - Using open Channel [id: 0x65ecfee1, L:/127.0.0.1:52839 - R:localhost/127.0.0.1:54983] for POST '/session/d952fa2b8088fde47345eca4b3f335fd/element'
23:27:35.111 [AsyncHttpClient-1-1] DEBUG org.asynchttpclient.netty.channel.DefaultChannelPool - Entry count for : http://localhost:52841 : 1
23:27:35.114 [AsyncHttpClient-1-2] DEBUG org.asynchttpclient.netty.handler.HttpHandler - 

Request DefaultHttpRequest(decodeResult: success, version: HTTP/1.1)
POST /session/d952fa2b8088fde47345eca4b3f335fd/element HTTP/1.1
User-Agent: selenium/4.1.2 (java windows)
Content-Length: 58
Content-Type: application/json; charset=utf-8
host: localhost:54983
accept: */*

Response DefaultHttpResponse(decodeResult: success, version: HTTP/1.1)
HTTP/1.1 200 OK
Content-Type: application/json; charset=utf-8
cache-control: no-cache
content-length: 88

23:27:35.114 [AsyncHttpClient-1-2] DEBUG org.asynchttpclient.netty.channel.ChannelManager - Adding key: http://localhost:54983 for channel [id: 0x65ecfee1, L:/127.0.0.1:52839 - R:localhost/127.0.0.1:54983]
23:27:35.121 [Forwarding isElementDisplayed on session d952fa2b8088fde47345eca4b3f335fd to remote] DEBUG org.asynchttpclient.netty.request.NettyRequestSender - Using pooled Channel '[id: 0x65ecfee1, L:/127.0.0.1:52839 - R:localhost/127.0.0.1:54983]' for 'POST' to 'http://localhost:54983/session/d952fa2b8088fde47345eca4b3f335fd/execute/sync'
23:27:35.121 [Forwarding isElementDisplayed on session d952fa2b8088fde47345eca4b3f335fd to remote] DEBUG org.asynchttpclient.netty.request.NettyRequestSender - Using open Channel [id: 0x65ecfee1, L:/127.0.0.1:52839 - R:localhost/127.0.0.1:54983] for POST '/session/d952fa2b8088fde47345eca4b3f335fd/execute/sync'
23:27:35.141 [AsyncHttpClient-1-2] DEBUG org.asynchttpclient.netty.handler.HttpHandler - 

Request DefaultHttpRequest(decodeResult: success, version: HTTP/1.1)
POST /session/d952fa2b8088fde47345eca4b3f335fd/execute/sync HTTP/1.1
User-Agent: selenium/4.1.2 (java windows)
Content-Length: 48780
Content-Type: application/json; charset=utf-8
host: localhost:54983
accept: */*

Response DefaultHttpResponse(decodeResult: success, version: HTTP/1.1)
HTTP/1.1 200 OK
Content-Type: application/json; charset=utf-8
cache-control: no-cache
content-length: 14

23:27:35.141 [AsyncHttpClient-1-2] DEBUG org.asynchttpclient.netty.channel.ChannelManager - Adding key: http://localhost:54983 for channel [id: 0x65ecfee1, L:/127.0.0.1:52839 - R:localhost/127.0.0.1:54983]
23:27:35.151 [Forwarding screenshot on session d952fa2b8088fde47345eca4b3f335fd to remote] DEBUG org.asynchttpclient.netty.request.NettyRequestSender - Using pooled Channel '[id: 0x65ecfee1, L:/127.0.0.1:52839 - R:localhost/127.0.0.1:54983]' for 'GET' to 'http://localhost:54983/session/d952fa2b8088fde47345eca4b3f335fd/screenshot'
23:27:35.151 [Forwarding screenshot on session d952fa2b8088fde47345eca4b3f335fd to remote] DEBUG org.asynchttpclient.netty.request.NettyRequestSender - Using open Channel [id: 0x65ecfee1, L:/127.0.0.1:52839 - R:localhost/127.0.0.1:54983] for GET '/session/d952fa2b8088fde47345eca4b3f335fd/screenshot'
23:27:35.362 [AsyncHttpClient-1-2] DEBUG org.asynchttpclient.netty.handler.HttpHandler - 

Request DefaultFullHttpRequest(decodeResult: success, version: HTTP/1.1, content: EmptyByteBufBE)
GET /session/d952fa2b8088fde47345eca4b3f335fd/screenshot HTTP/1.1
User-Agent: selenium/4.1.2 (java windows)
Cache-Control: no-cache
Content-Type: application/json; charset=utf-8
host: localhost:54983
accept: */*

Response DefaultHttpResponse(decodeResult: success, version: HTTP/1.1)
HTTP/1.1 200 OK
Content-Type: application/json; charset=utf-8
cache-control: no-cache
content-length: 200056

23:27:35.364 [AsyncHttpClient-1-2] DEBUG org.asynchttpclient.netty.channel.ChannelManager - Adding key: http://localhost:54983 for channel [id: 0x65ecfee1, L:/127.0.0.1:52839 - R:localhost/127.0.0.1:54983]
23:27:35.374 [main] DEBUG net.serenitybdd.core.photography.Darkroom - Send negative for processing for target\site\serenity\1429bc8882fd24e964e60ed85a7494af25b9b6c9dd385e637897a274ea5b245c.png
23:27:35.374 [main] DEBUG net.thucydides.core.steps.StepInterceptor - STEP DONE: validationOnBookstorePage
  &amp#27;[32mThen &amp#27;[0m&amp#27;[32mi can see bookstore page&amp#27;[0m                        &amp#27;[90m# starter.stepdefenitions.BookstoreSteps.seeBookstorePage()&amp#27;[0m
23:27:35.374 [Darkroom Processing Line] DEBUG net.serenitybdd.core.photography.DarkroomProcessingLine - Processing screenshot image in /var/screenshots/screenshot-4107899614611516476
23:27:35.374 [Darkroom Processing Line] DEBUG net.serenitybdd.core.photography.DarkroomProcessingLine - Saving screenshot to target\site\serenity\1429bc8882fd24e964e60ed85a7494af25b9b6c9dd385e637897a274ea5b245c.png
23:27:35.383 [main] INFO  - 
  _____   ___   ___   _____     ___     _     ___   ___   ___   ___  
 |_   _| | __| / __| |_   _|   | _ \   /_\   / __| / __| | __| |   \ 
   | |   | _|  \__ \   | |     |  _/  / _ \  \__ \ \__ \ | _|  | |) |
   |_|   |___| |___/   |_|     |_|   /_/ \_\ |___/ |___/ |___| |___/ 

As user i have be able to see bookstore page
----------------------------------------------------------------------
23:27:35.505 [Driver Command Executor] DEBUG org.asynchttpclient.netty.request.NettyRequestSender - Using pooled Channel '[id: 0x65ecfee1, L:/127.0.0.1:52839 - R:localhost/127.0.0.1:54983]' for 'DELETE' to 'http://localhost:54983/session/d952fa2b8088fde47345eca4b3f335fd'
23:27:35.505 [Driver Command Executor] DEBUG org.asynchttpclient.netty.request.NettyRequestSender - Using open Channel [id: 0x65ecfee1, L:/127.0.0.1:52839 - R:localhost/127.0.0.1:54983] for DELETE '/session/d952fa2b8088fde47345eca4b3f335fd'
23:27:35.507 [AsyncHttpClient-1-4] DEBUG org.asynchttpclient.netty.handler.WebSocketHandler - Channel Closed: [id: 0x1b8284dc, L:/127.0.0.1:52849 ! R:localhost/127.0.0.1:52841] with attribute NettyResponseFuture{currentRetry=5,
	isDone=1,
	isCancelled=0,
	asyncHandler=org.asynchttpclient.ws.WebSocketUpgradeHandler@1e007282,
	nettyRequest=org.asynchttpclient.netty.request.NettyRequest@612fd86d,
	future=java.util.concurrent.CompletableFuture@7f3a8042[Completed normally],
	uri=ws://localhost:52841/devtools/browser/849b5be5-98db-4b30-a97a-41d06788efdf,
	keepAlive=true,
	redirectCount=0,
	timeoutsHolder=null,
	inAuth=0,
	touch=1649608041365}
23:27:35.508 [AsyncHttpClient-1-4] DEBUG org.asynchttpclient.netty.channel.ChannelManager - Closing Channel [id: 0x1b8284dc, L:/127.0.0.1:52849 ! R:localhost/127.0.0.1:52841] 
23:27:35.594 [AsyncHttpClient-1-3] DEBUG org.asynchttpclient.netty.handler.HttpHandler - Unexpected I/O exception on channel [id: 0xa1fdbd31, L:/127.0.0.1:52848 - R:localhost/127.0.0.1:52841]
java.io.IOException: An existing connection was forcibly closed by the remote host
	at sun.nio.ch.SocketDispatcher.read0(Native Method)
	at sun.nio.ch.SocketDispatcher.read(SocketDispatcher.java:43)
	at sun.nio.ch.IOUtil.readIntoNativeBuffer(IOUtil.java:223)
	at sun.nio.ch.IOUtil.read(IOUtil.java:192)
	at sun.nio.ch.SocketChannelImpl.read(SocketChannelImpl.java:378)
	at io.netty.buffer.PooledByteBuf.setBytes(PooledByteBuf.java:258)
	at io.netty.buffer.AbstractByteBuf.writeBytes(AbstractByteBuf.java:1132)
	at io.netty.channel.socket.nio.NioSocketChannel.doReadBytes(NioSocketChannel.java:350)
	at io.netty.channel.nio.AbstractNioByteChannel$NioByteUnsafe.read(AbstractNioByteChannel.java:151)
	at io.netty.channel.nio.NioEventLoop.processSelectedKey(NioEventLoop.java:722)
	at io.netty.channel.nio.NioEventLoop.processSelectedKeysOptimized(NioEventLoop.java:658)
	at io.netty.channel.nio.NioEventLoop.processSelectedKeys(NioEventLoop.java:584)
	at io.netty.channel.nio.NioEventLoop.run(NioEventLoop.java:496)
	at io.netty.util.concurrent.SingleThreadEventExecutor$4.run(SingleThreadEventExecutor.java:986)
	at io.netty.util.internal.ThreadExecutorMap$2.run(ThreadExecutorMap.java:74)
	at io.netty.util.concurrent.FastThreadLocalRunnable.run(FastThreadLocalRunnable.java:30)
	at java.lang.Thread.run(Thread.java:750)
23:27:35.594 [AsyncHttpClient-1-3] DEBUG org.asynchttpclient.netty.channel.ChannelManager - Closing Channel [id: 0xa1fdbd31, L:/127.0.0.1:52848 - R:localhost/127.0.0.1:52841] 
23:27:35.597 [AsyncHttpClient-1-3] DEBUG org.asynchttpclient.netty.handler.HttpHandler - Channel Closed: [id: 0xa1fdbd31, L:/127.0.0.1:52848 ! R:localhost/127.0.0.1:52841] with attribute DISCARD
23:27:35.629 [AsyncHttpClient-1-2] DEBUG org.asynchttpclient.netty.handler.HttpHandler - 

Request DefaultFullHttpRequest(decodeResult: success, version: HTTP/1.1, content: EmptyByteBufBE)
DELETE /session/d952fa2b8088fde47345eca4b3f335fd HTTP/1.1
User-Agent: selenium/4.1.2 (java windows)
Content-Type: application/json; charset=utf-8
host: localhost:54983
accept: */*

Response DefaultHttpResponse(decodeResult: success, version: HTTP/1.1)
HTTP/1.1 200 OK
Content-Type: application/json; charset=utf-8
cache-control: no-cache
content-length: 14

23:27:35.631 [AsyncHttpClient-1-2] DEBUG org.asynchttpclient.netty.channel.ChannelManager - Adding key: http://localhost:54983 for channel [id: 0x65ecfee1, L:/127.0.0.1:52839 - R:localhost/127.0.0.1:54983]
23:27:35.763 [AsyncHttpClient-1-2] DEBUG org.asynchttpclient.netty.handler.HttpHandler - Channel Closed: [id: 0x65ecfee1, L:/127.0.0.1:52839 ! R:localhost/127.0.0.1:54983] with attribute DISCARD
23:27:36.211 [AsyncHttpClient-1-1] DEBUG org.asynchttpclient.netty.channel.DefaultChannelPool - Entry count for : http://localhost:54983 : 1
23:27:36.211 [AsyncHttpClient-1-1] DEBUG org.asynchttpclient.netty.channel.DefaultChannelPool - Entry count for : http://localhost:52841 : 1
23:27:36.211 [AsyncHttpClient-1-1] DEBUG org.asynchttpclient.netty.channel.DefaultChannelPool - Adding Candidate expired Channel [id: 0x65ecfee1, L:/127.0.0.1:52839 ! R:localhost/127.0.0.1:54983] isIdleTimeoutExpired=false isRemotelyClosed=true isTtlExpired=false
23:27:36.211 [AsyncHttpClient-1-1] DEBUG org.asynchttpclient.netty.channel.DefaultChannelPool - Closing Idle Channel [id: 0x65ecfee1, L:/127.0.0.1:52839 ! R:localhost/127.0.0.1:54983]
23:27:36.211 [AsyncHttpClient-1-1] DEBUG org.asynchttpclient.netty.channel.DefaultChannelPool - Adding Candidate expired Channel [id: 0xa1fdbd31, L:/127.0.0.1:52848 ! R:localhost/127.0.0.1:52841] isIdleTimeoutExpired=false isRemotelyClosed=true isTtlExpired=false
23:27:36.211 [AsyncHttpClient-1-1] DEBUG org.asynchttpclient.netty.channel.DefaultChannelPool - Closing Idle Channel [id: 0xa1fdbd31, L:/127.0.0.1:52848 ! R:localhost/127.0.0.1:52841]
23:27:36.211 [AsyncHttpClient-1-1] DEBUG org.asynchttpclient.netty.channel.DefaultChannelPool - Closed 2 connections out of 2 in 0 ms
]]></system-out>
    <system-err><![CDATA[Starting ChromeDriver 100.0.4896.60 (6a5d10861ce8de5fce22564658033b43cb7de047-refs/branch-heads/4896@{#875}) on port 54983
Only local connections are allowed.
Please see https://chromedriver.chromium.org/security-considerations for suggestions on keeping ChromeDriver safe.
ChromeDriver was started successfully.
Apr 10, 2022 11:27:21 PM org.openqa.selenium.remote.ProtocolHandshake createSession
INFO: Detected dialect: W3C
Apr 10, 2022 11:27:21 PM org.openqa.selenium.devtools.CdpVersionFinder findNearestMatch
WARNING: Unable to find an exact match for CDP version 100, so returning the closest version found: 97
Apr 10, 2022 11:27:21 PM org.openqa.selenium.devtools.CdpVersionFinder findNearestMatch
INFO: Found CDP implementation for version 100 of 97
]]></system-err>
  </testcase>
  <testcase name="As user i have be able to choose existing book" classname="As a user I want to visit bookstore So that i can see existing book in store" time="18.356">
    <system-out><![CDATA[
Scenario: As user i have be able to choose existing book &amp#27;[90m# src/test/resources/features/Bookstore.feature:10&amp#27;[0m
23:27:36.351 [main] INFO io.cucumber.core.plugin.SerenityReporter - Running feature from file:///D:/kampus%20merdeka/Intelij/web/src/test/resources/features/Bookstore.feature
23:27:36.358 [main] INFO  - 
  _____   ___   ___   _____     ___   _____     _     ___   _____   ___   ___  
 |_   _| | __| / __| |_   _|   / __| |_   _|   /_\   | _ \ |_   _| | __| |   \ 
   | |   | _|  \__ \   | |     \__ \   | |    / _ \  |   /   | |   | _|  | |) |
   |_|   |___| |___/   |_|     |___/   |_|   /_/ \_\ |_|_\   |_|   |___| |___/ 

As user i have be able to choose existing book(as-a-user-i-want-to-visit-bookstore-so-that-i-can-see-existing-book-in-store;as-user-i-have-be-able-to-choose-existing-book)
--------------------------------------------------------------------------------
23:27:36.412 [main] DEBUG net.thucydides.core.steps.StepInterceptor - STARTING STEP: BookstoreSteps.onBookstorePage - openPage
23:27:36.424 [main] INFO net.serenitybdd.core.webdriver.driverproviders.ChromeDriverProvider - Using automatically driver download
23:27:36.649 [main] DEBUG io.github.bonigarcia.wdm.cache.ResolutionCache - Resolution chrome=100 in cache (valid until 23:33:17 10/04/2022 ICT)
23:27:36.654 [main] DEBUG io.github.bonigarcia.wdm.cache.ResolutionCache - Resolution chrome100=100.0.4896.60 in cache (valid until 12:12:52 11/04/2022 ICT)
23:27:36.658 [main] INFO io.github.bonigarcia.wdm.WebDriverManager - Using chromedriver 100.0.4896.60 (resolved driver for Chrome 100)
23:27:36.672 [main] DEBUG io.github.bonigarcia.wdm.WebDriverManager - Driver chromedriver 100.0.4896.60 found in cache
23:27:36.673 [main] INFO io.github.bonigarcia.wdm.WebDriverManager - Exporting webdriver.chrome.driver as C:\Users\Admin\.cache\selenium\chromedriver\win32\100.0.4896.60\chromedriver.exe
23:27:36.819 [main] DEBUG net.serenitybdd.core.webdriver.driverproviders.ProvideNewDriver - Instantiating driver
23:27:36.819 [main] DEBUG net.serenitybdd.core.webdriver.driverproviders.ProvideNewDriver - Driver capabilities: Capabilities {acceptInsecureCerts: false, base.url: https://demoqa.com/, browserName: chrome, chrome.driver: src/test/resources/webdrive..., driver: chrome, goog:chromeOptions: {args: [], extensions: []}}
23:27:37.377 [AsyncHttpClient-1-5] DEBUG org.asynchttpclient.netty.channel.NettyConnectListener - Using new Channel '[id: 0x71c09a4b, L:/127.0.0.1:52915 - R:localhost/127.0.0.1:50216]' for 'POST' to '/session'
23:27:38.590 [AsyncHttpClient-1-5] DEBUG org.asynchttpclient.netty.handler.HttpHandler - 

Request DefaultHttpRequest(decodeResult: success, version: HTTP/1.1)
POST /session HTTP/1.1
User-Agent: selenium/4.1.2 (java windows)
Content-Length: 605
Content-Type: application/json; charset=utf-8
host: localhost:50216
accept: */*

Response DefaultHttpResponse(decodeResult: success, version: HTTP/1.1)
HTTP/1.1 200 OK
Content-Type: application/json; charset=utf-8
cache-control: no-cache
content-length: 790

23:27:38.591 [AsyncHttpClient-1-5] DEBUG org.asynchttpclient.netty.channel.ChannelManager - Adding key: http://localhost:50216 for channel [id: 0x71c09a4b, L:/127.0.0.1:52915 - R:localhost/127.0.0.1:50216]
23:27:38.611 [AsyncHttpClient-1-6] DEBUG org.asynchttpclient.netty.channel.NettyConnectListener - Using new Channel '[id: 0xa985078c, L:/127.0.0.1:52924 - R:localhost/127.0.0.1:52916]' for 'GET' to '/json/version'
23:27:38.615 [AsyncHttpClient-1-6] DEBUG org.asynchttpclient.netty.handler.HttpHandler - 

Request DefaultFullHttpRequest(decodeResult: success, version: HTTP/1.1, content: EmptyByteBufBE)
GET /json/version HTTP/1.1
User-Agent: selenium/4.1.2 (java windows)
host: localhost:52916
accept: */*

Response DefaultHttpResponse(decodeResult: success, version: HTTP/1.1)
HTTP/1.1 200 OK
Content-Type: application/json; charset=UTF-8
content-length: 426

23:27:38.615 [AsyncHttpClient-1-6] DEBUG org.asynchttpclient.netty.channel.ChannelManager - Adding key: http://localhost:52916 for channel [id: 0xa985078c, L:/127.0.0.1:52924 - R:localhost/127.0.0.1:52916]
23:27:38.627 [AsyncHttpClient-1-7] DEBUG org.asynchttpclient.netty.channel.NettyConnectListener - Using new Channel '[id: 0x28ebfa4e, L:/127.0.0.1:52925 - R:localhost/127.0.0.1:52916]' for 'GET' to '/devtools/browser/e2f175b8-a110-4c48-a829-23b33b0429f2'
23:27:38.630 [AsyncHttpClient-1-7] DEBUG org.asynchttpclient.netty.handler.WebSocketHandler - 

Request DefaultFullHttpRequest(decodeResult: success, version: HTTP/1.1, content: EmptyByteBufBE)
GET /devtools/browser/e2f175b8-a110-4c48-a829-23b33b0429f2 HTTP/1.1
upgrade: websocket
connection: upgrade
sec-websocket-key: gYi3h2Lyq+iiOmhjXEcdbQ==
sec-websocket-version: 13
origin: http://localhost:52916
host: localhost:52916
accept: */*
user-agent: AHC/2.1

Response DefaultHttpResponse(decodeResult: success, version: HTTP/1.1)
HTTP/1.1 101 WebSocket Protocol Handshake
Upgrade: WebSocket
Connection: Upgrade
Sec-WebSocket-Accept: uozI43McoJrxrM2hvQEBFvvpsyU=

23:27:38.638 [Forwarding setCurrentWindowSize on session cc959c3d086a804242d7affe6403eb9b to remote] DEBUG org.asynchttpclient.netty.request.NettyRequestSender - Using pooled Channel '[id: 0x71c09a4b, L:/127.0.0.1:52915 - R:localhost/127.0.0.1:50216]' for 'POST' to 'http://localhost:50216/session/cc959c3d086a804242d7affe6403eb9b/window/rect'
23:27:38.639 [Forwarding setCurrentWindowSize on session cc959c3d086a804242d7affe6403eb9b to remote] DEBUG org.asynchttpclient.netty.request.NettyRequestSender - Using open Channel [id: 0x71c09a4b, L:/127.0.0.1:52915 - R:localhost/127.0.0.1:50216] for POST '/session/cc959c3d086a804242d7affe6403eb9b/window/rect'
23:27:38.765 [AsyncHttpClient-1-5] DEBUG org.asynchttpclient.netty.handler.HttpHandler - 

Request DefaultHttpRequest(decodeResult: success, version: HTTP/1.1)
POST /session/cc959c3d086a804242d7affe6403eb9b/window/rect HTTP/1.1
User-Agent: selenium/4.1.2 (java windows)
Content-Length: 36
Content-Type: application/json; charset=utf-8
host: localhost:50216
accept: */*

Response DefaultHttpResponse(decodeResult: success, version: HTTP/1.1)
HTTP/1.1 200 OK
Content-Type: application/json; charset=utf-8
cache-control: no-cache
content-length: 51

23:27:38.766 [AsyncHttpClient-1-5] DEBUG org.asynchttpclient.netty.channel.ChannelManager - Adding key: http://localhost:50216 for channel [id: 0x71c09a4b, L:/127.0.0.1:52915 - R:localhost/127.0.0.1:50216]
23:27:38.768 [Forwarding setWindowPosition on session cc959c3d086a804242d7affe6403eb9b to remote] DEBUG org.asynchttpclient.netty.request.NettyRequestSender - Using pooled Channel '[id: 0x71c09a4b, L:/127.0.0.1:52915 - R:localhost/127.0.0.1:50216]' for 'POST' to 'http://localhost:50216/session/cc959c3d086a804242d7affe6403eb9b/window/rect'
23:27:38.768 [Forwarding setWindowPosition on session cc959c3d086a804242d7affe6403eb9b to remote] DEBUG org.asynchttpclient.netty.request.NettyRequestSender - Using open Channel [id: 0x71c09a4b, L:/127.0.0.1:52915 - R:localhost/127.0.0.1:50216] for POST '/session/cc959c3d086a804242d7affe6403eb9b/window/rect'
23:27:38.887 [AsyncHttpClient-1-5] DEBUG org.asynchttpclient.netty.handler.HttpHandler - 

Request DefaultHttpRequest(decodeResult: success, version: HTTP/1.1)
POST /session/cc959c3d086a804242d7affe6403eb9b/window/rect HTTP/1.1
User-Agent: selenium/4.1.2 (java windows)
Content-Length: 22
Content-Type: application/json; charset=utf-8
host: localhost:50216
accept: */*

Response DefaultHttpResponse(decodeResult: success, version: HTTP/1.1)
HTTP/1.1 200 OK
Content-Type: application/json; charset=utf-8
cache-control: no-cache
content-length: 49

23:27:38.887 [AsyncHttpClient-1-5] DEBUG org.asynchttpclient.netty.channel.ChannelManager - Adding key: http://localhost:50216 for channel [id: 0x71c09a4b, L:/127.0.0.1:52915 - R:localhost/127.0.0.1:50216]
23:27:38.890 [Forwarding get on session cc959c3d086a804242d7affe6403eb9b to remote] DEBUG org.asynchttpclient.netty.request.NettyRequestSender - Using pooled Channel '[id: 0x71c09a4b, L:/127.0.0.1:52915 - R:localhost/127.0.0.1:50216]' for 'POST' to 'http://localhost:50216/session/cc959c3d086a804242d7affe6403eb9b/url'
23:27:38.890 [Forwarding get on session cc959c3d086a804242d7affe6403eb9b to remote] DEBUG org.asynchttpclient.netty.request.NettyRequestSender - Using open Channel [id: 0x71c09a4b, L:/127.0.0.1:52915 - R:localhost/127.0.0.1:50216] for POST '/session/cc959c3d086a804242d7affe6403eb9b/url'
23:27:39.511 [AsyncHttpClient-1-1] DEBUG org.asynchttpclient.netty.channel.DefaultChannelPool - Entry count for : http://localhost:52916 : 1
23:27:40.617 [AsyncHttpClient-1-1] DEBUG org.asynchttpclient.netty.channel.DefaultChannelPool - Entry count for : http://localhost:52916 : 1
23:27:41.711 [AsyncHttpClient-1-1] DEBUG org.asynchttpclient.netty.channel.DefaultChannelPool - Entry count for : http://localhost:52916 : 1
23:27:42.829 [AsyncHttpClient-1-1] DEBUG org.asynchttpclient.netty.channel.DefaultChannelPool - Entry count for : http://localhost:52916 : 1
23:27:43.914 [AsyncHttpClient-1-1] DEBUG org.asynchttpclient.netty.channel.DefaultChannelPool - Entry count for : http://localhost:52916 : 1
23:27:45.010 [AsyncHttpClient-1-1] DEBUG org.asynchttpclient.netty.channel.DefaultChannelPool - Entry count for : http://localhost:52916 : 1
23:27:46.116 [AsyncHttpClient-1-1] DEBUG org.asynchttpclient.netty.channel.DefaultChannelPool - Entry count for : http://localhost:52916 : 1
23:27:47.210 [AsyncHttpClient-1-1] DEBUG org.asynchttpclient.netty.channel.DefaultChannelPool - Entry count for : http://localhost:52916 : 1
23:27:48.321 [AsyncHttpClient-1-1] DEBUG org.asynchttpclient.netty.channel.DefaultChannelPool - Entry count for : http://localhost:52916 : 1
23:27:48.945 [AsyncHttpClient-1-5] DEBUG org.asynchttpclient.netty.handler.HttpHandler - 

Request DefaultHttpRequest(decodeResult: success, version: HTTP/1.1)
POST /session/cc959c3d086a804242d7affe6403eb9b/url HTTP/1.1
User-Agent: selenium/4.1.2 (java windows)
Content-Length: 49
Content-Type: application/json; charset=utf-8
host: localhost:50216
accept: */*

Response DefaultHttpResponse(decodeResult: success, version: HTTP/1.1)
HTTP/1.1 200 OK
Content-Type: application/json; charset=utf-8
cache-control: no-cache
content-length: 14

23:27:48.946 [AsyncHttpClient-1-5] DEBUG org.asynchttpclient.netty.channel.ChannelManager - Adding key: http://localhost:50216 for channel [id: 0x71c09a4b, L:/127.0.0.1:52915 - R:localhost/127.0.0.1:50216]
23:27:48.952 [Forwarding setTimeout on session cc959c3d086a804242d7affe6403eb9b to remote] DEBUG org.asynchttpclient.netty.request.NettyRequestSender - Using pooled Channel '[id: 0x71c09a4b, L:/127.0.0.1:52915 - R:localhost/127.0.0.1:50216]' for 'POST' to 'http://localhost:50216/session/cc959c3d086a804242d7affe6403eb9b/timeouts'
23:27:48.952 [Forwarding setTimeout on session cc959c3d086a804242d7affe6403eb9b to remote] DEBUG org.asynchttpclient.netty.request.NettyRequestSender - Using open Channel [id: 0x71c09a4b, L:/127.0.0.1:52915 - R:localhost/127.0.0.1:50216] for POST '/session/cc959c3d086a804242d7affe6403eb9b/timeouts'
23:27:48.954 [AsyncHttpClient-1-5] DEBUG org.asynchttpclient.netty.handler.HttpHandler - 

Request DefaultHttpRequest(decodeResult: success, version: HTTP/1.1)
POST /session/cc959c3d086a804242d7affe6403eb9b/timeouts HTTP/1.1
User-Agent: selenium/4.1.2 (java windows)
Content-Length: 22
Content-Type: application/json; charset=utf-8
host: localhost:50216
accept: */*

Response DefaultHttpResponse(decodeResult: success, version: HTTP/1.1)
HTTP/1.1 200 OK
Content-Type: application/json; charset=utf-8
cache-control: no-cache
content-length: 14

23:27:48.954 [AsyncHttpClient-1-5] DEBUG org.asynchttpclient.netty.channel.ChannelManager - Adding key: http://localhost:50216 for channel [id: 0x71c09a4b, L:/127.0.0.1:52915 - R:localhost/127.0.0.1:50216]
23:27:48.960 [Forwarding getCurrentUrl on session cc959c3d086a804242d7affe6403eb9b to remote] DEBUG org.asynchttpclient.netty.request.NettyRequestSender - Using pooled Channel '[id: 0x71c09a4b, L:/127.0.0.1:52915 - R:localhost/127.0.0.1:50216]' for 'GET' to 'http://localhost:50216/session/cc959c3d086a804242d7affe6403eb9b/url'
23:27:48.960 [Forwarding getCurrentUrl on session cc959c3d086a804242d7affe6403eb9b to remote] DEBUG org.asynchttpclient.netty.request.NettyRequestSender - Using open Channel [id: 0x71c09a4b, L:/127.0.0.1:52915 - R:localhost/127.0.0.1:50216] for GET '/session/cc959c3d086a804242d7affe6403eb9b/url'
23:27:48.986 [AsyncHttpClient-1-5] DEBUG org.asynchttpclient.netty.handler.HttpHandler - 

Request DefaultFullHttpRequest(decodeResult: success, version: HTTP/1.1, content: EmptyByteBufBE)
GET /session/cc959c3d086a804242d7affe6403eb9b/url HTTP/1.1
User-Agent: selenium/4.1.2 (java windows)
Cache-Control: no-cache
Content-Type: application/json; charset=utf-8
host: localhost:50216
accept: */*

Response DefaultHttpResponse(decodeResult: success, version: HTTP/1.1)
HTTP/1.1 200 OK
Content-Type: application/json; charset=utf-8
cache-control: no-cache
content-length: 31

23:27:48.986 [AsyncHttpClient-1-5] DEBUG org.asynchttpclient.netty.channel.ChannelManager - Adding key: http://localhost:50216 for channel [id: 0x71c09a4b, L:/127.0.0.1:52915 - R:localhost/127.0.0.1:50216]
23:27:48.991 [Forwarding getCurrentUrl on session cc959c3d086a804242d7affe6403eb9b to remote] DEBUG org.asynchttpclient.netty.request.NettyRequestSender - Using pooled Channel '[id: 0x71c09a4b, L:/127.0.0.1:52915 - R:localhost/127.0.0.1:50216]' for 'GET' to 'http://localhost:50216/session/cc959c3d086a804242d7affe6403eb9b/url'
23:27:48.991 [Forwarding getCurrentUrl on session cc959c3d086a804242d7affe6403eb9b to remote] DEBUG org.asynchttpclient.netty.request.NettyRequestSender - Using open Channel [id: 0x71c09a4b, L:/127.0.0.1:52915 - R:localhost/127.0.0.1:50216] for GET '/session/cc959c3d086a804242d7affe6403eb9b/url'
23:27:48.995 [AsyncHttpClient-1-5] DEBUG org.asynchttpclient.netty.handler.HttpHandler - 

Request DefaultFullHttpRequest(decodeResult: success, version: HTTP/1.1, content: EmptyByteBufBE)
GET /session/cc959c3d086a804242d7affe6403eb9b/url HTTP/1.1
User-Agent: selenium/4.1.2 (java windows)
Cache-Control: no-cache
Content-Type: application/json; charset=utf-8
host: localhost:50216
accept: */*

Response DefaultHttpResponse(decodeResult: success, version: HTTP/1.1)
HTTP/1.1 200 OK
Content-Type: application/json; charset=utf-8
cache-control: no-cache
content-length: 31

23:27:48.995 [AsyncHttpClient-1-5] DEBUG org.asynchttpclient.netty.channel.ChannelManager - Adding key: http://localhost:50216 for channel [id: 0x71c09a4b, L:/127.0.0.1:52915 - R:localhost/127.0.0.1:50216]
23:27:49.001 [Forwarding screenshot on session cc959c3d086a804242d7affe6403eb9b to remote] DEBUG org.asynchttpclient.netty.request.NettyRequestSender - Using pooled Channel '[id: 0x71c09a4b, L:/127.0.0.1:52915 - R:localhost/127.0.0.1:50216]' for 'GET' to 'http://localhost:50216/session/cc959c3d086a804242d7affe6403eb9b/screenshot'
23:27:49.002 [Forwarding screenshot on session cc959c3d086a804242d7affe6403eb9b to remote] DEBUG org.asynchttpclient.netty.request.NettyRequestSender - Using open Channel [id: 0x71c09a4b, L:/127.0.0.1:52915 - R:localhost/127.0.0.1:50216] for GET '/session/cc959c3d086a804242d7affe6403eb9b/screenshot'
23:27:49.241 [AsyncHttpClient-1-5] DEBUG org.asynchttpclient.netty.handler.HttpHandler - 

Request DefaultFullHttpRequest(decodeResult: success, version: HTTP/1.1, content: EmptyByteBufBE)
GET /session/cc959c3d086a804242d7affe6403eb9b/screenshot HTTP/1.1
User-Agent: selenium/4.1.2 (java windows)
Cache-Control: no-cache
Content-Type: application/json; charset=utf-8
host: localhost:50216
accept: */*

Response DefaultHttpResponse(decodeResult: success, version: HTTP/1.1)
HTTP/1.1 200 OK
Content-Type: application/json; charset=utf-8
cache-control: no-cache
content-length: 209852

23:27:49.242 [AsyncHttpClient-1-5] DEBUG org.asynchttpclient.netty.channel.ChannelManager - Adding key: http://localhost:50216 for channel [id: 0x71c09a4b, L:/127.0.0.1:52915 - R:localhost/127.0.0.1:50216]
23:27:49.252 [main] DEBUG net.serenitybdd.core.photography.Darkroom - Send negative for processing for target\site\serenity\93e9038578b5226dadb1740078bfc4e49997e06304f320a6b8503f9f347c4c75.png
23:27:49.253 [main] DEBUG net.thucydides.core.steps.StepInterceptor - STEP DONE: openPage
23:27:49.253 [Darkroom Processing Line] DEBUG net.serenitybdd.core.photography.DarkroomProcessingLine - Processing screenshot image in /var/screenshots/screenshot-4861730659332592919
23:27:49.253 [Darkroom Processing Line] DEBUG net.serenitybdd.core.photography.DarkroomProcessingLine - Saving screenshot to target\site\serenity\93e9038578b5226dadb1740078bfc4e49997e06304f320a6b8503f9f347c4c75.png
23:27:49.261 [main] DEBUG net.thucydides.core.steps.StepInterceptor - STARTING STEP: BookstoreSteps.onBookstorePage - validationHomePage
23:27:49.263 [Forwarding findElement on session cc959c3d086a804242d7affe6403eb9b to remote] DEBUG org.asynchttpclient.netty.request.NettyRequestSender - Using pooled Channel '[id: 0x71c09a4b, L:/127.0.0.1:52915 - R:localhost/127.0.0.1:50216]' for 'POST' to 'http://localhost:50216/session/cc959c3d086a804242d7affe6403eb9b/element'
23:27:49.264 [Forwarding findElement on session cc959c3d086a804242d7affe6403eb9b to remote] DEBUG org.asynchttpclient.netty.request.NettyRequestSender - Using open Channel [id: 0x71c09a4b, L:/127.0.0.1:52915 - R:localhost/127.0.0.1:50216] for POST '/session/cc959c3d086a804242d7affe6403eb9b/element'
23:27:49.268 [AsyncHttpClient-1-5] DEBUG org.asynchttpclient.netty.handler.HttpHandler - 

Request DefaultHttpRequest(decodeResult: success, version: HTTP/1.1)
POST /session/cc959c3d086a804242d7affe6403eb9b/element HTTP/1.1
User-Agent: selenium/4.1.2 (java windows)
Content-Length: 48
Content-Type: application/json; charset=utf-8
host: localhost:50216
accept: */*

Response DefaultHttpResponse(decodeResult: success, version: HTTP/1.1)
HTTP/1.1 400 Bad Request
Content-Type: application/json; charset=utf-8
cache-control: no-cache
content-length: 957

23:27:49.268 [AsyncHttpClient-1-5] DEBUG org.asynchttpclient.netty.channel.ChannelManager - Adding key: http://localhost:50216 for channel [id: 0x71c09a4b, L:/127.0.0.1:52915 - R:localhost/127.0.0.1:50216]
23:27:49.271 [Forwarding findElement on session cc959c3d086a804242d7affe6403eb9b to remote] DEBUG org.asynchttpclient.netty.request.NettyRequestSender - Using pooled Channel '[id: 0x71c09a4b, L:/127.0.0.1:52915 - R:localhost/127.0.0.1:50216]' for 'POST' to 'http://localhost:50216/session/cc959c3d086a804242d7affe6403eb9b/element'
23:27:49.271 [Forwarding findElement on session cc959c3d086a804242d7affe6403eb9b to remote] DEBUG org.asynchttpclient.netty.request.NettyRequestSender - Using open Channel [id: 0x71c09a4b, L:/127.0.0.1:52915 - R:localhost/127.0.0.1:50216] for POST '/session/cc959c3d086a804242d7affe6403eb9b/element'
23:27:49.290 [AsyncHttpClient-1-5] DEBUG org.asynchttpclient.netty.handler.HttpHandler - 

Request DefaultHttpRequest(decodeResult: success, version: HTTP/1.1)
POST /session/cc959c3d086a804242d7affe6403eb9b/element HTTP/1.1
User-Agent: selenium/4.1.2 (java windows)
Content-Length: 58
Content-Type: application/json; charset=utf-8
host: localhost:50216
accept: */*

Response DefaultHttpResponse(decodeResult: success, version: HTTP/1.1)
HTTP/1.1 200 OK
Content-Type: application/json; charset=utf-8
cache-control: no-cache
content-length: 88

23:27:49.291 [AsyncHttpClient-1-5] DEBUG org.asynchttpclient.netty.channel.ChannelManager - Adding key: http://localhost:50216 for channel [id: 0x71c09a4b, L:/127.0.0.1:52915 - R:localhost/127.0.0.1:50216]
23:27:49.297 [Forwarding isElementDisplayed on session cc959c3d086a804242d7affe6403eb9b to remote] DEBUG org.asynchttpclient.netty.request.NettyRequestSender - Using pooled Channel '[id: 0x71c09a4b, L:/127.0.0.1:52915 - R:localhost/127.0.0.1:50216]' for 'POST' to 'http://localhost:50216/session/cc959c3d086a804242d7affe6403eb9b/execute/sync'
23:27:49.298 [Forwarding isElementDisplayed on session cc959c3d086a804242d7affe6403eb9b to remote] DEBUG org.asynchttpclient.netty.request.NettyRequestSender - Using open Channel [id: 0x71c09a4b, L:/127.0.0.1:52915 - R:localhost/127.0.0.1:50216] for POST '/session/cc959c3d086a804242d7affe6403eb9b/execute/sync'
23:27:49.314 [AsyncHttpClient-1-5] DEBUG org.asynchttpclient.netty.handler.HttpHandler - 

Request DefaultHttpRequest(decodeResult: success, version: HTTP/1.1)
POST /session/cc959c3d086a804242d7affe6403eb9b/execute/sync HTTP/1.1
User-Agent: selenium/4.1.2 (java windows)
Content-Length: 48780
Content-Type: application/json; charset=utf-8
host: localhost:50216
accept: */*

Response DefaultHttpResponse(decodeResult: success, version: HTTP/1.1)
HTTP/1.1 200 OK
Content-Type: application/json; charset=utf-8
cache-control: no-cache
content-length: 14

23:27:49.314 [AsyncHttpClient-1-5] DEBUG org.asynchttpclient.netty.channel.ChannelManager - Adding key: http://localhost:50216 for channel [id: 0x71c09a4b, L:/127.0.0.1:52915 - R:localhost/127.0.0.1:50216]
23:27:49.320 [Forwarding screenshot on session cc959c3d086a804242d7affe6403eb9b to remote] DEBUG org.asynchttpclient.netty.request.NettyRequestSender - Using pooled Channel '[id: 0x71c09a4b, L:/127.0.0.1:52915 - R:localhost/127.0.0.1:50216]' for 'GET' to 'http://localhost:50216/session/cc959c3d086a804242d7affe6403eb9b/screenshot'
23:27:49.320 [Forwarding screenshot on session cc959c3d086a804242d7affe6403eb9b to remote] DEBUG org.asynchttpclient.netty.request.NettyRequestSender - Using open Channel [id: 0x71c09a4b, L:/127.0.0.1:52915 - R:localhost/127.0.0.1:50216] for GET '/session/cc959c3d086a804242d7affe6403eb9b/screenshot'
23:27:49.411 [AsyncHttpClient-1-1] DEBUG org.asynchttpclient.netty.channel.DefaultChannelPool - Entry count for : http://localhost:52916 : 1
23:27:49.466 [AsyncHttpClient-1-5] DEBUG org.asynchttpclient.netty.handler.HttpHandler - 

Request DefaultFullHttpRequest(decodeResult: success, version: HTTP/1.1, content: EmptyByteBufBE)
GET /session/cc959c3d086a804242d7affe6403eb9b/screenshot HTTP/1.1
User-Agent: selenium/4.1.2 (java windows)
Cache-Control: no-cache
Content-Type: application/json; charset=utf-8
host: localhost:50216
accept: */*

Response DefaultHttpResponse(decodeResult: success, version: HTTP/1.1)
HTTP/1.1 200 OK
Content-Type: application/json; charset=utf-8
cache-control: no-cache
content-length: 209852

23:27:49.467 [AsyncHttpClient-1-5] DEBUG org.asynchttpclient.netty.channel.ChannelManager - Adding key: http://localhost:50216 for channel [id: 0x71c09a4b, L:/127.0.0.1:52915 - R:localhost/127.0.0.1:50216]
23:27:49.478 [main] DEBUG net.serenitybdd.core.photography.Darkroom - Send negative for processing for target\site\serenity\93e9038578b5226dadb1740078bfc4e49997e06304f320a6b8503f9f347c4c75.png
23:27:49.478 [main] DEBUG net.thucydides.core.steps.StepInterceptor - STEP DONE: validationHomePage
  &amp#27;[32mGiven &amp#27;[0m&amp#27;[32mi am on the home page&amp#27;[0m                            &amp#27;[90m# starter.stepdefenitions.BookstoreSteps.onBookstorePage()&amp#27;[0m
23:27:49.496 [main] DEBUG net.thucydides.core.steps.StepInterceptor - STARTING STEP: BookstoreSteps.clickFeatureBookstore - clickFeatureBookstore
23:27:49.502 [Forwarding findElement on session cc959c3d086a804242d7affe6403eb9b to remote] DEBUG org.asynchttpclient.netty.request.NettyRequestSender - Using pooled Channel '[id: 0x71c09a4b, L:/127.0.0.1:52915 - R:localhost/127.0.0.1:50216]' for 'POST' to 'http://localhost:50216/session/cc959c3d086a804242d7affe6403eb9b/element'
23:27:49.502 [Forwarding findElement on session cc959c3d086a804242d7affe6403eb9b to remote] DEBUG org.asynchttpclient.netty.request.NettyRequestSender - Using open Channel [id: 0x71c09a4b, L:/127.0.0.1:52915 - R:localhost/127.0.0.1:50216] for POST '/session/cc959c3d086a804242d7affe6403eb9b/element'
23:27:49.529 [AsyncHttpClient-1-5] DEBUG org.asynchttpclient.netty.handler.HttpHandler - 

Request DefaultHttpRequest(decodeResult: success, version: HTTP/1.1)
POST /session/cc959c3d086a804242d7affe6403eb9b/element HTTP/1.1
User-Agent: selenium/4.1.2 (java windows)
Content-Length: 86
Content-Type: application/json; charset=utf-8
host: localhost:50216
accept: */*

Response DefaultHttpResponse(decodeResult: success, version: HTTP/1.1)
HTTP/1.1 200 OK
Content-Type: application/json; charset=utf-8
cache-control: no-cache
content-length: 88

23:27:49.529 [AsyncHttpClient-1-5] DEBUG org.asynchttpclient.netty.channel.ChannelManager - Adding key: http://localhost:50216 for channel [id: 0x71c09a4b, L:/127.0.0.1:52915 - R:localhost/127.0.0.1:50216]
23:27:49.531 [Forwarding getElementTagName on session cc959c3d086a804242d7affe6403eb9b to remote] DEBUG org.asynchttpclient.netty.request.NettyRequestSender - Using pooled Channel '[id: 0x71c09a4b, L:/127.0.0.1:52915 - R:localhost/127.0.0.1:50216]' for 'GET' to 'http://localhost:50216/session/cc959c3d086a804242d7affe6403eb9b/element/1342e009-13cc-4683-bf5c-1998e6f9f18f/name'
23:27:49.531 [Forwarding getElementTagName on session cc959c3d086a804242d7affe6403eb9b to remote] DEBUG org.asynchttpclient.netty.request.NettyRequestSender - Using open Channel [id: 0x71c09a4b, L:/127.0.0.1:52915 - R:localhost/127.0.0.1:50216] for GET '/session/cc959c3d086a804242d7affe6403eb9b/element/1342e009-13cc-4683-bf5c-1998e6f9f18f/name'
23:27:49.537 [AsyncHttpClient-1-5] DEBUG org.asynchttpclient.netty.handler.HttpHandler - 

Request DefaultFullHttpRequest(decodeResult: success, version: HTTP/1.1, content: EmptyByteBufBE)
GET /session/cc959c3d086a804242d7affe6403eb9b/element/1342e009-13cc-4683-bf5c-1998e6f9f18f/name HTTP/1.1
User-Agent: selenium/4.1.2 (java windows)
Cache-Control: no-cache
Content-Type: application/json; charset=utf-8
host: localhost:50216
accept: */*

Response DefaultHttpResponse(decodeResult: success, version: HTTP/1.1)
HTTP/1.1 200 OK
Content-Type: application/json; charset=utf-8
cache-control: no-cache
content-length: 15

23:27:49.537 [AsyncHttpClient-1-5] DEBUG org.asynchttpclient.netty.channel.ChannelManager - Adding key: http://localhost:50216 for channel [id: 0x71c09a4b, L:/127.0.0.1:52915 - R:localhost/127.0.0.1:50216]
23:27:49.539 [Forwarding getElementTagName on session cc959c3d086a804242d7affe6403eb9b to remote] DEBUG org.asynchttpclient.netty.request.NettyRequestSender - Using pooled Channel '[id: 0x71c09a4b, L:/127.0.0.1:52915 - R:localhost/127.0.0.1:50216]' for 'GET' to 'http://localhost:50216/session/cc959c3d086a804242d7affe6403eb9b/element/1342e009-13cc-4683-bf5c-1998e6f9f18f/name'
23:27:49.539 [Forwarding getElementTagName on session cc959c3d086a804242d7affe6403eb9b to remote] DEBUG org.asynchttpclient.netty.request.NettyRequestSender - Using open Channel [id: 0x71c09a4b, L:/127.0.0.1:52915 - R:localhost/127.0.0.1:50216] for GET '/session/cc959c3d086a804242d7affe6403eb9b/element/1342e009-13cc-4683-bf5c-1998e6f9f18f/name'
23:27:49.543 [AsyncHttpClient-1-5] DEBUG org.asynchttpclient.netty.handler.HttpHandler - 

Request DefaultFullHttpRequest(decodeResult: success, version: HTTP/1.1, content: EmptyByteBufBE)
GET /session/cc959c3d086a804242d7affe6403eb9b/element/1342e009-13cc-4683-bf5c-1998e6f9f18f/name HTTP/1.1
User-Agent: selenium/4.1.2 (java windows)
Cache-Control: no-cache
Content-Type: application/json; charset=utf-8
host: localhost:50216
accept: */*

Response DefaultHttpResponse(decodeResult: success, version: HTTP/1.1)
HTTP/1.1 200 OK
Content-Type: application/json; charset=utf-8
cache-control: no-cache
content-length: 15

23:27:49.544 [AsyncHttpClient-1-5] DEBUG org.asynchttpclient.netty.channel.ChannelManager - Adding key: http://localhost:50216 for channel [id: 0x71c09a4b, L:/127.0.0.1:52915 - R:localhost/127.0.0.1:50216]
23:27:49.546 [Forwarding findElement on session cc959c3d086a804242d7affe6403eb9b to remote] DEBUG org.asynchttpclient.netty.request.NettyRequestSender - Using pooled Channel '[id: 0x71c09a4b, L:/127.0.0.1:52915 - R:localhost/127.0.0.1:50216]' for 'POST' to 'http://localhost:50216/session/cc959c3d086a804242d7affe6403eb9b/element'
23:27:49.547 [Forwarding findElement on session cc959c3d086a804242d7affe6403eb9b to remote] DEBUG org.asynchttpclient.netty.request.NettyRequestSender - Using open Channel [id: 0x71c09a4b, L:/127.0.0.1:52915 - R:localhost/127.0.0.1:50216] for POST '/session/cc959c3d086a804242d7affe6403eb9b/element'
23:27:49.556 [AsyncHttpClient-1-5] DEBUG org.asynchttpclient.netty.handler.HttpHandler - 

Request DefaultHttpRequest(decodeResult: success, version: HTTP/1.1)
POST /session/cc959c3d086a804242d7affe6403eb9b/element HTTP/1.1
User-Agent: selenium/4.1.2 (java windows)
Content-Length: 86
Content-Type: application/json; charset=utf-8
host: localhost:50216
accept: */*

Response DefaultHttpResponse(decodeResult: success, version: HTTP/1.1)
HTTP/1.1 200 OK
Content-Type: application/json; charset=utf-8
cache-control: no-cache
content-length: 88

23:27:49.556 [AsyncHttpClient-1-5] DEBUG org.asynchttpclient.netty.channel.ChannelManager - Adding key: http://localhost:50216 for channel [id: 0x71c09a4b, L:/127.0.0.1:52915 - R:localhost/127.0.0.1:50216]
23:27:49.558 [Forwarding clickElement on session cc959c3d086a804242d7affe6403eb9b to remote] DEBUG org.asynchttpclient.netty.request.NettyRequestSender - Using pooled Channel '[id: 0x71c09a4b, L:/127.0.0.1:52915 - R:localhost/127.0.0.1:50216]' for 'POST' to 'http://localhost:50216/session/cc959c3d086a804242d7affe6403eb9b/element/1342e009-13cc-4683-bf5c-1998e6f9f18f/click'
23:27:49.558 [Forwarding clickElement on session cc959c3d086a804242d7affe6403eb9b to remote] DEBUG org.asynchttpclient.netty.request.NettyRequestSender - Using open Channel [id: 0x71c09a4b, L:/127.0.0.1:52915 - R:localhost/127.0.0.1:50216] for POST '/session/cc959c3d086a804242d7affe6403eb9b/element/1342e009-13cc-4683-bf5c-1998e6f9f18f/click'
23:27:50.102 [AsyncHttpClient-1-5] DEBUG org.asynchttpclient.netty.handler.HttpHandler - 

Request DefaultHttpRequest(decodeResult: success, version: HTTP/1.1)
POST /session/cc959c3d086a804242d7affe6403eb9b/element/1342e009-13cc-4683-bf5c-1998e6f9f18f/click HTTP/1.1
User-Agent: selenium/4.1.2 (java windows)
Content-Length: 50
Content-Type: application/json; charset=utf-8
host: localhost:50216
accept: */*

Response DefaultHttpResponse(decodeResult: success, version: HTTP/1.1)
HTTP/1.1 200 OK
Content-Type: application/json; charset=utf-8
cache-control: no-cache
content-length: 14

23:27:50.103 [AsyncHttpClient-1-5] DEBUG org.asynchttpclient.netty.channel.ChannelManager - Adding key: http://localhost:50216 for channel [id: 0x71c09a4b, L:/127.0.0.1:52915 - R:localhost/127.0.0.1:50216]
23:27:50.119 [Forwarding screenshot on session cc959c3d086a804242d7affe6403eb9b to remote] DEBUG org.asynchttpclient.netty.request.NettyRequestSender - Using pooled Channel '[id: 0x71c09a4b, L:/127.0.0.1:52915 - R:localhost/127.0.0.1:50216]' for 'GET' to 'http://localhost:50216/session/cc959c3d086a804242d7affe6403eb9b/screenshot'
23:27:50.119 [Forwarding screenshot on session cc959c3d086a804242d7affe6403eb9b to remote] DEBUG org.asynchttpclient.netty.request.NettyRequestSender - Using open Channel [id: 0x71c09a4b, L:/127.0.0.1:52915 - R:localhost/127.0.0.1:50216] for GET '/session/cc959c3d086a804242d7affe6403eb9b/screenshot'
23:27:50.380 [AsyncHttpClient-1-5] DEBUG org.asynchttpclient.netty.handler.HttpHandler - 

Request DefaultFullHttpRequest(decodeResult: success, version: HTTP/1.1, content: EmptyByteBufBE)
GET /session/cc959c3d086a804242d7affe6403eb9b/screenshot HTTP/1.1
User-Agent: selenium/4.1.2 (java windows)
Cache-Control: no-cache
Content-Type: application/json; charset=utf-8
host: localhost:50216
accept: */*

Response DefaultHttpResponse(decodeResult: success, version: HTTP/1.1)
HTTP/1.1 200 OK
Content-Type: application/json; charset=utf-8
cache-control: no-cache
content-length: 127880

23:27:50.382 [AsyncHttpClient-1-5] DEBUG org.asynchttpclient.netty.channel.ChannelManager - Adding key: http://localhost:50216 for channel [id: 0x71c09a4b, L:/127.0.0.1:52915 - R:localhost/127.0.0.1:50216]
23:27:50.411 [main] DEBUG net.serenitybdd.core.photography.Darkroom - Send negative for processing for target\site\serenity\c7f92ac71ffc0f35b2c8972d64cf6db2897efae976c759aa739b472d84bc6185.png
23:27:50.411 [main] DEBUG net.thucydides.core.steps.StepInterceptor - STEP DONE: clickFeatureBookstore
  &amp#27;[32mWhen &amp#27;[0m&amp#27;[32mi click feature bookstore&amp#27;[0m                         &amp#27;[90m# starter.stepdefenitions.BookstoreSteps.clickFeatureBookstore()&amp#27;[0m
23:27:50.414 [Darkroom Processing Line] DEBUG net.serenitybdd.core.photography.DarkroomProcessingLine - Processing screenshot image in /var/screenshots/screenshot-244894722818476143
23:27:50.415 [Darkroom Processing Line] DEBUG net.serenitybdd.core.photography.DarkroomProcessingLine - Saving screenshot to target\site\serenity\c7f92ac71ffc0f35b2c8972d64cf6db2897efae976c759aa739b472d84bc6185.png
23:27:50.548 [Forwarding screenshot on session cc959c3d086a804242d7affe6403eb9b to remote] DEBUG org.asynchttpclient.netty.request.NettyRequestSender - Using pooled Channel '[id: 0x71c09a4b, L:/127.0.0.1:52915 - R:localhost/127.0.0.1:50216]' for 'GET' to 'http://localhost:50216/session/cc959c3d086a804242d7affe6403eb9b/screenshot'
23:27:50.549 [Forwarding screenshot on session cc959c3d086a804242d7affe6403eb9b to remote] DEBUG org.asynchttpclient.netty.request.NettyRequestSender - Using open Channel [id: 0x71c09a4b, L:/127.0.0.1:52915 - R:localhost/127.0.0.1:50216] for GET '/session/cc959c3d086a804242d7affe6403eb9b/screenshot'
23:27:50.551 [AsyncHttpClient-1-1] DEBUG org.asynchttpclient.netty.channel.DefaultChannelPool - Entry count for : http://localhost:52916 : 1
23:27:50.943 [AsyncHttpClient-1-5] DEBUG org.asynchttpclient.netty.handler.HttpHandler - 

Request DefaultFullHttpRequest(decodeResult: success, version: HTTP/1.1, content: EmptyByteBufBE)
GET /session/cc959c3d086a804242d7affe6403eb9b/screenshot HTTP/1.1
User-Agent: selenium/4.1.2 (java windows)
Cache-Control: no-cache
Content-Type: application/json; charset=utf-8
host: localhost:50216
accept: */*

Response DefaultHttpResponse(decodeResult: success, version: HTTP/1.1)
HTTP/1.1 200 OK
Content-Type: application/json; charset=utf-8
cache-control: no-cache
content-length: 218600

23:27:50.945 [AsyncHttpClient-1-5] DEBUG org.asynchttpclient.netty.channel.ChannelManager - Adding key: http://localhost:50216 for channel [id: 0x71c09a4b, L:/127.0.0.1:52915 - R:localhost/127.0.0.1:50216]
23:27:50.959 [main] DEBUG net.serenitybdd.core.photography.Darkroom - Send negative for processing for target\site\serenity\3800a24e0fbc94ba7be4d43a674bed0b2d77faeef60f778a8c3673d9923645aa.png
23:27:50.960 [Darkroom Processing Line] DEBUG net.serenitybdd.core.photography.DarkroomProcessingLine - Processing screenshot image in /var/screenshots/screenshot-6901545194583822861
23:27:50.960 [Darkroom Processing Line] DEBUG net.serenitybdd.core.photography.DarkroomProcessingLine - Saving screenshot to target\site\serenity\3800a24e0fbc94ba7be4d43a674bed0b2d77faeef60f778a8c3673d9923645aa.png
23:27:50.968 [main] DEBUG net.thucydides.core.steps.StepInterceptor - STARTING STEP: BookstoreSteps.onTheBookstorePage - validationOnBookstorePage
23:27:50.971 [Forwarding findElement on session cc959c3d086a804242d7affe6403eb9b to remote] DEBUG org.asynchttpclient.netty.request.NettyRequestSender - Using pooled Channel '[id: 0x71c09a4b, L:/127.0.0.1:52915 - R:localhost/127.0.0.1:50216]' for 'POST' to 'http://localhost:50216/session/cc959c3d086a804242d7affe6403eb9b/element'
23:27:50.971 [Forwarding findElement on session cc959c3d086a804242d7affe6403eb9b to remote] DEBUG org.asynchttpclient.netty.request.NettyRequestSender - Using open Channel [id: 0x71c09a4b, L:/127.0.0.1:52915 - R:localhost/127.0.0.1:50216] for POST '/session/cc959c3d086a804242d7affe6403eb9b/element'
23:27:50.993 [AsyncHttpClient-1-5] DEBUG org.asynchttpclient.netty.handler.HttpHandler - 

Request DefaultHttpRequest(decodeResult: success, version: HTTP/1.1)
POST /session/cc959c3d086a804242d7affe6403eb9b/element HTTP/1.1
User-Agent: selenium/4.1.2 (java windows)
Content-Length: 58
Content-Type: application/json; charset=utf-8
host: localhost:50216
accept: */*

Response DefaultHttpResponse(decodeResult: success, version: HTTP/1.1)
HTTP/1.1 200 OK
Content-Type: application/json; charset=utf-8
cache-control: no-cache
content-length: 88

23:27:50.994 [AsyncHttpClient-1-5] DEBUG org.asynchttpclient.netty.channel.ChannelManager - Adding key: http://localhost:50216 for channel [id: 0x71c09a4b, L:/127.0.0.1:52915 - R:localhost/127.0.0.1:50216]
23:27:50.999 [Forwarding isElementDisplayed on session cc959c3d086a804242d7affe6403eb9b to remote] DEBUG org.asynchttpclient.netty.request.NettyRequestSender - Using pooled Channel '[id: 0x71c09a4b, L:/127.0.0.1:52915 - R:localhost/127.0.0.1:50216]' for 'POST' to 'http://localhost:50216/session/cc959c3d086a804242d7affe6403eb9b/execute/sync'
23:27:50.999 [Forwarding isElementDisplayed on session cc959c3d086a804242d7affe6403eb9b to remote] DEBUG org.asynchttpclient.netty.request.NettyRequestSender - Using open Channel [id: 0x71c09a4b, L:/127.0.0.1:52915 - R:localhost/127.0.0.1:50216] for POST '/session/cc959c3d086a804242d7affe6403eb9b/execute/sync'
23:27:51.015 [AsyncHttpClient-1-5] DEBUG org.asynchttpclient.netty.handler.HttpHandler - 

Request DefaultHttpRequest(decodeResult: success, version: HTTP/1.1)
POST /session/cc959c3d086a804242d7affe6403eb9b/execute/sync HTTP/1.1
User-Agent: selenium/4.1.2 (java windows)
Content-Length: 48780
Content-Type: application/json; charset=utf-8
host: localhost:50216
accept: */*

Response DefaultHttpResponse(decodeResult: success, version: HTTP/1.1)
HTTP/1.1 200 OK
Content-Type: application/json; charset=utf-8
cache-control: no-cache
content-length: 14

23:27:51.015 [AsyncHttpClient-1-5] DEBUG org.asynchttpclient.netty.channel.ChannelManager - Adding key: http://localhost:50216 for channel [id: 0x71c09a4b, L:/127.0.0.1:52915 - R:localhost/127.0.0.1:50216]
23:27:51.020 [Forwarding screenshot on session cc959c3d086a804242d7affe6403eb9b to remote] DEBUG org.asynchttpclient.netty.request.NettyRequestSender - Using pooled Channel '[id: 0x71c09a4b, L:/127.0.0.1:52915 - R:localhost/127.0.0.1:50216]' for 'GET' to 'http://localhost:50216/session/cc959c3d086a804242d7affe6403eb9b/screenshot'
23:27:51.021 [Forwarding screenshot on session cc959c3d086a804242d7affe6403eb9b to remote] DEBUG org.asynchttpclient.netty.request.NettyRequestSender - Using open Channel [id: 0x71c09a4b, L:/127.0.0.1:52915 - R:localhost/127.0.0.1:50216] for GET '/session/cc959c3d086a804242d7affe6403eb9b/screenshot'
23:27:51.209 [AsyncHttpClient-1-5] DEBUG org.asynchttpclient.netty.handler.HttpHandler - 

Request DefaultFullHttpRequest(decodeResult: success, version: HTTP/1.1, content: EmptyByteBufBE)
GET /session/cc959c3d086a804242d7affe6403eb9b/screenshot HTTP/1.1
User-Agent: selenium/4.1.2 (java windows)
Cache-Control: no-cache
Content-Type: application/json; charset=utf-8
host: localhost:50216
accept: */*

Response DefaultHttpResponse(decodeResult: success, version: HTTP/1.1)
HTTP/1.1 200 OK
Content-Type: application/json; charset=utf-8
cache-control: no-cache
content-length: 244428

23:27:51.211 [AsyncHttpClient-1-5] DEBUG org.asynchttpclient.netty.channel.ChannelManager - Adding key: http://localhost:50216 for channel [id: 0x71c09a4b, L:/127.0.0.1:52915 - R:localhost/127.0.0.1:50216]
23:27:51.222 [main] DEBUG net.serenitybdd.core.photography.Darkroom - Send negative for processing for target\site\serenity\02fa03b8820f9555dfc760bf3549382d087f5668c7129ea1092e77e619d9b347.png
23:27:51.222 [main] DEBUG net.thucydides.core.steps.StepInterceptor - STEP DONE: validationOnBookstorePage
23:27:51.222 [Darkroom Processing Line] DEBUG net.serenitybdd.core.photography.DarkroomProcessingLine - Processing screenshot image in /var/screenshots/screenshot-2295973486528562963
  &amp#27;[32mGiven &amp#27;[0m&amp#27;[32mi am on the bookstore page&amp#27;[0m                       &amp#27;[90m# starter.stepdefenitions.BookstoreSteps.onTheBookstorePage()&amp#27;[0m
23:27:51.223 [Darkroom Processing Line] DEBUG net.serenitybdd.core.photography.DarkroomProcessingLine - Saving screenshot to target\site\serenity\02fa03b8820f9555dfc760bf3549382d087f5668c7129ea1092e77e619d9b347.png
23:27:51.246 [main] DEBUG net.thucydides.core.steps.StepInterceptor - STARTING STEP: BookstoreSteps.choseExistingBook - clickExistingBook
23:27:51.250 [Forwarding findElement on session cc959c3d086a804242d7affe6403eb9b to remote] DEBUG org.asynchttpclient.netty.request.NettyRequestSender - Using pooled Channel '[id: 0x71c09a4b, L:/127.0.0.1:52915 - R:localhost/127.0.0.1:50216]' for 'POST' to 'http://localhost:50216/session/cc959c3d086a804242d7affe6403eb9b/element'
23:27:51.250 [Forwarding findElement on session cc959c3d086a804242d7affe6403eb9b to remote] DEBUG org.asynchttpclient.netty.request.NettyRequestSender - Using open Channel [id: 0x71c09a4b, L:/127.0.0.1:52915 - R:localhost/127.0.0.1:50216] for POST '/session/cc959c3d086a804242d7affe6403eb9b/element'
23:27:51.266 [AsyncHttpClient-1-5] DEBUG org.asynchttpclient.netty.handler.HttpHandler - 

Request DefaultHttpRequest(decodeResult: success, version: HTTP/1.1)
POST /session/cc959c3d086a804242d7affe6403eb9b/element HTTP/1.1
User-Agent: selenium/4.1.2 (java windows)
Content-Length: 82
Content-Type: application/json; charset=utf-8
host: localhost:50216
accept: */*

Response DefaultHttpResponse(decodeResult: success, version: HTTP/1.1)
HTTP/1.1 200 OK
Content-Type: application/json; charset=utf-8
cache-control: no-cache
content-length: 88

23:27:51.266 [AsyncHttpClient-1-5] DEBUG org.asynchttpclient.netty.channel.ChannelManager - Adding key: http://localhost:50216 for channel [id: 0x71c09a4b, L:/127.0.0.1:52915 - R:localhost/127.0.0.1:50216]
23:27:51.269 [Forwarding getElementTagName on session cc959c3d086a804242d7affe6403eb9b to remote] DEBUG org.asynchttpclient.netty.request.NettyRequestSender - Using pooled Channel '[id: 0x71c09a4b, L:/127.0.0.1:52915 - R:localhost/127.0.0.1:50216]' for 'GET' to 'http://localhost:50216/session/cc959c3d086a804242d7affe6403eb9b/element/3b777f49-c590-4c85-a816-3ad0191fe9de/name'
23:27:51.270 [Forwarding getElementTagName on session cc959c3d086a804242d7affe6403eb9b to remote] DEBUG org.asynchttpclient.netty.request.NettyRequestSender - Using open Channel [id: 0x71c09a4b, L:/127.0.0.1:52915 - R:localhost/127.0.0.1:50216] for GET '/session/cc959c3d086a804242d7affe6403eb9b/element/3b777f49-c590-4c85-a816-3ad0191fe9de/name'
23:27:51.279 [AsyncHttpClient-1-5] DEBUG org.asynchttpclient.netty.handler.HttpHandler - 

Request DefaultFullHttpRequest(decodeResult: success, version: HTTP/1.1, content: EmptyByteBufBE)
GET /session/cc959c3d086a804242d7affe6403eb9b/element/3b777f49-c590-4c85-a816-3ad0191fe9de/name HTTP/1.1
User-Agent: selenium/4.1.2 (java windows)
Cache-Control: no-cache
Content-Type: application/json; charset=utf-8
host: localhost:50216
accept: */*

Response DefaultHttpResponse(decodeResult: success, version: HTTP/1.1)
HTTP/1.1 200 OK
Content-Type: application/json; charset=utf-8
cache-control: no-cache
content-length: 15

23:27:51.280 [AsyncHttpClient-1-5] DEBUG org.asynchttpclient.netty.channel.ChannelManager - Adding key: http://localhost:50216 for channel [id: 0x71c09a4b, L:/127.0.0.1:52915 - R:localhost/127.0.0.1:50216]
23:27:51.283 [Forwarding getElementTagName on session cc959c3d086a804242d7affe6403eb9b to remote] DEBUG org.asynchttpclient.netty.request.NettyRequestSender - Using pooled Channel '[id: 0x71c09a4b, L:/127.0.0.1:52915 - R:localhost/127.0.0.1:50216]' for 'GET' to 'http://localhost:50216/session/cc959c3d086a804242d7affe6403eb9b/element/3b777f49-c590-4c85-a816-3ad0191fe9de/name'
23:27:51.283 [Forwarding getElementTagName on session cc959c3d086a804242d7affe6403eb9b to remote] DEBUG org.asynchttpclient.netty.request.NettyRequestSender - Using open Channel [id: 0x71c09a4b, L:/127.0.0.1:52915 - R:localhost/127.0.0.1:50216] for GET '/session/cc959c3d086a804242d7affe6403eb9b/element/3b777f49-c590-4c85-a816-3ad0191fe9de/name'
23:27:51.289 [AsyncHttpClient-1-5] DEBUG org.asynchttpclient.netty.handler.HttpHandler - 

Request DefaultFullHttpRequest(decodeResult: success, version: HTTP/1.1, content: EmptyByteBufBE)
GET /session/cc959c3d086a804242d7affe6403eb9b/element/3b777f49-c590-4c85-a816-3ad0191fe9de/name HTTP/1.1
User-Agent: selenium/4.1.2 (java windows)
Cache-Control: no-cache
Content-Type: application/json; charset=utf-8
host: localhost:50216
accept: */*

Response DefaultHttpResponse(decodeResult: success, version: HTTP/1.1)
HTTP/1.1 200 OK
Content-Type: application/json; charset=utf-8
cache-control: no-cache
content-length: 15

23:27:51.289 [AsyncHttpClient-1-5] DEBUG org.asynchttpclient.netty.channel.ChannelManager - Adding key: http://localhost:50216 for channel [id: 0x71c09a4b, L:/127.0.0.1:52915 - R:localhost/127.0.0.1:50216]
23:27:51.294 [Forwarding findElement on session cc959c3d086a804242d7affe6403eb9b to remote] DEBUG org.asynchttpclient.netty.request.NettyRequestSender - Using pooled Channel '[id: 0x71c09a4b, L:/127.0.0.1:52915 - R:localhost/127.0.0.1:50216]' for 'POST' to 'http://localhost:50216/session/cc959c3d086a804242d7affe6403eb9b/element'
23:27:51.295 [Forwarding findElement on session cc959c3d086a804242d7affe6403eb9b to remote] DEBUG org.asynchttpclient.netty.request.NettyRequestSender - Using open Channel [id: 0x71c09a4b, L:/127.0.0.1:52915 - R:localhost/127.0.0.1:50216] for POST '/session/cc959c3d086a804242d7affe6403eb9b/element'
23:27:51.306 [AsyncHttpClient-1-5] DEBUG org.asynchttpclient.netty.handler.HttpHandler - 

Request DefaultHttpRequest(decodeResult: success, version: HTTP/1.1)
POST /session/cc959c3d086a804242d7affe6403eb9b/element HTTP/1.1
User-Agent: selenium/4.1.2 (java windows)
Content-Length: 82
Content-Type: application/json; charset=utf-8
host: localhost:50216
accept: */*

Response DefaultHttpResponse(decodeResult: success, version: HTTP/1.1)
HTTP/1.1 200 OK
Content-Type: application/json; charset=utf-8
cache-control: no-cache
content-length: 88

23:27:51.306 [AsyncHttpClient-1-5] DEBUG org.asynchttpclient.netty.channel.ChannelManager - Adding key: http://localhost:50216 for channel [id: 0x71c09a4b, L:/127.0.0.1:52915 - R:localhost/127.0.0.1:50216]
23:27:51.308 [Forwarding clickElement on session cc959c3d086a804242d7affe6403eb9b to remote] DEBUG org.asynchttpclient.netty.request.NettyRequestSender - Using pooled Channel '[id: 0x71c09a4b, L:/127.0.0.1:52915 - R:localhost/127.0.0.1:50216]' for 'POST' to 'http://localhost:50216/session/cc959c3d086a804242d7affe6403eb9b/element/3b777f49-c590-4c85-a816-3ad0191fe9de/click'
23:27:51.308 [Forwarding clickElement on session cc959c3d086a804242d7affe6403eb9b to remote] DEBUG org.asynchttpclient.netty.request.NettyRequestSender - Using open Channel [id: 0x71c09a4b, L:/127.0.0.1:52915 - R:localhost/127.0.0.1:50216] for POST '/session/cc959c3d086a804242d7affe6403eb9b/element/3b777f49-c590-4c85-a816-3ad0191fe9de/click'
23:27:51.619 [AsyncHttpClient-1-1] DEBUG org.asynchttpclient.netty.channel.DefaultChannelPool - Entry count for : http://localhost:52916 : 1
23:27:52.716 [AsyncHttpClient-1-1] DEBUG org.asynchttpclient.netty.channel.DefaultChannelPool - Entry count for : http://localhost:52916 : 1
23:27:53.295 [AsyncHttpClient-1-5] DEBUG org.asynchttpclient.netty.handler.HttpHandler - 

Request DefaultHttpRequest(decodeResult: success, version: HTTP/1.1)
POST /session/cc959c3d086a804242d7affe6403eb9b/element/3b777f49-c590-4c85-a816-3ad0191fe9de/click HTTP/1.1
User-Agent: selenium/4.1.2 (java windows)
Content-Length: 50
Content-Type: application/json; charset=utf-8
host: localhost:50216
accept: */*

Response DefaultHttpResponse(decodeResult: success, version: HTTP/1.1)
HTTP/1.1 200 OK
Content-Type: application/json; charset=utf-8
cache-control: no-cache
content-length: 14

23:27:53.296 [AsyncHttpClient-1-5] DEBUG org.asynchttpclient.netty.channel.ChannelManager - Adding key: http://localhost:50216 for channel [id: 0x71c09a4b, L:/127.0.0.1:52915 - R:localhost/127.0.0.1:50216]
23:27:53.306 [Forwarding screenshot on session cc959c3d086a804242d7affe6403eb9b to remote] DEBUG org.asynchttpclient.netty.request.NettyRequestSender - Using pooled Channel '[id: 0x71c09a4b, L:/127.0.0.1:52915 - R:localhost/127.0.0.1:50216]' for 'GET' to 'http://localhost:50216/session/cc959c3d086a804242d7affe6403eb9b/screenshot'
23:27:53.306 [Forwarding screenshot on session cc959c3d086a804242d7affe6403eb9b to remote] DEBUG org.asynchttpclient.netty.request.NettyRequestSender - Using open Channel [id: 0x71c09a4b, L:/127.0.0.1:52915 - R:localhost/127.0.0.1:50216] for GET '/session/cc959c3d086a804242d7affe6403eb9b/screenshot'
23:27:53.590 [AsyncHttpClient-1-5] DEBUG org.asynchttpclient.netty.handler.HttpHandler - 

Request DefaultFullHttpRequest(decodeResult: success, version: HTTP/1.1, content: EmptyByteBufBE)
GET /session/cc959c3d086a804242d7affe6403eb9b/screenshot HTTP/1.1
User-Agent: selenium/4.1.2 (java windows)
Cache-Control: no-cache
Content-Type: application/json; charset=utf-8
host: localhost:50216
accept: */*

Response DefaultHttpResponse(decodeResult: success, version: HTTP/1.1)
HTTP/1.1 200 OK
Content-Type: application/json; charset=utf-8
cache-control: no-cache
content-length: 253104

23:27:53.592 [AsyncHttpClient-1-5] DEBUG org.asynchttpclient.netty.channel.ChannelManager - Adding key: http://localhost:50216 for channel [id: 0x71c09a4b, L:/127.0.0.1:52915 - R:localhost/127.0.0.1:50216]
23:27:53.612 [main] DEBUG net.serenitybdd.core.photography.Darkroom - Send negative for processing for target\site\serenity\768b7e4ab85a16fe8433da6cdce425cd4a6069d0f0c37d41dbf02782fa197a6d.png
23:27:53.612 [main] DEBUG net.thucydides.core.steps.StepInterceptor - STEP DONE: clickExistingBook
  &amp#27;[32mWhen &amp#27;[0m&amp#27;[32mi chose one of existing book&amp#27;[0m                      &amp#27;[90m# starter.stepdefenitions.BookstoreSteps.choseExistingBook()&amp#27;[0m
23:27:53.619 [Darkroom Processing Line] DEBUG net.serenitybdd.core.photography.DarkroomProcessingLine - Processing screenshot image in /var/screenshots/screenshot-937356999420095407
23:27:53.619 [Darkroom Processing Line] DEBUG net.serenitybdd.core.photography.DarkroomProcessingLine - Saving screenshot to target\site\serenity\768b7e4ab85a16fe8433da6cdce425cd4a6069d0f0c37d41dbf02782fa197a6d.png
23:27:53.638 [main] DEBUG net.thucydides.core.steps.StepInterceptor - STARTING STEP: BookstoreSteps.seeAboutBook - validationOnBook
23:27:53.641 [Forwarding findElement on session cc959c3d086a804242d7affe6403eb9b to remote] DEBUG org.asynchttpclient.netty.request.NettyRequestSender - Using pooled Channel '[id: 0x71c09a4b, L:/127.0.0.1:52915 - R:localhost/127.0.0.1:50216]' for 'POST' to 'http://localhost:50216/session/cc959c3d086a804242d7affe6403eb9b/element'
23:27:53.641 [Forwarding findElement on session cc959c3d086a804242d7affe6403eb9b to remote] DEBUG org.asynchttpclient.netty.request.NettyRequestSender - Using open Channel [id: 0x71c09a4b, L:/127.0.0.1:52915 - R:localhost/127.0.0.1:50216] for POST '/session/cc959c3d086a804242d7affe6403eb9b/element'
23:27:53.658 [AsyncHttpClient-1-5] DEBUG org.asynchttpclient.netty.handler.HttpHandler - 

Request DefaultHttpRequest(decodeResult: success, version: HTTP/1.1)
POST /session/cc959c3d086a804242d7affe6403eb9b/element HTTP/1.1
User-Agent: selenium/4.1.2 (java windows)
Content-Length: 81
Content-Type: application/json; charset=utf-8
host: localhost:50216
accept: */*

Response DefaultHttpResponse(decodeResult: success, version: HTTP/1.1)
HTTP/1.1 200 OK
Content-Type: application/json; charset=utf-8
cache-control: no-cache
content-length: 88

23:27:53.658 [AsyncHttpClient-1-5] DEBUG org.asynchttpclient.netty.channel.ChannelManager - Adding key: http://localhost:50216 for channel [id: 0x71c09a4b, L:/127.0.0.1:52915 - R:localhost/127.0.0.1:50216]
23:27:53.664 [Forwarding isElementDisplayed on session cc959c3d086a804242d7affe6403eb9b to remote] DEBUG org.asynchttpclient.netty.request.NettyRequestSender - Using pooled Channel '[id: 0x71c09a4b, L:/127.0.0.1:52915 - R:localhost/127.0.0.1:50216]' for 'POST' to 'http://localhost:50216/session/cc959c3d086a804242d7affe6403eb9b/execute/sync'
23:27:53.664 [Forwarding isElementDisplayed on session cc959c3d086a804242d7affe6403eb9b to remote] DEBUG org.asynchttpclient.netty.request.NettyRequestSender - Using open Channel [id: 0x71c09a4b, L:/127.0.0.1:52915 - R:localhost/127.0.0.1:50216] for POST '/session/cc959c3d086a804242d7affe6403eb9b/execute/sync'
23:27:53.676 [AsyncHttpClient-1-5] DEBUG org.asynchttpclient.netty.handler.HttpHandler - 

Request DefaultHttpRequest(decodeResult: success, version: HTTP/1.1)
POST /session/cc959c3d086a804242d7affe6403eb9b/execute/sync HTTP/1.1
User-Agent: selenium/4.1.2 (java windows)
Content-Length: 48780
Content-Type: application/json; charset=utf-8
host: localhost:50216
accept: */*

Response DefaultHttpResponse(decodeResult: success, version: HTTP/1.1)
HTTP/1.1 200 OK
Content-Type: application/json; charset=utf-8
cache-control: no-cache
content-length: 14

23:27:53.676 [AsyncHttpClient-1-5] DEBUG org.asynchttpclient.netty.channel.ChannelManager - Adding key: http://localhost:50216 for channel [id: 0x71c09a4b, L:/127.0.0.1:52915 - R:localhost/127.0.0.1:50216]
23:27:53.681 [Forwarding screenshot on session cc959c3d086a804242d7affe6403eb9b to remote] DEBUG org.asynchttpclient.netty.request.NettyRequestSender - Using pooled Channel '[id: 0x71c09a4b, L:/127.0.0.1:52915 - R:localhost/127.0.0.1:50216]' for 'GET' to 'http://localhost:50216/session/cc959c3d086a804242d7affe6403eb9b/screenshot'
23:27:53.681 [Forwarding screenshot on session cc959c3d086a804242d7affe6403eb9b to remote] DEBUG org.asynchttpclient.netty.request.NettyRequestSender - Using open Channel [id: 0x71c09a4b, L:/127.0.0.1:52915 - R:localhost/127.0.0.1:50216] for GET '/session/cc959c3d086a804242d7affe6403eb9b/screenshot'
23:27:53.820 [AsyncHttpClient-1-1] DEBUG org.asynchttpclient.netty.channel.DefaultChannelPool - Entry count for : http://localhost:52916 : 1
23:27:53.872 [AsyncHttpClient-1-5] DEBUG org.asynchttpclient.netty.handler.HttpHandler - 

Request DefaultFullHttpRequest(decodeResult: success, version: HTTP/1.1, content: EmptyByteBufBE)
GET /session/cc959c3d086a804242d7affe6403eb9b/screenshot HTTP/1.1
User-Agent: selenium/4.1.2 (java windows)
Cache-Control: no-cache
Content-Type: application/json; charset=utf-8
host: localhost:50216
accept: */*

Response DefaultHttpResponse(decodeResult: success, version: HTTP/1.1)
HTTP/1.1 200 OK
Content-Type: application/json; charset=utf-8
cache-control: no-cache
content-length: 253104

23:27:53.874 [AsyncHttpClient-1-5] DEBUG org.asynchttpclient.netty.channel.ChannelManager - Adding key: http://localhost:50216 for channel [id: 0x71c09a4b, L:/127.0.0.1:52915 - R:localhost/127.0.0.1:50216]
23:27:53.889 [main] DEBUG net.serenitybdd.core.photography.Darkroom - Send negative for processing for target\site\serenity\768b7e4ab85a16fe8433da6cdce425cd4a6069d0f0c37d41dbf02782fa197a6d.png
23:27:53.890 [main] DEBUG net.thucydides.core.steps.StepInterceptor - STEP DONE: validationOnBook
  &amp#27;[32mThen &amp#27;[0m&amp#27;[32mi can see about book&amp#27;[0m                              &amp#27;[90m# starter.stepdefenitions.BookstoreSteps.seeAboutBook()&amp#27;[0m
23:27:53.895 [main] INFO  - 
  _____   ___   ___   _____     ___     _     ___   ___   ___   ___  
 |_   _| | __| / __| |_   _|   | _ \   /_\   / __| / __| | __| |   \ 
   | |   | _|  \__ \   | |     |  _/  / _ \  \__ \ \__ \ | _|  | |) |
   |_|   |___| |___/   |_|     |_|   /_/ \_\ |___/ |___/ |___| |___/ 

As user i have be able to choose existing book
----------------------------------------------------------------------
23:27:53.897 [AsyncHttpClient-1-7] DEBUG org.asynchttpclient.netty.handler.WebSocketHandler - Channel Closed: [id: 0x28ebfa4e, L:/127.0.0.1:52925 ! R:localhost/127.0.0.1:52916] with attribute NettyResponseFuture{currentRetry=5,
	isDone=1,
	isCancelled=0,
	asyncHandler=org.asynchttpclient.ws.WebSocketUpgradeHandler@2184f7ca,
	nettyRequest=org.asynchttpclient.netty.request.NettyRequest@64867d9e,
	future=java.util.concurrent.CompletableFuture@2b50a4f8[Completed normally],
	uri=ws://localhost:52916/devtools/browser/e2f175b8-a110-4c48-a829-23b33b0429f2,
	keepAlive=true,
	redirectCount=0,
	timeoutsHolder=null,
	inAuth=0,
	touch=1649608058631}
23:27:53.897 [AsyncHttpClient-1-7] DEBUG org.asynchttpclient.netty.channel.ChannelManager - Closing Channel [id: 0x28ebfa4e, L:/127.0.0.1:52925 ! R:localhost/127.0.0.1:52916] 
23:27:53.897 [Driver Command Executor] DEBUG org.asynchttpclient.netty.request.NettyRequestSender - Using pooled Channel '[id: 0x71c09a4b, L:/127.0.0.1:52915 - R:localhost/127.0.0.1:50216]' for 'DELETE' to 'http://localhost:50216/session/cc959c3d086a804242d7affe6403eb9b'
23:27:53.898 [Driver Command Executor] DEBUG org.asynchttpclient.netty.request.NettyRequestSender - Using open Channel [id: 0x71c09a4b, L:/127.0.0.1:52915 - R:localhost/127.0.0.1:50216] for DELETE '/session/cc959c3d086a804242d7affe6403eb9b'
23:27:53.967 [AsyncHttpClient-1-6] DEBUG org.asynchttpclient.netty.handler.HttpHandler - Unexpected I/O exception on channel [id: 0xa985078c, L:/127.0.0.1:52924 - R:localhost/127.0.0.1:52916]
java.io.IOException: An existing connection was forcibly closed by the remote host
	at sun.nio.ch.SocketDispatcher.read0(Native Method)
	at sun.nio.ch.SocketDispatcher.read(SocketDispatcher.java:43)
	at sun.nio.ch.IOUtil.readIntoNativeBuffer(IOUtil.java:223)
	at sun.nio.ch.IOUtil.read(IOUtil.java:192)
	at sun.nio.ch.SocketChannelImpl.read(SocketChannelImpl.java:378)
	at io.netty.buffer.PooledByteBuf.setBytes(PooledByteBuf.java:258)
	at io.netty.buffer.AbstractByteBuf.writeBytes(AbstractByteBuf.java:1132)
	at io.netty.channel.socket.nio.NioSocketChannel.doReadBytes(NioSocketChannel.java:350)
	at io.netty.channel.nio.AbstractNioByteChannel$NioByteUnsafe.read(AbstractNioByteChannel.java:151)
	at io.netty.channel.nio.NioEventLoop.processSelectedKey(NioEventLoop.java:722)
	at io.netty.channel.nio.NioEventLoop.processSelectedKeysOptimized(NioEventLoop.java:658)
	at io.netty.channel.nio.NioEventLoop.processSelectedKeys(NioEventLoop.java:584)
	at io.netty.channel.nio.NioEventLoop.run(NioEventLoop.java:496)
	at io.netty.util.concurrent.SingleThreadEventExecutor$4.run(SingleThreadEventExecutor.java:986)
	at io.netty.util.internal.ThreadExecutorMap$2.run(ThreadExecutorMap.java:74)
	at io.netty.util.concurrent.FastThreadLocalRunnable.run(FastThreadLocalRunnable.java:30)
	at java.lang.Thread.run(Thread.java:750)
23:27:53.968 [AsyncHttpClient-1-6] DEBUG org.asynchttpclient.netty.channel.ChannelManager - Closing Channel [id: 0xa985078c, L:/127.0.0.1:52924 - R:localhost/127.0.0.1:52916] 
23:27:53.968 [AsyncHttpClient-1-6] DEBUG org.asynchttpclient.netty.handler.HttpHandler - Channel Closed: [id: 0xa985078c, L:/127.0.0.1:52924 ! R:localhost/127.0.0.1:52916] with attribute DISCARD
23:27:54.002 [AsyncHttpClient-1-5] DEBUG org.asynchttpclient.netty.handler.HttpHandler - 

Request DefaultFullHttpRequest(decodeResult: success, version: HTTP/1.1, content: EmptyByteBufBE)
DELETE /session/cc959c3d086a804242d7affe6403eb9b HTTP/1.1
User-Agent: selenium/4.1.2 (java windows)
Content-Type: application/json; charset=utf-8
host: localhost:50216
accept: */*

Response DefaultHttpResponse(decodeResult: success, version: HTTP/1.1)
HTTP/1.1 200 OK
Content-Type: application/json; charset=utf-8
cache-control: no-cache
content-length: 14

23:27:54.002 [AsyncHttpClient-1-5] DEBUG org.asynchttpclient.netty.channel.ChannelManager - Adding key: http://localhost:50216 for channel [id: 0x71c09a4b, L:/127.0.0.1:52915 - R:localhost/127.0.0.1:50216]
23:27:54.139 [AsyncHttpClient-1-5] DEBUG org.asynchttpclient.netty.handler.HttpHandler - Channel Closed: [id: 0x71c09a4b, L:/127.0.0.1:52915 ! R:localhost/127.0.0.1:50216] with attribute DISCARD
]]></system-out>
    <system-err><![CDATA[Starting ChromeDriver 100.0.4896.60 (6a5d10861ce8de5fce22564658033b43cb7de047-refs/branch-heads/4896@{#875}) on port 50216
Only local connections are allowed.
Please see https://chromedriver.chromium.org/security-considerations for suggestions on keeping ChromeDriver safe.
ChromeDriver was started successfully.
Apr 10, 2022 11:27:38 PM org.openqa.selenium.remote.ProtocolHandshake createSession
INFO: Detected dialect: W3C
Apr 10, 2022 11:27:38 PM org.openqa.selenium.devtools.CdpVersionFinder findNearestMatch
WARNING: Unable to find an exact match for CDP version 100, so returning the closest version found: 97
Apr 10, 2022 11:27:38 PM org.openqa.selenium.devtools.CdpVersionFinder findNearestMatch
INFO: Found CDP implementation for version 100 of 97
]]></system-err>
  </testcase>
  <testcase name="As user i have be able to success to search book with search feature" classname="As a user I want to visit bookstore So that i can see existing book in store" time="20.214">
    <system-out><![CDATA[
Scenario: As user i have be able to success to search book with search feature &amp#27;[90m# src/test/resources/features/Bookstore.feature:15&amp#27;[0m
23:27:54.684 [main] INFO io.cucumber.core.plugin.SerenityReporter - Running feature from file:///D:/kampus%20merdeka/Intelij/web/src/test/resources/features/Bookstore.feature
23:27:54.688 [main] INFO  - 
  _____   ___   ___   _____     ___   _____     _     ___   _____   ___   ___  
 |_   _| | __| / __| |_   _|   / __| |_   _|   /_\   | _ \ |_   _| | __| |   \ 
   | |   | _|  \__ \   | |     \__ \   | |    / _ \  |   /   | |   | _|  | |) |
   |_|   |___| |___/   |_|     |___/   |_|   /_/ \_\ |_|_\   |_|   |___| |___/ 

As user i have be able to success to search book with search feature(as-a-user-i-want-to-visit-bookstore-so-that-i-can-see-existing-book-in-store;as-user-i-have-be-able-to-success-to-search-book-with-search-feature)
--------------------------------------------------------------------------------
23:27:54.760 [main] DEBUG net.thucydides.core.steps.StepInterceptor - STARTING STEP: BookstoreSteps.onBookstorePage - openPage
23:27:54.767 [main] INFO net.serenitybdd.core.webdriver.driverproviders.ChromeDriverProvider - Using automatically driver download
23:27:54.908 [main] DEBUG io.github.bonigarcia.wdm.cache.ResolutionCache - Resolution chrome=100 in cache (valid until 23:33:17 10/04/2022 ICT)
23:27:54.910 [AsyncHttpClient-1-1] DEBUG org.asynchttpclient.netty.channel.DefaultChannelPool - Entry count for : http://localhost:50216 : 1
23:27:54.910 [AsyncHttpClient-1-1] DEBUG org.asynchttpclient.netty.channel.DefaultChannelPool - Entry count for : http://localhost:52916 : 1
23:27:54.910 [AsyncHttpClient-1-1] DEBUG org.asynchttpclient.netty.channel.DefaultChannelPool - Adding Candidate expired Channel [id: 0x71c09a4b, L:/127.0.0.1:52915 ! R:localhost/127.0.0.1:50216] isIdleTimeoutExpired=false isRemotelyClosed=true isTtlExpired=false
23:27:54.910 [AsyncHttpClient-1-1] DEBUG org.asynchttpclient.netty.channel.DefaultChannelPool - Closing Idle Channel [id: 0x71c09a4b, L:/127.0.0.1:52915 ! R:localhost/127.0.0.1:50216]
23:27:54.910 [AsyncHttpClient-1-1] DEBUG org.asynchttpclient.netty.channel.DefaultChannelPool - Adding Candidate expired Channel [id: 0xa985078c, L:/127.0.0.1:52924 ! R:localhost/127.0.0.1:52916] isIdleTimeoutExpired=false isRemotelyClosed=true isTtlExpired=false
23:27:54.910 [AsyncHttpClient-1-1] DEBUG org.asynchttpclient.netty.channel.DefaultChannelPool - Closing Idle Channel [id: 0xa985078c, L:/127.0.0.1:52924 ! R:localhost/127.0.0.1:52916]
23:27:54.910 [AsyncHttpClient-1-1] DEBUG org.asynchttpclient.netty.channel.DefaultChannelPool - Closed 2 connections out of 2 in 0 ms
23:27:54.915 [main] DEBUG io.github.bonigarcia.wdm.cache.ResolutionCache - Resolution chrome100=100.0.4896.60 in cache (valid until 12:12:52 11/04/2022 ICT)
23:27:54.917 [main] INFO io.github.bonigarcia.wdm.WebDriverManager - Using chromedriver 100.0.4896.60 (resolved driver for Chrome 100)
23:27:54.930 [main] DEBUG io.github.bonigarcia.wdm.WebDriverManager - Driver chromedriver 100.0.4896.60 found in cache
23:27:54.931 [main] INFO io.github.bonigarcia.wdm.WebDriverManager - Exporting webdriver.chrome.driver as C:\Users\Admin\.cache\selenium\chromedriver\win32\100.0.4896.60\chromedriver.exe
23:27:55.061 [main] DEBUG net.serenitybdd.core.webdriver.driverproviders.ProvideNewDriver - Instantiating driver
23:27:55.061 [main] DEBUG net.serenitybdd.core.webdriver.driverproviders.ProvideNewDriver - Driver capabilities: Capabilities {acceptInsecureCerts: false, base.url: https://demoqa.com/, browserName: chrome, chrome.driver: src/test/resources/webdrive..., driver: chrome, goog:chromeOptions: {args: [], extensions: []}}
23:27:55.611 [AsyncHttpClient-1-8] DEBUG org.asynchttpclient.netty.channel.NettyConnectListener - Using new Channel '[id: 0xf52b255e, L:/127.0.0.1:53012 - R:localhost/127.0.0.1:64412]' for 'POST' to '/session'
23:27:56.733 [AsyncHttpClient-1-8] DEBUG org.asynchttpclient.netty.handler.HttpHandler - 

Request DefaultHttpRequest(decodeResult: success, version: HTTP/1.1)
POST /session HTTP/1.1
User-Agent: selenium/4.1.2 (java windows)
Content-Length: 605
Content-Type: application/json; charset=utf-8
host: localhost:64412
accept: */*

Response DefaultHttpResponse(decodeResult: success, version: HTTP/1.1)
HTTP/1.1 200 OK
Content-Type: application/json; charset=utf-8
cache-control: no-cache
content-length: 789

23:27:56.734 [AsyncHttpClient-1-8] DEBUG org.asynchttpclient.netty.channel.ChannelManager - Adding key: http://localhost:64412 for channel [id: 0xf52b255e, L:/127.0.0.1:53012 - R:localhost/127.0.0.1:64412]
23:27:56.753 [AsyncHttpClient-1-9] DEBUG org.asynchttpclient.netty.channel.NettyConnectListener - Using new Channel '[id: 0x078e63df, L:/127.0.0.1:53020 - R:localhost/127.0.0.1:53013]' for 'GET' to '/json/version'
23:27:56.755 [AsyncHttpClient-1-9] DEBUG org.asynchttpclient.netty.handler.HttpHandler - 

Request DefaultFullHttpRequest(decodeResult: success, version: HTTP/1.1, content: EmptyByteBufBE)
GET /json/version HTTP/1.1
User-Agent: selenium/4.1.2 (java windows)
host: localhost:53013
accept: */*

Response DefaultHttpResponse(decodeResult: success, version: HTTP/1.1)
HTTP/1.1 200 OK
Content-Type: application/json; charset=UTF-8
content-length: 426

23:27:56.755 [AsyncHttpClient-1-9] DEBUG org.asynchttpclient.netty.channel.ChannelManager - Adding key: http://localhost:53013 for channel [id: 0x078e63df, L:/127.0.0.1:53020 - R:localhost/127.0.0.1:53013]
23:27:56.758 [AsyncHttpClient-1-2] DEBUG org.asynchttpclient.netty.channel.NettyConnectListener - Using new Channel '[id: 0x8ca01819, L:/127.0.0.1:53021 - R:localhost/127.0.0.1:53013]' for 'GET' to '/devtools/browser/c32f28d0-1d8c-4cc0-86d6-f8a5a9768cf9'
23:27:56.760 [AsyncHttpClient-1-2] DEBUG org.asynchttpclient.netty.handler.WebSocketHandler - 

Request DefaultFullHttpRequest(decodeResult: success, version: HTTP/1.1, content: EmptyByteBufBE)
GET /devtools/browser/c32f28d0-1d8c-4cc0-86d6-f8a5a9768cf9 HTTP/1.1
upgrade: websocket
connection: upgrade
sec-websocket-key: Hq4J9gqB7NVbUweKhwEfag==
sec-websocket-version: 13
origin: http://localhost:53013
host: localhost:53013
accept: */*
user-agent: AHC/2.1

Response DefaultHttpResponse(decodeResult: success, version: HTTP/1.1)
HTTP/1.1 101 WebSocket Protocol Handshake
Upgrade: WebSocket
Connection: Upgrade
Sec-WebSocket-Accept: S9glVpQcQA5VpJ4dlUyKeYwRUnY=

23:27:56.771 [Forwarding setCurrentWindowSize on session 5661e7ea2d384062fcc119136800ac73 to remote] DEBUG org.asynchttpclient.netty.request.NettyRequestSender - Using pooled Channel '[id: 0xf52b255e, L:/127.0.0.1:53012 - R:localhost/127.0.0.1:64412]' for 'POST' to 'http://localhost:64412/session/5661e7ea2d384062fcc119136800ac73/window/rect'
23:27:56.771 [Forwarding setCurrentWindowSize on session 5661e7ea2d384062fcc119136800ac73 to remote] DEBUG org.asynchttpclient.netty.request.NettyRequestSender - Using open Channel [id: 0xf52b255e, L:/127.0.0.1:53012 - R:localhost/127.0.0.1:64412] for POST '/session/5661e7ea2d384062fcc119136800ac73/window/rect'
23:27:56.902 [AsyncHttpClient-1-8] DEBUG org.asynchttpclient.netty.handler.HttpHandler - 

Request DefaultHttpRequest(decodeResult: success, version: HTTP/1.1)
POST /session/5661e7ea2d384062fcc119136800ac73/window/rect HTTP/1.1
User-Agent: selenium/4.1.2 (java windows)
Content-Length: 36
Content-Type: application/json; charset=utf-8
host: localhost:64412
accept: */*

Response DefaultHttpResponse(decodeResult: success, version: HTTP/1.1)
HTTP/1.1 200 OK
Content-Type: application/json; charset=utf-8
cache-control: no-cache
content-length: 51

23:27:56.902 [AsyncHttpClient-1-8] DEBUG org.asynchttpclient.netty.channel.ChannelManager - Adding key: http://localhost:64412 for channel [id: 0xf52b255e, L:/127.0.0.1:53012 - R:localhost/127.0.0.1:64412]
23:27:56.904 [Forwarding setWindowPosition on session 5661e7ea2d384062fcc119136800ac73 to remote] DEBUG org.asynchttpclient.netty.request.NettyRequestSender - Using pooled Channel '[id: 0xf52b255e, L:/127.0.0.1:53012 - R:localhost/127.0.0.1:64412]' for 'POST' to 'http://localhost:64412/session/5661e7ea2d384062fcc119136800ac73/window/rect'
23:27:56.904 [Forwarding setWindowPosition on session 5661e7ea2d384062fcc119136800ac73 to remote] DEBUG org.asynchttpclient.netty.request.NettyRequestSender - Using open Channel [id: 0xf52b255e, L:/127.0.0.1:53012 - R:localhost/127.0.0.1:64412] for POST '/session/5661e7ea2d384062fcc119136800ac73/window/rect'
23:27:57.014 [AsyncHttpClient-1-8] DEBUG org.asynchttpclient.netty.handler.HttpHandler - 

Request DefaultHttpRequest(decodeResult: success, version: HTTP/1.1)
POST /session/5661e7ea2d384062fcc119136800ac73/window/rect HTTP/1.1
User-Agent: selenium/4.1.2 (java windows)
Content-Length: 22
Content-Type: application/json; charset=utf-8
host: localhost:64412
accept: */*

Response DefaultHttpResponse(decodeResult: success, version: HTTP/1.1)
HTTP/1.1 200 OK
Content-Type: application/json; charset=utf-8
cache-control: no-cache
content-length: 49

23:27:57.015 [AsyncHttpClient-1-8] DEBUG org.asynchttpclient.netty.channel.ChannelManager - Adding key: http://localhost:64412 for channel [id: 0xf52b255e, L:/127.0.0.1:53012 - R:localhost/127.0.0.1:64412]
23:27:57.018 [Forwarding get on session 5661e7ea2d384062fcc119136800ac73 to remote] DEBUG org.asynchttpclient.netty.request.NettyRequestSender - Using pooled Channel '[id: 0xf52b255e, L:/127.0.0.1:53012 - R:localhost/127.0.0.1:64412]' for 'POST' to 'http://localhost:64412/session/5661e7ea2d384062fcc119136800ac73/url'
23:27:57.018 [Forwarding get on session 5661e7ea2d384062fcc119136800ac73 to remote] DEBUG org.asynchttpclient.netty.request.NettyRequestSender - Using open Channel [id: 0xf52b255e, L:/127.0.0.1:53012 - R:localhost/127.0.0.1:64412] for POST '/session/5661e7ea2d384062fcc119136800ac73/url'
23:27:57.112 [AsyncHttpClient-1-1] DEBUG org.asynchttpclient.netty.channel.DefaultChannelPool - Entry count for : http://localhost:53013 : 1
23:27:58.214 [AsyncHttpClient-1-1] DEBUG org.asynchttpclient.netty.channel.DefaultChannelPool - Entry count for : http://localhost:53013 : 1
23:27:59.311 [AsyncHttpClient-1-1] DEBUG org.asynchttpclient.netty.channel.DefaultChannelPool - Entry count for : http://localhost:53013 : 1
23:28:00.415 [AsyncHttpClient-1-1] DEBUG org.asynchttpclient.netty.channel.DefaultChannelPool - Entry count for : http://localhost:53013 : 1
23:28:01.514 [AsyncHttpClient-1-1] DEBUG org.asynchttpclient.netty.channel.DefaultChannelPool - Entry count for : http://localhost:53013 : 1
23:28:02.611 [AsyncHttpClient-1-1] DEBUG org.asynchttpclient.netty.channel.DefaultChannelPool - Entry count for : http://localhost:53013 : 1
23:28:03.710 [AsyncHttpClient-1-1] DEBUG org.asynchttpclient.netty.channel.DefaultChannelPool - Entry count for : http://localhost:53013 : 1
23:28:04.812 [AsyncHttpClient-1-1] DEBUG org.asynchttpclient.netty.channel.DefaultChannelPool - Entry count for : http://localhost:53013 : 1
23:28:05.910 [AsyncHttpClient-1-1] DEBUG org.asynchttpclient.netty.channel.DefaultChannelPool - Entry count for : http://localhost:53013 : 1
23:28:07.012 [AsyncHttpClient-1-1] DEBUG org.asynchttpclient.netty.channel.DefaultChannelPool - Entry count for : http://localhost:53013 : 1
23:28:08.111 [AsyncHttpClient-1-1] DEBUG org.asynchttpclient.netty.channel.DefaultChannelPool - Entry count for : http://localhost:53013 : 1
23:28:09.210 [AsyncHttpClient-1-1] DEBUG org.asynchttpclient.netty.channel.DefaultChannelPool - Entry count for : http://localhost:53013 : 1
23:28:10.310 [AsyncHttpClient-1-1] DEBUG org.asynchttpclient.netty.channel.DefaultChannelPool - Entry count for : http://localhost:53013 : 1
23:28:11.397 [AsyncHttpClient-1-8] DEBUG org.asynchttpclient.netty.handler.HttpHandler - 

Request DefaultHttpRequest(decodeResult: success, version: HTTP/1.1)
POST /session/5661e7ea2d384062fcc119136800ac73/url HTTP/1.1
User-Agent: selenium/4.1.2 (java windows)
Content-Length: 49
Content-Type: application/json; charset=utf-8
host: localhost:64412
accept: */*

Response DefaultHttpResponse(decodeResult: success, version: HTTP/1.1)
HTTP/1.1 200 OK
Content-Type: application/json; charset=utf-8
cache-control: no-cache
content-length: 14

23:28:11.398 [AsyncHttpClient-1-8] DEBUG org.asynchttpclient.netty.channel.ChannelManager - Adding key: http://localhost:64412 for channel [id: 0xf52b255e, L:/127.0.0.1:53012 - R:localhost/127.0.0.1:64412]
23:28:11.404 [Forwarding setTimeout on session 5661e7ea2d384062fcc119136800ac73 to remote] DEBUG org.asynchttpclient.netty.request.NettyRequestSender - Using pooled Channel '[id: 0xf52b255e, L:/127.0.0.1:53012 - R:localhost/127.0.0.1:64412]' for 'POST' to 'http://localhost:64412/session/5661e7ea2d384062fcc119136800ac73/timeouts'
23:28:11.404 [Forwarding setTimeout on session 5661e7ea2d384062fcc119136800ac73 to remote] DEBUG org.asynchttpclient.netty.request.NettyRequestSender - Using open Channel [id: 0xf52b255e, L:/127.0.0.1:53012 - R:localhost/127.0.0.1:64412] for POST '/session/5661e7ea2d384062fcc119136800ac73/timeouts'
23:28:11.408 [AsyncHttpClient-1-8] DEBUG org.asynchttpclient.netty.handler.HttpHandler - 

Request DefaultHttpRequest(decodeResult: success, version: HTTP/1.1)
POST /session/5661e7ea2d384062fcc119136800ac73/timeouts HTTP/1.1
User-Agent: selenium/4.1.2 (java windows)
Content-Length: 22
Content-Type: application/json; charset=utf-8
host: localhost:64412
accept: */*

Response DefaultHttpResponse(decodeResult: success, version: HTTP/1.1)
HTTP/1.1 200 OK
Content-Type: application/json; charset=utf-8
cache-control: no-cache
content-length: 14

23:28:11.409 [AsyncHttpClient-1-8] DEBUG org.asynchttpclient.netty.channel.ChannelManager - Adding key: http://localhost:64412 for channel [id: 0xf52b255e, L:/127.0.0.1:53012 - R:localhost/127.0.0.1:64412]
23:28:11.414 [Forwarding getCurrentUrl on session 5661e7ea2d384062fcc119136800ac73 to remote] DEBUG org.asynchttpclient.netty.request.NettyRequestSender - Using pooled Channel '[id: 0xf52b255e, L:/127.0.0.1:53012 - R:localhost/127.0.0.1:64412]' for 'GET' to 'http://localhost:64412/session/5661e7ea2d384062fcc119136800ac73/url'
23:28:11.414 [AsyncHttpClient-1-1] DEBUG org.asynchttpclient.netty.channel.DefaultChannelPool - Entry count for : http://localhost:53013 : 1
23:28:11.414 [Forwarding getCurrentUrl on session 5661e7ea2d384062fcc119136800ac73 to remote] DEBUG org.asynchttpclient.netty.request.NettyRequestSender - Using open Channel [id: 0xf52b255e, L:/127.0.0.1:53012 - R:localhost/127.0.0.1:64412] for GET '/session/5661e7ea2d384062fcc119136800ac73/url'
23:28:11.422 [AsyncHttpClient-1-8] DEBUG org.asynchttpclient.netty.handler.HttpHandler - 

Request DefaultFullHttpRequest(decodeResult: success, version: HTTP/1.1, content: EmptyByteBufBE)
GET /session/5661e7ea2d384062fcc119136800ac73/url HTTP/1.1
User-Agent: selenium/4.1.2 (java windows)
Cache-Control: no-cache
Content-Type: application/json; charset=utf-8
host: localhost:64412
accept: */*

Response DefaultHttpResponse(decodeResult: success, version: HTTP/1.1)
HTTP/1.1 200 OK
Content-Type: application/json; charset=utf-8
cache-control: no-cache
content-length: 31

23:28:11.423 [AsyncHttpClient-1-8] DEBUG org.asynchttpclient.netty.channel.ChannelManager - Adding key: http://localhost:64412 for channel [id: 0xf52b255e, L:/127.0.0.1:53012 - R:localhost/127.0.0.1:64412]
23:28:11.427 [Forwarding getCurrentUrl on session 5661e7ea2d384062fcc119136800ac73 to remote] DEBUG org.asynchttpclient.netty.request.NettyRequestSender - Using pooled Channel '[id: 0xf52b255e, L:/127.0.0.1:53012 - R:localhost/127.0.0.1:64412]' for 'GET' to 'http://localhost:64412/session/5661e7ea2d384062fcc119136800ac73/url'
23:28:11.427 [Forwarding getCurrentUrl on session 5661e7ea2d384062fcc119136800ac73 to remote] DEBUG org.asynchttpclient.netty.request.NettyRequestSender - Using open Channel [id: 0xf52b255e, L:/127.0.0.1:53012 - R:localhost/127.0.0.1:64412] for GET '/session/5661e7ea2d384062fcc119136800ac73/url'
23:28:11.430 [AsyncHttpClient-1-8] DEBUG org.asynchttpclient.netty.handler.HttpHandler - 

Request DefaultFullHttpRequest(decodeResult: success, version: HTTP/1.1, content: EmptyByteBufBE)
GET /session/5661e7ea2d384062fcc119136800ac73/url HTTP/1.1
User-Agent: selenium/4.1.2 (java windows)
Cache-Control: no-cache
Content-Type: application/json; charset=utf-8
host: localhost:64412
accept: */*

Response DefaultHttpResponse(decodeResult: success, version: HTTP/1.1)
HTTP/1.1 200 OK
Content-Type: application/json; charset=utf-8
cache-control: no-cache
content-length: 31

23:28:11.431 [AsyncHttpClient-1-8] DEBUG org.asynchttpclient.netty.channel.ChannelManager - Adding key: http://localhost:64412 for channel [id: 0xf52b255e, L:/127.0.0.1:53012 - R:localhost/127.0.0.1:64412]
23:28:11.700 [Forwarding screenshot on session 5661e7ea2d384062fcc119136800ac73 to remote] DEBUG org.asynchttpclient.netty.request.NettyRequestSender - Using pooled Channel '[id: 0xf52b255e, L:/127.0.0.1:53012 - R:localhost/127.0.0.1:64412]' for 'GET' to 'http://localhost:64412/session/5661e7ea2d384062fcc119136800ac73/screenshot'
23:28:11.701 [Forwarding screenshot on session 5661e7ea2d384062fcc119136800ac73 to remote] DEBUG org.asynchttpclient.netty.request.NettyRequestSender - Using open Channel [id: 0xf52b255e, L:/127.0.0.1:53012 - R:localhost/127.0.0.1:64412] for GET '/session/5661e7ea2d384062fcc119136800ac73/screenshot'
23:28:12.225 [AsyncHttpClient-1-8] DEBUG org.asynchttpclient.netty.handler.HttpHandler - 

Request DefaultFullHttpRequest(decodeResult: success, version: HTTP/1.1, content: EmptyByteBufBE)
GET /session/5661e7ea2d384062fcc119136800ac73/screenshot HTTP/1.1
User-Agent: selenium/4.1.2 (java windows)
Cache-Control: no-cache
Content-Type: application/json; charset=utf-8
host: localhost:64412
accept: */*

Response DefaultHttpResponse(decodeResult: success, version: HTTP/1.1)
HTTP/1.1 200 OK
Content-Type: application/json; charset=utf-8
cache-control: no-cache
content-length: 170740

23:28:12.228 [AsyncHttpClient-1-8] DEBUG org.asynchttpclient.netty.channel.ChannelManager - Adding key: http://localhost:64412 for channel [id: 0xf52b255e, L:/127.0.0.1:53012 - R:localhost/127.0.0.1:64412]
23:28:12.238 [main] DEBUG net.serenitybdd.core.photography.Darkroom - Send negative for processing for target\site\serenity\8af3df5280f187fa98d436801661b81be375bf0b441e0ae0af5ac82d8ea53c28.png
23:28:12.239 [main] DEBUG net.thucydides.core.steps.StepInterceptor - STEP DONE: openPage
23:28:12.239 [Darkroom Processing Line] DEBUG net.serenitybdd.core.photography.DarkroomProcessingLine - Processing screenshot image in /var/screenshots/screenshot-3958063811966499255
23:28:12.239 [Darkroom Processing Line] DEBUG net.serenitybdd.core.photography.DarkroomProcessingLine - Saving screenshot to target\site\serenity\8af3df5280f187fa98d436801661b81be375bf0b441e0ae0af5ac82d8ea53c28.png
23:28:12.251 [main] DEBUG net.thucydides.core.steps.StepInterceptor - STARTING STEP: BookstoreSteps.onBookstorePage - validationHomePage
23:28:12.254 [Forwarding findElement on session 5661e7ea2d384062fcc119136800ac73 to remote] DEBUG org.asynchttpclient.netty.request.NettyRequestSender - Using pooled Channel '[id: 0xf52b255e, L:/127.0.0.1:53012 - R:localhost/127.0.0.1:64412]' for 'POST' to 'http://localhost:64412/session/5661e7ea2d384062fcc119136800ac73/element'
23:28:12.254 [Forwarding findElement on session 5661e7ea2d384062fcc119136800ac73 to remote] DEBUG org.asynchttpclient.netty.request.NettyRequestSender - Using open Channel [id: 0xf52b255e, L:/127.0.0.1:53012 - R:localhost/127.0.0.1:64412] for POST '/session/5661e7ea2d384062fcc119136800ac73/element'
23:28:12.256 [AsyncHttpClient-1-8] DEBUG org.asynchttpclient.netty.handler.HttpHandler - 

Request DefaultHttpRequest(decodeResult: success, version: HTTP/1.1)
POST /session/5661e7ea2d384062fcc119136800ac73/element HTTP/1.1
User-Agent: selenium/4.1.2 (java windows)
Content-Length: 48
Content-Type: application/json; charset=utf-8
host: localhost:64412
accept: */*

Response DefaultHttpResponse(decodeResult: success, version: HTTP/1.1)
HTTP/1.1 400 Bad Request
Content-Type: application/json; charset=utf-8
cache-control: no-cache
content-length: 957

23:28:12.257 [AsyncHttpClient-1-8] DEBUG org.asynchttpclient.netty.channel.ChannelManager - Adding key: http://localhost:64412 for channel [id: 0xf52b255e, L:/127.0.0.1:53012 - R:localhost/127.0.0.1:64412]
23:28:12.258 [Forwarding findElement on session 5661e7ea2d384062fcc119136800ac73 to remote] DEBUG org.asynchttpclient.netty.request.NettyRequestSender - Using pooled Channel '[id: 0xf52b255e, L:/127.0.0.1:53012 - R:localhost/127.0.0.1:64412]' for 'POST' to 'http://localhost:64412/session/5661e7ea2d384062fcc119136800ac73/element'
23:28:12.259 [Forwarding findElement on session 5661e7ea2d384062fcc119136800ac73 to remote] DEBUG org.asynchttpclient.netty.request.NettyRequestSender - Using open Channel [id: 0xf52b255e, L:/127.0.0.1:53012 - R:localhost/127.0.0.1:64412] for POST '/session/5661e7ea2d384062fcc119136800ac73/element'
23:28:12.273 [AsyncHttpClient-1-8] DEBUG org.asynchttpclient.netty.handler.HttpHandler - 

Request DefaultHttpRequest(decodeResult: success, version: HTTP/1.1)
POST /session/5661e7ea2d384062fcc119136800ac73/element HTTP/1.1
User-Agent: selenium/4.1.2 (java windows)
Content-Length: 58
Content-Type: application/json; charset=utf-8
host: localhost:64412
accept: */*

Response DefaultHttpResponse(decodeResult: success, version: HTTP/1.1)
HTTP/1.1 200 OK
Content-Type: application/json; charset=utf-8
cache-control: no-cache
content-length: 88

23:28:12.273 [AsyncHttpClient-1-8] DEBUG org.asynchttpclient.netty.channel.ChannelManager - Adding key: http://localhost:64412 for channel [id: 0xf52b255e, L:/127.0.0.1:53012 - R:localhost/127.0.0.1:64412]
23:28:12.277 [Forwarding isElementDisplayed on session 5661e7ea2d384062fcc119136800ac73 to remote] DEBUG org.asynchttpclient.netty.request.NettyRequestSender - Using pooled Channel '[id: 0xf52b255e, L:/127.0.0.1:53012 - R:localhost/127.0.0.1:64412]' for 'POST' to 'http://localhost:64412/session/5661e7ea2d384062fcc119136800ac73/execute/sync'
23:28:12.277 [Forwarding isElementDisplayed on session 5661e7ea2d384062fcc119136800ac73 to remote] DEBUG org.asynchttpclient.netty.request.NettyRequestSender - Using open Channel [id: 0xf52b255e, L:/127.0.0.1:53012 - R:localhost/127.0.0.1:64412] for POST '/session/5661e7ea2d384062fcc119136800ac73/execute/sync'
23:28:12.294 [AsyncHttpClient-1-8] DEBUG org.asynchttpclient.netty.handler.HttpHandler - 

Request DefaultHttpRequest(decodeResult: success, version: HTTP/1.1)
POST /session/5661e7ea2d384062fcc119136800ac73/execute/sync HTTP/1.1
User-Agent: selenium/4.1.2 (java windows)
Content-Length: 48780
Content-Type: application/json; charset=utf-8
host: localhost:64412
accept: */*

Response DefaultHttpResponse(decodeResult: success, version: HTTP/1.1)
HTTP/1.1 200 OK
Content-Type: application/json; charset=utf-8
cache-control: no-cache
content-length: 14

23:28:12.294 [AsyncHttpClient-1-8] DEBUG org.asynchttpclient.netty.channel.ChannelManager - Adding key: http://localhost:64412 for channel [id: 0xf52b255e, L:/127.0.0.1:53012 - R:localhost/127.0.0.1:64412]
23:28:12.299 [Forwarding screenshot on session 5661e7ea2d384062fcc119136800ac73 to remote] DEBUG org.asynchttpclient.netty.request.NettyRequestSender - Using pooled Channel '[id: 0xf52b255e, L:/127.0.0.1:53012 - R:localhost/127.0.0.1:64412]' for 'GET' to 'http://localhost:64412/session/5661e7ea2d384062fcc119136800ac73/screenshot'
23:28:12.300 [Forwarding screenshot on session 5661e7ea2d384062fcc119136800ac73 to remote] DEBUG org.asynchttpclient.netty.request.NettyRequestSender - Using open Channel [id: 0xf52b255e, L:/127.0.0.1:53012 - R:localhost/127.0.0.1:64412] for GET '/session/5661e7ea2d384062fcc119136800ac73/screenshot'
23:28:12.477 [AsyncHttpClient-1-8] DEBUG org.asynchttpclient.netty.handler.HttpHandler - 

Request DefaultFullHttpRequest(decodeResult: success, version: HTTP/1.1, content: EmptyByteBufBE)
GET /session/5661e7ea2d384062fcc119136800ac73/screenshot HTTP/1.1
User-Agent: selenium/4.1.2 (java windows)
Cache-Control: no-cache
Content-Type: application/json; charset=utf-8
host: localhost:64412
accept: */*

Response DefaultHttpResponse(decodeResult: success, version: HTTP/1.1)
HTTP/1.1 200 OK
Content-Type: application/json; charset=utf-8
cache-control: no-cache
content-length: 173904

23:28:12.478 [AsyncHttpClient-1-8] DEBUG org.asynchttpclient.netty.channel.ChannelManager - Adding key: http://localhost:64412 for channel [id: 0xf52b255e, L:/127.0.0.1:53012 - R:localhost/127.0.0.1:64412]
23:28:12.489 [main] DEBUG net.serenitybdd.core.photography.Darkroom - Send negative for processing for target\site\serenity\86d603ba77c2233617750ecd55a1a8aca55ad75a1138d771e3988a71acdc7f41.png
23:28:12.491 [Darkroom Processing Line] DEBUG net.serenitybdd.core.photography.DarkroomProcessingLine - Processing screenshot image in /var/screenshots/screenshot-3986856024233844639
23:28:12.491 [Darkroom Processing Line] DEBUG net.serenitybdd.core.photography.DarkroomProcessingLine - Saving screenshot to target\site\serenity\86d603ba77c2233617750ecd55a1a8aca55ad75a1138d771e3988a71acdc7f41.png
23:28:12.491 [main] DEBUG net.thucydides.core.steps.StepInterceptor - STEP DONE: validationHomePage
  &amp#27;[32mGiven &amp#27;[0m&amp#27;[32mi am on the home page&amp#27;[0m                                                  &amp#27;[90m# starter.stepdefenitions.BookstoreSteps.onBookstorePage()&amp#27;[0m
23:28:12.511 [AsyncHttpClient-1-1] DEBUG org.asynchttpclient.netty.channel.DefaultChannelPool - Entry count for : http://localhost:53013 : 1
23:28:12.511 [AsyncHttpClient-1-1] DEBUG org.asynchttpclient.netty.channel.DefaultChannelPool - Entry count for : http://localhost:64412 : 1
23:28:12.512 [main] DEBUG net.thucydides.core.steps.StepInterceptor - STARTING STEP: BookstoreSteps.clickFeatureBookstore - clickFeatureBookstore
23:28:12.515 [Forwarding findElement on session 5661e7ea2d384062fcc119136800ac73 to remote] DEBUG org.asynchttpclient.netty.request.NettyRequestSender - Using pooled Channel '[id: 0xf52b255e, L:/127.0.0.1:53012 - R:localhost/127.0.0.1:64412]' for 'POST' to 'http://localhost:64412/session/5661e7ea2d384062fcc119136800ac73/element'
23:28:12.515 [Forwarding findElement on session 5661e7ea2d384062fcc119136800ac73 to remote] DEBUG org.asynchttpclient.netty.request.NettyRequestSender - Using open Channel [id: 0xf52b255e, L:/127.0.0.1:53012 - R:localhost/127.0.0.1:64412] for POST '/session/5661e7ea2d384062fcc119136800ac73/element'
23:28:12.533 [AsyncHttpClient-1-8] DEBUG org.asynchttpclient.netty.handler.HttpHandler - 

Request DefaultHttpRequest(decodeResult: success, version: HTTP/1.1)
POST /session/5661e7ea2d384062fcc119136800ac73/element HTTP/1.1
User-Agent: selenium/4.1.2 (java windows)
Content-Length: 86
Content-Type: application/json; charset=utf-8
host: localhost:64412
accept: */*

Response DefaultHttpResponse(decodeResult: success, version: HTTP/1.1)
HTTP/1.1 200 OK
Content-Type: application/json; charset=utf-8
cache-control: no-cache
content-length: 88

23:28:12.533 [AsyncHttpClient-1-8] DEBUG org.asynchttpclient.netty.channel.ChannelManager - Adding key: http://localhost:64412 for channel [id: 0xf52b255e, L:/127.0.0.1:53012 - R:localhost/127.0.0.1:64412]
23:28:12.535 [Forwarding getElementTagName on session 5661e7ea2d384062fcc119136800ac73 to remote] DEBUG org.asynchttpclient.netty.request.NettyRequestSender - Using pooled Channel '[id: 0xf52b255e, L:/127.0.0.1:53012 - R:localhost/127.0.0.1:64412]' for 'GET' to 'http://localhost:64412/session/5661e7ea2d384062fcc119136800ac73/element/52b12f6c-166b-42b8-b112-542a3391d550/name'
23:28:12.535 [Forwarding getElementTagName on session 5661e7ea2d384062fcc119136800ac73 to remote] DEBUG org.asynchttpclient.netty.request.NettyRequestSender - Using open Channel [id: 0xf52b255e, L:/127.0.0.1:53012 - R:localhost/127.0.0.1:64412] for GET '/session/5661e7ea2d384062fcc119136800ac73/element/52b12f6c-166b-42b8-b112-542a3391d550/name'
23:28:12.541 [AsyncHttpClient-1-8] DEBUG org.asynchttpclient.netty.handler.HttpHandler - 

Request DefaultFullHttpRequest(decodeResult: success, version: HTTP/1.1, content: EmptyByteBufBE)
GET /session/5661e7ea2d384062fcc119136800ac73/element/52b12f6c-166b-42b8-b112-542a3391d550/name HTTP/1.1
User-Agent: selenium/4.1.2 (java windows)
Cache-Control: no-cache
Content-Type: application/json; charset=utf-8
host: localhost:64412
accept: */*

Response DefaultHttpResponse(decodeResult: success, version: HTTP/1.1)
HTTP/1.1 200 OK
Content-Type: application/json; charset=utf-8
cache-control: no-cache
content-length: 15

23:28:12.541 [AsyncHttpClient-1-8] DEBUG org.asynchttpclient.netty.channel.ChannelManager - Adding key: http://localhost:64412 for channel [id: 0xf52b255e, L:/127.0.0.1:53012 - R:localhost/127.0.0.1:64412]
23:28:12.543 [Forwarding getElementTagName on session 5661e7ea2d384062fcc119136800ac73 to remote] DEBUG org.asynchttpclient.netty.request.NettyRequestSender - Using pooled Channel '[id: 0xf52b255e, L:/127.0.0.1:53012 - R:localhost/127.0.0.1:64412]' for 'GET' to 'http://localhost:64412/session/5661e7ea2d384062fcc119136800ac73/element/52b12f6c-166b-42b8-b112-542a3391d550/name'
23:28:12.543 [Forwarding getElementTagName on session 5661e7ea2d384062fcc119136800ac73 to remote] DEBUG org.asynchttpclient.netty.request.NettyRequestSender - Using open Channel [id: 0xf52b255e, L:/127.0.0.1:53012 - R:localhost/127.0.0.1:64412] for GET '/session/5661e7ea2d384062fcc119136800ac73/element/52b12f6c-166b-42b8-b112-542a3391d550/name'
23:28:12.554 [AsyncHttpClient-1-8] DEBUG org.asynchttpclient.netty.handler.HttpHandler - 

Request DefaultFullHttpRequest(decodeResult: success, version: HTTP/1.1, content: EmptyByteBufBE)
GET /session/5661e7ea2d384062fcc119136800ac73/element/52b12f6c-166b-42b8-b112-542a3391d550/name HTTP/1.1
User-Agent: selenium/4.1.2 (java windows)
Cache-Control: no-cache
Content-Type: application/json; charset=utf-8
host: localhost:64412
accept: */*

Response DefaultHttpResponse(decodeResult: success, version: HTTP/1.1)
HTTP/1.1 200 OK
Content-Type: application/json; charset=utf-8
cache-control: no-cache
content-length: 15

23:28:12.555 [AsyncHttpClient-1-8] DEBUG org.asynchttpclient.netty.channel.ChannelManager - Adding key: http://localhost:64412 for channel [id: 0xf52b255e, L:/127.0.0.1:53012 - R:localhost/127.0.0.1:64412]
23:28:12.559 [Forwarding findElement on session 5661e7ea2d384062fcc119136800ac73 to remote] DEBUG org.asynchttpclient.netty.request.NettyRequestSender - Using pooled Channel '[id: 0xf52b255e, L:/127.0.0.1:53012 - R:localhost/127.0.0.1:64412]' for 'POST' to 'http://localhost:64412/session/5661e7ea2d384062fcc119136800ac73/element'
23:28:12.559 [Forwarding findElement on session 5661e7ea2d384062fcc119136800ac73 to remote] DEBUG org.asynchttpclient.netty.request.NettyRequestSender - Using open Channel [id: 0xf52b255e, L:/127.0.0.1:53012 - R:localhost/127.0.0.1:64412] for POST '/session/5661e7ea2d384062fcc119136800ac73/element'
23:28:12.569 [AsyncHttpClient-1-8] DEBUG org.asynchttpclient.netty.handler.HttpHandler - 

Request DefaultHttpRequest(decodeResult: success, version: HTTP/1.1)
POST /session/5661e7ea2d384062fcc119136800ac73/element HTTP/1.1
User-Agent: selenium/4.1.2 (java windows)
Content-Length: 86
Content-Type: application/json; charset=utf-8
host: localhost:64412
accept: */*

Response DefaultHttpResponse(decodeResult: success, version: HTTP/1.1)
HTTP/1.1 200 OK
Content-Type: application/json; charset=utf-8
cache-control: no-cache
content-length: 88

23:28:12.569 [AsyncHttpClient-1-8] DEBUG org.asynchttpclient.netty.channel.ChannelManager - Adding key: http://localhost:64412 for channel [id: 0xf52b255e, L:/127.0.0.1:53012 - R:localhost/127.0.0.1:64412]
23:28:12.573 [Forwarding clickElement on session 5661e7ea2d384062fcc119136800ac73 to remote] DEBUG org.asynchttpclient.netty.request.NettyRequestSender - Using pooled Channel '[id: 0xf52b255e, L:/127.0.0.1:53012 - R:localhost/127.0.0.1:64412]' for 'POST' to 'http://localhost:64412/session/5661e7ea2d384062fcc119136800ac73/element/52b12f6c-166b-42b8-b112-542a3391d550/click'
23:28:12.573 [Forwarding clickElement on session 5661e7ea2d384062fcc119136800ac73 to remote] DEBUG org.asynchttpclient.netty.request.NettyRequestSender - Using open Channel [id: 0xf52b255e, L:/127.0.0.1:53012 - R:localhost/127.0.0.1:64412] for POST '/session/5661e7ea2d384062fcc119136800ac73/element/52b12f6c-166b-42b8-b112-542a3391d550/click'
23:28:12.778 [AsyncHttpClient-1-8] DEBUG org.asynchttpclient.netty.handler.HttpHandler - 

Request DefaultHttpRequest(decodeResult: success, version: HTTP/1.1)
POST /session/5661e7ea2d384062fcc119136800ac73/element/52b12f6c-166b-42b8-b112-542a3391d550/click HTTP/1.1
User-Agent: selenium/4.1.2 (java windows)
Content-Length: 50
Content-Type: application/json; charset=utf-8
host: localhost:64412
accept: */*

Response DefaultHttpResponse(decodeResult: success, version: HTTP/1.1)
HTTP/1.1 200 OK
Content-Type: application/json; charset=utf-8
cache-control: no-cache
content-length: 14

23:28:12.778 [AsyncHttpClient-1-8] DEBUG org.asynchttpclient.netty.channel.ChannelManager - Adding key: http://localhost:64412 for channel [id: 0xf52b255e, L:/127.0.0.1:53012 - R:localhost/127.0.0.1:64412]
23:28:12.796 [Forwarding screenshot on session 5661e7ea2d384062fcc119136800ac73 to remote] DEBUG org.asynchttpclient.netty.request.NettyRequestSender - Using pooled Channel '[id: 0xf52b255e, L:/127.0.0.1:53012 - R:localhost/127.0.0.1:64412]' for 'GET' to 'http://localhost:64412/session/5661e7ea2d384062fcc119136800ac73/screenshot'
23:28:12.796 [Forwarding screenshot on session 5661e7ea2d384062fcc119136800ac73 to remote] DEBUG org.asynchttpclient.netty.request.NettyRequestSender - Using open Channel [id: 0xf52b255e, L:/127.0.0.1:53012 - R:localhost/127.0.0.1:64412] for GET '/session/5661e7ea2d384062fcc119136800ac73/screenshot'
23:28:13.143 [AsyncHttpClient-1-8] DEBUG org.asynchttpclient.netty.handler.HttpHandler - 

Request DefaultFullHttpRequest(decodeResult: success, version: HTTP/1.1, content: EmptyByteBufBE)
GET /session/5661e7ea2d384062fcc119136800ac73/screenshot HTTP/1.1
User-Agent: selenium/4.1.2 (java windows)
Cache-Control: no-cache
Content-Type: application/json; charset=utf-8
host: localhost:64412
accept: */*

Response DefaultHttpResponse(decodeResult: success, version: HTTP/1.1)
HTTP/1.1 200 OK
Content-Type: application/json; charset=utf-8
cache-control: no-cache
content-length: 87144

23:28:13.144 [AsyncHttpClient-1-8] DEBUG org.asynchttpclient.netty.channel.ChannelManager - Adding key: http://localhost:64412 for channel [id: 0xf52b255e, L:/127.0.0.1:53012 - R:localhost/127.0.0.1:64412]
23:28:13.158 [main] DEBUG net.serenitybdd.core.photography.Darkroom - Send negative for processing for target\site\serenity\40dc69e0ed89cce84edb13d1fb8e5fe69ced037f134457a9399b44f9baa1e722.png
23:28:13.158 [main] DEBUG net.thucydides.core.steps.StepInterceptor - STEP DONE: clickFeatureBookstore
23:28:13.158 [Darkroom Processing Line] DEBUG net.serenitybdd.core.photography.DarkroomProcessingLine - Processing screenshot image in /var/screenshots/screenshot-6918678599625625789
23:28:13.159 [Darkroom Processing Line] DEBUG net.serenitybdd.core.photography.DarkroomProcessingLine - Saving screenshot to target\site\serenity\40dc69e0ed89cce84edb13d1fb8e5fe69ced037f134457a9399b44f9baa1e722.png
  &amp#27;[32mWhen &amp#27;[0m&amp#27;[32mi click feature bookstore&amp#27;[0m                                               &amp#27;[90m# starter.stepdefenitions.BookstoreSteps.clickFeatureBookstore()&amp#27;[0m
23:28:13.195 [main] DEBUG net.thucydides.core.steps.StepInterceptor - STARTING STEP: BookstoreSteps.inputValidKeyword - inputValidKeyword
23:28:13.203 [Forwarding findElement on session 5661e7ea2d384062fcc119136800ac73 to remote] DEBUG org.asynchttpclient.netty.request.NettyRequestSender - Using pooled Channel '[id: 0xf52b255e, L:/127.0.0.1:53012 - R:localhost/127.0.0.1:64412]' for 'POST' to 'http://localhost:64412/session/5661e7ea2d384062fcc119136800ac73/element'
23:28:13.203 [Forwarding findElement on session 5661e7ea2d384062fcc119136800ac73 to remote] DEBUG org.asynchttpclient.netty.request.NettyRequestSender - Using open Channel [id: 0xf52b255e, L:/127.0.0.1:53012 - R:localhost/127.0.0.1:64412] for POST '/session/5661e7ea2d384062fcc119136800ac73/element'
23:28:13.221 [AsyncHttpClient-1-8] DEBUG org.asynchttpclient.netty.handler.HttpHandler - 

Request DefaultHttpRequest(decodeResult: success, version: HTTP/1.1)
POST /session/5661e7ea2d384062fcc119136800ac73/element HTTP/1.1
User-Agent: selenium/4.1.2 (java windows)
Content-Length: 79
Content-Type: application/json; charset=utf-8
host: localhost:64412
accept: */*

Response DefaultHttpResponse(decodeResult: success, version: HTTP/1.1)
HTTP/1.1 200 OK
Content-Type: application/json; charset=utf-8
cache-control: no-cache
content-length: 88

23:28:13.221 [AsyncHttpClient-1-8] DEBUG org.asynchttpclient.netty.channel.ChannelManager - Adding key: http://localhost:64412 for channel [id: 0xf52b255e, L:/127.0.0.1:53012 - R:localhost/127.0.0.1:64412]
23:28:13.223 [Forwarding clearElement on session 5661e7ea2d384062fcc119136800ac73 to remote] DEBUG org.asynchttpclient.netty.request.NettyRequestSender - Using pooled Channel '[id: 0xf52b255e, L:/127.0.0.1:53012 - R:localhost/127.0.0.1:64412]' for 'POST' to 'http://localhost:64412/session/5661e7ea2d384062fcc119136800ac73/element/b94d0480-0468-4971-adab-7eebf15f5e2a/clear'
23:28:13.224 [Forwarding clearElement on session 5661e7ea2d384062fcc119136800ac73 to remote] DEBUG org.asynchttpclient.netty.request.NettyRequestSender - Using open Channel [id: 0xf52b255e, L:/127.0.0.1:53012 - R:localhost/127.0.0.1:64412] for POST '/session/5661e7ea2d384062fcc119136800ac73/element/b94d0480-0468-4971-adab-7eebf15f5e2a/clear'
23:28:13.268 [AsyncHttpClient-1-8] DEBUG org.asynchttpclient.netty.handler.HttpHandler - 

Request DefaultHttpRequest(decodeResult: success, version: HTTP/1.1)
POST /session/5661e7ea2d384062fcc119136800ac73/element/b94d0480-0468-4971-adab-7eebf15f5e2a/clear HTTP/1.1
User-Agent: selenium/4.1.2 (java windows)
Content-Length: 50
Content-Type: application/json; charset=utf-8
host: localhost:64412
accept: */*

Response DefaultHttpResponse(decodeResult: success, version: HTTP/1.1)
HTTP/1.1 200 OK
Content-Type: application/json; charset=utf-8
cache-control: no-cache
content-length: 14

23:28:13.268 [AsyncHttpClient-1-8] DEBUG org.asynchttpclient.netty.channel.ChannelManager - Adding key: http://localhost:64412 for channel [id: 0xf52b255e, L:/127.0.0.1:53012 - R:localhost/127.0.0.1:64412]
23:28:13.272 [Forwarding sendKeysToElement on session 5661e7ea2d384062fcc119136800ac73 to remote] DEBUG org.asynchttpclient.netty.request.NettyRequestSender - Using pooled Channel '[id: 0xf52b255e, L:/127.0.0.1:53012 - R:localhost/127.0.0.1:64412]' for 'POST' to 'http://localhost:64412/session/5661e7ea2d384062fcc119136800ac73/element/b94d0480-0468-4971-adab-7eebf15f5e2a/value'
23:28:13.272 [Forwarding sendKeysToElement on session 5661e7ea2d384062fcc119136800ac73 to remote] DEBUG org.asynchttpclient.netty.request.NettyRequestSender - Using open Channel [id: 0xf52b255e, L:/127.0.0.1:53012 - R:localhost/127.0.0.1:64412] for POST '/session/5661e7ea2d384062fcc119136800ac73/element/b94d0480-0468-4971-adab-7eebf15f5e2a/value'
23:28:13.521 [AsyncHttpClient-1-8] DEBUG org.asynchttpclient.netty.handler.HttpHandler - 

Request DefaultHttpRequest(decodeResult: success, version: HTTP/1.1)
POST /session/5661e7ea2d384062fcc119136800ac73/element/b94d0480-0468-4971-adab-7eebf15f5e2a/value HTTP/1.1
User-Agent: selenium/4.1.2 (java windows)
Content-Length: 161
Content-Type: application/json; charset=utf-8
host: localhost:64412
accept: */*

Response DefaultHttpResponse(decodeResult: success, version: HTTP/1.1)
HTTP/1.1 200 OK
Content-Type: application/json; charset=utf-8
cache-control: no-cache
content-length: 14

23:28:13.521 [AsyncHttpClient-1-8] DEBUG org.asynchttpclient.netty.channel.ChannelManager - Adding key: http://localhost:64412 for channel [id: 0xf52b255e, L:/127.0.0.1:53012 - R:localhost/127.0.0.1:64412]
23:28:13.528 [Forwarding screenshot on session 5661e7ea2d384062fcc119136800ac73 to remote] DEBUG org.asynchttpclient.netty.request.NettyRequestSender - Using pooled Channel '[id: 0xf52b255e, L:/127.0.0.1:53012 - R:localhost/127.0.0.1:64412]' for 'GET' to 'http://localhost:64412/session/5661e7ea2d384062fcc119136800ac73/screenshot'
23:28:13.528 [Forwarding screenshot on session 5661e7ea2d384062fcc119136800ac73 to remote] DEBUG org.asynchttpclient.netty.request.NettyRequestSender - Using open Channel [id: 0xf52b255e, L:/127.0.0.1:53012 - R:localhost/127.0.0.1:64412] for GET '/session/5661e7ea2d384062fcc119136800ac73/screenshot'
23:28:13.616 [AsyncHttpClient-1-1] DEBUG org.asynchttpclient.netty.channel.DefaultChannelPool - Entry count for : http://localhost:53013 : 1
23:28:13.670 [AsyncHttpClient-1-8] DEBUG org.asynchttpclient.netty.handler.HttpHandler - 

Request DefaultFullHttpRequest(decodeResult: success, version: HTTP/1.1, content: EmptyByteBufBE)
GET /session/5661e7ea2d384062fcc119136800ac73/screenshot HTTP/1.1
User-Agent: selenium/4.1.2 (java windows)
Cache-Control: no-cache
Content-Type: application/json; charset=utf-8
host: localhost:64412
accept: */*

Response DefaultHttpResponse(decodeResult: success, version: HTTP/1.1)
HTTP/1.1 200 OK
Content-Type: application/json; charset=utf-8
cache-control: no-cache
content-length: 182184

23:28:13.672 [AsyncHttpClient-1-8] DEBUG org.asynchttpclient.netty.channel.ChannelManager - Adding key: http://localhost:64412 for channel [id: 0xf52b255e, L:/127.0.0.1:53012 - R:localhost/127.0.0.1:64412]
23:28:13.683 [main] DEBUG net.serenitybdd.core.photography.Darkroom - Send negative for processing for target\site\serenity\8440e80fcfc8b4d8a10f87b60a5e17fedbc1be3d829ab40f7e11a3efd301f242.png
23:28:13.683 [main] DEBUG net.thucydides.core.steps.StepInterceptor - STEP DONE: inputValidKeyword
  &amp#27;[32mWhen &amp#27;[0m&amp#27;[32mi input valid keyword&amp#27;[0m                                                   &amp#27;[90m# starter.stepdefenitions.BookstoreSteps.inputValidKeyword()&amp#27;[0m
23:28:13.683 [Darkroom Processing Line] DEBUG net.serenitybdd.core.photography.DarkroomProcessingLine - Processing screenshot image in /var/screenshots/screenshot-8140229910192422492
23:28:13.683 [Darkroom Processing Line] DEBUG net.serenitybdd.core.photography.DarkroomProcessingLine - Saving screenshot to target\site\serenity\8440e80fcfc8b4d8a10f87b60a5e17fedbc1be3d829ab40f7e11a3efd301f242.png
23:28:13.705 [main] DEBUG net.thucydides.core.steps.StepInterceptor - STARTING STEP: BookstoreSteps.seeBook - validationKeyword
23:28:13.709 [Forwarding findElement on session 5661e7ea2d384062fcc119136800ac73 to remote] DEBUG org.asynchttpclient.netty.request.NettyRequestSender - Using pooled Channel '[id: 0xf52b255e, L:/127.0.0.1:53012 - R:localhost/127.0.0.1:64412]' for 'POST' to 'http://localhost:64412/session/5661e7ea2d384062fcc119136800ac73/element'
23:28:13.709 [Forwarding findElement on session 5661e7ea2d384062fcc119136800ac73 to remote] DEBUG org.asynchttpclient.netty.request.NettyRequestSender - Using open Channel [id: 0xf52b255e, L:/127.0.0.1:53012 - R:localhost/127.0.0.1:64412] for POST '/session/5661e7ea2d384062fcc119136800ac73/element'
23:28:13.717 [AsyncHttpClient-1-8] DEBUG org.asynchttpclient.netty.handler.HttpHandler - 

Request DefaultHttpRequest(decodeResult: success, version: HTTP/1.1)
POST /session/5661e7ea2d384062fcc119136800ac73/element HTTP/1.1
User-Agent: selenium/4.1.2 (java windows)
Content-Length: 79
Content-Type: application/json; charset=utf-8
host: localhost:64412
accept: */*

Response DefaultHttpResponse(decodeResult: success, version: HTTP/1.1)
HTTP/1.1 200 OK
Content-Type: application/json; charset=utf-8
cache-control: no-cache
content-length: 88

23:28:13.718 [AsyncHttpClient-1-8] DEBUG org.asynchttpclient.netty.channel.ChannelManager - Adding key: http://localhost:64412 for channel [id: 0xf52b255e, L:/127.0.0.1:53012 - R:localhost/127.0.0.1:64412]
23:28:13.723 [Forwarding isElementDisplayed on session 5661e7ea2d384062fcc119136800ac73 to remote] DEBUG org.asynchttpclient.netty.request.NettyRequestSender - Using pooled Channel '[id: 0xf52b255e, L:/127.0.0.1:53012 - R:localhost/127.0.0.1:64412]' for 'POST' to 'http://localhost:64412/session/5661e7ea2d384062fcc119136800ac73/execute/sync'
23:28:13.724 [Forwarding isElementDisplayed on session 5661e7ea2d384062fcc119136800ac73 to remote] DEBUG org.asynchttpclient.netty.request.NettyRequestSender - Using open Channel [id: 0xf52b255e, L:/127.0.0.1:53012 - R:localhost/127.0.0.1:64412] for POST '/session/5661e7ea2d384062fcc119136800ac73/execute/sync'
23:28:13.746 [AsyncHttpClient-1-8] DEBUG org.asynchttpclient.netty.handler.HttpHandler - 

Request DefaultHttpRequest(decodeResult: success, version: HTTP/1.1)
POST /session/5661e7ea2d384062fcc119136800ac73/execute/sync HTTP/1.1
User-Agent: selenium/4.1.2 (java windows)
Content-Length: 48780
Content-Type: application/json; charset=utf-8
host: localhost:64412
accept: */*

Response DefaultHttpResponse(decodeResult: success, version: HTTP/1.1)
HTTP/1.1 200 OK
Content-Type: application/json; charset=utf-8
cache-control: no-cache
content-length: 14

23:28:13.746 [AsyncHttpClient-1-8] DEBUG org.asynchttpclient.netty.channel.ChannelManager - Adding key: http://localhost:64412 for channel [id: 0xf52b255e, L:/127.0.0.1:53012 - R:localhost/127.0.0.1:64412]
23:28:13.753 [Forwarding screenshot on session 5661e7ea2d384062fcc119136800ac73 to remote] DEBUG org.asynchttpclient.netty.request.NettyRequestSender - Using pooled Channel '[id: 0xf52b255e, L:/127.0.0.1:53012 - R:localhost/127.0.0.1:64412]' for 'GET' to 'http://localhost:64412/session/5661e7ea2d384062fcc119136800ac73/screenshot'
23:28:13.753 [Forwarding screenshot on session 5661e7ea2d384062fcc119136800ac73 to remote] DEBUG org.asynchttpclient.netty.request.NettyRequestSender - Using open Channel [id: 0xf52b255e, L:/127.0.0.1:53012 - R:localhost/127.0.0.1:64412] for GET '/session/5661e7ea2d384062fcc119136800ac73/screenshot'
23:28:13.945 [AsyncHttpClient-1-8] DEBUG org.asynchttpclient.netty.handler.HttpHandler - 

Request DefaultFullHttpRequest(decodeResult: success, version: HTTP/1.1, content: EmptyByteBufBE)
GET /session/5661e7ea2d384062fcc119136800ac73/screenshot HTTP/1.1
User-Agent: selenium/4.1.2 (java windows)
Cache-Control: no-cache
Content-Type: application/json; charset=utf-8
host: localhost:64412
accept: */*

Response DefaultHttpResponse(decodeResult: success, version: HTTP/1.1)
HTTP/1.1 200 OK
Content-Type: application/json; charset=utf-8
cache-control: no-cache
content-length: 182184

23:28:13.946 [AsyncHttpClient-1-8] DEBUG org.asynchttpclient.netty.channel.ChannelManager - Adding key: http://localhost:64412 for channel [id: 0xf52b255e, L:/127.0.0.1:53012 - R:localhost/127.0.0.1:64412]
23:28:13.955 [main] DEBUG net.serenitybdd.core.photography.Darkroom - Send negative for processing for target\site\serenity\8440e80fcfc8b4d8a10f87b60a5e17fedbc1be3d829ab40f7e11a3efd301f242.png
23:28:13.955 [main] DEBUG net.thucydides.core.steps.StepInterceptor - STEP DONE: validationKeyword
  &amp#27;[32mThen &amp#27;[0m&amp#27;[32mi can see book with valid keyword&amp#27;[0m                                       &amp#27;[90m# starter.stepdefenitions.BookstoreSteps.seeBook()&amp#27;[0m
23:28:13.961 [main] INFO  - 
  _____   ___   ___   _____     ___     _     ___   ___   ___   ___  
 |_   _| | __| / __| |_   _|   | _ \   /_\   / __| / __| | __| |   \ 
   | |   | _|  \__ \   | |     |  _/  / _ \  \__ \ \__ \ | _|  | |) |
   |_|   |___| |___/   |_|     |_|   /_/ \_\ |___/ |___/ |___| |___/ 

As user i have be able to success to search book with search feature
----------------------------------------------------------------------
23:28:13.962 [AsyncHttpClient-1-2] DEBUG org.asynchttpclient.netty.handler.WebSocketHandler - Channel Closed: [id: 0x8ca01819, L:/127.0.0.1:53021 ! R:localhost/127.0.0.1:53013] with attribute NettyResponseFuture{currentRetry=5,
	isDone=1,
	isCancelled=0,
	asyncHandler=org.asynchttpclient.ws.WebSocketUpgradeHandler@4e81f32f,
	nettyRequest=org.asynchttpclient.netty.request.NettyRequest@4d814d71,
	future=java.util.concurrent.CompletableFuture@3a984504[Completed normally],
	uri=ws://localhost:53013/devtools/browser/c32f28d0-1d8c-4cc0-86d6-f8a5a9768cf9,
	keepAlive=true,
	redirectCount=0,
	timeoutsHolder=null,
	inAuth=0,
	touch=1649608076761}
23:28:13.962 [AsyncHttpClient-1-2] DEBUG org.asynchttpclient.netty.channel.ChannelManager - Closing Channel [id: 0x8ca01819, L:/127.0.0.1:53021 ! R:localhost/127.0.0.1:53013] 
23:28:13.963 [Driver Command Executor] DEBUG org.asynchttpclient.netty.request.NettyRequestSender - Using pooled Channel '[id: 0xf52b255e, L:/127.0.0.1:53012 - R:localhost/127.0.0.1:64412]' for 'DELETE' to 'http://localhost:64412/session/5661e7ea2d384062fcc119136800ac73'
23:28:13.963 [Driver Command Executor] DEBUG org.asynchttpclient.netty.request.NettyRequestSender - Using open Channel [id: 0xf52b255e, L:/127.0.0.1:53012 - R:localhost/127.0.0.1:64412] for DELETE '/session/5661e7ea2d384062fcc119136800ac73'
23:28:14.111 [AsyncHttpClient-1-9] DEBUG org.asynchttpclient.netty.handler.HttpHandler - Unexpected I/O exception on channel [id: 0x078e63df, L:/127.0.0.1:53020 - R:localhost/127.0.0.1:53013]
java.io.IOException: An existing connection was forcibly closed by the remote host
	at sun.nio.ch.SocketDispatcher.read0(Native Method)
	at sun.nio.ch.SocketDispatcher.read(SocketDispatcher.java:43)
	at sun.nio.ch.IOUtil.readIntoNativeBuffer(IOUtil.java:223)
	at sun.nio.ch.IOUtil.read(IOUtil.java:192)
	at sun.nio.ch.SocketChannelImpl.read(SocketChannelImpl.java:378)
	at io.netty.buffer.PooledByteBuf.setBytes(PooledByteBuf.java:258)
	at io.netty.buffer.AbstractByteBuf.writeBytes(AbstractByteBuf.java:1132)
	at io.netty.channel.socket.nio.NioSocketChannel.doReadBytes(NioSocketChannel.java:350)
	at io.netty.channel.nio.AbstractNioByteChannel$NioByteUnsafe.read(AbstractNioByteChannel.java:151)
	at io.netty.channel.nio.NioEventLoop.processSelectedKey(NioEventLoop.java:722)
	at io.netty.channel.nio.NioEventLoop.processSelectedKeysOptimized(NioEventLoop.java:658)
	at io.netty.channel.nio.NioEventLoop.processSelectedKeys(NioEventLoop.java:584)
	at io.netty.channel.nio.NioEventLoop.run(NioEventLoop.java:496)
	at io.netty.util.concurrent.SingleThreadEventExecutor$4.run(SingleThreadEventExecutor.java:986)
	at io.netty.util.internal.ThreadExecutorMap$2.run(ThreadExecutorMap.java:74)
	at io.netty.util.concurrent.FastThreadLocalRunnable.run(FastThreadLocalRunnable.java:30)
	at java.lang.Thread.run(Thread.java:750)
23:28:14.111 [AsyncHttpClient-1-9] DEBUG org.asynchttpclient.netty.channel.ChannelManager - Closing Channel [id: 0x078e63df, L:/127.0.0.1:53020 - R:localhost/127.0.0.1:53013] 
23:28:14.111 [AsyncHttpClient-1-9] DEBUG org.asynchttpclient.netty.handler.HttpHandler - Channel Closed: [id: 0x078e63df, L:/127.0.0.1:53020 ! R:localhost/127.0.0.1:53013] with attribute DISCARD
23:28:14.245 [AsyncHttpClient-1-8] DEBUG org.asynchttpclient.netty.handler.HttpHandler - 

Request DefaultFullHttpRequest(decodeResult: success, version: HTTP/1.1, content: EmptyByteBufBE)
DELETE /session/5661e7ea2d384062fcc119136800ac73 HTTP/1.1
User-Agent: selenium/4.1.2 (java windows)
Content-Type: application/json; charset=utf-8
host: localhost:64412
accept: */*

Response DefaultHttpResponse(decodeResult: success, version: HTTP/1.1)
HTTP/1.1 200 OK
Content-Type: application/json; charset=utf-8
cache-control: no-cache
content-length: 14

23:28:14.246 [AsyncHttpClient-1-8] DEBUG org.asynchttpclient.netty.channel.ChannelManager - Adding key: http://localhost:64412 for channel [id: 0xf52b255e, L:/127.0.0.1:53012 - R:localhost/127.0.0.1:64412]
23:28:14.340 [AsyncHttpClient-1-8] DEBUG org.asynchttpclient.netty.handler.HttpHandler - Channel Closed: [id: 0xf52b255e, L:/127.0.0.1:53012 ! R:localhost/127.0.0.1:64412] with attribute DISCARD
23:28:14.711 [AsyncHttpClient-1-1] DEBUG org.asynchttpclient.netty.channel.DefaultChannelPool - Entry count for : http://localhost:53013 : 1
23:28:14.711 [AsyncHttpClient-1-1] DEBUG org.asynchttpclient.netty.channel.DefaultChannelPool - Entry count for : http://localhost:64412 : 1
23:28:14.711 [AsyncHttpClient-1-1] DEBUG org.asynchttpclient.netty.channel.DefaultChannelPool - Adding Candidate expired Channel [id: 0x078e63df, L:/127.0.0.1:53020 ! R:localhost/127.0.0.1:53013] isIdleTimeoutExpired=false isRemotelyClosed=true isTtlExpired=false
23:28:14.711 [AsyncHttpClient-1-1] DEBUG org.asynchttpclient.netty.channel.DefaultChannelPool - Closing Idle Channel [id: 0x078e63df, L:/127.0.0.1:53020 ! R:localhost/127.0.0.1:53013]
23:28:14.711 [AsyncHttpClient-1-1] DEBUG org.asynchttpclient.netty.channel.DefaultChannelPool - Adding Candidate expired Channel [id: 0xf52b255e, L:/127.0.0.1:53012 ! R:localhost/127.0.0.1:64412] isIdleTimeoutExpired=false isRemotelyClosed=true isTtlExpired=false
23:28:14.711 [AsyncHttpClient-1-1] DEBUG org.asynchttpclient.netty.channel.DefaultChannelPool - Closing Idle Channel [id: 0xf52b255e, L:/127.0.0.1:53012 ! R:localhost/127.0.0.1:64412]
23:28:14.712 [AsyncHttpClient-1-1] DEBUG org.asynchttpclient.netty.channel.DefaultChannelPool - Closed 2 connections out of 2 in 1 ms
]]></system-out>
    <system-err><![CDATA[Starting ChromeDriver 100.0.4896.60 (6a5d10861ce8de5fce22564658033b43cb7de047-refs/branch-heads/4896@{#875}) on port 64412
Only local connections are allowed.
Please see https://chromedriver.chromium.org/security-considerations for suggestions on keeping ChromeDriver safe.
ChromeDriver was started successfully.
Apr 10, 2022 11:27:56 PM org.openqa.selenium.remote.ProtocolHandshake createSession
INFO: Detected dialect: W3C
Apr 10, 2022 11:27:56 PM org.openqa.selenium.devtools.CdpVersionFinder findNearestMatch
WARNING: Unable to find an exact match for CDP version 100, so returning the closest version found: 97
Apr 10, 2022 11:27:56 PM org.openqa.selenium.devtools.CdpVersionFinder findNearestMatch
INFO: Found CDP implementation for version 100 of 97
]]></system-err>
  </testcase>
  <testcase name="As user i have be able to success login" classname="As user I want see home page So that i can buy books" time="28.006">
    <system-out><![CDATA[23:28:14.888 [main] INFO io.cucumber.core.plugin.SerenityReporter - Running feature from file:///D:/kampus%20merdeka/Intelij/web/src/test/resources/features/Login.feature
23:28:14.899 [main] DEBUG net.thucydides.core.steps.StepEventBus - Test suite started for story net.thucydides.core.model.Story@219ce80
23:28:14.900 [main] INFO  - Test Suite Started: As user I want see home page So that i can buy books

@login
Scenario: As user i have be able to success login &amp#27;[90m# src/test/resources/features/Login.feature:9&amp#27;[0m
23:28:14.935 [main] INFO io.cucumber.core.plugin.SerenityReporter - Running feature from file:///D:/kampus%20merdeka/Intelij/web/src/test/resources/features/Login.feature
23:28:14.937 [main] INFO  - 
  _____   ___   ___   _____     ___   _____     _     ___   _____   ___   ___  
 |_   _| | __| / __| |_   _|   / __| |_   _|   /_\   | _ \ |_   _| | __| |   \ 
   | |   | _|  \__ \   | |     \__ \   | |    / _ \  |   /   | |   | _|  | |) |
   |_|   |___| |___/   |_|     |___/   |_|   /_/ \_\ |_|_\   |_|   |___| |___/ 

As user i have be able to success login(as-user-i-want-see-home-page-so-that-i-can-buy-books;as-user-i-have-be-able-to-success-login)
--------------------------------------------------------------------------------
23:28:14.964 [main] DEBUG net.thucydides.core.steps.StepInterceptor - STARTING STEP: BookstoreSteps.onBookstorePage - openPage
23:28:14.966 [main] INFO net.serenitybdd.core.webdriver.driverproviders.ChromeDriverProvider - Using automatically driver download
23:28:15.130 [main] DEBUG io.github.bonigarcia.wdm.cache.ResolutionCache - Resolution chrome=100 in cache (valid until 23:33:17 10/04/2022 ICT)
23:28:15.136 [main] DEBUG io.github.bonigarcia.wdm.cache.ResolutionCache - Resolution chrome100=100.0.4896.60 in cache (valid until 12:12:52 11/04/2022 ICT)
23:28:15.139 [main] INFO io.github.bonigarcia.wdm.WebDriverManager - Using chromedriver 100.0.4896.60 (resolved driver for Chrome 100)
23:28:15.154 [main] DEBUG io.github.bonigarcia.wdm.WebDriverManager - Driver chromedriver 100.0.4896.60 found in cache
23:28:15.155 [main] INFO io.github.bonigarcia.wdm.WebDriverManager - Exporting webdriver.chrome.driver as C:\Users\Admin\.cache\selenium\chromedriver\win32\100.0.4896.60\chromedriver.exe
23:28:15.297 [main] DEBUG net.serenitybdd.core.webdriver.driverproviders.ProvideNewDriver - Instantiating driver
23:28:15.297 [main] DEBUG net.serenitybdd.core.webdriver.driverproviders.ProvideNewDriver - Driver capabilities: Capabilities {acceptInsecureCerts: false, base.url: https://demoqa.com/, browserName: chrome, chrome.driver: src/test/resources/webdrive..., driver: chrome, goog:chromeOptions: {args: [], extensions: []}}
23:28:15.842 [AsyncHttpClient-1-3] DEBUG org.asynchttpclient.netty.channel.NettyConnectListener - Using new Channel '[id: 0x488d26a2, L:/127.0.0.1:53114 - R:localhost/127.0.0.1:49964]' for 'POST' to '/session'
23:28:16.615 [AsyncHttpClient-1-3] DEBUG org.asynchttpclient.netty.handler.HttpHandler - 

Request DefaultHttpRequest(decodeResult: success, version: HTTP/1.1)
POST /session HTTP/1.1
User-Agent: selenium/4.1.2 (java windows)
Content-Length: 605
Content-Type: application/json; charset=utf-8
host: localhost:49964
accept: */*

Response DefaultHttpResponse(decodeResult: success, version: HTTP/1.1)
HTTP/1.1 200 OK
Content-Type: application/json; charset=utf-8
cache-control: no-cache
content-length: 790

23:28:16.616 [AsyncHttpClient-1-3] DEBUG org.asynchttpclient.netty.channel.ChannelManager - Adding key: http://localhost:49964 for channel [id: 0x488d26a2, L:/127.0.0.1:53114 - R:localhost/127.0.0.1:49964]
23:28:16.632 [AsyncHttpClient-1-4] DEBUG org.asynchttpclient.netty.channel.NettyConnectListener - Using new Channel '[id: 0x2f27ea31, L:/127.0.0.1:53120 - R:localhost/127.0.0.1:53115]' for 'GET' to '/json/version'
23:28:16.634 [AsyncHttpClient-1-4] DEBUG org.asynchttpclient.netty.handler.HttpHandler - 

Request DefaultFullHttpRequest(decodeResult: success, version: HTTP/1.1, content: EmptyByteBufBE)
GET /json/version HTTP/1.1
User-Agent: selenium/4.1.2 (java windows)
host: localhost:53115
accept: */*

Response DefaultHttpResponse(decodeResult: success, version: HTTP/1.1)
HTTP/1.1 200 OK
Content-Type: application/json; charset=UTF-8
content-length: 426

23:28:16.636 [AsyncHttpClient-1-4] DEBUG org.asynchttpclient.netty.channel.ChannelManager - Adding key: http://localhost:53115 for channel [id: 0x2f27ea31, L:/127.0.0.1:53120 - R:localhost/127.0.0.1:53115]
23:28:16.640 [AsyncHttpClient-1-5] DEBUG org.asynchttpclient.netty.channel.NettyConnectListener - Using new Channel '[id: 0x6a40b161, L:/127.0.0.1:53121 - R:localhost/127.0.0.1:53115]' for 'GET' to '/devtools/browser/747734bb-6a05-4e89-aeab-376def3c22fe'
23:28:16.641 [AsyncHttpClient-1-5] DEBUG org.asynchttpclient.netty.handler.WebSocketHandler - 

Request DefaultFullHttpRequest(decodeResult: success, version: HTTP/1.1, content: EmptyByteBufBE)
GET /devtools/browser/747734bb-6a05-4e89-aeab-376def3c22fe HTTP/1.1
upgrade: websocket
connection: upgrade
sec-websocket-key: HX7KxfmaWG8Gux8duTHHCg==
sec-websocket-version: 13
origin: http://localhost:53115
host: localhost:53115
accept: */*
user-agent: AHC/2.1

Response DefaultHttpResponse(decodeResult: success, version: HTTP/1.1)
HTTP/1.1 101 WebSocket Protocol Handshake
Upgrade: WebSocket
Connection: Upgrade
Sec-WebSocket-Accept: FK+Gt+G9IYqryL3bSMKn8zulN1E=

23:28:16.652 [Forwarding setCurrentWindowSize on session eb2bda1efb8ec59f0786349f0b05251d to remote] DEBUG org.asynchttpclient.netty.request.NettyRequestSender - Using pooled Channel '[id: 0x488d26a2, L:/127.0.0.1:53114 - R:localhost/127.0.0.1:49964]' for 'POST' to 'http://localhost:49964/session/eb2bda1efb8ec59f0786349f0b05251d/window/rect'
23:28:16.652 [Forwarding setCurrentWindowSize on session eb2bda1efb8ec59f0786349f0b05251d to remote] DEBUG org.asynchttpclient.netty.request.NettyRequestSender - Using open Channel [id: 0x488d26a2, L:/127.0.0.1:53114 - R:localhost/127.0.0.1:49964] for POST '/session/eb2bda1efb8ec59f0786349f0b05251d/window/rect'
23:28:16.774 [AsyncHttpClient-1-3] DEBUG org.asynchttpclient.netty.handler.HttpHandler - 

Request DefaultHttpRequest(decodeResult: success, version: HTTP/1.1)
POST /session/eb2bda1efb8ec59f0786349f0b05251d/window/rect HTTP/1.1
User-Agent: selenium/4.1.2 (java windows)
Content-Length: 36
Content-Type: application/json; charset=utf-8
host: localhost:49964
accept: */*

Response DefaultHttpResponse(decodeResult: success, version: HTTP/1.1)
HTTP/1.1 200 OK
Content-Type: application/json; charset=utf-8
cache-control: no-cache
content-length: 51

23:28:16.775 [AsyncHttpClient-1-3] DEBUG org.asynchttpclient.netty.channel.ChannelManager - Adding key: http://localhost:49964 for channel [id: 0x488d26a2, L:/127.0.0.1:53114 - R:localhost/127.0.0.1:49964]
23:28:16.777 [Forwarding setWindowPosition on session eb2bda1efb8ec59f0786349f0b05251d to remote] DEBUG org.asynchttpclient.netty.request.NettyRequestSender - Using pooled Channel '[id: 0x488d26a2, L:/127.0.0.1:53114 - R:localhost/127.0.0.1:49964]' for 'POST' to 'http://localhost:49964/session/eb2bda1efb8ec59f0786349f0b05251d/window/rect'
23:28:16.777 [Forwarding setWindowPosition on session eb2bda1efb8ec59f0786349f0b05251d to remote] DEBUG org.asynchttpclient.netty.request.NettyRequestSender - Using open Channel [id: 0x488d26a2, L:/127.0.0.1:53114 - R:localhost/127.0.0.1:49964] for POST '/session/eb2bda1efb8ec59f0786349f0b05251d/window/rect'
23:28:16.883 [AsyncHttpClient-1-3] DEBUG org.asynchttpclient.netty.handler.HttpHandler - 

Request DefaultHttpRequest(decodeResult: success, version: HTTP/1.1)
POST /session/eb2bda1efb8ec59f0786349f0b05251d/window/rect HTTP/1.1
User-Agent: selenium/4.1.2 (java windows)
Content-Length: 22
Content-Type: application/json; charset=utf-8
host: localhost:49964
accept: */*

Response DefaultHttpResponse(decodeResult: success, version: HTTP/1.1)
HTTP/1.1 200 OK
Content-Type: application/json; charset=utf-8
cache-control: no-cache
content-length: 49

23:28:16.883 [AsyncHttpClient-1-3] DEBUG org.asynchttpclient.netty.channel.ChannelManager - Adding key: http://localhost:49964 for channel [id: 0x488d26a2, L:/127.0.0.1:53114 - R:localhost/127.0.0.1:49964]
23:28:16.885 [Forwarding get on session eb2bda1efb8ec59f0786349f0b05251d to remote] DEBUG org.asynchttpclient.netty.request.NettyRequestSender - Using pooled Channel '[id: 0x488d26a2, L:/127.0.0.1:53114 - R:localhost/127.0.0.1:49964]' for 'POST' to 'http://localhost:49964/session/eb2bda1efb8ec59f0786349f0b05251d/url'
23:28:16.885 [Forwarding get on session eb2bda1efb8ec59f0786349f0b05251d to remote] DEBUG org.asynchttpclient.netty.request.NettyRequestSender - Using open Channel [id: 0x488d26a2, L:/127.0.0.1:53114 - R:localhost/127.0.0.1:49964] for POST '/session/eb2bda1efb8ec59f0786349f0b05251d/url'
23:28:16.914 [AsyncHttpClient-1-1] DEBUG org.asynchttpclient.netty.channel.DefaultChannelPool - Entry count for : http://localhost:53115 : 1
23:28:18.010 [AsyncHttpClient-1-1] DEBUG org.asynchttpclient.netty.channel.DefaultChannelPool - Entry count for : http://localhost:53115 : 1
23:28:19.115 [AsyncHttpClient-1-1] DEBUG org.asynchttpclient.netty.channel.DefaultChannelPool - Entry count for : http://localhost:53115 : 1
23:28:20.212 [AsyncHttpClient-1-1] DEBUG org.asynchttpclient.netty.channel.DefaultChannelPool - Entry count for : http://localhost:53115 : 1
23:28:21.312 [AsyncHttpClient-1-1] DEBUG org.asynchttpclient.netty.channel.DefaultChannelPool - Entry count for : http://localhost:53115 : 1
23:28:22.410 [AsyncHttpClient-1-1] DEBUG org.asynchttpclient.netty.channel.DefaultChannelPool - Entry count for : http://localhost:53115 : 1
23:28:23.511 [AsyncHttpClient-1-1] DEBUG org.asynchttpclient.netty.channel.DefaultChannelPool - Entry count for : http://localhost:53115 : 1
23:28:24.619 [AsyncHttpClient-1-1] DEBUG org.asynchttpclient.netty.channel.DefaultChannelPool - Entry count for : http://localhost:53115 : 1
23:28:25.711 [AsyncHttpClient-1-1] DEBUG org.asynchttpclient.netty.channel.DefaultChannelPool - Entry count for : http://localhost:53115 : 1
23:28:26.810 [AsyncHttpClient-1-1] DEBUG org.asynchttpclient.netty.channel.DefaultChannelPool - Entry count for : http://localhost:53115 : 1
23:28:27.911 [AsyncHttpClient-1-1] DEBUG org.asynchttpclient.netty.channel.DefaultChannelPool - Entry count for : http://localhost:53115 : 1
23:28:29.010 [AsyncHttpClient-1-1] DEBUG org.asynchttpclient.netty.channel.DefaultChannelPool - Entry count for : http://localhost:53115 : 1
23:28:30.114 [AsyncHttpClient-1-1] DEBUG org.asynchttpclient.netty.channel.DefaultChannelPool - Entry count for : http://localhost:53115 : 1
23:28:31.213 [AsyncHttpClient-1-1] DEBUG org.asynchttpclient.netty.channel.DefaultChannelPool - Entry count for : http://localhost:53115 : 1
23:28:32.313 [AsyncHttpClient-1-1] DEBUG org.asynchttpclient.netty.channel.DefaultChannelPool - Entry count for : http://localhost:53115 : 1
23:28:33.415 [AsyncHttpClient-1-1] DEBUG org.asynchttpclient.netty.channel.DefaultChannelPool - Entry count for : http://localhost:53115 : 1
23:28:34.519 [AsyncHttpClient-1-1] DEBUG org.asynchttpclient.netty.channel.DefaultChannelPool - Entry count for : http://localhost:53115 : 1
23:28:35.618 [AsyncHttpClient-1-1] DEBUG org.asynchttpclient.netty.channel.DefaultChannelPool - Entry count for : http://localhost:53115 : 1
23:28:36.710 [AsyncHttpClient-1-1] DEBUG org.asynchttpclient.netty.channel.DefaultChannelPool - Entry count for : http://localhost:53115 : 1
23:28:37.811 [AsyncHttpClient-1-1] DEBUG org.asynchttpclient.netty.channel.DefaultChannelPool - Entry count for : http://localhost:53115 : 1
23:28:38.692 [AsyncHttpClient-1-3] DEBUG org.asynchttpclient.netty.handler.HttpHandler - 

Request DefaultHttpRequest(decodeResult: success, version: HTTP/1.1)
POST /session/eb2bda1efb8ec59f0786349f0b05251d/url HTTP/1.1
User-Agent: selenium/4.1.2 (java windows)
Content-Length: 49
Content-Type: application/json; charset=utf-8
host: localhost:49964
accept: */*

Response DefaultHttpResponse(decodeResult: success, version: HTTP/1.1)
HTTP/1.1 200 OK
Content-Type: application/json; charset=utf-8
cache-control: no-cache
content-length: 14

23:28:38.692 [AsyncHttpClient-1-3] DEBUG org.asynchttpclient.netty.channel.ChannelManager - Adding key: http://localhost:49964 for channel [id: 0x488d26a2, L:/127.0.0.1:53114 - R:localhost/127.0.0.1:49964]
23:28:38.694 [Forwarding setTimeout on session eb2bda1efb8ec59f0786349f0b05251d to remote] DEBUG org.asynchttpclient.netty.request.NettyRequestSender - Using pooled Channel '[id: 0x488d26a2, L:/127.0.0.1:53114 - R:localhost/127.0.0.1:49964]' for 'POST' to 'http://localhost:49964/session/eb2bda1efb8ec59f0786349f0b05251d/timeouts'
23:28:38.695 [Forwarding setTimeout on session eb2bda1efb8ec59f0786349f0b05251d to remote] DEBUG org.asynchttpclient.netty.request.NettyRequestSender - Using open Channel [id: 0x488d26a2, L:/127.0.0.1:53114 - R:localhost/127.0.0.1:49964] for POST '/session/eb2bda1efb8ec59f0786349f0b05251d/timeouts'
23:28:38.697 [AsyncHttpClient-1-3] DEBUG org.asynchttpclient.netty.handler.HttpHandler - 

Request DefaultHttpRequest(decodeResult: success, version: HTTP/1.1)
POST /session/eb2bda1efb8ec59f0786349f0b05251d/timeouts HTTP/1.1
User-Agent: selenium/4.1.2 (java windows)
Content-Length: 22
Content-Type: application/json; charset=utf-8
host: localhost:49964
accept: */*

Response DefaultHttpResponse(decodeResult: success, version: HTTP/1.1)
HTTP/1.1 200 OK
Content-Type: application/json; charset=utf-8
cache-control: no-cache
content-length: 14

23:28:38.698 [AsyncHttpClient-1-3] DEBUG org.asynchttpclient.netty.channel.ChannelManager - Adding key: http://localhost:49964 for channel [id: 0x488d26a2, L:/127.0.0.1:53114 - R:localhost/127.0.0.1:49964]
23:28:38.710 [Forwarding getCurrentUrl on session eb2bda1efb8ec59f0786349f0b05251d to remote] DEBUG org.asynchttpclient.netty.request.NettyRequestSender - Using pooled Channel '[id: 0x488d26a2, L:/127.0.0.1:53114 - R:localhost/127.0.0.1:49964]' for 'GET' to 'http://localhost:49964/session/eb2bda1efb8ec59f0786349f0b05251d/url'
23:28:38.710 [Forwarding getCurrentUrl on session eb2bda1efb8ec59f0786349f0b05251d to remote] DEBUG org.asynchttpclient.netty.request.NettyRequestSender - Using open Channel [id: 0x488d26a2, L:/127.0.0.1:53114 - R:localhost/127.0.0.1:49964] for GET '/session/eb2bda1efb8ec59f0786349f0b05251d/url'
23:28:38.715 [AsyncHttpClient-1-3] DEBUG org.asynchttpclient.netty.handler.HttpHandler - 

Request DefaultFullHttpRequest(decodeResult: success, version: HTTP/1.1, content: EmptyByteBufBE)
GET /session/eb2bda1efb8ec59f0786349f0b05251d/url HTTP/1.1
User-Agent: selenium/4.1.2 (java windows)
Cache-Control: no-cache
Content-Type: application/json; charset=utf-8
host: localhost:49964
accept: */*

Response DefaultHttpResponse(decodeResult: success, version: HTTP/1.1)
HTTP/1.1 200 OK
Content-Type: application/json; charset=utf-8
cache-control: no-cache
content-length: 31

23:28:38.715 [AsyncHttpClient-1-3] DEBUG org.asynchttpclient.netty.channel.ChannelManager - Adding key: http://localhost:49964 for channel [id: 0x488d26a2, L:/127.0.0.1:53114 - R:localhost/127.0.0.1:49964]
23:28:38.718 [Forwarding getCurrentUrl on session eb2bda1efb8ec59f0786349f0b05251d to remote] DEBUG org.asynchttpclient.netty.request.NettyRequestSender - Using pooled Channel '[id: 0x488d26a2, L:/127.0.0.1:53114 - R:localhost/127.0.0.1:49964]' for 'GET' to 'http://localhost:49964/session/eb2bda1efb8ec59f0786349f0b05251d/url'
23:28:38.719 [Forwarding getCurrentUrl on session eb2bda1efb8ec59f0786349f0b05251d to remote] DEBUG org.asynchttpclient.netty.request.NettyRequestSender - Using open Channel [id: 0x488d26a2, L:/127.0.0.1:53114 - R:localhost/127.0.0.1:49964] for GET '/session/eb2bda1efb8ec59f0786349f0b05251d/url'
23:28:38.722 [AsyncHttpClient-1-3] DEBUG org.asynchttpclient.netty.handler.HttpHandler - 

Request DefaultFullHttpRequest(decodeResult: success, version: HTTP/1.1, content: EmptyByteBufBE)
GET /session/eb2bda1efb8ec59f0786349f0b05251d/url HTTP/1.1
User-Agent: selenium/4.1.2 (java windows)
Cache-Control: no-cache
Content-Type: application/json; charset=utf-8
host: localhost:49964
accept: */*

Response DefaultHttpResponse(decodeResult: success, version: HTTP/1.1)
HTTP/1.1 200 OK
Content-Type: application/json; charset=utf-8
cache-control: no-cache
content-length: 31

23:28:38.722 [AsyncHttpClient-1-3] DEBUG org.asynchttpclient.netty.channel.ChannelManager - Adding key: http://localhost:49964 for channel [id: 0x488d26a2, L:/127.0.0.1:53114 - R:localhost/127.0.0.1:49964]
23:28:38.728 [main] DEBUG net.serenitybdd.core.photography.Darkroom - Opening darkroom
23:28:38.729 [Darkroom Processing Line] DEBUG net.serenitybdd.core.photography.DarkroomProcessingLine - Darkroom processing line starting up
23:28:38.729 [Forwarding screenshot on session eb2bda1efb8ec59f0786349f0b05251d to remote] DEBUG org.asynchttpclient.netty.request.NettyRequestSender - Using pooled Channel '[id: 0x488d26a2, L:/127.0.0.1:53114 - R:localhost/127.0.0.1:49964]' for 'GET' to 'http://localhost:49964/session/eb2bda1efb8ec59f0786349f0b05251d/screenshot'
23:28:38.729 [Forwarding screenshot on session eb2bda1efb8ec59f0786349f0b05251d to remote] DEBUG org.asynchttpclient.netty.request.NettyRequestSender - Using open Channel [id: 0x488d26a2, L:/127.0.0.1:53114 - R:localhost/127.0.0.1:49964] for GET '/session/eb2bda1efb8ec59f0786349f0b05251d/screenshot'
23:28:38.913 [AsyncHttpClient-1-1] DEBUG org.asynchttpclient.netty.channel.DefaultChannelPool - Entry count for : http://localhost:53115 : 1
23:28:38.964 [AsyncHttpClient-1-3] DEBUG org.asynchttpclient.netty.handler.HttpHandler - 

Request DefaultFullHttpRequest(decodeResult: success, version: HTTP/1.1, content: EmptyByteBufBE)
GET /session/eb2bda1efb8ec59f0786349f0b05251d/screenshot HTTP/1.1
User-Agent: selenium/4.1.2 (java windows)
Cache-Control: no-cache
Content-Type: application/json; charset=utf-8
host: localhost:49964
accept: */*

Response DefaultHttpResponse(decodeResult: success, version: HTTP/1.1)
HTTP/1.1 200 OK
Content-Type: application/json; charset=utf-8
cache-control: no-cache
content-length: 249600

23:28:38.966 [AsyncHttpClient-1-3] DEBUG org.asynchttpclient.netty.channel.ChannelManager - Adding key: http://localhost:49964 for channel [id: 0x488d26a2, L:/127.0.0.1:53114 - R:localhost/127.0.0.1:49964]
23:28:38.984 [main] DEBUG net.serenitybdd.core.photography.Darkroom - Send negative for processing for target\site\serenity\1716c7239ea08dcfec15abae847db648f63fb32389abd412eac11885ff179edb.png
23:28:38.984 [main] DEBUG net.thucydides.core.steps.StepInterceptor - STEP DONE: openPage
23:28:38.984 [Darkroom Processing Line] DEBUG net.serenitybdd.core.photography.DarkroomProcessingLine - Processing screenshot image in /var/screenshots/screenshot-6983326622341080328
23:28:38.984 [Darkroom Processing Line] DEBUG net.serenitybdd.core.photography.DarkroomProcessingLine - Saving screenshot to target\site\serenity\1716c7239ea08dcfec15abae847db648f63fb32389abd412eac11885ff179edb.png
23:28:38.996 [main] DEBUG net.thucydides.core.steps.StepInterceptor - STARTING STEP: BookstoreSteps.onBookstorePage - validationHomePage
23:28:38.999 [Forwarding findElement on session eb2bda1efb8ec59f0786349f0b05251d to remote] DEBUG org.asynchttpclient.netty.request.NettyRequestSender - Using pooled Channel '[id: 0x488d26a2, L:/127.0.0.1:53114 - R:localhost/127.0.0.1:49964]' for 'POST' to 'http://localhost:49964/session/eb2bda1efb8ec59f0786349f0b05251d/element'
23:28:38.999 [Forwarding findElement on session eb2bda1efb8ec59f0786349f0b05251d to remote] DEBUG org.asynchttpclient.netty.request.NettyRequestSender - Using open Channel [id: 0x488d26a2, L:/127.0.0.1:53114 - R:localhost/127.0.0.1:49964] for POST '/session/eb2bda1efb8ec59f0786349f0b05251d/element'
23:28:39.002 [AsyncHttpClient-1-3] DEBUG org.asynchttpclient.netty.handler.HttpHandler - 

Request DefaultHttpRequest(decodeResult: success, version: HTTP/1.1)
POST /session/eb2bda1efb8ec59f0786349f0b05251d/element HTTP/1.1
User-Agent: selenium/4.1.2 (java windows)
Content-Length: 48
Content-Type: application/json; charset=utf-8
host: localhost:49964
accept: */*

Response DefaultHttpResponse(decodeResult: success, version: HTTP/1.1)
HTTP/1.1 400 Bad Request
Content-Type: application/json; charset=utf-8
cache-control: no-cache
content-length: 957

23:28:39.002 [AsyncHttpClient-1-3] DEBUG org.asynchttpclient.netty.channel.ChannelManager - Adding key: http://localhost:49964 for channel [id: 0x488d26a2, L:/127.0.0.1:53114 - R:localhost/127.0.0.1:49964]
23:28:39.004 [Forwarding findElement on session eb2bda1efb8ec59f0786349f0b05251d to remote] DEBUG org.asynchttpclient.netty.request.NettyRequestSender - Using pooled Channel '[id: 0x488d26a2, L:/127.0.0.1:53114 - R:localhost/127.0.0.1:49964]' for 'POST' to 'http://localhost:49964/session/eb2bda1efb8ec59f0786349f0b05251d/element'
23:28:39.005 [Forwarding findElement on session eb2bda1efb8ec59f0786349f0b05251d to remote] DEBUG org.asynchttpclient.netty.request.NettyRequestSender - Using open Channel [id: 0x488d26a2, L:/127.0.0.1:53114 - R:localhost/127.0.0.1:49964] for POST '/session/eb2bda1efb8ec59f0786349f0b05251d/element'
23:28:39.017 [AsyncHttpClient-1-3] DEBUG org.asynchttpclient.netty.handler.HttpHandler - 

Request DefaultHttpRequest(decodeResult: success, version: HTTP/1.1)
POST /session/eb2bda1efb8ec59f0786349f0b05251d/element HTTP/1.1
User-Agent: selenium/4.1.2 (java windows)
Content-Length: 58
Content-Type: application/json; charset=utf-8
host: localhost:49964
accept: */*

Response DefaultHttpResponse(decodeResult: success, version: HTTP/1.1)
HTTP/1.1 200 OK
Content-Type: application/json; charset=utf-8
cache-control: no-cache
content-length: 88

23:28:39.017 [AsyncHttpClient-1-3] DEBUG org.asynchttpclient.netty.channel.ChannelManager - Adding key: http://localhost:49964 for channel [id: 0x488d26a2, L:/127.0.0.1:53114 - R:localhost/127.0.0.1:49964]
23:28:39.026 [Forwarding isElementDisplayed on session eb2bda1efb8ec59f0786349f0b05251d to remote] DEBUG org.asynchttpclient.netty.request.NettyRequestSender - Using pooled Channel '[id: 0x488d26a2, L:/127.0.0.1:53114 - R:localhost/127.0.0.1:49964]' for 'POST' to 'http://localhost:49964/session/eb2bda1efb8ec59f0786349f0b05251d/execute/sync'
23:28:39.027 [Forwarding isElementDisplayed on session eb2bda1efb8ec59f0786349f0b05251d to remote] DEBUG org.asynchttpclient.netty.request.NettyRequestSender - Using open Channel [id: 0x488d26a2, L:/127.0.0.1:53114 - R:localhost/127.0.0.1:49964] for POST '/session/eb2bda1efb8ec59f0786349f0b05251d/execute/sync'
23:28:39.047 [AsyncHttpClient-1-3] DEBUG org.asynchttpclient.netty.handler.HttpHandler - 

Request DefaultHttpRequest(decodeResult: success, version: HTTP/1.1)
POST /session/eb2bda1efb8ec59f0786349f0b05251d/execute/sync HTTP/1.1
User-Agent: selenium/4.1.2 (java windows)
Content-Length: 48780
Content-Type: application/json; charset=utf-8
host: localhost:49964
accept: */*

Response DefaultHttpResponse(decodeResult: success, version: HTTP/1.1)
HTTP/1.1 200 OK
Content-Type: application/json; charset=utf-8
cache-control: no-cache
content-length: 14

23:28:39.047 [AsyncHttpClient-1-3] DEBUG org.asynchttpclient.netty.channel.ChannelManager - Adding key: http://localhost:49964 for channel [id: 0x488d26a2, L:/127.0.0.1:53114 - R:localhost/127.0.0.1:49964]
23:28:39.056 [Forwarding screenshot on session eb2bda1efb8ec59f0786349f0b05251d to remote] DEBUG org.asynchttpclient.netty.request.NettyRequestSender - Using pooled Channel '[id: 0x488d26a2, L:/127.0.0.1:53114 - R:localhost/127.0.0.1:49964]' for 'GET' to 'http://localhost:49964/session/eb2bda1efb8ec59f0786349f0b05251d/screenshot'
23:28:39.056 [Forwarding screenshot on session eb2bda1efb8ec59f0786349f0b05251d to remote] DEBUG org.asynchttpclient.netty.request.NettyRequestSender - Using open Channel [id: 0x488d26a2, L:/127.0.0.1:53114 - R:localhost/127.0.0.1:49964] for GET '/session/eb2bda1efb8ec59f0786349f0b05251d/screenshot'
23:28:39.261 [AsyncHttpClient-1-3] DEBUG org.asynchttpclient.netty.handler.HttpHandler - 

Request DefaultFullHttpRequest(decodeResult: success, version: HTTP/1.1, content: EmptyByteBufBE)
GET /session/eb2bda1efb8ec59f0786349f0b05251d/screenshot HTTP/1.1
User-Agent: selenium/4.1.2 (java windows)
Cache-Control: no-cache
Content-Type: application/json; charset=utf-8
host: localhost:49964
accept: */*

Response DefaultHttpResponse(decodeResult: success, version: HTTP/1.1)
HTTP/1.1 200 OK
Content-Type: application/json; charset=utf-8
cache-control: no-cache
content-length: 249600

23:28:39.263 [AsyncHttpClient-1-3] DEBUG org.asynchttpclient.netty.channel.ChannelManager - Adding key: http://localhost:49964 for channel [id: 0x488d26a2, L:/127.0.0.1:53114 - R:localhost/127.0.0.1:49964]
23:28:39.280 [main] DEBUG net.serenitybdd.core.photography.Darkroom - Send negative for processing for target\site\serenity\1716c7239ea08dcfec15abae847db648f63fb32389abd412eac11885ff179edb.png
23:28:39.280 [main] DEBUG net.thucydides.core.steps.StepInterceptor - STEP DONE: validationHomePage
  &amp#27;[32mGiven &amp#27;[0m&amp#27;[32mi am on the home page&amp#27;[0m                     &amp#27;[90m# starter.stepdefenitions.BookstoreSteps.onBookstorePage()&amp#27;[0m
23:28:39.303 [main] DEBUG net.thucydides.core.steps.StepInterceptor - STARTING STEP: BookstoreSteps.clickFeatureBookstore - clickFeatureBookstore
23:28:39.307 [Forwarding findElement on session eb2bda1efb8ec59f0786349f0b05251d to remote] DEBUG org.asynchttpclient.netty.request.NettyRequestSender - Using pooled Channel '[id: 0x488d26a2, L:/127.0.0.1:53114 - R:localhost/127.0.0.1:49964]' for 'POST' to 'http://localhost:49964/session/eb2bda1efb8ec59f0786349f0b05251d/element'
23:28:39.307 [Forwarding findElement on session eb2bda1efb8ec59f0786349f0b05251d to remote] DEBUG org.asynchttpclient.netty.request.NettyRequestSender - Using open Channel [id: 0x488d26a2, L:/127.0.0.1:53114 - R:localhost/127.0.0.1:49964] for POST '/session/eb2bda1efb8ec59f0786349f0b05251d/element'
23:28:39.325 [AsyncHttpClient-1-3] DEBUG org.asynchttpclient.netty.handler.HttpHandler - 

Request DefaultHttpRequest(decodeResult: success, version: HTTP/1.1)
POST /session/eb2bda1efb8ec59f0786349f0b05251d/element HTTP/1.1
User-Agent: selenium/4.1.2 (java windows)
Content-Length: 86
Content-Type: application/json; charset=utf-8
host: localhost:49964
accept: */*

Response DefaultHttpResponse(decodeResult: success, version: HTTP/1.1)
HTTP/1.1 200 OK
Content-Type: application/json; charset=utf-8
cache-control: no-cache
content-length: 88

23:28:39.325 [AsyncHttpClient-1-3] DEBUG org.asynchttpclient.netty.channel.ChannelManager - Adding key: http://localhost:49964 for channel [id: 0x488d26a2, L:/127.0.0.1:53114 - R:localhost/127.0.0.1:49964]
23:28:39.327 [Forwarding getElementTagName on session eb2bda1efb8ec59f0786349f0b05251d to remote] DEBUG org.asynchttpclient.netty.request.NettyRequestSender - Using pooled Channel '[id: 0x488d26a2, L:/127.0.0.1:53114 - R:localhost/127.0.0.1:49964]' for 'GET' to 'http://localhost:49964/session/eb2bda1efb8ec59f0786349f0b05251d/element/fe33efc6-6b71-4ea7-aaa2-5469a1f624c8/name'
23:28:39.327 [Forwarding getElementTagName on session eb2bda1efb8ec59f0786349f0b05251d to remote] DEBUG org.asynchttpclient.netty.request.NettyRequestSender - Using open Channel [id: 0x488d26a2, L:/127.0.0.1:53114 - R:localhost/127.0.0.1:49964] for GET '/session/eb2bda1efb8ec59f0786349f0b05251d/element/fe33efc6-6b71-4ea7-aaa2-5469a1f624c8/name'
23:28:39.332 [AsyncHttpClient-1-3] DEBUG org.asynchttpclient.netty.handler.HttpHandler - 

Request DefaultFullHttpRequest(decodeResult: success, version: HTTP/1.1, content: EmptyByteBufBE)
GET /session/eb2bda1efb8ec59f0786349f0b05251d/element/fe33efc6-6b71-4ea7-aaa2-5469a1f624c8/name HTTP/1.1
User-Agent: selenium/4.1.2 (java windows)
Cache-Control: no-cache
Content-Type: application/json; charset=utf-8
host: localhost:49964
accept: */*

Response DefaultHttpResponse(decodeResult: success, version: HTTP/1.1)
HTTP/1.1 200 OK
Content-Type: application/json; charset=utf-8
cache-control: no-cache
content-length: 15

23:28:39.332 [AsyncHttpClient-1-3] DEBUG org.asynchttpclient.netty.channel.ChannelManager - Adding key: http://localhost:49964 for channel [id: 0x488d26a2, L:/127.0.0.1:53114 - R:localhost/127.0.0.1:49964]
23:28:39.334 [Forwarding getElementTagName on session eb2bda1efb8ec59f0786349f0b05251d to remote] DEBUG org.asynchttpclient.netty.request.NettyRequestSender - Using pooled Channel '[id: 0x488d26a2, L:/127.0.0.1:53114 - R:localhost/127.0.0.1:49964]' for 'GET' to 'http://localhost:49964/session/eb2bda1efb8ec59f0786349f0b05251d/element/fe33efc6-6b71-4ea7-aaa2-5469a1f624c8/name'
23:28:39.334 [Forwarding getElementTagName on session eb2bda1efb8ec59f0786349f0b05251d to remote] DEBUG org.asynchttpclient.netty.request.NettyRequestSender - Using open Channel [id: 0x488d26a2, L:/127.0.0.1:53114 - R:localhost/127.0.0.1:49964] for GET '/session/eb2bda1efb8ec59f0786349f0b05251d/element/fe33efc6-6b71-4ea7-aaa2-5469a1f624c8/name'
23:28:39.338 [AsyncHttpClient-1-3] DEBUG org.asynchttpclient.netty.handler.HttpHandler - 

Request DefaultFullHttpRequest(decodeResult: success, version: HTTP/1.1, content: EmptyByteBufBE)
GET /session/eb2bda1efb8ec59f0786349f0b05251d/element/fe33efc6-6b71-4ea7-aaa2-5469a1f624c8/name HTTP/1.1
User-Agent: selenium/4.1.2 (java windows)
Cache-Control: no-cache
Content-Type: application/json; charset=utf-8
host: localhost:49964
accept: */*

Response DefaultHttpResponse(decodeResult: success, version: HTTP/1.1)
HTTP/1.1 200 OK
Content-Type: application/json; charset=utf-8
cache-control: no-cache
content-length: 15

23:28:39.339 [AsyncHttpClient-1-3] DEBUG org.asynchttpclient.netty.channel.ChannelManager - Adding key: http://localhost:49964 for channel [id: 0x488d26a2, L:/127.0.0.1:53114 - R:localhost/127.0.0.1:49964]
23:28:39.343 [Forwarding findElement on session eb2bda1efb8ec59f0786349f0b05251d to remote] DEBUG org.asynchttpclient.netty.request.NettyRequestSender - Using pooled Channel '[id: 0x488d26a2, L:/127.0.0.1:53114 - R:localhost/127.0.0.1:49964]' for 'POST' to 'http://localhost:49964/session/eb2bda1efb8ec59f0786349f0b05251d/element'
23:28:39.343 [Forwarding findElement on session eb2bda1efb8ec59f0786349f0b05251d to remote] DEBUG org.asynchttpclient.netty.request.NettyRequestSender - Using open Channel [id: 0x488d26a2, L:/127.0.0.1:53114 - R:localhost/127.0.0.1:49964] for POST '/session/eb2bda1efb8ec59f0786349f0b05251d/element'
23:28:39.354 [AsyncHttpClient-1-3] DEBUG org.asynchttpclient.netty.handler.HttpHandler - 

Request DefaultHttpRequest(decodeResult: success, version: HTTP/1.1)
POST /session/eb2bda1efb8ec59f0786349f0b05251d/element HTTP/1.1
User-Agent: selenium/4.1.2 (java windows)
Content-Length: 86
Content-Type: application/json; charset=utf-8
host: localhost:49964
accept: */*

Response DefaultHttpResponse(decodeResult: success, version: HTTP/1.1)
HTTP/1.1 200 OK
Content-Type: application/json; charset=utf-8
cache-control: no-cache
content-length: 88

23:28:39.354 [AsyncHttpClient-1-3] DEBUG org.asynchttpclient.netty.channel.ChannelManager - Adding key: http://localhost:49964 for channel [id: 0x488d26a2, L:/127.0.0.1:53114 - R:localhost/127.0.0.1:49964]
23:28:39.356 [Forwarding clickElement on session eb2bda1efb8ec59f0786349f0b05251d to remote] DEBUG org.asynchttpclient.netty.request.NettyRequestSender - Using pooled Channel '[id: 0x488d26a2, L:/127.0.0.1:53114 - R:localhost/127.0.0.1:49964]' for 'POST' to 'http://localhost:49964/session/eb2bda1efb8ec59f0786349f0b05251d/element/fe33efc6-6b71-4ea7-aaa2-5469a1f624c8/click'
23:28:39.356 [Forwarding clickElement on session eb2bda1efb8ec59f0786349f0b05251d to remote] DEBUG org.asynchttpclient.netty.request.NettyRequestSender - Using open Channel [id: 0x488d26a2, L:/127.0.0.1:53114 - R:localhost/127.0.0.1:49964] for POST '/session/eb2bda1efb8ec59f0786349f0b05251d/element/fe33efc6-6b71-4ea7-aaa2-5469a1f624c8/click'
23:28:39.542 [AsyncHttpClient-1-3] DEBUG org.asynchttpclient.netty.handler.HttpHandler - 

Request DefaultHttpRequest(decodeResult: success, version: HTTP/1.1)
POST /session/eb2bda1efb8ec59f0786349f0b05251d/element/fe33efc6-6b71-4ea7-aaa2-5469a1f624c8/click HTTP/1.1
User-Agent: selenium/4.1.2 (java windows)
Content-Length: 50
Content-Type: application/json; charset=utf-8
host: localhost:49964
accept: */*

Response DefaultHttpResponse(decodeResult: success, version: HTTP/1.1)
HTTP/1.1 200 OK
Content-Type: application/json; charset=utf-8
cache-control: no-cache
content-length: 14

23:28:39.543 [AsyncHttpClient-1-3] DEBUG org.asynchttpclient.netty.channel.ChannelManager - Adding key: http://localhost:49964 for channel [id: 0x488d26a2, L:/127.0.0.1:53114 - R:localhost/127.0.0.1:49964]
23:28:39.559 [Forwarding screenshot on session eb2bda1efb8ec59f0786349f0b05251d to remote] DEBUG org.asynchttpclient.netty.request.NettyRequestSender - Using pooled Channel '[id: 0x488d26a2, L:/127.0.0.1:53114 - R:localhost/127.0.0.1:49964]' for 'GET' to 'http://localhost:49964/session/eb2bda1efb8ec59f0786349f0b05251d/screenshot'
23:28:39.559 [Forwarding screenshot on session eb2bda1efb8ec59f0786349f0b05251d to remote] DEBUG org.asynchttpclient.netty.request.NettyRequestSender - Using open Channel [id: 0x488d26a2, L:/127.0.0.1:53114 - R:localhost/127.0.0.1:49964] for GET '/session/eb2bda1efb8ec59f0786349f0b05251d/screenshot'
23:28:39.759 [AsyncHttpClient-1-3] DEBUG org.asynchttpclient.netty.handler.HttpHandler - 

Request DefaultFullHttpRequest(decodeResult: success, version: HTTP/1.1, content: EmptyByteBufBE)
GET /session/eb2bda1efb8ec59f0786349f0b05251d/screenshot HTTP/1.1
User-Agent: selenium/4.1.2 (java windows)
Cache-Control: no-cache
Content-Type: application/json; charset=utf-8
host: localhost:49964
accept: */*

Response DefaultHttpResponse(decodeResult: success, version: HTTP/1.1)
HTTP/1.1 200 OK
Content-Type: application/json; charset=utf-8
cache-control: no-cache
content-length: 168356

23:28:39.760 [AsyncHttpClient-1-3] DEBUG org.asynchttpclient.netty.channel.ChannelManager - Adding key: http://localhost:49964 for channel [id: 0x488d26a2, L:/127.0.0.1:53114 - R:localhost/127.0.0.1:49964]
23:28:39.769 [main] DEBUG net.serenitybdd.core.photography.Darkroom - Send negative for processing for target\site\serenity\a89dd56e1f9b83cb8b18def4533ed35cd4f02bded8ecad58ac7c1bcb1db62535.png
23:28:39.769 [main] DEBUG net.thucydides.core.steps.StepInterceptor - STEP DONE: clickFeatureBookstore
23:28:39.769 [Darkroom Processing Line] DEBUG net.serenitybdd.core.photography.DarkroomProcessingLine - Processing screenshot image in /var/screenshots/screenshot-268697643498569784
23:28:39.769 [Darkroom Processing Line] DEBUG net.serenitybdd.core.photography.DarkroomProcessingLine - Saving screenshot to target\site\serenity\a89dd56e1f9b83cb8b18def4533ed35cd4f02bded8ecad58ac7c1bcb1db62535.png
  &amp#27;[32mWhen &amp#27;[0m&amp#27;[32mi click feature bookstore&amp#27;[0m                  &amp#27;[90m# starter.stepdefenitions.BookstoreSteps.clickFeatureBookstore()&amp#27;[0m
23:28:39.987 [Forwarding screenshot on session eb2bda1efb8ec59f0786349f0b05251d to remote] DEBUG org.asynchttpclient.netty.request.NettyRequestSender - Using pooled Channel '[id: 0x488d26a2, L:/127.0.0.1:53114 - R:localhost/127.0.0.1:49964]' for 'GET' to 'http://localhost:49964/session/eb2bda1efb8ec59f0786349f0b05251d/screenshot'
23:28:39.987 [Forwarding screenshot on session eb2bda1efb8ec59f0786349f0b05251d to remote] DEBUG org.asynchttpclient.netty.request.NettyRequestSender - Using open Channel [id: 0x488d26a2, L:/127.0.0.1:53114 - R:localhost/127.0.0.1:49964] for GET '/session/eb2bda1efb8ec59f0786349f0b05251d/screenshot'
23:28:40.022 [AsyncHttpClient-1-1] DEBUG org.asynchttpclient.netty.channel.DefaultChannelPool - Entry count for : http://localhost:53115 : 1
23:28:40.283 [AsyncHttpClient-1-3] DEBUG org.asynchttpclient.netty.handler.HttpHandler - 

Request DefaultFullHttpRequest(decodeResult: success, version: HTTP/1.1, content: EmptyByteBufBE)
GET /session/eb2bda1efb8ec59f0786349f0b05251d/screenshot HTTP/1.1
User-Agent: selenium/4.1.2 (java windows)
Cache-Control: no-cache
Content-Type: application/json; charset=utf-8
host: localhost:49964
accept: */*

Response DefaultHttpResponse(decodeResult: success, version: HTTP/1.1)
HTTP/1.1 200 OK
Content-Type: application/json; charset=utf-8
cache-control: no-cache
content-length: 258104

23:28:40.285 [AsyncHttpClient-1-3] DEBUG org.asynchttpclient.netty.channel.ChannelManager - Adding key: http://localhost:49964 for channel [id: 0x488d26a2, L:/127.0.0.1:53114 - R:localhost/127.0.0.1:49964]
23:28:40.319 [main] DEBUG net.serenitybdd.core.photography.Darkroom - Send negative for processing for target\site\serenity\4894a4d8c54e522ffc362ac4249d4471647a5478d54b601fbce9f5d560ee8bd1.png
23:28:40.320 [Darkroom Processing Line] DEBUG net.serenitybdd.core.photography.DarkroomProcessingLine - Processing screenshot image in /var/screenshots/screenshot-4605614417659901162
23:28:40.320 [main] DEBUG net.thucydides.core.steps.StepInterceptor - STARTING STEP: LoginSteps.clickLoginButtonInBookstore - clickLoginButtonOnBookstore
23:28:40.320 [Darkroom Processing Line] DEBUG net.serenitybdd.core.photography.DarkroomProcessingLine - Saving screenshot to target\site\serenity\4894a4d8c54e522ffc362ac4249d4471647a5478d54b601fbce9f5d560ee8bd1.png
23:28:40.327 [Forwarding findElement on session eb2bda1efb8ec59f0786349f0b05251d to remote] DEBUG org.asynchttpclient.netty.request.NettyRequestSender - Using pooled Channel '[id: 0x488d26a2, L:/127.0.0.1:53114 - R:localhost/127.0.0.1:49964]' for 'POST' to 'http://localhost:49964/session/eb2bda1efb8ec59f0786349f0b05251d/element'
23:28:40.327 [Forwarding findElement on session eb2bda1efb8ec59f0786349f0b05251d to remote] DEBUG org.asynchttpclient.netty.request.NettyRequestSender - Using open Channel [id: 0x488d26a2, L:/127.0.0.1:53114 - R:localhost/127.0.0.1:49964] for POST '/session/eb2bda1efb8ec59f0786349f0b05251d/element'
23:28:40.344 [AsyncHttpClient-1-3] DEBUG org.asynchttpclient.netty.handler.HttpHandler - 

Request DefaultHttpRequest(decodeResult: success, version: HTTP/1.1)
POST /session/eb2bda1efb8ec59f0786349f0b05251d/element HTTP/1.1
User-Agent: selenium/4.1.2 (java windows)
Content-Length: 68
Content-Type: application/json; charset=utf-8
host: localhost:49964
accept: */*

Response DefaultHttpResponse(decodeResult: success, version: HTTP/1.1)
HTTP/1.1 200 OK
Content-Type: application/json; charset=utf-8
cache-control: no-cache
content-length: 88

23:28:40.345 [AsyncHttpClient-1-3] DEBUG org.asynchttpclient.netty.channel.ChannelManager - Adding key: http://localhost:49964 for channel [id: 0x488d26a2, L:/127.0.0.1:53114 - R:localhost/127.0.0.1:49964]
23:28:40.347 [Forwarding getElementTagName on session eb2bda1efb8ec59f0786349f0b05251d to remote] DEBUG org.asynchttpclient.netty.request.NettyRequestSender - Using pooled Channel '[id: 0x488d26a2, L:/127.0.0.1:53114 - R:localhost/127.0.0.1:49964]' for 'GET' to 'http://localhost:49964/session/eb2bda1efb8ec59f0786349f0b05251d/element/da0942f6-793c-41d8-88d5-6bd53922e935/name'
23:28:40.347 [Forwarding getElementTagName on session eb2bda1efb8ec59f0786349f0b05251d to remote] DEBUG org.asynchttpclient.netty.request.NettyRequestSender - Using open Channel [id: 0x488d26a2, L:/127.0.0.1:53114 - R:localhost/127.0.0.1:49964] for GET '/session/eb2bda1efb8ec59f0786349f0b05251d/element/da0942f6-793c-41d8-88d5-6bd53922e935/name'
23:28:40.353 [AsyncHttpClient-1-3] DEBUG org.asynchttpclient.netty.handler.HttpHandler - 

Request DefaultFullHttpRequest(decodeResult: success, version: HTTP/1.1, content: EmptyByteBufBE)
GET /session/eb2bda1efb8ec59f0786349f0b05251d/element/da0942f6-793c-41d8-88d5-6bd53922e935/name HTTP/1.1
User-Agent: selenium/4.1.2 (java windows)
Cache-Control: no-cache
Content-Type: application/json; charset=utf-8
host: localhost:49964
accept: */*

Response DefaultHttpResponse(decodeResult: success, version: HTTP/1.1)
HTTP/1.1 200 OK
Content-Type: application/json; charset=utf-8
cache-control: no-cache
content-length: 18

23:28:40.353 [AsyncHttpClient-1-3] DEBUG org.asynchttpclient.netty.channel.ChannelManager - Adding key: http://localhost:49964 for channel [id: 0x488d26a2, L:/127.0.0.1:53114 - R:localhost/127.0.0.1:49964]
23:28:40.356 [Forwarding getElementTagName on session eb2bda1efb8ec59f0786349f0b05251d to remote] DEBUG org.asynchttpclient.netty.request.NettyRequestSender - Using pooled Channel '[id: 0x488d26a2, L:/127.0.0.1:53114 - R:localhost/127.0.0.1:49964]' for 'GET' to 'http://localhost:49964/session/eb2bda1efb8ec59f0786349f0b05251d/element/da0942f6-793c-41d8-88d5-6bd53922e935/name'
23:28:40.356 [Forwarding getElementTagName on session eb2bda1efb8ec59f0786349f0b05251d to remote] DEBUG org.asynchttpclient.netty.request.NettyRequestSender - Using open Channel [id: 0x488d26a2, L:/127.0.0.1:53114 - R:localhost/127.0.0.1:49964] for GET '/session/eb2bda1efb8ec59f0786349f0b05251d/element/da0942f6-793c-41d8-88d5-6bd53922e935/name'
23:28:40.360 [AsyncHttpClient-1-3] DEBUG org.asynchttpclient.netty.handler.HttpHandler - 

Request DefaultFullHttpRequest(decodeResult: success, version: HTTP/1.1, content: EmptyByteBufBE)
GET /session/eb2bda1efb8ec59f0786349f0b05251d/element/da0942f6-793c-41d8-88d5-6bd53922e935/name HTTP/1.1
User-Agent: selenium/4.1.2 (java windows)
Cache-Control: no-cache
Content-Type: application/json; charset=utf-8
host: localhost:49964
accept: */*

Response DefaultHttpResponse(decodeResult: success, version: HTTP/1.1)
HTTP/1.1 200 OK
Content-Type: application/json; charset=utf-8
cache-control: no-cache
content-length: 18

23:28:40.360 [AsyncHttpClient-1-3] DEBUG org.asynchttpclient.netty.channel.ChannelManager - Adding key: http://localhost:49964 for channel [id: 0x488d26a2, L:/127.0.0.1:53114 - R:localhost/127.0.0.1:49964]
23:28:40.370 [Forwarding isElementEnabled on session eb2bda1efb8ec59f0786349f0b05251d to remote] DEBUG org.asynchttpclient.netty.request.NettyRequestSender - Using pooled Channel '[id: 0x488d26a2, L:/127.0.0.1:53114 - R:localhost/127.0.0.1:49964]' for 'GET' to 'http://localhost:49964/session/eb2bda1efb8ec59f0786349f0b05251d/element/da0942f6-793c-41d8-88d5-6bd53922e935/enabled'
23:28:40.370 [Forwarding isElementEnabled on session eb2bda1efb8ec59f0786349f0b05251d to remote] DEBUG org.asynchttpclient.netty.request.NettyRequestSender - Using open Channel [id: 0x488d26a2, L:/127.0.0.1:53114 - R:localhost/127.0.0.1:49964] for GET '/session/eb2bda1efb8ec59f0786349f0b05251d/element/da0942f6-793c-41d8-88d5-6bd53922e935/enabled'
23:28:40.404 [AsyncHttpClient-1-3] DEBUG org.asynchttpclient.netty.handler.HttpHandler - 

Request DefaultFullHttpRequest(decodeResult: success, version: HTTP/1.1, content: EmptyByteBufBE)
GET /session/eb2bda1efb8ec59f0786349f0b05251d/element/da0942f6-793c-41d8-88d5-6bd53922e935/enabled HTTP/1.1
User-Agent: selenium/4.1.2 (java windows)
Cache-Control: no-cache
Content-Type: application/json; charset=utf-8
host: localhost:49964
accept: */*

Response DefaultHttpResponse(decodeResult: success, version: HTTP/1.1)
HTTP/1.1 200 OK
Content-Type: application/json; charset=utf-8
cache-control: no-cache
content-length: 14

23:28:40.404 [AsyncHttpClient-1-3] DEBUG org.asynchttpclient.netty.channel.ChannelManager - Adding key: http://localhost:49964 for channel [id: 0x488d26a2, L:/127.0.0.1:53114 - R:localhost/127.0.0.1:49964]
23:28:40.406 [Forwarding isElementEnabled on session eb2bda1efb8ec59f0786349f0b05251d to remote] DEBUG org.asynchttpclient.netty.request.NettyRequestSender - Using pooled Channel '[id: 0x488d26a2, L:/127.0.0.1:53114 - R:localhost/127.0.0.1:49964]' for 'GET' to 'http://localhost:49964/session/eb2bda1efb8ec59f0786349f0b05251d/element/da0942f6-793c-41d8-88d5-6bd53922e935/enabled'
23:28:40.407 [Forwarding isElementEnabled on session eb2bda1efb8ec59f0786349f0b05251d to remote] DEBUG org.asynchttpclient.netty.request.NettyRequestSender - Using open Channel [id: 0x488d26a2, L:/127.0.0.1:53114 - R:localhost/127.0.0.1:49964] for GET '/session/eb2bda1efb8ec59f0786349f0b05251d/element/da0942f6-793c-41d8-88d5-6bd53922e935/enabled'
23:28:40.420 [AsyncHttpClient-1-3] DEBUG org.asynchttpclient.netty.handler.HttpHandler - 

Request DefaultFullHttpRequest(decodeResult: success, version: HTTP/1.1, content: EmptyByteBufBE)
GET /session/eb2bda1efb8ec59f0786349f0b05251d/element/da0942f6-793c-41d8-88d5-6bd53922e935/enabled HTTP/1.1
User-Agent: selenium/4.1.2 (java windows)
Cache-Control: no-cache
Content-Type: application/json; charset=utf-8
host: localhost:49964
accept: */*

Response DefaultHttpResponse(decodeResult: success, version: HTTP/1.1)
HTTP/1.1 200 OK
Content-Type: application/json; charset=utf-8
cache-control: no-cache
content-length: 14

23:28:40.420 [AsyncHttpClient-1-3] DEBUG org.asynchttpclient.netty.channel.ChannelManager - Adding key: http://localhost:49964 for channel [id: 0x488d26a2, L:/127.0.0.1:53114 - R:localhost/127.0.0.1:49964]
23:28:40.424 [Forwarding findElement on session eb2bda1efb8ec59f0786349f0b05251d to remote] DEBUG org.asynchttpclient.netty.request.NettyRequestSender - Using pooled Channel '[id: 0x488d26a2, L:/127.0.0.1:53114 - R:localhost/127.0.0.1:49964]' for 'POST' to 'http://localhost:49964/session/eb2bda1efb8ec59f0786349f0b05251d/element'
23:28:40.424 [Forwarding findElement on session eb2bda1efb8ec59f0786349f0b05251d to remote] DEBUG org.asynchttpclient.netty.request.NettyRequestSender - Using open Channel [id: 0x488d26a2, L:/127.0.0.1:53114 - R:localhost/127.0.0.1:49964] for POST '/session/eb2bda1efb8ec59f0786349f0b05251d/element'
23:28:40.432 [AsyncHttpClient-1-3] DEBUG org.asynchttpclient.netty.handler.HttpHandler - 

Request DefaultHttpRequest(decodeResult: success, version: HTTP/1.1)
POST /session/eb2bda1efb8ec59f0786349f0b05251d/element HTTP/1.1
User-Agent: selenium/4.1.2 (java windows)
Content-Length: 68
Content-Type: application/json; charset=utf-8
host: localhost:49964
accept: */*

Response DefaultHttpResponse(decodeResult: success, version: HTTP/1.1)
HTTP/1.1 200 OK
Content-Type: application/json; charset=utf-8
cache-control: no-cache
content-length: 88

23:28:40.433 [AsyncHttpClient-1-3] DEBUG org.asynchttpclient.netty.channel.ChannelManager - Adding key: http://localhost:49964 for channel [id: 0x488d26a2, L:/127.0.0.1:53114 - R:localhost/127.0.0.1:49964]
23:28:40.435 [Forwarding clickElement on session eb2bda1efb8ec59f0786349f0b05251d to remote] DEBUG org.asynchttpclient.netty.request.NettyRequestSender - Using pooled Channel '[id: 0x488d26a2, L:/127.0.0.1:53114 - R:localhost/127.0.0.1:49964]' for 'POST' to 'http://localhost:49964/session/eb2bda1efb8ec59f0786349f0b05251d/element/da0942f6-793c-41d8-88d5-6bd53922e935/click'
23:28:40.435 [Forwarding clickElement on session eb2bda1efb8ec59f0786349f0b05251d to remote] DEBUG org.asynchttpclient.netty.request.NettyRequestSender - Using open Channel [id: 0x488d26a2, L:/127.0.0.1:53114 - R:localhost/127.0.0.1:49964] for POST '/session/eb2bda1efb8ec59f0786349f0b05251d/element/da0942f6-793c-41d8-88d5-6bd53922e935/click'
23:28:40.549 [AsyncHttpClient-1-3] DEBUG org.asynchttpclient.netty.handler.HttpHandler - 

Request DefaultHttpRequest(decodeResult: success, version: HTTP/1.1)
POST /session/eb2bda1efb8ec59f0786349f0b05251d/element/da0942f6-793c-41d8-88d5-6bd53922e935/click HTTP/1.1
User-Agent: selenium/4.1.2 (java windows)
Content-Length: 50
Content-Type: application/json; charset=utf-8
host: localhost:49964
accept: */*

Response DefaultHttpResponse(decodeResult: success, version: HTTP/1.1)
HTTP/1.1 200 OK
Content-Type: application/json; charset=utf-8
cache-control: no-cache
content-length: 14

23:28:40.550 [AsyncHttpClient-1-3] DEBUG org.asynchttpclient.netty.channel.ChannelManager - Adding key: http://localhost:49964 for channel [id: 0x488d26a2, L:/127.0.0.1:53114 - R:localhost/127.0.0.1:49964]
23:28:40.566 [Forwarding screenshot on session eb2bda1efb8ec59f0786349f0b05251d to remote] DEBUG org.asynchttpclient.netty.request.NettyRequestSender - Using pooled Channel '[id: 0x488d26a2, L:/127.0.0.1:53114 - R:localhost/127.0.0.1:49964]' for 'GET' to 'http://localhost:49964/session/eb2bda1efb8ec59f0786349f0b05251d/screenshot'
23:28:40.566 [Forwarding screenshot on session eb2bda1efb8ec59f0786349f0b05251d to remote] DEBUG org.asynchttpclient.netty.request.NettyRequestSender - Using open Channel [id: 0x488d26a2, L:/127.0.0.1:53114 - R:localhost/127.0.0.1:49964] for GET '/session/eb2bda1efb8ec59f0786349f0b05251d/screenshot'
23:28:40.756 [AsyncHttpClient-1-3] DEBUG org.asynchttpclient.netty.handler.HttpHandler - 

Request DefaultFullHttpRequest(decodeResult: success, version: HTTP/1.1, content: EmptyByteBufBE)
GET /session/eb2bda1efb8ec59f0786349f0b05251d/screenshot HTTP/1.1
User-Agent: selenium/4.1.2 (java windows)
Cache-Control: no-cache
Content-Type: application/json; charset=utf-8
host: localhost:49964
accept: */*

Response DefaultHttpResponse(decodeResult: success, version: HTTP/1.1)
HTTP/1.1 200 OK
Content-Type: application/json; charset=utf-8
cache-control: no-cache
content-length: 251976

23:28:40.758 [AsyncHttpClient-1-3] DEBUG org.asynchttpclient.netty.channel.ChannelManager - Adding key: http://localhost:49964 for channel [id: 0x488d26a2, L:/127.0.0.1:53114 - R:localhost/127.0.0.1:49964]
23:28:40.769 [main] DEBUG net.serenitybdd.core.photography.Darkroom - Send negative for processing for target\site\serenity\a58f9cca3e9eab3cc141e25976bbfcd551cb9b390877d27275635cc8445764ed.png
23:28:40.769 [main] DEBUG net.thucydides.core.steps.StepInterceptor - STEP DONE: clickLoginButtonOnBookstore
  &amp#27;[32mAnd &amp#27;[0m&amp#27;[32mi click login button in bookstore page&amp#27;[0m      &amp#27;[90m# starter.stepdefenitions.LoginSteps.clickLoginButtonInBookstore()&amp#27;[0m
23:28:40.769 [Darkroom Processing Line] DEBUG net.serenitybdd.core.photography.DarkroomProcessingLine - Processing screenshot image in /var/screenshots/screenshot-6277896892240704595
23:28:40.769 [Darkroom Processing Line] DEBUG net.serenitybdd.core.photography.DarkroomProcessingLine - Saving screenshot to target\site\serenity\a58f9cca3e9eab3cc141e25976bbfcd551cb9b390877d27275635cc8445764ed.png
23:28:40.785 [main] DEBUG net.thucydides.core.steps.StepInterceptor - STARTING STEP: LoginSteps.onLoginPage - validationOnLoginPage
23:28:40.787 [Forwarding findElement on session eb2bda1efb8ec59f0786349f0b05251d to remote] DEBUG org.asynchttpclient.netty.request.NettyRequestSender - Using pooled Channel '[id: 0x488d26a2, L:/127.0.0.1:53114 - R:localhost/127.0.0.1:49964]' for 'POST' to 'http://localhost:49964/session/eb2bda1efb8ec59f0786349f0b05251d/element'
23:28:40.787 [Forwarding findElement on session eb2bda1efb8ec59f0786349f0b05251d to remote] DEBUG org.asynchttpclient.netty.request.NettyRequestSender - Using open Channel [id: 0x488d26a2, L:/127.0.0.1:53114 - R:localhost/127.0.0.1:49964] for POST '/session/eb2bda1efb8ec59f0786349f0b05251d/element'
23:28:40.800 [AsyncHttpClient-1-3] DEBUG org.asynchttpclient.netty.handler.HttpHandler - 

Request DefaultHttpRequest(decodeResult: success, version: HTTP/1.1)
POST /session/eb2bda1efb8ec59f0786349f0b05251d/element HTTP/1.1
User-Agent: selenium/4.1.2 (java windows)
Content-Length: 53
Content-Type: application/json; charset=utf-8
host: localhost:49964
accept: */*

Response DefaultHttpResponse(decodeResult: success, version: HTTP/1.1)
HTTP/1.1 200 OK
Content-Type: application/json; charset=utf-8
cache-control: no-cache
content-length: 88

23:28:40.800 [AsyncHttpClient-1-3] DEBUG org.asynchttpclient.netty.channel.ChannelManager - Adding key: http://localhost:49964 for channel [id: 0x488d26a2, L:/127.0.0.1:53114 - R:localhost/127.0.0.1:49964]
23:28:40.805 [Forwarding isElementDisplayed on session eb2bda1efb8ec59f0786349f0b05251d to remote] DEBUG org.asynchttpclient.netty.request.NettyRequestSender - Using pooled Channel '[id: 0x488d26a2, L:/127.0.0.1:53114 - R:localhost/127.0.0.1:49964]' for 'POST' to 'http://localhost:49964/session/eb2bda1efb8ec59f0786349f0b05251d/execute/sync'
23:28:40.805 [Forwarding isElementDisplayed on session eb2bda1efb8ec59f0786349f0b05251d to remote] DEBUG org.asynchttpclient.netty.request.NettyRequestSender - Using open Channel [id: 0x488d26a2, L:/127.0.0.1:53114 - R:localhost/127.0.0.1:49964] for POST '/session/eb2bda1efb8ec59f0786349f0b05251d/execute/sync'
23:28:40.825 [AsyncHttpClient-1-3] DEBUG org.asynchttpclient.netty.handler.HttpHandler - 

Request DefaultHttpRequest(decodeResult: success, version: HTTP/1.1)
POST /session/eb2bda1efb8ec59f0786349f0b05251d/execute/sync HTTP/1.1
User-Agent: selenium/4.1.2 (java windows)
Content-Length: 48780
Content-Type: application/json; charset=utf-8
host: localhost:49964
accept: */*

Response DefaultHttpResponse(decodeResult: success, version: HTTP/1.1)
HTTP/1.1 200 OK
Content-Type: application/json; charset=utf-8
cache-control: no-cache
content-length: 14

23:28:40.826 [AsyncHttpClient-1-3] DEBUG org.asynchttpclient.netty.channel.ChannelManager - Adding key: http://localhost:49964 for channel [id: 0x488d26a2, L:/127.0.0.1:53114 - R:localhost/127.0.0.1:49964]
23:28:40.830 [Forwarding screenshot on session eb2bda1efb8ec59f0786349f0b05251d to remote] DEBUG org.asynchttpclient.netty.request.NettyRequestSender - Using pooled Channel '[id: 0x488d26a2, L:/127.0.0.1:53114 - R:localhost/127.0.0.1:49964]' for 'GET' to 'http://localhost:49964/session/eb2bda1efb8ec59f0786349f0b05251d/screenshot'
23:28:40.830 [Forwarding screenshot on session eb2bda1efb8ec59f0786349f0b05251d to remote] DEBUG org.asynchttpclient.netty.request.NettyRequestSender - Using open Channel [id: 0x488d26a2, L:/127.0.0.1:53114 - R:localhost/127.0.0.1:49964] for GET '/session/eb2bda1efb8ec59f0786349f0b05251d/screenshot'
23:28:40.993 [AsyncHttpClient-1-3] DEBUG org.asynchttpclient.netty.handler.HttpHandler - 

Request DefaultFullHttpRequest(decodeResult: success, version: HTTP/1.1, content: EmptyByteBufBE)
GET /session/eb2bda1efb8ec59f0786349f0b05251d/screenshot HTTP/1.1
User-Agent: selenium/4.1.2 (java windows)
Cache-Control: no-cache
Content-Type: application/json; charset=utf-8
host: localhost:49964
accept: */*

Response DefaultHttpResponse(decodeResult: success, version: HTTP/1.1)
HTTP/1.1 200 OK
Content-Type: application/json; charset=utf-8
cache-control: no-cache
content-length: 251976

23:28:40.994 [AsyncHttpClient-1-3] DEBUG org.asynchttpclient.netty.channel.ChannelManager - Adding key: http://localhost:49964 for channel [id: 0x488d26a2, L:/127.0.0.1:53114 - R:localhost/127.0.0.1:49964]
23:28:41.005 [main] DEBUG net.serenitybdd.core.photography.Darkroom - Send negative for processing for target\site\serenity\a58f9cca3e9eab3cc141e25976bbfcd551cb9b390877d27275635cc8445764ed.png
23:28:41.005 [main] DEBUG net.thucydides.core.steps.StepInterceptor - STEP DONE: validationOnLoginPage
  &amp#27;[32mGiven &amp#27;[0m&amp#27;[32mi am on the login page&amp#27;[0m                    &amp#27;[90m# starter.stepdefenitions.LoginSteps.onLoginPage()&amp#27;[0m
23:28:41.019 [main] DEBUG net.thucydides.core.steps.StepInterceptor - STARTING STEP: LoginSteps.inputValidUsername - inputUsername
23:28:41.021 [Forwarding findElement on session eb2bda1efb8ec59f0786349f0b05251d to remote] DEBUG org.asynchttpclient.netty.request.NettyRequestSender - Using pooled Channel '[id: 0x488d26a2, L:/127.0.0.1:53114 - R:localhost/127.0.0.1:49964]' for 'POST' to 'http://localhost:49964/session/eb2bda1efb8ec59f0786349f0b05251d/element'
23:28:41.022 [Forwarding findElement on session eb2bda1efb8ec59f0786349f0b05251d to remote] DEBUG org.asynchttpclient.netty.request.NettyRequestSender - Using open Channel [id: 0x488d26a2, L:/127.0.0.1:53114 - R:localhost/127.0.0.1:49964] for POST '/session/eb2bda1efb8ec59f0786349f0b05251d/element'
23:28:41.034 [AsyncHttpClient-1-3] DEBUG org.asynchttpclient.netty.handler.HttpHandler - 

Request DefaultHttpRequest(decodeResult: success, version: HTTP/1.1)
POST /session/eb2bda1efb8ec59f0786349f0b05251d/element HTTP/1.1
User-Agent: selenium/4.1.2 (java windows)
Content-Length: 70
Content-Type: application/json; charset=utf-8
host: localhost:49964
accept: */*

Response DefaultHttpResponse(decodeResult: success, version: HTTP/1.1)
HTTP/1.1 200 OK
Content-Type: application/json; charset=utf-8
cache-control: no-cache
content-length: 88

23:28:41.034 [AsyncHttpClient-1-3] DEBUG org.asynchttpclient.netty.channel.ChannelManager - Adding key: http://localhost:49964 for channel [id: 0x488d26a2, L:/127.0.0.1:53114 - R:localhost/127.0.0.1:49964]
23:28:41.035 [Forwarding clearElement on session eb2bda1efb8ec59f0786349f0b05251d to remote] DEBUG org.asynchttpclient.netty.request.NettyRequestSender - Using pooled Channel '[id: 0x488d26a2, L:/127.0.0.1:53114 - R:localhost/127.0.0.1:49964]' for 'POST' to 'http://localhost:49964/session/eb2bda1efb8ec59f0786349f0b05251d/element/86df1736-8064-44af-a5ba-83168f8ebce3/clear'
23:28:41.035 [Forwarding clearElement on session eb2bda1efb8ec59f0786349f0b05251d to remote] DEBUG org.asynchttpclient.netty.request.NettyRequestSender - Using open Channel [id: 0x488d26a2, L:/127.0.0.1:53114 - R:localhost/127.0.0.1:49964] for POST '/session/eb2bda1efb8ec59f0786349f0b05251d/element/86df1736-8064-44af-a5ba-83168f8ebce3/clear'
23:28:41.071 [AsyncHttpClient-1-3] DEBUG org.asynchttpclient.netty.handler.HttpHandler - 

Request DefaultHttpRequest(decodeResult: success, version: HTTP/1.1)
POST /session/eb2bda1efb8ec59f0786349f0b05251d/element/86df1736-8064-44af-a5ba-83168f8ebce3/clear HTTP/1.1
User-Agent: selenium/4.1.2 (java windows)
Content-Length: 50
Content-Type: application/json; charset=utf-8
host: localhost:49964
accept: */*

Response DefaultHttpResponse(decodeResult: success, version: HTTP/1.1)
HTTP/1.1 200 OK
Content-Type: application/json; charset=utf-8
cache-control: no-cache
content-length: 14

23:28:41.071 [AsyncHttpClient-1-3] DEBUG org.asynchttpclient.netty.channel.ChannelManager - Adding key: http://localhost:49964 for channel [id: 0x488d26a2, L:/127.0.0.1:53114 - R:localhost/127.0.0.1:49964]
23:28:41.074 [Forwarding sendKeysToElement on session eb2bda1efb8ec59f0786349f0b05251d to remote] DEBUG org.asynchttpclient.netty.request.NettyRequestSender - Using pooled Channel '[id: 0x488d26a2, L:/127.0.0.1:53114 - R:localhost/127.0.0.1:49964]' for 'POST' to 'http://localhost:49964/session/eb2bda1efb8ec59f0786349f0b05251d/element/86df1736-8064-44af-a5ba-83168f8ebce3/value'
23:28:41.074 [Forwarding sendKeysToElement on session eb2bda1efb8ec59f0786349f0b05251d to remote] DEBUG org.asynchttpclient.netty.request.NettyRequestSender - Using open Channel [id: 0x488d26a2, L:/127.0.0.1:53114 - R:localhost/127.0.0.1:49964] for POST '/session/eb2bda1efb8ec59f0786349f0b05251d/element/86df1736-8064-44af-a5ba-83168f8ebce3/value'
23:28:41.122 [AsyncHttpClient-1-1] DEBUG org.asynchttpclient.netty.channel.DefaultChannelPool - Entry count for : http://localhost:53115 : 1
23:28:41.161 [AsyncHttpClient-1-3] DEBUG org.asynchttpclient.netty.handler.HttpHandler - 

Request DefaultHttpRequest(decodeResult: success, version: HTTP/1.1)
POST /session/eb2bda1efb8ec59f0786349f0b05251d/element/86df1736-8064-44af-a5ba-83168f8ebce3/value HTTP/1.1
User-Agent: selenium/4.1.2 (java windows)
Content-Length: 141
Content-Type: application/json; charset=utf-8
host: localhost:49964
accept: */*

Response DefaultHttpResponse(decodeResult: success, version: HTTP/1.1)
HTTP/1.1 200 OK
Content-Type: application/json; charset=utf-8
cache-control: no-cache
content-length: 14

23:28:41.161 [AsyncHttpClient-1-3] DEBUG org.asynchttpclient.netty.channel.ChannelManager - Adding key: http://localhost:49964 for channel [id: 0x488d26a2, L:/127.0.0.1:53114 - R:localhost/127.0.0.1:49964]
23:28:41.168 [Forwarding screenshot on session eb2bda1efb8ec59f0786349f0b05251d to remote] DEBUG org.asynchttpclient.netty.request.NettyRequestSender - Using pooled Channel '[id: 0x488d26a2, L:/127.0.0.1:53114 - R:localhost/127.0.0.1:49964]' for 'GET' to 'http://localhost:49964/session/eb2bda1efb8ec59f0786349f0b05251d/screenshot'
23:28:41.168 [Forwarding screenshot on session eb2bda1efb8ec59f0786349f0b05251d to remote] DEBUG org.asynchttpclient.netty.request.NettyRequestSender - Using open Channel [id: 0x488d26a2, L:/127.0.0.1:53114 - R:localhost/127.0.0.1:49964] for GET '/session/eb2bda1efb8ec59f0786349f0b05251d/screenshot'
23:28:41.398 [AsyncHttpClient-1-3] DEBUG org.asynchttpclient.netty.handler.HttpHandler - 

Request DefaultFullHttpRequest(decodeResult: success, version: HTTP/1.1, content: EmptyByteBufBE)
GET /session/eb2bda1efb8ec59f0786349f0b05251d/screenshot HTTP/1.1
User-Agent: selenium/4.1.2 (java windows)
Cache-Control: no-cache
Content-Type: application/json; charset=utf-8
host: localhost:49964
accept: */*

Response DefaultHttpResponse(decodeResult: success, version: HTTP/1.1)
HTTP/1.1 200 OK
Content-Type: application/json; charset=utf-8
cache-control: no-cache
content-length: 252304

23:28:41.399 [AsyncHttpClient-1-3] DEBUG org.asynchttpclient.netty.channel.ChannelManager - Adding key: http://localhost:49964 for channel [id: 0x488d26a2, L:/127.0.0.1:53114 - R:localhost/127.0.0.1:49964]
23:28:41.410 [main] DEBUG net.serenitybdd.core.photography.Darkroom - Send negative for processing for target\site\serenity\0a9ea5a6da1bc50af0031e2677cdca7a29d68e395efda354a635c5683f668675.png
23:28:41.410 [main] DEBUG net.thucydides.core.steps.StepInterceptor - STEP DONE: inputUsername
  &amp#27;[32mWhen &amp#27;[0m&amp#27;[32mi input valid username&amp#27;[0m                     &amp#27;[90m# starter.stepdefenitions.LoginSteps.inputValidUsername()&amp#27;[0m
23:28:41.410 [Darkroom Processing Line] DEBUG net.serenitybdd.core.photography.DarkroomProcessingLine - Processing screenshot image in /var/screenshots/screenshot-7046292310373048613
23:28:41.410 [Darkroom Processing Line] DEBUG net.serenitybdd.core.photography.DarkroomProcessingLine - Saving screenshot to target\site\serenity\0a9ea5a6da1bc50af0031e2677cdca7a29d68e395efda354a635c5683f668675.png
23:28:41.425 [main] DEBUG net.thucydides.core.steps.StepInterceptor - STARTING STEP: LoginSteps.inputValidPassword - inputPassword
23:28:41.427 [Forwarding findElement on session eb2bda1efb8ec59f0786349f0b05251d to remote] DEBUG org.asynchttpclient.netty.request.NettyRequestSender - Using pooled Channel '[id: 0x488d26a2, L:/127.0.0.1:53114 - R:localhost/127.0.0.1:49964]' for 'POST' to 'http://localhost:49964/session/eb2bda1efb8ec59f0786349f0b05251d/element'
23:28:41.427 [Forwarding findElement on session eb2bda1efb8ec59f0786349f0b05251d to remote] DEBUG org.asynchttpclient.netty.request.NettyRequestSender - Using open Channel [id: 0x488d26a2, L:/127.0.0.1:53114 - R:localhost/127.0.0.1:49964] for POST '/session/eb2bda1efb8ec59f0786349f0b05251d/element'
23:28:41.442 [AsyncHttpClient-1-3] DEBUG org.asynchttpclient.netty.handler.HttpHandler - 

Request DefaultHttpRequest(decodeResult: success, version: HTTP/1.1)
POST /session/eb2bda1efb8ec59f0786349f0b05251d/element HTTP/1.1
User-Agent: selenium/4.1.2 (java windows)
Content-Length: 70
Content-Type: application/json; charset=utf-8
host: localhost:49964
accept: */*

Response DefaultHttpResponse(decodeResult: success, version: HTTP/1.1)
HTTP/1.1 200 OK
Content-Type: application/json; charset=utf-8
cache-control: no-cache
content-length: 88

23:28:41.442 [AsyncHttpClient-1-3] DEBUG org.asynchttpclient.netty.channel.ChannelManager - Adding key: http://localhost:49964 for channel [id: 0x488d26a2, L:/127.0.0.1:53114 - R:localhost/127.0.0.1:49964]
23:28:41.444 [Forwarding clearElement on session eb2bda1efb8ec59f0786349f0b05251d to remote] DEBUG org.asynchttpclient.netty.request.NettyRequestSender - Using pooled Channel '[id: 0x488d26a2, L:/127.0.0.1:53114 - R:localhost/127.0.0.1:49964]' for 'POST' to 'http://localhost:49964/session/eb2bda1efb8ec59f0786349f0b05251d/element/3b9631ba-e76d-47b4-9a38-b8a5f79d77ed/clear'
23:28:41.444 [Forwarding clearElement on session eb2bda1efb8ec59f0786349f0b05251d to remote] DEBUG org.asynchttpclient.netty.request.NettyRequestSender - Using open Channel [id: 0x488d26a2, L:/127.0.0.1:53114 - R:localhost/127.0.0.1:49964] for POST '/session/eb2bda1efb8ec59f0786349f0b05251d/element/3b9631ba-e76d-47b4-9a38-b8a5f79d77ed/clear'
23:28:41.477 [AsyncHttpClient-1-3] DEBUG org.asynchttpclient.netty.handler.HttpHandler - 

Request DefaultHttpRequest(decodeResult: success, version: HTTP/1.1)
POST /session/eb2bda1efb8ec59f0786349f0b05251d/element/3b9631ba-e76d-47b4-9a38-b8a5f79d77ed/clear HTTP/1.1
User-Agent: selenium/4.1.2 (java windows)
Content-Length: 50
Content-Type: application/json; charset=utf-8
host: localhost:49964
accept: */*

Response DefaultHttpResponse(decodeResult: success, version: HTTP/1.1)
HTTP/1.1 200 OK
Content-Type: application/json; charset=utf-8
cache-control: no-cache
content-length: 14

23:28:41.478 [AsyncHttpClient-1-3] DEBUG org.asynchttpclient.netty.channel.ChannelManager - Adding key: http://localhost:49964 for channel [id: 0x488d26a2, L:/127.0.0.1:53114 - R:localhost/127.0.0.1:49964]
23:28:41.480 [Forwarding sendKeysToElement on session eb2bda1efb8ec59f0786349f0b05251d to remote] DEBUG org.asynchttpclient.netty.request.NettyRequestSender - Using pooled Channel '[id: 0x488d26a2, L:/127.0.0.1:53114 - R:localhost/127.0.0.1:49964]' for 'POST' to 'http://localhost:49964/session/eb2bda1efb8ec59f0786349f0b05251d/element/3b9631ba-e76d-47b4-9a38-b8a5f79d77ed/value'
23:28:41.480 [Forwarding sendKeysToElement on session eb2bda1efb8ec59f0786349f0b05251d to remote] DEBUG org.asynchttpclient.netty.request.NettyRequestSender - Using open Channel [id: 0x488d26a2, L:/127.0.0.1:53114 - R:localhost/127.0.0.1:49964] for POST '/session/eb2bda1efb8ec59f0786349f0b05251d/element/3b9631ba-e76d-47b4-9a38-b8a5f79d77ed/value'
23:28:41.583 [AsyncHttpClient-1-3] DEBUG org.asynchttpclient.netty.handler.HttpHandler - 

Request DefaultHttpRequest(decodeResult: success, version: HTTP/1.1)
POST /session/eb2bda1efb8ec59f0786349f0b05251d/element/3b9631ba-e76d-47b4-9a38-b8a5f79d77ed/value HTTP/1.1
User-Agent: selenium/4.1.2 (java windows)
Content-Length: 181
Content-Type: application/json; charset=utf-8
host: localhost:49964
accept: */*

Response DefaultHttpResponse(decodeResult: success, version: HTTP/1.1)
HTTP/1.1 200 OK
Content-Type: application/json; charset=utf-8
cache-control: no-cache
content-length: 14

23:28:41.583 [AsyncHttpClient-1-3] DEBUG org.asynchttpclient.netty.channel.ChannelManager - Adding key: http://localhost:49964 for channel [id: 0x488d26a2, L:/127.0.0.1:53114 - R:localhost/127.0.0.1:49964]
23:28:41.589 [Forwarding screenshot on session eb2bda1efb8ec59f0786349f0b05251d to remote] DEBUG org.asynchttpclient.netty.request.NettyRequestSender - Using pooled Channel '[id: 0x488d26a2, L:/127.0.0.1:53114 - R:localhost/127.0.0.1:49964]' for 'GET' to 'http://localhost:49964/session/eb2bda1efb8ec59f0786349f0b05251d/screenshot'
23:28:41.589 [Forwarding screenshot on session eb2bda1efb8ec59f0786349f0b05251d to remote] DEBUG org.asynchttpclient.netty.request.NettyRequestSender - Using open Channel [id: 0x488d26a2, L:/127.0.0.1:53114 - R:localhost/127.0.0.1:49964] for GET '/session/eb2bda1efb8ec59f0786349f0b05251d/screenshot'
23:28:41.785 [AsyncHttpClient-1-3] DEBUG org.asynchttpclient.netty.handler.HttpHandler - 

Request DefaultFullHttpRequest(decodeResult: success, version: HTTP/1.1, content: EmptyByteBufBE)
GET /session/eb2bda1efb8ec59f0786349f0b05251d/screenshot HTTP/1.1
User-Agent: selenium/4.1.2 (java windows)
Cache-Control: no-cache
Content-Type: application/json; charset=utf-8
host: localhost:49964
accept: */*

Response DefaultHttpResponse(decodeResult: success, version: HTTP/1.1)
HTTP/1.1 200 OK
Content-Type: application/json; charset=utf-8
cache-control: no-cache
content-length: 251264

23:28:41.786 [AsyncHttpClient-1-3] DEBUG org.asynchttpclient.netty.channel.ChannelManager - Adding key: http://localhost:49964 for channel [id: 0x488d26a2, L:/127.0.0.1:53114 - R:localhost/127.0.0.1:49964]
23:28:41.797 [main] DEBUG net.serenitybdd.core.photography.Darkroom - Send negative for processing for target\site\serenity\eaeeb2395da2dd868aa4b525a2614c1a86b229ed96751ad393a97bb590a30024.png
23:28:41.797 [main] DEBUG net.thucydides.core.steps.StepInterceptor - STEP DONE: inputPassword
  &amp#27;[32mAnd &amp#27;[0m&amp#27;[32mi input valid password&amp#27;[0m                      &amp#27;[90m# starter.stepdefenitions.LoginSteps.inputValidPassword()&amp#27;[0m
23:28:41.797 [Darkroom Processing Line] DEBUG net.serenitybdd.core.photography.DarkroomProcessingLine - Processing screenshot image in /var/screenshots/screenshot-8916924723416431423
23:28:41.798 [Darkroom Processing Line] DEBUG net.serenitybdd.core.photography.DarkroomProcessingLine - Saving screenshot to target\site\serenity\eaeeb2395da2dd868aa4b525a2614c1a86b229ed96751ad393a97bb590a30024.png
23:28:41.814 [main] DEBUG net.thucydides.core.steps.StepInterceptor - STARTING STEP: LoginSteps.clickLoginButton - clickLoginButton
23:28:41.817 [main] DEBUG net.thucydides.core.steps.StepInterceptor - STEP DONE: clickLoginButton
  &amp#27;[32mAnd &amp#27;[0m&amp#27;[32mi click login button&amp#27;[0m                        &amp#27;[90m# starter.stepdefenitions.LoginSteps.clickLoginButton()&amp#27;[0m
23:28:41.833 [main] DEBUG net.thucydides.core.steps.StepInterceptor - STARTING STEP: LoginSteps.successLogin - validationAfterLogin
23:28:41.835 [Forwarding findElement on session eb2bda1efb8ec59f0786349f0b05251d to remote] DEBUG org.asynchttpclient.netty.request.NettyRequestSender - Using pooled Channel '[id: 0x488d26a2, L:/127.0.0.1:53114 - R:localhost/127.0.0.1:49964]' for 'POST' to 'http://localhost:49964/session/eb2bda1efb8ec59f0786349f0b05251d/element'
23:28:41.836 [Forwarding findElement on session eb2bda1efb8ec59f0786349f0b05251d to remote] DEBUG org.asynchttpclient.netty.request.NettyRequestSender - Using open Channel [id: 0x488d26a2, L:/127.0.0.1:53114 - R:localhost/127.0.0.1:49964] for POST '/session/eb2bda1efb8ec59f0786349f0b05251d/element'
23:28:41.848 [AsyncHttpClient-1-3] DEBUG org.asynchttpclient.netty.handler.HttpHandler - 

Request DefaultHttpRequest(decodeResult: success, version: HTTP/1.1)
POST /session/eb2bda1efb8ec59f0786349f0b05251d/element HTTP/1.1
User-Agent: selenium/4.1.2 (java windows)
Content-Length: 57
Content-Type: application/json; charset=utf-8
host: localhost:49964
accept: */*

Response DefaultHttpResponse(decodeResult: success, version: HTTP/1.1)
HTTP/1.1 200 OK
Content-Type: application/json; charset=utf-8
cache-control: no-cache
content-length: 88

23:28:41.849 [AsyncHttpClient-1-3] DEBUG org.asynchttpclient.netty.channel.ChannelManager - Adding key: http://localhost:49964 for channel [id: 0x488d26a2, L:/127.0.0.1:53114 - R:localhost/127.0.0.1:49964]
23:28:41.853 [Forwarding isElementDisplayed on session eb2bda1efb8ec59f0786349f0b05251d to remote] DEBUG org.asynchttpclient.netty.request.NettyRequestSender - Using pooled Channel '[id: 0x488d26a2, L:/127.0.0.1:53114 - R:localhost/127.0.0.1:49964]' for 'POST' to 'http://localhost:49964/session/eb2bda1efb8ec59f0786349f0b05251d/execute/sync'
23:28:41.854 [Forwarding isElementDisplayed on session eb2bda1efb8ec59f0786349f0b05251d to remote] DEBUG org.asynchttpclient.netty.request.NettyRequestSender - Using open Channel [id: 0x488d26a2, L:/127.0.0.1:53114 - R:localhost/127.0.0.1:49964] for POST '/session/eb2bda1efb8ec59f0786349f0b05251d/execute/sync'
23:28:41.866 [AsyncHttpClient-1-3] DEBUG org.asynchttpclient.netty.handler.HttpHandler - 

Request DefaultHttpRequest(decodeResult: success, version: HTTP/1.1)
POST /session/eb2bda1efb8ec59f0786349f0b05251d/execute/sync HTTP/1.1
User-Agent: selenium/4.1.2 (java windows)
Content-Length: 48780
Content-Type: application/json; charset=utf-8
host: localhost:49964
accept: */*

Response DefaultHttpResponse(decodeResult: success, version: HTTP/1.1)
HTTP/1.1 200 OK
Content-Type: application/json; charset=utf-8
cache-control: no-cache
content-length: 14

23:28:41.866 [AsyncHttpClient-1-3] DEBUG org.asynchttpclient.netty.channel.ChannelManager - Adding key: http://localhost:49964 for channel [id: 0x488d26a2, L:/127.0.0.1:53114 - R:localhost/127.0.0.1:49964]
23:28:41.870 [Forwarding screenshot on session eb2bda1efb8ec59f0786349f0b05251d to remote] DEBUG org.asynchttpclient.netty.request.NettyRequestSender - Using pooled Channel '[id: 0x488d26a2, L:/127.0.0.1:53114 - R:localhost/127.0.0.1:49964]' for 'GET' to 'http://localhost:49964/session/eb2bda1efb8ec59f0786349f0b05251d/screenshot'
23:28:41.870 [Forwarding screenshot on session eb2bda1efb8ec59f0786349f0b05251d to remote] DEBUG org.asynchttpclient.netty.request.NettyRequestSender - Using open Channel [id: 0x488d26a2, L:/127.0.0.1:53114 - R:localhost/127.0.0.1:49964] for GET '/session/eb2bda1efb8ec59f0786349f0b05251d/screenshot'
23:28:42.050 [AsyncHttpClient-1-3] DEBUG org.asynchttpclient.netty.handler.HttpHandler - 

Request DefaultFullHttpRequest(decodeResult: success, version: HTTP/1.1, content: EmptyByteBufBE)
GET /session/eb2bda1efb8ec59f0786349f0b05251d/screenshot HTTP/1.1
User-Agent: selenium/4.1.2 (java windows)
Cache-Control: no-cache
Content-Type: application/json; charset=utf-8
host: localhost:49964
accept: */*

Response DefaultHttpResponse(decodeResult: success, version: HTTP/1.1)
HTTP/1.1 200 OK
Content-Type: application/json; charset=utf-8
cache-control: no-cache
content-length: 251272

23:28:42.053 [AsyncHttpClient-1-3] DEBUG org.asynchttpclient.netty.channel.ChannelManager - Adding key: http://localhost:49964 for channel [id: 0x488d26a2, L:/127.0.0.1:53114 - R:localhost/127.0.0.1:49964]
23:28:42.069 [main] DEBUG net.serenitybdd.core.photography.Darkroom - Send negative for processing for target\site\serenity\42f17185f650049b09f9b59eb9380611b72f5d473467c6480a09a0b53f6a7a3f.png
23:28:42.069 [main] DEBUG net.thucydides.core.steps.StepInterceptor - STEP DONE: validationAfterLogin
  &amp#27;[32mThen &amp#27;[0m&amp#27;[32mi success login&amp#27;[0m                            &amp#27;[90m# starter.stepdefenitions.LoginSteps.successLogin()&amp#27;[0m
23:28:42.070 [Darkroom Processing Line] DEBUG net.serenitybdd.core.photography.DarkroomProcessingLine - Processing screenshot image in /var/screenshots/screenshot-3425459106174390912
23:28:42.070 [Darkroom Processing Line] DEBUG net.serenitybdd.core.photography.DarkroomProcessingLine - Saving screenshot to target\site\serenity\42f17185f650049b09f9b59eb9380611b72f5d473467c6480a09a0b53f6a7a3f.png
23:28:42.077 [main] INFO  - 
  _____   ___   ___   _____     ___     _     ___   ___   ___   ___  
 |_   _| | __| / __| |_   _|   | _ \   /_\   / __| / __| | __| |   \ 
   | |   | _|  \__ \   | |     |  _/  / _ \  \__ \ \__ \ | _|  | |) |
   |_|   |___| |___/   |_|     |_|   /_/ \_\ |___/ |___/ |___| |___/ 

As user i have be able to success login
----------------------------------------------------------------------
23:28:42.079 [AsyncHttpClient-1-5] DEBUG org.asynchttpclient.netty.handler.WebSocketHandler - Channel Closed: [id: 0x6a40b161, L:/127.0.0.1:53121 ! R:localhost/127.0.0.1:53115] with attribute NettyResponseFuture{currentRetry=5,
	isDone=1,
	isCancelled=0,
	asyncHandler=org.asynchttpclient.ws.WebSocketUpgradeHandler@47a1199,
	nettyRequest=org.asynchttpclient.netty.request.NettyRequest@5b037e14,
	future=java.util.concurrent.CompletableFuture@2e2b77b4[Completed normally],
	uri=ws://localhost:53115/devtools/browser/747734bb-6a05-4e89-aeab-376def3c22fe,
	keepAlive=true,
	redirectCount=0,
	timeoutsHolder=null,
	inAuth=0,
	touch=1649608096642}
23:28:42.080 [AsyncHttpClient-1-5] DEBUG org.asynchttpclient.netty.channel.ChannelManager - Closing Channel [id: 0x6a40b161, L:/127.0.0.1:53121 ! R:localhost/127.0.0.1:53115] 
23:28:42.084 [Driver Command Executor] DEBUG org.asynchttpclient.netty.request.NettyRequestSender - Using pooled Channel '[id: 0x488d26a2, L:/127.0.0.1:53114 - R:localhost/127.0.0.1:49964]' for 'DELETE' to 'http://localhost:49964/session/eb2bda1efb8ec59f0786349f0b05251d'
23:28:42.084 [Driver Command Executor] DEBUG org.asynchttpclient.netty.request.NettyRequestSender - Using open Channel [id: 0x488d26a2, L:/127.0.0.1:53114 - R:localhost/127.0.0.1:49964] for DELETE '/session/eb2bda1efb8ec59f0786349f0b05251d'
23:28:42.198 [AsyncHttpClient-1-4] DEBUG org.asynchttpclient.netty.handler.HttpHandler - Unexpected I/O exception on channel [id: 0x2f27ea31, L:/127.0.0.1:53120 - R:localhost/127.0.0.1:53115]
java.io.IOException: An existing connection was forcibly closed by the remote host
	at sun.nio.ch.SocketDispatcher.read0(Native Method)
	at sun.nio.ch.SocketDispatcher.read(SocketDispatcher.java:43)
	at sun.nio.ch.IOUtil.readIntoNativeBuffer(IOUtil.java:223)
	at sun.nio.ch.IOUtil.read(IOUtil.java:192)
	at sun.nio.ch.SocketChannelImpl.read(SocketChannelImpl.java:378)
	at io.netty.buffer.PooledByteBuf.setBytes(PooledByteBuf.java:258)
	at io.netty.buffer.AbstractByteBuf.writeBytes(AbstractByteBuf.java:1132)
	at io.netty.channel.socket.nio.NioSocketChannel.doReadBytes(NioSocketChannel.java:350)
	at io.netty.channel.nio.AbstractNioByteChannel$NioByteUnsafe.read(AbstractNioByteChannel.java:151)
	at io.netty.channel.nio.NioEventLoop.processSelectedKey(NioEventLoop.java:722)
	at io.netty.channel.nio.NioEventLoop.processSelectedKeysOptimized(NioEventLoop.java:658)
	at io.netty.channel.nio.NioEventLoop.processSelectedKeys(NioEventLoop.java:584)
	at io.netty.channel.nio.NioEventLoop.run(NioEventLoop.java:496)
	at io.netty.util.concurrent.SingleThreadEventExecutor$4.run(SingleThreadEventExecutor.java:986)
	at io.netty.util.internal.ThreadExecutorMap$2.run(ThreadExecutorMap.java:74)
	at io.netty.util.concurrent.FastThreadLocalRunnable.run(FastThreadLocalRunnable.java:30)
	at java.lang.Thread.run(Thread.java:750)
23:28:42.199 [AsyncHttpClient-1-4] DEBUG org.asynchttpclient.netty.channel.ChannelManager - Closing Channel [id: 0x2f27ea31, L:/127.0.0.1:53120 - R:localhost/127.0.0.1:53115] 
23:28:42.200 [AsyncHttpClient-1-4] DEBUG org.asynchttpclient.netty.handler.HttpHandler - Channel Closed: [id: 0x2f27ea31, L:/127.0.0.1:53120 ! R:localhost/127.0.0.1:53115] with attribute DISCARD
23:28:42.220 [AsyncHttpClient-1-1] DEBUG org.asynchttpclient.netty.channel.DefaultChannelPool - Entry count for : http://localhost:53115 : 1
23:28:42.220 [AsyncHttpClient-1-1] DEBUG org.asynchttpclient.netty.channel.DefaultChannelPool - Adding Candidate expired Channel [id: 0x2f27ea31, L:/127.0.0.1:53120 ! R:localhost/127.0.0.1:53115] isIdleTimeoutExpired=false isRemotelyClosed=true isTtlExpired=false
23:28:42.221 [AsyncHttpClient-1-1] DEBUG org.asynchttpclient.netty.channel.DefaultChannelPool - Closing Idle Channel [id: 0x2f27ea31, L:/127.0.0.1:53120 ! R:localhost/127.0.0.1:53115]
23:28:42.221 [AsyncHttpClient-1-1] DEBUG org.asynchttpclient.netty.channel.DefaultChannelPool - Closed 1 connections out of 1 in 1 ms
23:28:42.237 [AsyncHttpClient-1-3] DEBUG org.asynchttpclient.netty.handler.HttpHandler - 

Request DefaultFullHttpRequest(decodeResult: success, version: HTTP/1.1, content: EmptyByteBufBE)
DELETE /session/eb2bda1efb8ec59f0786349f0b05251d HTTP/1.1
User-Agent: selenium/4.1.2 (java windows)
Content-Type: application/json; charset=utf-8
host: localhost:49964
accept: */*

Response DefaultHttpResponse(decodeResult: success, version: HTTP/1.1)
HTTP/1.1 200 OK
Content-Type: application/json; charset=utf-8
cache-control: no-cache
content-length: 14

23:28:42.238 [AsyncHttpClient-1-3] DEBUG org.asynchttpclient.netty.channel.ChannelManager - Adding key: http://localhost:49964 for channel [id: 0x488d26a2, L:/127.0.0.1:53114 - R:localhost/127.0.0.1:49964]
23:28:42.381 [AsyncHttpClient-1-3] DEBUG org.asynchttpclient.netty.handler.HttpHandler - Channel Closed: [id: 0x488d26a2, L:/127.0.0.1:53114 ! R:localhost/127.0.0.1:49964] with attribute DISCARD
]]></system-out>
    <system-err><![CDATA[Starting ChromeDriver 100.0.4896.60 (6a5d10861ce8de5fce22564658033b43cb7de047-refs/branch-heads/4896@{#875}) on port 49964
Only local connections are allowed.
Please see https://chromedriver.chromium.org/security-considerations for suggestions on keeping ChromeDriver safe.
ChromeDriver was started successfully.
Apr 10, 2022 11:28:16 PM org.openqa.selenium.remote.ProtocolHandshake createSession
INFO: Detected dialect: W3C
Apr 10, 2022 11:28:16 PM org.openqa.selenium.devtools.CdpVersionFinder findNearestMatch
WARNING: Unable to find an exact match for CDP version 100, so returning the closest version found: 97
Apr 10, 2022 11:28:16 PM org.openqa.selenium.devtools.CdpVersionFinder findNearestMatch
INFO: Found CDP implementation for version 100 of 97
]]></system-err>
  </testcase>
</testsuite>