<?xml version="1.0" encoding="UTF-8"?>
<testsuite xmlns:xsi="http://www.w3.org/2001/XMLSchema-instance" xsi:noNamespaceSchemaLocation="https://maven.apache.org/surefire/maven-failsafe-plugin/xsd/failsafe-test-report-3.0.xsd" version="3.0" name="starter.CucumberTestSuite" time="58.364" tests="3" errors="0" skipped="0" failures="0">
  <properties>
    <property name="sun.desktop" value="windows"/>
    <property name="awt.toolkit" value="sun.awt.windows.WToolkit"/>
    <property name="java.specification.version" value="1.8"/>
    <property name="file.encoding.pkg" value="sun.io"/>
    <property name="webdriver.chrome.driver" value="D:\kampus merdeka\Intelij\web\src\test\resources\webdriver\chromedriver.exe"/>
    <property name="sun.cpu.isalist" value="amd64"/>
    <property name="sun.jnu.encoding" value="Cp1252"/>
    <property name="java.class.path" value="D:\kampus merdeka\Intelij\web\target\test-classes;D:\kampus merdeka\Intelij\web\target\web-1.0-SNAPSHOT.jar;C:\Users\Admin\.m2\repository\net\serenity-bdd\serenity-core\3.2.1\serenity-core-3.2.1.jar;C:\Users\Admin\.m2\repository\net\serenity-bdd\serenity-model\3.2.1\serenity-model-3.2.1.jar;C:\Users\Admin\.m2\repository\org\apache\commons\commons-text\1.9\commons-text-1.9.jar;C:\Users\Admin\.m2\repository\commons-net\commons-net\3.8.0\commons-net-3.8.0.jar;C:\Users\Admin\.m2\repository\com\google\guava\guava\31.1-jre\guava-31.1-jre.jar;C:\Users\Admin\.m2\repository\com\google\guava\failureaccess\1.0.1\failureaccess-1.0.1.jar;C:\Users\Admin\.m2\repository\com\google\guava\listenablefuture\9999.0-empty-to-avoid-conflict-with-guava\listenablefuture-9999.0-empty-to-avoid-conflict-with-guava.jar;C:\Users\Admin\.m2\repository\com\google\code\findbugs\jsr305\3.0.2\jsr305-3.0.2.jar;C:\Users\Admin\.m2\repository\org\checkerframework\checker-qual\3.12.0\checker-qual-3.12.0.jar;C:\Users\Admin\.m2\repository\com\google\errorprone\error_prone_annotations\2.11.0\error_prone_annotations-2.11.0.jar;C:\Users\Admin\.m2\repository\com\google\j2objc\j2objc-annotations\1.3\j2objc-annotations-1.3.jar;C:\Users\Admin\.m2\repository\com\google\inject\guice\5.1.0\guice-5.1.0.jar;C:\Users\Admin\.m2\repository\javax\inject\javax.inject\1\javax.inject-1.jar;C:\Users\Admin\.m2\repository\aopalliance\aopalliance\1.0\aopalliance-1.0.jar;C:\Users\Admin\.m2\repository\org\jsoup\jsoup\1.14.3\jsoup-1.14.3.jar;C:\Users\Admin\.m2\repository\com\thoughtworks\xstream\xstream\1.4.19\xstream-1.4.19.jar;C:\Users\Admin\.m2\repository\io\github\x-stream\mxparser\1.2.2\mxparser-1.2.2.jar;C:\Users\Admin\.m2\repository\xmlpull\xmlpull\1.1.3.1\xmlpull-1.1.3.1.jar;C:\Users\Admin\.m2\repository\io\cucumber\cucumber-java\7.2.3\cucumber-java-7.2.3.jar;C:\Users\Admin\.m2\repository\com\typesafe\config\1.4.2\config-1.4.2.jar;C:\Users\Admin\.m2\repository\org\imgscalr\imgscalr-lib\4.2\imgscalr-lib-4.2.jar;C:\Users\Admin\.m2\repository\org\awaitility\awaitility\4.2.0\awaitility-4.2.0.jar;C:\Users\Admin\.m2\repository\org\freemarker\freemarker\2.3.31\freemarker-2.3.31.jar;C:\Users\Admin\.m2\repository\io\github\classgraph\classgraph\4.8.138\classgraph-4.8.138.jar;C:\Users\Admin\.m2\repository\net\sourceforge\jexcelapi\jxl\2.6.12\jxl-2.6.12.jar;C:\Users\Admin\.m2\repository\net\bytebuddy\byte-buddy\1.12.8\byte-buddy-1.12.8.jar;C:\Users\Admin\.m2\repository\net\bytebuddy\byte-buddy-agent\1.12.8\byte-buddy-agent-1.12.8.jar;C:\Users\Admin\.m2\repository\org\objenesis\objenesis\3.1\objenesis-3.1.jar;C:\Users\Admin\.m2\repository\net\serenity-bdd\serenity-reports\3.2.1\serenity-reports-3.2.1.jar;C:\Users\Admin\.m2\repository\net\serenity-bdd\serenity-stats\3.2.1\serenity-stats-3.2.1.jar;C:\Users\Admin\.m2\repository\net\serenity-bdd\serenity-reports-configuration\3.2.1\serenity-reports-configuration-3.2.1.jar;C:\Users\Admin\.m2\repository\com\vladsch\flexmark\flexmark-all\0.34.30\flexmark-all-0.34.30.jar;C:\Users\Admin\.m2\repository\com\vladsch\flexmark\flexmark\0.34.30\flexmark-0.34.30.jar;C:\Users\Admin\.m2\repository\com\vladsch\flexmark\flexmark-ext-abbreviation\0.34.30\flexmark-ext-abbreviation-0.34.30.jar;C:\Users\Admin\.m2\repository\com\vladsch\flexmark\flexmark-ext-admonition\0.34.30\flexmark-ext-admonition-0.34.30.jar;C:\Users\Admin\.m2\repository\com\vladsch\flexmark\flexmark-ext-anchorlink\0.34.30\flexmark-ext-anchorlink-0.34.30.jar;C:\Users\Admin\.m2\repository\com\vladsch\flexmark\flexmark-ext-aside\0.34.30\flexmark-ext-aside-0.34.30.jar;C:\Users\Admin\.m2\repository\com\vladsch\flexmark\flexmark-ext-attributes\0.34.30\flexmark-ext-attributes-0.34.30.jar;C:\Users\Admin\.m2\repository\com\vladsch\flexmark\flexmark-ext-autolink\0.34.30\flexmark-ext-autolink-0.34.30.jar;C:\Users\Admin\.m2\repository\org\nibor\autolink\autolink\0.6.0\autolink-0.6.0.jar;C:\Users\Admin\.m2\repository\com\vladsch\flexmark\flexmark-ext-definition\0.34.30\flexmark-ext-definition-0.34.30.jar;C:\Users\Admin\.m2\repository\com\vladsch\flexmark\flexmark-ext-emoji\0.34.30\flexmark-ext-emoji-0.34.30.jar;C:\Users\Admin\.m2\repository\com\vladsch\flexmark\flexmark-ext-enumerated-reference\0.34.30\flexmark-ext-enumerated-reference-0.34.30.jar;C:\Users\Admin\.m2\repository\com\vladsch\flexmark\flexmark-ext-escaped-character\0.34.30\flexmark-ext-escaped-character-0.34.30.jar;C:\Users\Admin\.m2\repository\com\vladsch\flexmark\flexmark-ext-footnotes\0.34.30\flexmark-ext-footnotes-0.34.30.jar;C:\Users\Admin\.m2\repository\com\vladsch\flexmark\flexmark-ext-gfm-issues\0.34.30\flexmark-ext-gfm-issues-0.34.30.jar;C:\Users\Admin\.m2\repository\com\vladsch\flexmark\flexmark-ext-gfm-strikethrough\0.34.30\flexmark-ext-gfm-strikethrough-0.34.30.jar;C:\Users\Admin\.m2\repository\com\vladsch\flexmark\flexmark-ext-gfm-tables\0.34.30\flexmark-ext-gfm-tables-0.34.30.jar;C:\Users\Admin\.m2\repository\com\vladsch\flexmark\flexmark-ext-gfm-tasklist\0.34.30\flexmark-ext-gfm-tasklist-0.34.30.jar;C:\Users\Admin\.m2\repository\com\vladsch\flexmark\flexmark-ext-gfm-users\0.34.30\flexmark-ext-gfm-users-0.34.30.jar;C:\Users\Admin\.m2\repository\com\vladsch\flexmark\flexmark-ext-gitlab\0.34.30\flexmark-ext-gitlab-0.34.30.jar;C:\Users\Admin\.m2\repository\com\vladsch\flexmark\flexmark-ext-jekyll-front-matter\0.34.30\flexmark-ext-jekyll-front-matter-0.34.30.jar;C:\Users\Admin\.m2\repository\com\vladsch\flexmark\flexmark-ext-jekyll-tag\0.34.30\flexmark-ext-jekyll-tag-0.34.30.jar;C:\Users\Admin\.m2\repository\com\vladsch\flexmark\flexmark-ext-media-tags\0.34.30\flexmark-ext-media-tags-0.34.30.jar;C:\Users\Admin\.m2\repository\com\vladsch\flexmark\flexmark-test-util\0.34.30\flexmark-test-util-0.34.30.jar;C:\Users\Admin\.m2\repository\com\vladsch\flexmark\flexmark-ext-ins\0.34.30\flexmark-ext-ins-0.34.30.jar;C:\Users\Admin\.m2\repository\com\vladsch\flexmark\flexmark-ext-xwiki-macros\0.34.30\flexmark-ext-xwiki-macros-0.34.30.jar;C:\Users\Admin\.m2\repository\com\vladsch\flexmark\flexmark-ext-superscript\0.34.30\flexmark-ext-superscript-0.34.30.jar;C:\Users\Admin\.m2\repository\com\vladsch\flexmark\flexmark-ext-tables\0.34.30\flexmark-ext-tables-0.34.30.jar;C:\Users\Admin\.m2\repository\com\vladsch\flexmark\flexmark-ext-toc\0.34.30\flexmark-ext-toc-0.34.30.jar;C:\Users\Admin\.m2\repository\com\vladsch\flexmark\flexmark-ext-typographic\0.34.30\flexmark-ext-typographic-0.34.30.jar;C:\Users\Admin\.m2\repository\com\vladsch\flexmark\flexmark-ext-wikilink\0.34.30\flexmark-ext-wikilink-0.34.30.jar;C:\Users\Admin\.m2\repository\com\vladsch\flexmark\flexmark-ext-yaml-front-matter\0.34.30\flexmark-ext-yaml-front-matter-0.34.30.jar;C:\Users\Admin\.m2\repository\com\vladsch\flexmark\flexmark-ext-youtube-embedded\0.34.30\flexmark-ext-youtube-embedded-0.34.30.jar;C:\Users\Admin\.m2\repository\com\vladsch\flexmark\flexmark-formatter\0.34.30\flexmark-formatter-0.34.30.jar;C:\Users\Admin\.m2\repository\com\vladsch\flexmark\flexmark-html-parser\0.34.30\flexmark-html-parser-0.34.30.jar;C:\Users\Admin\.m2\repository\com\vladsch\flexmark\flexmark-jira-converter\0.34.30\flexmark-jira-converter-0.34.30.jar;C:\Users\Admin\.m2\repository\com\vladsch\flexmark\flexmark-pdf-converter\0.34.30\flexmark-pdf-converter-0.34.30.jar;C:\Users\Admin\.m2\repository\com\openhtmltopdf\openhtmltopdf-core\0.0.1-RC13\openhtmltopdf-core-0.0.1-RC13.jar;C:\Users\Admin\.m2\repository\com\openhtmltopdf\openhtmltopdf-pdfbox\0.0.1-RC13\openhtmltopdf-pdfbox-0.0.1-RC13.jar;C:\Users\Admin\.m2\repository\org\apache\pdfbox\pdfbox\2.0.8\pdfbox-2.0.8.jar;C:\Users\Admin\.m2\repository\org\apache\pdfbox\fontbox\2.0.8\fontbox-2.0.8.jar;C:\Users\Admin\.m2\repository\commons-logging\commons-logging\1.2\commons-logging-1.2.jar;C:\Users\Admin\.m2\repository\org\apache\pdfbox\xmpbox\2.0.8\xmpbox-2.0.8.jar;C:\Users\Admin\.m2\repository\de\rototor\pdfbox\graphics2d\0.12\graphics2d-0.12.jar;C:\Users\Admin\.m2\repository\com\openhtmltopdf\openhtmltopdf-rtl-support\0.0.1-RC13\openhtmltopdf-rtl-support-0.0.1-RC13.jar;C:\Users\Admin\.m2\repository\com\ibm\icu\icu4j\59.1\icu4j-59.1.jar;C:\Users\Admin\.m2\repository\com\openhtmltopdf\openhtmltopdf-jsoup-dom-converter\0.0.1-RC13\openhtmltopdf-jsoup-dom-converter-0.0.1-RC13.jar;C:\Users\Admin\.m2\repository\com\vladsch\flexmark\flexmark-profile-pegdown\0.34.30\flexmark-profile-pegdown-0.34.30.jar;C:\Users\Admin\.m2\repository\com\vladsch\flexmark\flexmark-util\0.34.30\flexmark-util-0.34.30.jar;C:\Users\Admin\.m2\repository\com\vladsch\flexmark\flexmark-youtrack-converter\0.34.30\flexmark-youtrack-converter-0.34.30.jar;C:\Users\Admin\.m2\repository\es\nitaur\markdown\txtmark\0.16\txtmark-0.16.jar;C:\Users\Admin\.m2\repository\net\serenity-bdd\serenity-report-resources\3.2.1\serenity-report-resources-3.2.1.jar;C:\Users\Admin\.m2\repository\com\google\code\gson\gson\2.9.0\gson-2.9.0.jar;C:\Users\Admin\.m2\repository\com\fasterxml\jackson\core\jackson-core\2.13.2\jackson-core-2.13.2.jar;C:\Users\Admin\.m2\repository\com\fasterxml\jackson\core\jackson-databind\2.13.2\jackson-databind-2.13.2.jar;C:\Users\Admin\.m2\repository\com\fasterxml\jackson\core\jackson-annotations\2.13.2\jackson-annotations-2.13.2.jar;C:\Users\Admin\.m2\repository\commons-codec\commons-codec\1.15\commons-codec-1.15.jar;C:\Users\Admin\.m2\repository\commons-io\commons-io\2.11.0\commons-io-2.11.0.jar;C:\Users\Admin\.m2\repository\org\seleniumhq\selenium\selenium-java\4.1.2\selenium-java-4.1.2.jar;C:\Users\Admin\.m2\repository\org\seleniumhq\selenium\selenium-devtools-v85\4.1.2\selenium-devtools-v85-4.1.2.jar;C:\Users\Admin\.m2\repository\org\seleniumhq\selenium\selenium-devtools-v95\4.1.2\selenium-devtools-v95-4.1.2.jar;C:\Users\Admin\.m2\repository\org\seleniumhq\selenium\selenium-devtools-v96\4.1.2\selenium-devtools-v96-4.1.2.jar;C:\Users\Admin\.m2\repository\org\seleniumhq\selenium\selenium-devtools-v97\4.1.2\selenium-devtools-v97-4.1.2.jar;C:\Users\Admin\.m2\repository\org\seleniumhq\selenium\selenium-firefox-xpi-driver\4.1.2\selenium-firefox-xpi-driver-4.1.2.jar;C:\Users\Admin\.m2\repository\org\seleniumhq\selenium\selenium-opera-driver\4.1.2\selenium-opera-driver-4.1.2.jar;C:\Users\Admin\.m2\repository\org\seleniumhq\selenium\selenium-remote-driver\4.1.2\selenium-remote-driver-4.1.2.jar;C:\Users\Admin\.m2\repository\com\beust\jcommander\1.82\jcommander-1.82.jar;C:\Users\Admin\.m2\repository\io\netty\netty-buffer\4.1.73.Final\netty-buffer-4.1.73.Final.jar;C:\Users\Admin\.m2\repository\io\netty\netty-codec-http\4.1.73.Final\netty-codec-http-4.1.73.Final.jar;C:\Users\Admin\.m2\repository\io\netty\netty-codec\4.1.73.Final\netty-codec-4.1.73.Final.jar;C:\Users\Admin\.m2\repository\io\netty\netty-handler\4.1.73.Final\netty-handler-4.1.73.Final.jar;C:\Users\Admin\.m2\repository\io\netty\netty-tcnative-classes\2.0.46.Final\netty-tcnative-classes-2.0.46.Final.jar;C:\Users\Admin\.m2\repository\io\netty\netty-common\4.1.73.Final\netty-common-4.1.73.Final.jar;C:\Users\Admin\.m2\repository\io\netty\netty-transport-classes-epoll\4.1.73.Final\netty-transport-classes-epoll-4.1.73.Final.jar;C:\Users\Admin\.m2\repository\io\netty\netty-transport-classes-kqueue\4.1.73.Final\netty-transport-classes-kqueue-4.1.73.Final.jar;C:\Users\Admin\.m2\repository\io\netty\netty-transport-native-epoll\4.1.73.Final\netty-transport-native-epoll-4.1.73.Final.jar;C:\Users\Admin\.m2\repository\io\netty\netty-transport-native-kqueue\4.1.73.Final\netty-transport-native-kqueue-4.1.73.Final.jar;C:\Users\Admin\.m2\repository\io\netty\netty-transport-native-unix-common\4.1.73.Final\netty-transport-native-unix-common-4.1.73.Final.jar;C:\Users\Admin\.m2\repository\io\netty\netty-transport\4.1.73.Final\netty-transport-4.1.73.Final.jar;C:\Users\Admin\.m2\repository\io\netty\netty-resolver\4.1.73.Final\netty-resolver-4.1.73.Final.jar;C:\Users\Admin\.m2\repository\io\opentelemetry\opentelemetry-api\1.10.1\opentelemetry-api-1.10.1.jar;C:\Users\Admin\.m2\repository\io\opentelemetry\opentelemetry-context\1.10.1\opentelemetry-context-1.10.1.jar;C:\Users\Admin\.m2\repository\io\opentelemetry\opentelemetry-exporter-logging\1.10.1\opentelemetry-exporter-logging-1.10.1.jar;C:\Users\Admin\.m2\repository\io\opentelemetry\opentelemetry-sdk-metrics\1.10.1-alpha\opentelemetry-sdk-metrics-1.10.1-alpha.jar;C:\Users\Admin\.m2\repository\io\opentelemetry\opentelemetry-sdk-logs\1.10.1-alpha\opentelemetry-sdk-logs-1.10.1-alpha.jar;C:\Users\Admin\.m2\repository\io\opentelemetry\opentelemetry-sdk-common\1.10.1\opentelemetry-sdk-common-1.10.1.jar;C:\Users\Admin\.m2\repository\io\opentelemetry\opentelemetry-sdk-extension-autoconfigure-spi\1.10.1\opentelemetry-sdk-extension-autoconfigure-spi-1.10.1.jar;C:\Users\Admin\.m2\repository\io\opentelemetry\opentelemetry-sdk-extension-autoconfigure\1.10.1-alpha\opentelemetry-sdk-extension-autoconfigure-1.10.1-alpha.jar;C:\Users\Admin\.m2\repository\io\opentelemetry\opentelemetry-sdk-trace\1.10.1\opentelemetry-sdk-trace-1.10.1.jar;C:\Users\Admin\.m2\repository\io\opentelemetry\opentelemetry-sdk\1.10.1\opentelemetry-sdk-1.10.1.jar;C:\Users\Admin\.m2\repository\io\opentelemetry\opentelemetry-semconv\1.10.1-alpha\opentelemetry-semconv-1.10.1-alpha.jar;C:\Users\Admin\.m2\repository\io\ous\jtoml\2.0.0\jtoml-2.0.0.jar;C:\Users\Admin\.m2\repository\org\apache\commons\commons-exec\1.3\commons-exec-1.3.jar;C:\Users\Admin\.m2\repository\org\asynchttpclient\async-http-client\2.12.3\async-http-client-2.12.3.jar;C:\Users\Admin\.m2\repository\org\asynchttpclient\async-http-client-netty-utils\2.12.3\async-http-client-netty-utils-2.12.3.jar;C:\Users\Admin\.m2\repository\io\netty\netty-codec-socks\4.1.60.Final\netty-codec-socks-4.1.60.Final.jar;C:\Users\Admin\.m2\repository\io\netty\netty-handler-proxy\4.1.60.Final\netty-handler-proxy-4.1.60.Final.jar;C:\Users\Admin\.m2\repository\io\netty\netty-transport-native-epoll\4.1.60.Final\netty-transport-native-epoll-4.1.60.Final-linux-x86_64.jar;C:\Users\Admin\.m2\repository\io\netty\netty-transport-native-kqueue\4.1.60.Final\netty-transport-native-kqueue-4.1.60.Final-osx-x86_64.jar;C:\Users\Admin\.m2\repository\org\reactivestreams\reactive-streams\1.0.3\reactive-streams-1.0.3.jar;C:\Users\Admin\.m2\repository\com\typesafe\netty\netty-reactive-streams\2.0.4\netty-reactive-streams-2.0.4.jar;C:\Users\Admin\.m2\repository\org\seleniumhq\selenium\selenium-http\4.1.2\selenium-http-4.1.2.jar;C:\Users\Admin\.m2\repository\net\jodah\failsafe\2.4.4\failsafe-2.4.4.jar;C:\Users\Admin\.m2\repository\org\seleniumhq\selenium\selenium-safari-driver\4.1.2\selenium-safari-driver-4.1.2.jar;C:\Users\Admin\.m2\repository\org\seleniumhq\selenium\selenium-api\4.1.2\selenium-api-4.1.2.jar;C:\Users\Admin\.m2\repository\org\seleniumhq\selenium\selenium-support\4.1.2\selenium-support-4.1.2.jar;C:\Users\Admin\.m2\repository\com\google\auto\service\auto-service-annotations\1.0.1\auto-service-annotations-1.0.1.jar;C:\Users\Admin\.m2\repository\com\google\auto\service\auto-service\1.0.1\auto-service-1.0.1.jar;C:\Users\Admin\.m2\repository\com\google\auto\auto-common\1.2\auto-common-1.2.jar;C:\Users\Admin\.m2\repository\org\seleniumhq\selenium\selenium-json\4.1.2\selenium-json-4.1.2.jar;C:\Users\Admin\.m2\repository\org\seleniumhq\selenium\selenium-chrome-driver\4.1.2\selenium-chrome-driver-4.1.2.jar;C:\Users\Admin\.m2\repository\org\seleniumhq\selenium\selenium-chromium-driver\4.1.2\selenium-chromium-driver-4.1.2.jar;C:\Users\Admin\.m2\repository\org\seleniumhq\selenium\selenium-firefox-driver\4.1.2\selenium-firefox-driver-4.1.2.jar;C:\Users\Admin\.m2\repository\org\seleniumhq\selenium\selenium-edge-driver\4.1.2\selenium-edge-driver-4.1.2.jar;C:\Users\Admin\.m2\repository\org\seleniumhq\selenium\selenium-ie-driver\4.1.2\selenium-ie-driver-4.1.2.jar;C:\Users\Admin\.m2\repository\org\projectlombok\lombok\1.18.20\lombok-1.18.20.jar;C:\Users\Admin\.m2\repository\io\appium\java-client\8.0.0\java-client-8.0.0.jar;C:\Users\Admin\.m2\repository\commons-validator\commons-validator\1.7\commons-validator-1.7.jar;C:\Users\Admin\.m2\repository\commons-digester\commons-digester\2.1\commons-digester-2.1.jar;C:\Users\Admin\.m2\repository\org\aspectj\aspectjweaver\1.9.8\aspectjweaver-1.9.8.jar;C:\Users\Admin\.m2\repository\org\codehaus\groovy\groovy\3.0.10\groovy-3.0.10.jar;C:\Users\Admin\.m2\repository\net\sf\opencsv\opencsv\2.0\opencsv-2.0.jar;C:\Users\Admin\.m2\repository\commons-beanutils\commons-beanutils\1.9.4\commons-beanutils-1.9.4.jar;C:\Users\Admin\.m2\repository\org\apache\commons\commons-lang3\3.12.0\commons-lang3-3.12.0.jar;C:\Users\Admin\.m2\repository\commons-collections\commons-collections\3.2.2\commons-collections-3.2.2.jar;C:\Users\Admin\.m2\repository\org\fluentlenium\fluentlenium-core\0.10.2\fluentlenium-core-0.10.2.jar;C:\Users\Admin\.m2\repository\io\github\bonigarcia\webdrivermanager\5.1.0\webdrivermanager-5.1.0.jar;C:\Users\Admin\.m2\repository\com\github\docker-java\docker-java\3.2.13\docker-java-3.2.13.jar;C:\Users\Admin\.m2\repository\com\github\docker-java\docker-java-core\3.2.13\docker-java-core-3.2.13.jar;C:\Users\Admin\.m2\repository\com\github\docker-java\docker-java-api\3.2.13\docker-java-api-3.2.13.jar;C:\Users\Admin\.m2\repository\org\apache\commons\commons-compress\1.21\commons-compress-1.21.jar;C:\Users\Admin\.m2\repository\org\bouncycastle\bcpkix-jdk15on\1.64\bcpkix-jdk15on-1.64.jar;C:\Users\Admin\.m2\repository\org\bouncycastle\bcprov-jdk15on\1.64\bcprov-jdk15on-1.64.jar;C:\Users\Admin\.m2\repository\org\slf4j\jcl-over-slf4j\1.7.30\jcl-over-slf4j-1.7.30.jar;C:\Users\Admin\.m2\repository\com\github\docker-java\docker-java-transport-httpclient5\3.2.13\docker-java-transport-httpclient5-3.2.13.jar;C:\Users\Admin\.m2\repository\com\github\docker-java\docker-java-transport\3.2.13\docker-java-transport-3.2.13.jar;C:\Users\Admin\.m2\repository\org\apache\httpcomponents\client5\httpclient5\5.0.3\httpclient5-5.0.3.jar;C:\Users\Admin\.m2\repository\org\apache\httpcomponents\core5\httpcore5\5.0.2\httpcore5-5.0.2.jar;C:\Users\Admin\.m2\repository\net\java\dev\jna\jna\5.8.0\jna-5.8.0.jar;C:\Users\Admin\.m2\repository\org\brotli\dec\0.1.2\dec-0.1.2.jar;C:\Users\Admin\.m2\repository\com\jhlabs\filters\2.0.235\filters-2.0.235.jar;C:\Users\Admin\.m2\repository\com\paulhammant\ngwebdriver\1.1.6\ngwebdriver-1.1.6.jar;C:\Users\Admin\.m2\repository\joda-time\joda-time\2.8.2\joda-time-2.8.2.jar;C:\Users\Admin\.m2\repository\org\hamcrest\hamcrest\2.2\hamcrest-2.2.jar;C:\Users\Admin\.m2\repository\com\google\jimfs\jimfs\1.2\jimfs-1.2.jar;C:\Users\Admin\.m2\repository\org\mockito\mockito-core\3.3.3\mockito-core-3.3.3.jar;C:\Users\Admin\.m2\repository\javax\xml\bind\jaxb-api\2.3.1\jaxb-api-2.3.1.jar;C:\Users\Admin\.m2\repository\javax\activation\javax.activation-api\1.2.0\javax.activation-api-1.2.0.jar;C:\Users\Admin\.m2\repository\com\sun\xml\bind\jaxb-core\2.3.0.1\jaxb-core-2.3.0.1.jar;C:\Users\Admin\.m2\repository\com\sun\xml\bind\jaxb-impl\2.3.3\jaxb-impl-2.3.3.jar;C:\Users\Admin\.m2\repository\jakarta\xml\bind\jakarta.xml.bind-api\2.3.3\jakarta.xml.bind-api-2.3.3.jar;C:\Users\Admin\.m2\repository\com\sun\activation\jakarta.activation\1.2.2\jakarta.activation-1.2.2.jar;C:\Users\Admin\.m2\repository\javax\activation\activation\1.1.1\activation-1.1.1.jar;C:\Users\Admin\.m2\repository\net\serenity-bdd\serenity-cucumber\3.2.1\serenity-cucumber-3.2.1.jar;C:\Users\Admin\.m2\repository\io\cucumber\cucumber-core\7.2.3\cucumber-core-7.2.3.jar;C:\Users\Admin\.m2\repository\io\cucumber\cucumber-gherkin\7.2.3\cucumber-gherkin-7.2.3.jar;C:\Users\Admin\.m2\repository\io\cucumber\cucumber-gherkin-messages\7.2.3\cucumber-gherkin-messages-7.2.3.jar;C:\Users\Admin\.m2\repository\io\cucumber\messages\17.1.1\messages-17.1.1.jar;C:\Users\Admin\.m2\repository\io\cucumber\tag-expressions\4.1.0\tag-expressions-4.1.0.jar;C:\Users\Admin\.m2\repository\io\cucumber\cucumber-expressions\15.0.1\cucumber-expressions-15.0.1.jar;C:\Users\Admin\.m2\repository\io\cucumber\datatable\7.2.3\datatable-7.2.3.jar;C:\Users\Admin\.m2\repository\io\cucumber\cucumber-plugin\7.2.3\cucumber-plugin-7.2.3.jar;C:\Users\Admin\.m2\repository\io\cucumber\docstring\7.2.3\docstring-7.2.3.jar;C:\Users\Admin\.m2\repository\io\cucumber\html-formatter\17.0.0\html-formatter-17.0.0.jar;C:\Users\Admin\.m2\repository\io\cucumber\ci-environment\8.1.0\ci-environment-8.1.0.jar;C:\Users\Admin\.m2\repository\io\cucumber\cucumber-junit\7.2.3\cucumber-junit-7.2.3.jar;C:\Users\Admin\.m2\repository\org\apache\commons\commons-csv\1.5\commons-csv-1.5.jar;C:\Users\Admin\.m2\repository\net\serenity-bdd\serenity-screenplay\3.2.1\serenity-screenplay-3.2.1.jar;C:\Users\Admin\.m2\repository\net\serenity-bdd\serenity-screenplay-webdriver\3.2.1\serenity-screenplay-webdriver-3.2.1.jar;C:\Users\Admin\.m2\repository\net\serenity-bdd\serenity-ensure\3.2.1\serenity-ensure-3.2.1.jar;C:\Users\Admin\.m2\repository\net\serenity-bdd\serenity-junit\3.2.1\serenity-junit-3.2.1.jar;C:\Users\Admin\.m2\repository\org\jetbrains\kotlin\kotlin-stdlib\1.6.0\kotlin-stdlib-1.6.0.jar;C:\Users\Admin\.m2\repository\org\jetbrains\annotations\13.0\annotations-13.0.jar;C:\Users\Admin\.m2\repository\org\jetbrains\kotlin\kotlin-stdlib-common\1.6.0\kotlin-stdlib-common-1.6.0.jar;C:\Users\Admin\.m2\repository\org\junit\platform\junit-platform-launcher\1.8.1\junit-platform-launcher-1.8.1.jar;C:\Users\Admin\.m2\repository\org\junit\platform\junit-platform-engine\1.8.1\junit-platform-engine-1.8.1.jar;C:\Users\Admin\.m2\repository\org\opentest4j\opentest4j\1.2.0\opentest4j-1.2.0.jar;C:\Users\Admin\.m2\repository\org\junit\platform\junit-platform-commons\1.8.1\junit-platform-commons-1.8.1.jar;C:\Users\Admin\.m2\repository\org\apiguardian\apiguardian-api\1.1.2\apiguardian-api-1.1.2.jar;C:\Users\Admin\.m2\repository\org\junit\jupiter\junit-jupiter-engine\5.8.2\junit-jupiter-engine-5.8.2.jar;C:\Users\Admin\.m2\repository\org\junit\jupiter\junit-jupiter-api\5.8.2\junit-jupiter-api-5.8.2.jar;C:\Users\Admin\.m2\repository\org\junit\vintage\junit-vintage-engine\5.8.2\junit-vintage-engine-5.8.2.jar;C:\Users\Admin\.m2\repository\junit\junit\4.13.2\junit-4.13.2.jar;C:\Users\Admin\.m2\repository\org\hamcrest\hamcrest-core\1.3\hamcrest-core-1.3.jar;C:\Users\Admin\.m2\repository\ch\qos\logback\logback-classic\1.2.10\logback-classic-1.2.10.jar;C:\Users\Admin\.m2\repository\ch\qos\logback\logback-core\1.2.10\logback-core-1.2.10.jar;C:\Users\Admin\.m2\repository\org\slf4j\slf4j-api\1.7.32\slf4j-api-1.7.32.jar;C:\Users\Admin\.m2\repository\org\assertj\assertj-core\3.6.2\assertj-core-3.6.2.jar;"/>
    <property name="java.vm.vendor" value="Oracle Corporation"/>
    <property name="sun.arch.data.model" value="64"/>
    <property name="user.variant" value=""/>
    <property name="java.vendor.url" value="http://java.oracle.com/"/>
    <property name="user.timezone" value="Asia/Bangkok"/>
    <property name="java.vm.specification.version" value="1.8"/>
    <property name="os.name" value="Windows 10"/>
    <property name="user.country" value="US"/>
    <property name="sun.java.launcher" value="SUN_STANDARD"/>
    <property name="sun.boot.library.path" value="C:\Program Files\Java\jdk1.8.0_321\jre\bin"/>
    <property name="sun.java.command" value="C:\Users\Admin\AppData\Local\Temp\surefire3361323993418711687\surefirebooter4285504006753307742.jar C:\Users\Admin\AppData\Local\Temp\surefire3361323993418711687 2022-04-23T11-32-48_673-jvmRun1 surefire5314492879509221679tmp surefire_07218820582812896336tmp"/>
    <property name="surefire.test.class.path" value="D:\kampus merdeka\Intelij\web\target\test-classes;D:\kampus merdeka\Intelij\web\target\web-1.0-SNAPSHOT.jar;C:\Users\Admin\.m2\repository\net\serenity-bdd\serenity-core\3.2.1\serenity-core-3.2.1.jar;C:\Users\Admin\.m2\repository\net\serenity-bdd\serenity-model\3.2.1\serenity-model-3.2.1.jar;C:\Users\Admin\.m2\repository\org\apache\commons\commons-text\1.9\commons-text-1.9.jar;C:\Users\Admin\.m2\repository\commons-net\commons-net\3.8.0\commons-net-3.8.0.jar;C:\Users\Admin\.m2\repository\com\google\guava\guava\31.1-jre\guava-31.1-jre.jar;C:\Users\Admin\.m2\repository\com\google\guava\failureaccess\1.0.1\failureaccess-1.0.1.jar;C:\Users\Admin\.m2\repository\com\google\guava\listenablefuture\9999.0-empty-to-avoid-conflict-with-guava\listenablefuture-9999.0-empty-to-avoid-conflict-with-guava.jar;C:\Users\Admin\.m2\repository\com\google\code\findbugs\jsr305\3.0.2\jsr305-3.0.2.jar;C:\Users\Admin\.m2\repository\org\checkerframework\checker-qual\3.12.0\checker-qual-3.12.0.jar;C:\Users\Admin\.m2\repository\com\google\errorprone\error_prone_annotations\2.11.0\error_prone_annotations-2.11.0.jar;C:\Users\Admin\.m2\repository\com\google\j2objc\j2objc-annotations\1.3\j2objc-annotations-1.3.jar;C:\Users\Admin\.m2\repository\com\google\inject\guice\5.1.0\guice-5.1.0.jar;C:\Users\Admin\.m2\repository\javax\inject\javax.inject\1\javax.inject-1.jar;C:\Users\Admin\.m2\repository\aopalliance\aopalliance\1.0\aopalliance-1.0.jar;C:\Users\Admin\.m2\repository\org\jsoup\jsoup\1.14.3\jsoup-1.14.3.jar;C:\Users\Admin\.m2\repository\com\thoughtworks\xstream\xstream\1.4.19\xstream-1.4.19.jar;C:\Users\Admin\.m2\repository\io\github\x-stream\mxparser\1.2.2\mxparser-1.2.2.jar;C:\Users\Admin\.m2\repository\xmlpull\xmlpull\1.1.3.1\xmlpull-1.1.3.1.jar;C:\Users\Admin\.m2\repository\io\cucumber\cucumber-java\7.2.3\cucumber-java-7.2.3.jar;C:\Users\Admin\.m2\repository\com\typesafe\config\1.4.2\config-1.4.2.jar;C:\Users\Admin\.m2\repository\org\imgscalr\imgscalr-lib\4.2\imgscalr-lib-4.2.jar;C:\Users\Admin\.m2\repository\org\awaitility\awaitility\4.2.0\awaitility-4.2.0.jar;C:\Users\Admin\.m2\repository\org\freemarker\freemarker\2.3.31\freemarker-2.3.31.jar;C:\Users\Admin\.m2\repository\io\github\classgraph\classgraph\4.8.138\classgraph-4.8.138.jar;C:\Users\Admin\.m2\repository\net\sourceforge\jexcelapi\jxl\2.6.12\jxl-2.6.12.jar;C:\Users\Admin\.m2\repository\net\bytebuddy\byte-buddy\1.12.8\byte-buddy-1.12.8.jar;C:\Users\Admin\.m2\repository\net\bytebuddy\byte-buddy-agent\1.12.8\byte-buddy-agent-1.12.8.jar;C:\Users\Admin\.m2\repository\org\objenesis\objenesis\3.1\objenesis-3.1.jar;C:\Users\Admin\.m2\repository\net\serenity-bdd\serenity-reports\3.2.1\serenity-reports-3.2.1.jar;C:\Users\Admin\.m2\repository\net\serenity-bdd\serenity-stats\3.2.1\serenity-stats-3.2.1.jar;C:\Users\Admin\.m2\repository\net\serenity-bdd\serenity-reports-configuration\3.2.1\serenity-reports-configuration-3.2.1.jar;C:\Users\Admin\.m2\repository\com\vladsch\flexmark\flexmark-all\0.34.30\flexmark-all-0.34.30.jar;C:\Users\Admin\.m2\repository\com\vladsch\flexmark\flexmark\0.34.30\flexmark-0.34.30.jar;C:\Users\Admin\.m2\repository\com\vladsch\flexmark\flexmark-ext-abbreviation\0.34.30\flexmark-ext-abbreviation-0.34.30.jar;C:\Users\Admin\.m2\repository\com\vladsch\flexmark\flexmark-ext-admonition\0.34.30\flexmark-ext-admonition-0.34.30.jar;C:\Users\Admin\.m2\repository\com\vladsch\flexmark\flexmark-ext-anchorlink\0.34.30\flexmark-ext-anchorlink-0.34.30.jar;C:\Users\Admin\.m2\repository\com\vladsch\flexmark\flexmark-ext-aside\0.34.30\flexmark-ext-aside-0.34.30.jar;C:\Users\Admin\.m2\repository\com\vladsch\flexmark\flexmark-ext-attributes\0.34.30\flexmark-ext-attributes-0.34.30.jar;C:\Users\Admin\.m2\repository\com\vladsch\flexmark\flexmark-ext-autolink\0.34.30\flexmark-ext-autolink-0.34.30.jar;C:\Users\Admin\.m2\repository\org\nibor\autolink\autolink\0.6.0\autolink-0.6.0.jar;C:\Users\Admin\.m2\repository\com\vladsch\flexmark\flexmark-ext-definition\0.34.30\flexmark-ext-definition-0.34.30.jar;C:\Users\Admin\.m2\repository\com\vladsch\flexmark\flexmark-ext-emoji\0.34.30\flexmark-ext-emoji-0.34.30.jar;C:\Users\Admin\.m2\repository\com\vladsch\flexmark\flexmark-ext-enumerated-reference\0.34.30\flexmark-ext-enumerated-reference-0.34.30.jar;C:\Users\Admin\.m2\repository\com\vladsch\flexmark\flexmark-ext-escaped-character\0.34.30\flexmark-ext-escaped-character-0.34.30.jar;C:\Users\Admin\.m2\repository\com\vladsch\flexmark\flexmark-ext-footnotes\0.34.30\flexmark-ext-footnotes-0.34.30.jar;C:\Users\Admin\.m2\repository\com\vladsch\flexmark\flexmark-ext-gfm-issues\0.34.30\flexmark-ext-gfm-issues-0.34.30.jar;C:\Users\Admin\.m2\repository\com\vladsch\flexmark\flexmark-ext-gfm-strikethrough\0.34.30\flexmark-ext-gfm-strikethrough-0.34.30.jar;C:\Users\Admin\.m2\repository\com\vladsch\flexmark\flexmark-ext-gfm-tables\0.34.30\flexmark-ext-gfm-tables-0.34.30.jar;C:\Users\Admin\.m2\repository\com\vladsch\flexmark\flexmark-ext-gfm-tasklist\0.34.30\flexmark-ext-gfm-tasklist-0.34.30.jar;C:\Users\Admin\.m2\repository\com\vladsch\flexmark\flexmark-ext-gfm-users\0.34.30\flexmark-ext-gfm-users-0.34.30.jar;C:\Users\Admin\.m2\repository\com\vladsch\flexmark\flexmark-ext-gitlab\0.34.30\flexmark-ext-gitlab-0.34.30.jar;C:\Users\Admin\.m2\repository\com\vladsch\flexmark\flexmark-ext-jekyll-front-matter\0.34.30\flexmark-ext-jekyll-front-matter-0.34.30.jar;C:\Users\Admin\.m2\repository\com\vladsch\flexmark\flexmark-ext-jekyll-tag\0.34.30\flexmark-ext-jekyll-tag-0.34.30.jar;C:\Users\Admin\.m2\repository\com\vladsch\flexmark\flexmark-ext-media-tags\0.34.30\flexmark-ext-media-tags-0.34.30.jar;C:\Users\Admin\.m2\repository\com\vladsch\flexmark\flexmark-test-util\0.34.30\flexmark-test-util-0.34.30.jar;C:\Users\Admin\.m2\repository\com\vladsch\flexmark\flexmark-ext-ins\0.34.30\flexmark-ext-ins-0.34.30.jar;C:\Users\Admin\.m2\repository\com\vladsch\flexmark\flexmark-ext-xwiki-macros\0.34.30\flexmark-ext-xwiki-macros-0.34.30.jar;C:\Users\Admin\.m2\repository\com\vladsch\flexmark\flexmark-ext-superscript\0.34.30\flexmark-ext-superscript-0.34.30.jar;C:\Users\Admin\.m2\repository\com\vladsch\flexmark\flexmark-ext-tables\0.34.30\flexmark-ext-tables-0.34.30.jar;C:\Users\Admin\.m2\repository\com\vladsch\flexmark\flexmark-ext-toc\0.34.30\flexmark-ext-toc-0.34.30.jar;C:\Users\Admin\.m2\repository\com\vladsch\flexmark\flexmark-ext-typographic\0.34.30\flexmark-ext-typographic-0.34.30.jar;C:\Users\Admin\.m2\repository\com\vladsch\flexmark\flexmark-ext-wikilink\0.34.30\flexmark-ext-wikilink-0.34.30.jar;C:\Users\Admin\.m2\repository\com\vladsch\flexmark\flexmark-ext-yaml-front-matter\0.34.30\flexmark-ext-yaml-front-matter-0.34.30.jar;C:\Users\Admin\.m2\repository\com\vladsch\flexmark\flexmark-ext-youtube-embedded\0.34.30\flexmark-ext-youtube-embedded-0.34.30.jar;C:\Users\Admin\.m2\repository\com\vladsch\flexmark\flexmark-formatter\0.34.30\flexmark-formatter-0.34.30.jar;C:\Users\Admin\.m2\repository\com\vladsch\flexmark\flexmark-html-parser\0.34.30\flexmark-html-parser-0.34.30.jar;C:\Users\Admin\.m2\repository\com\vladsch\flexmark\flexmark-jira-converter\0.34.30\flexmark-jira-converter-0.34.30.jar;C:\Users\Admin\.m2\repository\com\vladsch\flexmark\flexmark-pdf-converter\0.34.30\flexmark-pdf-converter-0.34.30.jar;C:\Users\Admin\.m2\repository\com\openhtmltopdf\openhtmltopdf-core\0.0.1-RC13\openhtmltopdf-core-0.0.1-RC13.jar;C:\Users\Admin\.m2\repository\com\openhtmltopdf\openhtmltopdf-pdfbox\0.0.1-RC13\openhtmltopdf-pdfbox-0.0.1-RC13.jar;C:\Users\Admin\.m2\repository\org\apache\pdfbox\pdfbox\2.0.8\pdfbox-2.0.8.jar;C:\Users\Admin\.m2\repository\org\apache\pdfbox\fontbox\2.0.8\fontbox-2.0.8.jar;C:\Users\Admin\.m2\repository\commons-logging\commons-logging\1.2\commons-logging-1.2.jar;C:\Users\Admin\.m2\repository\org\apache\pdfbox\xmpbox\2.0.8\xmpbox-2.0.8.jar;C:\Users\Admin\.m2\repository\de\rototor\pdfbox\graphics2d\0.12\graphics2d-0.12.jar;C:\Users\Admin\.m2\repository\com\openhtmltopdf\openhtmltopdf-rtl-support\0.0.1-RC13\openhtmltopdf-rtl-support-0.0.1-RC13.jar;C:\Users\Admin\.m2\repository\com\ibm\icu\icu4j\59.1\icu4j-59.1.jar;C:\Users\Admin\.m2\repository\com\openhtmltopdf\openhtmltopdf-jsoup-dom-converter\0.0.1-RC13\openhtmltopdf-jsoup-dom-converter-0.0.1-RC13.jar;C:\Users\Admin\.m2\repository\com\vladsch\flexmark\flexmark-profile-pegdown\0.34.30\flexmark-profile-pegdown-0.34.30.jar;C:\Users\Admin\.m2\repository\com\vladsch\flexmark\flexmark-util\0.34.30\flexmark-util-0.34.30.jar;C:\Users\Admin\.m2\repository\com\vladsch\flexmark\flexmark-youtrack-converter\0.34.30\flexmark-youtrack-converter-0.34.30.jar;C:\Users\Admin\.m2\repository\es\nitaur\markdown\txtmark\0.16\txtmark-0.16.jar;C:\Users\Admin\.m2\repository\net\serenity-bdd\serenity-report-resources\3.2.1\serenity-report-resources-3.2.1.jar;C:\Users\Admin\.m2\repository\com\google\code\gson\gson\2.9.0\gson-2.9.0.jar;C:\Users\Admin\.m2\repository\com\fasterxml\jackson\core\jackson-core\2.13.2\jackson-core-2.13.2.jar;C:\Users\Admin\.m2\repository\com\fasterxml\jackson\core\jackson-databind\2.13.2\jackson-databind-2.13.2.jar;C:\Users\Admin\.m2\repository\com\fasterxml\jackson\core\jackson-annotations\2.13.2\jackson-annotations-2.13.2.jar;C:\Users\Admin\.m2\repository\commons-codec\commons-codec\1.15\commons-codec-1.15.jar;C:\Users\Admin\.m2\repository\commons-io\commons-io\2.11.0\commons-io-2.11.0.jar;C:\Users\Admin\.m2\repository\org\seleniumhq\selenium\selenium-java\4.1.2\selenium-java-4.1.2.jar;C:\Users\Admin\.m2\repository\org\seleniumhq\selenium\selenium-devtools-v85\4.1.2\selenium-devtools-v85-4.1.2.jar;C:\Users\Admin\.m2\repository\org\seleniumhq\selenium\selenium-devtools-v95\4.1.2\selenium-devtools-v95-4.1.2.jar;C:\Users\Admin\.m2\repository\org\seleniumhq\selenium\selenium-devtools-v96\4.1.2\selenium-devtools-v96-4.1.2.jar;C:\Users\Admin\.m2\repository\org\seleniumhq\selenium\selenium-devtools-v97\4.1.2\selenium-devtools-v97-4.1.2.jar;C:\Users\Admin\.m2\repository\org\seleniumhq\selenium\selenium-firefox-xpi-driver\4.1.2\selenium-firefox-xpi-driver-4.1.2.jar;C:\Users\Admin\.m2\repository\org\seleniumhq\selenium\selenium-opera-driver\4.1.2\selenium-opera-driver-4.1.2.jar;C:\Users\Admin\.m2\repository\org\seleniumhq\selenium\selenium-remote-driver\4.1.2\selenium-remote-driver-4.1.2.jar;C:\Users\Admin\.m2\repository\com\beust\jcommander\1.82\jcommander-1.82.jar;C:\Users\Admin\.m2\repository\io\netty\netty-buffer\4.1.73.Final\netty-buffer-4.1.73.Final.jar;C:\Users\Admin\.m2\repository\io\netty\netty-codec-http\4.1.73.Final\netty-codec-http-4.1.73.Final.jar;C:\Users\Admin\.m2\repository\io\netty\netty-codec\4.1.73.Final\netty-codec-4.1.73.Final.jar;C:\Users\Admin\.m2\repository\io\netty\netty-handler\4.1.73.Final\netty-handler-4.1.73.Final.jar;C:\Users\Admin\.m2\repository\io\netty\netty-tcnative-classes\2.0.46.Final\netty-tcnative-classes-2.0.46.Final.jar;C:\Users\Admin\.m2\repository\io\netty\netty-common\4.1.73.Final\netty-common-4.1.73.Final.jar;C:\Users\Admin\.m2\repository\io\netty\netty-transport-classes-epoll\4.1.73.Final\netty-transport-classes-epoll-4.1.73.Final.jar;C:\Users\Admin\.m2\repository\io\netty\netty-transport-classes-kqueue\4.1.73.Final\netty-transport-classes-kqueue-4.1.73.Final.jar;C:\Users\Admin\.m2\repository\io\netty\netty-transport-native-epoll\4.1.73.Final\netty-transport-native-epoll-4.1.73.Final.jar;C:\Users\Admin\.m2\repository\io\netty\netty-transport-native-kqueue\4.1.73.Final\netty-transport-native-kqueue-4.1.73.Final.jar;C:\Users\Admin\.m2\repository\io\netty\netty-transport-native-unix-common\4.1.73.Final\netty-transport-native-unix-common-4.1.73.Final.jar;C:\Users\Admin\.m2\repository\io\netty\netty-transport\4.1.73.Final\netty-transport-4.1.73.Final.jar;C:\Users\Admin\.m2\repository\io\netty\netty-resolver\4.1.73.Final\netty-resolver-4.1.73.Final.jar;C:\Users\Admin\.m2\repository\io\opentelemetry\opentelemetry-api\1.10.1\opentelemetry-api-1.10.1.jar;C:\Users\Admin\.m2\repository\io\opentelemetry\opentelemetry-context\1.10.1\opentelemetry-context-1.10.1.jar;C:\Users\Admin\.m2\repository\io\opentelemetry\opentelemetry-exporter-logging\1.10.1\opentelemetry-exporter-logging-1.10.1.jar;C:\Users\Admin\.m2\repository\io\opentelemetry\opentelemetry-sdk-metrics\1.10.1-alpha\opentelemetry-sdk-metrics-1.10.1-alpha.jar;C:\Users\Admin\.m2\repository\io\opentelemetry\opentelemetry-sdk-logs\1.10.1-alpha\opentelemetry-sdk-logs-1.10.1-alpha.jar;C:\Users\Admin\.m2\repository\io\opentelemetry\opentelemetry-sdk-common\1.10.1\opentelemetry-sdk-common-1.10.1.jar;C:\Users\Admin\.m2\repository\io\opentelemetry\opentelemetry-sdk-extension-autoconfigure-spi\1.10.1\opentelemetry-sdk-extension-autoconfigure-spi-1.10.1.jar;C:\Users\Admin\.m2\repository\io\opentelemetry\opentelemetry-sdk-extension-autoconfigure\1.10.1-alpha\opentelemetry-sdk-extension-autoconfigure-1.10.1-alpha.jar;C:\Users\Admin\.m2\repository\io\opentelemetry\opentelemetry-sdk-trace\1.10.1\opentelemetry-sdk-trace-1.10.1.jar;C:\Users\Admin\.m2\repository\io\opentelemetry\opentelemetry-sdk\1.10.1\opentelemetry-sdk-1.10.1.jar;C:\Users\Admin\.m2\repository\io\opentelemetry\opentelemetry-semconv\1.10.1-alpha\opentelemetry-semconv-1.10.1-alpha.jar;C:\Users\Admin\.m2\repository\io\ous\jtoml\2.0.0\jtoml-2.0.0.jar;C:\Users\Admin\.m2\repository\org\apache\commons\commons-exec\1.3\commons-exec-1.3.jar;C:\Users\Admin\.m2\repository\org\asynchttpclient\async-http-client\2.12.3\async-http-client-2.12.3.jar;C:\Users\Admin\.m2\repository\org\asynchttpclient\async-http-client-netty-utils\2.12.3\async-http-client-netty-utils-2.12.3.jar;C:\Users\Admin\.m2\repository\io\netty\netty-codec-socks\4.1.60.Final\netty-codec-socks-4.1.60.Final.jar;C:\Users\Admin\.m2\repository\io\netty\netty-handler-proxy\4.1.60.Final\netty-handler-proxy-4.1.60.Final.jar;C:\Users\Admin\.m2\repository\io\netty\netty-transport-native-epoll\4.1.60.Final\netty-transport-native-epoll-4.1.60.Final-linux-x86_64.jar;C:\Users\Admin\.m2\repository\io\netty\netty-transport-native-kqueue\4.1.60.Final\netty-transport-native-kqueue-4.1.60.Final-osx-x86_64.jar;C:\Users\Admin\.m2\repository\org\reactivestreams\reactive-streams\1.0.3\reactive-streams-1.0.3.jar;C:\Users\Admin\.m2\repository\com\typesafe\netty\netty-reactive-streams\2.0.4\netty-reactive-streams-2.0.4.jar;C:\Users\Admin\.m2\repository\org\seleniumhq\selenium\selenium-http\4.1.2\selenium-http-4.1.2.jar;C:\Users\Admin\.m2\repository\net\jodah\failsafe\2.4.4\failsafe-2.4.4.jar;C:\Users\Admin\.m2\repository\org\seleniumhq\selenium\selenium-safari-driver\4.1.2\selenium-safari-driver-4.1.2.jar;C:\Users\Admin\.m2\repository\org\seleniumhq\selenium\selenium-api\4.1.2\selenium-api-4.1.2.jar;C:\Users\Admin\.m2\repository\org\seleniumhq\selenium\selenium-support\4.1.2\selenium-support-4.1.2.jar;C:\Users\Admin\.m2\repository\com\google\auto\service\auto-service-annotations\1.0.1\auto-service-annotations-1.0.1.jar;C:\Users\Admin\.m2\repository\com\google\auto\service\auto-service\1.0.1\auto-service-1.0.1.jar;C:\Users\Admin\.m2\repository\com\google\auto\auto-common\1.2\auto-common-1.2.jar;C:\Users\Admin\.m2\repository\org\seleniumhq\selenium\selenium-json\4.1.2\selenium-json-4.1.2.jar;C:\Users\Admin\.m2\repository\org\seleniumhq\selenium\selenium-chrome-driver\4.1.2\selenium-chrome-driver-4.1.2.jar;C:\Users\Admin\.m2\repository\org\seleniumhq\selenium\selenium-chromium-driver\4.1.2\selenium-chromium-driver-4.1.2.jar;C:\Users\Admin\.m2\repository\org\seleniumhq\selenium\selenium-firefox-driver\4.1.2\selenium-firefox-driver-4.1.2.jar;C:\Users\Admin\.m2\repository\org\seleniumhq\selenium\selenium-edge-driver\4.1.2\selenium-edge-driver-4.1.2.jar;C:\Users\Admin\.m2\repository\org\seleniumhq\selenium\selenium-ie-driver\4.1.2\selenium-ie-driver-4.1.2.jar;C:\Users\Admin\.m2\repository\org\projectlombok\lombok\1.18.20\lombok-1.18.20.jar;C:\Users\Admin\.m2\repository\io\appium\java-client\8.0.0\java-client-8.0.0.jar;C:\Users\Admin\.m2\repository\commons-validator\commons-validator\1.7\commons-validator-1.7.jar;C:\Users\Admin\.m2\repository\commons-digester\commons-digester\2.1\commons-digester-2.1.jar;C:\Users\Admin\.m2\repository\org\aspectj\aspectjweaver\1.9.8\aspectjweaver-1.9.8.jar;C:\Users\Admin\.m2\repository\org\codehaus\groovy\groovy\3.0.10\groovy-3.0.10.jar;C:\Users\Admin\.m2\repository\net\sf\opencsv\opencsv\2.0\opencsv-2.0.jar;C:\Users\Admin\.m2\repository\commons-beanutils\commons-beanutils\1.9.4\commons-beanutils-1.9.4.jar;C:\Users\Admin\.m2\repository\org\apache\commons\commons-lang3\3.12.0\commons-lang3-3.12.0.jar;C:\Users\Admin\.m2\repository\commons-collections\commons-collections\3.2.2\commons-collections-3.2.2.jar;C:\Users\Admin\.m2\repository\org\fluentlenium\fluentlenium-core\0.10.2\fluentlenium-core-0.10.2.jar;C:\Users\Admin\.m2\repository\io\github\bonigarcia\webdrivermanager\5.1.0\webdrivermanager-5.1.0.jar;C:\Users\Admin\.m2\repository\com\github\docker-java\docker-java\3.2.13\docker-java-3.2.13.jar;C:\Users\Admin\.m2\repository\com\github\docker-java\docker-java-core\3.2.13\docker-java-core-3.2.13.jar;C:\Users\Admin\.m2\repository\com\github\docker-java\docker-java-api\3.2.13\docker-java-api-3.2.13.jar;C:\Users\Admin\.m2\repository\org\apache\commons\commons-compress\1.21\commons-compress-1.21.jar;C:\Users\Admin\.m2\repository\org\bouncycastle\bcpkix-jdk15on\1.64\bcpkix-jdk15on-1.64.jar;C:\Users\Admin\.m2\repository\org\bouncycastle\bcprov-jdk15on\1.64\bcprov-jdk15on-1.64.jar;C:\Users\Admin\.m2\repository\org\slf4j\jcl-over-slf4j\1.7.30\jcl-over-slf4j-1.7.30.jar;C:\Users\Admin\.m2\repository\com\github\docker-java\docker-java-transport-httpclient5\3.2.13\docker-java-transport-httpclient5-3.2.13.jar;C:\Users\Admin\.m2\repository\com\github\docker-java\docker-java-transport\3.2.13\docker-java-transport-3.2.13.jar;C:\Users\Admin\.m2\repository\org\apache\httpcomponents\client5\httpclient5\5.0.3\httpclient5-5.0.3.jar;C:\Users\Admin\.m2\repository\org\apache\httpcomponents\core5\httpcore5\5.0.2\httpcore5-5.0.2.jar;C:\Users\Admin\.m2\repository\net\java\dev\jna\jna\5.8.0\jna-5.8.0.jar;C:\Users\Admin\.m2\repository\org\brotli\dec\0.1.2\dec-0.1.2.jar;C:\Users\Admin\.m2\repository\com\jhlabs\filters\2.0.235\filters-2.0.235.jar;C:\Users\Admin\.m2\repository\com\paulhammant\ngwebdriver\1.1.6\ngwebdriver-1.1.6.jar;C:\Users\Admin\.m2\repository\joda-time\joda-time\2.8.2\joda-time-2.8.2.jar;C:\Users\Admin\.m2\repository\org\hamcrest\hamcrest\2.2\hamcrest-2.2.jar;C:\Users\Admin\.m2\repository\com\google\jimfs\jimfs\1.2\jimfs-1.2.jar;C:\Users\Admin\.m2\repository\org\mockito\mockito-core\3.3.3\mockito-core-3.3.3.jar;C:\Users\Admin\.m2\repository\javax\xml\bind\jaxb-api\2.3.1\jaxb-api-2.3.1.jar;C:\Users\Admin\.m2\repository\javax\activation\javax.activation-api\1.2.0\javax.activation-api-1.2.0.jar;C:\Users\Admin\.m2\repository\com\sun\xml\bind\jaxb-core\2.3.0.1\jaxb-core-2.3.0.1.jar;C:\Users\Admin\.m2\repository\com\sun\xml\bind\jaxb-impl\2.3.3\jaxb-impl-2.3.3.jar;C:\Users\Admin\.m2\repository\jakarta\xml\bind\jakarta.xml.bind-api\2.3.3\jakarta.xml.bind-api-2.3.3.jar;C:\Users\Admin\.m2\repository\com\sun\activation\jakarta.activation\1.2.2\jakarta.activation-1.2.2.jar;C:\Users\Admin\.m2\repository\javax\activation\activation\1.1.1\activation-1.1.1.jar;C:\Users\Admin\.m2\repository\net\serenity-bdd\serenity-cucumber\3.2.1\serenity-cucumber-3.2.1.jar;C:\Users\Admin\.m2\repository\io\cucumber\cucumber-core\7.2.3\cucumber-core-7.2.3.jar;C:\Users\Admin\.m2\repository\io\cucumber\cucumber-gherkin\7.2.3\cucumber-gherkin-7.2.3.jar;C:\Users\Admin\.m2\repository\io\cucumber\cucumber-gherkin-messages\7.2.3\cucumber-gherkin-messages-7.2.3.jar;C:\Users\Admin\.m2\repository\io\cucumber\messages\17.1.1\messages-17.1.1.jar;C:\Users\Admin\.m2\repository\io\cucumber\tag-expressions\4.1.0\tag-expressions-4.1.0.jar;C:\Users\Admin\.m2\repository\io\cucumber\cucumber-expressions\15.0.1\cucumber-expressions-15.0.1.jar;C:\Users\Admin\.m2\repository\io\cucumber\datatable\7.2.3\datatable-7.2.3.jar;C:\Users\Admin\.m2\repository\io\cucumber\cucumber-plugin\7.2.3\cucumber-plugin-7.2.3.jar;C:\Users\Admin\.m2\repository\io\cucumber\docstring\7.2.3\docstring-7.2.3.jar;C:\Users\Admin\.m2\repository\io\cucumber\html-formatter\17.0.0\html-formatter-17.0.0.jar;C:\Users\Admin\.m2\repository\io\cucumber\ci-environment\8.1.0\ci-environment-8.1.0.jar;C:\Users\Admin\.m2\repository\io\cucumber\cucumber-junit\7.2.3\cucumber-junit-7.2.3.jar;C:\Users\Admin\.m2\repository\org\apache\commons\commons-csv\1.5\commons-csv-1.5.jar;C:\Users\Admin\.m2\repository\net\serenity-bdd\serenity-screenplay\3.2.1\serenity-screenplay-3.2.1.jar;C:\Users\Admin\.m2\repository\net\serenity-bdd\serenity-screenplay-webdriver\3.2.1\serenity-screenplay-webdriver-3.2.1.jar;C:\Users\Admin\.m2\repository\net\serenity-bdd\serenity-ensure\3.2.1\serenity-ensure-3.2.1.jar;C:\Users\Admin\.m2\repository\net\serenity-bdd\serenity-junit\3.2.1\serenity-junit-3.2.1.jar;C:\Users\Admin\.m2\repository\org\jetbrains\kotlin\kotlin-stdlib\1.6.0\kotlin-stdlib-1.6.0.jar;C:\Users\Admin\.m2\repository\org\jetbrains\annotations\13.0\annotations-13.0.jar;C:\Users\Admin\.m2\repository\org\jetbrains\kotlin\kotlin-stdlib-common\1.6.0\kotlin-stdlib-common-1.6.0.jar;C:\Users\Admin\.m2\repository\org\junit\platform\junit-platform-launcher\1.8.1\junit-platform-launcher-1.8.1.jar;C:\Users\Admin\.m2\repository\org\junit\platform\junit-platform-engine\1.8.1\junit-platform-engine-1.8.1.jar;C:\Users\Admin\.m2\repository\org\opentest4j\opentest4j\1.2.0\opentest4j-1.2.0.jar;C:\Users\Admin\.m2\repository\org\junit\platform\junit-platform-commons\1.8.1\junit-platform-commons-1.8.1.jar;C:\Users\Admin\.m2\repository\org\apiguardian\apiguardian-api\1.1.2\apiguardian-api-1.1.2.jar;C:\Users\Admin\.m2\repository\org\junit\jupiter\junit-jupiter-engine\5.8.2\junit-jupiter-engine-5.8.2.jar;C:\Users\Admin\.m2\repository\org\junit\jupiter\junit-jupiter-api\5.8.2\junit-jupiter-api-5.8.2.jar;C:\Users\Admin\.m2\repository\org\junit\vintage\junit-vintage-engine\5.8.2\junit-vintage-engine-5.8.2.jar;C:\Users\Admin\.m2\repository\junit\junit\4.13.2\junit-4.13.2.jar;C:\Users\Admin\.m2\repository\org\hamcrest\hamcrest-core\1.3\hamcrest-core-1.3.jar;C:\Users\Admin\.m2\repository\ch\qos\logback\logback-classic\1.2.10\logback-classic-1.2.10.jar;C:\Users\Admin\.m2\repository\ch\qos\logback\logback-core\1.2.10\logback-core-1.2.10.jar;C:\Users\Admin\.m2\repository\org\slf4j\slf4j-api\1.7.32\slf4j-api-1.7.32.jar;C:\Users\Admin\.m2\repository\org\assertj\assertj-core\3.6.2\assertj-core-3.6.2.jar;"/>
    <property name="sun.cpu.endian" value="little"/>
    <property name="user.home" value="C:\Users\Admin"/>
    <property name="user.language" value="en"/>
    <property name="java.specification.vendor" value="Oracle Corporation"/>
    <property name="java.home" value="C:\Program Files\Java\jdk1.8.0_321\jre"/>
    <property name="tags" value="@login"/>
    <property name="basedir" value="D:\kampus merdeka\Intelij\web"/>
    <property name="file.separator" value="\"/>
    <property name="line.separator" value="&#10;"/>
    <property name="java.vm.specification.vendor" value="Oracle Corporation"/>
    <property name="java.specification.name" value="Java Platform API Specification"/>
    <property name="java.awt.graphicsenv" value="sun.awt.Win32GraphicsEnvironment"/>
    <property name="surefire.real.class.path" value="C:\Users\Admin\AppData\Local\Temp\surefire3361323993418711687\surefirebooter4285504006753307742.jar"/>
    <property name="sun.boot.class.path" value="C:\Program Files\Java\jdk1.8.0_321\jre\lib\resources.jar;C:\Program Files\Java\jdk1.8.0_321\jre\lib\rt.jar;C:\Program Files\Java\jdk1.8.0_321\jre\lib\sunrsasign.jar;C:\Program Files\Java\jdk1.8.0_321\jre\lib\jsse.jar;C:\Program Files\Java\jdk1.8.0_321\jre\lib\jce.jar;C:\Program Files\Java\jdk1.8.0_321\jre\lib\charsets.jar;C:\Program Files\Java\jdk1.8.0_321\jre\lib\jfr.jar;C:\Program Files\Java\jdk1.8.0_321\jre\classes"/>
    <property name="user.script" value=""/>
    <property name="java.protocol.handler.pkgs" value="com.google.common"/>
    <property name="sun.management.compiler" value="HotSpot 64-Bit Tiered Compilers"/>
    <property name="java.runtime.version" value="1.8.0_321-b07"/>
    <property name="user.name" value="Admin"/>
    <property name="path.separator" value=";"/>
    <property name="os.version" value="10.0"/>
    <property name="java.endorsed.dirs" value="C:\Program Files\Java\jdk1.8.0_321\jre\lib\endorsed"/>
    <property name="java.runtime.name" value="Java(TM) SE Runtime Environment"/>
    <property name="file.encoding" value="Cp1252"/>
    <property name="webdriver.base.url" value=""/>
    <property name="java.vm.name" value="Java HotSpot(TM) 64-Bit Server VM"/>
    <property name="localRepository" value="C:\Users\Admin\.m2\repository"/>
    <property name="java.vendor.url.bug" value="http://bugreport.sun.com/bugreport/"/>
    <property name="java.io.tmpdir" value="C:\Users\Admin\AppData\Local\Temp\"/>
    <property name="java.version" value="1.8.0_321"/>
    <property name="user.dir" value="D:\kampus merdeka\Intelij\web"/>
    <property name="os.arch" value="amd64"/>
    <property name="java.vm.specification.name" value="Java Virtual Machine Specification"/>
    <property name="java.awt.printerjob" value="sun.awt.windows.WPrinterJob"/>
    <property name="sun.os.patch.level" value=""/>
    <property name="java.library.path" value="C:\Program Files\Java\jdk1.8.0_321\jre\bin;C:\Windows\Sun\Java\bin;C:\Windows\system32;C:\Windows;C:\Program Files (x86)\Common Files\Oracle\Java\javapath;C:\Windows\system32;C:\Windows;C:\Windows\System32\Wbem;C:\Windows\System32\WindowsPowerShell\v1.0\;C:\Windows\System32\OpenSSH\;C:\Program Files\MATLAB\R2016a\runtime\win64;C:\Program Files\MATLAB\R2016a\bin;C:\Program Files\MATLAB\R2016a\polyspace\bin;C:\Program Files\Git\cmd;C:\Program Files\Git\mingw64\bin;C:\Program Files\Git\usr\bin;C:\Program Files (x86)\dotnet\;C:\OPT\apache-maven-3.8.5\bin;%M2_HOME%\bin;D:\Program Files\;C:\Users\Admin\AppData\Local\Android\Sdk\platform-tools;%ANDROID_HOME%;C:\Users\Admin\AppData\Local\Microsoft\WindowsApps;;C:\Users\Admin\AppData\Local\Programs\Microsoft VS Code\bin;C:\Users\Admin\AppData\Roaming\npm;."/>
    <property name="java.vm.info" value="mixed mode"/>
    <property name="java.vendor" value="Oracle Corporation"/>
    <property name="java.vm.version" value="25.321-b07"/>
    <property name="java.ext.dirs" value="C:\Program Files\Java\jdk1.8.0_321\jre\lib\ext;C:\Windows\Sun\Java\lib\ext"/>
    <property name="sun.io.unicode.encoding" value="UnicodeLittle"/>
    <property name="java.class.version" value="52.0"/>
  </properties>
  <testcase name="As user i have be able to success login" classname="As user I want see home page So that i can buy books" time="21.476">
    <system-out><![CDATA[11:32:52.674 [main] INFO io.cucumber.core.plugin.SerenityReporter - Running feature from file:///D:/kampus%20merdeka/Intelij/web/src/test/resources/features/Bookstore.feature
11:32:53.082 [main] INFO  - 

-------------------------------------------------------------------------------------
     _______. _______ .______       _______ .__   __.  __  .___________.____    ____ 
    /       ||   ____||   _  \     |   ____||  \ |  | |  | |           |\   \  /   / 
   |   (----`|  |__   |  |_)  |    |  |__   |   \|  | |  | `---|  |----` \   \/   /  
    \   \    |   __|  |      /     |   __|  |  . `  | |  |     |  |       \_    _/   
.----)   |   |  |____ |  |\  \----.|  |____ |  |\   | |  |     |  |         |  |     
|_______/    |_______|| _| `._____||_______||__| \__| |__|     |__|         |__|    
                                                                                     
 News and tutorials at http://www.serenity-bdd.info                                  
 Documentation at https://wakaleo.gitbooks.io/the-serenity-book/content/             
 Join the Serenity Community on Gitter: https://gitter.im/serenity-bdd/serenity-core 
 Serenity BDD Support and Training at http://serenity-bdd.info/#/trainingandsupport  
-------------------------------------------------------------------------------------

11:32:53.086 [main] DEBUG net.thucydides.core.steps.StepEventBus - Test suite started for story net.thucydides.core.model.Story@73942bea
11:32:53.089 [main] INFO  - Test Suite Started: As a user I want to visit bookstore So that i can see existing book in store
11:32:53.154 [main] INFO io.cucumber.core.plugin.SerenityReporter - Running feature from file:///D:/kampus%20merdeka/Intelij/web/src/test/resources/features/Login.feature
11:32:53.160 [main] DEBUG net.thucydides.core.steps.StepEventBus - Test suite started for story net.thucydides.core.model.Story@219ce80
11:32:53.161 [main] INFO  - Test Suite Started: As user I want see home page So that i can buy books
11:32:53.162 [main] INFO io.cucumber.core.plugin.SerenityReporter - Running feature from file:///D:/kampus%20merdeka/Intelij/web/src/test/resources/features/Login.feature
11:32:53.164 [main] DEBUG net.thucydides.core.steps.StepEventBus - Test suite started for story net.thucydides.core.model.Story@219ce80
11:32:53.165 [main] INFO  - Test Suite Started: As user I want see home page So that i can buy books

@login @positive
Scenario: As user i have be able to success login &amp#27;[90m# src/test/resources/features/Login.feature:10&amp#27;[0m
11:32:53.300 [main] INFO io.cucumber.core.plugin.SerenityReporter - Running feature from file:///D:/kampus%20merdeka/Intelij/web/src/test/resources/features/Login.feature
11:32:53.513 [main] INFO  - 
  _____   ___   ___   _____     ___   _____     _     ___   _____   ___   ___  
 |_   _| | __| / __| |_   _|   / __| |_   _|   /_\   | _ \ |_   _| | __| |   \ 
   | |   | _|  \__ \   | |     \__ \   | |    / _ \  |   /   | |   | _|  | |) |
   |_|   |___| |___/   |_|     |___/   |_|   /_/ \_\ |_|_\   |_|   |___| |___/ 

As user i have be able to success login(as-user-i-want-see-home-page-so-that-i-can-buy-books;as-user-i-have-be-able-to-success-login)
--------------------------------------------------------------------------------
11:32:55.081 [main] DEBUG net.thucydides.core.steps.StepInterceptor - STARTING STEP: BookstoreSteps.onBookstorePage - openPage
11:32:55.158 [main] INFO net.serenitybdd.core.webdriver.driverproviders.ChromeDriverProvider - Using automatically driver download
11:32:56.535 [main] DEBUG io.github.bonigarcia.wdm.cache.ResolutionCache - Resolution chrome=100 in cache (valid until 11:37:23 23/04/2022 ICT)
11:32:56.542 [main] DEBUG io.github.bonigarcia.wdm.cache.ResolutionCache - Resolution chrome100=100.0.4896.60 in cache (valid until 10:37:23 24/04/2022 ICT)
11:32:56.546 [main] INFO io.github.bonigarcia.wdm.WebDriverManager - Using chromedriver 100.0.4896.60 (resolved driver for Chrome 100)
11:32:56.569 [main] DEBUG io.github.bonigarcia.wdm.WebDriverManager - Driver chromedriver 100.0.4896.60 found in cache
11:32:56.570 [main] INFO io.github.bonigarcia.wdm.WebDriverManager - Exporting webdriver.chrome.driver as C:\Users\Admin\.cache\selenium\chromedriver\win32\100.0.4896.60\chromedriver.exe
11:32:56.751 [main] DEBUG net.thucydides.core.reflection.ClassFinder - Could not load class .starter.CucumberTestSuite
11:32:56.751 [main] DEBUG net.thucydides.core.reflection.ClassFinder - Could not load class .starter.pages.BookstorePage
11:32:56.752 [main] DEBUG net.thucydides.core.reflection.ClassFinder - Could not load class .starter.pages.HomePage
11:32:56.752 [main] DEBUG net.thucydides.core.reflection.ClassFinder - Could not load class .starter.pages.LoginPage
11:32:56.752 [main] DEBUG net.thucydides.core.reflection.ClassFinder - Could not load class .starter.stepdefenitions.BookstoreSteps
11:32:56.752 [main] DEBUG net.thucydides.core.reflection.ClassFinder - Could not load class .starter.stepdefenitions.LoginSteps
11:32:56.901 [main] DEBUG net.serenitybdd.core.webdriver.driverproviders.ProvideNewDriver - Instantiating driver
11:32:56.901 [main] DEBUG net.serenitybdd.core.webdriver.driverproviders.ProvideNewDriver - Driver capabilities: Capabilities {acceptInsecureCerts: false, base.url: https://demoqa.com/, browserName: chrome, chrome.driver: src/test/resources/webdrive..., driver: chrome, goog:chromeOptions: {args: [], extensions: []}}
11:32:57.022 [main] DEBUG io.netty.util.internal.logging.InternalLoggerFactory - Using SLF4J as the default logging framework
11:32:57.027 [main] DEBUG io.netty.util.ResourceLeakDetector - -Dio.netty.leakDetection.level: simple
11:32:57.027 [main] DEBUG io.netty.util.ResourceLeakDetector - -Dio.netty.leakDetection.targetRecords: 4
11:32:57.033 [main] DEBUG io.netty.util.ResourceLeakDetectorFactory - Loaded default ResourceLeakDetector: io.netty.util.ResourceLeakDetector@7fd4e815
11:32:57.070 [main] DEBUG io.netty.util.internal.PlatformDependent0 - -Dio.netty.noUnsafe: false
11:32:57.070 [main] DEBUG io.netty.util.internal.PlatformDependent0 - Java version: 8
11:32:57.072 [main] DEBUG io.netty.util.internal.PlatformDependent0 - sun.misc.Unsafe.theUnsafe: available
11:32:57.073 [main] DEBUG io.netty.util.internal.PlatformDependent0 - sun.misc.Unsafe.copyMemory: available
11:32:57.074 [main] DEBUG io.netty.util.internal.PlatformDependent0 - java.nio.Buffer.address: available
11:32:57.074 [main] DEBUG io.netty.util.internal.PlatformDependent0 - direct buffer constructor: available
11:32:57.076 [main] DEBUG io.netty.util.internal.PlatformDependent0 - java.nio.Bits.unaligned: available, true
11:32:57.076 [main] DEBUG io.netty.util.internal.PlatformDependent0 - jdk.internal.misc.Unsafe.allocateUninitializedArray(int): unavailable prior to Java9
11:32:57.076 [main] DEBUG io.netty.util.internal.PlatformDependent0 - java.nio.DirectByteBuffer.<init>(long, int): available
11:32:57.076 [main] DEBUG io.netty.util.internal.PlatformDependent - sun.misc.Unsafe: available
11:32:57.077 [main] DEBUG io.netty.util.internal.PlatformDependent - -Dio.netty.tmpdir: C:\Users\Admin\AppData\Local\Temp (java.io.tmpdir)
11:32:57.078 [main] DEBUG io.netty.util.internal.PlatformDependent - -Dio.netty.bitMode: 64 (sun.arch.data.model)
11:32:57.078 [main] DEBUG io.netty.util.internal.PlatformDependent - Platform: Windows
11:32:57.079 [main] DEBUG io.netty.util.internal.PlatformDependent - -Dio.netty.maxDirectMemory: 928514048 bytes
11:32:57.080 [main] DEBUG io.netty.util.internal.PlatformDependent - -Dio.netty.uninitializedArrayAllocationThreshold: -1
11:32:57.081 [main] DEBUG io.netty.util.internal.CleanerJava6 - java.nio.ByteBuffer.cleaner(): available
11:32:57.082 [main] DEBUG io.netty.util.internal.PlatformDependent - -Dio.netty.noPreferDirect: false
11:32:57.093 [main] DEBUG io.netty.util.internal.PlatformDependent - org.jctools-core.MpscChunkedArrayQueue: available
11:32:57.121 [main] DEBUG io.netty.util.internal.InternalThreadLocalMap - -Dio.netty.threadLocalMap.stringBuilder.initialSize: 1024
11:32:57.121 [main] DEBUG io.netty.util.internal.InternalThreadLocalMap - -Dio.netty.threadLocalMap.stringBuilder.maxSize: 4096
11:32:57.152 [main] DEBUG io.netty.handler.ssl.JdkSslContext - Default protocols (JDK): [TLSv1.2] 
11:32:57.152 [main] DEBUG io.netty.handler.ssl.JdkSslContext - Default cipher suites (JDK): [TLS_ECDHE_ECDSA_WITH_AES_256_GCM_SHA384, TLS_ECDHE_ECDSA_WITH_AES_128_GCM_SHA256, TLS_ECDHE_RSA_WITH_AES_128_GCM_SHA256, TLS_ECDHE_RSA_WITH_AES_256_GCM_SHA384, TLS_ECDHE_RSA_WITH_AES_128_CBC_SHA, TLS_ECDHE_RSA_WITH_AES_256_CBC_SHA, TLS_RSA_WITH_AES_128_GCM_SHA256, TLS_RSA_WITH_AES_128_CBC_SHA, TLS_RSA_WITH_AES_256_CBC_SHA, TLS_AES_128_GCM_SHA256, TLS_AES_256_GCM_SHA384]
11:32:57.198 [main] DEBUG io.netty.channel.MultithreadEventLoopGroup - -Dio.netty.eventLoopThreads: 8
11:32:57.211 [main] DEBUG io.netty.channel.nio.NioEventLoop - -Dio.netty.noKeySetOptimization: false
11:32:57.212 [main] DEBUG io.netty.channel.nio.NioEventLoop - -Dio.netty.selectorAutoRebuildThreshold: 512
11:32:57.280 [main] DEBUG io.netty.buffer.PooledByteBufAllocator - -Dio.netty.allocator.numHeapArenas: 8
11:32:57.280 [main] DEBUG io.netty.buffer.PooledByteBufAllocator - -Dio.netty.allocator.numDirectArenas: 8
11:32:57.280 [main] DEBUG io.netty.buffer.PooledByteBufAllocator - -Dio.netty.allocator.pageSize: 8192
11:32:57.280 [main] DEBUG io.netty.buffer.PooledByteBufAllocator - -Dio.netty.allocator.maxOrder: 11
11:32:57.280 [main] DEBUG io.netty.buffer.PooledByteBufAllocator - -Dio.netty.allocator.chunkSize: 16777216
11:32:57.280 [main] DEBUG io.netty.buffer.PooledByteBufAllocator - -Dio.netty.allocator.smallCacheSize: 256
11:32:57.280 [main] DEBUG io.netty.buffer.PooledByteBufAllocator - -Dio.netty.allocator.normalCacheSize: 64
11:32:57.280 [main] DEBUG io.netty.buffer.PooledByteBufAllocator - -Dio.netty.allocator.maxCachedBufferCapacity: 32768
11:32:57.281 [main] DEBUG io.netty.buffer.PooledByteBufAllocator - -Dio.netty.allocator.cacheTrimInterval: 8192
11:32:57.281 [main] DEBUG io.netty.buffer.PooledByteBufAllocator - -Dio.netty.allocator.cacheTrimIntervalMillis: 0
11:32:57.281 [main] DEBUG io.netty.buffer.PooledByteBufAllocator - -Dio.netty.allocator.useCacheForAllThreads: true
11:32:57.281 [main] DEBUG io.netty.buffer.PooledByteBufAllocator - -Dio.netty.allocator.maxCachedByteBuffersPerChunk: 1023
11:32:57.299 [main] DEBUG io.netty.buffer.ByteBufUtil - -Dio.netty.allocator.type: pooled
11:32:57.299 [main] DEBUG io.netty.buffer.ByteBufUtil - -Dio.netty.threadLocalDirectBufferSize: 0
11:32:57.299 [main] DEBUG io.netty.buffer.ByteBufUtil - -Dio.netty.maxThreadLocalCharBufferSize: 16384
11:32:58.311 [Forwarding newSession on session null to remote] DEBUG io.netty.channel.DefaultChannelId - -Dio.netty.processId: 7772 (auto-detected)
11:32:58.315 [Forwarding newSession on session null to remote] DEBUG io.netty.util.NetUtil - -Djava.net.preferIPv4Stack: false
11:32:58.315 [Forwarding newSession on session null to remote] DEBUG io.netty.util.NetUtil - -Djava.net.preferIPv6Addresses: false
11:32:58.524 [Forwarding newSession on session null to remote] DEBUG io.netty.util.NetUtilInitializations - Loopback interface: lo (Software Loopback Interface 1, 127.0.0.1)
11:32:58.526 [Forwarding newSession on session null to remote] DEBUG io.netty.util.NetUtil - Failed to get SOMAXCONN from sysctl and file \proc\sys\net\core\somaxconn. Default: 200
11:32:58.717 [Forwarding newSession on session null to remote] DEBUG io.netty.channel.DefaultChannelId - -Dio.netty.machineId: 10:0b:a9:ff:fe:13:bd:20 (auto-detected)
11:32:58.811 [AsyncHttpClient-1-2] DEBUG io.netty.buffer.AbstractByteBuf - -Dio.netty.buffer.checkAccessible: true
11:32:58.811 [AsyncHttpClient-1-2] DEBUG io.netty.buffer.AbstractByteBuf - -Dio.netty.buffer.checkBounds: true
11:32:58.811 [AsyncHttpClient-1-2] DEBUG io.netty.util.ResourceLeakDetectorFactory - Loaded default ResourceLeakDetector: io.netty.util.ResourceLeakDetector@37125b3f
11:32:58.833 [AsyncHttpClient-1-2] DEBUG org.asynchttpclient.netty.channel.NettyConnectListener - Using new Channel '[id: 0x2954b54a, L:/127.0.0.1:58273 - R:localhost/127.0.0.1:63908]' for 'POST' to '/session'
11:32:58.867 [AsyncHttpClient-1-2] DEBUG io.netty.util.Recycler - -Dio.netty.recycler.maxCapacityPerThread: 4096
11:32:58.867 [AsyncHttpClient-1-2] DEBUG io.netty.util.Recycler - -Dio.netty.recycler.ratio: 8
11:32:58.867 [AsyncHttpClient-1-2] DEBUG io.netty.util.Recycler - -Dio.netty.recycler.chunkSize: 32
11:32:58.867 [AsyncHttpClient-1-2] DEBUG io.netty.util.Recycler - -Dio.netty.recycler.blocking: false
11:33:00.459 [AsyncHttpClient-1-2] DEBUG io.netty.handler.codec.compression.Brotli - brotli4j not in the classpath; Brotli support will be unavailable.
11:33:00.460 [AsyncHttpClient-1-2] DEBUG org.asynchttpclient.netty.handler.HttpHandler - 

Request DefaultHttpRequest(decodeResult: success, version: HTTP/1.1)
POST /session HTTP/1.1
User-Agent: selenium/4.1.2 (java windows)
Content-Length: 605
Content-Type: application/json; charset=utf-8
host: localhost:63908
accept: */*

Response DefaultHttpResponse(decodeResult: success, version: HTTP/1.1)
HTTP/1.1 200 OK
Content-Type: application/json; charset=utf-8
cache-control: no-cache
content-length: 791

11:33:00.483 [AsyncHttpClient-1-2] DEBUG org.asynchttpclient.netty.channel.ChannelManager - Adding key: http://localhost:63908 for channel [id: 0x2954b54a, L:/127.0.0.1:58273 - R:localhost/127.0.0.1:63908]
11:33:00.755 [AsyncHttpClient-1-3] DEBUG org.asynchttpclient.netty.channel.NettyConnectListener - Using new Channel '[id: 0xfe1c61bf, L:/127.0.0.1:58282 - R:localhost/127.0.0.1:58274]' for 'GET' to '/json/version'
11:33:00.760 [AsyncHttpClient-1-3] DEBUG org.asynchttpclient.netty.handler.HttpHandler - 

Request DefaultFullHttpRequest(decodeResult: success, version: HTTP/1.1, content: EmptyByteBufBE)
GET /json/version HTTP/1.1
User-Agent: selenium/4.1.2 (java windows)
host: localhost:58274
accept: */*

Response DefaultHttpResponse(decodeResult: success, version: HTTP/1.1)
HTTP/1.1 200 OK
Content-Type: application/json; charset=UTF-8
content-length: 429

11:33:00.761 [AsyncHttpClient-1-3] DEBUG org.asynchttpclient.netty.channel.ChannelManager - Adding key: http://localhost:58274 for channel [id: 0xfe1c61bf, L:/127.0.0.1:58282 - R:localhost/127.0.0.1:58274]
11:33:00.779 [main] DEBUG io.netty.util.internal.ThreadLocalRandom - -Dio.netty.initialSeedUniquifier: 0xee9a30a714bff3af
11:33:00.789 [AsyncHttpClient-1-4] DEBUG org.asynchttpclient.netty.channel.NettyConnectListener - Using new Channel '[id: 0x6c4582c4, L:/127.0.0.1:58283 - R:localhost/127.0.0.1:58274]' for 'GET' to '/devtools/browser/510c1dc0-7b88-4e80-af64-be55e0414f5e'
11:33:00.792 [AsyncHttpClient-1-4] DEBUG org.asynchttpclient.netty.handler.WebSocketHandler - 

Request DefaultFullHttpRequest(decodeResult: success, version: HTTP/1.1, content: EmptyByteBufBE)
GET /devtools/browser/510c1dc0-7b88-4e80-af64-be55e0414f5e HTTP/1.1
upgrade: websocket
connection: upgrade
sec-websocket-key: j0u/f+pOjtq6QpPqGgEwMg==
sec-websocket-version: 13
origin: http://localhost:58274
host: localhost:58274
accept: */*
user-agent: AHC/2.1

Response DefaultHttpResponse(decodeResult: success, version: HTTP/1.1)
HTTP/1.1 101 WebSocket Protocol Handshake
Upgrade: WebSocket
Connection: Upgrade
Sec-WebSocket-Accept: qSjRc1au4cpiDmzoR7WDnBdq03U=

11:33:00.962 [Forwarding setCurrentWindowSize on session 000736bbcdd3f2cea901c63cd69dded0 to remote] DEBUG org.asynchttpclient.netty.request.NettyRequestSender - Using pooled Channel '[id: 0x2954b54a, L:/127.0.0.1:58273 - R:localhost/127.0.0.1:63908]' for 'POST' to 'http://localhost:63908/session/000736bbcdd3f2cea901c63cd69dded0/window/rect'
11:33:00.962 [Forwarding setCurrentWindowSize on session 000736bbcdd3f2cea901c63cd69dded0 to remote] DEBUG org.asynchttpclient.netty.request.NettyRequestSender - Using open Channel [id: 0x2954b54a, L:/127.0.0.1:58273 - R:localhost/127.0.0.1:63908] for POST '/session/000736bbcdd3f2cea901c63cd69dded0/window/rect'
11:33:01.168 [AsyncHttpClient-1-2] DEBUG org.asynchttpclient.netty.handler.HttpHandler - 

Request DefaultHttpRequest(decodeResult: success, version: HTTP/1.1)
POST /session/000736bbcdd3f2cea901c63cd69dded0/window/rect HTTP/1.1
User-Agent: selenium/4.1.2 (java windows)
Content-Length: 37
Content-Type: application/json; charset=utf-8
host: localhost:63908
accept: */*

Response DefaultHttpResponse(decodeResult: success, version: HTTP/1.1)
HTTP/1.1 200 OK
Content-Type: application/json; charset=utf-8
cache-control: no-cache
content-length: 51

11:33:01.169 [AsyncHttpClient-1-2] DEBUG org.asynchttpclient.netty.channel.ChannelManager - Adding key: http://localhost:63908 for channel [id: 0x2954b54a, L:/127.0.0.1:58273 - R:localhost/127.0.0.1:63908]
11:33:01.181 [Forwarding setWindowPosition on session 000736bbcdd3f2cea901c63cd69dded0 to remote] DEBUG org.asynchttpclient.netty.request.NettyRequestSender - Using pooled Channel '[id: 0x2954b54a, L:/127.0.0.1:58273 - R:localhost/127.0.0.1:63908]' for 'POST' to 'http://localhost:63908/session/000736bbcdd3f2cea901c63cd69dded0/window/rect'
11:33:01.181 [Forwarding setWindowPosition on session 000736bbcdd3f2cea901c63cd69dded0 to remote] DEBUG org.asynchttpclient.netty.request.NettyRequestSender - Using open Channel [id: 0x2954b54a, L:/127.0.0.1:58273 - R:localhost/127.0.0.1:63908] for POST '/session/000736bbcdd3f2cea901c63cd69dded0/window/rect'
11:33:01.302 [AsyncHttpClient-1-2] DEBUG org.asynchttpclient.netty.handler.HttpHandler - 

Request DefaultHttpRequest(decodeResult: success, version: HTTP/1.1)
POST /session/000736bbcdd3f2cea901c63cd69dded0/window/rect HTTP/1.1
User-Agent: selenium/4.1.2 (java windows)
Content-Length: 22
Content-Type: application/json; charset=utf-8
host: localhost:63908
accept: */*

Response DefaultHttpResponse(decodeResult: success, version: HTTP/1.1)
HTTP/1.1 200 OK
Content-Type: application/json; charset=utf-8
cache-control: no-cache
content-length: 49

11:33:01.303 [AsyncHttpClient-1-2] DEBUG org.asynchttpclient.netty.channel.ChannelManager - Adding key: http://localhost:63908 for channel [id: 0x2954b54a, L:/127.0.0.1:58273 - R:localhost/127.0.0.1:63908]
11:33:01.518 [AsyncHttpClient-1-1] DEBUG org.asynchttpclient.netty.channel.DefaultChannelPool - Entry count for : http://localhost:58274 : 1
11:33:01.518 [AsyncHttpClient-1-1] DEBUG org.asynchttpclient.netty.channel.DefaultChannelPool - Entry count for : http://localhost:63908 : 1
11:33:01.561 [main] DEBUG net.thucydides.core.reflection.ClassFinder - Could not load class .starter.CucumberTestSuite
11:33:01.561 [main] DEBUG net.thucydides.core.reflection.ClassFinder - Could not load class .starter.pages.BookstorePage
11:33:01.561 [main] DEBUG net.thucydides.core.reflection.ClassFinder - Could not load class .starter.pages.HomePage
11:33:01.561 [main] DEBUG net.thucydides.core.reflection.ClassFinder - Could not load class .starter.pages.LoginPage
11:33:01.561 [main] DEBUG net.thucydides.core.reflection.ClassFinder - Could not load class .starter.stepdefenitions.BookstoreSteps
11:33:01.562 [main] DEBUG net.thucydides.core.reflection.ClassFinder - Could not load class .starter.stepdefenitions.LoginSteps
11:33:01.566 [Forwarding get on session 000736bbcdd3f2cea901c63cd69dded0 to remote] DEBUG org.asynchttpclient.netty.request.NettyRequestSender - Using pooled Channel '[id: 0x2954b54a, L:/127.0.0.1:58273 - R:localhost/127.0.0.1:63908]' for 'POST' to 'http://localhost:63908/session/000736bbcdd3f2cea901c63cd69dded0/url'
11:33:01.566 [Forwarding get on session 000736bbcdd3f2cea901c63cd69dded0 to remote] DEBUG org.asynchttpclient.netty.request.NettyRequestSender - Using open Channel [id: 0x2954b54a, L:/127.0.0.1:58273 - R:localhost/127.0.0.1:63908] for POST '/session/000736bbcdd3f2cea901c63cd69dded0/url'
11:33:02.615 [AsyncHttpClient-1-1] DEBUG org.asynchttpclient.netty.channel.DefaultChannelPool - Entry count for : http://localhost:58274 : 1
11:33:03.701 [AsyncHttpClient-1-1] DEBUG org.asynchttpclient.netty.channel.DefaultChannelPool - Entry count for : http://localhost:58274 : 1
11:33:04.801 [AsyncHttpClient-1-1] DEBUG org.asynchttpclient.netty.channel.DefaultChannelPool - Entry count for : http://localhost:58274 : 1
11:33:05.901 [AsyncHttpClient-1-1] DEBUG org.asynchttpclient.netty.channel.DefaultChannelPool - Entry count for : http://localhost:58274 : 1
11:33:07.005 [AsyncHttpClient-1-1] DEBUG org.asynchttpclient.netty.channel.DefaultChannelPool - Entry count for : http://localhost:58274 : 1
11:33:07.317 [AsyncHttpClient-1-2] DEBUG org.asynchttpclient.netty.handler.HttpHandler - 

Request DefaultHttpRequest(decodeResult: success, version: HTTP/1.1)
POST /session/000736bbcdd3f2cea901c63cd69dded0/url HTTP/1.1
User-Agent: selenium/4.1.2 (java windows)
Content-Length: 49
Content-Type: application/json; charset=utf-8
host: localhost:63908
accept: */*

Response DefaultHttpResponse(decodeResult: success, version: HTTP/1.1)
HTTP/1.1 200 OK
Content-Type: application/json; charset=utf-8
cache-control: no-cache
content-length: 14

11:33:07.318 [AsyncHttpClient-1-2] DEBUG org.asynchttpclient.netty.channel.ChannelManager - Adding key: http://localhost:63908 for channel [id: 0x2954b54a, L:/127.0.0.1:58273 - R:localhost/127.0.0.1:63908]
11:33:07.325 [Forwarding setTimeout on session 000736bbcdd3f2cea901c63cd69dded0 to remote] DEBUG org.asynchttpclient.netty.request.NettyRequestSender - Using pooled Channel '[id: 0x2954b54a, L:/127.0.0.1:58273 - R:localhost/127.0.0.1:63908]' for 'POST' to 'http://localhost:63908/session/000736bbcdd3f2cea901c63cd69dded0/timeouts'
11:33:07.325 [Forwarding setTimeout on session 000736bbcdd3f2cea901c63cd69dded0 to remote] DEBUG org.asynchttpclient.netty.request.NettyRequestSender - Using open Channel [id: 0x2954b54a, L:/127.0.0.1:58273 - R:localhost/127.0.0.1:63908] for POST '/session/000736bbcdd3f2cea901c63cd69dded0/timeouts'
11:33:07.328 [AsyncHttpClient-1-2] DEBUG org.asynchttpclient.netty.handler.HttpHandler - 

Request DefaultHttpRequest(decodeResult: success, version: HTTP/1.1)
POST /session/000736bbcdd3f2cea901c63cd69dded0/timeouts HTTP/1.1
User-Agent: selenium/4.1.2 (java windows)
Content-Length: 22
Content-Type: application/json; charset=utf-8
host: localhost:63908
accept: */*

Response DefaultHttpResponse(decodeResult: success, version: HTTP/1.1)
HTTP/1.1 200 OK
Content-Type: application/json; charset=utf-8
cache-control: no-cache
content-length: 14

11:33:07.328 [AsyncHttpClient-1-2] DEBUG org.asynchttpclient.netty.channel.ChannelManager - Adding key: http://localhost:63908 for channel [id: 0x2954b54a, L:/127.0.0.1:58273 - R:localhost/127.0.0.1:63908]
11:33:07.345 [Forwarding getCurrentUrl on session 000736bbcdd3f2cea901c63cd69dded0 to remote] DEBUG org.asynchttpclient.netty.request.NettyRequestSender - Using pooled Channel '[id: 0x2954b54a, L:/127.0.0.1:58273 - R:localhost/127.0.0.1:63908]' for 'GET' to 'http://localhost:63908/session/000736bbcdd3f2cea901c63cd69dded0/url'
11:33:07.345 [Forwarding getCurrentUrl on session 000736bbcdd3f2cea901c63cd69dded0 to remote] DEBUG org.asynchttpclient.netty.request.NettyRequestSender - Using open Channel [id: 0x2954b54a, L:/127.0.0.1:58273 - R:localhost/127.0.0.1:63908] for GET '/session/000736bbcdd3f2cea901c63cd69dded0/url'
11:33:07.424 [AsyncHttpClient-1-2] DEBUG org.asynchttpclient.netty.handler.HttpHandler - 

Request DefaultFullHttpRequest(decodeResult: success, version: HTTP/1.1, content: EmptyByteBufBE)
GET /session/000736bbcdd3f2cea901c63cd69dded0/url HTTP/1.1
User-Agent: selenium/4.1.2 (java windows)
Cache-Control: no-cache
Content-Type: application/json; charset=utf-8
host: localhost:63908
accept: */*

Response DefaultHttpResponse(decodeResult: success, version: HTTP/1.1)
HTTP/1.1 200 OK
Content-Type: application/json; charset=utf-8
cache-control: no-cache
content-length: 31

11:33:07.425 [AsyncHttpClient-1-2] DEBUG org.asynchttpclient.netty.channel.ChannelManager - Adding key: http://localhost:63908 for channel [id: 0x2954b54a, L:/127.0.0.1:58273 - R:localhost/127.0.0.1:63908]
11:33:07.443 [Forwarding getCurrentUrl on session 000736bbcdd3f2cea901c63cd69dded0 to remote] DEBUG org.asynchttpclient.netty.request.NettyRequestSender - Using pooled Channel '[id: 0x2954b54a, L:/127.0.0.1:58273 - R:localhost/127.0.0.1:63908]' for 'GET' to 'http://localhost:63908/session/000736bbcdd3f2cea901c63cd69dded0/url'
11:33:07.444 [Forwarding getCurrentUrl on session 000736bbcdd3f2cea901c63cd69dded0 to remote] DEBUG org.asynchttpclient.netty.request.NettyRequestSender - Using open Channel [id: 0x2954b54a, L:/127.0.0.1:58273 - R:localhost/127.0.0.1:63908] for GET '/session/000736bbcdd3f2cea901c63cd69dded0/url'
11:33:07.451 [AsyncHttpClient-1-2] DEBUG org.asynchttpclient.netty.handler.HttpHandler - 

Request DefaultFullHttpRequest(decodeResult: success, version: HTTP/1.1, content: EmptyByteBufBE)
GET /session/000736bbcdd3f2cea901c63cd69dded0/url HTTP/1.1
User-Agent: selenium/4.1.2 (java windows)
Cache-Control: no-cache
Content-Type: application/json; charset=utf-8
host: localhost:63908
accept: */*

Response DefaultHttpResponse(decodeResult: success, version: HTTP/1.1)
HTTP/1.1 200 OK
Content-Type: application/json; charset=utf-8
cache-control: no-cache
content-length: 31

11:33:07.452 [AsyncHttpClient-1-2] DEBUG org.asynchttpclient.netty.channel.ChannelManager - Adding key: http://localhost:63908 for channel [id: 0x2954b54a, L:/127.0.0.1:58273 - R:localhost/127.0.0.1:63908]
11:33:07.490 [main] DEBUG net.serenitybdd.core.photography.Darkroom - Opening darkroom
11:33:07.491 [Darkroom Processing Line] DEBUG net.serenitybdd.core.photography.DarkroomProcessingLine - Darkroom processing line starting up
11:33:07.495 [Forwarding screenshot on session 000736bbcdd3f2cea901c63cd69dded0 to remote] DEBUG org.asynchttpclient.netty.request.NettyRequestSender - Using pooled Channel '[id: 0x2954b54a, L:/127.0.0.1:58273 - R:localhost/127.0.0.1:63908]' for 'GET' to 'http://localhost:63908/session/000736bbcdd3f2cea901c63cd69dded0/screenshot'
11:33:07.495 [Forwarding screenshot on session 000736bbcdd3f2cea901c63cd69dded0 to remote] DEBUG org.asynchttpclient.netty.request.NettyRequestSender - Using open Channel [id: 0x2954b54a, L:/127.0.0.1:58273 - R:localhost/127.0.0.1:63908] for GET '/session/000736bbcdd3f2cea901c63cd69dded0/screenshot'
11:33:07.684 [AsyncHttpClient-1-2] DEBUG org.asynchttpclient.netty.handler.HttpHandler - 

Request DefaultFullHttpRequest(decodeResult: success, version: HTTP/1.1, content: EmptyByteBufBE)
GET /session/000736bbcdd3f2cea901c63cd69dded0/screenshot HTTP/1.1
User-Agent: selenium/4.1.2 (java windows)
Cache-Control: no-cache
Content-Type: application/json; charset=utf-8
host: localhost:63908
accept: */*

Response DefaultHttpResponse(decodeResult: success, version: HTTP/1.1)
HTTP/1.1 200 OK
Content-Type: application/json; charset=utf-8
cache-control: no-cache
content-length: 129784

11:33:07.688 [AsyncHttpClient-1-2] DEBUG org.asynchttpclient.netty.channel.ChannelManager - Adding key: http://localhost:63908 for channel [id: 0x2954b54a, L:/127.0.0.1:58273 - R:localhost/127.0.0.1:63908]
11:33:08.101 [AsyncHttpClient-1-1] DEBUG org.asynchttpclient.netty.channel.DefaultChannelPool - Entry count for : http://localhost:58274 : 1
11:33:08.102 [AsyncHttpClient-1-1] DEBUG org.asynchttpclient.netty.channel.DefaultChannelPool - Entry count for : http://localhost:63908 : 1
11:33:08.352 [main] DEBUG net.serenitybdd.core.photography.Darkroom - Send negative for processing for target\site\serenity\60d16177a905c8bd49cf659e69a73827967715ae655e2e02bfeac246a2cfbf75.png
11:33:08.354 [Darkroom Processing Line] DEBUG net.serenitybdd.core.photography.DarkroomProcessingLine - Processing screenshot image in /var/screenshots/screenshot-3020313903196186165
11:33:08.354 [Darkroom Processing Line] DEBUG net.serenitybdd.core.photography.DarkroomProcessingLine - Saving screenshot to target\site\serenity\60d16177a905c8bd49cf659e69a73827967715ae655e2e02bfeac246a2cfbf75.png
11:33:08.371 [main] DEBUG net.thucydides.core.steps.StepInterceptor - STEP DONE: openPage
11:33:08.397 [main] DEBUG net.thucydides.core.steps.StepInterceptor - STARTING STEP: BookstoreSteps.onBookstorePage - validationHomePage
11:33:08.408 [Forwarding findElement on session 000736bbcdd3f2cea901c63cd69dded0 to remote] DEBUG org.asynchttpclient.netty.request.NettyRequestSender - Using pooled Channel '[id: 0x2954b54a, L:/127.0.0.1:58273 - R:localhost/127.0.0.1:63908]' for 'POST' to 'http://localhost:63908/session/000736bbcdd3f2cea901c63cd69dded0/element'
11:33:08.409 [Forwarding findElement on session 000736bbcdd3f2cea901c63cd69dded0 to remote] DEBUG org.asynchttpclient.netty.request.NettyRequestSender - Using open Channel [id: 0x2954b54a, L:/127.0.0.1:58273 - R:localhost/127.0.0.1:63908] for POST '/session/000736bbcdd3f2cea901c63cd69dded0/element'
11:33:08.464 [AsyncHttpClient-1-2] DEBUG org.asynchttpclient.netty.handler.HttpHandler - 

Request DefaultHttpRequest(decodeResult: success, version: HTTP/1.1)
POST /session/000736bbcdd3f2cea901c63cd69dded0/element HTTP/1.1
User-Agent: selenium/4.1.2 (java windows)
Content-Length: 48
Content-Type: application/json; charset=utf-8
host: localhost:63908
accept: */*

Response DefaultHttpResponse(decodeResult: success, version: HTTP/1.1)
HTTP/1.1 400 Bad Request
Content-Type: application/json; charset=utf-8
cache-control: no-cache
content-length: 958

11:33:08.466 [AsyncHttpClient-1-2] DEBUG org.asynchttpclient.netty.channel.ChannelManager - Adding key: http://localhost:63908 for channel [id: 0x2954b54a, L:/127.0.0.1:58273 - R:localhost/127.0.0.1:63908]
11:33:08.502 [Forwarding findElement on session 000736bbcdd3f2cea901c63cd69dded0 to remote] DEBUG org.asynchttpclient.netty.request.NettyRequestSender - Using pooled Channel '[id: 0x2954b54a, L:/127.0.0.1:58273 - R:localhost/127.0.0.1:63908]' for 'POST' to 'http://localhost:63908/session/000736bbcdd3f2cea901c63cd69dded0/element'
11:33:08.503 [Forwarding findElement on session 000736bbcdd3f2cea901c63cd69dded0 to remote] DEBUG org.asynchttpclient.netty.request.NettyRequestSender - Using open Channel [id: 0x2954b54a, L:/127.0.0.1:58273 - R:localhost/127.0.0.1:63908] for POST '/session/000736bbcdd3f2cea901c63cd69dded0/element'
11:33:08.528 [AsyncHttpClient-1-2] DEBUG org.asynchttpclient.netty.handler.HttpHandler - 

Request DefaultHttpRequest(decodeResult: success, version: HTTP/1.1)
POST /session/000736bbcdd3f2cea901c63cd69dded0/element HTTP/1.1
User-Agent: selenium/4.1.2 (java windows)
Content-Length: 58
Content-Type: application/json; charset=utf-8
host: localhost:63908
accept: */*

Response DefaultHttpResponse(decodeResult: success, version: HTTP/1.1)
HTTP/1.1 200 OK
Content-Type: application/json; charset=utf-8
cache-control: no-cache
content-length: 88

11:33:08.529 [AsyncHttpClient-1-2] DEBUG org.asynchttpclient.netty.channel.ChannelManager - Adding key: http://localhost:63908 for channel [id: 0x2954b54a, L:/127.0.0.1:58273 - R:localhost/127.0.0.1:63908]
11:33:08.685 [Forwarding isElementDisplayed on session 000736bbcdd3f2cea901c63cd69dded0 to remote] DEBUG org.asynchttpclient.netty.request.NettyRequestSender - Using pooled Channel '[id: 0x2954b54a, L:/127.0.0.1:58273 - R:localhost/127.0.0.1:63908]' for 'POST' to 'http://localhost:63908/session/000736bbcdd3f2cea901c63cd69dded0/execute/sync'
11:33:08.686 [Forwarding isElementDisplayed on session 000736bbcdd3f2cea901c63cd69dded0 to remote] DEBUG org.asynchttpclient.netty.request.NettyRequestSender - Using open Channel [id: 0x2954b54a, L:/127.0.0.1:58273 - R:localhost/127.0.0.1:63908] for POST '/session/000736bbcdd3f2cea901c63cd69dded0/execute/sync'
11:33:08.717 [AsyncHttpClient-1-2] DEBUG org.asynchttpclient.netty.handler.HttpHandler - 

Request DefaultHttpRequest(decodeResult: success, version: HTTP/1.1)
POST /session/000736bbcdd3f2cea901c63cd69dded0/execute/sync HTTP/1.1
User-Agent: selenium/4.1.2 (java windows)
Content-Length: 48780
Content-Type: application/json; charset=utf-8
host: localhost:63908
accept: */*

Response DefaultHttpResponse(decodeResult: success, version: HTTP/1.1)
HTTP/1.1 200 OK
Content-Type: application/json; charset=utf-8
cache-control: no-cache
content-length: 14

11:33:08.718 [AsyncHttpClient-1-2] DEBUG org.asynchttpclient.netty.channel.ChannelManager - Adding key: http://localhost:63908 for channel [id: 0x2954b54a, L:/127.0.0.1:58273 - R:localhost/127.0.0.1:63908]
11:33:08.734 [Forwarding screenshot on session 000736bbcdd3f2cea901c63cd69dded0 to remote] DEBUG org.asynchttpclient.netty.request.NettyRequestSender - Using pooled Channel '[id: 0x2954b54a, L:/127.0.0.1:58273 - R:localhost/127.0.0.1:63908]' for 'GET' to 'http://localhost:63908/session/000736bbcdd3f2cea901c63cd69dded0/screenshot'
11:33:08.734 [Forwarding screenshot on session 000736bbcdd3f2cea901c63cd69dded0 to remote] DEBUG org.asynchttpclient.netty.request.NettyRequestSender - Using open Channel [id: 0x2954b54a, L:/127.0.0.1:58273 - R:localhost/127.0.0.1:63908] for GET '/session/000736bbcdd3f2cea901c63cd69dded0/screenshot'
11:33:08.954 [AsyncHttpClient-1-2] DEBUG org.asynchttpclient.netty.handler.HttpHandler - 

Request DefaultFullHttpRequest(decodeResult: success, version: HTTP/1.1, content: EmptyByteBufBE)
GET /session/000736bbcdd3f2cea901c63cd69dded0/screenshot HTTP/1.1
User-Agent: selenium/4.1.2 (java windows)
Cache-Control: no-cache
Content-Type: application/json; charset=utf-8
host: localhost:63908
accept: */*

Response DefaultHttpResponse(decodeResult: success, version: HTTP/1.1)
HTTP/1.1 200 OK
Content-Type: application/json; charset=utf-8
cache-control: no-cache
content-length: 159312

11:33:08.958 [AsyncHttpClient-1-2] DEBUG org.asynchttpclient.netty.channel.ChannelManager - Adding key: http://localhost:63908 for channel [id: 0x2954b54a, L:/127.0.0.1:58273 - R:localhost/127.0.0.1:63908]
11:33:08.978 [main] DEBUG net.serenitybdd.core.photography.Darkroom - Send negative for processing for target\site\serenity\63ee6ce2c99fd2c61e641d4321bbd922d30710d1fe063889db47ef8d07f758e3.png
11:33:08.979 [Darkroom Processing Line] DEBUG net.serenitybdd.core.photography.DarkroomProcessingLine - Processing screenshot image in /var/screenshots/screenshot-4099332089698193342
11:33:08.979 [main] DEBUG net.thucydides.core.steps.StepInterceptor - STEP DONE: validationHomePage
11:33:08.979 [Darkroom Processing Line] DEBUG net.serenitybdd.core.photography.DarkroomProcessingLine - Saving screenshot to target\site\serenity\63ee6ce2c99fd2c61e641d4321bbd922d30710d1fe063889db47ef8d07f758e3.png
  &amp#27;[32mGiven &amp#27;[0m&amp#27;[32mi am on the home page&amp#27;[0m                     &amp#27;[90m# starter.stepdefenitions.BookstoreSteps.onBookstorePage()&amp#27;[0m
11:33:09.024 [main] DEBUG net.thucydides.core.steps.StepInterceptor - STARTING STEP: BookstoreSteps.clickFeatureBookstore - clickFeatureBookstore
11:33:09.039 [Forwarding findElement on session 000736bbcdd3f2cea901c63cd69dded0 to remote] DEBUG org.asynchttpclient.netty.request.NettyRequestSender - Using pooled Channel '[id: 0x2954b54a, L:/127.0.0.1:58273 - R:localhost/127.0.0.1:63908]' for 'POST' to 'http://localhost:63908/session/000736bbcdd3f2cea901c63cd69dded0/element'
11:33:09.040 [Forwarding findElement on session 000736bbcdd3f2cea901c63cd69dded0 to remote] DEBUG org.asynchttpclient.netty.request.NettyRequestSender - Using open Channel [id: 0x2954b54a, L:/127.0.0.1:58273 - R:localhost/127.0.0.1:63908] for POST '/session/000736bbcdd3f2cea901c63cd69dded0/element'
11:33:09.056 [AsyncHttpClient-1-2] DEBUG org.asynchttpclient.netty.handler.HttpHandler - 

Request DefaultHttpRequest(decodeResult: success, version: HTTP/1.1)
POST /session/000736bbcdd3f2cea901c63cd69dded0/element HTTP/1.1
User-Agent: selenium/4.1.2 (java windows)
Content-Length: 86
Content-Type: application/json; charset=utf-8
host: localhost:63908
accept: */*

Response DefaultHttpResponse(decodeResult: success, version: HTTP/1.1)
HTTP/1.1 200 OK
Content-Type: application/json; charset=utf-8
cache-control: no-cache
content-length: 88

11:33:09.056 [AsyncHttpClient-1-2] DEBUG org.asynchttpclient.netty.channel.ChannelManager - Adding key: http://localhost:63908 for channel [id: 0x2954b54a, L:/127.0.0.1:58273 - R:localhost/127.0.0.1:63908]
11:33:09.061 [Forwarding getElementTagName on session 000736bbcdd3f2cea901c63cd69dded0 to remote] DEBUG org.asynchttpclient.netty.request.NettyRequestSender - Using pooled Channel '[id: 0x2954b54a, L:/127.0.0.1:58273 - R:localhost/127.0.0.1:63908]' for 'GET' to 'http://localhost:63908/session/000736bbcdd3f2cea901c63cd69dded0/element/356031ff-6144-45f3-b1ce-89446b5c4d65/name'
11:33:09.062 [Forwarding getElementTagName on session 000736bbcdd3f2cea901c63cd69dded0 to remote] DEBUG org.asynchttpclient.netty.request.NettyRequestSender - Using open Channel [id: 0x2954b54a, L:/127.0.0.1:58273 - R:localhost/127.0.0.1:63908] for GET '/session/000736bbcdd3f2cea901c63cd69dded0/element/356031ff-6144-45f3-b1ce-89446b5c4d65/name'
11:33:09.070 [AsyncHttpClient-1-2] DEBUG org.asynchttpclient.netty.handler.HttpHandler - 

Request DefaultFullHttpRequest(decodeResult: success, version: HTTP/1.1, content: EmptyByteBufBE)
GET /session/000736bbcdd3f2cea901c63cd69dded0/element/356031ff-6144-45f3-b1ce-89446b5c4d65/name HTTP/1.1
User-Agent: selenium/4.1.2 (java windows)
Cache-Control: no-cache
Content-Type: application/json; charset=utf-8
host: localhost:63908
accept: */*

Response DefaultHttpResponse(decodeResult: success, version: HTTP/1.1)
HTTP/1.1 200 OK
Content-Type: application/json; charset=utf-8
cache-control: no-cache
content-length: 15

11:33:09.071 [AsyncHttpClient-1-2] DEBUG org.asynchttpclient.netty.channel.ChannelManager - Adding key: http://localhost:63908 for channel [id: 0x2954b54a, L:/127.0.0.1:58273 - R:localhost/127.0.0.1:63908]
11:33:09.075 [Forwarding getElementTagName on session 000736bbcdd3f2cea901c63cd69dded0 to remote] DEBUG org.asynchttpclient.netty.request.NettyRequestSender - Using pooled Channel '[id: 0x2954b54a, L:/127.0.0.1:58273 - R:localhost/127.0.0.1:63908]' for 'GET' to 'http://localhost:63908/session/000736bbcdd3f2cea901c63cd69dded0/element/356031ff-6144-45f3-b1ce-89446b5c4d65/name'
11:33:09.075 [Forwarding getElementTagName on session 000736bbcdd3f2cea901c63cd69dded0 to remote] DEBUG org.asynchttpclient.netty.request.NettyRequestSender - Using open Channel [id: 0x2954b54a, L:/127.0.0.1:58273 - R:localhost/127.0.0.1:63908] for GET '/session/000736bbcdd3f2cea901c63cd69dded0/element/356031ff-6144-45f3-b1ce-89446b5c4d65/name'
11:33:09.080 [AsyncHttpClient-1-2] DEBUG org.asynchttpclient.netty.handler.HttpHandler - 

Request DefaultFullHttpRequest(decodeResult: success, version: HTTP/1.1, content: EmptyByteBufBE)
GET /session/000736bbcdd3f2cea901c63cd69dded0/element/356031ff-6144-45f3-b1ce-89446b5c4d65/name HTTP/1.1
User-Agent: selenium/4.1.2 (java windows)
Cache-Control: no-cache
Content-Type: application/json; charset=utf-8
host: localhost:63908
accept: */*

Response DefaultHttpResponse(decodeResult: success, version: HTTP/1.1)
HTTP/1.1 200 OK
Content-Type: application/json; charset=utf-8
cache-control: no-cache
content-length: 15

11:33:09.081 [AsyncHttpClient-1-2] DEBUG org.asynchttpclient.netty.channel.ChannelManager - Adding key: http://localhost:63908 for channel [id: 0x2954b54a, L:/127.0.0.1:58273 - R:localhost/127.0.0.1:63908]
11:33:09.086 [Forwarding findElement on session 000736bbcdd3f2cea901c63cd69dded0 to remote] DEBUG org.asynchttpclient.netty.request.NettyRequestSender - Using pooled Channel '[id: 0x2954b54a, L:/127.0.0.1:58273 - R:localhost/127.0.0.1:63908]' for 'POST' to 'http://localhost:63908/session/000736bbcdd3f2cea901c63cd69dded0/element'
11:33:09.086 [Forwarding findElement on session 000736bbcdd3f2cea901c63cd69dded0 to remote] DEBUG org.asynchttpclient.netty.request.NettyRequestSender - Using open Channel [id: 0x2954b54a, L:/127.0.0.1:58273 - R:localhost/127.0.0.1:63908] for POST '/session/000736bbcdd3f2cea901c63cd69dded0/element'
11:33:09.097 [AsyncHttpClient-1-2] DEBUG org.asynchttpclient.netty.handler.HttpHandler - 

Request DefaultHttpRequest(decodeResult: success, version: HTTP/1.1)
POST /session/000736bbcdd3f2cea901c63cd69dded0/element HTTP/1.1
User-Agent: selenium/4.1.2 (java windows)
Content-Length: 86
Content-Type: application/json; charset=utf-8
host: localhost:63908
accept: */*

Response DefaultHttpResponse(decodeResult: success, version: HTTP/1.1)
HTTP/1.1 200 OK
Content-Type: application/json; charset=utf-8
cache-control: no-cache
content-length: 88

11:33:09.098 [AsyncHttpClient-1-2] DEBUG org.asynchttpclient.netty.channel.ChannelManager - Adding key: http://localhost:63908 for channel [id: 0x2954b54a, L:/127.0.0.1:58273 - R:localhost/127.0.0.1:63908]
11:33:09.101 [Forwarding clickElement on session 000736bbcdd3f2cea901c63cd69dded0 to remote] DEBUG org.asynchttpclient.netty.request.NettyRequestSender - Using pooled Channel '[id: 0x2954b54a, L:/127.0.0.1:58273 - R:localhost/127.0.0.1:63908]' for 'POST' to 'http://localhost:63908/session/000736bbcdd3f2cea901c63cd69dded0/element/356031ff-6144-45f3-b1ce-89446b5c4d65/click'
11:33:09.102 [Forwarding clickElement on session 000736bbcdd3f2cea901c63cd69dded0 to remote] DEBUG org.asynchttpclient.netty.request.NettyRequestSender - Using open Channel [id: 0x2954b54a, L:/127.0.0.1:58273 - R:localhost/127.0.0.1:63908] for POST '/session/000736bbcdd3f2cea901c63cd69dded0/element/356031ff-6144-45f3-b1ce-89446b5c4d65/click'
11:33:09.207 [AsyncHttpClient-1-1] DEBUG org.asynchttpclient.netty.channel.DefaultChannelPool - Entry count for : http://localhost:58274 : 1
11:33:09.281 [AsyncHttpClient-1-2] DEBUG org.asynchttpclient.netty.handler.HttpHandler - 

Request DefaultHttpRequest(decodeResult: success, version: HTTP/1.1)
POST /session/000736bbcdd3f2cea901c63cd69dded0/element/356031ff-6144-45f3-b1ce-89446b5c4d65/click HTTP/1.1
User-Agent: selenium/4.1.2 (java windows)
Content-Length: 50
Content-Type: application/json; charset=utf-8
host: localhost:63908
accept: */*

Response DefaultHttpResponse(decodeResult: success, version: HTTP/1.1)
HTTP/1.1 200 OK
Content-Type: application/json; charset=utf-8
cache-control: no-cache
content-length: 14

11:33:09.281 [AsyncHttpClient-1-2] DEBUG org.asynchttpclient.netty.channel.ChannelManager - Adding key: http://localhost:63908 for channel [id: 0x2954b54a, L:/127.0.0.1:58273 - R:localhost/127.0.0.1:63908]
11:33:09.307 [Forwarding screenshot on session 000736bbcdd3f2cea901c63cd69dded0 to remote] DEBUG org.asynchttpclient.netty.request.NettyRequestSender - Using pooled Channel '[id: 0x2954b54a, L:/127.0.0.1:58273 - R:localhost/127.0.0.1:63908]' for 'GET' to 'http://localhost:63908/session/000736bbcdd3f2cea901c63cd69dded0/screenshot'
11:33:09.308 [Forwarding screenshot on session 000736bbcdd3f2cea901c63cd69dded0 to remote] DEBUG org.asynchttpclient.netty.request.NettyRequestSender - Using open Channel [id: 0x2954b54a, L:/127.0.0.1:58273 - R:localhost/127.0.0.1:63908] for GET '/session/000736bbcdd3f2cea901c63cd69dded0/screenshot'
11:33:09.496 [AsyncHttpClient-1-2] DEBUG org.asynchttpclient.netty.handler.HttpHandler - 

Request DefaultFullHttpRequest(decodeResult: success, version: HTTP/1.1, content: EmptyByteBufBE)
GET /session/000736bbcdd3f2cea901c63cd69dded0/screenshot HTTP/1.1
User-Agent: selenium/4.1.2 (java windows)
Cache-Control: no-cache
Content-Type: application/json; charset=utf-8
host: localhost:63908
accept: */*

Response DefaultHttpResponse(decodeResult: success, version: HTTP/1.1)
HTTP/1.1 200 OK
Content-Type: application/json; charset=utf-8
cache-control: no-cache
content-length: 78968

11:33:09.497 [AsyncHttpClient-1-2] DEBUG org.asynchttpclient.netty.channel.ChannelManager - Adding key: http://localhost:63908 for channel [id: 0x2954b54a, L:/127.0.0.1:58273 - R:localhost/127.0.0.1:63908]
11:33:09.513 [main] DEBUG net.serenitybdd.core.photography.Darkroom - Send negative for processing for target\site\serenity\13377c7570b508fde74c38764f7bc4058b33e754fab122df4b91d96b098d5426.png
11:33:09.514 [Darkroom Processing Line] DEBUG net.serenitybdd.core.photography.DarkroomProcessingLine - Processing screenshot image in /var/screenshots/screenshot-7252245289649024095
11:33:09.514 [main] DEBUG net.thucydides.core.steps.StepInterceptor - STEP DONE: clickFeatureBookstore
11:33:09.514 [Darkroom Processing Line] DEBUG net.serenitybdd.core.photography.DarkroomProcessingLine - Saving screenshot to target\site\serenity\13377c7570b508fde74c38764f7bc4058b33e754fab122df4b91d96b098d5426.png
  &amp#27;[32mWhen &amp#27;[0m&amp#27;[32mi click feature bookstore&amp#27;[0m                  &amp#27;[90m# starter.stepdefenitions.BookstoreSteps.clickFeatureBookstore()&amp#27;[0m
11:33:09.733 [Forwarding screenshot on session 000736bbcdd3f2cea901c63cd69dded0 to remote] DEBUG org.asynchttpclient.netty.request.NettyRequestSender - Using pooled Channel '[id: 0x2954b54a, L:/127.0.0.1:58273 - R:localhost/127.0.0.1:63908]' for 'GET' to 'http://localhost:63908/session/000736bbcdd3f2cea901c63cd69dded0/screenshot'
11:33:09.734 [Forwarding screenshot on session 000736bbcdd3f2cea901c63cd69dded0 to remote] DEBUG org.asynchttpclient.netty.request.NettyRequestSender - Using open Channel [id: 0x2954b54a, L:/127.0.0.1:58273 - R:localhost/127.0.0.1:63908] for GET '/session/000736bbcdd3f2cea901c63cd69dded0/screenshot'
11:33:09.899 [AsyncHttpClient-1-2] DEBUG org.asynchttpclient.netty.handler.HttpHandler - 

Request DefaultFullHttpRequest(decodeResult: success, version: HTTP/1.1, content: EmptyByteBufBE)
GET /session/000736bbcdd3f2cea901c63cd69dded0/screenshot HTTP/1.1
User-Agent: selenium/4.1.2 (java windows)
Cache-Control: no-cache
Content-Type: application/json; charset=utf-8
host: localhost:63908
accept: */*

Response DefaultHttpResponse(decodeResult: success, version: HTTP/1.1)
HTTP/1.1 200 OK
Content-Type: application/json; charset=utf-8
cache-control: no-cache
content-length: 150368

11:33:09.902 [AsyncHttpClient-1-2] DEBUG org.asynchttpclient.netty.channel.ChannelManager - Adding key: http://localhost:63908 for channel [id: 0x2954b54a, L:/127.0.0.1:58273 - R:localhost/127.0.0.1:63908]
11:33:09.910 [main] DEBUG net.serenitybdd.core.photography.Darkroom - Send negative for processing for target\site\serenity\973402dbc114383f5196d77daba7bfc34a40f73824b904e79ba2bfad6e67b932.png
11:33:09.910 [Darkroom Processing Line] DEBUG net.serenitybdd.core.photography.DarkroomProcessingLine - Processing screenshot image in /var/screenshots/screenshot-1588653914634120682
11:33:09.910 [Darkroom Processing Line] DEBUG net.serenitybdd.core.photography.DarkroomProcessingLine - Saving screenshot to target\site\serenity\973402dbc114383f5196d77daba7bfc34a40f73824b904e79ba2bfad6e67b932.png
11:33:09.910 [main] DEBUG net.thucydides.core.steps.StepInterceptor - STARTING STEP: LoginSteps.clickLoginButtonInBookstore - clickLoginButtonOnBookstore
11:33:09.917 [Forwarding findElement on session 000736bbcdd3f2cea901c63cd69dded0 to remote] DEBUG org.asynchttpclient.netty.request.NettyRequestSender - Using pooled Channel '[id: 0x2954b54a, L:/127.0.0.1:58273 - R:localhost/127.0.0.1:63908]' for 'POST' to 'http://localhost:63908/session/000736bbcdd3f2cea901c63cd69dded0/element'
11:33:09.918 [Forwarding findElement on session 000736bbcdd3f2cea901c63cd69dded0 to remote] DEBUG org.asynchttpclient.netty.request.NettyRequestSender - Using open Channel [id: 0x2954b54a, L:/127.0.0.1:58273 - R:localhost/127.0.0.1:63908] for POST '/session/000736bbcdd3f2cea901c63cd69dded0/element'
11:33:10.264 [AsyncHttpClient-1-2] DEBUG org.asynchttpclient.netty.handler.HttpHandler - 

Request DefaultHttpRequest(decodeResult: success, version: HTTP/1.1)
POST /session/000736bbcdd3f2cea901c63cd69dded0/element HTTP/1.1
User-Agent: selenium/4.1.2 (java windows)
Content-Length: 68
Content-Type: application/json; charset=utf-8
host: localhost:63908
accept: */*

Response DefaultHttpResponse(decodeResult: success, version: HTTP/1.1)
HTTP/1.1 200 OK
Content-Type: application/json; charset=utf-8
cache-control: no-cache
content-length: 88

11:33:10.264 [AsyncHttpClient-1-2] DEBUG org.asynchttpclient.netty.channel.ChannelManager - Adding key: http://localhost:63908 for channel [id: 0x2954b54a, L:/127.0.0.1:58273 - R:localhost/127.0.0.1:63908]
11:33:10.267 [Forwarding getElementTagName on session 000736bbcdd3f2cea901c63cd69dded0 to remote] DEBUG org.asynchttpclient.netty.request.NettyRequestSender - Using pooled Channel '[id: 0x2954b54a, L:/127.0.0.1:58273 - R:localhost/127.0.0.1:63908]' for 'GET' to 'http://localhost:63908/session/000736bbcdd3f2cea901c63cd69dded0/element/c12ffe5c-8673-4767-95f2-cc7052ec2df4/name'
11:33:10.267 [Forwarding getElementTagName on session 000736bbcdd3f2cea901c63cd69dded0 to remote] DEBUG org.asynchttpclient.netty.request.NettyRequestSender - Using open Channel [id: 0x2954b54a, L:/127.0.0.1:58273 - R:localhost/127.0.0.1:63908] for GET '/session/000736bbcdd3f2cea901c63cd69dded0/element/c12ffe5c-8673-4767-95f2-cc7052ec2df4/name'
11:33:10.279 [AsyncHttpClient-1-2] DEBUG org.asynchttpclient.netty.handler.HttpHandler - 

Request DefaultFullHttpRequest(decodeResult: success, version: HTTP/1.1, content: EmptyByteBufBE)
GET /session/000736bbcdd3f2cea901c63cd69dded0/element/c12ffe5c-8673-4767-95f2-cc7052ec2df4/name HTTP/1.1
User-Agent: selenium/4.1.2 (java windows)
Cache-Control: no-cache
Content-Type: application/json; charset=utf-8
host: localhost:63908
accept: */*

Response DefaultHttpResponse(decodeResult: success, version: HTTP/1.1)
HTTP/1.1 200 OK
Content-Type: application/json; charset=utf-8
cache-control: no-cache
content-length: 18

11:33:10.280 [AsyncHttpClient-1-2] DEBUG org.asynchttpclient.netty.channel.ChannelManager - Adding key: http://localhost:63908 for channel [id: 0x2954b54a, L:/127.0.0.1:58273 - R:localhost/127.0.0.1:63908]
11:33:10.283 [Forwarding getElementTagName on session 000736bbcdd3f2cea901c63cd69dded0 to remote] DEBUG org.asynchttpclient.netty.request.NettyRequestSender - Using pooled Channel '[id: 0x2954b54a, L:/127.0.0.1:58273 - R:localhost/127.0.0.1:63908]' for 'GET' to 'http://localhost:63908/session/000736bbcdd3f2cea901c63cd69dded0/element/c12ffe5c-8673-4767-95f2-cc7052ec2df4/name'
11:33:10.284 [Forwarding getElementTagName on session 000736bbcdd3f2cea901c63cd69dded0 to remote] DEBUG org.asynchttpclient.netty.request.NettyRequestSender - Using open Channel [id: 0x2954b54a, L:/127.0.0.1:58273 - R:localhost/127.0.0.1:63908] for GET '/session/000736bbcdd3f2cea901c63cd69dded0/element/c12ffe5c-8673-4767-95f2-cc7052ec2df4/name'
11:33:10.289 [AsyncHttpClient-1-2] DEBUG org.asynchttpclient.netty.handler.HttpHandler - 

Request DefaultFullHttpRequest(decodeResult: success, version: HTTP/1.1, content: EmptyByteBufBE)
GET /session/000736bbcdd3f2cea901c63cd69dded0/element/c12ffe5c-8673-4767-95f2-cc7052ec2df4/name HTTP/1.1
User-Agent: selenium/4.1.2 (java windows)
Cache-Control: no-cache
Content-Type: application/json; charset=utf-8
host: localhost:63908
accept: */*

Response DefaultHttpResponse(decodeResult: success, version: HTTP/1.1)
HTTP/1.1 200 OK
Content-Type: application/json; charset=utf-8
cache-control: no-cache
content-length: 18

11:33:10.290 [AsyncHttpClient-1-2] DEBUG org.asynchttpclient.netty.channel.ChannelManager - Adding key: http://localhost:63908 for channel [id: 0x2954b54a, L:/127.0.0.1:58273 - R:localhost/127.0.0.1:63908]
11:33:10.298 [Forwarding isElementEnabled on session 000736bbcdd3f2cea901c63cd69dded0 to remote] DEBUG org.asynchttpclient.netty.request.NettyRequestSender - Using pooled Channel '[id: 0x2954b54a, L:/127.0.0.1:58273 - R:localhost/127.0.0.1:63908]' for 'GET' to 'http://localhost:63908/session/000736bbcdd3f2cea901c63cd69dded0/element/c12ffe5c-8673-4767-95f2-cc7052ec2df4/enabled'
11:33:10.299 [Forwarding isElementEnabled on session 000736bbcdd3f2cea901c63cd69dded0 to remote] DEBUG org.asynchttpclient.netty.request.NettyRequestSender - Using open Channel [id: 0x2954b54a, L:/127.0.0.1:58273 - R:localhost/127.0.0.1:63908] for GET '/session/000736bbcdd3f2cea901c63cd69dded0/element/c12ffe5c-8673-4767-95f2-cc7052ec2df4/enabled'
11:33:10.300 [AsyncHttpClient-1-1] DEBUG org.asynchttpclient.netty.channel.DefaultChannelPool - Entry count for : http://localhost:58274 : 1
11:33:10.310 [AsyncHttpClient-1-2] DEBUG org.asynchttpclient.netty.handler.HttpHandler - 

Request DefaultFullHttpRequest(decodeResult: success, version: HTTP/1.1, content: EmptyByteBufBE)
GET /session/000736bbcdd3f2cea901c63cd69dded0/element/c12ffe5c-8673-4767-95f2-cc7052ec2df4/enabled HTTP/1.1
User-Agent: selenium/4.1.2 (java windows)
Cache-Control: no-cache
Content-Type: application/json; charset=utf-8
host: localhost:63908
accept: */*

Response DefaultHttpResponse(decodeResult: success, version: HTTP/1.1)
HTTP/1.1 200 OK
Content-Type: application/json; charset=utf-8
cache-control: no-cache
content-length: 14

11:33:10.310 [AsyncHttpClient-1-2] DEBUG org.asynchttpclient.netty.channel.ChannelManager - Adding key: http://localhost:63908 for channel [id: 0x2954b54a, L:/127.0.0.1:58273 - R:localhost/127.0.0.1:63908]
11:33:10.312 [Forwarding isElementEnabled on session 000736bbcdd3f2cea901c63cd69dded0 to remote] DEBUG org.asynchttpclient.netty.request.NettyRequestSender - Using pooled Channel '[id: 0x2954b54a, L:/127.0.0.1:58273 - R:localhost/127.0.0.1:63908]' for 'GET' to 'http://localhost:63908/session/000736bbcdd3f2cea901c63cd69dded0/element/c12ffe5c-8673-4767-95f2-cc7052ec2df4/enabled'
11:33:10.312 [Forwarding isElementEnabled on session 000736bbcdd3f2cea901c63cd69dded0 to remote] DEBUG org.asynchttpclient.netty.request.NettyRequestSender - Using open Channel [id: 0x2954b54a, L:/127.0.0.1:58273 - R:localhost/127.0.0.1:63908] for GET '/session/000736bbcdd3f2cea901c63cd69dded0/element/c12ffe5c-8673-4767-95f2-cc7052ec2df4/enabled'
11:33:10.320 [AsyncHttpClient-1-2] DEBUG org.asynchttpclient.netty.handler.HttpHandler - 

Request DefaultFullHttpRequest(decodeResult: success, version: HTTP/1.1, content: EmptyByteBufBE)
GET /session/000736bbcdd3f2cea901c63cd69dded0/element/c12ffe5c-8673-4767-95f2-cc7052ec2df4/enabled HTTP/1.1
User-Agent: selenium/4.1.2 (java windows)
Cache-Control: no-cache
Content-Type: application/json; charset=utf-8
host: localhost:63908
accept: */*

Response DefaultHttpResponse(decodeResult: success, version: HTTP/1.1)
HTTP/1.1 200 OK
Content-Type: application/json; charset=utf-8
cache-control: no-cache
content-length: 14

11:33:10.320 [AsyncHttpClient-1-2] DEBUG org.asynchttpclient.netty.channel.ChannelManager - Adding key: http://localhost:63908 for channel [id: 0x2954b54a, L:/127.0.0.1:58273 - R:localhost/127.0.0.1:63908]
11:33:10.323 [Forwarding findElement on session 000736bbcdd3f2cea901c63cd69dded0 to remote] DEBUG org.asynchttpclient.netty.request.NettyRequestSender - Using pooled Channel '[id: 0x2954b54a, L:/127.0.0.1:58273 - R:localhost/127.0.0.1:63908]' for 'POST' to 'http://localhost:63908/session/000736bbcdd3f2cea901c63cd69dded0/element'
11:33:10.323 [Forwarding findElement on session 000736bbcdd3f2cea901c63cd69dded0 to remote] DEBUG org.asynchttpclient.netty.request.NettyRequestSender - Using open Channel [id: 0x2954b54a, L:/127.0.0.1:58273 - R:localhost/127.0.0.1:63908] for POST '/session/000736bbcdd3f2cea901c63cd69dded0/element'
11:33:10.332 [AsyncHttpClient-1-2] DEBUG org.asynchttpclient.netty.handler.HttpHandler - 

Request DefaultHttpRequest(decodeResult: success, version: HTTP/1.1)
POST /session/000736bbcdd3f2cea901c63cd69dded0/element HTTP/1.1
User-Agent: selenium/4.1.2 (java windows)
Content-Length: 68
Content-Type: application/json; charset=utf-8
host: localhost:63908
accept: */*

Response DefaultHttpResponse(decodeResult: success, version: HTTP/1.1)
HTTP/1.1 200 OK
Content-Type: application/json; charset=utf-8
cache-control: no-cache
content-length: 88

11:33:10.333 [AsyncHttpClient-1-2] DEBUG org.asynchttpclient.netty.channel.ChannelManager - Adding key: http://localhost:63908 for channel [id: 0x2954b54a, L:/127.0.0.1:58273 - R:localhost/127.0.0.1:63908]
11:33:10.335 [Forwarding clickElement on session 000736bbcdd3f2cea901c63cd69dded0 to remote] DEBUG org.asynchttpclient.netty.request.NettyRequestSender - Using pooled Channel '[id: 0x2954b54a, L:/127.0.0.1:58273 - R:localhost/127.0.0.1:63908]' for 'POST' to 'http://localhost:63908/session/000736bbcdd3f2cea901c63cd69dded0/element/c12ffe5c-8673-4767-95f2-cc7052ec2df4/click'
11:33:10.335 [Forwarding clickElement on session 000736bbcdd3f2cea901c63cd69dded0 to remote] DEBUG org.asynchttpclient.netty.request.NettyRequestSender - Using open Channel [id: 0x2954b54a, L:/127.0.0.1:58273 - R:localhost/127.0.0.1:63908] for POST '/session/000736bbcdd3f2cea901c63cd69dded0/element/c12ffe5c-8673-4767-95f2-cc7052ec2df4/click'
11:33:10.417 [AsyncHttpClient-1-2] DEBUG org.asynchttpclient.netty.handler.HttpHandler - 

Request DefaultHttpRequest(decodeResult: success, version: HTTP/1.1)
POST /session/000736bbcdd3f2cea901c63cd69dded0/element/c12ffe5c-8673-4767-95f2-cc7052ec2df4/click HTTP/1.1
User-Agent: selenium/4.1.2 (java windows)
Content-Length: 50
Content-Type: application/json; charset=utf-8
host: localhost:63908
accept: */*

Response DefaultHttpResponse(decodeResult: success, version: HTTP/1.1)
HTTP/1.1 200 OK
Content-Type: application/json; charset=utf-8
cache-control: no-cache
content-length: 14

11:33:10.418 [AsyncHttpClient-1-2] DEBUG org.asynchttpclient.netty.channel.ChannelManager - Adding key: http://localhost:63908 for channel [id: 0x2954b54a, L:/127.0.0.1:58273 - R:localhost/127.0.0.1:63908]
11:33:10.430 [Forwarding screenshot on session 000736bbcdd3f2cea901c63cd69dded0 to remote] DEBUG org.asynchttpclient.netty.request.NettyRequestSender - Using pooled Channel '[id: 0x2954b54a, L:/127.0.0.1:58273 - R:localhost/127.0.0.1:63908]' for 'GET' to 'http://localhost:63908/session/000736bbcdd3f2cea901c63cd69dded0/screenshot'
11:33:10.430 [Forwarding screenshot on session 000736bbcdd3f2cea901c63cd69dded0 to remote] DEBUG org.asynchttpclient.netty.request.NettyRequestSender - Using open Channel [id: 0x2954b54a, L:/127.0.0.1:58273 - R:localhost/127.0.0.1:63908] for GET '/session/000736bbcdd3f2cea901c63cd69dded0/screenshot'
11:33:10.616 [AsyncHttpClient-1-2] DEBUG org.asynchttpclient.netty.handler.HttpHandler - 

Request DefaultFullHttpRequest(decodeResult: success, version: HTTP/1.1, content: EmptyByteBufBE)
GET /session/000736bbcdd3f2cea901c63cd69dded0/screenshot HTTP/1.1
User-Agent: selenium/4.1.2 (java windows)
Cache-Control: no-cache
Content-Type: application/json; charset=utf-8
host: localhost:63908
accept: */*

Response DefaultHttpResponse(decodeResult: success, version: HTTP/1.1)
HTTP/1.1 200 OK
Content-Type: application/json; charset=utf-8
cache-control: no-cache
content-length: 164116

11:33:10.618 [AsyncHttpClient-1-2] DEBUG org.asynchttpclient.netty.channel.ChannelManager - Adding key: http://localhost:63908 for channel [id: 0x2954b54a, L:/127.0.0.1:58273 - R:localhost/127.0.0.1:63908]
11:33:10.626 [main] DEBUG net.serenitybdd.core.photography.Darkroom - Send negative for processing for target\site\serenity\03fbc3da46ba1a4308ee9e83d8e698843f799ce817b1504203838e0a192f77d5.png
11:33:10.627 [main] DEBUG net.thucydides.core.steps.StepInterceptor - STEP DONE: clickLoginButtonOnBookstore
11:33:10.627 [Darkroom Processing Line] DEBUG net.serenitybdd.core.photography.DarkroomProcessingLine - Processing screenshot image in /var/screenshots/screenshot-642785126821451756
  &amp#27;[32mAnd &amp#27;[0m&amp#27;[32mi click login button in bookstore page&amp#27;[0m      &amp#27;[90m# starter.stepdefenitions.LoginSteps.clickLoginButtonInBookstore()&amp#27;[0m
11:33:10.627 [Darkroom Processing Line] DEBUG net.serenitybdd.core.photography.DarkroomProcessingLine - Saving screenshot to target\site\serenity\03fbc3da46ba1a4308ee9e83d8e698843f799ce817b1504203838e0a192f77d5.png
11:33:10.649 [main] DEBUG net.thucydides.core.steps.StepInterceptor - STARTING STEP: LoginSteps.onLoginPage - validationOnLoginPage
11:33:10.652 [Forwarding findElement on session 000736bbcdd3f2cea901c63cd69dded0 to remote] DEBUG org.asynchttpclient.netty.request.NettyRequestSender - Using pooled Channel '[id: 0x2954b54a, L:/127.0.0.1:58273 - R:localhost/127.0.0.1:63908]' for 'POST' to 'http://localhost:63908/session/000736bbcdd3f2cea901c63cd69dded0/element'
11:33:10.652 [Forwarding findElement on session 000736bbcdd3f2cea901c63cd69dded0 to remote] DEBUG org.asynchttpclient.netty.request.NettyRequestSender - Using open Channel [id: 0x2954b54a, L:/127.0.0.1:58273 - R:localhost/127.0.0.1:63908] for POST '/session/000736bbcdd3f2cea901c63cd69dded0/element'
11:33:10.664 [AsyncHttpClient-1-2] DEBUG org.asynchttpclient.netty.handler.HttpHandler - 

Request DefaultHttpRequest(decodeResult: success, version: HTTP/1.1)
POST /session/000736bbcdd3f2cea901c63cd69dded0/element HTTP/1.1
User-Agent: selenium/4.1.2 (java windows)
Content-Length: 53
Content-Type: application/json; charset=utf-8
host: localhost:63908
accept: */*

Response DefaultHttpResponse(decodeResult: success, version: HTTP/1.1)
HTTP/1.1 200 OK
Content-Type: application/json; charset=utf-8
cache-control: no-cache
content-length: 88

11:33:10.665 [AsyncHttpClient-1-2] DEBUG org.asynchttpclient.netty.channel.ChannelManager - Adding key: http://localhost:63908 for channel [id: 0x2954b54a, L:/127.0.0.1:58273 - R:localhost/127.0.0.1:63908]
11:33:10.671 [Forwarding isElementDisplayed on session 000736bbcdd3f2cea901c63cd69dded0 to remote] DEBUG org.asynchttpclient.netty.request.NettyRequestSender - Using pooled Channel '[id: 0x2954b54a, L:/127.0.0.1:58273 - R:localhost/127.0.0.1:63908]' for 'POST' to 'http://localhost:63908/session/000736bbcdd3f2cea901c63cd69dded0/execute/sync'
11:33:10.671 [Forwarding isElementDisplayed on session 000736bbcdd3f2cea901c63cd69dded0 to remote] DEBUG org.asynchttpclient.netty.request.NettyRequestSender - Using open Channel [id: 0x2954b54a, L:/127.0.0.1:58273 - R:localhost/127.0.0.1:63908] for POST '/session/000736bbcdd3f2cea901c63cd69dded0/execute/sync'
11:33:10.688 [AsyncHttpClient-1-2] DEBUG org.asynchttpclient.netty.handler.HttpHandler - 

Request DefaultHttpRequest(decodeResult: success, version: HTTP/1.1)
POST /session/000736bbcdd3f2cea901c63cd69dded0/execute/sync HTTP/1.1
User-Agent: selenium/4.1.2 (java windows)
Content-Length: 48780
Content-Type: application/json; charset=utf-8
host: localhost:63908
accept: */*

Response DefaultHttpResponse(decodeResult: success, version: HTTP/1.1)
HTTP/1.1 200 OK
Content-Type: application/json; charset=utf-8
cache-control: no-cache
content-length: 14

11:33:10.689 [AsyncHttpClient-1-2] DEBUG org.asynchttpclient.netty.channel.ChannelManager - Adding key: http://localhost:63908 for channel [id: 0x2954b54a, L:/127.0.0.1:58273 - R:localhost/127.0.0.1:63908]
11:33:10.695 [Forwarding screenshot on session 000736bbcdd3f2cea901c63cd69dded0 to remote] DEBUG org.asynchttpclient.netty.request.NettyRequestSender - Using pooled Channel '[id: 0x2954b54a, L:/127.0.0.1:58273 - R:localhost/127.0.0.1:63908]' for 'GET' to 'http://localhost:63908/session/000736bbcdd3f2cea901c63cd69dded0/screenshot'
11:33:10.695 [Forwarding screenshot on session 000736bbcdd3f2cea901c63cd69dded0 to remote] DEBUG org.asynchttpclient.netty.request.NettyRequestSender - Using open Channel [id: 0x2954b54a, L:/127.0.0.1:58273 - R:localhost/127.0.0.1:63908] for GET '/session/000736bbcdd3f2cea901c63cd69dded0/screenshot'
11:33:10.873 [AsyncHttpClient-1-2] DEBUG org.asynchttpclient.netty.handler.HttpHandler - 

Request DefaultFullHttpRequest(decodeResult: success, version: HTTP/1.1, content: EmptyByteBufBE)
GET /session/000736bbcdd3f2cea901c63cd69dded0/screenshot HTTP/1.1
User-Agent: selenium/4.1.2 (java windows)
Cache-Control: no-cache
Content-Type: application/json; charset=utf-8
host: localhost:63908
accept: */*

Response DefaultHttpResponse(decodeResult: success, version: HTTP/1.1)
HTTP/1.1 200 OK
Content-Type: application/json; charset=utf-8
cache-control: no-cache
content-length: 164116

11:33:10.875 [AsyncHttpClient-1-2] DEBUG org.asynchttpclient.netty.channel.ChannelManager - Adding key: http://localhost:63908 for channel [id: 0x2954b54a, L:/127.0.0.1:58273 - R:localhost/127.0.0.1:63908]
11:33:10.885 [main] DEBUG net.serenitybdd.core.photography.Darkroom - Send negative for processing for target\site\serenity\03fbc3da46ba1a4308ee9e83d8e698843f799ce817b1504203838e0a192f77d5.png
11:33:10.885 [main] DEBUG net.thucydides.core.steps.StepInterceptor - STEP DONE: validationOnLoginPage
  &amp#27;[32mGiven &amp#27;[0m&amp#27;[32mi am on the login page&amp#27;[0m                    &amp#27;[90m# starter.stepdefenitions.LoginSteps.onLoginPage()&amp#27;[0m
11:33:10.904 [main] DEBUG net.thucydides.core.steps.StepInterceptor - STARTING STEP: LoginSteps.inputValidUsername - inputUsername
11:33:10.909 [Forwarding findElement on session 000736bbcdd3f2cea901c63cd69dded0 to remote] DEBUG org.asynchttpclient.netty.request.NettyRequestSender - Using pooled Channel '[id: 0x2954b54a, L:/127.0.0.1:58273 - R:localhost/127.0.0.1:63908]' for 'POST' to 'http://localhost:63908/session/000736bbcdd3f2cea901c63cd69dded0/element'
11:33:10.909 [Forwarding findElement on session 000736bbcdd3f2cea901c63cd69dded0 to remote] DEBUG org.asynchttpclient.netty.request.NettyRequestSender - Using open Channel [id: 0x2954b54a, L:/127.0.0.1:58273 - R:localhost/127.0.0.1:63908] for POST '/session/000736bbcdd3f2cea901c63cd69dded0/element'
11:33:10.924 [AsyncHttpClient-1-2] DEBUG org.asynchttpclient.netty.handler.HttpHandler - 

Request DefaultHttpRequest(decodeResult: success, version: HTTP/1.1)
POST /session/000736bbcdd3f2cea901c63cd69dded0/element HTTP/1.1
User-Agent: selenium/4.1.2 (java windows)
Content-Length: 70
Content-Type: application/json; charset=utf-8
host: localhost:63908
accept: */*

Response DefaultHttpResponse(decodeResult: success, version: HTTP/1.1)
HTTP/1.1 200 OK
Content-Type: application/json; charset=utf-8
cache-control: no-cache
content-length: 88

11:33:10.924 [AsyncHttpClient-1-2] DEBUG org.asynchttpclient.netty.channel.ChannelManager - Adding key: http://localhost:63908 for channel [id: 0x2954b54a, L:/127.0.0.1:58273 - R:localhost/127.0.0.1:63908]
11:33:10.926 [Forwarding clearElement on session 000736bbcdd3f2cea901c63cd69dded0 to remote] DEBUG org.asynchttpclient.netty.request.NettyRequestSender - Using pooled Channel '[id: 0x2954b54a, L:/127.0.0.1:58273 - R:localhost/127.0.0.1:63908]' for 'POST' to 'http://localhost:63908/session/000736bbcdd3f2cea901c63cd69dded0/element/f32ad817-64b2-4f27-85de-e7111a006281/clear'
11:33:10.926 [Forwarding clearElement on session 000736bbcdd3f2cea901c63cd69dded0 to remote] DEBUG org.asynchttpclient.netty.request.NettyRequestSender - Using open Channel [id: 0x2954b54a, L:/127.0.0.1:58273 - R:localhost/127.0.0.1:63908] for POST '/session/000736bbcdd3f2cea901c63cd69dded0/element/f32ad817-64b2-4f27-85de-e7111a006281/clear'
11:33:10.961 [AsyncHttpClient-1-2] DEBUG org.asynchttpclient.netty.handler.HttpHandler - 

Request DefaultHttpRequest(decodeResult: success, version: HTTP/1.1)
POST /session/000736bbcdd3f2cea901c63cd69dded0/element/f32ad817-64b2-4f27-85de-e7111a006281/clear HTTP/1.1
User-Agent: selenium/4.1.2 (java windows)
Content-Length: 50
Content-Type: application/json; charset=utf-8
host: localhost:63908
accept: */*

Response DefaultHttpResponse(decodeResult: success, version: HTTP/1.1)
HTTP/1.1 200 OK
Content-Type: application/json; charset=utf-8
cache-control: no-cache
content-length: 14

11:33:10.962 [AsyncHttpClient-1-2] DEBUG org.asynchttpclient.netty.channel.ChannelManager - Adding key: http://localhost:63908 for channel [id: 0x2954b54a, L:/127.0.0.1:58273 - R:localhost/127.0.0.1:63908]
11:33:10.966 [Forwarding sendKeysToElement on session 000736bbcdd3f2cea901c63cd69dded0 to remote] DEBUG org.asynchttpclient.netty.request.NettyRequestSender - Using pooled Channel '[id: 0x2954b54a, L:/127.0.0.1:58273 - R:localhost/127.0.0.1:63908]' for 'POST' to 'http://localhost:63908/session/000736bbcdd3f2cea901c63cd69dded0/element/f32ad817-64b2-4f27-85de-e7111a006281/value'
11:33:10.966 [Forwarding sendKeysToElement on session 000736bbcdd3f2cea901c63cd69dded0 to remote] DEBUG org.asynchttpclient.netty.request.NettyRequestSender - Using open Channel [id: 0x2954b54a, L:/127.0.0.1:58273 - R:localhost/127.0.0.1:63908] for POST '/session/000736bbcdd3f2cea901c63cd69dded0/element/f32ad817-64b2-4f27-85de-e7111a006281/value'
11:33:11.063 [AsyncHttpClient-1-2] DEBUG org.asynchttpclient.netty.handler.HttpHandler - 

Request DefaultHttpRequest(decodeResult: success, version: HTTP/1.1)
POST /session/000736bbcdd3f2cea901c63cd69dded0/element/f32ad817-64b2-4f27-85de-e7111a006281/value HTTP/1.1
User-Agent: selenium/4.1.2 (java windows)
Content-Length: 141
Content-Type: application/json; charset=utf-8
host: localhost:63908
accept: */*

Response DefaultHttpResponse(decodeResult: success, version: HTTP/1.1)
HTTP/1.1 200 OK
Content-Type: application/json; charset=utf-8
cache-control: no-cache
content-length: 14

11:33:11.064 [AsyncHttpClient-1-2] DEBUG org.asynchttpclient.netty.channel.ChannelManager - Adding key: http://localhost:63908 for channel [id: 0x2954b54a, L:/127.0.0.1:58273 - R:localhost/127.0.0.1:63908]
11:33:11.078 [Forwarding screenshot on session 000736bbcdd3f2cea901c63cd69dded0 to remote] DEBUG org.asynchttpclient.netty.request.NettyRequestSender - Using pooled Channel '[id: 0x2954b54a, L:/127.0.0.1:58273 - R:localhost/127.0.0.1:63908]' for 'GET' to 'http://localhost:63908/session/000736bbcdd3f2cea901c63cd69dded0/screenshot'
11:33:11.078 [Forwarding screenshot on session 000736bbcdd3f2cea901c63cd69dded0 to remote] DEBUG org.asynchttpclient.netty.request.NettyRequestSender - Using open Channel [id: 0x2954b54a, L:/127.0.0.1:58273 - R:localhost/127.0.0.1:63908] for GET '/session/000736bbcdd3f2cea901c63cd69dded0/screenshot'
11:33:11.270 [AsyncHttpClient-1-2] DEBUG org.asynchttpclient.netty.handler.HttpHandler - 

Request DefaultFullHttpRequest(decodeResult: success, version: HTTP/1.1, content: EmptyByteBufBE)
GET /session/000736bbcdd3f2cea901c63cd69dded0/screenshot HTTP/1.1
User-Agent: selenium/4.1.2 (java windows)
Cache-Control: no-cache
Content-Type: application/json; charset=utf-8
host: localhost:63908
accept: */*

Response DefaultHttpResponse(decodeResult: success, version: HTTP/1.1)
HTTP/1.1 200 OK
Content-Type: application/json; charset=utf-8
cache-control: no-cache
content-length: 164492

11:33:11.272 [AsyncHttpClient-1-2] DEBUG org.asynchttpclient.netty.channel.ChannelManager - Adding key: http://localhost:63908 for channel [id: 0x2954b54a, L:/127.0.0.1:58273 - R:localhost/127.0.0.1:63908]
11:33:11.281 [main] DEBUG net.serenitybdd.core.photography.Darkroom - Send negative for processing for target\site\serenity\c6180380f7e7a0a8119481ea997803a9796aee43f148665c095134724b25d4c1.png
11:33:11.281 [main] DEBUG net.thucydides.core.steps.StepInterceptor - STEP DONE: inputUsername
  &amp#27;[32mWhen &amp#27;[0m&amp#27;[32mi input valid username&amp#27;[0m                     &amp#27;[90m# starter.stepdefenitions.LoginSteps.inputValidUsername()&amp#27;[0m
11:33:11.281 [Darkroom Processing Line] DEBUG net.serenitybdd.core.photography.DarkroomProcessingLine - Processing screenshot image in /var/screenshots/screenshot-562914343471632148
11:33:11.282 [Darkroom Processing Line] DEBUG net.serenitybdd.core.photography.DarkroomProcessingLine - Saving screenshot to target\site\serenity\c6180380f7e7a0a8119481ea997803a9796aee43f148665c095134724b25d4c1.png
11:33:11.306 [main] DEBUG net.thucydides.core.steps.StepInterceptor - STARTING STEP: LoginSteps.inputValidPassword - inputPassword
11:33:11.313 [Forwarding findElement on session 000736bbcdd3f2cea901c63cd69dded0 to remote] DEBUG org.asynchttpclient.netty.request.NettyRequestSender - Using pooled Channel '[id: 0x2954b54a, L:/127.0.0.1:58273 - R:localhost/127.0.0.1:63908]' for 'POST' to 'http://localhost:63908/session/000736bbcdd3f2cea901c63cd69dded0/element'
11:33:11.313 [Forwarding findElement on session 000736bbcdd3f2cea901c63cd69dded0 to remote] DEBUG org.asynchttpclient.netty.request.NettyRequestSender - Using open Channel [id: 0x2954b54a, L:/127.0.0.1:58273 - R:localhost/127.0.0.1:63908] for POST '/session/000736bbcdd3f2cea901c63cd69dded0/element'
11:33:11.330 [AsyncHttpClient-1-2] DEBUG org.asynchttpclient.netty.handler.HttpHandler - 

Request DefaultHttpRequest(decodeResult: success, version: HTTP/1.1)
POST /session/000736bbcdd3f2cea901c63cd69dded0/element HTTP/1.1
User-Agent: selenium/4.1.2 (java windows)
Content-Length: 70
Content-Type: application/json; charset=utf-8
host: localhost:63908
accept: */*

Response DefaultHttpResponse(decodeResult: success, version: HTTP/1.1)
HTTP/1.1 200 OK
Content-Type: application/json; charset=utf-8
cache-control: no-cache
content-length: 88

11:33:11.330 [AsyncHttpClient-1-2] DEBUG org.asynchttpclient.netty.channel.ChannelManager - Adding key: http://localhost:63908 for channel [id: 0x2954b54a, L:/127.0.0.1:58273 - R:localhost/127.0.0.1:63908]
11:33:11.333 [Forwarding clearElement on session 000736bbcdd3f2cea901c63cd69dded0 to remote] DEBUG org.asynchttpclient.netty.request.NettyRequestSender - Using pooled Channel '[id: 0x2954b54a, L:/127.0.0.1:58273 - R:localhost/127.0.0.1:63908]' for 'POST' to 'http://localhost:63908/session/000736bbcdd3f2cea901c63cd69dded0/element/25124a0f-8659-4832-96d3-d7102ffffe85/clear'
11:33:11.333 [Forwarding clearElement on session 000736bbcdd3f2cea901c63cd69dded0 to remote] DEBUG org.asynchttpclient.netty.request.NettyRequestSender - Using open Channel [id: 0x2954b54a, L:/127.0.0.1:58273 - R:localhost/127.0.0.1:63908] for POST '/session/000736bbcdd3f2cea901c63cd69dded0/element/25124a0f-8659-4832-96d3-d7102ffffe85/clear'
11:33:11.425 [AsyncHttpClient-1-1] DEBUG org.asynchttpclient.netty.channel.DefaultChannelPool - Entry count for : http://localhost:58274 : 1
11:33:11.534 [AsyncHttpClient-1-2] DEBUG org.asynchttpclient.netty.handler.HttpHandler - 

Request DefaultHttpRequest(decodeResult: success, version: HTTP/1.1)
POST /session/000736bbcdd3f2cea901c63cd69dded0/element/25124a0f-8659-4832-96d3-d7102ffffe85/clear HTTP/1.1
User-Agent: selenium/4.1.2 (java windows)
Content-Length: 50
Content-Type: application/json; charset=utf-8
host: localhost:63908
accept: */*

Response DefaultHttpResponse(decodeResult: success, version: HTTP/1.1)
HTTP/1.1 200 OK
Content-Type: application/json; charset=utf-8
cache-control: no-cache
content-length: 14

11:33:11.535 [AsyncHttpClient-1-2] DEBUG org.asynchttpclient.netty.channel.ChannelManager - Adding key: http://localhost:63908 for channel [id: 0x2954b54a, L:/127.0.0.1:58273 - R:localhost/127.0.0.1:63908]
11:33:11.545 [Forwarding sendKeysToElement on session 000736bbcdd3f2cea901c63cd69dded0 to remote] DEBUG org.asynchttpclient.netty.request.NettyRequestSender - Using pooled Channel '[id: 0x2954b54a, L:/127.0.0.1:58273 - R:localhost/127.0.0.1:63908]' for 'POST' to 'http://localhost:63908/session/000736bbcdd3f2cea901c63cd69dded0/element/25124a0f-8659-4832-96d3-d7102ffffe85/value'
11:33:11.546 [Forwarding sendKeysToElement on session 000736bbcdd3f2cea901c63cd69dded0 to remote] DEBUG org.asynchttpclient.netty.request.NettyRequestSender - Using open Channel [id: 0x2954b54a, L:/127.0.0.1:58273 - R:localhost/127.0.0.1:63908] for POST '/session/000736bbcdd3f2cea901c63cd69dded0/element/25124a0f-8659-4832-96d3-d7102ffffe85/value'
11:33:11.701 [AsyncHttpClient-1-2] DEBUG org.asynchttpclient.netty.handler.HttpHandler - 

Request DefaultHttpRequest(decodeResult: success, version: HTTP/1.1)
POST /session/000736bbcdd3f2cea901c63cd69dded0/element/25124a0f-8659-4832-96d3-d7102ffffe85/value HTTP/1.1
User-Agent: selenium/4.1.2 (java windows)
Content-Length: 181
Content-Type: application/json; charset=utf-8
host: localhost:63908
accept: */*

Response DefaultHttpResponse(decodeResult: success, version: HTTP/1.1)
HTTP/1.1 200 OK
Content-Type: application/json; charset=utf-8
cache-control: no-cache
content-length: 14

11:33:11.702 [AsyncHttpClient-1-2] DEBUG org.asynchttpclient.netty.channel.ChannelManager - Adding key: http://localhost:63908 for channel [id: 0x2954b54a, L:/127.0.0.1:58273 - R:localhost/127.0.0.1:63908]
11:33:11.721 [Forwarding screenshot on session 000736bbcdd3f2cea901c63cd69dded0 to remote] DEBUG org.asynchttpclient.netty.request.NettyRequestSender - Using pooled Channel '[id: 0x2954b54a, L:/127.0.0.1:58273 - R:localhost/127.0.0.1:63908]' for 'GET' to 'http://localhost:63908/session/000736bbcdd3f2cea901c63cd69dded0/screenshot'
11:33:11.721 [Forwarding screenshot on session 000736bbcdd3f2cea901c63cd69dded0 to remote] DEBUG org.asynchttpclient.netty.request.NettyRequestSender - Using open Channel [id: 0x2954b54a, L:/127.0.0.1:58273 - R:localhost/127.0.0.1:63908] for GET '/session/000736bbcdd3f2cea901c63cd69dded0/screenshot'
11:33:11.934 [AsyncHttpClient-1-2] DEBUG org.asynchttpclient.netty.handler.HttpHandler - 

Request DefaultFullHttpRequest(decodeResult: success, version: HTTP/1.1, content: EmptyByteBufBE)
GET /session/000736bbcdd3f2cea901c63cd69dded0/screenshot HTTP/1.1
User-Agent: selenium/4.1.2 (java windows)
Cache-Control: no-cache
Content-Type: application/json; charset=utf-8
host: localhost:63908
accept: */*

Response DefaultHttpResponse(decodeResult: success, version: HTTP/1.1)
HTTP/1.1 200 OK
Content-Type: application/json; charset=utf-8
cache-control: no-cache
content-length: 152768

11:33:11.935 [AsyncHttpClient-1-2] DEBUG org.asynchttpclient.netty.channel.ChannelManager - Adding key: http://localhost:63908 for channel [id: 0x2954b54a, L:/127.0.0.1:58273 - R:localhost/127.0.0.1:63908]
11:33:11.946 [main] DEBUG net.serenitybdd.core.photography.Darkroom - Send negative for processing for target\site\serenity\2c341b1866a25e16066774722eea690c026719d55c852a75c00fa9adea23ef24.png
11:33:11.946 [main] DEBUG net.thucydides.core.steps.StepInterceptor - STEP DONE: inputPassword
  &amp#27;[32mAnd &amp#27;[0m&amp#27;[32mi input valid password&amp#27;[0m                      &amp#27;[90m# starter.stepdefenitions.LoginSteps.inputValidPassword()&amp#27;[0m
11:33:11.947 [Darkroom Processing Line] DEBUG net.serenitybdd.core.photography.DarkroomProcessingLine - Processing screenshot image in /var/screenshots/screenshot-4688056095240072739
11:33:11.947 [Darkroom Processing Line] DEBUG net.serenitybdd.core.photography.DarkroomProcessingLine - Saving screenshot to target\site\serenity\2c341b1866a25e16066774722eea690c026719d55c852a75c00fa9adea23ef24.png
11:33:11.969 [main] DEBUG net.thucydides.core.steps.StepInterceptor - STARTING STEP: LoginSteps.clickLoginButton - clickLoginButton
11:33:11.976 [Forwarding findElement on session 000736bbcdd3f2cea901c63cd69dded0 to remote] DEBUG org.asynchttpclient.netty.request.NettyRequestSender - Using pooled Channel '[id: 0x2954b54a, L:/127.0.0.1:58273 - R:localhost/127.0.0.1:63908]' for 'POST' to 'http://localhost:63908/session/000736bbcdd3f2cea901c63cd69dded0/element'
11:33:11.976 [Forwarding findElement on session 000736bbcdd3f2cea901c63cd69dded0 to remote] DEBUG org.asynchttpclient.netty.request.NettyRequestSender - Using open Channel [id: 0x2954b54a, L:/127.0.0.1:58273 - R:localhost/127.0.0.1:63908] for POST '/session/000736bbcdd3f2cea901c63cd69dded0/element'
11:33:11.989 [AsyncHttpClient-1-2] DEBUG org.asynchttpclient.netty.handler.HttpHandler - 

Request DefaultHttpRequest(decodeResult: success, version: HTTP/1.1)
POST /session/000736bbcdd3f2cea901c63cd69dded0/element HTTP/1.1
User-Agent: selenium/4.1.2 (java windows)
Content-Length: 50
Content-Type: application/json; charset=utf-8
host: localhost:63908
accept: */*

Response DefaultHttpResponse(decodeResult: success, version: HTTP/1.1)
HTTP/1.1 200 OK
Content-Type: application/json; charset=utf-8
cache-control: no-cache
content-length: 88

11:33:11.989 [AsyncHttpClient-1-2] DEBUG org.asynchttpclient.netty.channel.ChannelManager - Adding key: http://localhost:63908 for channel [id: 0x2954b54a, L:/127.0.0.1:58273 - R:localhost/127.0.0.1:63908]
11:33:11.991 [Forwarding getElementTagName on session 000736bbcdd3f2cea901c63cd69dded0 to remote] DEBUG org.asynchttpclient.netty.request.NettyRequestSender - Using pooled Channel '[id: 0x2954b54a, L:/127.0.0.1:58273 - R:localhost/127.0.0.1:63908]' for 'GET' to 'http://localhost:63908/session/000736bbcdd3f2cea901c63cd69dded0/element/6c6fa63f-638d-41b1-9f85-f9523593576e/name'
11:33:11.992 [Forwarding getElementTagName on session 000736bbcdd3f2cea901c63cd69dded0 to remote] DEBUG org.asynchttpclient.netty.request.NettyRequestSender - Using open Channel [id: 0x2954b54a, L:/127.0.0.1:58273 - R:localhost/127.0.0.1:63908] for GET '/session/000736bbcdd3f2cea901c63cd69dded0/element/6c6fa63f-638d-41b1-9f85-f9523593576e/name'
11:33:11.998 [AsyncHttpClient-1-2] DEBUG org.asynchttpclient.netty.handler.HttpHandler - 

Request DefaultFullHttpRequest(decodeResult: success, version: HTTP/1.1, content: EmptyByteBufBE)
GET /session/000736bbcdd3f2cea901c63cd69dded0/element/6c6fa63f-638d-41b1-9f85-f9523593576e/name HTTP/1.1
User-Agent: selenium/4.1.2 (java windows)
Cache-Control: no-cache
Content-Type: application/json; charset=utf-8
host: localhost:63908
accept: */*

Response DefaultHttpResponse(decodeResult: success, version: HTTP/1.1)
HTTP/1.1 200 OK
Content-Type: application/json; charset=utf-8
cache-control: no-cache
content-length: 18

11:33:11.998 [AsyncHttpClient-1-2] DEBUG org.asynchttpclient.netty.channel.ChannelManager - Adding key: http://localhost:63908 for channel [id: 0x2954b54a, L:/127.0.0.1:58273 - R:localhost/127.0.0.1:63908]
11:33:12.001 [Forwarding getElementTagName on session 000736bbcdd3f2cea901c63cd69dded0 to remote] DEBUG org.asynchttpclient.netty.request.NettyRequestSender - Using pooled Channel '[id: 0x2954b54a, L:/127.0.0.1:58273 - R:localhost/127.0.0.1:63908]' for 'GET' to 'http://localhost:63908/session/000736bbcdd3f2cea901c63cd69dded0/element/6c6fa63f-638d-41b1-9f85-f9523593576e/name'
11:33:12.001 [Forwarding getElementTagName on session 000736bbcdd3f2cea901c63cd69dded0 to remote] DEBUG org.asynchttpclient.netty.request.NettyRequestSender - Using open Channel [id: 0x2954b54a, L:/127.0.0.1:58273 - R:localhost/127.0.0.1:63908] for GET '/session/000736bbcdd3f2cea901c63cd69dded0/element/6c6fa63f-638d-41b1-9f85-f9523593576e/name'
11:33:12.006 [AsyncHttpClient-1-2] DEBUG org.asynchttpclient.netty.handler.HttpHandler - 

Request DefaultFullHttpRequest(decodeResult: success, version: HTTP/1.1, content: EmptyByteBufBE)
GET /session/000736bbcdd3f2cea901c63cd69dded0/element/6c6fa63f-638d-41b1-9f85-f9523593576e/name HTTP/1.1
User-Agent: selenium/4.1.2 (java windows)
Cache-Control: no-cache
Content-Type: application/json; charset=utf-8
host: localhost:63908
accept: */*

Response DefaultHttpResponse(decodeResult: success, version: HTTP/1.1)
HTTP/1.1 200 OK
Content-Type: application/json; charset=utf-8
cache-control: no-cache
content-length: 18

11:33:12.006 [AsyncHttpClient-1-2] DEBUG org.asynchttpclient.netty.channel.ChannelManager - Adding key: http://localhost:63908 for channel [id: 0x2954b54a, L:/127.0.0.1:58273 - R:localhost/127.0.0.1:63908]
11:33:12.012 [Forwarding isElementEnabled on session 000736bbcdd3f2cea901c63cd69dded0 to remote] DEBUG org.asynchttpclient.netty.request.NettyRequestSender - Using pooled Channel '[id: 0x2954b54a, L:/127.0.0.1:58273 - R:localhost/127.0.0.1:63908]' for 'GET' to 'http://localhost:63908/session/000736bbcdd3f2cea901c63cd69dded0/element/6c6fa63f-638d-41b1-9f85-f9523593576e/enabled'
11:33:12.012 [Forwarding isElementEnabled on session 000736bbcdd3f2cea901c63cd69dded0 to remote] DEBUG org.asynchttpclient.netty.request.NettyRequestSender - Using open Channel [id: 0x2954b54a, L:/127.0.0.1:58273 - R:localhost/127.0.0.1:63908] for GET '/session/000736bbcdd3f2cea901c63cd69dded0/element/6c6fa63f-638d-41b1-9f85-f9523593576e/enabled'
11:33:12.022 [AsyncHttpClient-1-2] DEBUG org.asynchttpclient.netty.handler.HttpHandler - 

Request DefaultFullHttpRequest(decodeResult: success, version: HTTP/1.1, content: EmptyByteBufBE)
GET /session/000736bbcdd3f2cea901c63cd69dded0/element/6c6fa63f-638d-41b1-9f85-f9523593576e/enabled HTTP/1.1
User-Agent: selenium/4.1.2 (java windows)
Cache-Control: no-cache
Content-Type: application/json; charset=utf-8
host: localhost:63908
accept: */*

Response DefaultHttpResponse(decodeResult: success, version: HTTP/1.1)
HTTP/1.1 200 OK
Content-Type: application/json; charset=utf-8
cache-control: no-cache
content-length: 14

11:33:12.023 [AsyncHttpClient-1-2] DEBUG org.asynchttpclient.netty.channel.ChannelManager - Adding key: http://localhost:63908 for channel [id: 0x2954b54a, L:/127.0.0.1:58273 - R:localhost/127.0.0.1:63908]
11:33:12.027 [Forwarding isElementEnabled on session 000736bbcdd3f2cea901c63cd69dded0 to remote] DEBUG org.asynchttpclient.netty.request.NettyRequestSender - Using pooled Channel '[id: 0x2954b54a, L:/127.0.0.1:58273 - R:localhost/127.0.0.1:63908]' for 'GET' to 'http://localhost:63908/session/000736bbcdd3f2cea901c63cd69dded0/element/6c6fa63f-638d-41b1-9f85-f9523593576e/enabled'
11:33:12.027 [Forwarding isElementEnabled on session 000736bbcdd3f2cea901c63cd69dded0 to remote] DEBUG org.asynchttpclient.netty.request.NettyRequestSender - Using open Channel [id: 0x2954b54a, L:/127.0.0.1:58273 - R:localhost/127.0.0.1:63908] for GET '/session/000736bbcdd3f2cea901c63cd69dded0/element/6c6fa63f-638d-41b1-9f85-f9523593576e/enabled'
11:33:12.036 [AsyncHttpClient-1-2] DEBUG org.asynchttpclient.netty.handler.HttpHandler - 

Request DefaultFullHttpRequest(decodeResult: success, version: HTTP/1.1, content: EmptyByteBufBE)
GET /session/000736bbcdd3f2cea901c63cd69dded0/element/6c6fa63f-638d-41b1-9f85-f9523593576e/enabled HTTP/1.1
User-Agent: selenium/4.1.2 (java windows)
Cache-Control: no-cache
Content-Type: application/json; charset=utf-8
host: localhost:63908
accept: */*

Response DefaultHttpResponse(decodeResult: success, version: HTTP/1.1)
HTTP/1.1 200 OK
Content-Type: application/json; charset=utf-8
cache-control: no-cache
content-length: 14

11:33:12.036 [AsyncHttpClient-1-2] DEBUG org.asynchttpclient.netty.channel.ChannelManager - Adding key: http://localhost:63908 for channel [id: 0x2954b54a, L:/127.0.0.1:58273 - R:localhost/127.0.0.1:63908]
11:33:12.039 [Forwarding findElement on session 000736bbcdd3f2cea901c63cd69dded0 to remote] DEBUG org.asynchttpclient.netty.request.NettyRequestSender - Using pooled Channel '[id: 0x2954b54a, L:/127.0.0.1:58273 - R:localhost/127.0.0.1:63908]' for 'POST' to 'http://localhost:63908/session/000736bbcdd3f2cea901c63cd69dded0/element'
11:33:12.039 [Forwarding findElement on session 000736bbcdd3f2cea901c63cd69dded0 to remote] DEBUG org.asynchttpclient.netty.request.NettyRequestSender - Using open Channel [id: 0x2954b54a, L:/127.0.0.1:58273 - R:localhost/127.0.0.1:63908] for POST '/session/000736bbcdd3f2cea901c63cd69dded0/element'
11:33:12.047 [AsyncHttpClient-1-2] DEBUG org.asynchttpclient.netty.handler.HttpHandler - 

Request DefaultHttpRequest(decodeResult: success, version: HTTP/1.1)
POST /session/000736bbcdd3f2cea901c63cd69dded0/element HTTP/1.1
User-Agent: selenium/4.1.2 (java windows)
Content-Length: 50
Content-Type: application/json; charset=utf-8
host: localhost:63908
accept: */*

Response DefaultHttpResponse(decodeResult: success, version: HTTP/1.1)
HTTP/1.1 200 OK
Content-Type: application/json; charset=utf-8
cache-control: no-cache
content-length: 88

11:33:12.048 [AsyncHttpClient-1-2] DEBUG org.asynchttpclient.netty.channel.ChannelManager - Adding key: http://localhost:63908 for channel [id: 0x2954b54a, L:/127.0.0.1:58273 - R:localhost/127.0.0.1:63908]
11:33:12.050 [Forwarding clickElement on session 000736bbcdd3f2cea901c63cd69dded0 to remote] DEBUG org.asynchttpclient.netty.request.NettyRequestSender - Using pooled Channel '[id: 0x2954b54a, L:/127.0.0.1:58273 - R:localhost/127.0.0.1:63908]' for 'POST' to 'http://localhost:63908/session/000736bbcdd3f2cea901c63cd69dded0/element/6c6fa63f-638d-41b1-9f85-f9523593576e/click'
11:33:12.050 [Forwarding clickElement on session 000736bbcdd3f2cea901c63cd69dded0 to remote] DEBUG org.asynchttpclient.netty.request.NettyRequestSender - Using open Channel [id: 0x2954b54a, L:/127.0.0.1:58273 - R:localhost/127.0.0.1:63908] for POST '/session/000736bbcdd3f2cea901c63cd69dded0/element/6c6fa63f-638d-41b1-9f85-f9523593576e/click'
11:33:12.168 [AsyncHttpClient-1-2] DEBUG org.asynchttpclient.netty.handler.HttpHandler - 

Request DefaultHttpRequest(decodeResult: success, version: HTTP/1.1)
POST /session/000736bbcdd3f2cea901c63cd69dded0/element/6c6fa63f-638d-41b1-9f85-f9523593576e/click HTTP/1.1
User-Agent: selenium/4.1.2 (java windows)
Content-Length: 50
Content-Type: application/json; charset=utf-8
host: localhost:63908
accept: */*

Response DefaultHttpResponse(decodeResult: success, version: HTTP/1.1)
HTTP/1.1 200 OK
Content-Type: application/json; charset=utf-8
cache-control: no-cache
content-length: 14

11:33:12.168 [AsyncHttpClient-1-2] DEBUG org.asynchttpclient.netty.channel.ChannelManager - Adding key: http://localhost:63908 for channel [id: 0x2954b54a, L:/127.0.0.1:58273 - R:localhost/127.0.0.1:63908]
11:33:12.184 [Forwarding screenshot on session 000736bbcdd3f2cea901c63cd69dded0 to remote] DEBUG org.asynchttpclient.netty.request.NettyRequestSender - Using pooled Channel '[id: 0x2954b54a, L:/127.0.0.1:58273 - R:localhost/127.0.0.1:63908]' for 'GET' to 'http://localhost:63908/session/000736bbcdd3f2cea901c63cd69dded0/screenshot'
11:33:12.184 [Forwarding screenshot on session 000736bbcdd3f2cea901c63cd69dded0 to remote] DEBUG org.asynchttpclient.netty.request.NettyRequestSender - Using open Channel [id: 0x2954b54a, L:/127.0.0.1:58273 - R:localhost/127.0.0.1:63908] for GET '/session/000736bbcdd3f2cea901c63cd69dded0/screenshot'
11:33:12.395 [AsyncHttpClient-1-2] DEBUG org.asynchttpclient.netty.handler.HttpHandler - 

Request DefaultFullHttpRequest(decodeResult: success, version: HTTP/1.1, content: EmptyByteBufBE)
GET /session/000736bbcdd3f2cea901c63cd69dded0/screenshot HTTP/1.1
User-Agent: selenium/4.1.2 (java windows)
Cache-Control: no-cache
Content-Type: application/json; charset=utf-8
host: localhost:63908
accept: */*

Response DefaultHttpResponse(decodeResult: success, version: HTTP/1.1)
HTTP/1.1 200 OK
Content-Type: application/json; charset=utf-8
cache-control: no-cache
content-length: 146376

11:33:12.397 [AsyncHttpClient-1-2] DEBUG org.asynchttpclient.netty.channel.ChannelManager - Adding key: http://localhost:63908 for channel [id: 0x2954b54a, L:/127.0.0.1:58273 - R:localhost/127.0.0.1:63908]
11:33:12.410 [main] DEBUG net.serenitybdd.core.photography.Darkroom - Send negative for processing for target\site\serenity\b24a47fdbf882a7b9e61842ec6c0ac8de9a7715d1657215ca7eccce3c3ff4241.png
11:33:12.410 [main] DEBUG net.thucydides.core.steps.StepInterceptor - STEP DONE: clickLoginButton
  &amp#27;[32mAnd &amp#27;[0m&amp#27;[32mi click login button&amp#27;[0m                        &amp#27;[90m# starter.stepdefenitions.LoginSteps.clickLoginButton()&amp#27;[0m
11:33:12.411 [Darkroom Processing Line] DEBUG net.serenitybdd.core.photography.DarkroomProcessingLine - Processing screenshot image in /var/screenshots/screenshot-1471206773937790006
11:33:12.411 [Darkroom Processing Line] DEBUG net.serenitybdd.core.photography.DarkroomProcessingLine - Saving screenshot to target\site\serenity\b24a47fdbf882a7b9e61842ec6c0ac8de9a7715d1657215ca7eccce3c3ff4241.png
11:33:12.428 [main] DEBUG net.thucydides.core.steps.StepInterceptor - STARTING STEP: LoginSteps.successLogin - validationAfterLogin
11:33:12.432 [Forwarding findElement on session 000736bbcdd3f2cea901c63cd69dded0 to remote] DEBUG org.asynchttpclient.netty.request.NettyRequestSender - Using pooled Channel '[id: 0x2954b54a, L:/127.0.0.1:58273 - R:localhost/127.0.0.1:63908]' for 'POST' to 'http://localhost:63908/session/000736bbcdd3f2cea901c63cd69dded0/element'
11:33:12.432 [Forwarding findElement on session 000736bbcdd3f2cea901c63cd69dded0 to remote] DEBUG org.asynchttpclient.netty.request.NettyRequestSender - Using open Channel [id: 0x2954b54a, L:/127.0.0.1:58273 - R:localhost/127.0.0.1:63908] for POST '/session/000736bbcdd3f2cea901c63cd69dded0/element'
11:33:12.504 [AsyncHttpClient-1-1] DEBUG org.asynchttpclient.netty.channel.DefaultChannelPool - Entry count for : http://localhost:58274 : 1
11:33:13.242 [AsyncHttpClient-1-2] DEBUG org.asynchttpclient.netty.handler.HttpHandler - 

Request DefaultHttpRequest(decodeResult: success, version: HTTP/1.1)
POST /session/000736bbcdd3f2cea901c63cd69dded0/element HTTP/1.1
User-Agent: selenium/4.1.2 (java windows)
Content-Length: 51
Content-Type: application/json; charset=utf-8
host: localhost:63908
accept: */*

Response DefaultHttpResponse(decodeResult: success, version: HTTP/1.1)
HTTP/1.1 200 OK
Content-Type: application/json; charset=utf-8
cache-control: no-cache
content-length: 88

11:33:13.243 [AsyncHttpClient-1-2] DEBUG org.asynchttpclient.netty.channel.ChannelManager - Adding key: http://localhost:63908 for channel [id: 0x2954b54a, L:/127.0.0.1:58273 - R:localhost/127.0.0.1:63908]
11:33:13.260 [Forwarding isElementDisplayed on session 000736bbcdd3f2cea901c63cd69dded0 to remote] DEBUG org.asynchttpclient.netty.request.NettyRequestSender - Using pooled Channel '[id: 0x2954b54a, L:/127.0.0.1:58273 - R:localhost/127.0.0.1:63908]' for 'POST' to 'http://localhost:63908/session/000736bbcdd3f2cea901c63cd69dded0/execute/sync'
11:33:13.260 [Forwarding isElementDisplayed on session 000736bbcdd3f2cea901c63cd69dded0 to remote] DEBUG org.asynchttpclient.netty.request.NettyRequestSender - Using open Channel [id: 0x2954b54a, L:/127.0.0.1:58273 - R:localhost/127.0.0.1:63908] for POST '/session/000736bbcdd3f2cea901c63cd69dded0/execute/sync'
11:33:13.283 [AsyncHttpClient-1-2] DEBUG org.asynchttpclient.netty.handler.HttpHandler - 

Request DefaultHttpRequest(decodeResult: success, version: HTTP/1.1)
POST /session/000736bbcdd3f2cea901c63cd69dded0/execute/sync HTTP/1.1
User-Agent: selenium/4.1.2 (java windows)
Content-Length: 48780
Content-Type: application/json; charset=utf-8
host: localhost:63908
accept: */*

Response DefaultHttpResponse(decodeResult: success, version: HTTP/1.1)
HTTP/1.1 200 OK
Content-Type: application/json; charset=utf-8
cache-control: no-cache
content-length: 14

11:33:13.283 [AsyncHttpClient-1-2] DEBUG org.asynchttpclient.netty.channel.ChannelManager - Adding key: http://localhost:63908 for channel [id: 0x2954b54a, L:/127.0.0.1:58273 - R:localhost/127.0.0.1:63908]
11:33:13.293 [Forwarding screenshot on session 000736bbcdd3f2cea901c63cd69dded0 to remote] DEBUG org.asynchttpclient.netty.request.NettyRequestSender - Using pooled Channel '[id: 0x2954b54a, L:/127.0.0.1:58273 - R:localhost/127.0.0.1:63908]' for 'GET' to 'http://localhost:63908/session/000736bbcdd3f2cea901c63cd69dded0/screenshot'
11:33:13.293 [Forwarding screenshot on session 000736bbcdd3f2cea901c63cd69dded0 to remote] DEBUG org.asynchttpclient.netty.request.NettyRequestSender - Using open Channel [id: 0x2954b54a, L:/127.0.0.1:58273 - R:localhost/127.0.0.1:63908] for GET '/session/000736bbcdd3f2cea901c63cd69dded0/screenshot'
11:33:13.505 [AsyncHttpClient-1-2] DEBUG org.asynchttpclient.netty.handler.HttpHandler - 

Request DefaultFullHttpRequest(decodeResult: success, version: HTTP/1.1, content: EmptyByteBufBE)
GET /session/000736bbcdd3f2cea901c63cd69dded0/screenshot HTTP/1.1
User-Agent: selenium/4.1.2 (java windows)
Cache-Control: no-cache
Content-Type: application/json; charset=utf-8
host: localhost:63908
accept: */*

Response DefaultHttpResponse(decodeResult: success, version: HTTP/1.1)
HTTP/1.1 200 OK
Content-Type: application/json; charset=utf-8
cache-control: no-cache
content-length: 222100

11:33:13.507 [AsyncHttpClient-1-2] DEBUG org.asynchttpclient.netty.channel.ChannelManager - Adding key: http://localhost:63908 for channel [id: 0x2954b54a, L:/127.0.0.1:58273 - R:localhost/127.0.0.1:63908]
11:33:13.538 [main] DEBUG net.serenitybdd.core.photography.Darkroom - Send negative for processing for target\site\serenity\39999b9be9c0d080b9c28c382b8c9ac740a6d6801d7e57063ec83859e817d907.png
11:33:13.538 [main] DEBUG net.thucydides.core.steps.StepInterceptor - STEP DONE: validationAfterLogin
11:33:13.539 [Darkroom Processing Line] DEBUG net.serenitybdd.core.photography.DarkroomProcessingLine - Processing screenshot image in /var/screenshots/screenshot-103968321736778970
  &amp#27;[32mThen &amp#27;[0m&amp#27;[32mi success login&amp#27;[0m                            &amp#27;[90m# starter.stepdefenitions.LoginSteps.successLogin()&amp#27;[0m
11:33:13.539 [Darkroom Processing Line] DEBUG net.serenitybdd.core.photography.DarkroomProcessingLine - Saving screenshot to target\site\serenity\39999b9be9c0d080b9c28c382b8c9ac740a6d6801d7e57063ec83859e817d907.png
11:33:13.549 [main] INFO  - 
  _____   ___   ___   _____     ___     _     ___   ___   ___   ___  
 |_   _| | __| / __| |_   _|   | _ \   /_\   / __| / __| | __| |   \ 
   | |   | _|  \__ \   | |     |  _/  / _ \  \__ \ \__ \ | _|  | |) |
   |_|   |___| |___/   |_|     |_|   /_/ \_\ |___/ |___/ |___| |___/ 

As user i have be able to success login
----------------------------------------------------------------------
11:33:13.601 [AsyncHttpClient-1-1] DEBUG org.asynchttpclient.netty.channel.DefaultChannelPool - Entry count for : http://localhost:58274 : 1
11:33:13.601 [AsyncHttpClient-1-1] DEBUG org.asynchttpclient.netty.channel.DefaultChannelPool - Entry count for : http://localhost:63908 : 1
11:33:13.675 [Driver Command Executor] DEBUG org.asynchttpclient.netty.request.NettyRequestSender - Using pooled Channel '[id: 0x2954b54a, L:/127.0.0.1:58273 - R:localhost/127.0.0.1:63908]' for 'DELETE' to 'http://localhost:63908/session/000736bbcdd3f2cea901c63cd69dded0'
11:33:13.675 [Driver Command Executor] DEBUG org.asynchttpclient.netty.request.NettyRequestSender - Using open Channel [id: 0x2954b54a, L:/127.0.0.1:58273 - R:localhost/127.0.0.1:63908] for DELETE '/session/000736bbcdd3f2cea901c63cd69dded0'
11:33:13.678 [AsyncHttpClient-1-4] DEBUG org.asynchttpclient.netty.handler.WebSocketHandler - Channel Closed: [id: 0x6c4582c4, L:/127.0.0.1:58283 ! R:localhost/127.0.0.1:58274] with attribute NettyResponseFuture{currentRetry=5,
	isDone=1,
	isCancelled=0,
	asyncHandler=org.asynchttpclient.ws.WebSocketUpgradeHandler@1807ce08,
	nettyRequest=org.asynchttpclient.netty.request.NettyRequest@2bbc1909,
	future=java.util.concurrent.CompletableFuture@60276bc2[Completed normally],
	uri=ws://localhost:58274/devtools/browser/510c1dc0-7b88-4e80-af64-be55e0414f5e,
	keepAlive=true,
	redirectCount=0,
	timeoutsHolder=null,
	inAuth=0,
	touch=1650688380844}
11:33:13.678 [AsyncHttpClient-1-4] DEBUG org.asynchttpclient.netty.channel.ChannelManager - Closing Channel [id: 0x6c4582c4, L:/127.0.0.1:58283 ! R:localhost/127.0.0.1:58274] 
11:33:13.838 [AsyncHttpClient-1-3] DEBUG org.asynchttpclient.netty.handler.HttpHandler - Unexpected I/O exception on channel [id: 0xfe1c61bf, L:/127.0.0.1:58282 - R:localhost/127.0.0.1:58274]
java.io.IOException: An existing connection was forcibly closed by the remote host
	at sun.nio.ch.SocketDispatcher.read0(Native Method)
	at sun.nio.ch.SocketDispatcher.read(SocketDispatcher.java:43)
	at sun.nio.ch.IOUtil.readIntoNativeBuffer(IOUtil.java:223)
	at sun.nio.ch.IOUtil.read(IOUtil.java:192)
	at sun.nio.ch.SocketChannelImpl.read(SocketChannelImpl.java:378)
	at io.netty.buffer.PooledByteBuf.setBytes(PooledByteBuf.java:258)
	at io.netty.buffer.AbstractByteBuf.writeBytes(AbstractByteBuf.java:1132)
	at io.netty.channel.socket.nio.NioSocketChannel.doReadBytes(NioSocketChannel.java:350)
	at io.netty.channel.nio.AbstractNioByteChannel$NioByteUnsafe.read(AbstractNioByteChannel.java:151)
	at io.netty.channel.nio.NioEventLoop.processSelectedKey(NioEventLoop.java:722)
	at io.netty.channel.nio.NioEventLoop.processSelectedKeysOptimized(NioEventLoop.java:658)
	at io.netty.channel.nio.NioEventLoop.processSelectedKeys(NioEventLoop.java:584)
	at io.netty.channel.nio.NioEventLoop.run(NioEventLoop.java:496)
	at io.netty.util.concurrent.SingleThreadEventExecutor$4.run(SingleThreadEventExecutor.java:986)
	at io.netty.util.internal.ThreadExecutorMap$2.run(ThreadExecutorMap.java:74)
	at io.netty.util.concurrent.FastThreadLocalRunnable.run(FastThreadLocalRunnable.java:30)
	at java.lang.Thread.run(Thread.java:750)
11:33:13.839 [AsyncHttpClient-1-3] DEBUG org.asynchttpclient.netty.channel.ChannelManager - Closing Channel [id: 0xfe1c61bf, L:/127.0.0.1:58282 - R:localhost/127.0.0.1:58274] 
11:33:13.842 [AsyncHttpClient-1-3] DEBUG org.asynchttpclient.netty.handler.HttpHandler - Channel Closed: [id: 0xfe1c61bf, L:/127.0.0.1:58282 ! R:localhost/127.0.0.1:58274] with attribute DISCARD
11:33:13.865 [AsyncHttpClient-1-2] DEBUG org.asynchttpclient.netty.handler.HttpHandler - 

Request DefaultFullHttpRequest(decodeResult: success, version: HTTP/1.1, content: EmptyByteBufBE)
DELETE /session/000736bbcdd3f2cea901c63cd69dded0 HTTP/1.1
User-Agent: selenium/4.1.2 (java windows)
Content-Type: application/json; charset=utf-8
host: localhost:63908
accept: */*

Response DefaultHttpResponse(decodeResult: success, version: HTTP/1.1)
HTTP/1.1 200 OK
Content-Type: application/json; charset=utf-8
cache-control: no-cache
content-length: 14

11:33:13.866 [AsyncHttpClient-1-2] DEBUG org.asynchttpclient.netty.channel.ChannelManager - Adding key: http://localhost:63908 for channel [id: 0x2954b54a, L:/127.0.0.1:58273 - R:localhost/127.0.0.1:63908]
11:33:13.974 [AsyncHttpClient-1-2] DEBUG org.asynchttpclient.netty.handler.HttpHandler - Channel Closed: [id: 0x2954b54a, L:/127.0.0.1:58273 ! R:localhost/127.0.0.1:63908] with attribute DISCARD
]]></system-out>
    <system-err><![CDATA[Starting ChromeDriver 100.0.4896.60 (6a5d10861ce8de5fce22564658033b43cb7de047-refs/branch-heads/4896@{#875}) on port 63908
Only local connections are allowed.
Please see https://chromedriver.chromium.org/security-considerations for suggestions on keeping ChromeDriver safe.
ChromeDriver was started successfully.
Apr 23, 2022 11:33:00 AM org.openqa.selenium.remote.ProtocolHandshake createSession
INFO: Detected dialect: W3C
Apr 23, 2022 11:33:00 AM org.openqa.selenium.devtools.CdpVersionFinder findNearestMatch
WARNING: Unable to find an exact match for CDP version 100, so returning the closest version found: 97
Apr 23, 2022 11:33:00 AM org.openqa.selenium.devtools.CdpVersionFinder findNearestMatch
INFO: Found CDP implementation for version 100 of 97
]]></system-err>
  </testcase>
  <testcase name="As user i have failed to login" classname="As user I want see home page So that i can buy books" time="16.068">
    <system-out><![CDATA[
@login
Scenario: As user i have failed to login       &amp#27;[90m# src/test/resources/features/Login.feature:17&amp#27;[0m
11:33:14.699 [main] INFO io.cucumber.core.plugin.SerenityReporter - Running feature from file:///D:/kampus%20merdeka/Intelij/web/src/test/resources/features/Login.feature
11:33:14.703 [AsyncHttpClient-1-1] DEBUG org.asynchttpclient.netty.channel.DefaultChannelPool - Entry count for : http://localhost:58274 : 1
11:33:14.704 [AsyncHttpClient-1-1] DEBUG org.asynchttpclient.netty.channel.DefaultChannelPool - Entry count for : http://localhost:63908 : 1
11:33:14.704 [AsyncHttpClient-1-1] DEBUG org.asynchttpclient.netty.channel.DefaultChannelPool - Adding Candidate expired Channel [id: 0xfe1c61bf, L:/127.0.0.1:58282 ! R:localhost/127.0.0.1:58274] isIdleTimeoutExpired=false isRemotelyClosed=true isTtlExpired=false
11:33:14.704 [AsyncHttpClient-1-1] DEBUG org.asynchttpclient.netty.channel.DefaultChannelPool - Closing Idle Channel [id: 0xfe1c61bf, L:/127.0.0.1:58282 ! R:localhost/127.0.0.1:58274]
11:33:14.704 [AsyncHttpClient-1-1] DEBUG org.asynchttpclient.netty.channel.DefaultChannelPool - Adding Candidate expired Channel [id: 0x2954b54a, L:/127.0.0.1:58273 ! R:localhost/127.0.0.1:63908] isIdleTimeoutExpired=false isRemotelyClosed=true isTtlExpired=false
11:33:14.704 [AsyncHttpClient-1-1] DEBUG org.asynchttpclient.netty.channel.DefaultChannelPool - Closing Idle Channel [id: 0x2954b54a, L:/127.0.0.1:58273 ! R:localhost/127.0.0.1:63908]
11:33:14.704 [AsyncHttpClient-1-1] DEBUG org.asynchttpclient.netty.channel.DefaultChannelPool - Closed 2 connections out of 2 in 0 ms
11:33:14.706 [main] INFO  - 
  _____   ___   ___   _____     ___   _____     _     ___   _____   ___   ___  
 |_   _| | __| / __| |_   _|   / __| |_   _|   /_\   | _ \ |_   _| | __| |   \ 
   | |   | _|  \__ \   | |     \__ \   | |    / _ \  |   /   | |   | _|  | |) |
   |_|   |___| |___/   |_|     |___/   |_|   /_/ \_\ |_|_\   |_|   |___| |___/ 

As user i have failed to login(as-user-i-want-see-home-page-so-that-i-can-buy-books;as-user-i-have-failed-to-login)
--------------------------------------------------------------------------------
11:33:14.781 [main] DEBUG net.thucydides.core.steps.StepInterceptor - STARTING STEP: BookstoreSteps.onBookstorePage - openPage
11:33:14.783 [main] INFO net.serenitybdd.core.webdriver.driverproviders.ChromeDriverProvider - Using automatically driver download
11:33:14.965 [main] DEBUG io.github.bonigarcia.wdm.cache.ResolutionCache - Resolution chrome=100 in cache (valid until 11:37:23 23/04/2022 ICT)
11:33:14.977 [main] DEBUG io.github.bonigarcia.wdm.cache.ResolutionCache - Resolution chrome100=100.0.4896.60 in cache (valid until 10:37:23 24/04/2022 ICT)
11:33:14.980 [main] INFO io.github.bonigarcia.wdm.WebDriverManager - Using chromedriver 100.0.4896.60 (resolved driver for Chrome 100)
11:33:14.998 [main] DEBUG io.github.bonigarcia.wdm.WebDriverManager - Driver chromedriver 100.0.4896.60 found in cache
11:33:15.000 [main] INFO io.github.bonigarcia.wdm.WebDriverManager - Exporting webdriver.chrome.driver as C:\Users\Admin\.cache\selenium\chromedriver\win32\100.0.4896.60\chromedriver.exe
11:33:15.137 [main] DEBUG net.serenitybdd.core.webdriver.driverproviders.ProvideNewDriver - Instantiating driver
11:33:15.137 [main] DEBUG net.serenitybdd.core.webdriver.driverproviders.ProvideNewDriver - Driver capabilities: Capabilities {acceptInsecureCerts: false, base.url: https://demoqa.com/, browserName: chrome, chrome.driver: src/test/resources/webdrive..., driver: chrome, goog:chromeOptions: {args: [], extensions: []}}
11:33:15.702 [AsyncHttpClient-1-5] DEBUG org.asynchttpclient.netty.channel.NettyConnectListener - Using new Channel '[id: 0x2f93477f, L:/127.0.0.1:58343 - R:localhost/127.0.0.1:51144]' for 'POST' to '/session'
11:33:16.814 [AsyncHttpClient-1-5] DEBUG org.asynchttpclient.netty.handler.HttpHandler - 

Request DefaultHttpRequest(decodeResult: success, version: HTTP/1.1)
POST /session HTTP/1.1
User-Agent: selenium/4.1.2 (java windows)
Content-Length: 605
Content-Type: application/json; charset=utf-8
host: localhost:51144
accept: */*

Response DefaultHttpResponse(decodeResult: success, version: HTTP/1.1)
HTTP/1.1 200 OK
Content-Type: application/json; charset=utf-8
cache-control: no-cache
content-length: 791

11:33:16.815 [AsyncHttpClient-1-5] DEBUG org.asynchttpclient.netty.channel.ChannelManager - Adding key: http://localhost:51144 for channel [id: 0x2f93477f, L:/127.0.0.1:58343 - R:localhost/127.0.0.1:51144]
11:33:16.839 [AsyncHttpClient-1-6] DEBUG org.asynchttpclient.netty.channel.NettyConnectListener - Using new Channel '[id: 0x05ec538b, L:/127.0.0.1:58351 - R:localhost/127.0.0.1:58344]' for 'GET' to '/json/version'
11:33:16.843 [AsyncHttpClient-1-6] DEBUG org.asynchttpclient.netty.handler.HttpHandler - 

Request DefaultFullHttpRequest(decodeResult: success, version: HTTP/1.1, content: EmptyByteBufBE)
GET /json/version HTTP/1.1
User-Agent: selenium/4.1.2 (java windows)
host: localhost:58344
accept: */*

Response DefaultHttpResponse(decodeResult: success, version: HTTP/1.1)
HTTP/1.1 200 OK
Content-Type: application/json; charset=UTF-8
content-length: 429

11:33:16.843 [AsyncHttpClient-1-6] DEBUG org.asynchttpclient.netty.channel.ChannelManager - Adding key: http://localhost:58344 for channel [id: 0x05ec538b, L:/127.0.0.1:58351 - R:localhost/127.0.0.1:58344]
11:33:16.860 [AsyncHttpClient-1-7] DEBUG org.asynchttpclient.netty.channel.NettyConnectListener - Using new Channel '[id: 0x8ce4c33b, L:/127.0.0.1:58352 - R:localhost/127.0.0.1:58344]' for 'GET' to '/devtools/browser/120b5b1a-5f0b-43c7-90d0-6ce7501a0202'
11:33:16.864 [AsyncHttpClient-1-7] DEBUG org.asynchttpclient.netty.handler.WebSocketHandler - 

Request DefaultFullHttpRequest(decodeResult: success, version: HTTP/1.1, content: EmptyByteBufBE)
GET /devtools/browser/120b5b1a-5f0b-43c7-90d0-6ce7501a0202 HTTP/1.1
upgrade: websocket
connection: upgrade
sec-websocket-key: 22HKSF3w1IMKzlmVinr0ZQ==
sec-websocket-version: 13
origin: http://localhost:58344
host: localhost:58344
accept: */*
user-agent: AHC/2.1

Response DefaultHttpResponse(decodeResult: success, version: HTTP/1.1)
HTTP/1.1 101 WebSocket Protocol Handshake
Upgrade: WebSocket
Connection: Upgrade
Sec-WebSocket-Accept: kreQ2z3gEjQbQJbtWu2ru9UwUd4=

11:33:16.878 [Forwarding setCurrentWindowSize on session 9991924916c39a005f1584c98ed19dad to remote] DEBUG org.asynchttpclient.netty.request.NettyRequestSender - Using pooled Channel '[id: 0x2f93477f, L:/127.0.0.1:58343 - R:localhost/127.0.0.1:51144]' for 'POST' to 'http://localhost:51144/session/9991924916c39a005f1584c98ed19dad/window/rect'
11:33:16.879 [Forwarding setCurrentWindowSize on session 9991924916c39a005f1584c98ed19dad to remote] DEBUG org.asynchttpclient.netty.request.NettyRequestSender - Using open Channel [id: 0x2f93477f, L:/127.0.0.1:58343 - R:localhost/127.0.0.1:51144] for POST '/session/9991924916c39a005f1584c98ed19dad/window/rect'
11:33:16.902 [AsyncHttpClient-1-1] DEBUG org.asynchttpclient.netty.channel.DefaultChannelPool - Entry count for : http://localhost:58344 : 1
11:33:17.026 [AsyncHttpClient-1-5] DEBUG org.asynchttpclient.netty.handler.HttpHandler - 

Request DefaultHttpRequest(decodeResult: success, version: HTTP/1.1)
POST /session/9991924916c39a005f1584c98ed19dad/window/rect HTTP/1.1
User-Agent: selenium/4.1.2 (java windows)
Content-Length: 37
Content-Type: application/json; charset=utf-8
host: localhost:51144
accept: */*

Response DefaultHttpResponse(decodeResult: success, version: HTTP/1.1)
HTTP/1.1 200 OK
Content-Type: application/json; charset=utf-8
cache-control: no-cache
content-length: 51

11:33:17.027 [AsyncHttpClient-1-5] DEBUG org.asynchttpclient.netty.channel.ChannelManager - Adding key: http://localhost:51144 for channel [id: 0x2f93477f, L:/127.0.0.1:58343 - R:localhost/127.0.0.1:51144]
11:33:17.029 [Forwarding setWindowPosition on session 9991924916c39a005f1584c98ed19dad to remote] DEBUG org.asynchttpclient.netty.request.NettyRequestSender - Using pooled Channel '[id: 0x2f93477f, L:/127.0.0.1:58343 - R:localhost/127.0.0.1:51144]' for 'POST' to 'http://localhost:51144/session/9991924916c39a005f1584c98ed19dad/window/rect'
11:33:17.029 [Forwarding setWindowPosition on session 9991924916c39a005f1584c98ed19dad to remote] DEBUG org.asynchttpclient.netty.request.NettyRequestSender - Using open Channel [id: 0x2f93477f, L:/127.0.0.1:58343 - R:localhost/127.0.0.1:51144] for POST '/session/9991924916c39a005f1584c98ed19dad/window/rect'
11:33:17.151 [AsyncHttpClient-1-5] DEBUG org.asynchttpclient.netty.handler.HttpHandler - 

Request DefaultHttpRequest(decodeResult: success, version: HTTP/1.1)
POST /session/9991924916c39a005f1584c98ed19dad/window/rect HTTP/1.1
User-Agent: selenium/4.1.2 (java windows)
Content-Length: 22
Content-Type: application/json; charset=utf-8
host: localhost:51144
accept: */*

Response DefaultHttpResponse(decodeResult: success, version: HTTP/1.1)
HTTP/1.1 200 OK
Content-Type: application/json; charset=utf-8
cache-control: no-cache
content-length: 49

11:33:17.152 [AsyncHttpClient-1-5] DEBUG org.asynchttpclient.netty.channel.ChannelManager - Adding key: http://localhost:51144 for channel [id: 0x2f93477f, L:/127.0.0.1:58343 - R:localhost/127.0.0.1:51144]
11:33:17.153 [Forwarding get on session 9991924916c39a005f1584c98ed19dad to remote] DEBUG org.asynchttpclient.netty.request.NettyRequestSender - Using pooled Channel '[id: 0x2f93477f, L:/127.0.0.1:58343 - R:localhost/127.0.0.1:51144]' for 'POST' to 'http://localhost:51144/session/9991924916c39a005f1584c98ed19dad/url'
11:33:17.154 [Forwarding get on session 9991924916c39a005f1584c98ed19dad to remote] DEBUG org.asynchttpclient.netty.request.NettyRequestSender - Using open Channel [id: 0x2f93477f, L:/127.0.0.1:58343 - R:localhost/127.0.0.1:51144] for POST '/session/9991924916c39a005f1584c98ed19dad/url'
11:33:18.001 [AsyncHttpClient-1-1] DEBUG org.asynchttpclient.netty.channel.DefaultChannelPool - Entry count for : http://localhost:58344 : 1
11:33:19.114 [AsyncHttpClient-1-1] DEBUG org.asynchttpclient.netty.channel.DefaultChannelPool - Entry count for : http://localhost:58344 : 1
11:33:20.207 [AsyncHttpClient-1-1] DEBUG org.asynchttpclient.netty.channel.DefaultChannelPool - Entry count for : http://localhost:58344 : 1
11:33:21.300 [AsyncHttpClient-1-1] DEBUG org.asynchttpclient.netty.channel.DefaultChannelPool - Entry count for : http://localhost:58344 : 1
11:33:22.400 [AsyncHttpClient-1-1] DEBUG org.asynchttpclient.netty.channel.DefaultChannelPool - Entry count for : http://localhost:58344 : 1
11:33:23.508 [AsyncHttpClient-1-1] DEBUG org.asynchttpclient.netty.channel.DefaultChannelPool - Entry count for : http://localhost:58344 : 1
11:33:24.609 [AsyncHttpClient-1-1] DEBUG org.asynchttpclient.netty.channel.DefaultChannelPool - Entry count for : http://localhost:58344 : 1
11:33:25.707 [AsyncHttpClient-1-1] DEBUG org.asynchttpclient.netty.channel.DefaultChannelPool - Entry count for : http://localhost:58344 : 1
11:33:26.234 [AsyncHttpClient-1-5] DEBUG org.asynchttpclient.netty.handler.HttpHandler - 

Request DefaultHttpRequest(decodeResult: success, version: HTTP/1.1)
POST /session/9991924916c39a005f1584c98ed19dad/url HTTP/1.1
User-Agent: selenium/4.1.2 (java windows)
Content-Length: 49
Content-Type: application/json; charset=utf-8
host: localhost:51144
accept: */*

Response DefaultHttpResponse(decodeResult: success, version: HTTP/1.1)
HTTP/1.1 200 OK
Content-Type: application/json; charset=utf-8
cache-control: no-cache
content-length: 14

11:33:26.235 [AsyncHttpClient-1-5] DEBUG org.asynchttpclient.netty.channel.ChannelManager - Adding key: http://localhost:51144 for channel [id: 0x2f93477f, L:/127.0.0.1:58343 - R:localhost/127.0.0.1:51144]
11:33:26.241 [Forwarding setTimeout on session 9991924916c39a005f1584c98ed19dad to remote] DEBUG org.asynchttpclient.netty.request.NettyRequestSender - Using pooled Channel '[id: 0x2f93477f, L:/127.0.0.1:58343 - R:localhost/127.0.0.1:51144]' for 'POST' to 'http://localhost:51144/session/9991924916c39a005f1584c98ed19dad/timeouts'
11:33:26.241 [Forwarding setTimeout on session 9991924916c39a005f1584c98ed19dad to remote] DEBUG org.asynchttpclient.netty.request.NettyRequestSender - Using open Channel [id: 0x2f93477f, L:/127.0.0.1:58343 - R:localhost/127.0.0.1:51144] for POST '/session/9991924916c39a005f1584c98ed19dad/timeouts'
11:33:26.245 [AsyncHttpClient-1-5] DEBUG org.asynchttpclient.netty.handler.HttpHandler - 

Request DefaultHttpRequest(decodeResult: success, version: HTTP/1.1)
POST /session/9991924916c39a005f1584c98ed19dad/timeouts HTTP/1.1
User-Agent: selenium/4.1.2 (java windows)
Content-Length: 22
Content-Type: application/json; charset=utf-8
host: localhost:51144
accept: */*

Response DefaultHttpResponse(decodeResult: success, version: HTTP/1.1)
HTTP/1.1 200 OK
Content-Type: application/json; charset=utf-8
cache-control: no-cache
content-length: 14

11:33:26.245 [AsyncHttpClient-1-5] DEBUG org.asynchttpclient.netty.channel.ChannelManager - Adding key: http://localhost:51144 for channel [id: 0x2f93477f, L:/127.0.0.1:58343 - R:localhost/127.0.0.1:51144]
11:33:26.262 [Forwarding getCurrentUrl on session 9991924916c39a005f1584c98ed19dad to remote] DEBUG org.asynchttpclient.netty.request.NettyRequestSender - Using pooled Channel '[id: 0x2f93477f, L:/127.0.0.1:58343 - R:localhost/127.0.0.1:51144]' for 'GET' to 'http://localhost:51144/session/9991924916c39a005f1584c98ed19dad/url'
11:33:26.262 [Forwarding getCurrentUrl on session 9991924916c39a005f1584c98ed19dad to remote] DEBUG org.asynchttpclient.netty.request.NettyRequestSender - Using open Channel [id: 0x2f93477f, L:/127.0.0.1:58343 - R:localhost/127.0.0.1:51144] for GET '/session/9991924916c39a005f1584c98ed19dad/url'
11:33:26.268 [AsyncHttpClient-1-5] DEBUG org.asynchttpclient.netty.handler.HttpHandler - 

Request DefaultFullHttpRequest(decodeResult: success, version: HTTP/1.1, content: EmptyByteBufBE)
GET /session/9991924916c39a005f1584c98ed19dad/url HTTP/1.1
User-Agent: selenium/4.1.2 (java windows)
Cache-Control: no-cache
Content-Type: application/json; charset=utf-8
host: localhost:51144
accept: */*

Response DefaultHttpResponse(decodeResult: success, version: HTTP/1.1)
HTTP/1.1 200 OK
Content-Type: application/json; charset=utf-8
cache-control: no-cache
content-length: 31

11:33:26.269 [AsyncHttpClient-1-5] DEBUG org.asynchttpclient.netty.channel.ChannelManager - Adding key: http://localhost:51144 for channel [id: 0x2f93477f, L:/127.0.0.1:58343 - R:localhost/127.0.0.1:51144]
11:33:26.273 [Forwarding getCurrentUrl on session 9991924916c39a005f1584c98ed19dad to remote] DEBUG org.asynchttpclient.netty.request.NettyRequestSender - Using pooled Channel '[id: 0x2f93477f, L:/127.0.0.1:58343 - R:localhost/127.0.0.1:51144]' for 'GET' to 'http://localhost:51144/session/9991924916c39a005f1584c98ed19dad/url'
11:33:26.273 [Forwarding getCurrentUrl on session 9991924916c39a005f1584c98ed19dad to remote] DEBUG org.asynchttpclient.netty.request.NettyRequestSender - Using open Channel [id: 0x2f93477f, L:/127.0.0.1:58343 - R:localhost/127.0.0.1:51144] for GET '/session/9991924916c39a005f1584c98ed19dad/url'
11:33:26.282 [AsyncHttpClient-1-5] DEBUG org.asynchttpclient.netty.handler.HttpHandler - 

Request DefaultFullHttpRequest(decodeResult: success, version: HTTP/1.1, content: EmptyByteBufBE)
GET /session/9991924916c39a005f1584c98ed19dad/url HTTP/1.1
User-Agent: selenium/4.1.2 (java windows)
Cache-Control: no-cache
Content-Type: application/json; charset=utf-8
host: localhost:51144
accept: */*

Response DefaultHttpResponse(decodeResult: success, version: HTTP/1.1)
HTTP/1.1 200 OK
Content-Type: application/json; charset=utf-8
cache-control: no-cache
content-length: 31

11:33:26.282 [AsyncHttpClient-1-5] DEBUG org.asynchttpclient.netty.channel.ChannelManager - Adding key: http://localhost:51144 for channel [id: 0x2f93477f, L:/127.0.0.1:58343 - R:localhost/127.0.0.1:51144]
11:33:26.293 [Forwarding screenshot on session 9991924916c39a005f1584c98ed19dad to remote] DEBUG org.asynchttpclient.netty.request.NettyRequestSender - Using pooled Channel '[id: 0x2f93477f, L:/127.0.0.1:58343 - R:localhost/127.0.0.1:51144]' for 'GET' to 'http://localhost:51144/session/9991924916c39a005f1584c98ed19dad/screenshot'
11:33:26.293 [Forwarding screenshot on session 9991924916c39a005f1584c98ed19dad to remote] DEBUG org.asynchttpclient.netty.request.NettyRequestSender - Using open Channel [id: 0x2f93477f, L:/127.0.0.1:58343 - R:localhost/127.0.0.1:51144] for GET '/session/9991924916c39a005f1584c98ed19dad/screenshot'
11:33:26.487 [AsyncHttpClient-1-5] DEBUG org.asynchttpclient.netty.handler.HttpHandler - 

Request DefaultFullHttpRequest(decodeResult: success, version: HTTP/1.1, content: EmptyByteBufBE)
GET /session/9991924916c39a005f1584c98ed19dad/screenshot HTTP/1.1
User-Agent: selenium/4.1.2 (java windows)
Cache-Control: no-cache
Content-Type: application/json; charset=utf-8
host: localhost:51144
accept: */*

Response DefaultHttpResponse(decodeResult: success, version: HTTP/1.1)
HTTP/1.1 200 OK
Content-Type: application/json; charset=utf-8
cache-control: no-cache
content-length: 137352

11:33:26.489 [AsyncHttpClient-1-5] DEBUG org.asynchttpclient.netty.channel.ChannelManager - Adding key: http://localhost:51144 for channel [id: 0x2f93477f, L:/127.0.0.1:58343 - R:localhost/127.0.0.1:51144]
11:33:26.502 [main] DEBUG net.serenitybdd.core.photography.Darkroom - Send negative for processing for target\site\serenity\d6883af33318b4a2c9d04639d1476a233f4186a1bdfb64f83c5f3720d13c6eb6.png
11:33:26.502 [main] DEBUG net.thucydides.core.steps.StepInterceptor - STEP DONE: openPage
11:33:26.502 [Darkroom Processing Line] DEBUG net.serenitybdd.core.photography.DarkroomProcessingLine - Processing screenshot image in /var/screenshots/screenshot-4068684270959817101
11:33:26.503 [Darkroom Processing Line] DEBUG net.serenitybdd.core.photography.DarkroomProcessingLine - Saving screenshot to target\site\serenity\d6883af33318b4a2c9d04639d1476a233f4186a1bdfb64f83c5f3720d13c6eb6.png
11:33:26.514 [main] DEBUG net.thucydides.core.steps.StepInterceptor - STARTING STEP: BookstoreSteps.onBookstorePage - validationHomePage
11:33:26.518 [Forwarding findElement on session 9991924916c39a005f1584c98ed19dad to remote] DEBUG org.asynchttpclient.netty.request.NettyRequestSender - Using pooled Channel '[id: 0x2f93477f, L:/127.0.0.1:58343 - R:localhost/127.0.0.1:51144]' for 'POST' to 'http://localhost:51144/session/9991924916c39a005f1584c98ed19dad/element'
11:33:26.519 [Forwarding findElement on session 9991924916c39a005f1584c98ed19dad to remote] DEBUG org.asynchttpclient.netty.request.NettyRequestSender - Using open Channel [id: 0x2f93477f, L:/127.0.0.1:58343 - R:localhost/127.0.0.1:51144] for POST '/session/9991924916c39a005f1584c98ed19dad/element'
11:33:26.523 [AsyncHttpClient-1-5] DEBUG org.asynchttpclient.netty.handler.HttpHandler - 

Request DefaultHttpRequest(decodeResult: success, version: HTTP/1.1)
POST /session/9991924916c39a005f1584c98ed19dad/element HTTP/1.1
User-Agent: selenium/4.1.2 (java windows)
Content-Length: 48
Content-Type: application/json; charset=utf-8
host: localhost:51144
accept: */*

Response DefaultHttpResponse(decodeResult: success, version: HTTP/1.1)
HTTP/1.1 400 Bad Request
Content-Type: application/json; charset=utf-8
cache-control: no-cache
content-length: 958

11:33:26.523 [AsyncHttpClient-1-5] DEBUG org.asynchttpclient.netty.channel.ChannelManager - Adding key: http://localhost:51144 for channel [id: 0x2f93477f, L:/127.0.0.1:58343 - R:localhost/127.0.0.1:51144]
11:33:26.528 [Forwarding findElement on session 9991924916c39a005f1584c98ed19dad to remote] DEBUG org.asynchttpclient.netty.request.NettyRequestSender - Using pooled Channel '[id: 0x2f93477f, L:/127.0.0.1:58343 - R:localhost/127.0.0.1:51144]' for 'POST' to 'http://localhost:51144/session/9991924916c39a005f1584c98ed19dad/element'
11:33:26.528 [Forwarding findElement on session 9991924916c39a005f1584c98ed19dad to remote] DEBUG org.asynchttpclient.netty.request.NettyRequestSender - Using open Channel [id: 0x2f93477f, L:/127.0.0.1:58343 - R:localhost/127.0.0.1:51144] for POST '/session/9991924916c39a005f1584c98ed19dad/element'
11:33:26.546 [AsyncHttpClient-1-5] DEBUG org.asynchttpclient.netty.handler.HttpHandler - 

Request DefaultHttpRequest(decodeResult: success, version: HTTP/1.1)
POST /session/9991924916c39a005f1584c98ed19dad/element HTTP/1.1
User-Agent: selenium/4.1.2 (java windows)
Content-Length: 58
Content-Type: application/json; charset=utf-8
host: localhost:51144
accept: */*

Response DefaultHttpResponse(decodeResult: success, version: HTTP/1.1)
HTTP/1.1 200 OK
Content-Type: application/json; charset=utf-8
cache-control: no-cache
content-length: 88

11:33:26.547 [AsyncHttpClient-1-5] DEBUG org.asynchttpclient.netty.channel.ChannelManager - Adding key: http://localhost:51144 for channel [id: 0x2f93477f, L:/127.0.0.1:58343 - R:localhost/127.0.0.1:51144]
11:33:26.556 [Forwarding isElementDisplayed on session 9991924916c39a005f1584c98ed19dad to remote] DEBUG org.asynchttpclient.netty.request.NettyRequestSender - Using pooled Channel '[id: 0x2f93477f, L:/127.0.0.1:58343 - R:localhost/127.0.0.1:51144]' for 'POST' to 'http://localhost:51144/session/9991924916c39a005f1584c98ed19dad/execute/sync'
11:33:26.556 [Forwarding isElementDisplayed on session 9991924916c39a005f1584c98ed19dad to remote] DEBUG org.asynchttpclient.netty.request.NettyRequestSender - Using open Channel [id: 0x2f93477f, L:/127.0.0.1:58343 - R:localhost/127.0.0.1:51144] for POST '/session/9991924916c39a005f1584c98ed19dad/execute/sync'
11:33:26.577 [AsyncHttpClient-1-5] DEBUG org.asynchttpclient.netty.handler.HttpHandler - 

Request DefaultHttpRequest(decodeResult: success, version: HTTP/1.1)
POST /session/9991924916c39a005f1584c98ed19dad/execute/sync HTTP/1.1
User-Agent: selenium/4.1.2 (java windows)
Content-Length: 48780
Content-Type: application/json; charset=utf-8
host: localhost:51144
accept: */*

Response DefaultHttpResponse(decodeResult: success, version: HTTP/1.1)
HTTP/1.1 200 OK
Content-Type: application/json; charset=utf-8
cache-control: no-cache
content-length: 14

11:33:26.578 [AsyncHttpClient-1-5] DEBUG org.asynchttpclient.netty.channel.ChannelManager - Adding key: http://localhost:51144 for channel [id: 0x2f93477f, L:/127.0.0.1:58343 - R:localhost/127.0.0.1:51144]
11:33:26.586 [Forwarding screenshot on session 9991924916c39a005f1584c98ed19dad to remote] DEBUG org.asynchttpclient.netty.request.NettyRequestSender - Using pooled Channel '[id: 0x2f93477f, L:/127.0.0.1:58343 - R:localhost/127.0.0.1:51144]' for 'GET' to 'http://localhost:51144/session/9991924916c39a005f1584c98ed19dad/screenshot'
11:33:26.586 [Forwarding screenshot on session 9991924916c39a005f1584c98ed19dad to remote] DEBUG org.asynchttpclient.netty.request.NettyRequestSender - Using open Channel [id: 0x2f93477f, L:/127.0.0.1:58343 - R:localhost/127.0.0.1:51144] for GET '/session/9991924916c39a005f1584c98ed19dad/screenshot'
11:33:26.752 [AsyncHttpClient-1-5] DEBUG org.asynchttpclient.netty.handler.HttpHandler - 

Request DefaultFullHttpRequest(decodeResult: success, version: HTTP/1.1, content: EmptyByteBufBE)
GET /session/9991924916c39a005f1584c98ed19dad/screenshot HTTP/1.1
User-Agent: selenium/4.1.2 (java windows)
Cache-Control: no-cache
Content-Type: application/json; charset=utf-8
host: localhost:51144
accept: */*

Response DefaultHttpResponse(decodeResult: success, version: HTTP/1.1)
HTTP/1.1 200 OK
Content-Type: application/json; charset=utf-8
cache-control: no-cache
content-length: 143772

11:33:26.753 [AsyncHttpClient-1-5] DEBUG org.asynchttpclient.netty.channel.ChannelManager - Adding key: http://localhost:51144 for channel [id: 0x2f93477f, L:/127.0.0.1:58343 - R:localhost/127.0.0.1:51144]
11:33:26.761 [main] DEBUG net.serenitybdd.core.photography.Darkroom - Send negative for processing for target\site\serenity\7ade9d8160b498ec64ddaba0b7c6c2650b5de9d81b5eb7b43bc65aab42d6704f.png
11:33:26.761 [main] DEBUG net.thucydides.core.steps.StepInterceptor - STEP DONE: validationHomePage
11:33:26.762 [Darkroom Processing Line] DEBUG net.serenitybdd.core.photography.DarkroomProcessingLine - Processing screenshot image in /var/screenshots/screenshot-8608935582583951381
  &amp#27;[32mGiven &amp#27;[0m&amp#27;[32mi am on the home page&amp#27;[0m                  &amp#27;[90m# starter.stepdefenitions.BookstoreSteps.onBookstorePage()&amp#27;[0m
11:33:26.762 [Darkroom Processing Line] DEBUG net.serenitybdd.core.photography.DarkroomProcessingLine - Saving screenshot to target\site\serenity\7ade9d8160b498ec64ddaba0b7c6c2650b5de9d81b5eb7b43bc65aab42d6704f.png
11:33:26.785 [main] DEBUG net.thucydides.core.steps.StepInterceptor - STARTING STEP: BookstoreSteps.clickFeatureBookstore - clickFeatureBookstore
11:33:26.788 [Forwarding findElement on session 9991924916c39a005f1584c98ed19dad to remote] DEBUG org.asynchttpclient.netty.request.NettyRequestSender - Using pooled Channel '[id: 0x2f93477f, L:/127.0.0.1:58343 - R:localhost/127.0.0.1:51144]' for 'POST' to 'http://localhost:51144/session/9991924916c39a005f1584c98ed19dad/element'
11:33:26.789 [Forwarding findElement on session 9991924916c39a005f1584c98ed19dad to remote] DEBUG org.asynchttpclient.netty.request.NettyRequestSender - Using open Channel [id: 0x2f93477f, L:/127.0.0.1:58343 - R:localhost/127.0.0.1:51144] for POST '/session/9991924916c39a005f1584c98ed19dad/element'
11:33:26.803 [AsyncHttpClient-1-5] DEBUG org.asynchttpclient.netty.handler.HttpHandler - 

Request DefaultHttpRequest(decodeResult: success, version: HTTP/1.1)
POST /session/9991924916c39a005f1584c98ed19dad/element HTTP/1.1
User-Agent: selenium/4.1.2 (java windows)
Content-Length: 86
Content-Type: application/json; charset=utf-8
host: localhost:51144
accept: */*

Response DefaultHttpResponse(decodeResult: success, version: HTTP/1.1)
HTTP/1.1 200 OK
Content-Type: application/json; charset=utf-8
cache-control: no-cache
content-length: 88

11:33:26.803 [AsyncHttpClient-1-5] DEBUG org.asynchttpclient.netty.channel.ChannelManager - Adding key: http://localhost:51144 for channel [id: 0x2f93477f, L:/127.0.0.1:58343 - R:localhost/127.0.0.1:51144]
11:33:26.805 [Forwarding getElementTagName on session 9991924916c39a005f1584c98ed19dad to remote] DEBUG org.asynchttpclient.netty.request.NettyRequestSender - Using pooled Channel '[id: 0x2f93477f, L:/127.0.0.1:58343 - R:localhost/127.0.0.1:51144]' for 'GET' to 'http://localhost:51144/session/9991924916c39a005f1584c98ed19dad/element/c30837b8-28a2-40c0-bcd0-bdb6852636e1/name'
11:33:26.805 [Forwarding getElementTagName on session 9991924916c39a005f1584c98ed19dad to remote] DEBUG org.asynchttpclient.netty.request.NettyRequestSender - Using open Channel [id: 0x2f93477f, L:/127.0.0.1:58343 - R:localhost/127.0.0.1:51144] for GET '/session/9991924916c39a005f1584c98ed19dad/element/c30837b8-28a2-40c0-bcd0-bdb6852636e1/name'
11:33:26.809 [AsyncHttpClient-1-1] DEBUG org.asynchttpclient.netty.channel.DefaultChannelPool - Entry count for : http://localhost:58344 : 1
11:33:26.821 [AsyncHttpClient-1-5] DEBUG org.asynchttpclient.netty.handler.HttpHandler - 

Request DefaultFullHttpRequest(decodeResult: success, version: HTTP/1.1, content: EmptyByteBufBE)
GET /session/9991924916c39a005f1584c98ed19dad/element/c30837b8-28a2-40c0-bcd0-bdb6852636e1/name HTTP/1.1
User-Agent: selenium/4.1.2 (java windows)
Cache-Control: no-cache
Content-Type: application/json; charset=utf-8
host: localhost:51144
accept: */*

Response DefaultHttpResponse(decodeResult: success, version: HTTP/1.1)
HTTP/1.1 200 OK
Content-Type: application/json; charset=utf-8
cache-control: no-cache
content-length: 15

11:33:26.821 [AsyncHttpClient-1-5] DEBUG org.asynchttpclient.netty.channel.ChannelManager - Adding key: http://localhost:51144 for channel [id: 0x2f93477f, L:/127.0.0.1:58343 - R:localhost/127.0.0.1:51144]
11:33:26.822 [Forwarding getElementTagName on session 9991924916c39a005f1584c98ed19dad to remote] DEBUG org.asynchttpclient.netty.request.NettyRequestSender - Using pooled Channel '[id: 0x2f93477f, L:/127.0.0.1:58343 - R:localhost/127.0.0.1:51144]' for 'GET' to 'http://localhost:51144/session/9991924916c39a005f1584c98ed19dad/element/c30837b8-28a2-40c0-bcd0-bdb6852636e1/name'
11:33:26.823 [Forwarding getElementTagName on session 9991924916c39a005f1584c98ed19dad to remote] DEBUG org.asynchttpclient.netty.request.NettyRequestSender - Using open Channel [id: 0x2f93477f, L:/127.0.0.1:58343 - R:localhost/127.0.0.1:51144] for GET '/session/9991924916c39a005f1584c98ed19dad/element/c30837b8-28a2-40c0-bcd0-bdb6852636e1/name'
11:33:26.826 [AsyncHttpClient-1-5] DEBUG org.asynchttpclient.netty.handler.HttpHandler - 

Request DefaultFullHttpRequest(decodeResult: success, version: HTTP/1.1, content: EmptyByteBufBE)
GET /session/9991924916c39a005f1584c98ed19dad/element/c30837b8-28a2-40c0-bcd0-bdb6852636e1/name HTTP/1.1
User-Agent: selenium/4.1.2 (java windows)
Cache-Control: no-cache
Content-Type: application/json; charset=utf-8
host: localhost:51144
accept: */*

Response DefaultHttpResponse(decodeResult: success, version: HTTP/1.1)
HTTP/1.1 200 OK
Content-Type: application/json; charset=utf-8
cache-control: no-cache
content-length: 15

11:33:26.826 [AsyncHttpClient-1-5] DEBUG org.asynchttpclient.netty.channel.ChannelManager - Adding key: http://localhost:51144 for channel [id: 0x2f93477f, L:/127.0.0.1:58343 - R:localhost/127.0.0.1:51144]
11:33:26.829 [Forwarding findElement on session 9991924916c39a005f1584c98ed19dad to remote] DEBUG org.asynchttpclient.netty.request.NettyRequestSender - Using pooled Channel '[id: 0x2f93477f, L:/127.0.0.1:58343 - R:localhost/127.0.0.1:51144]' for 'POST' to 'http://localhost:51144/session/9991924916c39a005f1584c98ed19dad/element'
11:33:26.829 [Forwarding findElement on session 9991924916c39a005f1584c98ed19dad to remote] DEBUG org.asynchttpclient.netty.request.NettyRequestSender - Using open Channel [id: 0x2f93477f, L:/127.0.0.1:58343 - R:localhost/127.0.0.1:51144] for POST '/session/9991924916c39a005f1584c98ed19dad/element'
11:33:26.844 [AsyncHttpClient-1-5] DEBUG org.asynchttpclient.netty.handler.HttpHandler - 

Request DefaultHttpRequest(decodeResult: success, version: HTTP/1.1)
POST /session/9991924916c39a005f1584c98ed19dad/element HTTP/1.1
User-Agent: selenium/4.1.2 (java windows)
Content-Length: 86
Content-Type: application/json; charset=utf-8
host: localhost:51144
accept: */*

Response DefaultHttpResponse(decodeResult: success, version: HTTP/1.1)
HTTP/1.1 200 OK
Content-Type: application/json; charset=utf-8
cache-control: no-cache
content-length: 88

11:33:26.845 [AsyncHttpClient-1-5] DEBUG org.asynchttpclient.netty.channel.ChannelManager - Adding key: http://localhost:51144 for channel [id: 0x2f93477f, L:/127.0.0.1:58343 - R:localhost/127.0.0.1:51144]
11:33:26.848 [Forwarding clickElement on session 9991924916c39a005f1584c98ed19dad to remote] DEBUG org.asynchttpclient.netty.request.NettyRequestSender - Using pooled Channel '[id: 0x2f93477f, L:/127.0.0.1:58343 - R:localhost/127.0.0.1:51144]' for 'POST' to 'http://localhost:51144/session/9991924916c39a005f1584c98ed19dad/element/c30837b8-28a2-40c0-bcd0-bdb6852636e1/click'
11:33:26.848 [Forwarding clickElement on session 9991924916c39a005f1584c98ed19dad to remote] DEBUG org.asynchttpclient.netty.request.NettyRequestSender - Using open Channel [id: 0x2f93477f, L:/127.0.0.1:58343 - R:localhost/127.0.0.1:51144] for POST '/session/9991924916c39a005f1584c98ed19dad/element/c30837b8-28a2-40c0-bcd0-bdb6852636e1/click'
11:33:27.161 [AsyncHttpClient-1-5] DEBUG org.asynchttpclient.netty.handler.HttpHandler - 

Request DefaultHttpRequest(decodeResult: success, version: HTTP/1.1)
POST /session/9991924916c39a005f1584c98ed19dad/element/c30837b8-28a2-40c0-bcd0-bdb6852636e1/click HTTP/1.1
User-Agent: selenium/4.1.2 (java windows)
Content-Length: 50
Content-Type: application/json; charset=utf-8
host: localhost:51144
accept: */*

Response DefaultHttpResponse(decodeResult: success, version: HTTP/1.1)
HTTP/1.1 200 OK
Content-Type: application/json; charset=utf-8
cache-control: no-cache
content-length: 14

11:33:27.161 [AsyncHttpClient-1-5] DEBUG org.asynchttpclient.netty.channel.ChannelManager - Adding key: http://localhost:51144 for channel [id: 0x2f93477f, L:/127.0.0.1:58343 - R:localhost/127.0.0.1:51144]
11:33:27.195 [Forwarding screenshot on session 9991924916c39a005f1584c98ed19dad to remote] DEBUG org.asynchttpclient.netty.request.NettyRequestSender - Using pooled Channel '[id: 0x2f93477f, L:/127.0.0.1:58343 - R:localhost/127.0.0.1:51144]' for 'GET' to 'http://localhost:51144/session/9991924916c39a005f1584c98ed19dad/screenshot'
11:33:27.195 [Forwarding screenshot on session 9991924916c39a005f1584c98ed19dad to remote] DEBUG org.asynchttpclient.netty.request.NettyRequestSender - Using open Channel [id: 0x2f93477f, L:/127.0.0.1:58343 - R:localhost/127.0.0.1:51144] for GET '/session/9991924916c39a005f1584c98ed19dad/screenshot'
11:33:27.540 [AsyncHttpClient-1-5] DEBUG org.asynchttpclient.netty.handler.HttpHandler - 

Request DefaultFullHttpRequest(decodeResult: success, version: HTTP/1.1, content: EmptyByteBufBE)
GET /session/9991924916c39a005f1584c98ed19dad/screenshot HTTP/1.1
User-Agent: selenium/4.1.2 (java windows)
Cache-Control: no-cache
Content-Type: application/json; charset=utf-8
host: localhost:51144
accept: */*

Response DefaultHttpResponse(decodeResult: success, version: HTTP/1.1)
HTTP/1.1 200 OK
Content-Type: application/json; charset=utf-8
cache-control: no-cache
content-length: 62808

11:33:27.541 [AsyncHttpClient-1-5] DEBUG org.asynchttpclient.netty.channel.ChannelManager - Adding key: http://localhost:51144 for channel [id: 0x2f93477f, L:/127.0.0.1:58343 - R:localhost/127.0.0.1:51144]
11:33:27.557 [main] DEBUG net.serenitybdd.core.photography.Darkroom - Send negative for processing for target\site\serenity\886ab622a9f1119d52c4fc64644c7907e05305ae91b4e26b5362db06780c1dc8.png
11:33:27.559 [main] DEBUG net.thucydides.core.steps.StepInterceptor - STEP DONE: clickFeatureBookstore
  &amp#27;[32mWhen &amp#27;[0m&amp#27;[32mi click feature bookstore&amp#27;[0m               &amp#27;[90m# starter.stepdefenitions.BookstoreSteps.clickFeatureBookstore()&amp#27;[0m
11:33:27.560 [Darkroom Processing Line] DEBUG net.serenitybdd.core.photography.DarkroomProcessingLine - Processing screenshot image in /var/screenshots/screenshot-3593219989680769661
11:33:27.560 [Darkroom Processing Line] DEBUG net.serenitybdd.core.photography.DarkroomProcessingLine - Saving screenshot to target\site\serenity\886ab622a9f1119d52c4fc64644c7907e05305ae91b4e26b5362db06780c1dc8.png
11:33:27.599 [main] DEBUG net.thucydides.core.steps.StepInterceptor - STARTING STEP: LoginSteps.clickLoginButtonInBookstore - clickLoginButtonOnBookstore
11:33:27.603 [Forwarding findElement on session 9991924916c39a005f1584c98ed19dad to remote] DEBUG org.asynchttpclient.netty.request.NettyRequestSender - Using pooled Channel '[id: 0x2f93477f, L:/127.0.0.1:58343 - R:localhost/127.0.0.1:51144]' for 'POST' to 'http://localhost:51144/session/9991924916c39a005f1584c98ed19dad/element'
11:33:27.604 [Forwarding findElement on session 9991924916c39a005f1584c98ed19dad to remote] DEBUG org.asynchttpclient.netty.request.NettyRequestSender - Using open Channel [id: 0x2f93477f, L:/127.0.0.1:58343 - R:localhost/127.0.0.1:51144] for POST '/session/9991924916c39a005f1584c98ed19dad/element'
11:33:27.617 [AsyncHttpClient-1-5] DEBUG org.asynchttpclient.netty.handler.HttpHandler - 

Request DefaultHttpRequest(decodeResult: success, version: HTTP/1.1)
POST /session/9991924916c39a005f1584c98ed19dad/element HTTP/1.1
User-Agent: selenium/4.1.2 (java windows)
Content-Length: 68
Content-Type: application/json; charset=utf-8
host: localhost:51144
accept: */*

Response DefaultHttpResponse(decodeResult: success, version: HTTP/1.1)
HTTP/1.1 200 OK
Content-Type: application/json; charset=utf-8
cache-control: no-cache
content-length: 88

11:33:27.617 [AsyncHttpClient-1-5] DEBUG org.asynchttpclient.netty.channel.ChannelManager - Adding key: http://localhost:51144 for channel [id: 0x2f93477f, L:/127.0.0.1:58343 - R:localhost/127.0.0.1:51144]
11:33:27.620 [Forwarding getElementTagName on session 9991924916c39a005f1584c98ed19dad to remote] DEBUG org.asynchttpclient.netty.request.NettyRequestSender - Using pooled Channel '[id: 0x2f93477f, L:/127.0.0.1:58343 - R:localhost/127.0.0.1:51144]' for 'GET' to 'http://localhost:51144/session/9991924916c39a005f1584c98ed19dad/element/95090795-6b2f-4276-adc5-d7010b1feb90/name'
11:33:27.620 [Forwarding getElementTagName on session 9991924916c39a005f1584c98ed19dad to remote] DEBUG org.asynchttpclient.netty.request.NettyRequestSender - Using open Channel [id: 0x2f93477f, L:/127.0.0.1:58343 - R:localhost/127.0.0.1:51144] for GET '/session/9991924916c39a005f1584c98ed19dad/element/95090795-6b2f-4276-adc5-d7010b1feb90/name'
11:33:27.626 [AsyncHttpClient-1-5] DEBUG org.asynchttpclient.netty.handler.HttpHandler - 

Request DefaultFullHttpRequest(decodeResult: success, version: HTTP/1.1, content: EmptyByteBufBE)
GET /session/9991924916c39a005f1584c98ed19dad/element/95090795-6b2f-4276-adc5-d7010b1feb90/name HTTP/1.1
User-Agent: selenium/4.1.2 (java windows)
Cache-Control: no-cache
Content-Type: application/json; charset=utf-8
host: localhost:51144
accept: */*

Response DefaultHttpResponse(decodeResult: success, version: HTTP/1.1)
HTTP/1.1 200 OK
Content-Type: application/json; charset=utf-8
cache-control: no-cache
content-length: 18

11:33:27.627 [AsyncHttpClient-1-5] DEBUG org.asynchttpclient.netty.channel.ChannelManager - Adding key: http://localhost:51144 for channel [id: 0x2f93477f, L:/127.0.0.1:58343 - R:localhost/127.0.0.1:51144]
11:33:27.628 [Forwarding getElementTagName on session 9991924916c39a005f1584c98ed19dad to remote] DEBUG org.asynchttpclient.netty.request.NettyRequestSender - Using pooled Channel '[id: 0x2f93477f, L:/127.0.0.1:58343 - R:localhost/127.0.0.1:51144]' for 'GET' to 'http://localhost:51144/session/9991924916c39a005f1584c98ed19dad/element/95090795-6b2f-4276-adc5-d7010b1feb90/name'
11:33:27.629 [Forwarding getElementTagName on session 9991924916c39a005f1584c98ed19dad to remote] DEBUG org.asynchttpclient.netty.request.NettyRequestSender - Using open Channel [id: 0x2f93477f, L:/127.0.0.1:58343 - R:localhost/127.0.0.1:51144] for GET '/session/9991924916c39a005f1584c98ed19dad/element/95090795-6b2f-4276-adc5-d7010b1feb90/name'
11:33:27.632 [AsyncHttpClient-1-5] DEBUG org.asynchttpclient.netty.handler.HttpHandler - 

Request DefaultFullHttpRequest(decodeResult: success, version: HTTP/1.1, content: EmptyByteBufBE)
GET /session/9991924916c39a005f1584c98ed19dad/element/95090795-6b2f-4276-adc5-d7010b1feb90/name HTTP/1.1
User-Agent: selenium/4.1.2 (java windows)
Cache-Control: no-cache
Content-Type: application/json; charset=utf-8
host: localhost:51144
accept: */*

Response DefaultHttpResponse(decodeResult: success, version: HTTP/1.1)
HTTP/1.1 200 OK
Content-Type: application/json; charset=utf-8
cache-control: no-cache
content-length: 18

11:33:27.633 [AsyncHttpClient-1-5] DEBUG org.asynchttpclient.netty.channel.ChannelManager - Adding key: http://localhost:51144 for channel [id: 0x2f93477f, L:/127.0.0.1:58343 - R:localhost/127.0.0.1:51144]
11:33:27.636 [Forwarding isElementEnabled on session 9991924916c39a005f1584c98ed19dad to remote] DEBUG org.asynchttpclient.netty.request.NettyRequestSender - Using pooled Channel '[id: 0x2f93477f, L:/127.0.0.1:58343 - R:localhost/127.0.0.1:51144]' for 'GET' to 'http://localhost:51144/session/9991924916c39a005f1584c98ed19dad/element/95090795-6b2f-4276-adc5-d7010b1feb90/enabled'
11:33:27.636 [Forwarding isElementEnabled on session 9991924916c39a005f1584c98ed19dad to remote] DEBUG org.asynchttpclient.netty.request.NettyRequestSender - Using open Channel [id: 0x2f93477f, L:/127.0.0.1:58343 - R:localhost/127.0.0.1:51144] for GET '/session/9991924916c39a005f1584c98ed19dad/element/95090795-6b2f-4276-adc5-d7010b1feb90/enabled'
11:33:27.646 [AsyncHttpClient-1-5] DEBUG org.asynchttpclient.netty.handler.HttpHandler - 

Request DefaultFullHttpRequest(decodeResult: success, version: HTTP/1.1, content: EmptyByteBufBE)
GET /session/9991924916c39a005f1584c98ed19dad/element/95090795-6b2f-4276-adc5-d7010b1feb90/enabled HTTP/1.1
User-Agent: selenium/4.1.2 (java windows)
Cache-Control: no-cache
Content-Type: application/json; charset=utf-8
host: localhost:51144
accept: */*

Response DefaultHttpResponse(decodeResult: success, version: HTTP/1.1)
HTTP/1.1 200 OK
Content-Type: application/json; charset=utf-8
cache-control: no-cache
content-length: 14

11:33:27.646 [AsyncHttpClient-1-5] DEBUG org.asynchttpclient.netty.channel.ChannelManager - Adding key: http://localhost:51144 for channel [id: 0x2f93477f, L:/127.0.0.1:58343 - R:localhost/127.0.0.1:51144]
11:33:27.648 [Forwarding isElementEnabled on session 9991924916c39a005f1584c98ed19dad to remote] DEBUG org.asynchttpclient.netty.request.NettyRequestSender - Using pooled Channel '[id: 0x2f93477f, L:/127.0.0.1:58343 - R:localhost/127.0.0.1:51144]' for 'GET' to 'http://localhost:51144/session/9991924916c39a005f1584c98ed19dad/element/95090795-6b2f-4276-adc5-d7010b1feb90/enabled'
11:33:27.648 [Forwarding isElementEnabled on session 9991924916c39a005f1584c98ed19dad to remote] DEBUG org.asynchttpclient.netty.request.NettyRequestSender - Using open Channel [id: 0x2f93477f, L:/127.0.0.1:58343 - R:localhost/127.0.0.1:51144] for GET '/session/9991924916c39a005f1584c98ed19dad/element/95090795-6b2f-4276-adc5-d7010b1feb90/enabled'
11:33:27.657 [AsyncHttpClient-1-5] DEBUG org.asynchttpclient.netty.handler.HttpHandler - 

Request DefaultFullHttpRequest(decodeResult: success, version: HTTP/1.1, content: EmptyByteBufBE)
GET /session/9991924916c39a005f1584c98ed19dad/element/95090795-6b2f-4276-adc5-d7010b1feb90/enabled HTTP/1.1
User-Agent: selenium/4.1.2 (java windows)
Cache-Control: no-cache
Content-Type: application/json; charset=utf-8
host: localhost:51144
accept: */*

Response DefaultHttpResponse(decodeResult: success, version: HTTP/1.1)
HTTP/1.1 200 OK
Content-Type: application/json; charset=utf-8
cache-control: no-cache
content-length: 14

11:33:27.657 [AsyncHttpClient-1-5] DEBUG org.asynchttpclient.netty.channel.ChannelManager - Adding key: http://localhost:51144 for channel [id: 0x2f93477f, L:/127.0.0.1:58343 - R:localhost/127.0.0.1:51144]
11:33:27.660 [Forwarding findElement on session 9991924916c39a005f1584c98ed19dad to remote] DEBUG org.asynchttpclient.netty.request.NettyRequestSender - Using pooled Channel '[id: 0x2f93477f, L:/127.0.0.1:58343 - R:localhost/127.0.0.1:51144]' for 'POST' to 'http://localhost:51144/session/9991924916c39a005f1584c98ed19dad/element'
11:33:27.660 [Forwarding findElement on session 9991924916c39a005f1584c98ed19dad to remote] DEBUG org.asynchttpclient.netty.request.NettyRequestSender - Using open Channel [id: 0x2f93477f, L:/127.0.0.1:58343 - R:localhost/127.0.0.1:51144] for POST '/session/9991924916c39a005f1584c98ed19dad/element'
11:33:27.669 [AsyncHttpClient-1-5] DEBUG org.asynchttpclient.netty.handler.HttpHandler - 

Request DefaultHttpRequest(decodeResult: success, version: HTTP/1.1)
POST /session/9991924916c39a005f1584c98ed19dad/element HTTP/1.1
User-Agent: selenium/4.1.2 (java windows)
Content-Length: 68
Content-Type: application/json; charset=utf-8
host: localhost:51144
accept: */*

Response DefaultHttpResponse(decodeResult: success, version: HTTP/1.1)
HTTP/1.1 200 OK
Content-Type: application/json; charset=utf-8
cache-control: no-cache
content-length: 88

11:33:27.669 [AsyncHttpClient-1-5] DEBUG org.asynchttpclient.netty.channel.ChannelManager - Adding key: http://localhost:51144 for channel [id: 0x2f93477f, L:/127.0.0.1:58343 - R:localhost/127.0.0.1:51144]
11:33:27.673 [Forwarding clickElement on session 9991924916c39a005f1584c98ed19dad to remote] DEBUG org.asynchttpclient.netty.request.NettyRequestSender - Using pooled Channel '[id: 0x2f93477f, L:/127.0.0.1:58343 - R:localhost/127.0.0.1:51144]' for 'POST' to 'http://localhost:51144/session/9991924916c39a005f1584c98ed19dad/element/95090795-6b2f-4276-adc5-d7010b1feb90/click'
11:33:27.673 [Forwarding clickElement on session 9991924916c39a005f1584c98ed19dad to remote] DEBUG org.asynchttpclient.netty.request.NettyRequestSender - Using open Channel [id: 0x2f93477f, L:/127.0.0.1:58343 - R:localhost/127.0.0.1:51144] for POST '/session/9991924916c39a005f1584c98ed19dad/element/95090795-6b2f-4276-adc5-d7010b1feb90/click'
11:33:27.741 [AsyncHttpClient-1-5] DEBUG org.asynchttpclient.netty.handler.HttpHandler - 

Request DefaultHttpRequest(decodeResult: success, version: HTTP/1.1)
POST /session/9991924916c39a005f1584c98ed19dad/element/95090795-6b2f-4276-adc5-d7010b1feb90/click HTTP/1.1
User-Agent: selenium/4.1.2 (java windows)
Content-Length: 50
Content-Type: application/json; charset=utf-8
host: localhost:51144
accept: */*

Response DefaultHttpResponse(decodeResult: success, version: HTTP/1.1)
HTTP/1.1 200 OK
Content-Type: application/json; charset=utf-8
cache-control: no-cache
content-length: 14

11:33:27.742 [AsyncHttpClient-1-5] DEBUG org.asynchttpclient.netty.channel.ChannelManager - Adding key: http://localhost:51144 for channel [id: 0x2f93477f, L:/127.0.0.1:58343 - R:localhost/127.0.0.1:51144]
11:33:27.762 [Forwarding screenshot on session 9991924916c39a005f1584c98ed19dad to remote] DEBUG org.asynchttpclient.netty.request.NettyRequestSender - Using pooled Channel '[id: 0x2f93477f, L:/127.0.0.1:58343 - R:localhost/127.0.0.1:51144]' for 'GET' to 'http://localhost:51144/session/9991924916c39a005f1584c98ed19dad/screenshot'
11:33:27.763 [Forwarding screenshot on session 9991924916c39a005f1584c98ed19dad to remote] DEBUG org.asynchttpclient.netty.request.NettyRequestSender - Using open Channel [id: 0x2f93477f, L:/127.0.0.1:58343 - R:localhost/127.0.0.1:51144] for GET '/session/9991924916c39a005f1584c98ed19dad/screenshot'
11:33:27.900 [AsyncHttpClient-1-1] DEBUG org.asynchttpclient.netty.channel.DefaultChannelPool - Entry count for : http://localhost:58344 : 1
11:33:27.929 [AsyncHttpClient-1-5] DEBUG org.asynchttpclient.netty.handler.HttpHandler - 

Request DefaultFullHttpRequest(decodeResult: success, version: HTTP/1.1, content: EmptyByteBufBE)
GET /session/9991924916c39a005f1584c98ed19dad/screenshot HTTP/1.1
User-Agent: selenium/4.1.2 (java windows)
Cache-Control: no-cache
Content-Type: application/json; charset=utf-8
host: localhost:51144
accept: */*

Response DefaultHttpResponse(decodeResult: success, version: HTTP/1.1)
HTTP/1.1 200 OK
Content-Type: application/json; charset=utf-8
cache-control: no-cache
content-length: 164072

11:33:27.930 [AsyncHttpClient-1-5] DEBUG org.asynchttpclient.netty.channel.ChannelManager - Adding key: http://localhost:51144 for channel [id: 0x2f93477f, L:/127.0.0.1:58343 - R:localhost/127.0.0.1:51144]
11:33:27.937 [main] DEBUG net.serenitybdd.core.photography.Darkroom - Send negative for processing for target\site\serenity\119913138e6ef0fe7ef78ea3c2d7a82a325eb1d676e2796d731725e50749aa94.png
11:33:27.938 [main] DEBUG net.thucydides.core.steps.StepInterceptor - STEP DONE: clickLoginButtonOnBookstore
11:33:27.938 [Darkroom Processing Line] DEBUG net.serenitybdd.core.photography.DarkroomProcessingLine - Processing screenshot image in /var/screenshots/screenshot-2835517906373544523
11:33:27.938 [Darkroom Processing Line] DEBUG net.serenitybdd.core.photography.DarkroomProcessingLine - Saving screenshot to target\site\serenity\119913138e6ef0fe7ef78ea3c2d7a82a325eb1d676e2796d731725e50749aa94.png
  &amp#27;[32mAnd &amp#27;[0m&amp#27;[32mi click login button in bookstore page&amp#27;[0m   &amp#27;[90m# starter.stepdefenitions.LoginSteps.clickLoginButtonInBookstore()&amp#27;[0m
11:33:27.953 [main] DEBUG net.thucydides.core.steps.StepInterceptor - STARTING STEP: LoginSteps.onLoginPage - validationOnLoginPage
11:33:27.955 [Forwarding findElement on session 9991924916c39a005f1584c98ed19dad to remote] DEBUG org.asynchttpclient.netty.request.NettyRequestSender - Using pooled Channel '[id: 0x2f93477f, L:/127.0.0.1:58343 - R:localhost/127.0.0.1:51144]' for 'POST' to 'http://localhost:51144/session/9991924916c39a005f1584c98ed19dad/element'
11:33:27.955 [Forwarding findElement on session 9991924916c39a005f1584c98ed19dad to remote] DEBUG org.asynchttpclient.netty.request.NettyRequestSender - Using open Channel [id: 0x2f93477f, L:/127.0.0.1:58343 - R:localhost/127.0.0.1:51144] for POST '/session/9991924916c39a005f1584c98ed19dad/element'
11:33:27.968 [AsyncHttpClient-1-5] DEBUG org.asynchttpclient.netty.handler.HttpHandler - 

Request DefaultHttpRequest(decodeResult: success, version: HTTP/1.1)
POST /session/9991924916c39a005f1584c98ed19dad/element HTTP/1.1
User-Agent: selenium/4.1.2 (java windows)
Content-Length: 53
Content-Type: application/json; charset=utf-8
host: localhost:51144
accept: */*

Response DefaultHttpResponse(decodeResult: success, version: HTTP/1.1)
HTTP/1.1 200 OK
Content-Type: application/json; charset=utf-8
cache-control: no-cache
content-length: 88

11:33:27.968 [AsyncHttpClient-1-5] DEBUG org.asynchttpclient.netty.channel.ChannelManager - Adding key: http://localhost:51144 for channel [id: 0x2f93477f, L:/127.0.0.1:58343 - R:localhost/127.0.0.1:51144]
11:33:27.972 [Forwarding isElementDisplayed on session 9991924916c39a005f1584c98ed19dad to remote] DEBUG org.asynchttpclient.netty.request.NettyRequestSender - Using pooled Channel '[id: 0x2f93477f, L:/127.0.0.1:58343 - R:localhost/127.0.0.1:51144]' for 'POST' to 'http://localhost:51144/session/9991924916c39a005f1584c98ed19dad/execute/sync'
11:33:27.972 [Forwarding isElementDisplayed on session 9991924916c39a005f1584c98ed19dad to remote] DEBUG org.asynchttpclient.netty.request.NettyRequestSender - Using open Channel [id: 0x2f93477f, L:/127.0.0.1:58343 - R:localhost/127.0.0.1:51144] for POST '/session/9991924916c39a005f1584c98ed19dad/execute/sync'
11:33:27.988 [AsyncHttpClient-1-5] DEBUG org.asynchttpclient.netty.handler.HttpHandler - 

Request DefaultHttpRequest(decodeResult: success, version: HTTP/1.1)
POST /session/9991924916c39a005f1584c98ed19dad/execute/sync HTTP/1.1
User-Agent: selenium/4.1.2 (java windows)
Content-Length: 48780
Content-Type: application/json; charset=utf-8
host: localhost:51144
accept: */*

Response DefaultHttpResponse(decodeResult: success, version: HTTP/1.1)
HTTP/1.1 200 OK
Content-Type: application/json; charset=utf-8
cache-control: no-cache
content-length: 14

11:33:27.989 [AsyncHttpClient-1-5] DEBUG org.asynchttpclient.netty.channel.ChannelManager - Adding key: http://localhost:51144 for channel [id: 0x2f93477f, L:/127.0.0.1:58343 - R:localhost/127.0.0.1:51144]
11:33:27.994 [Forwarding screenshot on session 9991924916c39a005f1584c98ed19dad to remote] DEBUG org.asynchttpclient.netty.request.NettyRequestSender - Using pooled Channel '[id: 0x2f93477f, L:/127.0.0.1:58343 - R:localhost/127.0.0.1:51144]' for 'GET' to 'http://localhost:51144/session/9991924916c39a005f1584c98ed19dad/screenshot'
11:33:27.994 [Forwarding screenshot on session 9991924916c39a005f1584c98ed19dad to remote] DEBUG org.asynchttpclient.netty.request.NettyRequestSender - Using open Channel [id: 0x2f93477f, L:/127.0.0.1:58343 - R:localhost/127.0.0.1:51144] for GET '/session/9991924916c39a005f1584c98ed19dad/screenshot'
11:33:28.164 [AsyncHttpClient-1-5] DEBUG org.asynchttpclient.netty.handler.HttpHandler - 

Request DefaultFullHttpRequest(decodeResult: success, version: HTTP/1.1, content: EmptyByteBufBE)
GET /session/9991924916c39a005f1584c98ed19dad/screenshot HTTP/1.1
User-Agent: selenium/4.1.2 (java windows)
Cache-Control: no-cache
Content-Type: application/json; charset=utf-8
host: localhost:51144
accept: */*

Response DefaultHttpResponse(decodeResult: success, version: HTTP/1.1)
HTTP/1.1 200 OK
Content-Type: application/json; charset=utf-8
cache-control: no-cache
content-length: 164072

11:33:28.165 [AsyncHttpClient-1-5] DEBUG org.asynchttpclient.netty.channel.ChannelManager - Adding key: http://localhost:51144 for channel [id: 0x2f93477f, L:/127.0.0.1:58343 - R:localhost/127.0.0.1:51144]
11:33:28.173 [main] DEBUG net.serenitybdd.core.photography.Darkroom - Send negative for processing for target\site\serenity\119913138e6ef0fe7ef78ea3c2d7a82a325eb1d676e2796d731725e50749aa94.png
11:33:28.173 [main] DEBUG net.thucydides.core.steps.StepInterceptor - STEP DONE: validationOnLoginPage
  &amp#27;[32mGiven &amp#27;[0m&amp#27;[32mi am on the login page&amp#27;[0m                 &amp#27;[90m# starter.stepdefenitions.LoginSteps.onLoginPage()&amp#27;[0m
11:33:28.189 [main] DEBUG net.thucydides.core.steps.StepInterceptor - STARTING STEP: LoginSteps.inputValidUsername - inputUsername
11:33:28.192 [Forwarding findElement on session 9991924916c39a005f1584c98ed19dad to remote] DEBUG org.asynchttpclient.netty.request.NettyRequestSender - Using pooled Channel '[id: 0x2f93477f, L:/127.0.0.1:58343 - R:localhost/127.0.0.1:51144]' for 'POST' to 'http://localhost:51144/session/9991924916c39a005f1584c98ed19dad/element'
11:33:28.193 [Forwarding findElement on session 9991924916c39a005f1584c98ed19dad to remote] DEBUG org.asynchttpclient.netty.request.NettyRequestSender - Using open Channel [id: 0x2f93477f, L:/127.0.0.1:58343 - R:localhost/127.0.0.1:51144] for POST '/session/9991924916c39a005f1584c98ed19dad/element'
11:33:28.207 [AsyncHttpClient-1-5] DEBUG org.asynchttpclient.netty.handler.HttpHandler - 

Request DefaultHttpRequest(decodeResult: success, version: HTTP/1.1)
POST /session/9991924916c39a005f1584c98ed19dad/element HTTP/1.1
User-Agent: selenium/4.1.2 (java windows)
Content-Length: 70
Content-Type: application/json; charset=utf-8
host: localhost:51144
accept: */*

Response DefaultHttpResponse(decodeResult: success, version: HTTP/1.1)
HTTP/1.1 200 OK
Content-Type: application/json; charset=utf-8
cache-control: no-cache
content-length: 88

11:33:28.208 [AsyncHttpClient-1-5] DEBUG org.asynchttpclient.netty.channel.ChannelManager - Adding key: http://localhost:51144 for channel [id: 0x2f93477f, L:/127.0.0.1:58343 - R:localhost/127.0.0.1:51144]
11:33:28.210 [Forwarding clearElement on session 9991924916c39a005f1584c98ed19dad to remote] DEBUG org.asynchttpclient.netty.request.NettyRequestSender - Using pooled Channel '[id: 0x2f93477f, L:/127.0.0.1:58343 - R:localhost/127.0.0.1:51144]' for 'POST' to 'http://localhost:51144/session/9991924916c39a005f1584c98ed19dad/element/2de1fc56-ff80-4f66-93b2-c3e40cf4b280/clear'
11:33:28.210 [Forwarding clearElement on session 9991924916c39a005f1584c98ed19dad to remote] DEBUG org.asynchttpclient.netty.request.NettyRequestSender - Using open Channel [id: 0x2f93477f, L:/127.0.0.1:58343 - R:localhost/127.0.0.1:51144] for POST '/session/9991924916c39a005f1584c98ed19dad/element/2de1fc56-ff80-4f66-93b2-c3e40cf4b280/clear'
11:33:28.250 [AsyncHttpClient-1-5] DEBUG org.asynchttpclient.netty.handler.HttpHandler - 

Request DefaultHttpRequest(decodeResult: success, version: HTTP/1.1)
POST /session/9991924916c39a005f1584c98ed19dad/element/2de1fc56-ff80-4f66-93b2-c3e40cf4b280/clear HTTP/1.1
User-Agent: selenium/4.1.2 (java windows)
Content-Length: 50
Content-Type: application/json; charset=utf-8
host: localhost:51144
accept: */*

Response DefaultHttpResponse(decodeResult: success, version: HTTP/1.1)
HTTP/1.1 200 OK
Content-Type: application/json; charset=utf-8
cache-control: no-cache
content-length: 14

11:33:28.250 [AsyncHttpClient-1-5] DEBUG org.asynchttpclient.netty.channel.ChannelManager - Adding key: http://localhost:51144 for channel [id: 0x2f93477f, L:/127.0.0.1:58343 - R:localhost/127.0.0.1:51144]
11:33:28.253 [Forwarding sendKeysToElement on session 9991924916c39a005f1584c98ed19dad to remote] DEBUG org.asynchttpclient.netty.request.NettyRequestSender - Using pooled Channel '[id: 0x2f93477f, L:/127.0.0.1:58343 - R:localhost/127.0.0.1:51144]' for 'POST' to 'http://localhost:51144/session/9991924916c39a005f1584c98ed19dad/element/2de1fc56-ff80-4f66-93b2-c3e40cf4b280/value'
11:33:28.253 [Forwarding sendKeysToElement on session 9991924916c39a005f1584c98ed19dad to remote] DEBUG org.asynchttpclient.netty.request.NettyRequestSender - Using open Channel [id: 0x2f93477f, L:/127.0.0.1:58343 - R:localhost/127.0.0.1:51144] for POST '/session/9991924916c39a005f1584c98ed19dad/element/2de1fc56-ff80-4f66-93b2-c3e40cf4b280/value'
11:33:28.475 [AsyncHttpClient-1-5] DEBUG org.asynchttpclient.netty.handler.HttpHandler - 

Request DefaultHttpRequest(decodeResult: success, version: HTTP/1.1)
POST /session/9991924916c39a005f1584c98ed19dad/element/2de1fc56-ff80-4f66-93b2-c3e40cf4b280/value HTTP/1.1
User-Agent: selenium/4.1.2 (java windows)
Content-Length: 141
Content-Type: application/json; charset=utf-8
host: localhost:51144
accept: */*

Response DefaultHttpResponse(decodeResult: success, version: HTTP/1.1)
HTTP/1.1 200 OK
Content-Type: application/json; charset=utf-8
cache-control: no-cache
content-length: 14

11:33:28.475 [AsyncHttpClient-1-5] DEBUG org.asynchttpclient.netty.channel.ChannelManager - Adding key: http://localhost:51144 for channel [id: 0x2f93477f, L:/127.0.0.1:58343 - R:localhost/127.0.0.1:51144]
11:33:28.485 [Forwarding screenshot on session 9991924916c39a005f1584c98ed19dad to remote] DEBUG org.asynchttpclient.netty.request.NettyRequestSender - Using pooled Channel '[id: 0x2f93477f, L:/127.0.0.1:58343 - R:localhost/127.0.0.1:51144]' for 'GET' to 'http://localhost:51144/session/9991924916c39a005f1584c98ed19dad/screenshot'
11:33:28.486 [Forwarding screenshot on session 9991924916c39a005f1584c98ed19dad to remote] DEBUG org.asynchttpclient.netty.request.NettyRequestSender - Using open Channel [id: 0x2f93477f, L:/127.0.0.1:58343 - R:localhost/127.0.0.1:51144] for GET '/session/9991924916c39a005f1584c98ed19dad/screenshot'
11:33:28.701 [AsyncHttpClient-1-5] DEBUG org.asynchttpclient.netty.handler.HttpHandler - 

Request DefaultFullHttpRequest(decodeResult: success, version: HTTP/1.1, content: EmptyByteBufBE)
GET /session/9991924916c39a005f1584c98ed19dad/screenshot HTTP/1.1
User-Agent: selenium/4.1.2 (java windows)
Cache-Control: no-cache
Content-Type: application/json; charset=utf-8
host: localhost:51144
accept: */*

Response DefaultHttpResponse(decodeResult: success, version: HTTP/1.1)
HTTP/1.1 200 OK
Content-Type: application/json; charset=utf-8
cache-control: no-cache
content-length: 164392

11:33:28.703 [AsyncHttpClient-1-5] DEBUG org.asynchttpclient.netty.channel.ChannelManager - Adding key: http://localhost:51144 for channel [id: 0x2f93477f, L:/127.0.0.1:58343 - R:localhost/127.0.0.1:51144]
11:33:28.710 [main] DEBUG net.serenitybdd.core.photography.Darkroom - Send negative for processing for target\site\serenity\24b21fa603f81564db74ef8408f43d1473fc0e98efdf526ffc332e8ad3257887.png
11:33:28.711 [main] DEBUG net.thucydides.core.steps.StepInterceptor - STEP DONE: inputUsername
11:33:28.711 [Darkroom Processing Line] DEBUG net.serenitybdd.core.photography.DarkroomProcessingLine - Processing screenshot image in /var/screenshots/screenshot-7775079092273969697
11:33:28.711 [Darkroom Processing Line] DEBUG net.serenitybdd.core.photography.DarkroomProcessingLine - Saving screenshot to target\site\serenity\24b21fa603f81564db74ef8408f43d1473fc0e98efdf526ffc332e8ad3257887.png
  &amp#27;[32mWhen &amp#27;[0m&amp#27;[32mi input valid username&amp#27;[0m                  &amp#27;[90m# starter.stepdefenitions.LoginSteps.inputValidUsername()&amp#27;[0m
11:33:28.735 [main] DEBUG net.thucydides.core.steps.StepInterceptor - STARTING STEP: LoginSteps.inputInvalidPassword - inputInvalidPassword
11:33:28.738 [Forwarding findElement on session 9991924916c39a005f1584c98ed19dad to remote] DEBUG org.asynchttpclient.netty.request.NettyRequestSender - Using pooled Channel '[id: 0x2f93477f, L:/127.0.0.1:58343 - R:localhost/127.0.0.1:51144]' for 'POST' to 'http://localhost:51144/session/9991924916c39a005f1584c98ed19dad/element'
11:33:28.738 [Forwarding findElement on session 9991924916c39a005f1584c98ed19dad to remote] DEBUG org.asynchttpclient.netty.request.NettyRequestSender - Using open Channel [id: 0x2f93477f, L:/127.0.0.1:58343 - R:localhost/127.0.0.1:51144] for POST '/session/9991924916c39a005f1584c98ed19dad/element'
11:33:28.751 [AsyncHttpClient-1-5] DEBUG org.asynchttpclient.netty.handler.HttpHandler - 

Request DefaultHttpRequest(decodeResult: success, version: HTTP/1.1)
POST /session/9991924916c39a005f1584c98ed19dad/element HTTP/1.1
User-Agent: selenium/4.1.2 (java windows)
Content-Length: 70
Content-Type: application/json; charset=utf-8
host: localhost:51144
accept: */*

Response DefaultHttpResponse(decodeResult: success, version: HTTP/1.1)
HTTP/1.1 200 OK
Content-Type: application/json; charset=utf-8
cache-control: no-cache
content-length: 88

11:33:28.752 [AsyncHttpClient-1-5] DEBUG org.asynchttpclient.netty.channel.ChannelManager - Adding key: http://localhost:51144 for channel [id: 0x2f93477f, L:/127.0.0.1:58343 - R:localhost/127.0.0.1:51144]
11:33:28.753 [Forwarding clearElement on session 9991924916c39a005f1584c98ed19dad to remote] DEBUG org.asynchttpclient.netty.request.NettyRequestSender - Using pooled Channel '[id: 0x2f93477f, L:/127.0.0.1:58343 - R:localhost/127.0.0.1:51144]' for 'POST' to 'http://localhost:51144/session/9991924916c39a005f1584c98ed19dad/element/ba8f69fb-3c72-49cc-865e-726e5960ee02/clear'
11:33:28.754 [Forwarding clearElement on session 9991924916c39a005f1584c98ed19dad to remote] DEBUG org.asynchttpclient.netty.request.NettyRequestSender - Using open Channel [id: 0x2f93477f, L:/127.0.0.1:58343 - R:localhost/127.0.0.1:51144] for POST '/session/9991924916c39a005f1584c98ed19dad/element/ba8f69fb-3c72-49cc-865e-726e5960ee02/clear'
11:33:28.792 [AsyncHttpClient-1-5] DEBUG org.asynchttpclient.netty.handler.HttpHandler - 

Request DefaultHttpRequest(decodeResult: success, version: HTTP/1.1)
POST /session/9991924916c39a005f1584c98ed19dad/element/ba8f69fb-3c72-49cc-865e-726e5960ee02/clear HTTP/1.1
User-Agent: selenium/4.1.2 (java windows)
Content-Length: 50
Content-Type: application/json; charset=utf-8
host: localhost:51144
accept: */*

Response DefaultHttpResponse(decodeResult: success, version: HTTP/1.1)
HTTP/1.1 200 OK
Content-Type: application/json; charset=utf-8
cache-control: no-cache
content-length: 14

11:33:28.792 [AsyncHttpClient-1-5] DEBUG org.asynchttpclient.netty.channel.ChannelManager - Adding key: http://localhost:51144 for channel [id: 0x2f93477f, L:/127.0.0.1:58343 - R:localhost/127.0.0.1:51144]
11:33:28.796 [Forwarding sendKeysToElement on session 9991924916c39a005f1584c98ed19dad to remote] DEBUG org.asynchttpclient.netty.request.NettyRequestSender - Using pooled Channel '[id: 0x2f93477f, L:/127.0.0.1:58343 - R:localhost/127.0.0.1:51144]' for 'POST' to 'http://localhost:51144/session/9991924916c39a005f1584c98ed19dad/element/ba8f69fb-3c72-49cc-865e-726e5960ee02/value'
11:33:28.796 [Forwarding sendKeysToElement on session 9991924916c39a005f1584c98ed19dad to remote] DEBUG org.asynchttpclient.netty.request.NettyRequestSender - Using open Channel [id: 0x2f93477f, L:/127.0.0.1:58343 - R:localhost/127.0.0.1:51144] for POST '/session/9991924916c39a005f1584c98ed19dad/element/ba8f69fb-3c72-49cc-865e-726e5960ee02/value'
11:33:28.891 [AsyncHttpClient-1-5] DEBUG org.asynchttpclient.netty.handler.HttpHandler - 

Request DefaultHttpRequest(decodeResult: success, version: HTTP/1.1)
POST /session/9991924916c39a005f1584c98ed19dad/element/ba8f69fb-3c72-49cc-865e-726e5960ee02/value HTTP/1.1
User-Agent: selenium/4.1.2 (java windows)
Content-Length: 191
Content-Type: application/json; charset=utf-8
host: localhost:51144
accept: */*

Response DefaultHttpResponse(decodeResult: success, version: HTTP/1.1)
HTTP/1.1 200 OK
Content-Type: application/json; charset=utf-8
cache-control: no-cache
content-length: 14

11:33:28.891 [AsyncHttpClient-1-5] DEBUG org.asynchttpclient.netty.channel.ChannelManager - Adding key: http://localhost:51144 for channel [id: 0x2f93477f, L:/127.0.0.1:58343 - R:localhost/127.0.0.1:51144]
11:33:28.904 [Forwarding screenshot on session 9991924916c39a005f1584c98ed19dad to remote] DEBUG org.asynchttpclient.netty.request.NettyRequestSender - Using pooled Channel '[id: 0x2f93477f, L:/127.0.0.1:58343 - R:localhost/127.0.0.1:51144]' for 'GET' to 'http://localhost:51144/session/9991924916c39a005f1584c98ed19dad/screenshot'
11:33:28.905 [Forwarding screenshot on session 9991924916c39a005f1584c98ed19dad to remote] DEBUG org.asynchttpclient.netty.request.NettyRequestSender - Using open Channel [id: 0x2f93477f, L:/127.0.0.1:58343 - R:localhost/127.0.0.1:51144] for GET '/session/9991924916c39a005f1584c98ed19dad/screenshot'
11:33:29.003 [AsyncHttpClient-1-1] DEBUG org.asynchttpclient.netty.channel.DefaultChannelPool - Entry count for : http://localhost:58344 : 1
11:33:29.107 [AsyncHttpClient-1-5] DEBUG org.asynchttpclient.netty.handler.HttpHandler - 

Request DefaultFullHttpRequest(decodeResult: success, version: HTTP/1.1, content: EmptyByteBufBE)
GET /session/9991924916c39a005f1584c98ed19dad/screenshot HTTP/1.1
User-Agent: selenium/4.1.2 (java windows)
Cache-Control: no-cache
Content-Type: application/json; charset=utf-8
host: localhost:51144
accept: */*

Response DefaultHttpResponse(decodeResult: success, version: HTTP/1.1)
HTTP/1.1 200 OK
Content-Type: application/json; charset=utf-8
cache-control: no-cache
content-length: 163356

11:33:29.108 [AsyncHttpClient-1-5] DEBUG org.asynchttpclient.netty.channel.ChannelManager - Adding key: http://localhost:51144 for channel [id: 0x2f93477f, L:/127.0.0.1:58343 - R:localhost/127.0.0.1:51144]
11:33:29.118 [main] DEBUG net.serenitybdd.core.photography.Darkroom - Send negative for processing for target\site\serenity\9b28ff09f7cf2691b6b0499e3b1dc11559a9379d3181f027b3a27bda9b489ce4.png
11:33:29.119 [main] DEBUG net.thucydides.core.steps.StepInterceptor - STEP DONE: inputInvalidPassword
11:33:29.119 [Darkroom Processing Line] DEBUG net.serenitybdd.core.photography.DarkroomProcessingLine - Processing screenshot image in /var/screenshots/screenshot-4675109047591363666
  &amp#27;[32mAnd &amp#27;[0m&amp#27;[32mi input invalid password&amp#27;[0m                 &amp#27;[90m# starter.stepdefenitions.LoginSteps.inputInvalidPassword()&amp#27;[0m
11:33:29.119 [Darkroom Processing Line] DEBUG net.serenitybdd.core.photography.DarkroomProcessingLine - Saving screenshot to target\site\serenity\9b28ff09f7cf2691b6b0499e3b1dc11559a9379d3181f027b3a27bda9b489ce4.png
11:33:29.133 [main] DEBUG net.thucydides.core.steps.StepInterceptor - STARTING STEP: LoginSteps.clickLoginButton - clickLoginButton
11:33:29.137 [Forwarding findElement on session 9991924916c39a005f1584c98ed19dad to remote] DEBUG org.asynchttpclient.netty.request.NettyRequestSender - Using pooled Channel '[id: 0x2f93477f, L:/127.0.0.1:58343 - R:localhost/127.0.0.1:51144]' for 'POST' to 'http://localhost:51144/session/9991924916c39a005f1584c98ed19dad/element'
11:33:29.137 [Forwarding findElement on session 9991924916c39a005f1584c98ed19dad to remote] DEBUG org.asynchttpclient.netty.request.NettyRequestSender - Using open Channel [id: 0x2f93477f, L:/127.0.0.1:58343 - R:localhost/127.0.0.1:51144] for POST '/session/9991924916c39a005f1584c98ed19dad/element'
11:33:29.150 [AsyncHttpClient-1-5] DEBUG org.asynchttpclient.netty.handler.HttpHandler - 

Request DefaultHttpRequest(decodeResult: success, version: HTTP/1.1)
POST /session/9991924916c39a005f1584c98ed19dad/element HTTP/1.1
User-Agent: selenium/4.1.2 (java windows)
Content-Length: 50
Content-Type: application/json; charset=utf-8
host: localhost:51144
accept: */*

Response DefaultHttpResponse(decodeResult: success, version: HTTP/1.1)
HTTP/1.1 200 OK
Content-Type: application/json; charset=utf-8
cache-control: no-cache
content-length: 88

11:33:29.150 [AsyncHttpClient-1-5] DEBUG org.asynchttpclient.netty.channel.ChannelManager - Adding key: http://localhost:51144 for channel [id: 0x2f93477f, L:/127.0.0.1:58343 - R:localhost/127.0.0.1:51144]
11:33:29.152 [Forwarding getElementTagName on session 9991924916c39a005f1584c98ed19dad to remote] DEBUG org.asynchttpclient.netty.request.NettyRequestSender - Using pooled Channel '[id: 0x2f93477f, L:/127.0.0.1:58343 - R:localhost/127.0.0.1:51144]' for 'GET' to 'http://localhost:51144/session/9991924916c39a005f1584c98ed19dad/element/b2abcaae-6783-47cb-b8c2-8b5349bcd4ba/name'
11:33:29.152 [Forwarding getElementTagName on session 9991924916c39a005f1584c98ed19dad to remote] DEBUG org.asynchttpclient.netty.request.NettyRequestSender - Using open Channel [id: 0x2f93477f, L:/127.0.0.1:58343 - R:localhost/127.0.0.1:51144] for GET '/session/9991924916c39a005f1584c98ed19dad/element/b2abcaae-6783-47cb-b8c2-8b5349bcd4ba/name'
11:33:29.157 [AsyncHttpClient-1-5] DEBUG org.asynchttpclient.netty.handler.HttpHandler - 

Request DefaultFullHttpRequest(decodeResult: success, version: HTTP/1.1, content: EmptyByteBufBE)
GET /session/9991924916c39a005f1584c98ed19dad/element/b2abcaae-6783-47cb-b8c2-8b5349bcd4ba/name HTTP/1.1
User-Agent: selenium/4.1.2 (java windows)
Cache-Control: no-cache
Content-Type: application/json; charset=utf-8
host: localhost:51144
accept: */*

Response DefaultHttpResponse(decodeResult: success, version: HTTP/1.1)
HTTP/1.1 200 OK
Content-Type: application/json; charset=utf-8
cache-control: no-cache
content-length: 18

11:33:29.157 [AsyncHttpClient-1-5] DEBUG org.asynchttpclient.netty.channel.ChannelManager - Adding key: http://localhost:51144 for channel [id: 0x2f93477f, L:/127.0.0.1:58343 - R:localhost/127.0.0.1:51144]
11:33:29.159 [Forwarding getElementTagName on session 9991924916c39a005f1584c98ed19dad to remote] DEBUG org.asynchttpclient.netty.request.NettyRequestSender - Using pooled Channel '[id: 0x2f93477f, L:/127.0.0.1:58343 - R:localhost/127.0.0.1:51144]' for 'GET' to 'http://localhost:51144/session/9991924916c39a005f1584c98ed19dad/element/b2abcaae-6783-47cb-b8c2-8b5349bcd4ba/name'
11:33:29.159 [Forwarding getElementTagName on session 9991924916c39a005f1584c98ed19dad to remote] DEBUG org.asynchttpclient.netty.request.NettyRequestSender - Using open Channel [id: 0x2f93477f, L:/127.0.0.1:58343 - R:localhost/127.0.0.1:51144] for GET '/session/9991924916c39a005f1584c98ed19dad/element/b2abcaae-6783-47cb-b8c2-8b5349bcd4ba/name'
11:33:29.162 [AsyncHttpClient-1-5] DEBUG org.asynchttpclient.netty.handler.HttpHandler - 

Request DefaultFullHttpRequest(decodeResult: success, version: HTTP/1.1, content: EmptyByteBufBE)
GET /session/9991924916c39a005f1584c98ed19dad/element/b2abcaae-6783-47cb-b8c2-8b5349bcd4ba/name HTTP/1.1
User-Agent: selenium/4.1.2 (java windows)
Cache-Control: no-cache
Content-Type: application/json; charset=utf-8
host: localhost:51144
accept: */*

Response DefaultHttpResponse(decodeResult: success, version: HTTP/1.1)
HTTP/1.1 200 OK
Content-Type: application/json; charset=utf-8
cache-control: no-cache
content-length: 18

11:33:29.163 [AsyncHttpClient-1-5] DEBUG org.asynchttpclient.netty.channel.ChannelManager - Adding key: http://localhost:51144 for channel [id: 0x2f93477f, L:/127.0.0.1:58343 - R:localhost/127.0.0.1:51144]
11:33:29.165 [Forwarding isElementEnabled on session 9991924916c39a005f1584c98ed19dad to remote] DEBUG org.asynchttpclient.netty.request.NettyRequestSender - Using pooled Channel '[id: 0x2f93477f, L:/127.0.0.1:58343 - R:localhost/127.0.0.1:51144]' for 'GET' to 'http://localhost:51144/session/9991924916c39a005f1584c98ed19dad/element/b2abcaae-6783-47cb-b8c2-8b5349bcd4ba/enabled'
11:33:29.165 [Forwarding isElementEnabled on session 9991924916c39a005f1584c98ed19dad to remote] DEBUG org.asynchttpclient.netty.request.NettyRequestSender - Using open Channel [id: 0x2f93477f, L:/127.0.0.1:58343 - R:localhost/127.0.0.1:51144] for GET '/session/9991924916c39a005f1584c98ed19dad/element/b2abcaae-6783-47cb-b8c2-8b5349bcd4ba/enabled'
11:33:29.174 [AsyncHttpClient-1-5] DEBUG org.asynchttpclient.netty.handler.HttpHandler - 

Request DefaultFullHttpRequest(decodeResult: success, version: HTTP/1.1, content: EmptyByteBufBE)
GET /session/9991924916c39a005f1584c98ed19dad/element/b2abcaae-6783-47cb-b8c2-8b5349bcd4ba/enabled HTTP/1.1
User-Agent: selenium/4.1.2 (java windows)
Cache-Control: no-cache
Content-Type: application/json; charset=utf-8
host: localhost:51144
accept: */*

Response DefaultHttpResponse(decodeResult: success, version: HTTP/1.1)
HTTP/1.1 200 OK
Content-Type: application/json; charset=utf-8
cache-control: no-cache
content-length: 14

11:33:29.174 [AsyncHttpClient-1-5] DEBUG org.asynchttpclient.netty.channel.ChannelManager - Adding key: http://localhost:51144 for channel [id: 0x2f93477f, L:/127.0.0.1:58343 - R:localhost/127.0.0.1:51144]
11:33:29.176 [Forwarding isElementEnabled on session 9991924916c39a005f1584c98ed19dad to remote] DEBUG org.asynchttpclient.netty.request.NettyRequestSender - Using pooled Channel '[id: 0x2f93477f, L:/127.0.0.1:58343 - R:localhost/127.0.0.1:51144]' for 'GET' to 'http://localhost:51144/session/9991924916c39a005f1584c98ed19dad/element/b2abcaae-6783-47cb-b8c2-8b5349bcd4ba/enabled'
11:33:29.176 [Forwarding isElementEnabled on session 9991924916c39a005f1584c98ed19dad to remote] DEBUG org.asynchttpclient.netty.request.NettyRequestSender - Using open Channel [id: 0x2f93477f, L:/127.0.0.1:58343 - R:localhost/127.0.0.1:51144] for GET '/session/9991924916c39a005f1584c98ed19dad/element/b2abcaae-6783-47cb-b8c2-8b5349bcd4ba/enabled'
11:33:29.186 [AsyncHttpClient-1-5] DEBUG org.asynchttpclient.netty.handler.HttpHandler - 

Request DefaultFullHttpRequest(decodeResult: success, version: HTTP/1.1, content: EmptyByteBufBE)
GET /session/9991924916c39a005f1584c98ed19dad/element/b2abcaae-6783-47cb-b8c2-8b5349bcd4ba/enabled HTTP/1.1
User-Agent: selenium/4.1.2 (java windows)
Cache-Control: no-cache
Content-Type: application/json; charset=utf-8
host: localhost:51144
accept: */*

Response DefaultHttpResponse(decodeResult: success, version: HTTP/1.1)
HTTP/1.1 200 OK
Content-Type: application/json; charset=utf-8
cache-control: no-cache
content-length: 14

11:33:29.187 [AsyncHttpClient-1-5] DEBUG org.asynchttpclient.netty.channel.ChannelManager - Adding key: http://localhost:51144 for channel [id: 0x2f93477f, L:/127.0.0.1:58343 - R:localhost/127.0.0.1:51144]
11:33:29.190 [Forwarding findElement on session 9991924916c39a005f1584c98ed19dad to remote] DEBUG org.asynchttpclient.netty.request.NettyRequestSender - Using pooled Channel '[id: 0x2f93477f, L:/127.0.0.1:58343 - R:localhost/127.0.0.1:51144]' for 'POST' to 'http://localhost:51144/session/9991924916c39a005f1584c98ed19dad/element'
11:33:29.190 [Forwarding findElement on session 9991924916c39a005f1584c98ed19dad to remote] DEBUG org.asynchttpclient.netty.request.NettyRequestSender - Using open Channel [id: 0x2f93477f, L:/127.0.0.1:58343 - R:localhost/127.0.0.1:51144] for POST '/session/9991924916c39a005f1584c98ed19dad/element'
11:33:29.199 [AsyncHttpClient-1-5] DEBUG org.asynchttpclient.netty.handler.HttpHandler - 

Request DefaultHttpRequest(decodeResult: success, version: HTTP/1.1)
POST /session/9991924916c39a005f1584c98ed19dad/element HTTP/1.1
User-Agent: selenium/4.1.2 (java windows)
Content-Length: 50
Content-Type: application/json; charset=utf-8
host: localhost:51144
accept: */*

Response DefaultHttpResponse(decodeResult: success, version: HTTP/1.1)
HTTP/1.1 200 OK
Content-Type: application/json; charset=utf-8
cache-control: no-cache
content-length: 88

11:33:29.200 [AsyncHttpClient-1-5] DEBUG org.asynchttpclient.netty.channel.ChannelManager - Adding key: http://localhost:51144 for channel [id: 0x2f93477f, L:/127.0.0.1:58343 - R:localhost/127.0.0.1:51144]
11:33:29.203 [Forwarding clickElement on session 9991924916c39a005f1584c98ed19dad to remote] DEBUG org.asynchttpclient.netty.request.NettyRequestSender - Using pooled Channel '[id: 0x2f93477f, L:/127.0.0.1:58343 - R:localhost/127.0.0.1:51144]' for 'POST' to 'http://localhost:51144/session/9991924916c39a005f1584c98ed19dad/element/b2abcaae-6783-47cb-b8c2-8b5349bcd4ba/click'
11:33:29.203 [Forwarding clickElement on session 9991924916c39a005f1584c98ed19dad to remote] DEBUG org.asynchttpclient.netty.request.NettyRequestSender - Using open Channel [id: 0x2f93477f, L:/127.0.0.1:58343 - R:localhost/127.0.0.1:51144] for POST '/session/9991924916c39a005f1584c98ed19dad/element/b2abcaae-6783-47cb-b8c2-8b5349bcd4ba/click'
11:33:29.301 [AsyncHttpClient-1-5] DEBUG org.asynchttpclient.netty.handler.HttpHandler - 

Request DefaultHttpRequest(decodeResult: success, version: HTTP/1.1)
POST /session/9991924916c39a005f1584c98ed19dad/element/b2abcaae-6783-47cb-b8c2-8b5349bcd4ba/click HTTP/1.1
User-Agent: selenium/4.1.2 (java windows)
Content-Length: 50
Content-Type: application/json; charset=utf-8
host: localhost:51144
accept: */*

Response DefaultHttpResponse(decodeResult: success, version: HTTP/1.1)
HTTP/1.1 200 OK
Content-Type: application/json; charset=utf-8
cache-control: no-cache
content-length: 14

11:33:29.302 [AsyncHttpClient-1-5] DEBUG org.asynchttpclient.netty.channel.ChannelManager - Adding key: http://localhost:51144 for channel [id: 0x2f93477f, L:/127.0.0.1:58343 - R:localhost/127.0.0.1:51144]
11:33:29.350 [Forwarding screenshot on session 9991924916c39a005f1584c98ed19dad to remote] DEBUG org.asynchttpclient.netty.request.NettyRequestSender - Using pooled Channel '[id: 0x2f93477f, L:/127.0.0.1:58343 - R:localhost/127.0.0.1:51144]' for 'GET' to 'http://localhost:51144/session/9991924916c39a005f1584c98ed19dad/screenshot'
11:33:29.352 [Forwarding screenshot on session 9991924916c39a005f1584c98ed19dad to remote] DEBUG org.asynchttpclient.netty.request.NettyRequestSender - Using open Channel [id: 0x2f93477f, L:/127.0.0.1:58343 - R:localhost/127.0.0.1:51144] for GET '/session/9991924916c39a005f1584c98ed19dad/screenshot'
11:33:29.553 [AsyncHttpClient-1-5] DEBUG org.asynchttpclient.netty.handler.HttpHandler - 

Request DefaultFullHttpRequest(decodeResult: success, version: HTTP/1.1, content: EmptyByteBufBE)
GET /session/9991924916c39a005f1584c98ed19dad/screenshot HTTP/1.1
User-Agent: selenium/4.1.2 (java windows)
Cache-Control: no-cache
Content-Type: application/json; charset=utf-8
host: localhost:51144
accept: */*

Response DefaultHttpResponse(decodeResult: success, version: HTTP/1.1)
HTTP/1.1 200 OK
Content-Type: application/json; charset=utf-8
cache-control: no-cache
content-length: 149324

11:33:29.555 [AsyncHttpClient-1-5] DEBUG org.asynchttpclient.netty.channel.ChannelManager - Adding key: http://localhost:51144 for channel [id: 0x2f93477f, L:/127.0.0.1:58343 - R:localhost/127.0.0.1:51144]
11:33:29.562 [main] DEBUG net.serenitybdd.core.photography.Darkroom - Send negative for processing for target\site\serenity\24d24c861774ab9a8ba152a7d24fd65535c8a2df9f14805e51ddc520df157834.png
11:33:29.562 [main] DEBUG net.thucydides.core.steps.StepInterceptor - STEP DONE: clickLoginButton
11:33:29.562 [Darkroom Processing Line] DEBUG net.serenitybdd.core.photography.DarkroomProcessingLine - Processing screenshot image in /var/screenshots/screenshot-6897327402136718306
  &amp#27;[32mAnd &amp#27;[0m&amp#27;[32mi click login button&amp#27;[0m                     &amp#27;[90m# starter.stepdefenitions.LoginSteps.clickLoginButton()&amp#27;[0m
11:33:29.562 [Darkroom Processing Line] DEBUG net.serenitybdd.core.photography.DarkroomProcessingLine - Saving screenshot to target\site\serenity\24d24c861774ab9a8ba152a7d24fd65535c8a2df9f14805e51ddc520df157834.png
11:33:29.578 [main] DEBUG net.thucydides.core.steps.StepInterceptor - STARTING STEP: LoginSteps.appearErrorMessage - appearErrorMessage
11:33:29.581 [Forwarding findElement on session 9991924916c39a005f1584c98ed19dad to remote] DEBUG org.asynchttpclient.netty.request.NettyRequestSender - Using pooled Channel '[id: 0x2f93477f, L:/127.0.0.1:58343 - R:localhost/127.0.0.1:51144]' for 'POST' to 'http://localhost:51144/session/9991924916c39a005f1584c98ed19dad/element'
11:33:29.581 [Forwarding findElement on session 9991924916c39a005f1584c98ed19dad to remote] DEBUG org.asynchttpclient.netty.request.NettyRequestSender - Using open Channel [id: 0x2f93477f, L:/127.0.0.1:58343 - R:localhost/127.0.0.1:51144] for POST '/session/9991924916c39a005f1584c98ed19dad/element'
11:33:29.664 [AsyncHttpClient-1-5] DEBUG org.asynchttpclient.netty.handler.HttpHandler - 

Request DefaultHttpRequest(decodeResult: success, version: HTTP/1.1)
POST /session/9991924916c39a005f1584c98ed19dad/element HTTP/1.1
User-Agent: selenium/4.1.2 (java windows)
Content-Length: 73
Content-Type: application/json; charset=utf-8
host: localhost:51144
accept: */*

Response DefaultHttpResponse(decodeResult: success, version: HTTP/1.1)
HTTP/1.1 200 OK
Content-Type: application/json; charset=utf-8
cache-control: no-cache
content-length: 88

11:33:29.664 [AsyncHttpClient-1-5] DEBUG org.asynchttpclient.netty.channel.ChannelManager - Adding key: http://localhost:51144 for channel [id: 0x2f93477f, L:/127.0.0.1:58343 - R:localhost/127.0.0.1:51144]
11:33:29.673 [Forwarding isElementDisplayed on session 9991924916c39a005f1584c98ed19dad to remote] DEBUG org.asynchttpclient.netty.request.NettyRequestSender - Using pooled Channel '[id: 0x2f93477f, L:/127.0.0.1:58343 - R:localhost/127.0.0.1:51144]' for 'POST' to 'http://localhost:51144/session/9991924916c39a005f1584c98ed19dad/execute/sync'
11:33:29.673 [Forwarding isElementDisplayed on session 9991924916c39a005f1584c98ed19dad to remote] DEBUG org.asynchttpclient.netty.request.NettyRequestSender - Using open Channel [id: 0x2f93477f, L:/127.0.0.1:58343 - R:localhost/127.0.0.1:51144] for POST '/session/9991924916c39a005f1584c98ed19dad/execute/sync'
11:33:29.687 [AsyncHttpClient-1-5] DEBUG org.asynchttpclient.netty.handler.HttpHandler - 

Request DefaultHttpRequest(decodeResult: success, version: HTTP/1.1)
POST /session/9991924916c39a005f1584c98ed19dad/execute/sync HTTP/1.1
User-Agent: selenium/4.1.2 (java windows)
Content-Length: 48780
Content-Type: application/json; charset=utf-8
host: localhost:51144
accept: */*

Response DefaultHttpResponse(decodeResult: success, version: HTTP/1.1)
HTTP/1.1 200 OK
Content-Type: application/json; charset=utf-8
cache-control: no-cache
content-length: 14

11:33:29.687 [AsyncHttpClient-1-5] DEBUG org.asynchttpclient.netty.channel.ChannelManager - Adding key: http://localhost:51144 for channel [id: 0x2f93477f, L:/127.0.0.1:58343 - R:localhost/127.0.0.1:51144]
11:33:29.695 [Forwarding screenshot on session 9991924916c39a005f1584c98ed19dad to remote] DEBUG org.asynchttpclient.netty.request.NettyRequestSender - Using pooled Channel '[id: 0x2f93477f, L:/127.0.0.1:58343 - R:localhost/127.0.0.1:51144]' for 'GET' to 'http://localhost:51144/session/9991924916c39a005f1584c98ed19dad/screenshot'
11:33:29.695 [Forwarding screenshot on session 9991924916c39a005f1584c98ed19dad to remote] DEBUG org.asynchttpclient.netty.request.NettyRequestSender - Using open Channel [id: 0x2f93477f, L:/127.0.0.1:58343 - R:localhost/127.0.0.1:51144] for GET '/session/9991924916c39a005f1584c98ed19dad/screenshot'
11:33:29.881 [AsyncHttpClient-1-5] DEBUG org.asynchttpclient.netty.handler.HttpHandler - 

Request DefaultFullHttpRequest(decodeResult: success, version: HTTP/1.1, content: EmptyByteBufBE)
GET /session/9991924916c39a005f1584c98ed19dad/screenshot HTTP/1.1
User-Agent: selenium/4.1.2 (java windows)
Cache-Control: no-cache
Content-Type: application/json; charset=utf-8
host: localhost:51144
accept: */*

Response DefaultHttpResponse(decodeResult: success, version: HTTP/1.1)
HTTP/1.1 200 OK
Content-Type: application/json; charset=utf-8
cache-control: no-cache
content-length: 165176

11:33:29.882 [AsyncHttpClient-1-5] DEBUG org.asynchttpclient.netty.channel.ChannelManager - Adding key: http://localhost:51144 for channel [id: 0x2f93477f, L:/127.0.0.1:58343 - R:localhost/127.0.0.1:51144]
11:33:29.894 [main] DEBUG net.serenitybdd.core.photography.Darkroom - Send negative for processing for target\site\serenity\965c5cd8a7394f7d84f8e3263a9326826e45f11f14a8de760a7a0902039f9469.png
11:33:29.894 [main] DEBUG net.thucydides.core.steps.StepInterceptor - STEP DONE: appearErrorMessage
11:33:29.894 [Darkroom Processing Line] DEBUG net.serenitybdd.core.photography.DarkroomProcessingLine - Processing screenshot image in /var/screenshots/screenshot-4747238459968977935
  &amp#27;[32mThen &amp#27;[0m&amp#27;[32mi failed to login and get error message&amp#27;[0m &amp#27;[90m# starter.stepdefenitions.LoginSteps.appearErrorMessage()&amp#27;[0m
11:33:29.894 [Darkroom Processing Line] DEBUG net.serenitybdd.core.photography.DarkroomProcessingLine - Saving screenshot to target\site\serenity\965c5cd8a7394f7d84f8e3263a9326826e45f11f14a8de760a7a0902039f9469.png
11:33:29.903 [main] INFO  - 
  _____   ___   ___   _____     ___     _     ___   ___   ___   ___  
 |_   _| | __| / __| |_   _|   | _ \   /_\   / __| / __| | __| |   \ 
   | |   | _|  \__ \   | |     |  _/  / _ \  \__ \ \__ \ | _|  | |) |
   |_|   |___| |___/   |_|     |_|   /_/ \_\ |___/ |___/ |___| |___/ 

As user i have failed to login
----------------------------------------------------------------------
11:33:29.906 [AsyncHttpClient-1-7] DEBUG org.asynchttpclient.netty.handler.WebSocketHandler - Channel Closed: [id: 0x8ce4c33b, L:/127.0.0.1:58352 ! R:localhost/127.0.0.1:58344] with attribute NettyResponseFuture{currentRetry=5,
	isDone=1,
	isCancelled=0,
	asyncHandler=org.asynchttpclient.ws.WebSocketUpgradeHandler@30fd816a,
	nettyRequest=org.asynchttpclient.netty.request.NettyRequest@75ff1911,
	future=java.util.concurrent.CompletableFuture@60bf688e[Completed normally],
	uri=ws://localhost:58344/devtools/browser/120b5b1a-5f0b-43c7-90d0-6ce7501a0202,
	keepAlive=true,
	redirectCount=0,
	timeoutsHolder=null,
	inAuth=0,
	touch=1650688396865}
11:33:29.906 [AsyncHttpClient-1-7] DEBUG org.asynchttpclient.netty.channel.ChannelManager - Closing Channel [id: 0x8ce4c33b, L:/127.0.0.1:58352 ! R:localhost/127.0.0.1:58344] 
11:33:29.908 [Driver Command Executor] DEBUG org.asynchttpclient.netty.request.NettyRequestSender - Using pooled Channel '[id: 0x2f93477f, L:/127.0.0.1:58343 - R:localhost/127.0.0.1:51144]' for 'DELETE' to 'http://localhost:51144/session/9991924916c39a005f1584c98ed19dad'
11:33:29.909 [Driver Command Executor] DEBUG org.asynchttpclient.netty.request.NettyRequestSender - Using open Channel [id: 0x2f93477f, L:/127.0.0.1:58343 - R:localhost/127.0.0.1:51144] for DELETE '/session/9991924916c39a005f1584c98ed19dad'
11:33:30.006 [AsyncHttpClient-1-6] DEBUG org.asynchttpclient.netty.handler.HttpHandler - Unexpected I/O exception on channel [id: 0x05ec538b, L:/127.0.0.1:58351 - R:localhost/127.0.0.1:58344]
java.io.IOException: An existing connection was forcibly closed by the remote host
	at sun.nio.ch.SocketDispatcher.read0(Native Method)
	at sun.nio.ch.SocketDispatcher.read(SocketDispatcher.java:43)
	at sun.nio.ch.IOUtil.readIntoNativeBuffer(IOUtil.java:223)
	at sun.nio.ch.IOUtil.read(IOUtil.java:192)
	at sun.nio.ch.SocketChannelImpl.read(SocketChannelImpl.java:378)
	at io.netty.buffer.PooledByteBuf.setBytes(PooledByteBuf.java:258)
	at io.netty.buffer.AbstractByteBuf.writeBytes(AbstractByteBuf.java:1132)
	at io.netty.channel.socket.nio.NioSocketChannel.doReadBytes(NioSocketChannel.java:350)
	at io.netty.channel.nio.AbstractNioByteChannel$NioByteUnsafe.read(AbstractNioByteChannel.java:151)
	at io.netty.channel.nio.NioEventLoop.processSelectedKey(NioEventLoop.java:722)
	at io.netty.channel.nio.NioEventLoop.processSelectedKeysOptimized(NioEventLoop.java:658)
	at io.netty.channel.nio.NioEventLoop.processSelectedKeys(NioEventLoop.java:584)
	at io.netty.channel.nio.NioEventLoop.run(NioEventLoop.java:496)
	at io.netty.util.concurrent.SingleThreadEventExecutor$4.run(SingleThreadEventExecutor.java:986)
	at io.netty.util.internal.ThreadExecutorMap$2.run(ThreadExecutorMap.java:74)
	at io.netty.util.concurrent.FastThreadLocalRunnable.run(FastThreadLocalRunnable.java:30)
	at java.lang.Thread.run(Thread.java:750)
11:33:30.007 [AsyncHttpClient-1-6] DEBUG org.asynchttpclient.netty.channel.ChannelManager - Closing Channel [id: 0x05ec538b, L:/127.0.0.1:58351 - R:localhost/127.0.0.1:58344] 
11:33:30.007 [AsyncHttpClient-1-6] DEBUG org.asynchttpclient.netty.handler.HttpHandler - Channel Closed: [id: 0x05ec538b, L:/127.0.0.1:58351 ! R:localhost/127.0.0.1:58344] with attribute DISCARD
11:33:30.059 [AsyncHttpClient-1-5] DEBUG org.asynchttpclient.netty.handler.HttpHandler - 

Request DefaultFullHttpRequest(decodeResult: success, version: HTTP/1.1, content: EmptyByteBufBE)
DELETE /session/9991924916c39a005f1584c98ed19dad HTTP/1.1
User-Agent: selenium/4.1.2 (java windows)
Content-Type: application/json; charset=utf-8
host: localhost:51144
accept: */*

Response DefaultHttpResponse(decodeResult: success, version: HTTP/1.1)
HTTP/1.1 200 OK
Content-Type: application/json; charset=utf-8
cache-control: no-cache
content-length: 14

11:33:30.060 [AsyncHttpClient-1-5] DEBUG org.asynchttpclient.netty.channel.ChannelManager - Adding key: http://localhost:51144 for channel [id: 0x2f93477f, L:/127.0.0.1:58343 - R:localhost/127.0.0.1:51144]
11:33:30.111 [AsyncHttpClient-1-1] DEBUG org.asynchttpclient.netty.channel.DefaultChannelPool - Entry count for : http://localhost:58344 : 1
11:33:30.111 [AsyncHttpClient-1-1] DEBUG org.asynchttpclient.netty.channel.DefaultChannelPool - Entry count for : http://localhost:51144 : 1
11:33:30.111 [AsyncHttpClient-1-1] DEBUG org.asynchttpclient.netty.channel.DefaultChannelPool - Adding Candidate expired Channel [id: 0x05ec538b, L:/127.0.0.1:58351 ! R:localhost/127.0.0.1:58344] isIdleTimeoutExpired=false isRemotelyClosed=true isTtlExpired=false
11:33:30.111 [AsyncHttpClient-1-1] DEBUG org.asynchttpclient.netty.channel.DefaultChannelPool - Closing Idle Channel [id: 0x05ec538b, L:/127.0.0.1:58351 ! R:localhost/127.0.0.1:58344]
11:33:30.111 [AsyncHttpClient-1-1] DEBUG org.asynchttpclient.netty.channel.DefaultChannelPool - Closed 1 connections out of 2 in 0 ms
11:33:30.162 [AsyncHttpClient-1-5] DEBUG org.asynchttpclient.netty.handler.HttpHandler - Channel Closed: [id: 0x2f93477f, L:/127.0.0.1:58343 ! R:localhost/127.0.0.1:51144] with attribute DISCARD
]]></system-out>
    <system-err><![CDATA[Starting ChromeDriver 100.0.4896.60 (6a5d10861ce8de5fce22564658033b43cb7de047-refs/branch-heads/4896@{#875}) on port 51144
Only local connections are allowed.
Please see https://chromedriver.chromium.org/security-considerations for suggestions on keeping ChromeDriver safe.
ChromeDriver was started successfully.
Apr 23, 2022 11:33:16 AM org.openqa.selenium.remote.ProtocolHandshake createSession
INFO: Detected dialect: W3C
Apr 23, 2022 11:33:16 AM org.openqa.selenium.devtools.CdpVersionFinder findNearestMatch
WARNING: Unable to find an exact match for CDP version 100, so returning the closest version found: 97
Apr 23, 2022 11:33:16 AM org.openqa.selenium.devtools.CdpVersionFinder findNearestMatch
INFO: Found CDP implementation for version 100 of 97
]]></system-err>
  </testcase>
  <testcase name="As user i have failed to login with not input data" classname="As user I want see home page So that i can buy books" time="12.155">
    <system-out><![CDATA[
@login
Scenario: As user i have failed to login with not input data &amp#27;[90m# src/test/resources/features/Login.feature:24&amp#27;[0m
11:33:30.753 [main] INFO io.cucumber.core.plugin.SerenityReporter - Running feature from file:///D:/kampus%20merdeka/Intelij/web/src/test/resources/features/Login.feature
11:33:30.755 [main] INFO  - 
  _____   ___   ___   _____     ___   _____     _     ___   _____   ___   ___  
 |_   _| | __| / __| |_   _|   / __| |_   _|   /_\   | _ \ |_   _| | __| |   \ 
   | |   | _|  \__ \   | |     \__ \   | |    / _ \  |   /   | |   | _|  | |) |
   |_|   |___| |___/   |_|     |___/   |_|   /_/ \_\ |_|_\   |_|   |___| |___/ 

As user i have failed to login with not input data(as-user-i-want-see-home-page-so-that-i-can-buy-books;as-user-i-have-failed-to-login-with-not-input-data)
--------------------------------------------------------------------------------
11:33:31.144 [main] DEBUG net.thucydides.core.steps.StepInterceptor - STARTING STEP: BookstoreSteps.onBookstorePage - openPage
11:33:31.146 [main] INFO net.serenitybdd.core.webdriver.driverproviders.ChromeDriverProvider - Using automatically driver download
11:33:31.208 [AsyncHttpClient-1-1] DEBUG org.asynchttpclient.netty.channel.DefaultChannelPool - Entry count for : http://localhost:51144 : 1
11:33:31.208 [AsyncHttpClient-1-1] DEBUG org.asynchttpclient.netty.channel.DefaultChannelPool - Adding Candidate expired Channel [id: 0x2f93477f, L:/127.0.0.1:58343 ! R:localhost/127.0.0.1:51144] isIdleTimeoutExpired=false isRemotelyClosed=true isTtlExpired=false
11:33:31.208 [AsyncHttpClient-1-1] DEBUG org.asynchttpclient.netty.channel.DefaultChannelPool - Closing Idle Channel [id: 0x2f93477f, L:/127.0.0.1:58343 ! R:localhost/127.0.0.1:51144]
11:33:31.208 [AsyncHttpClient-1-1] DEBUG org.asynchttpclient.netty.channel.DefaultChannelPool - Closed 1 connections out of 1 in 0 ms
11:33:31.301 [main] DEBUG io.github.bonigarcia.wdm.cache.ResolutionCache - Resolution chrome=100 in cache (valid until 11:37:23 23/04/2022 ICT)
11:33:31.310 [main] DEBUG io.github.bonigarcia.wdm.cache.ResolutionCache - Resolution chrome100=100.0.4896.60 in cache (valid until 10:37:23 24/04/2022 ICT)
11:33:31.315 [main] INFO io.github.bonigarcia.wdm.WebDriverManager - Using chromedriver 100.0.4896.60 (resolved driver for Chrome 100)
11:33:31.339 [main] DEBUG io.github.bonigarcia.wdm.WebDriverManager - Driver chromedriver 100.0.4896.60 found in cache
11:33:31.341 [main] INFO io.github.bonigarcia.wdm.WebDriverManager - Exporting webdriver.chrome.driver as C:\Users\Admin\.cache\selenium\chromedriver\win32\100.0.4896.60\chromedriver.exe
11:33:31.496 [main] DEBUG net.serenitybdd.core.webdriver.driverproviders.ProvideNewDriver - Instantiating driver
11:33:31.496 [main] DEBUG net.serenitybdd.core.webdriver.driverproviders.ProvideNewDriver - Driver capabilities: Capabilities {acceptInsecureCerts: false, base.url: https://demoqa.com/, browserName: chrome, chrome.driver: src/test/resources/webdrive..., driver: chrome, goog:chromeOptions: {args: [], extensions: []}}
11:33:32.071 [AsyncHttpClient-1-8] DEBUG org.asynchttpclient.netty.channel.NettyConnectListener - Using new Channel '[id: 0xe91bc50f, L:/127.0.0.1:58425 - R:localhost/127.0.0.1:56969]' for 'POST' to '/session'
11:33:33.213 [AsyncHttpClient-1-8] DEBUG org.asynchttpclient.netty.handler.HttpHandler - 

Request DefaultHttpRequest(decodeResult: success, version: HTTP/1.1)
POST /session HTTP/1.1
User-Agent: selenium/4.1.2 (java windows)
Content-Length: 605
Content-Type: application/json; charset=utf-8
host: localhost:56969
accept: */*

Response DefaultHttpResponse(decodeResult: success, version: HTTP/1.1)
HTTP/1.1 200 OK
Content-Type: application/json; charset=utf-8
cache-control: no-cache
content-length: 790

11:33:33.213 [AsyncHttpClient-1-8] DEBUG org.asynchttpclient.netty.channel.ChannelManager - Adding key: http://localhost:56969 for channel [id: 0xe91bc50f, L:/127.0.0.1:58425 - R:localhost/127.0.0.1:56969]
11:33:33.243 [AsyncHttpClient-1-9] DEBUG org.asynchttpclient.netty.channel.NettyConnectListener - Using new Channel '[id: 0xa2965c57, L:/127.0.0.1:58432 - R:localhost/127.0.0.1:58426]' for 'GET' to '/json/version'
11:33:33.249 [AsyncHttpClient-1-9] DEBUG org.asynchttpclient.netty.handler.HttpHandler - 

Request DefaultFullHttpRequest(decodeResult: success, version: HTTP/1.1, content: EmptyByteBufBE)
GET /json/version HTTP/1.1
User-Agent: selenium/4.1.2 (java windows)
host: localhost:58426
accept: */*

Response DefaultHttpResponse(decodeResult: success, version: HTTP/1.1)
HTTP/1.1 200 OK
Content-Type: application/json; charset=UTF-8
content-length: 429

11:33:33.249 [AsyncHttpClient-1-9] DEBUG org.asynchttpclient.netty.channel.ChannelManager - Adding key: http://localhost:58426 for channel [id: 0xa2965c57, L:/127.0.0.1:58432 - R:localhost/127.0.0.1:58426]
11:33:33.253 [AsyncHttpClient-1-2] DEBUG org.asynchttpclient.netty.channel.NettyConnectListener - Using new Channel '[id: 0x1605a1e4, L:/127.0.0.1:58433 - R:localhost/127.0.0.1:58426]' for 'GET' to '/devtools/browser/60c35afc-934d-45ba-9780-6431ba7d0bcd'
11:33:33.255 [AsyncHttpClient-1-2] DEBUG org.asynchttpclient.netty.handler.WebSocketHandler - 

Request DefaultFullHttpRequest(decodeResult: success, version: HTTP/1.1, content: EmptyByteBufBE)
GET /devtools/browser/60c35afc-934d-45ba-9780-6431ba7d0bcd HTTP/1.1
upgrade: websocket
connection: upgrade
sec-websocket-key: jVPDne+8dqtbdTcR0QegWA==
sec-websocket-version: 13
origin: http://localhost:58426
host: localhost:58426
accept: */*
user-agent: AHC/2.1

Response DefaultHttpResponse(decodeResult: success, version: HTTP/1.1)
HTTP/1.1 101 WebSocket Protocol Handshake
Upgrade: WebSocket
Connection: Upgrade
Sec-WebSocket-Accept: 58EjsOlMuDb5tEh3aPUcfDOopjc=

11:33:33.302 [Forwarding setCurrentWindowSize on session d1ad8c1ed041660199d39b96aea23ac9 to remote] DEBUG org.asynchttpclient.netty.request.NettyRequestSender - Using pooled Channel '[id: 0xe91bc50f, L:/127.0.0.1:58425 - R:localhost/127.0.0.1:56969]' for 'POST' to 'http://localhost:56969/session/d1ad8c1ed041660199d39b96aea23ac9/window/rect'
11:33:33.302 [Forwarding setCurrentWindowSize on session d1ad8c1ed041660199d39b96aea23ac9 to remote] DEBUG org.asynchttpclient.netty.request.NettyRequestSender - Using open Channel [id: 0xe91bc50f, L:/127.0.0.1:58425 - R:localhost/127.0.0.1:56969] for POST '/session/d1ad8c1ed041660199d39b96aea23ac9/window/rect'
11:33:33.402 [AsyncHttpClient-1-1] DEBUG org.asynchttpclient.netty.channel.DefaultChannelPool - Entry count for : http://localhost:58426 : 1
11:33:33.436 [AsyncHttpClient-1-8] DEBUG org.asynchttpclient.netty.handler.HttpHandler - 

Request DefaultHttpRequest(decodeResult: success, version: HTTP/1.1)
POST /session/d1ad8c1ed041660199d39b96aea23ac9/window/rect HTTP/1.1
User-Agent: selenium/4.1.2 (java windows)
Content-Length: 37
Content-Type: application/json; charset=utf-8
host: localhost:56969
accept: */*

Response DefaultHttpResponse(decodeResult: success, version: HTTP/1.1)
HTTP/1.1 200 OK
Content-Type: application/json; charset=utf-8
cache-control: no-cache
content-length: 51

11:33:33.436 [AsyncHttpClient-1-8] DEBUG org.asynchttpclient.netty.channel.ChannelManager - Adding key: http://localhost:56969 for channel [id: 0xe91bc50f, L:/127.0.0.1:58425 - R:localhost/127.0.0.1:56969]
11:33:33.438 [Forwarding setWindowPosition on session d1ad8c1ed041660199d39b96aea23ac9 to remote] DEBUG org.asynchttpclient.netty.request.NettyRequestSender - Using pooled Channel '[id: 0xe91bc50f, L:/127.0.0.1:58425 - R:localhost/127.0.0.1:56969]' for 'POST' to 'http://localhost:56969/session/d1ad8c1ed041660199d39b96aea23ac9/window/rect'
11:33:33.438 [Forwarding setWindowPosition on session d1ad8c1ed041660199d39b96aea23ac9 to remote] DEBUG org.asynchttpclient.netty.request.NettyRequestSender - Using open Channel [id: 0xe91bc50f, L:/127.0.0.1:58425 - R:localhost/127.0.0.1:56969] for POST '/session/d1ad8c1ed041660199d39b96aea23ac9/window/rect'
11:33:33.547 [AsyncHttpClient-1-8] DEBUG org.asynchttpclient.netty.handler.HttpHandler - 

Request DefaultHttpRequest(decodeResult: success, version: HTTP/1.1)
POST /session/d1ad8c1ed041660199d39b96aea23ac9/window/rect HTTP/1.1
User-Agent: selenium/4.1.2 (java windows)
Content-Length: 22
Content-Type: application/json; charset=utf-8
host: localhost:56969
accept: */*

Response DefaultHttpResponse(decodeResult: success, version: HTTP/1.1)
HTTP/1.1 200 OK
Content-Type: application/json; charset=utf-8
cache-control: no-cache
content-length: 49

11:33:33.547 [AsyncHttpClient-1-8] DEBUG org.asynchttpclient.netty.channel.ChannelManager - Adding key: http://localhost:56969 for channel [id: 0xe91bc50f, L:/127.0.0.1:58425 - R:localhost/127.0.0.1:56969]
11:33:33.549 [Forwarding get on session d1ad8c1ed041660199d39b96aea23ac9 to remote] DEBUG org.asynchttpclient.netty.request.NettyRequestSender - Using pooled Channel '[id: 0xe91bc50f, L:/127.0.0.1:58425 - R:localhost/127.0.0.1:56969]' for 'POST' to 'http://localhost:56969/session/d1ad8c1ed041660199d39b96aea23ac9/url'
11:33:33.549 [Forwarding get on session d1ad8c1ed041660199d39b96aea23ac9 to remote] DEBUG org.asynchttpclient.netty.request.NettyRequestSender - Using open Channel [id: 0xe91bc50f, L:/127.0.0.1:58425 - R:localhost/127.0.0.1:56969] for POST '/session/d1ad8c1ed041660199d39b96aea23ac9/url'
11:33:34.500 [AsyncHttpClient-1-1] DEBUG org.asynchttpclient.netty.channel.DefaultChannelPool - Entry count for : http://localhost:58426 : 1
11:33:35.603 [AsyncHttpClient-1-1] DEBUG org.asynchttpclient.netty.channel.DefaultChannelPool - Entry count for : http://localhost:58426 : 1
11:33:36.702 [AsyncHttpClient-1-1] DEBUG org.asynchttpclient.netty.channel.DefaultChannelPool - Entry count for : http://localhost:58426 : 1
11:33:37.807 [AsyncHttpClient-1-1] DEBUG org.asynchttpclient.netty.channel.DefaultChannelPool - Entry count for : http://localhost:58426 : 1
11:33:38.903 [AsyncHttpClient-1-1] DEBUG org.asynchttpclient.netty.channel.DefaultChannelPool - Entry count for : http://localhost:58426 : 1
11:33:38.981 [AsyncHttpClient-1-8] DEBUG org.asynchttpclient.netty.handler.HttpHandler - 

Request DefaultHttpRequest(decodeResult: success, version: HTTP/1.1)
POST /session/d1ad8c1ed041660199d39b96aea23ac9/url HTTP/1.1
User-Agent: selenium/4.1.2 (java windows)
Content-Length: 49
Content-Type: application/json; charset=utf-8
host: localhost:56969
accept: */*

Response DefaultHttpResponse(decodeResult: success, version: HTTP/1.1)
HTTP/1.1 200 OK
Content-Type: application/json; charset=utf-8
cache-control: no-cache
content-length: 14

11:33:38.981 [AsyncHttpClient-1-8] DEBUG org.asynchttpclient.netty.channel.ChannelManager - Adding key: http://localhost:56969 for channel [id: 0xe91bc50f, L:/127.0.0.1:58425 - R:localhost/127.0.0.1:56969]
11:33:38.985 [Forwarding setTimeout on session d1ad8c1ed041660199d39b96aea23ac9 to remote] DEBUG org.asynchttpclient.netty.request.NettyRequestSender - Using pooled Channel '[id: 0xe91bc50f, L:/127.0.0.1:58425 - R:localhost/127.0.0.1:56969]' for 'POST' to 'http://localhost:56969/session/d1ad8c1ed041660199d39b96aea23ac9/timeouts'
11:33:38.985 [Forwarding setTimeout on session d1ad8c1ed041660199d39b96aea23ac9 to remote] DEBUG org.asynchttpclient.netty.request.NettyRequestSender - Using open Channel [id: 0xe91bc50f, L:/127.0.0.1:58425 - R:localhost/127.0.0.1:56969] for POST '/session/d1ad8c1ed041660199d39b96aea23ac9/timeouts'
11:33:38.989 [AsyncHttpClient-1-8] DEBUG org.asynchttpclient.netty.handler.HttpHandler - 

Request DefaultHttpRequest(decodeResult: success, version: HTTP/1.1)
POST /session/d1ad8c1ed041660199d39b96aea23ac9/timeouts HTTP/1.1
User-Agent: selenium/4.1.2 (java windows)
Content-Length: 22
Content-Type: application/json; charset=utf-8
host: localhost:56969
accept: */*

Response DefaultHttpResponse(decodeResult: success, version: HTTP/1.1)
HTTP/1.1 200 OK
Content-Type: application/json; charset=utf-8
cache-control: no-cache
content-length: 14

11:33:38.989 [AsyncHttpClient-1-8] DEBUG org.asynchttpclient.netty.channel.ChannelManager - Adding key: http://localhost:56969 for channel [id: 0xe91bc50f, L:/127.0.0.1:58425 - R:localhost/127.0.0.1:56969]
11:33:39.002 [Forwarding getCurrentUrl on session d1ad8c1ed041660199d39b96aea23ac9 to remote] DEBUG org.asynchttpclient.netty.request.NettyRequestSender - Using pooled Channel '[id: 0xe91bc50f, L:/127.0.0.1:58425 - R:localhost/127.0.0.1:56969]' for 'GET' to 'http://localhost:56969/session/d1ad8c1ed041660199d39b96aea23ac9/url'
11:33:39.003 [Forwarding getCurrentUrl on session d1ad8c1ed041660199d39b96aea23ac9 to remote] DEBUG org.asynchttpclient.netty.request.NettyRequestSender - Using open Channel [id: 0xe91bc50f, L:/127.0.0.1:58425 - R:localhost/127.0.0.1:56969] for GET '/session/d1ad8c1ed041660199d39b96aea23ac9/url'
11:33:39.017 [AsyncHttpClient-1-8] DEBUG org.asynchttpclient.netty.handler.HttpHandler - 

Request DefaultFullHttpRequest(decodeResult: success, version: HTTP/1.1, content: EmptyByteBufBE)
GET /session/d1ad8c1ed041660199d39b96aea23ac9/url HTTP/1.1
User-Agent: selenium/4.1.2 (java windows)
Cache-Control: no-cache
Content-Type: application/json; charset=utf-8
host: localhost:56969
accept: */*

Response DefaultHttpResponse(decodeResult: success, version: HTTP/1.1)
HTTP/1.1 200 OK
Content-Type: application/json; charset=utf-8
cache-control: no-cache
content-length: 31

11:33:39.017 [AsyncHttpClient-1-8] DEBUG org.asynchttpclient.netty.channel.ChannelManager - Adding key: http://localhost:56969 for channel [id: 0xe91bc50f, L:/127.0.0.1:58425 - R:localhost/127.0.0.1:56969]
11:33:39.020 [Forwarding getCurrentUrl on session d1ad8c1ed041660199d39b96aea23ac9 to remote] DEBUG org.asynchttpclient.netty.request.NettyRequestSender - Using pooled Channel '[id: 0xe91bc50f, L:/127.0.0.1:58425 - R:localhost/127.0.0.1:56969]' for 'GET' to 'http://localhost:56969/session/d1ad8c1ed041660199d39b96aea23ac9/url'
11:33:39.020 [Forwarding getCurrentUrl on session d1ad8c1ed041660199d39b96aea23ac9 to remote] DEBUG org.asynchttpclient.netty.request.NettyRequestSender - Using open Channel [id: 0xe91bc50f, L:/127.0.0.1:58425 - R:localhost/127.0.0.1:56969] for GET '/session/d1ad8c1ed041660199d39b96aea23ac9/url'
11:33:39.025 [AsyncHttpClient-1-8] DEBUG org.asynchttpclient.netty.handler.HttpHandler - 

Request DefaultFullHttpRequest(decodeResult: success, version: HTTP/1.1, content: EmptyByteBufBE)
GET /session/d1ad8c1ed041660199d39b96aea23ac9/url HTTP/1.1
User-Agent: selenium/4.1.2 (java windows)
Cache-Control: no-cache
Content-Type: application/json; charset=utf-8
host: localhost:56969
accept: */*

Response DefaultHttpResponse(decodeResult: success, version: HTTP/1.1)
HTTP/1.1 200 OK
Content-Type: application/json; charset=utf-8
cache-control: no-cache
content-length: 31

11:33:39.026 [AsyncHttpClient-1-8] DEBUG org.asynchttpclient.netty.channel.ChannelManager - Adding key: http://localhost:56969 for channel [id: 0xe91bc50f, L:/127.0.0.1:58425 - R:localhost/127.0.0.1:56969]
11:33:39.032 [Forwarding screenshot on session d1ad8c1ed041660199d39b96aea23ac9 to remote] DEBUG org.asynchttpclient.netty.request.NettyRequestSender - Using pooled Channel '[id: 0xe91bc50f, L:/127.0.0.1:58425 - R:localhost/127.0.0.1:56969]' for 'GET' to 'http://localhost:56969/session/d1ad8c1ed041660199d39b96aea23ac9/screenshot'
11:33:39.032 [Forwarding screenshot on session d1ad8c1ed041660199d39b96aea23ac9 to remote] DEBUG org.asynchttpclient.netty.request.NettyRequestSender - Using open Channel [id: 0xe91bc50f, L:/127.0.0.1:58425 - R:localhost/127.0.0.1:56969] for GET '/session/d1ad8c1ed041660199d39b96aea23ac9/screenshot'
11:33:39.206 [AsyncHttpClient-1-8] DEBUG org.asynchttpclient.netty.handler.HttpHandler - 

Request DefaultFullHttpRequest(decodeResult: success, version: HTTP/1.1, content: EmptyByteBufBE)
GET /session/d1ad8c1ed041660199d39b96aea23ac9/screenshot HTTP/1.1
User-Agent: selenium/4.1.2 (java windows)
Cache-Control: no-cache
Content-Type: application/json; charset=utf-8
host: localhost:56969
accept: */*

Response DefaultHttpResponse(decodeResult: success, version: HTTP/1.1)
HTTP/1.1 200 OK
Content-Type: application/json; charset=utf-8
cache-control: no-cache
content-length: 140052

11:33:39.207 [AsyncHttpClient-1-8] DEBUG org.asynchttpclient.netty.channel.ChannelManager - Adding key: http://localhost:56969 for channel [id: 0xe91bc50f, L:/127.0.0.1:58425 - R:localhost/127.0.0.1:56969]
11:33:39.220 [main] DEBUG net.serenitybdd.core.photography.Darkroom - Send negative for processing for target\site\serenity\fe420b8714d1f33d92c59777e74e0cfce1583e60241d5a6427aba7ab99e20f12.png
11:33:39.220 [main] DEBUG net.thucydides.core.steps.StepInterceptor - STEP DONE: openPage
11:33:39.220 [Darkroom Processing Line] DEBUG net.serenitybdd.core.photography.DarkroomProcessingLine - Processing screenshot image in /var/screenshots/screenshot-3938757080992092034
11:33:39.221 [Darkroom Processing Line] DEBUG net.serenitybdd.core.photography.DarkroomProcessingLine - Saving screenshot to target\site\serenity\fe420b8714d1f33d92c59777e74e0cfce1583e60241d5a6427aba7ab99e20f12.png
11:33:39.240 [main] DEBUG net.thucydides.core.steps.StepInterceptor - STARTING STEP: BookstoreSteps.onBookstorePage - validationHomePage
11:33:39.244 [Forwarding findElement on session d1ad8c1ed041660199d39b96aea23ac9 to remote] DEBUG org.asynchttpclient.netty.request.NettyRequestSender - Using pooled Channel '[id: 0xe91bc50f, L:/127.0.0.1:58425 - R:localhost/127.0.0.1:56969]' for 'POST' to 'http://localhost:56969/session/d1ad8c1ed041660199d39b96aea23ac9/element'
11:33:39.244 [Forwarding findElement on session d1ad8c1ed041660199d39b96aea23ac9 to remote] DEBUG org.asynchttpclient.netty.request.NettyRequestSender - Using open Channel [id: 0xe91bc50f, L:/127.0.0.1:58425 - R:localhost/127.0.0.1:56969] for POST '/session/d1ad8c1ed041660199d39b96aea23ac9/element'
11:33:39.247 [AsyncHttpClient-1-8] DEBUG org.asynchttpclient.netty.handler.HttpHandler - 

Request DefaultHttpRequest(decodeResult: success, version: HTTP/1.1)
POST /session/d1ad8c1ed041660199d39b96aea23ac9/element HTTP/1.1
User-Agent: selenium/4.1.2 (java windows)
Content-Length: 48
Content-Type: application/json; charset=utf-8
host: localhost:56969
accept: */*

Response DefaultHttpResponse(decodeResult: success, version: HTTP/1.1)
HTTP/1.1 400 Bad Request
Content-Type: application/json; charset=utf-8
cache-control: no-cache
content-length: 958

11:33:39.248 [AsyncHttpClient-1-8] DEBUG org.asynchttpclient.netty.channel.ChannelManager - Adding key: http://localhost:56969 for channel [id: 0xe91bc50f, L:/127.0.0.1:58425 - R:localhost/127.0.0.1:56969]
11:33:39.252 [Forwarding findElement on session d1ad8c1ed041660199d39b96aea23ac9 to remote] DEBUG org.asynchttpclient.netty.request.NettyRequestSender - Using pooled Channel '[id: 0xe91bc50f, L:/127.0.0.1:58425 - R:localhost/127.0.0.1:56969]' for 'POST' to 'http://localhost:56969/session/d1ad8c1ed041660199d39b96aea23ac9/element'
11:33:39.252 [Forwarding findElement on session d1ad8c1ed041660199d39b96aea23ac9 to remote] DEBUG org.asynchttpclient.netty.request.NettyRequestSender - Using open Channel [id: 0xe91bc50f, L:/127.0.0.1:58425 - R:localhost/127.0.0.1:56969] for POST '/session/d1ad8c1ed041660199d39b96aea23ac9/element'
11:33:39.268 [AsyncHttpClient-1-8] DEBUG org.asynchttpclient.netty.handler.HttpHandler - 

Request DefaultHttpRequest(decodeResult: success, version: HTTP/1.1)
POST /session/d1ad8c1ed041660199d39b96aea23ac9/element HTTP/1.1
User-Agent: selenium/4.1.2 (java windows)
Content-Length: 58
Content-Type: application/json; charset=utf-8
host: localhost:56969
accept: */*

Response DefaultHttpResponse(decodeResult: success, version: HTTP/1.1)
HTTP/1.1 200 OK
Content-Type: application/json; charset=utf-8
cache-control: no-cache
content-length: 88

11:33:39.269 [AsyncHttpClient-1-8] DEBUG org.asynchttpclient.netty.channel.ChannelManager - Adding key: http://localhost:56969 for channel [id: 0xe91bc50f, L:/127.0.0.1:58425 - R:localhost/127.0.0.1:56969]
11:33:39.274 [Forwarding isElementDisplayed on session d1ad8c1ed041660199d39b96aea23ac9 to remote] DEBUG org.asynchttpclient.netty.request.NettyRequestSender - Using pooled Channel '[id: 0xe91bc50f, L:/127.0.0.1:58425 - R:localhost/127.0.0.1:56969]' for 'POST' to 'http://localhost:56969/session/d1ad8c1ed041660199d39b96aea23ac9/execute/sync'
11:33:39.274 [Forwarding isElementDisplayed on session d1ad8c1ed041660199d39b96aea23ac9 to remote] DEBUG org.asynchttpclient.netty.request.NettyRequestSender - Using open Channel [id: 0xe91bc50f, L:/127.0.0.1:58425 - R:localhost/127.0.0.1:56969] for POST '/session/d1ad8c1ed041660199d39b96aea23ac9/execute/sync'
11:33:39.304 [AsyncHttpClient-1-8] DEBUG org.asynchttpclient.netty.handler.HttpHandler - 

Request DefaultHttpRequest(decodeResult: success, version: HTTP/1.1)
POST /session/d1ad8c1ed041660199d39b96aea23ac9/execute/sync HTTP/1.1
User-Agent: selenium/4.1.2 (java windows)
Content-Length: 48780
Content-Type: application/json; charset=utf-8
host: localhost:56969
accept: */*

Response DefaultHttpResponse(decodeResult: success, version: HTTP/1.1)
HTTP/1.1 200 OK
Content-Type: application/json; charset=utf-8
cache-control: no-cache
content-length: 14

11:33:39.304 [AsyncHttpClient-1-8] DEBUG org.asynchttpclient.netty.channel.ChannelManager - Adding key: http://localhost:56969 for channel [id: 0xe91bc50f, L:/127.0.0.1:58425 - R:localhost/127.0.0.1:56969]
11:33:39.309 [Forwarding screenshot on session d1ad8c1ed041660199d39b96aea23ac9 to remote] DEBUG org.asynchttpclient.netty.request.NettyRequestSender - Using pooled Channel '[id: 0xe91bc50f, L:/127.0.0.1:58425 - R:localhost/127.0.0.1:56969]' for 'GET' to 'http://localhost:56969/session/d1ad8c1ed041660199d39b96aea23ac9/screenshot'
11:33:39.309 [Forwarding screenshot on session d1ad8c1ed041660199d39b96aea23ac9 to remote] DEBUG org.asynchttpclient.netty.request.NettyRequestSender - Using open Channel [id: 0xe91bc50f, L:/127.0.0.1:58425 - R:localhost/127.0.0.1:56969] for GET '/session/d1ad8c1ed041660199d39b96aea23ac9/screenshot'
11:33:39.505 [AsyncHttpClient-1-8] DEBUG org.asynchttpclient.netty.handler.HttpHandler - 

Request DefaultFullHttpRequest(decodeResult: success, version: HTTP/1.1, content: EmptyByteBufBE)
GET /session/d1ad8c1ed041660199d39b96aea23ac9/screenshot HTTP/1.1
User-Agent: selenium/4.1.2 (java windows)
Cache-Control: no-cache
Content-Type: application/json; charset=utf-8
host: localhost:56969
accept: */*

Response DefaultHttpResponse(decodeResult: success, version: HTTP/1.1)
HTTP/1.1 200 OK
Content-Type: application/json; charset=utf-8
cache-control: no-cache
content-length: 140636

11:33:39.506 [AsyncHttpClient-1-8] DEBUG org.asynchttpclient.netty.channel.ChannelManager - Adding key: http://localhost:56969 for channel [id: 0xe91bc50f, L:/127.0.0.1:58425 - R:localhost/127.0.0.1:56969]
11:33:39.513 [main] DEBUG net.serenitybdd.core.photography.Darkroom - Send negative for processing for target\site\serenity\399f9cc0e9baaca3677e598b13c4f97454ccba6cfbfb2716c52f3f24cd4f9e7f.png
11:33:39.513 [main] DEBUG net.thucydides.core.steps.StepInterceptor - STEP DONE: validationHomePage
11:33:39.513 [Darkroom Processing Line] DEBUG net.serenitybdd.core.photography.DarkroomProcessingLine - Processing screenshot image in /var/screenshots/screenshot-5525532262824685560
  &amp#27;[32mGiven &amp#27;[0m&amp#27;[32mi am on the home page&amp#27;[0m                                &amp#27;[90m# starter.stepdefenitions.BookstoreSteps.onBookstorePage()&amp#27;[0m
11:33:39.513 [Darkroom Processing Line] DEBUG net.serenitybdd.core.photography.DarkroomProcessingLine - Saving screenshot to target\site\serenity\399f9cc0e9baaca3677e598b13c4f97454ccba6cfbfb2716c52f3f24cd4f9e7f.png
11:33:39.529 [main] DEBUG net.thucydides.core.steps.StepInterceptor - STARTING STEP: BookstoreSteps.clickFeatureBookstore - clickFeatureBookstore
11:33:39.532 [Forwarding findElement on session d1ad8c1ed041660199d39b96aea23ac9 to remote] DEBUG org.asynchttpclient.netty.request.NettyRequestSender - Using pooled Channel '[id: 0xe91bc50f, L:/127.0.0.1:58425 - R:localhost/127.0.0.1:56969]' for 'POST' to 'http://localhost:56969/session/d1ad8c1ed041660199d39b96aea23ac9/element'
11:33:39.533 [Forwarding findElement on session d1ad8c1ed041660199d39b96aea23ac9 to remote] DEBUG org.asynchttpclient.netty.request.NettyRequestSender - Using open Channel [id: 0xe91bc50f, L:/127.0.0.1:58425 - R:localhost/127.0.0.1:56969] for POST '/session/d1ad8c1ed041660199d39b96aea23ac9/element'
11:33:39.547 [AsyncHttpClient-1-8] DEBUG org.asynchttpclient.netty.handler.HttpHandler - 

Request DefaultHttpRequest(decodeResult: success, version: HTTP/1.1)
POST /session/d1ad8c1ed041660199d39b96aea23ac9/element HTTP/1.1
User-Agent: selenium/4.1.2 (java windows)
Content-Length: 86
Content-Type: application/json; charset=utf-8
host: localhost:56969
accept: */*

Response DefaultHttpResponse(decodeResult: success, version: HTTP/1.1)
HTTP/1.1 200 OK
Content-Type: application/json; charset=utf-8
cache-control: no-cache
content-length: 88

11:33:39.547 [AsyncHttpClient-1-8] DEBUG org.asynchttpclient.netty.channel.ChannelManager - Adding key: http://localhost:56969 for channel [id: 0xe91bc50f, L:/127.0.0.1:58425 - R:localhost/127.0.0.1:56969]
11:33:39.549 [Forwarding getElementTagName on session d1ad8c1ed041660199d39b96aea23ac9 to remote] DEBUG org.asynchttpclient.netty.request.NettyRequestSender - Using pooled Channel '[id: 0xe91bc50f, L:/127.0.0.1:58425 - R:localhost/127.0.0.1:56969]' for 'GET' to 'http://localhost:56969/session/d1ad8c1ed041660199d39b96aea23ac9/element/5349a018-80ae-4f6d-a1be-c30bfdddb3ba/name'
11:33:39.549 [Forwarding getElementTagName on session d1ad8c1ed041660199d39b96aea23ac9 to remote] DEBUG org.asynchttpclient.netty.request.NettyRequestSender - Using open Channel [id: 0xe91bc50f, L:/127.0.0.1:58425 - R:localhost/127.0.0.1:56969] for GET '/session/d1ad8c1ed041660199d39b96aea23ac9/element/5349a018-80ae-4f6d-a1be-c30bfdddb3ba/name'
11:33:39.555 [AsyncHttpClient-1-8] DEBUG org.asynchttpclient.netty.handler.HttpHandler - 

Request DefaultFullHttpRequest(decodeResult: success, version: HTTP/1.1, content: EmptyByteBufBE)
GET /session/d1ad8c1ed041660199d39b96aea23ac9/element/5349a018-80ae-4f6d-a1be-c30bfdddb3ba/name HTTP/1.1
User-Agent: selenium/4.1.2 (java windows)
Cache-Control: no-cache
Content-Type: application/json; charset=utf-8
host: localhost:56969
accept: */*

Response DefaultHttpResponse(decodeResult: success, version: HTTP/1.1)
HTTP/1.1 200 OK
Content-Type: application/json; charset=utf-8
cache-control: no-cache
content-length: 15

11:33:39.555 [AsyncHttpClient-1-8] DEBUG org.asynchttpclient.netty.channel.ChannelManager - Adding key: http://localhost:56969 for channel [id: 0xe91bc50f, L:/127.0.0.1:58425 - R:localhost/127.0.0.1:56969]
11:33:39.557 [Forwarding getElementTagName on session d1ad8c1ed041660199d39b96aea23ac9 to remote] DEBUG org.asynchttpclient.netty.request.NettyRequestSender - Using pooled Channel '[id: 0xe91bc50f, L:/127.0.0.1:58425 - R:localhost/127.0.0.1:56969]' for 'GET' to 'http://localhost:56969/session/d1ad8c1ed041660199d39b96aea23ac9/element/5349a018-80ae-4f6d-a1be-c30bfdddb3ba/name'
11:33:39.557 [Forwarding getElementTagName on session d1ad8c1ed041660199d39b96aea23ac9 to remote] DEBUG org.asynchttpclient.netty.request.NettyRequestSender - Using open Channel [id: 0xe91bc50f, L:/127.0.0.1:58425 - R:localhost/127.0.0.1:56969] for GET '/session/d1ad8c1ed041660199d39b96aea23ac9/element/5349a018-80ae-4f6d-a1be-c30bfdddb3ba/name'
11:33:39.562 [AsyncHttpClient-1-8] DEBUG org.asynchttpclient.netty.handler.HttpHandler - 

Request DefaultFullHttpRequest(decodeResult: success, version: HTTP/1.1, content: EmptyByteBufBE)
GET /session/d1ad8c1ed041660199d39b96aea23ac9/element/5349a018-80ae-4f6d-a1be-c30bfdddb3ba/name HTTP/1.1
User-Agent: selenium/4.1.2 (java windows)
Cache-Control: no-cache
Content-Type: application/json; charset=utf-8
host: localhost:56969
accept: */*

Response DefaultHttpResponse(decodeResult: success, version: HTTP/1.1)
HTTP/1.1 200 OK
Content-Type: application/json; charset=utf-8
cache-control: no-cache
content-length: 15

11:33:39.562 [AsyncHttpClient-1-8] DEBUG org.asynchttpclient.netty.channel.ChannelManager - Adding key: http://localhost:56969 for channel [id: 0xe91bc50f, L:/127.0.0.1:58425 - R:localhost/127.0.0.1:56969]
11:33:39.565 [Forwarding findElement on session d1ad8c1ed041660199d39b96aea23ac9 to remote] DEBUG org.asynchttpclient.netty.request.NettyRequestSender - Using pooled Channel '[id: 0xe91bc50f, L:/127.0.0.1:58425 - R:localhost/127.0.0.1:56969]' for 'POST' to 'http://localhost:56969/session/d1ad8c1ed041660199d39b96aea23ac9/element'
11:33:39.566 [Forwarding findElement on session d1ad8c1ed041660199d39b96aea23ac9 to remote] DEBUG org.asynchttpclient.netty.request.NettyRequestSender - Using open Channel [id: 0xe91bc50f, L:/127.0.0.1:58425 - R:localhost/127.0.0.1:56969] for POST '/session/d1ad8c1ed041660199d39b96aea23ac9/element'
11:33:39.575 [AsyncHttpClient-1-8] DEBUG org.asynchttpclient.netty.handler.HttpHandler - 

Request DefaultHttpRequest(decodeResult: success, version: HTTP/1.1)
POST /session/d1ad8c1ed041660199d39b96aea23ac9/element HTTP/1.1
User-Agent: selenium/4.1.2 (java windows)
Content-Length: 86
Content-Type: application/json; charset=utf-8
host: localhost:56969
accept: */*

Response DefaultHttpResponse(decodeResult: success, version: HTTP/1.1)
HTTP/1.1 200 OK
Content-Type: application/json; charset=utf-8
cache-control: no-cache
content-length: 88

11:33:39.575 [AsyncHttpClient-1-8] DEBUG org.asynchttpclient.netty.channel.ChannelManager - Adding key: http://localhost:56969 for channel [id: 0xe91bc50f, L:/127.0.0.1:58425 - R:localhost/127.0.0.1:56969]
11:33:39.578 [Forwarding clickElement on session d1ad8c1ed041660199d39b96aea23ac9 to remote] DEBUG org.asynchttpclient.netty.request.NettyRequestSender - Using pooled Channel '[id: 0xe91bc50f, L:/127.0.0.1:58425 - R:localhost/127.0.0.1:56969]' for 'POST' to 'http://localhost:56969/session/d1ad8c1ed041660199d39b96aea23ac9/element/5349a018-80ae-4f6d-a1be-c30bfdddb3ba/click'
11:33:39.579 [Forwarding clickElement on session d1ad8c1ed041660199d39b96aea23ac9 to remote] DEBUG org.asynchttpclient.netty.request.NettyRequestSender - Using open Channel [id: 0xe91bc50f, L:/127.0.0.1:58425 - R:localhost/127.0.0.1:56969] for POST '/session/d1ad8c1ed041660199d39b96aea23ac9/element/5349a018-80ae-4f6d-a1be-c30bfdddb3ba/click'
11:33:39.768 [AsyncHttpClient-1-8] DEBUG org.asynchttpclient.netty.handler.HttpHandler - 

Request DefaultHttpRequest(decodeResult: success, version: HTTP/1.1)
POST /session/d1ad8c1ed041660199d39b96aea23ac9/element/5349a018-80ae-4f6d-a1be-c30bfdddb3ba/click HTTP/1.1
User-Agent: selenium/4.1.2 (java windows)
Content-Length: 50
Content-Type: application/json; charset=utf-8
host: localhost:56969
accept: */*

Response DefaultHttpResponse(decodeResult: success, version: HTTP/1.1)
HTTP/1.1 200 OK
Content-Type: application/json; charset=utf-8
cache-control: no-cache
content-length: 14

11:33:39.768 [AsyncHttpClient-1-8] DEBUG org.asynchttpclient.netty.channel.ChannelManager - Adding key: http://localhost:56969 for channel [id: 0xe91bc50f, L:/127.0.0.1:58425 - R:localhost/127.0.0.1:56969]
11:33:39.780 [Forwarding screenshot on session d1ad8c1ed041660199d39b96aea23ac9 to remote] DEBUG org.asynchttpclient.netty.request.NettyRequestSender - Using pooled Channel '[id: 0xe91bc50f, L:/127.0.0.1:58425 - R:localhost/127.0.0.1:56969]' for 'GET' to 'http://localhost:56969/session/d1ad8c1ed041660199d39b96aea23ac9/screenshot'
11:33:39.780 [Forwarding screenshot on session d1ad8c1ed041660199d39b96aea23ac9 to remote] DEBUG org.asynchttpclient.netty.request.NettyRequestSender - Using open Channel [id: 0xe91bc50f, L:/127.0.0.1:58425 - R:localhost/127.0.0.1:56969] for GET '/session/d1ad8c1ed041660199d39b96aea23ac9/screenshot'
11:33:39.990 [AsyncHttpClient-1-8] DEBUG org.asynchttpclient.netty.handler.HttpHandler - 

Request DefaultFullHttpRequest(decodeResult: success, version: HTTP/1.1, content: EmptyByteBufBE)
GET /session/d1ad8c1ed041660199d39b96aea23ac9/screenshot HTTP/1.1
User-Agent: selenium/4.1.2 (java windows)
Cache-Control: no-cache
Content-Type: application/json; charset=utf-8
host: localhost:56969
accept: */*

Response DefaultHttpResponse(decodeResult: success, version: HTTP/1.1)
HTTP/1.1 200 OK
Content-Type: application/json; charset=utf-8
cache-control: no-cache
content-length: 61680

11:33:39.990 [AsyncHttpClient-1-8] DEBUG org.asynchttpclient.netty.channel.ChannelManager - Adding key: http://localhost:56969 for channel [id: 0xe91bc50f, L:/127.0.0.1:58425 - R:localhost/127.0.0.1:56969]
11:33:39.994 [main] DEBUG net.serenitybdd.core.photography.Darkroom - Send negative for processing for target\site\serenity\bf2d6ac6e6241ba4bf8e18fade511edade8f7776b7fbfe49537416ed83d548d0.png
11:33:39.994 [main] DEBUG net.thucydides.core.steps.StepInterceptor - STEP DONE: clickFeatureBookstore
11:33:39.994 [Darkroom Processing Line] DEBUG net.serenitybdd.core.photography.DarkroomProcessingLine - Processing screenshot image in /var/screenshots/screenshot-4339806542270510165
11:33:39.994 [Darkroom Processing Line] DEBUG net.serenitybdd.core.photography.DarkroomProcessingLine - Saving screenshot to target\site\serenity\bf2d6ac6e6241ba4bf8e18fade511edade8f7776b7fbfe49537416ed83d548d0.png
  &amp#27;[32mWhen &amp#27;[0m&amp#27;[32mi click feature bookstore&amp#27;[0m                             &amp#27;[90m# starter.stepdefenitions.BookstoreSteps.clickFeatureBookstore()&amp#27;[0m
11:33:40.000 [AsyncHttpClient-1-1] DEBUG org.asynchttpclient.netty.channel.DefaultChannelPool - Entry count for : http://localhost:56969 : 1
11:33:40.004 [AsyncHttpClient-1-1] DEBUG org.asynchttpclient.netty.channel.DefaultChannelPool - Entry count for : http://localhost:58426 : 1
11:33:40.041 [main] DEBUG net.thucydides.core.steps.StepInterceptor - STARTING STEP: LoginSteps.clickLoginButtonInBookstore - clickLoginButtonOnBookstore
11:33:40.044 [Forwarding findElement on session d1ad8c1ed041660199d39b96aea23ac9 to remote] DEBUG org.asynchttpclient.netty.request.NettyRequestSender - Using pooled Channel '[id: 0xe91bc50f, L:/127.0.0.1:58425 - R:localhost/127.0.0.1:56969]' for 'POST' to 'http://localhost:56969/session/d1ad8c1ed041660199d39b96aea23ac9/element'
11:33:40.044 [Forwarding findElement on session d1ad8c1ed041660199d39b96aea23ac9 to remote] DEBUG org.asynchttpclient.netty.request.NettyRequestSender - Using open Channel [id: 0xe91bc50f, L:/127.0.0.1:58425 - R:localhost/127.0.0.1:56969] for POST '/session/d1ad8c1ed041660199d39b96aea23ac9/element'
11:33:40.139 [AsyncHttpClient-1-8] DEBUG org.asynchttpclient.netty.handler.HttpHandler - 

Request DefaultHttpRequest(decodeResult: success, version: HTTP/1.1)
POST /session/d1ad8c1ed041660199d39b96aea23ac9/element HTTP/1.1
User-Agent: selenium/4.1.2 (java windows)
Content-Length: 68
Content-Type: application/json; charset=utf-8
host: localhost:56969
accept: */*

Response DefaultHttpResponse(decodeResult: success, version: HTTP/1.1)
HTTP/1.1 200 OK
Content-Type: application/json; charset=utf-8
cache-control: no-cache
content-length: 88

11:33:40.139 [AsyncHttpClient-1-8] DEBUG org.asynchttpclient.netty.channel.ChannelManager - Adding key: http://localhost:56969 for channel [id: 0xe91bc50f, L:/127.0.0.1:58425 - R:localhost/127.0.0.1:56969]
11:33:40.142 [Forwarding getElementTagName on session d1ad8c1ed041660199d39b96aea23ac9 to remote] DEBUG org.asynchttpclient.netty.request.NettyRequestSender - Using pooled Channel '[id: 0xe91bc50f, L:/127.0.0.1:58425 - R:localhost/127.0.0.1:56969]' for 'GET' to 'http://localhost:56969/session/d1ad8c1ed041660199d39b96aea23ac9/element/9a7958e7-9c29-4ea5-9e07-0af8a9113adc/name'
11:33:40.142 [Forwarding getElementTagName on session d1ad8c1ed041660199d39b96aea23ac9 to remote] DEBUG org.asynchttpclient.netty.request.NettyRequestSender - Using open Channel [id: 0xe91bc50f, L:/127.0.0.1:58425 - R:localhost/127.0.0.1:56969] for GET '/session/d1ad8c1ed041660199d39b96aea23ac9/element/9a7958e7-9c29-4ea5-9e07-0af8a9113adc/name'
11:33:40.147 [AsyncHttpClient-1-8] DEBUG org.asynchttpclient.netty.handler.HttpHandler - 

Request DefaultFullHttpRequest(decodeResult: success, version: HTTP/1.1, content: EmptyByteBufBE)
GET /session/d1ad8c1ed041660199d39b96aea23ac9/element/9a7958e7-9c29-4ea5-9e07-0af8a9113adc/name HTTP/1.1
User-Agent: selenium/4.1.2 (java windows)
Cache-Control: no-cache
Content-Type: application/json; charset=utf-8
host: localhost:56969
accept: */*

Response DefaultHttpResponse(decodeResult: success, version: HTTP/1.1)
HTTP/1.1 200 OK
Content-Type: application/json; charset=utf-8
cache-control: no-cache
content-length: 18

11:33:40.147 [AsyncHttpClient-1-8] DEBUG org.asynchttpclient.netty.channel.ChannelManager - Adding key: http://localhost:56969 for channel [id: 0xe91bc50f, L:/127.0.0.1:58425 - R:localhost/127.0.0.1:56969]
11:33:40.149 [Forwarding getElementTagName on session d1ad8c1ed041660199d39b96aea23ac9 to remote] DEBUG org.asynchttpclient.netty.request.NettyRequestSender - Using pooled Channel '[id: 0xe91bc50f, L:/127.0.0.1:58425 - R:localhost/127.0.0.1:56969]' for 'GET' to 'http://localhost:56969/session/d1ad8c1ed041660199d39b96aea23ac9/element/9a7958e7-9c29-4ea5-9e07-0af8a9113adc/name'
11:33:40.149 [Forwarding getElementTagName on session d1ad8c1ed041660199d39b96aea23ac9 to remote] DEBUG org.asynchttpclient.netty.request.NettyRequestSender - Using open Channel [id: 0xe91bc50f, L:/127.0.0.1:58425 - R:localhost/127.0.0.1:56969] for GET '/session/d1ad8c1ed041660199d39b96aea23ac9/element/9a7958e7-9c29-4ea5-9e07-0af8a9113adc/name'
11:33:40.156 [AsyncHttpClient-1-8] DEBUG org.asynchttpclient.netty.handler.HttpHandler - 

Request DefaultFullHttpRequest(decodeResult: success, version: HTTP/1.1, content: EmptyByteBufBE)
GET /session/d1ad8c1ed041660199d39b96aea23ac9/element/9a7958e7-9c29-4ea5-9e07-0af8a9113adc/name HTTP/1.1
User-Agent: selenium/4.1.2 (java windows)
Cache-Control: no-cache
Content-Type: application/json; charset=utf-8
host: localhost:56969
accept: */*

Response DefaultHttpResponse(decodeResult: success, version: HTTP/1.1)
HTTP/1.1 200 OK
Content-Type: application/json; charset=utf-8
cache-control: no-cache
content-length: 18

11:33:40.157 [AsyncHttpClient-1-8] DEBUG org.asynchttpclient.netty.channel.ChannelManager - Adding key: http://localhost:56969 for channel [id: 0xe91bc50f, L:/127.0.0.1:58425 - R:localhost/127.0.0.1:56969]
11:33:40.159 [Forwarding isElementEnabled on session d1ad8c1ed041660199d39b96aea23ac9 to remote] DEBUG org.asynchttpclient.netty.request.NettyRequestSender - Using pooled Channel '[id: 0xe91bc50f, L:/127.0.0.1:58425 - R:localhost/127.0.0.1:56969]' for 'GET' to 'http://localhost:56969/session/d1ad8c1ed041660199d39b96aea23ac9/element/9a7958e7-9c29-4ea5-9e07-0af8a9113adc/enabled'
11:33:40.159 [Forwarding isElementEnabled on session d1ad8c1ed041660199d39b96aea23ac9 to remote] DEBUG org.asynchttpclient.netty.request.NettyRequestSender - Using open Channel [id: 0xe91bc50f, L:/127.0.0.1:58425 - R:localhost/127.0.0.1:56969] for GET '/session/d1ad8c1ed041660199d39b96aea23ac9/element/9a7958e7-9c29-4ea5-9e07-0af8a9113adc/enabled'
11:33:40.168 [AsyncHttpClient-1-8] DEBUG org.asynchttpclient.netty.handler.HttpHandler - 

Request DefaultFullHttpRequest(decodeResult: success, version: HTTP/1.1, content: EmptyByteBufBE)
GET /session/d1ad8c1ed041660199d39b96aea23ac9/element/9a7958e7-9c29-4ea5-9e07-0af8a9113adc/enabled HTTP/1.1
User-Agent: selenium/4.1.2 (java windows)
Cache-Control: no-cache
Content-Type: application/json; charset=utf-8
host: localhost:56969
accept: */*

Response DefaultHttpResponse(decodeResult: success, version: HTTP/1.1)
HTTP/1.1 200 OK
Content-Type: application/json; charset=utf-8
cache-control: no-cache
content-length: 14

11:33:40.169 [AsyncHttpClient-1-8] DEBUG org.asynchttpclient.netty.channel.ChannelManager - Adding key: http://localhost:56969 for channel [id: 0xe91bc50f, L:/127.0.0.1:58425 - R:localhost/127.0.0.1:56969]
11:33:40.171 [Forwarding isElementEnabled on session d1ad8c1ed041660199d39b96aea23ac9 to remote] DEBUG org.asynchttpclient.netty.request.NettyRequestSender - Using pooled Channel '[id: 0xe91bc50f, L:/127.0.0.1:58425 - R:localhost/127.0.0.1:56969]' for 'GET' to 'http://localhost:56969/session/d1ad8c1ed041660199d39b96aea23ac9/element/9a7958e7-9c29-4ea5-9e07-0af8a9113adc/enabled'
11:33:40.172 [Forwarding isElementEnabled on session d1ad8c1ed041660199d39b96aea23ac9 to remote] DEBUG org.asynchttpclient.netty.request.NettyRequestSender - Using open Channel [id: 0xe91bc50f, L:/127.0.0.1:58425 - R:localhost/127.0.0.1:56969] for GET '/session/d1ad8c1ed041660199d39b96aea23ac9/element/9a7958e7-9c29-4ea5-9e07-0af8a9113adc/enabled'
11:33:40.178 [AsyncHttpClient-1-8] DEBUG org.asynchttpclient.netty.handler.HttpHandler - 

Request DefaultFullHttpRequest(decodeResult: success, version: HTTP/1.1, content: EmptyByteBufBE)
GET /session/d1ad8c1ed041660199d39b96aea23ac9/element/9a7958e7-9c29-4ea5-9e07-0af8a9113adc/enabled HTTP/1.1
User-Agent: selenium/4.1.2 (java windows)
Cache-Control: no-cache
Content-Type: application/json; charset=utf-8
host: localhost:56969
accept: */*

Response DefaultHttpResponse(decodeResult: success, version: HTTP/1.1)
HTTP/1.1 200 OK
Content-Type: application/json; charset=utf-8
cache-control: no-cache
content-length: 14

11:33:40.178 [AsyncHttpClient-1-8] DEBUG org.asynchttpclient.netty.channel.ChannelManager - Adding key: http://localhost:56969 for channel [id: 0xe91bc50f, L:/127.0.0.1:58425 - R:localhost/127.0.0.1:56969]
11:33:40.180 [Forwarding findElement on session d1ad8c1ed041660199d39b96aea23ac9 to remote] DEBUG org.asynchttpclient.netty.request.NettyRequestSender - Using pooled Channel '[id: 0xe91bc50f, L:/127.0.0.1:58425 - R:localhost/127.0.0.1:56969]' for 'POST' to 'http://localhost:56969/session/d1ad8c1ed041660199d39b96aea23ac9/element'
11:33:40.180 [Forwarding findElement on session d1ad8c1ed041660199d39b96aea23ac9 to remote] DEBUG org.asynchttpclient.netty.request.NettyRequestSender - Using open Channel [id: 0xe91bc50f, L:/127.0.0.1:58425 - R:localhost/127.0.0.1:56969] for POST '/session/d1ad8c1ed041660199d39b96aea23ac9/element'
11:33:40.189 [AsyncHttpClient-1-8] DEBUG org.asynchttpclient.netty.handler.HttpHandler - 

Request DefaultHttpRequest(decodeResult: success, version: HTTP/1.1)
POST /session/d1ad8c1ed041660199d39b96aea23ac9/element HTTP/1.1
User-Agent: selenium/4.1.2 (java windows)
Content-Length: 68
Content-Type: application/json; charset=utf-8
host: localhost:56969
accept: */*

Response DefaultHttpResponse(decodeResult: success, version: HTTP/1.1)
HTTP/1.1 200 OK
Content-Type: application/json; charset=utf-8
cache-control: no-cache
content-length: 88

11:33:40.189 [AsyncHttpClient-1-8] DEBUG org.asynchttpclient.netty.channel.ChannelManager - Adding key: http://localhost:56969 for channel [id: 0xe91bc50f, L:/127.0.0.1:58425 - R:localhost/127.0.0.1:56969]
11:33:40.191 [Forwarding clickElement on session d1ad8c1ed041660199d39b96aea23ac9 to remote] DEBUG org.asynchttpclient.netty.request.NettyRequestSender - Using pooled Channel '[id: 0xe91bc50f, L:/127.0.0.1:58425 - R:localhost/127.0.0.1:56969]' for 'POST' to 'http://localhost:56969/session/d1ad8c1ed041660199d39b96aea23ac9/element/9a7958e7-9c29-4ea5-9e07-0af8a9113adc/click'
11:33:40.191 [Forwarding clickElement on session d1ad8c1ed041660199d39b96aea23ac9 to remote] DEBUG org.asynchttpclient.netty.request.NettyRequestSender - Using open Channel [id: 0xe91bc50f, L:/127.0.0.1:58425 - R:localhost/127.0.0.1:56969] for POST '/session/d1ad8c1ed041660199d39b96aea23ac9/element/9a7958e7-9c29-4ea5-9e07-0af8a9113adc/click'
11:33:40.264 [AsyncHttpClient-1-8] DEBUG org.asynchttpclient.netty.handler.HttpHandler - 

Request DefaultHttpRequest(decodeResult: success, version: HTTP/1.1)
POST /session/d1ad8c1ed041660199d39b96aea23ac9/element/9a7958e7-9c29-4ea5-9e07-0af8a9113adc/click HTTP/1.1
User-Agent: selenium/4.1.2 (java windows)
Content-Length: 50
Content-Type: application/json; charset=utf-8
host: localhost:56969
accept: */*

Response DefaultHttpResponse(decodeResult: success, version: HTTP/1.1)
HTTP/1.1 200 OK
Content-Type: application/json; charset=utf-8
cache-control: no-cache
content-length: 14

11:33:40.265 [AsyncHttpClient-1-8] DEBUG org.asynchttpclient.netty.channel.ChannelManager - Adding key: http://localhost:56969 for channel [id: 0xe91bc50f, L:/127.0.0.1:58425 - R:localhost/127.0.0.1:56969]
11:33:40.279 [Forwarding screenshot on session d1ad8c1ed041660199d39b96aea23ac9 to remote] DEBUG org.asynchttpclient.netty.request.NettyRequestSender - Using pooled Channel '[id: 0xe91bc50f, L:/127.0.0.1:58425 - R:localhost/127.0.0.1:56969]' for 'GET' to 'http://localhost:56969/session/d1ad8c1ed041660199d39b96aea23ac9/screenshot'
11:33:40.279 [Forwarding screenshot on session d1ad8c1ed041660199d39b96aea23ac9 to remote] DEBUG org.asynchttpclient.netty.request.NettyRequestSender - Using open Channel [id: 0xe91bc50f, L:/127.0.0.1:58425 - R:localhost/127.0.0.1:56969] for GET '/session/d1ad8c1ed041660199d39b96aea23ac9/screenshot'
11:33:40.472 [AsyncHttpClient-1-8] DEBUG org.asynchttpclient.netty.handler.HttpHandler - 

Request DefaultFullHttpRequest(decodeResult: success, version: HTTP/1.1, content: EmptyByteBufBE)
GET /session/d1ad8c1ed041660199d39b96aea23ac9/screenshot HTTP/1.1
User-Agent: selenium/4.1.2 (java windows)
Cache-Control: no-cache
Content-Type: application/json; charset=utf-8
host: localhost:56969
accept: */*

Response DefaultHttpResponse(decodeResult: success, version: HTTP/1.1)
HTTP/1.1 200 OK
Content-Type: application/json; charset=utf-8
cache-control: no-cache
content-length: 165756

11:33:40.474 [AsyncHttpClient-1-8] DEBUG org.asynchttpclient.netty.channel.ChannelManager - Adding key: http://localhost:56969 for channel [id: 0xe91bc50f, L:/127.0.0.1:58425 - R:localhost/127.0.0.1:56969]
11:33:40.483 [main] DEBUG net.serenitybdd.core.photography.Darkroom - Send negative for processing for target\site\serenity\d3586b3149456d17a1c866c057f6ea22175b4d5effcf5535399e25ed735436bd.png
11:33:40.483 [main] DEBUG net.thucydides.core.steps.StepInterceptor - STEP DONE: clickLoginButtonOnBookstore
11:33:40.484 [Darkroom Processing Line] DEBUG net.serenitybdd.core.photography.DarkroomProcessingLine - Processing screenshot image in /var/screenshots/screenshot-6346794798218590911
11:33:40.484 [Darkroom Processing Line] DEBUG net.serenitybdd.core.photography.DarkroomProcessingLine - Saving screenshot to target\site\serenity\d3586b3149456d17a1c866c057f6ea22175b4d5effcf5535399e25ed735436bd.png
  &amp#27;[32mAnd &amp#27;[0m&amp#27;[32mi click login button in bookstore page&amp#27;[0m                 &amp#27;[90m# starter.stepdefenitions.LoginSteps.clickLoginButtonInBookstore()&amp#27;[0m
11:33:40.498 [main] DEBUG net.thucydides.core.steps.StepInterceptor - STARTING STEP: LoginSteps.onLoginPage - validationOnLoginPage
11:33:40.500 [Forwarding findElement on session d1ad8c1ed041660199d39b96aea23ac9 to remote] DEBUG org.asynchttpclient.netty.request.NettyRequestSender - Using pooled Channel '[id: 0xe91bc50f, L:/127.0.0.1:58425 - R:localhost/127.0.0.1:56969]' for 'POST' to 'http://localhost:56969/session/d1ad8c1ed041660199d39b96aea23ac9/element'
11:33:40.501 [Forwarding findElement on session d1ad8c1ed041660199d39b96aea23ac9 to remote] DEBUG org.asynchttpclient.netty.request.NettyRequestSender - Using open Channel [id: 0xe91bc50f, L:/127.0.0.1:58425 - R:localhost/127.0.0.1:56969] for POST '/session/d1ad8c1ed041660199d39b96aea23ac9/element'
11:33:40.514 [AsyncHttpClient-1-8] DEBUG org.asynchttpclient.netty.handler.HttpHandler - 

Request DefaultHttpRequest(decodeResult: success, version: HTTP/1.1)
POST /session/d1ad8c1ed041660199d39b96aea23ac9/element HTTP/1.1
User-Agent: selenium/4.1.2 (java windows)
Content-Length: 53
Content-Type: application/json; charset=utf-8
host: localhost:56969
accept: */*

Response DefaultHttpResponse(decodeResult: success, version: HTTP/1.1)
HTTP/1.1 200 OK
Content-Type: application/json; charset=utf-8
cache-control: no-cache
content-length: 88

11:33:40.514 [AsyncHttpClient-1-8] DEBUG org.asynchttpclient.netty.channel.ChannelManager - Adding key: http://localhost:56969 for channel [id: 0xe91bc50f, L:/127.0.0.1:58425 - R:localhost/127.0.0.1:56969]
11:33:40.518 [Forwarding isElementDisplayed on session d1ad8c1ed041660199d39b96aea23ac9 to remote] DEBUG org.asynchttpclient.netty.request.NettyRequestSender - Using pooled Channel '[id: 0xe91bc50f, L:/127.0.0.1:58425 - R:localhost/127.0.0.1:56969]' for 'POST' to 'http://localhost:56969/session/d1ad8c1ed041660199d39b96aea23ac9/execute/sync'
11:33:40.518 [Forwarding isElementDisplayed on session d1ad8c1ed041660199d39b96aea23ac9 to remote] DEBUG org.asynchttpclient.netty.request.NettyRequestSender - Using open Channel [id: 0xe91bc50f, L:/127.0.0.1:58425 - R:localhost/127.0.0.1:56969] for POST '/session/d1ad8c1ed041660199d39b96aea23ac9/execute/sync'
11:33:40.534 [AsyncHttpClient-1-8] DEBUG org.asynchttpclient.netty.handler.HttpHandler - 

Request DefaultHttpRequest(decodeResult: success, version: HTTP/1.1)
POST /session/d1ad8c1ed041660199d39b96aea23ac9/execute/sync HTTP/1.1
User-Agent: selenium/4.1.2 (java windows)
Content-Length: 48780
Content-Type: application/json; charset=utf-8
host: localhost:56969
accept: */*

Response DefaultHttpResponse(decodeResult: success, version: HTTP/1.1)
HTTP/1.1 200 OK
Content-Type: application/json; charset=utf-8
cache-control: no-cache
content-length: 14

11:33:40.534 [AsyncHttpClient-1-8] DEBUG org.asynchttpclient.netty.channel.ChannelManager - Adding key: http://localhost:56969 for channel [id: 0xe91bc50f, L:/127.0.0.1:58425 - R:localhost/127.0.0.1:56969]
11:33:40.539 [Forwarding screenshot on session d1ad8c1ed041660199d39b96aea23ac9 to remote] DEBUG org.asynchttpclient.netty.request.NettyRequestSender - Using pooled Channel '[id: 0xe91bc50f, L:/127.0.0.1:58425 - R:localhost/127.0.0.1:56969]' for 'GET' to 'http://localhost:56969/session/d1ad8c1ed041660199d39b96aea23ac9/screenshot'
11:33:40.539 [Forwarding screenshot on session d1ad8c1ed041660199d39b96aea23ac9 to remote] DEBUG org.asynchttpclient.netty.request.NettyRequestSender - Using open Channel [id: 0xe91bc50f, L:/127.0.0.1:58425 - R:localhost/127.0.0.1:56969] for GET '/session/d1ad8c1ed041660199d39b96aea23ac9/screenshot'
11:33:40.709 [AsyncHttpClient-1-8] DEBUG org.asynchttpclient.netty.handler.HttpHandler - 

Request DefaultFullHttpRequest(decodeResult: success, version: HTTP/1.1, content: EmptyByteBufBE)
GET /session/d1ad8c1ed041660199d39b96aea23ac9/screenshot HTTP/1.1
User-Agent: selenium/4.1.2 (java windows)
Cache-Control: no-cache
Content-Type: application/json; charset=utf-8
host: localhost:56969
accept: */*

Response DefaultHttpResponse(decodeResult: success, version: HTTP/1.1)
HTTP/1.1 200 OK
Content-Type: application/json; charset=utf-8
cache-control: no-cache
content-length: 164324

11:33:40.710 [AsyncHttpClient-1-8] DEBUG org.asynchttpclient.netty.channel.ChannelManager - Adding key: http://localhost:56969 for channel [id: 0xe91bc50f, L:/127.0.0.1:58425 - R:localhost/127.0.0.1:56969]
11:33:40.720 [main] DEBUG net.serenitybdd.core.photography.Darkroom - Send negative for processing for target\site\serenity\f9d1fd86681d33e9ac2c9bfc283d94f26cf3df4f7d4295acb65eaa928e196d8b.png
11:33:40.720 [main] DEBUG net.thucydides.core.steps.StepInterceptor - STEP DONE: validationOnLoginPage
11:33:40.720 [Darkroom Processing Line] DEBUG net.serenitybdd.core.photography.DarkroomProcessingLine - Processing screenshot image in /var/screenshots/screenshot-550595513183379515
11:33:40.720 [Darkroom Processing Line] DEBUG net.serenitybdd.core.photography.DarkroomProcessingLine - Saving screenshot to target\site\serenity\f9d1fd86681d33e9ac2c9bfc283d94f26cf3df4f7d4295acb65eaa928e196d8b.png
  &amp#27;[32mGiven &amp#27;[0m&amp#27;[32mi am on the login page&amp#27;[0m                               &amp#27;[90m# starter.stepdefenitions.LoginSteps.onLoginPage()&amp#27;[0m
11:33:40.735 [main] DEBUG net.thucydides.core.steps.StepInterceptor - STARTING STEP: LoginSteps.notInputUsernamePassword - inputPassword
11:33:40.737 [Forwarding findElement on session d1ad8c1ed041660199d39b96aea23ac9 to remote] DEBUG org.asynchttpclient.netty.request.NettyRequestSender - Using pooled Channel '[id: 0xe91bc50f, L:/127.0.0.1:58425 - R:localhost/127.0.0.1:56969]' for 'POST' to 'http://localhost:56969/session/d1ad8c1ed041660199d39b96aea23ac9/element'
11:33:40.738 [Forwarding findElement on session d1ad8c1ed041660199d39b96aea23ac9 to remote] DEBUG org.asynchttpclient.netty.request.NettyRequestSender - Using open Channel [id: 0xe91bc50f, L:/127.0.0.1:58425 - R:localhost/127.0.0.1:56969] for POST '/session/d1ad8c1ed041660199d39b96aea23ac9/element'
11:33:40.751 [AsyncHttpClient-1-8] DEBUG org.asynchttpclient.netty.handler.HttpHandler - 

Request DefaultHttpRequest(decodeResult: success, version: HTTP/1.1)
POST /session/d1ad8c1ed041660199d39b96aea23ac9/element HTTP/1.1
User-Agent: selenium/4.1.2 (java windows)
Content-Length: 70
Content-Type: application/json; charset=utf-8
host: localhost:56969
accept: */*

Response DefaultHttpResponse(decodeResult: success, version: HTTP/1.1)
HTTP/1.1 200 OK
Content-Type: application/json; charset=utf-8
cache-control: no-cache
content-length: 88

11:33:40.751 [AsyncHttpClient-1-8] DEBUG org.asynchttpclient.netty.channel.ChannelManager - Adding key: http://localhost:56969 for channel [id: 0xe91bc50f, L:/127.0.0.1:58425 - R:localhost/127.0.0.1:56969]
11:33:40.753 [Forwarding clearElement on session d1ad8c1ed041660199d39b96aea23ac9 to remote] DEBUG org.asynchttpclient.netty.request.NettyRequestSender - Using pooled Channel '[id: 0xe91bc50f, L:/127.0.0.1:58425 - R:localhost/127.0.0.1:56969]' for 'POST' to 'http://localhost:56969/session/d1ad8c1ed041660199d39b96aea23ac9/element/fa65c5df-a2da-4ae5-9ca8-d680e48876a1/clear'
11:33:40.753 [Forwarding clearElement on session d1ad8c1ed041660199d39b96aea23ac9 to remote] DEBUG org.asynchttpclient.netty.request.NettyRequestSender - Using open Channel [id: 0xe91bc50f, L:/127.0.0.1:58425 - R:localhost/127.0.0.1:56969] for POST '/session/d1ad8c1ed041660199d39b96aea23ac9/element/fa65c5df-a2da-4ae5-9ca8-d680e48876a1/clear'
11:33:40.789 [AsyncHttpClient-1-8] DEBUG org.asynchttpclient.netty.handler.HttpHandler - 

Request DefaultHttpRequest(decodeResult: success, version: HTTP/1.1)
POST /session/d1ad8c1ed041660199d39b96aea23ac9/element/fa65c5df-a2da-4ae5-9ca8-d680e48876a1/clear HTTP/1.1
User-Agent: selenium/4.1.2 (java windows)
Content-Length: 50
Content-Type: application/json; charset=utf-8
host: localhost:56969
accept: */*

Response DefaultHttpResponse(decodeResult: success, version: HTTP/1.1)
HTTP/1.1 200 OK
Content-Type: application/json; charset=utf-8
cache-control: no-cache
content-length: 14

11:33:40.789 [AsyncHttpClient-1-8] DEBUG org.asynchttpclient.netty.channel.ChannelManager - Adding key: http://localhost:56969 for channel [id: 0xe91bc50f, L:/127.0.0.1:58425 - R:localhost/127.0.0.1:56969]
11:33:40.791 [Forwarding sendKeysToElement on session d1ad8c1ed041660199d39b96aea23ac9 to remote] DEBUG org.asynchttpclient.netty.request.NettyRequestSender - Using pooled Channel '[id: 0xe91bc50f, L:/127.0.0.1:58425 - R:localhost/127.0.0.1:56969]' for 'POST' to 'http://localhost:56969/session/d1ad8c1ed041660199d39b96aea23ac9/element/fa65c5df-a2da-4ae5-9ca8-d680e48876a1/value'
11:33:40.791 [Forwarding sendKeysToElement on session d1ad8c1ed041660199d39b96aea23ac9 to remote] DEBUG org.asynchttpclient.netty.request.NettyRequestSender - Using open Channel [id: 0xe91bc50f, L:/127.0.0.1:58425 - R:localhost/127.0.0.1:56969] for POST '/session/d1ad8c1ed041660199d39b96aea23ac9/element/fa65c5df-a2da-4ae5-9ca8-d680e48876a1/value'
11:33:40.834 [AsyncHttpClient-1-8] DEBUG org.asynchttpclient.netty.handler.HttpHandler - 

Request DefaultHttpRequest(decodeResult: success, version: HTTP/1.1)
POST /session/d1ad8c1ed041660199d39b96aea23ac9/element/fa65c5df-a2da-4ae5-9ca8-d680e48876a1/value HTTP/1.1
User-Agent: selenium/4.1.2 (java windows)
Content-Length: 82
Content-Type: application/json; charset=utf-8
host: localhost:56969
accept: */*

Response DefaultHttpResponse(decodeResult: success, version: HTTP/1.1)
HTTP/1.1 200 OK
Content-Type: application/json; charset=utf-8
cache-control: no-cache
content-length: 14

11:33:40.835 [AsyncHttpClient-1-8] DEBUG org.asynchttpclient.netty.channel.ChannelManager - Adding key: http://localhost:56969 for channel [id: 0xe91bc50f, L:/127.0.0.1:58425 - R:localhost/127.0.0.1:56969]
11:33:40.841 [Forwarding screenshot on session d1ad8c1ed041660199d39b96aea23ac9 to remote] DEBUG org.asynchttpclient.netty.request.NettyRequestSender - Using pooled Channel '[id: 0xe91bc50f, L:/127.0.0.1:58425 - R:localhost/127.0.0.1:56969]' for 'GET' to 'http://localhost:56969/session/d1ad8c1ed041660199d39b96aea23ac9/screenshot'
11:33:40.841 [Forwarding screenshot on session d1ad8c1ed041660199d39b96aea23ac9 to remote] DEBUG org.asynchttpclient.netty.request.NettyRequestSender - Using open Channel [id: 0xe91bc50f, L:/127.0.0.1:58425 - R:localhost/127.0.0.1:56969] for GET '/session/d1ad8c1ed041660199d39b96aea23ac9/screenshot'
11:33:41.059 [AsyncHttpClient-1-8] DEBUG org.asynchttpclient.netty.handler.HttpHandler - 

Request DefaultFullHttpRequest(decodeResult: success, version: HTTP/1.1, content: EmptyByteBufBE)
GET /session/d1ad8c1ed041660199d39b96aea23ac9/screenshot HTTP/1.1
User-Agent: selenium/4.1.2 (java windows)
Cache-Control: no-cache
Content-Type: application/json; charset=utf-8
host: localhost:56969
accept: */*

Response DefaultHttpResponse(decodeResult: success, version: HTTP/1.1)
HTTP/1.1 200 OK
Content-Type: application/json; charset=utf-8
cache-control: no-cache
content-length: 164456

11:33:41.060 [AsyncHttpClient-1-8] DEBUG org.asynchttpclient.netty.channel.ChannelManager - Adding key: http://localhost:56969 for channel [id: 0xe91bc50f, L:/127.0.0.1:58425 - R:localhost/127.0.0.1:56969]
11:33:41.067 [main] DEBUG net.serenitybdd.core.photography.Darkroom - Send negative for processing for target\site\serenity\49894aff2200d9f0ac19ac89b0723a2610aeedc480128c78aebf54c2cb4b17f2.png
11:33:41.068 [main] DEBUG net.thucydides.core.steps.StepInterceptor - STEP DONE: inputPassword
11:33:41.068 [Darkroom Processing Line] DEBUG net.serenitybdd.core.photography.DarkroomProcessingLine - Processing screenshot image in /var/screenshots/screenshot-2359271357477113519
11:33:41.068 [Darkroom Processing Line] DEBUG net.serenitybdd.core.photography.DarkroomProcessingLine - Saving screenshot to target\site\serenity\49894aff2200d9f0ac19ac89b0723a2610aeedc480128c78aebf54c2cb4b17f2.png
11:33:41.074 [main] DEBUG net.thucydides.core.steps.StepInterceptor - STARTING STEP: LoginSteps.notInputUsernamePassword - inputUsername
11:33:41.078 [Forwarding findElement on session d1ad8c1ed041660199d39b96aea23ac9 to remote] DEBUG org.asynchttpclient.netty.request.NettyRequestSender - Using pooled Channel '[id: 0xe91bc50f, L:/127.0.0.1:58425 - R:localhost/127.0.0.1:56969]' for 'POST' to 'http://localhost:56969/session/d1ad8c1ed041660199d39b96aea23ac9/element'
11:33:41.078 [Forwarding findElement on session d1ad8c1ed041660199d39b96aea23ac9 to remote] DEBUG org.asynchttpclient.netty.request.NettyRequestSender - Using open Channel [id: 0xe91bc50f, L:/127.0.0.1:58425 - R:localhost/127.0.0.1:56969] for POST '/session/d1ad8c1ed041660199d39b96aea23ac9/element'
11:33:41.092 [AsyncHttpClient-1-8] DEBUG org.asynchttpclient.netty.handler.HttpHandler - 

Request DefaultHttpRequest(decodeResult: success, version: HTTP/1.1)
POST /session/d1ad8c1ed041660199d39b96aea23ac9/element HTTP/1.1
User-Agent: selenium/4.1.2 (java windows)
Content-Length: 70
Content-Type: application/json; charset=utf-8
host: localhost:56969
accept: */*

Response DefaultHttpResponse(decodeResult: success, version: HTTP/1.1)
HTTP/1.1 200 OK
Content-Type: application/json; charset=utf-8
cache-control: no-cache
content-length: 88

11:33:41.092 [AsyncHttpClient-1-8] DEBUG org.asynchttpclient.netty.channel.ChannelManager - Adding key: http://localhost:56969 for channel [id: 0xe91bc50f, L:/127.0.0.1:58425 - R:localhost/127.0.0.1:56969]
11:33:41.094 [Forwarding clearElement on session d1ad8c1ed041660199d39b96aea23ac9 to remote] DEBUG org.asynchttpclient.netty.request.NettyRequestSender - Using pooled Channel '[id: 0xe91bc50f, L:/127.0.0.1:58425 - R:localhost/127.0.0.1:56969]' for 'POST' to 'http://localhost:56969/session/d1ad8c1ed041660199d39b96aea23ac9/element/e59691d3-1e1b-4bf8-81aa-049abeaed742/clear'
11:33:41.094 [Forwarding clearElement on session d1ad8c1ed041660199d39b96aea23ac9 to remote] DEBUG org.asynchttpclient.netty.request.NettyRequestSender - Using open Channel [id: 0xe91bc50f, L:/127.0.0.1:58425 - R:localhost/127.0.0.1:56969] for POST '/session/d1ad8c1ed041660199d39b96aea23ac9/element/e59691d3-1e1b-4bf8-81aa-049abeaed742/clear'
11:33:41.102 [AsyncHttpClient-1-1] DEBUG org.asynchttpclient.netty.channel.DefaultChannelPool - Entry count for : http://localhost:58426 : 1
11:33:41.130 [AsyncHttpClient-1-8] DEBUG org.asynchttpclient.netty.handler.HttpHandler - 

Request DefaultHttpRequest(decodeResult: success, version: HTTP/1.1)
POST /session/d1ad8c1ed041660199d39b96aea23ac9/element/e59691d3-1e1b-4bf8-81aa-049abeaed742/clear HTTP/1.1
User-Agent: selenium/4.1.2 (java windows)
Content-Length: 50
Content-Type: application/json; charset=utf-8
host: localhost:56969
accept: */*

Response DefaultHttpResponse(decodeResult: success, version: HTTP/1.1)
HTTP/1.1 200 OK
Content-Type: application/json; charset=utf-8
cache-control: no-cache
content-length: 14

11:33:41.130 [AsyncHttpClient-1-8] DEBUG org.asynchttpclient.netty.channel.ChannelManager - Adding key: http://localhost:56969 for channel [id: 0xe91bc50f, L:/127.0.0.1:58425 - R:localhost/127.0.0.1:56969]
11:33:41.133 [Forwarding sendKeysToElement on session d1ad8c1ed041660199d39b96aea23ac9 to remote] DEBUG org.asynchttpclient.netty.request.NettyRequestSender - Using pooled Channel '[id: 0xe91bc50f, L:/127.0.0.1:58425 - R:localhost/127.0.0.1:56969]' for 'POST' to 'http://localhost:56969/session/d1ad8c1ed041660199d39b96aea23ac9/element/e59691d3-1e1b-4bf8-81aa-049abeaed742/value'
11:33:41.133 [Forwarding sendKeysToElement on session d1ad8c1ed041660199d39b96aea23ac9 to remote] DEBUG org.asynchttpclient.netty.request.NettyRequestSender - Using open Channel [id: 0xe91bc50f, L:/127.0.0.1:58425 - R:localhost/127.0.0.1:56969] for POST '/session/d1ad8c1ed041660199d39b96aea23ac9/element/e59691d3-1e1b-4bf8-81aa-049abeaed742/value'
11:33:41.175 [AsyncHttpClient-1-8] DEBUG org.asynchttpclient.netty.handler.HttpHandler - 

Request DefaultHttpRequest(decodeResult: success, version: HTTP/1.1)
POST /session/d1ad8c1ed041660199d39b96aea23ac9/element/e59691d3-1e1b-4bf8-81aa-049abeaed742/value HTTP/1.1
User-Agent: selenium/4.1.2 (java windows)
Content-Length: 82
Content-Type: application/json; charset=utf-8
host: localhost:56969
accept: */*

Response DefaultHttpResponse(decodeResult: success, version: HTTP/1.1)
HTTP/1.1 200 OK
Content-Type: application/json; charset=utf-8
cache-control: no-cache
content-length: 14

11:33:41.176 [AsyncHttpClient-1-8] DEBUG org.asynchttpclient.netty.channel.ChannelManager - Adding key: http://localhost:56969 for channel [id: 0xe91bc50f, L:/127.0.0.1:58425 - R:localhost/127.0.0.1:56969]
11:33:41.185 [Forwarding screenshot on session d1ad8c1ed041660199d39b96aea23ac9 to remote] DEBUG org.asynchttpclient.netty.request.NettyRequestSender - Using pooled Channel '[id: 0xe91bc50f, L:/127.0.0.1:58425 - R:localhost/127.0.0.1:56969]' for 'GET' to 'http://localhost:56969/session/d1ad8c1ed041660199d39b96aea23ac9/screenshot'
11:33:41.186 [Forwarding screenshot on session d1ad8c1ed041660199d39b96aea23ac9 to remote] DEBUG org.asynchttpclient.netty.request.NettyRequestSender - Using open Channel [id: 0xe91bc50f, L:/127.0.0.1:58425 - R:localhost/127.0.0.1:56969] for GET '/session/d1ad8c1ed041660199d39b96aea23ac9/screenshot'
11:33:41.368 [AsyncHttpClient-1-8] DEBUG org.asynchttpclient.netty.handler.HttpHandler - 

Request DefaultFullHttpRequest(decodeResult: success, version: HTTP/1.1, content: EmptyByteBufBE)
GET /session/d1ad8c1ed041660199d39b96aea23ac9/screenshot HTTP/1.1
User-Agent: selenium/4.1.2 (java windows)
Cache-Control: no-cache
Content-Type: application/json; charset=utf-8
host: localhost:56969
accept: */*

Response DefaultHttpResponse(decodeResult: success, version: HTTP/1.1)
HTTP/1.1 200 OK
Content-Type: application/json; charset=utf-8
cache-control: no-cache
content-length: 164920

11:33:41.369 [AsyncHttpClient-1-8] DEBUG org.asynchttpclient.netty.channel.ChannelManager - Adding key: http://localhost:56969 for channel [id: 0xe91bc50f, L:/127.0.0.1:58425 - R:localhost/127.0.0.1:56969]
11:33:41.377 [main] DEBUG net.serenitybdd.core.photography.Darkroom - Send negative for processing for target\site\serenity\ca7a282014e3617e41f07938104fd0f8ecdcfe89bdf3e63dda0486f91366b04c.png
11:33:41.377 [main] DEBUG net.thucydides.core.steps.StepInterceptor - STEP DONE: inputUsername
11:33:41.377 [Darkroom Processing Line] DEBUG net.serenitybdd.core.photography.DarkroomProcessingLine - Processing screenshot image in /var/screenshots/screenshot-7452790804731012915
11:33:41.377 [Darkroom Processing Line] DEBUG net.serenitybdd.core.photography.DarkroomProcessingLine - Saving screenshot to target\site\serenity\ca7a282014e3617e41f07938104fd0f8ecdcfe89bdf3e63dda0486f91366b04c.png
  &amp#27;[32mWhen &amp#27;[0m&amp#27;[32mi not input username and password&amp#27;[0m                     &amp#27;[90m# starter.stepdefenitions.LoginSteps.notInputUsernamePassword()&amp#27;[0m
11:33:41.392 [main] DEBUG net.thucydides.core.steps.StepInterceptor - STARTING STEP: LoginSteps.clickLoginButton - clickLoginButton
11:33:41.395 [Forwarding findElement on session d1ad8c1ed041660199d39b96aea23ac9 to remote] DEBUG org.asynchttpclient.netty.request.NettyRequestSender - Using pooled Channel '[id: 0xe91bc50f, L:/127.0.0.1:58425 - R:localhost/127.0.0.1:56969]' for 'POST' to 'http://localhost:56969/session/d1ad8c1ed041660199d39b96aea23ac9/element'
11:33:41.396 [Forwarding findElement on session d1ad8c1ed041660199d39b96aea23ac9 to remote] DEBUG org.asynchttpclient.netty.request.NettyRequestSender - Using open Channel [id: 0xe91bc50f, L:/127.0.0.1:58425 - R:localhost/127.0.0.1:56969] for POST '/session/d1ad8c1ed041660199d39b96aea23ac9/element'
11:33:41.409 [AsyncHttpClient-1-8] DEBUG org.asynchttpclient.netty.handler.HttpHandler - 

Request DefaultHttpRequest(decodeResult: success, version: HTTP/1.1)
POST /session/d1ad8c1ed041660199d39b96aea23ac9/element HTTP/1.1
User-Agent: selenium/4.1.2 (java windows)
Content-Length: 50
Content-Type: application/json; charset=utf-8
host: localhost:56969
accept: */*

Response DefaultHttpResponse(decodeResult: success, version: HTTP/1.1)
HTTP/1.1 200 OK
Content-Type: application/json; charset=utf-8
cache-control: no-cache
content-length: 88

11:33:41.409 [AsyncHttpClient-1-8] DEBUG org.asynchttpclient.netty.channel.ChannelManager - Adding key: http://localhost:56969 for channel [id: 0xe91bc50f, L:/127.0.0.1:58425 - R:localhost/127.0.0.1:56969]
11:33:41.411 [Forwarding getElementTagName on session d1ad8c1ed041660199d39b96aea23ac9 to remote] DEBUG org.asynchttpclient.netty.request.NettyRequestSender - Using pooled Channel '[id: 0xe91bc50f, L:/127.0.0.1:58425 - R:localhost/127.0.0.1:56969]' for 'GET' to 'http://localhost:56969/session/d1ad8c1ed041660199d39b96aea23ac9/element/0f497a94-7fc9-414b-82a3-47b72975212f/name'
11:33:41.411 [Forwarding getElementTagName on session d1ad8c1ed041660199d39b96aea23ac9 to remote] DEBUG org.asynchttpclient.netty.request.NettyRequestSender - Using open Channel [id: 0xe91bc50f, L:/127.0.0.1:58425 - R:localhost/127.0.0.1:56969] for GET '/session/d1ad8c1ed041660199d39b96aea23ac9/element/0f497a94-7fc9-414b-82a3-47b72975212f/name'
11:33:41.416 [AsyncHttpClient-1-8] DEBUG org.asynchttpclient.netty.handler.HttpHandler - 

Request DefaultFullHttpRequest(decodeResult: success, version: HTTP/1.1, content: EmptyByteBufBE)
GET /session/d1ad8c1ed041660199d39b96aea23ac9/element/0f497a94-7fc9-414b-82a3-47b72975212f/name HTTP/1.1
User-Agent: selenium/4.1.2 (java windows)
Cache-Control: no-cache
Content-Type: application/json; charset=utf-8
host: localhost:56969
accept: */*

Response DefaultHttpResponse(decodeResult: success, version: HTTP/1.1)
HTTP/1.1 200 OK
Content-Type: application/json; charset=utf-8
cache-control: no-cache
content-length: 18

11:33:41.416 [AsyncHttpClient-1-8] DEBUG org.asynchttpclient.netty.channel.ChannelManager - Adding key: http://localhost:56969 for channel [id: 0xe91bc50f, L:/127.0.0.1:58425 - R:localhost/127.0.0.1:56969]
11:33:41.417 [Forwarding getElementTagName on session d1ad8c1ed041660199d39b96aea23ac9 to remote] DEBUG org.asynchttpclient.netty.request.NettyRequestSender - Using pooled Channel '[id: 0xe91bc50f, L:/127.0.0.1:58425 - R:localhost/127.0.0.1:56969]' for 'GET' to 'http://localhost:56969/session/d1ad8c1ed041660199d39b96aea23ac9/element/0f497a94-7fc9-414b-82a3-47b72975212f/name'
11:33:41.418 [Forwarding getElementTagName on session d1ad8c1ed041660199d39b96aea23ac9 to remote] DEBUG org.asynchttpclient.netty.request.NettyRequestSender - Using open Channel [id: 0xe91bc50f, L:/127.0.0.1:58425 - R:localhost/127.0.0.1:56969] for GET '/session/d1ad8c1ed041660199d39b96aea23ac9/element/0f497a94-7fc9-414b-82a3-47b72975212f/name'
11:33:41.422 [AsyncHttpClient-1-8] DEBUG org.asynchttpclient.netty.handler.HttpHandler - 

Request DefaultFullHttpRequest(decodeResult: success, version: HTTP/1.1, content: EmptyByteBufBE)
GET /session/d1ad8c1ed041660199d39b96aea23ac9/element/0f497a94-7fc9-414b-82a3-47b72975212f/name HTTP/1.1
User-Agent: selenium/4.1.2 (java windows)
Cache-Control: no-cache
Content-Type: application/json; charset=utf-8
host: localhost:56969
accept: */*

Response DefaultHttpResponse(decodeResult: success, version: HTTP/1.1)
HTTP/1.1 200 OK
Content-Type: application/json; charset=utf-8
cache-control: no-cache
content-length: 18

11:33:41.422 [AsyncHttpClient-1-8] DEBUG org.asynchttpclient.netty.channel.ChannelManager - Adding key: http://localhost:56969 for channel [id: 0xe91bc50f, L:/127.0.0.1:58425 - R:localhost/127.0.0.1:56969]
11:33:41.424 [Forwarding isElementEnabled on session d1ad8c1ed041660199d39b96aea23ac9 to remote] DEBUG org.asynchttpclient.netty.request.NettyRequestSender - Using pooled Channel '[id: 0xe91bc50f, L:/127.0.0.1:58425 - R:localhost/127.0.0.1:56969]' for 'GET' to 'http://localhost:56969/session/d1ad8c1ed041660199d39b96aea23ac9/element/0f497a94-7fc9-414b-82a3-47b72975212f/enabled'
11:33:41.425 [Forwarding isElementEnabled on session d1ad8c1ed041660199d39b96aea23ac9 to remote] DEBUG org.asynchttpclient.netty.request.NettyRequestSender - Using open Channel [id: 0xe91bc50f, L:/127.0.0.1:58425 - R:localhost/127.0.0.1:56969] for GET '/session/d1ad8c1ed041660199d39b96aea23ac9/element/0f497a94-7fc9-414b-82a3-47b72975212f/enabled'
11:33:41.438 [AsyncHttpClient-1-8] DEBUG org.asynchttpclient.netty.handler.HttpHandler - 

Request DefaultFullHttpRequest(decodeResult: success, version: HTTP/1.1, content: EmptyByteBufBE)
GET /session/d1ad8c1ed041660199d39b96aea23ac9/element/0f497a94-7fc9-414b-82a3-47b72975212f/enabled HTTP/1.1
User-Agent: selenium/4.1.2 (java windows)
Cache-Control: no-cache
Content-Type: application/json; charset=utf-8
host: localhost:56969
accept: */*

Response DefaultHttpResponse(decodeResult: success, version: HTTP/1.1)
HTTP/1.1 200 OK
Content-Type: application/json; charset=utf-8
cache-control: no-cache
content-length: 14

11:33:41.438 [AsyncHttpClient-1-8] DEBUG org.asynchttpclient.netty.channel.ChannelManager - Adding key: http://localhost:56969 for channel [id: 0xe91bc50f, L:/127.0.0.1:58425 - R:localhost/127.0.0.1:56969]
11:33:41.440 [Forwarding isElementEnabled on session d1ad8c1ed041660199d39b96aea23ac9 to remote] DEBUG org.asynchttpclient.netty.request.NettyRequestSender - Using pooled Channel '[id: 0xe91bc50f, L:/127.0.0.1:58425 - R:localhost/127.0.0.1:56969]' for 'GET' to 'http://localhost:56969/session/d1ad8c1ed041660199d39b96aea23ac9/element/0f497a94-7fc9-414b-82a3-47b72975212f/enabled'
11:33:41.440 [Forwarding isElementEnabled on session d1ad8c1ed041660199d39b96aea23ac9 to remote] DEBUG org.asynchttpclient.netty.request.NettyRequestSender - Using open Channel [id: 0xe91bc50f, L:/127.0.0.1:58425 - R:localhost/127.0.0.1:56969] for GET '/session/d1ad8c1ed041660199d39b96aea23ac9/element/0f497a94-7fc9-414b-82a3-47b72975212f/enabled'
11:33:41.447 [AsyncHttpClient-1-8] DEBUG org.asynchttpclient.netty.handler.HttpHandler - 

Request DefaultFullHttpRequest(decodeResult: success, version: HTTP/1.1, content: EmptyByteBufBE)
GET /session/d1ad8c1ed041660199d39b96aea23ac9/element/0f497a94-7fc9-414b-82a3-47b72975212f/enabled HTTP/1.1
User-Agent: selenium/4.1.2 (java windows)
Cache-Control: no-cache
Content-Type: application/json; charset=utf-8
host: localhost:56969
accept: */*

Response DefaultHttpResponse(decodeResult: success, version: HTTP/1.1)
HTTP/1.1 200 OK
Content-Type: application/json; charset=utf-8
cache-control: no-cache
content-length: 14

11:33:41.447 [AsyncHttpClient-1-8] DEBUG org.asynchttpclient.netty.channel.ChannelManager - Adding key: http://localhost:56969 for channel [id: 0xe91bc50f, L:/127.0.0.1:58425 - R:localhost/127.0.0.1:56969]
11:33:41.451 [Forwarding findElement on session d1ad8c1ed041660199d39b96aea23ac9 to remote] DEBUG org.asynchttpclient.netty.request.NettyRequestSender - Using pooled Channel '[id: 0xe91bc50f, L:/127.0.0.1:58425 - R:localhost/127.0.0.1:56969]' for 'POST' to 'http://localhost:56969/session/d1ad8c1ed041660199d39b96aea23ac9/element'
11:33:41.451 [Forwarding findElement on session d1ad8c1ed041660199d39b96aea23ac9 to remote] DEBUG org.asynchttpclient.netty.request.NettyRequestSender - Using open Channel [id: 0xe91bc50f, L:/127.0.0.1:58425 - R:localhost/127.0.0.1:56969] for POST '/session/d1ad8c1ed041660199d39b96aea23ac9/element'
11:33:41.463 [AsyncHttpClient-1-8] DEBUG org.asynchttpclient.netty.handler.HttpHandler - 

Request DefaultHttpRequest(decodeResult: success, version: HTTP/1.1)
POST /session/d1ad8c1ed041660199d39b96aea23ac9/element HTTP/1.1
User-Agent: selenium/4.1.2 (java windows)
Content-Length: 50
Content-Type: application/json; charset=utf-8
host: localhost:56969
accept: */*

Response DefaultHttpResponse(decodeResult: success, version: HTTP/1.1)
HTTP/1.1 200 OK
Content-Type: application/json; charset=utf-8
cache-control: no-cache
content-length: 88

11:33:41.463 [AsyncHttpClient-1-8] DEBUG org.asynchttpclient.netty.channel.ChannelManager - Adding key: http://localhost:56969 for channel [id: 0xe91bc50f, L:/127.0.0.1:58425 - R:localhost/127.0.0.1:56969]
11:33:41.466 [Forwarding clickElement on session d1ad8c1ed041660199d39b96aea23ac9 to remote] DEBUG org.asynchttpclient.netty.request.NettyRequestSender - Using pooled Channel '[id: 0xe91bc50f, L:/127.0.0.1:58425 - R:localhost/127.0.0.1:56969]' for 'POST' to 'http://localhost:56969/session/d1ad8c1ed041660199d39b96aea23ac9/element/0f497a94-7fc9-414b-82a3-47b72975212f/click'
11:33:41.466 [Forwarding clickElement on session d1ad8c1ed041660199d39b96aea23ac9 to remote] DEBUG org.asynchttpclient.netty.request.NettyRequestSender - Using open Channel [id: 0xe91bc50f, L:/127.0.0.1:58425 - R:localhost/127.0.0.1:56969] for POST '/session/d1ad8c1ed041660199d39b96aea23ac9/element/0f497a94-7fc9-414b-82a3-47b72975212f/click'
11:33:41.571 [AsyncHttpClient-1-8] DEBUG org.asynchttpclient.netty.handler.HttpHandler - 

Request DefaultHttpRequest(decodeResult: success, version: HTTP/1.1)
POST /session/d1ad8c1ed041660199d39b96aea23ac9/element/0f497a94-7fc9-414b-82a3-47b72975212f/click HTTP/1.1
User-Agent: selenium/4.1.2 (java windows)
Content-Length: 50
Content-Type: application/json; charset=utf-8
host: localhost:56969
accept: */*

Response DefaultHttpResponse(decodeResult: success, version: HTTP/1.1)
HTTP/1.1 200 OK
Content-Type: application/json; charset=utf-8
cache-control: no-cache
content-length: 14

11:33:41.572 [AsyncHttpClient-1-8] DEBUG org.asynchttpclient.netty.channel.ChannelManager - Adding key: http://localhost:56969 for channel [id: 0xe91bc50f, L:/127.0.0.1:58425 - R:localhost/127.0.0.1:56969]
11:33:41.588 [Forwarding screenshot on session d1ad8c1ed041660199d39b96aea23ac9 to remote] DEBUG org.asynchttpclient.netty.request.NettyRequestSender - Using pooled Channel '[id: 0xe91bc50f, L:/127.0.0.1:58425 - R:localhost/127.0.0.1:56969]' for 'GET' to 'http://localhost:56969/session/d1ad8c1ed041660199d39b96aea23ac9/screenshot'
11:33:41.588 [Forwarding screenshot on session d1ad8c1ed041660199d39b96aea23ac9 to remote] DEBUG org.asynchttpclient.netty.request.NettyRequestSender - Using open Channel [id: 0xe91bc50f, L:/127.0.0.1:58425 - R:localhost/127.0.0.1:56969] for GET '/session/d1ad8c1ed041660199d39b96aea23ac9/screenshot'
11:33:41.796 [AsyncHttpClient-1-8] DEBUG org.asynchttpclient.netty.handler.HttpHandler - 

Request DefaultFullHttpRequest(decodeResult: success, version: HTTP/1.1, content: EmptyByteBufBE)
GET /session/d1ad8c1ed041660199d39b96aea23ac9/screenshot HTTP/1.1
User-Agent: selenium/4.1.2 (java windows)
Cache-Control: no-cache
Content-Type: application/json; charset=utf-8
host: localhost:56969
accept: */*

Response DefaultHttpResponse(decodeResult: success, version: HTTP/1.1)
HTTP/1.1 200 OK
Content-Type: application/json; charset=utf-8
cache-control: no-cache
content-length: 166760

11:33:41.798 [AsyncHttpClient-1-8] DEBUG org.asynchttpclient.netty.channel.ChannelManager - Adding key: http://localhost:56969 for channel [id: 0xe91bc50f, L:/127.0.0.1:58425 - R:localhost/127.0.0.1:56969]
11:33:41.805 [main] DEBUG net.serenitybdd.core.photography.Darkroom - Send negative for processing for target\site\serenity\b4565589f4e630c6994e004e25f28e9ef644b9aaaefebc3d4c9af0bdaafd03b8.png
11:33:41.806 [main] DEBUG net.thucydides.core.steps.StepInterceptor - STEP DONE: clickLoginButton
11:33:41.806 [Darkroom Processing Line] DEBUG net.serenitybdd.core.photography.DarkroomProcessingLine - Processing screenshot image in /var/screenshots/screenshot-7121938188729575373
11:33:41.806 [Darkroom Processing Line] DEBUG net.serenitybdd.core.photography.DarkroomProcessingLine - Saving screenshot to target\site\serenity\b4565589f4e630c6994e004e25f28e9ef644b9aaaefebc3d4c9af0bdaafd03b8.png
  &amp#27;[32mAnd &amp#27;[0m&amp#27;[32mi click login button&amp#27;[0m                                   &amp#27;[90m# starter.stepdefenitions.LoginSteps.clickLoginButton()&amp#27;[0m
11:33:41.823 [main] DEBUG net.thucydides.core.steps.StepInterceptor - STARTING STEP: LoginSteps.iGetErrorMessage - getErrorMessage
11:33:41.826 [Forwarding findElement on session d1ad8c1ed041660199d39b96aea23ac9 to remote] DEBUG org.asynchttpclient.netty.request.NettyRequestSender - Using pooled Channel '[id: 0xe91bc50f, L:/127.0.0.1:58425 - R:localhost/127.0.0.1:56969]' for 'POST' to 'http://localhost:56969/session/d1ad8c1ed041660199d39b96aea23ac9/element'
11:33:41.826 [Forwarding findElement on session d1ad8c1ed041660199d39b96aea23ac9 to remote] DEBUG org.asynchttpclient.netty.request.NettyRequestSender - Using open Channel [id: 0xe91bc50f, L:/127.0.0.1:58425 - R:localhost/127.0.0.1:56969] for POST '/session/d1ad8c1ed041660199d39b96aea23ac9/element'
11:33:41.833 [AsyncHttpClient-1-8] DEBUG org.asynchttpclient.netty.handler.HttpHandler - 

Request DefaultHttpRequest(decodeResult: success, version: HTTP/1.1)
POST /session/d1ad8c1ed041660199d39b96aea23ac9/element HTTP/1.1
User-Agent: selenium/4.1.2 (java windows)
Content-Length: 53
Content-Type: application/json; charset=utf-8
host: localhost:56969
accept: */*

Response DefaultHttpResponse(decodeResult: success, version: HTTP/1.1)
HTTP/1.1 200 OK
Content-Type: application/json; charset=utf-8
cache-control: no-cache
content-length: 88

11:33:41.834 [AsyncHttpClient-1-8] DEBUG org.asynchttpclient.netty.channel.ChannelManager - Adding key: http://localhost:56969 for channel [id: 0xe91bc50f, L:/127.0.0.1:58425 - R:localhost/127.0.0.1:56969]
11:33:41.838 [Forwarding isElementDisplayed on session d1ad8c1ed041660199d39b96aea23ac9 to remote] DEBUG org.asynchttpclient.netty.request.NettyRequestSender - Using pooled Channel '[id: 0xe91bc50f, L:/127.0.0.1:58425 - R:localhost/127.0.0.1:56969]' for 'POST' to 'http://localhost:56969/session/d1ad8c1ed041660199d39b96aea23ac9/execute/sync'
11:33:41.838 [Forwarding isElementDisplayed on session d1ad8c1ed041660199d39b96aea23ac9 to remote] DEBUG org.asynchttpclient.netty.request.NettyRequestSender - Using open Channel [id: 0xe91bc50f, L:/127.0.0.1:58425 - R:localhost/127.0.0.1:56969] for POST '/session/d1ad8c1ed041660199d39b96aea23ac9/execute/sync'
11:33:41.850 [AsyncHttpClient-1-8] DEBUG org.asynchttpclient.netty.handler.HttpHandler - 

Request DefaultHttpRequest(decodeResult: success, version: HTTP/1.1)
POST /session/d1ad8c1ed041660199d39b96aea23ac9/execute/sync HTTP/1.1
User-Agent: selenium/4.1.2 (java windows)
Content-Length: 48780
Content-Type: application/json; charset=utf-8
host: localhost:56969
accept: */*

Response DefaultHttpResponse(decodeResult: success, version: HTTP/1.1)
HTTP/1.1 200 OK
Content-Type: application/json; charset=utf-8
cache-control: no-cache
content-length: 14

11:33:41.850 [AsyncHttpClient-1-8] DEBUG org.asynchttpclient.netty.channel.ChannelManager - Adding key: http://localhost:56969 for channel [id: 0xe91bc50f, L:/127.0.0.1:58425 - R:localhost/127.0.0.1:56969]
11:33:41.858 [Forwarding screenshot on session d1ad8c1ed041660199d39b96aea23ac9 to remote] DEBUG org.asynchttpclient.netty.request.NettyRequestSender - Using pooled Channel '[id: 0xe91bc50f, L:/127.0.0.1:58425 - R:localhost/127.0.0.1:56969]' for 'GET' to 'http://localhost:56969/session/d1ad8c1ed041660199d39b96aea23ac9/screenshot'
11:33:41.858 [Forwarding screenshot on session d1ad8c1ed041660199d39b96aea23ac9 to remote] DEBUG org.asynchttpclient.netty.request.NettyRequestSender - Using open Channel [id: 0xe91bc50f, L:/127.0.0.1:58425 - R:localhost/127.0.0.1:56969] for GET '/session/d1ad8c1ed041660199d39b96aea23ac9/screenshot'
11:33:42.084 [AsyncHttpClient-1-8] DEBUG org.asynchttpclient.netty.handler.HttpHandler - 

Request DefaultFullHttpRequest(decodeResult: success, version: HTTP/1.1, content: EmptyByteBufBE)
GET /session/d1ad8c1ed041660199d39b96aea23ac9/screenshot HTTP/1.1
User-Agent: selenium/4.1.2 (java windows)
Cache-Control: no-cache
Content-Type: application/json; charset=utf-8
host: localhost:56969
accept: */*

Response DefaultHttpResponse(decodeResult: success, version: HTTP/1.1)
HTTP/1.1 200 OK
Content-Type: application/json; charset=utf-8
cache-control: no-cache
content-length: 166648

11:33:42.086 [AsyncHttpClient-1-8] DEBUG org.asynchttpclient.netty.channel.ChannelManager - Adding key: http://localhost:56969 for channel [id: 0xe91bc50f, L:/127.0.0.1:58425 - R:localhost/127.0.0.1:56969]
11:33:42.095 [main] DEBUG net.serenitybdd.core.photography.Darkroom - Send negative for processing for target\site\serenity\3ea517a0216ef79437463b6b5d251cc2b8437b7963af47e4f7f6fc75a82386a6.png
11:33:42.095 [main] DEBUG net.thucydides.core.steps.StepInterceptor - STEP DONE: getErrorMessage
  &amp#27;[32mThen &amp#27;[0m&amp#27;[32mi get error message&amp#27;[0m                                   &amp#27;[90m# starter.stepdefenitions.LoginSteps.iGetErrorMessage()&amp#27;[0m
11:33:42.096 [Darkroom Processing Line] DEBUG net.serenitybdd.core.photography.DarkroomProcessingLine - Processing screenshot image in /var/screenshots/screenshot-3429592334232990372
11:33:42.096 [Darkroom Processing Line] DEBUG net.serenitybdd.core.photography.DarkroomProcessingLine - Saving screenshot to target\site\serenity\3ea517a0216ef79437463b6b5d251cc2b8437b7963af47e4f7f6fc75a82386a6.png
11:33:42.103 [main] INFO  - 
  _____   ___   ___   _____     ___     _     ___   ___   ___   ___  
 |_   _| | __| / __| |_   _|   | _ \   /_\   / __| / __| | __| |   \ 
   | |   | _|  \__ \   | |     |  _/  / _ \  \__ \ \__ \ | _|  | |) |
   |_|   |___| |___/   |_|     |_|   /_/ \_\ |___/ |___/ |___| |___/ 

As user i have failed to login with not input data
----------------------------------------------------------------------
11:33:42.104 [AsyncHttpClient-1-2] DEBUG org.asynchttpclient.netty.handler.WebSocketHandler - Channel Closed: [id: 0x1605a1e4, L:/127.0.0.1:58433 ! R:localhost/127.0.0.1:58426] with attribute NettyResponseFuture{currentRetry=5,
	isDone=1,
	isCancelled=0,
	asyncHandler=org.asynchttpclient.ws.WebSocketUpgradeHandler@744976c5,
	nettyRequest=org.asynchttpclient.netty.request.NettyRequest@f80eeba,
	future=java.util.concurrent.CompletableFuture@779ce28a[Completed normally],
	uri=ws://localhost:58426/devtools/browser/60c35afc-934d-45ba-9780-6431ba7d0bcd,
	keepAlive=true,
	redirectCount=0,
	timeoutsHolder=null,
	inAuth=0,
	touch=1650688413257}
11:33:42.104 [AsyncHttpClient-1-2] DEBUG org.asynchttpclient.netty.channel.ChannelManager - Closing Channel [id: 0x1605a1e4, L:/127.0.0.1:58433 ! R:localhost/127.0.0.1:58426] 
11:33:42.105 [Driver Command Executor] DEBUG org.asynchttpclient.netty.request.NettyRequestSender - Using pooled Channel '[id: 0xe91bc50f, L:/127.0.0.1:58425 - R:localhost/127.0.0.1:56969]' for 'DELETE' to 'http://localhost:56969/session/d1ad8c1ed041660199d39b96aea23ac9'
11:33:42.105 [Driver Command Executor] DEBUG org.asynchttpclient.netty.request.NettyRequestSender - Using open Channel [id: 0xe91bc50f, L:/127.0.0.1:58425 - R:localhost/127.0.0.1:56969] for DELETE '/session/d1ad8c1ed041660199d39b96aea23ac9'
11:33:42.196 [AsyncHttpClient-1-9] DEBUG org.asynchttpclient.netty.handler.HttpHandler - Unexpected I/O exception on channel [id: 0xa2965c57, L:/127.0.0.1:58432 - R:localhost/127.0.0.1:58426]
java.io.IOException: An existing connection was forcibly closed by the remote host
	at sun.nio.ch.SocketDispatcher.read0(Native Method)
	at sun.nio.ch.SocketDispatcher.read(SocketDispatcher.java:43)
	at sun.nio.ch.IOUtil.readIntoNativeBuffer(IOUtil.java:223)
	at sun.nio.ch.IOUtil.read(IOUtil.java:192)
	at sun.nio.ch.SocketChannelImpl.read(SocketChannelImpl.java:378)
	at io.netty.buffer.PooledByteBuf.setBytes(PooledByteBuf.java:258)
	at io.netty.buffer.AbstractByteBuf.writeBytes(AbstractByteBuf.java:1132)
	at io.netty.channel.socket.nio.NioSocketChannel.doReadBytes(NioSocketChannel.java:350)
	at io.netty.channel.nio.AbstractNioByteChannel$NioByteUnsafe.read(AbstractNioByteChannel.java:151)
	at io.netty.channel.nio.NioEventLoop.processSelectedKey(NioEventLoop.java:722)
	at io.netty.channel.nio.NioEventLoop.processSelectedKeysOptimized(NioEventLoop.java:658)
	at io.netty.channel.nio.NioEventLoop.processSelectedKeys(NioEventLoop.java:584)
	at io.netty.channel.nio.NioEventLoop.run(NioEventLoop.java:496)
	at io.netty.util.concurrent.SingleThreadEventExecutor$4.run(SingleThreadEventExecutor.java:986)
	at io.netty.util.internal.ThreadExecutorMap$2.run(ThreadExecutorMap.java:74)
	at io.netty.util.concurrent.FastThreadLocalRunnable.run(FastThreadLocalRunnable.java:30)
	at java.lang.Thread.run(Thread.java:750)
11:33:42.196 [AsyncHttpClient-1-9] DEBUG org.asynchttpclient.netty.channel.ChannelManager - Closing Channel [id: 0xa2965c57, L:/127.0.0.1:58432 - R:localhost/127.0.0.1:58426] 
11:33:42.196 [AsyncHttpClient-1-9] DEBUG org.asynchttpclient.netty.handler.HttpHandler - Channel Closed: [id: 0xa2965c57, L:/127.0.0.1:58432 ! R:localhost/127.0.0.1:58426] with attribute DISCARD
11:33:42.201 [AsyncHttpClient-1-1] DEBUG org.asynchttpclient.netty.channel.DefaultChannelPool - Entry count for : http://localhost:58426 : 1
11:33:42.201 [AsyncHttpClient-1-1] DEBUG org.asynchttpclient.netty.channel.DefaultChannelPool - Adding Candidate expired Channel [id: 0xa2965c57, L:/127.0.0.1:58432 ! R:localhost/127.0.0.1:58426] isIdleTimeoutExpired=false isRemotelyClosed=true isTtlExpired=false
11:33:42.201 [AsyncHttpClient-1-1] DEBUG org.asynchttpclient.netty.channel.DefaultChannelPool - Closing Idle Channel [id: 0xa2965c57, L:/127.0.0.1:58432 ! R:localhost/127.0.0.1:58426]
11:33:42.201 [AsyncHttpClient-1-1] DEBUG org.asynchttpclient.netty.channel.DefaultChannelPool - Closed 1 connections out of 1 in 0 ms
11:33:42.225 [AsyncHttpClient-1-8] DEBUG org.asynchttpclient.netty.handler.HttpHandler - 

Request DefaultFullHttpRequest(decodeResult: success, version: HTTP/1.1, content: EmptyByteBufBE)
DELETE /session/d1ad8c1ed041660199d39b96aea23ac9 HTTP/1.1
User-Agent: selenium/4.1.2 (java windows)
Content-Type: application/json; charset=utf-8
host: localhost:56969
accept: */*

Response DefaultHttpResponse(decodeResult: success, version: HTTP/1.1)
HTTP/1.1 200 OK
Content-Type: application/json; charset=utf-8
cache-control: no-cache
content-length: 14

11:33:42.226 [AsyncHttpClient-1-8] DEBUG org.asynchttpclient.netty.channel.ChannelManager - Adding key: http://localhost:56969 for channel [id: 0xe91bc50f, L:/127.0.0.1:58425 - R:localhost/127.0.0.1:56969]
11:33:42.325 [AsyncHttpClient-1-8] DEBUG org.asynchttpclient.netty.handler.HttpHandler - Channel Closed: [id: 0xe91bc50f, L:/127.0.0.1:58425 ! R:localhost/127.0.0.1:56969] with attribute DISCARD
]]></system-out>
    <system-err><![CDATA[Starting ChromeDriver 100.0.4896.60 (6a5d10861ce8de5fce22564658033b43cb7de047-refs/branch-heads/4896@{#875}) on port 56969
Only local connections are allowed.
Please see https://chromedriver.chromium.org/security-considerations for suggestions on keeping ChromeDriver safe.
ChromeDriver was started successfully.
Apr 23, 2022 11:33:33 AM org.openqa.selenium.remote.ProtocolHandshake createSession
INFO: Detected dialect: W3C
Apr 23, 2022 11:33:33 AM org.openqa.selenium.devtools.CdpVersionFinder findNearestMatch
WARNING: Unable to find an exact match for CDP version 100, so returning the closest version found: 97
Apr 23, 2022 11:33:33 AM org.openqa.selenium.devtools.CdpVersionFinder findNearestMatch
INFO: Found CDP implementation for version 100 of 97
]]></system-err>
  </testcase>
</testsuite>