<?xml version="1.0" encoding="UTF-8"?>
<testsuite xmlns:xsi="http://www.w3.org/2001/XMLSchema-instance" xsi:noNamespaceSchemaLocation="https://maven.apache.org/surefire/maven-failsafe-plugin/xsd/failsafe-test-report-3.0.xsd" version="3.0" name="starter.CucumberTestSuite" time="213.066" tests="11" errors="0" skipped="0" failures="0">
  <properties>
    <property name="sun.desktop" value="windows"/>
    <property name="awt.toolkit" value="sun.awt.windows.WToolkit"/>
    <property name="java.specification.version" value="1.8"/>
    <property name="file.encoding.pkg" value="sun.io"/>
    <property name="webdriver.chrome.driver" value="D:\kampus merdeka\QE_MUHAMMAD ADIBASYAH\miniproject\web\src\test\resources\webdriver\chromedriver.exe"/>
    <property name="sun.cpu.isalist" value="amd64"/>
    <property name="sun.jnu.encoding" value="Cp1252"/>
    <property name="java.class.path" value="D:\kampus merdeka\QE_MUHAMMAD ADIBASYAH\miniproject\web\target\test-classes;D:\kampus merdeka\QE_MUHAMMAD ADIBASYAH\miniproject\web\target\web-1.0-SNAPSHOT.jar;C:\Users\Admin\.m2\repository\net\serenity-bdd\serenity-core\3.2.1\serenity-core-3.2.1.jar;C:\Users\Admin\.m2\repository\net\serenity-bdd\serenity-model\3.2.1\serenity-model-3.2.1.jar;C:\Users\Admin\.m2\repository\org\apache\commons\commons-text\1.9\commons-text-1.9.jar;C:\Users\Admin\.m2\repository\commons-net\commons-net\3.8.0\commons-net-3.8.0.jar;C:\Users\Admin\.m2\repository\com\google\guava\guava\31.1-jre\guava-31.1-jre.jar;C:\Users\Admin\.m2\repository\com\google\guava\failureaccess\1.0.1\failureaccess-1.0.1.jar;C:\Users\Admin\.m2\repository\com\google\guava\listenablefuture\9999.0-empty-to-avoid-conflict-with-guava\listenablefuture-9999.0-empty-to-avoid-conflict-with-guava.jar;C:\Users\Admin\.m2\repository\com\google\code\findbugs\jsr305\3.0.2\jsr305-3.0.2.jar;C:\Users\Admin\.m2\repository\org\checkerframework\checker-qual\3.12.0\checker-qual-3.12.0.jar;C:\Users\Admin\.m2\repository\com\google\errorprone\error_prone_annotations\2.11.0\error_prone_annotations-2.11.0.jar;C:\Users\Admin\.m2\repository\com\google\j2objc\j2objc-annotations\1.3\j2objc-annotations-1.3.jar;C:\Users\Admin\.m2\repository\com\google\inject\guice\5.1.0\guice-5.1.0.jar;C:\Users\Admin\.m2\repository\javax\inject\javax.inject\1\javax.inject-1.jar;C:\Users\Admin\.m2\repository\aopalliance\aopalliance\1.0\aopalliance-1.0.jar;C:\Users\Admin\.m2\repository\org\jsoup\jsoup\1.14.3\jsoup-1.14.3.jar;C:\Users\Admin\.m2\repository\com\thoughtworks\xstream\xstream\1.4.19\xstream-1.4.19.jar;C:\Users\Admin\.m2\repository\io\github\x-stream\mxparser\1.2.2\mxparser-1.2.2.jar;C:\Users\Admin\.m2\repository\xmlpull\xmlpull\1.1.3.1\xmlpull-1.1.3.1.jar;C:\Users\Admin\.m2\repository\io\cucumber\cucumber-java\7.2.3\cucumber-java-7.2.3.jar;C:\Users\Admin\.m2\repository\com\typesafe\config\1.4.2\config-1.4.2.jar;C:\Users\Admin\.m2\repository\org\imgscalr\imgscalr-lib\4.2\imgscalr-lib-4.2.jar;C:\Users\Admin\.m2\repository\org\awaitility\awaitility\4.2.0\awaitility-4.2.0.jar;C:\Users\Admin\.m2\repository\org\freemarker\freemarker\2.3.31\freemarker-2.3.31.jar;C:\Users\Admin\.m2\repository\io\github\classgraph\classgraph\4.8.138\classgraph-4.8.138.jar;C:\Users\Admin\.m2\repository\net\sourceforge\jexcelapi\jxl\2.6.12\jxl-2.6.12.jar;C:\Users\Admin\.m2\repository\net\bytebuddy\byte-buddy\1.12.8\byte-buddy-1.12.8.jar;C:\Users\Admin\.m2\repository\net\bytebuddy\byte-buddy-agent\1.12.8\byte-buddy-agent-1.12.8.jar;C:\Users\Admin\.m2\repository\org\objenesis\objenesis\3.1\objenesis-3.1.jar;C:\Users\Admin\.m2\repository\net\serenity-bdd\serenity-reports\3.2.1\serenity-reports-3.2.1.jar;C:\Users\Admin\.m2\repository\net\serenity-bdd\serenity-stats\3.2.1\serenity-stats-3.2.1.jar;C:\Users\Admin\.m2\repository\net\serenity-bdd\serenity-reports-configuration\3.2.1\serenity-reports-configuration-3.2.1.jar;C:\Users\Admin\.m2\repository\com\vladsch\flexmark\flexmark-all\0.34.30\flexmark-all-0.34.30.jar;C:\Users\Admin\.m2\repository\com\vladsch\flexmark\flexmark\0.34.30\flexmark-0.34.30.jar;C:\Users\Admin\.m2\repository\com\vladsch\flexmark\flexmark-ext-abbreviation\0.34.30\flexmark-ext-abbreviation-0.34.30.jar;C:\Users\Admin\.m2\repository\com\vladsch\flexmark\flexmark-ext-admonition\0.34.30\flexmark-ext-admonition-0.34.30.jar;C:\Users\Admin\.m2\repository\com\vladsch\flexmark\flexmark-ext-anchorlink\0.34.30\flexmark-ext-anchorlink-0.34.30.jar;C:\Users\Admin\.m2\repository\com\vladsch\flexmark\flexmark-ext-aside\0.34.30\flexmark-ext-aside-0.34.30.jar;C:\Users\Admin\.m2\repository\com\vladsch\flexmark\flexmark-ext-attributes\0.34.30\flexmark-ext-attributes-0.34.30.jar;C:\Users\Admin\.m2\repository\com\vladsch\flexmark\flexmark-ext-autolink\0.34.30\flexmark-ext-autolink-0.34.30.jar;C:\Users\Admin\.m2\repository\org\nibor\autolink\autolink\0.6.0\autolink-0.6.0.jar;C:\Users\Admin\.m2\repository\com\vladsch\flexmark\flexmark-ext-definition\0.34.30\flexmark-ext-definition-0.34.30.jar;C:\Users\Admin\.m2\repository\com\vladsch\flexmark\flexmark-ext-emoji\0.34.30\flexmark-ext-emoji-0.34.30.jar;C:\Users\Admin\.m2\repository\com\vladsch\flexmark\flexmark-ext-enumerated-reference\0.34.30\flexmark-ext-enumerated-reference-0.34.30.jar;C:\Users\Admin\.m2\repository\com\vladsch\flexmark\flexmark-ext-escaped-character\0.34.30\flexmark-ext-escaped-character-0.34.30.jar;C:\Users\Admin\.m2\repository\com\vladsch\flexmark\flexmark-ext-footnotes\0.34.30\flexmark-ext-footnotes-0.34.30.jar;C:\Users\Admin\.m2\repository\com\vladsch\flexmark\flexmark-ext-gfm-issues\0.34.30\flexmark-ext-gfm-issues-0.34.30.jar;C:\Users\Admin\.m2\repository\com\vladsch\flexmark\flexmark-ext-gfm-strikethrough\0.34.30\flexmark-ext-gfm-strikethrough-0.34.30.jar;C:\Users\Admin\.m2\repository\com\vladsch\flexmark\flexmark-ext-gfm-tables\0.34.30\flexmark-ext-gfm-tables-0.34.30.jar;C:\Users\Admin\.m2\repository\com\vladsch\flexmark\flexmark-ext-gfm-tasklist\0.34.30\flexmark-ext-gfm-tasklist-0.34.30.jar;C:\Users\Admin\.m2\repository\com\vladsch\flexmark\flexmark-ext-gfm-users\0.34.30\flexmark-ext-gfm-users-0.34.30.jar;C:\Users\Admin\.m2\repository\com\vladsch\flexmark\flexmark-ext-gitlab\0.34.30\flexmark-ext-gitlab-0.34.30.jar;C:\Users\Admin\.m2\repository\com\vladsch\flexmark\flexmark-ext-jekyll-front-matter\0.34.30\flexmark-ext-jekyll-front-matter-0.34.30.jar;C:\Users\Admin\.m2\repository\com\vladsch\flexmark\flexmark-ext-jekyll-tag\0.34.30\flexmark-ext-jekyll-tag-0.34.30.jar;C:\Users\Admin\.m2\repository\com\vladsch\flexmark\flexmark-ext-media-tags\0.34.30\flexmark-ext-media-tags-0.34.30.jar;C:\Users\Admin\.m2\repository\com\vladsch\flexmark\flexmark-test-util\0.34.30\flexmark-test-util-0.34.30.jar;C:\Users\Admin\.m2\repository\com\vladsch\flexmark\flexmark-ext-ins\0.34.30\flexmark-ext-ins-0.34.30.jar;C:\Users\Admin\.m2\repository\com\vladsch\flexmark\flexmark-ext-xwiki-macros\0.34.30\flexmark-ext-xwiki-macros-0.34.30.jar;C:\Users\Admin\.m2\repository\com\vladsch\flexmark\flexmark-ext-superscript\0.34.30\flexmark-ext-superscript-0.34.30.jar;C:\Users\Admin\.m2\repository\com\vladsch\flexmark\flexmark-ext-tables\0.34.30\flexmark-ext-tables-0.34.30.jar;C:\Users\Admin\.m2\repository\com\vladsch\flexmark\flexmark-ext-toc\0.34.30\flexmark-ext-toc-0.34.30.jar;C:\Users\Admin\.m2\repository\com\vladsch\flexmark\flexmark-ext-typographic\0.34.30\flexmark-ext-typographic-0.34.30.jar;C:\Users\Admin\.m2\repository\com\vladsch\flexmark\flexmark-ext-wikilink\0.34.30\flexmark-ext-wikilink-0.34.30.jar;C:\Users\Admin\.m2\repository\com\vladsch\flexmark\flexmark-ext-yaml-front-matter\0.34.30\flexmark-ext-yaml-front-matter-0.34.30.jar;C:\Users\Admin\.m2\repository\com\vladsch\flexmark\flexmark-ext-youtube-embedded\0.34.30\flexmark-ext-youtube-embedded-0.34.30.jar;C:\Users\Admin\.m2\repository\com\vladsch\flexmark\flexmark-formatter\0.34.30\flexmark-formatter-0.34.30.jar;C:\Users\Admin\.m2\repository\com\vladsch\flexmark\flexmark-html-parser\0.34.30\flexmark-html-parser-0.34.30.jar;C:\Users\Admin\.m2\repository\com\vladsch\flexmark\flexmark-jira-converter\0.34.30\flexmark-jira-converter-0.34.30.jar;C:\Users\Admin\.m2\repository\com\vladsch\flexmark\flexmark-pdf-converter\0.34.30\flexmark-pdf-converter-0.34.30.jar;C:\Users\Admin\.m2\repository\com\openhtmltopdf\openhtmltopdf-core\0.0.1-RC13\openhtmltopdf-core-0.0.1-RC13.jar;C:\Users\Admin\.m2\repository\com\openhtmltopdf\openhtmltopdf-pdfbox\0.0.1-RC13\openhtmltopdf-pdfbox-0.0.1-RC13.jar;C:\Users\Admin\.m2\repository\org\apache\pdfbox\pdfbox\2.0.8\pdfbox-2.0.8.jar;C:\Users\Admin\.m2\repository\org\apache\pdfbox\fontbox\2.0.8\fontbox-2.0.8.jar;C:\Users\Admin\.m2\repository\commons-logging\commons-logging\1.2\commons-logging-1.2.jar;C:\Users\Admin\.m2\repository\org\apache\pdfbox\xmpbox\2.0.8\xmpbox-2.0.8.jar;C:\Users\Admin\.m2\repository\de\rototor\pdfbox\graphics2d\0.12\graphics2d-0.12.jar;C:\Users\Admin\.m2\repository\com\openhtmltopdf\openhtmltopdf-rtl-support\0.0.1-RC13\openhtmltopdf-rtl-support-0.0.1-RC13.jar;C:\Users\Admin\.m2\repository\com\ibm\icu\icu4j\59.1\icu4j-59.1.jar;C:\Users\Admin\.m2\repository\com\openhtmltopdf\openhtmltopdf-jsoup-dom-converter\0.0.1-RC13\openhtmltopdf-jsoup-dom-converter-0.0.1-RC13.jar;C:\Users\Admin\.m2\repository\com\vladsch\flexmark\flexmark-profile-pegdown\0.34.30\flexmark-profile-pegdown-0.34.30.jar;C:\Users\Admin\.m2\repository\com\vladsch\flexmark\flexmark-util\0.34.30\flexmark-util-0.34.30.jar;C:\Users\Admin\.m2\repository\com\vladsch\flexmark\flexmark-youtrack-converter\0.34.30\flexmark-youtrack-converter-0.34.30.jar;C:\Users\Admin\.m2\repository\es\nitaur\markdown\txtmark\0.16\txtmark-0.16.jar;C:\Users\Admin\.m2\repository\net\serenity-bdd\serenity-report-resources\3.2.1\serenity-report-resources-3.2.1.jar;C:\Users\Admin\.m2\repository\com\google\code\gson\gson\2.9.0\gson-2.9.0.jar;C:\Users\Admin\.m2\repository\com\fasterxml\jackson\core\jackson-core\2.13.2\jackson-core-2.13.2.jar;C:\Users\Admin\.m2\repository\com\fasterxml\jackson\core\jackson-databind\2.13.2\jackson-databind-2.13.2.jar;C:\Users\Admin\.m2\repository\com\fasterxml\jackson\core\jackson-annotations\2.13.2\jackson-annotations-2.13.2.jar;C:\Users\Admin\.m2\repository\commons-codec\commons-codec\1.15\commons-codec-1.15.jar;C:\Users\Admin\.m2\repository\commons-io\commons-io\2.11.0\commons-io-2.11.0.jar;C:\Users\Admin\.m2\repository\org\seleniumhq\selenium\selenium-java\4.1.2\selenium-java-4.1.2.jar;C:\Users\Admin\.m2\repository\org\seleniumhq\selenium\selenium-devtools-v85\4.1.2\selenium-devtools-v85-4.1.2.jar;C:\Users\Admin\.m2\repository\org\seleniumhq\selenium\selenium-devtools-v95\4.1.2\selenium-devtools-v95-4.1.2.jar;C:\Users\Admin\.m2\repository\org\seleniumhq\selenium\selenium-devtools-v96\4.1.2\selenium-devtools-v96-4.1.2.jar;C:\Users\Admin\.m2\repository\org\seleniumhq\selenium\selenium-devtools-v97\4.1.2\selenium-devtools-v97-4.1.2.jar;C:\Users\Admin\.m2\repository\org\seleniumhq\selenium\selenium-firefox-xpi-driver\4.1.2\selenium-firefox-xpi-driver-4.1.2.jar;C:\Users\Admin\.m2\repository\org\seleniumhq\selenium\selenium-opera-driver\4.1.2\selenium-opera-driver-4.1.2.jar;C:\Users\Admin\.m2\repository\org\seleniumhq\selenium\selenium-remote-driver\4.1.2\selenium-remote-driver-4.1.2.jar;C:\Users\Admin\.m2\repository\com\beust\jcommander\1.82\jcommander-1.82.jar;C:\Users\Admin\.m2\repository\io\netty\netty-buffer\4.1.73.Final\netty-buffer-4.1.73.Final.jar;C:\Users\Admin\.m2\repository\io\netty\netty-codec-http\4.1.73.Final\netty-codec-http-4.1.73.Final.jar;C:\Users\Admin\.m2\repository\io\netty\netty-codec\4.1.73.Final\netty-codec-4.1.73.Final.jar;C:\Users\Admin\.m2\repository\io\netty\netty-handler\4.1.73.Final\netty-handler-4.1.73.Final.jar;C:\Users\Admin\.m2\repository\io\netty\netty-tcnative-classes\2.0.46.Final\netty-tcnative-classes-2.0.46.Final.jar;C:\Users\Admin\.m2\repository\io\netty\netty-common\4.1.73.Final\netty-common-4.1.73.Final.jar;C:\Users\Admin\.m2\repository\io\netty\netty-transport-classes-epoll\4.1.73.Final\netty-transport-classes-epoll-4.1.73.Final.jar;C:\Users\Admin\.m2\repository\io\netty\netty-transport-classes-kqueue\4.1.73.Final\netty-transport-classes-kqueue-4.1.73.Final.jar;C:\Users\Admin\.m2\repository\io\netty\netty-transport-native-epoll\4.1.73.Final\netty-transport-native-epoll-4.1.73.Final.jar;C:\Users\Admin\.m2\repository\io\netty\netty-transport-native-kqueue\4.1.73.Final\netty-transport-native-kqueue-4.1.73.Final.jar;C:\Users\Admin\.m2\repository\io\netty\netty-transport-native-unix-common\4.1.73.Final\netty-transport-native-unix-common-4.1.73.Final.jar;C:\Users\Admin\.m2\repository\io\netty\netty-transport\4.1.73.Final\netty-transport-4.1.73.Final.jar;C:\Users\Admin\.m2\repository\io\netty\netty-resolver\4.1.73.Final\netty-resolver-4.1.73.Final.jar;C:\Users\Admin\.m2\repository\io\opentelemetry\opentelemetry-api\1.10.1\opentelemetry-api-1.10.1.jar;C:\Users\Admin\.m2\repository\io\opentelemetry\opentelemetry-context\1.10.1\opentelemetry-context-1.10.1.jar;C:\Users\Admin\.m2\repository\io\opentelemetry\opentelemetry-exporter-logging\1.10.1\opentelemetry-exporter-logging-1.10.1.jar;C:\Users\Admin\.m2\repository\io\opentelemetry\opentelemetry-sdk-metrics\1.10.1-alpha\opentelemetry-sdk-metrics-1.10.1-alpha.jar;C:\Users\Admin\.m2\repository\io\opentelemetry\opentelemetry-sdk-logs\1.10.1-alpha\opentelemetry-sdk-logs-1.10.1-alpha.jar;C:\Users\Admin\.m2\repository\io\opentelemetry\opentelemetry-sdk-common\1.10.1\opentelemetry-sdk-common-1.10.1.jar;C:\Users\Admin\.m2\repository\io\opentelemetry\opentelemetry-sdk-extension-autoconfigure-spi\1.10.1\opentelemetry-sdk-extension-autoconfigure-spi-1.10.1.jar;C:\Users\Admin\.m2\repository\io\opentelemetry\opentelemetry-sdk-extension-autoconfigure\1.10.1-alpha\opentelemetry-sdk-extension-autoconfigure-1.10.1-alpha.jar;C:\Users\Admin\.m2\repository\io\opentelemetry\opentelemetry-sdk-trace\1.10.1\opentelemetry-sdk-trace-1.10.1.jar;C:\Users\Admin\.m2\repository\io\opentelemetry\opentelemetry-sdk\1.10.1\opentelemetry-sdk-1.10.1.jar;C:\Users\Admin\.m2\repository\io\opentelemetry\opentelemetry-semconv\1.10.1-alpha\opentelemetry-semconv-1.10.1-alpha.jar;C:\Users\Admin\.m2\repository\io\ous\jtoml\2.0.0\jtoml-2.0.0.jar;C:\Users\Admin\.m2\repository\org\apache\commons\commons-exec\1.3\commons-exec-1.3.jar;C:\Users\Admin\.m2\repository\org\asynchttpclient\async-http-client\2.12.3\async-http-client-2.12.3.jar;C:\Users\Admin\.m2\repository\org\asynchttpclient\async-http-client-netty-utils\2.12.3\async-http-client-netty-utils-2.12.3.jar;C:\Users\Admin\.m2\repository\io\netty\netty-codec-socks\4.1.60.Final\netty-codec-socks-4.1.60.Final.jar;C:\Users\Admin\.m2\repository\io\netty\netty-handler-proxy\4.1.60.Final\netty-handler-proxy-4.1.60.Final.jar;C:\Users\Admin\.m2\repository\io\netty\netty-transport-native-epoll\4.1.60.Final\netty-transport-native-epoll-4.1.60.Final-linux-x86_64.jar;C:\Users\Admin\.m2\repository\io\netty\netty-transport-native-kqueue\4.1.60.Final\netty-transport-native-kqueue-4.1.60.Final-osx-x86_64.jar;C:\Users\Admin\.m2\repository\org\reactivestreams\reactive-streams\1.0.3\reactive-streams-1.0.3.jar;C:\Users\Admin\.m2\repository\com\typesafe\netty\netty-reactive-streams\2.0.4\netty-reactive-streams-2.0.4.jar;C:\Users\Admin\.m2\repository\org\seleniumhq\selenium\selenium-http\4.1.2\selenium-http-4.1.2.jar;C:\Users\Admin\.m2\repository\net\jodah\failsafe\2.4.4\failsafe-2.4.4.jar;C:\Users\Admin\.m2\repository\org\seleniumhq\selenium\selenium-safari-driver\4.1.2\selenium-safari-driver-4.1.2.jar;C:\Users\Admin\.m2\repository\org\seleniumhq\selenium\selenium-api\4.1.2\selenium-api-4.1.2.jar;C:\Users\Admin\.m2\repository\org\seleniumhq\selenium\selenium-support\4.1.2\selenium-support-4.1.2.jar;C:\Users\Admin\.m2\repository\com\google\auto\service\auto-service-annotations\1.0.1\auto-service-annotations-1.0.1.jar;C:\Users\Admin\.m2\repository\com\google\auto\service\auto-service\1.0.1\auto-service-1.0.1.jar;C:\Users\Admin\.m2\repository\com\google\auto\auto-common\1.2\auto-common-1.2.jar;C:\Users\Admin\.m2\repository\org\seleniumhq\selenium\selenium-json\4.1.2\selenium-json-4.1.2.jar;C:\Users\Admin\.m2\repository\org\seleniumhq\selenium\selenium-chrome-driver\4.1.2\selenium-chrome-driver-4.1.2.jar;C:\Users\Admin\.m2\repository\org\seleniumhq\selenium\selenium-chromium-driver\4.1.2\selenium-chromium-driver-4.1.2.jar;C:\Users\Admin\.m2\repository\org\seleniumhq\selenium\selenium-firefox-driver\4.1.2\selenium-firefox-driver-4.1.2.jar;C:\Users\Admin\.m2\repository\org\seleniumhq\selenium\selenium-edge-driver\4.1.2\selenium-edge-driver-4.1.2.jar;C:\Users\Admin\.m2\repository\org\seleniumhq\selenium\selenium-ie-driver\4.1.2\selenium-ie-driver-4.1.2.jar;C:\Users\Admin\.m2\repository\org\projectlombok\lombok\1.18.20\lombok-1.18.20.jar;C:\Users\Admin\.m2\repository\io\appium\java-client\8.0.0\java-client-8.0.0.jar;C:\Users\Admin\.m2\repository\commons-validator\commons-validator\1.7\commons-validator-1.7.jar;C:\Users\Admin\.m2\repository\commons-digester\commons-digester\2.1\commons-digester-2.1.jar;C:\Users\Admin\.m2\repository\org\aspectj\aspectjweaver\1.9.8\aspectjweaver-1.9.8.jar;C:\Users\Admin\.m2\repository\org\codehaus\groovy\groovy\3.0.10\groovy-3.0.10.jar;C:\Users\Admin\.m2\repository\net\sf\opencsv\opencsv\2.0\opencsv-2.0.jar;C:\Users\Admin\.m2\repository\commons-beanutils\commons-beanutils\1.9.4\commons-beanutils-1.9.4.jar;C:\Users\Admin\.m2\repository\org\apache\commons\commons-lang3\3.12.0\commons-lang3-3.12.0.jar;C:\Users\Admin\.m2\repository\commons-collections\commons-collections\3.2.2\commons-collections-3.2.2.jar;C:\Users\Admin\.m2\repository\org\fluentlenium\fluentlenium-core\0.10.2\fluentlenium-core-0.10.2.jar;C:\Users\Admin\.m2\repository\io\github\bonigarcia\webdrivermanager\5.1.0\webdrivermanager-5.1.0.jar;C:\Users\Admin\.m2\repository\com\github\docker-java\docker-java\3.2.13\docker-java-3.2.13.jar;C:\Users\Admin\.m2\repository\com\github\docker-java\docker-java-core\3.2.13\docker-java-core-3.2.13.jar;C:\Users\Admin\.m2\repository\com\github\docker-java\docker-java-api\3.2.13\docker-java-api-3.2.13.jar;C:\Users\Admin\.m2\repository\org\apache\commons\commons-compress\1.21\commons-compress-1.21.jar;C:\Users\Admin\.m2\repository\org\bouncycastle\bcpkix-jdk15on\1.64\bcpkix-jdk15on-1.64.jar;C:\Users\Admin\.m2\repository\org\bouncycastle\bcprov-jdk15on\1.64\bcprov-jdk15on-1.64.jar;C:\Users\Admin\.m2\repository\org\slf4j\jcl-over-slf4j\1.7.30\jcl-over-slf4j-1.7.30.jar;C:\Users\Admin\.m2\repository\com\github\docker-java\docker-java-transport-httpclient5\3.2.13\docker-java-transport-httpclient5-3.2.13.jar;C:\Users\Admin\.m2\repository\com\github\docker-java\docker-java-transport\3.2.13\docker-java-transport-3.2.13.jar;C:\Users\Admin\.m2\repository\org\apache\httpcomponents\client5\httpclient5\5.0.3\httpclient5-5.0.3.jar;C:\Users\Admin\.m2\repository\org\apache\httpcomponents\core5\httpcore5\5.0.2\httpcore5-5.0.2.jar;C:\Users\Admin\.m2\repository\net\java\dev\jna\jna\5.8.0\jna-5.8.0.jar;C:\Users\Admin\.m2\repository\org\brotli\dec\0.1.2\dec-0.1.2.jar;C:\Users\Admin\.m2\repository\com\jhlabs\filters\2.0.235\filters-2.0.235.jar;C:\Users\Admin\.m2\repository\com\paulhammant\ngwebdriver\1.1.6\ngwebdriver-1.1.6.jar;C:\Users\Admin\.m2\repository\joda-time\joda-time\2.8.2\joda-time-2.8.2.jar;C:\Users\Admin\.m2\repository\org\hamcrest\hamcrest\2.2\hamcrest-2.2.jar;C:\Users\Admin\.m2\repository\com\google\jimfs\jimfs\1.2\jimfs-1.2.jar;C:\Users\Admin\.m2\repository\org\mockito\mockito-core\3.3.3\mockito-core-3.3.3.jar;C:\Users\Admin\.m2\repository\javax\xml\bind\jaxb-api\2.3.1\jaxb-api-2.3.1.jar;C:\Users\Admin\.m2\repository\javax\activation\javax.activation-api\1.2.0\javax.activation-api-1.2.0.jar;C:\Users\Admin\.m2\repository\com\sun\xml\bind\jaxb-core\2.3.0.1\jaxb-core-2.3.0.1.jar;C:\Users\Admin\.m2\repository\com\sun\xml\bind\jaxb-impl\2.3.3\jaxb-impl-2.3.3.jar;C:\Users\Admin\.m2\repository\jakarta\xml\bind\jakarta.xml.bind-api\2.3.3\jakarta.xml.bind-api-2.3.3.jar;C:\Users\Admin\.m2\repository\com\sun\activation\jakarta.activation\1.2.2\jakarta.activation-1.2.2.jar;C:\Users\Admin\.m2\repository\javax\activation\activation\1.1.1\activation-1.1.1.jar;C:\Users\Admin\.m2\repository\net\serenity-bdd\serenity-cucumber\3.2.1\serenity-cucumber-3.2.1.jar;C:\Users\Admin\.m2\repository\io\cucumber\cucumber-core\7.2.3\cucumber-core-7.2.3.jar;C:\Users\Admin\.m2\repository\io\cucumber\cucumber-gherkin\7.2.3\cucumber-gherkin-7.2.3.jar;C:\Users\Admin\.m2\repository\io\cucumber\cucumber-gherkin-messages\7.2.3\cucumber-gherkin-messages-7.2.3.jar;C:\Users\Admin\.m2\repository\io\cucumber\messages\17.1.1\messages-17.1.1.jar;C:\Users\Admin\.m2\repository\io\cucumber\tag-expressions\4.1.0\tag-expressions-4.1.0.jar;C:\Users\Admin\.m2\repository\io\cucumber\cucumber-expressions\15.0.1\cucumber-expressions-15.0.1.jar;C:\Users\Admin\.m2\repository\io\cucumber\datatable\7.2.3\datatable-7.2.3.jar;C:\Users\Admin\.m2\repository\io\cucumber\cucumber-plugin\7.2.3\cucumber-plugin-7.2.3.jar;C:\Users\Admin\.m2\repository\io\cucumber\docstring\7.2.3\docstring-7.2.3.jar;C:\Users\Admin\.m2\repository\io\cucumber\html-formatter\17.0.0\html-formatter-17.0.0.jar;C:\Users\Admin\.m2\repository\io\cucumber\ci-environment\8.1.0\ci-environment-8.1.0.jar;C:\Users\Admin\.m2\repository\io\cucumber\cucumber-junit\7.2.3\cucumber-junit-7.2.3.jar;C:\Users\Admin\.m2\repository\org\apache\commons\commons-csv\1.5\commons-csv-1.5.jar;C:\Users\Admin\.m2\repository\net\serenity-bdd\serenity-screenplay\3.2.1\serenity-screenplay-3.2.1.jar;C:\Users\Admin\.m2\repository\net\serenity-bdd\serenity-screenplay-webdriver\3.2.1\serenity-screenplay-webdriver-3.2.1.jar;C:\Users\Admin\.m2\repository\net\serenity-bdd\serenity-ensure\3.2.1\serenity-ensure-3.2.1.jar;C:\Users\Admin\.m2\repository\net\serenity-bdd\serenity-junit\3.2.1\serenity-junit-3.2.1.jar;C:\Users\Admin\.m2\repository\org\jetbrains\kotlin\kotlin-stdlib\1.6.0\kotlin-stdlib-1.6.0.jar;C:\Users\Admin\.m2\repository\org\jetbrains\annotations\13.0\annotations-13.0.jar;C:\Users\Admin\.m2\repository\org\jetbrains\kotlin\kotlin-stdlib-common\1.6.0\kotlin-stdlib-common-1.6.0.jar;C:\Users\Admin\.m2\repository\org\junit\platform\junit-platform-launcher\1.8.1\junit-platform-launcher-1.8.1.jar;C:\Users\Admin\.m2\repository\org\junit\platform\junit-platform-engine\1.8.1\junit-platform-engine-1.8.1.jar;C:\Users\Admin\.m2\repository\org\opentest4j\opentest4j\1.2.0\opentest4j-1.2.0.jar;C:\Users\Admin\.m2\repository\org\junit\platform\junit-platform-commons\1.8.1\junit-platform-commons-1.8.1.jar;C:\Users\Admin\.m2\repository\org\apiguardian\apiguardian-api\1.1.2\apiguardian-api-1.1.2.jar;C:\Users\Admin\.m2\repository\org\junit\jupiter\junit-jupiter-engine\5.8.2\junit-jupiter-engine-5.8.2.jar;C:\Users\Admin\.m2\repository\org\junit\jupiter\junit-jupiter-api\5.8.2\junit-jupiter-api-5.8.2.jar;C:\Users\Admin\.m2\repository\org\junit\vintage\junit-vintage-engine\5.8.2\junit-vintage-engine-5.8.2.jar;C:\Users\Admin\.m2\repository\junit\junit\4.13.2\junit-4.13.2.jar;C:\Users\Admin\.m2\repository\org\hamcrest\hamcrest-core\1.3\hamcrest-core-1.3.jar;C:\Users\Admin\.m2\repository\ch\qos\logback\logback-classic\1.2.10\logback-classic-1.2.10.jar;C:\Users\Admin\.m2\repository\ch\qos\logback\logback-core\1.2.10\logback-core-1.2.10.jar;C:\Users\Admin\.m2\repository\org\slf4j\slf4j-api\1.7.32\slf4j-api-1.7.32.jar;C:\Users\Admin\.m2\repository\org\assertj\assertj-core\3.6.2\assertj-core-3.6.2.jar;"/>
    <property name="java.vm.vendor" value="Oracle Corporation"/>
    <property name="sun.arch.data.model" value="64"/>
    <property name="user.variant" value=""/>
    <property name="java.vendor.url" value="http://java.oracle.com/"/>
    <property name="user.timezone" value="Asia/Bangkok"/>
    <property name="java.vm.specification.version" value="1.8"/>
    <property name="os.name" value="Windows 10"/>
    <property name="user.country" value="US"/>
    <property name="sun.java.launcher" value="SUN_STANDARD"/>
    <property name="sun.boot.library.path" value="C:\Program Files\Java\jdk1.8.0_321\jre\bin"/>
    <property name="sun.java.command" value="C:\Users\Admin\AppData\Local\Temp\surefire7213644645039518227\surefirebooter678574612662459070.jar C:\Users\Admin\AppData\Local\Temp\surefire7213644645039518227 2022-05-13T20-59-13_180-jvmRun1 surefire4725484654850045486tmp surefire_06069463239366919126tmp"/>
    <property name="surefire.test.class.path" value="D:\kampus merdeka\QE_MUHAMMAD ADIBASYAH\miniproject\web\target\test-classes;D:\kampus merdeka\QE_MUHAMMAD ADIBASYAH\miniproject\web\target\web-1.0-SNAPSHOT.jar;C:\Users\Admin\.m2\repository\net\serenity-bdd\serenity-core\3.2.1\serenity-core-3.2.1.jar;C:\Users\Admin\.m2\repository\net\serenity-bdd\serenity-model\3.2.1\serenity-model-3.2.1.jar;C:\Users\Admin\.m2\repository\org\apache\commons\commons-text\1.9\commons-text-1.9.jar;C:\Users\Admin\.m2\repository\commons-net\commons-net\3.8.0\commons-net-3.8.0.jar;C:\Users\Admin\.m2\repository\com\google\guava\guava\31.1-jre\guava-31.1-jre.jar;C:\Users\Admin\.m2\repository\com\google\guava\failureaccess\1.0.1\failureaccess-1.0.1.jar;C:\Users\Admin\.m2\repository\com\google\guava\listenablefuture\9999.0-empty-to-avoid-conflict-with-guava\listenablefuture-9999.0-empty-to-avoid-conflict-with-guava.jar;C:\Users\Admin\.m2\repository\com\google\code\findbugs\jsr305\3.0.2\jsr305-3.0.2.jar;C:\Users\Admin\.m2\repository\org\checkerframework\checker-qual\3.12.0\checker-qual-3.12.0.jar;C:\Users\Admin\.m2\repository\com\google\errorprone\error_prone_annotations\2.11.0\error_prone_annotations-2.11.0.jar;C:\Users\Admin\.m2\repository\com\google\j2objc\j2objc-annotations\1.3\j2objc-annotations-1.3.jar;C:\Users\Admin\.m2\repository\com\google\inject\guice\5.1.0\guice-5.1.0.jar;C:\Users\Admin\.m2\repository\javax\inject\javax.inject\1\javax.inject-1.jar;C:\Users\Admin\.m2\repository\aopalliance\aopalliance\1.0\aopalliance-1.0.jar;C:\Users\Admin\.m2\repository\org\jsoup\jsoup\1.14.3\jsoup-1.14.3.jar;C:\Users\Admin\.m2\repository\com\thoughtworks\xstream\xstream\1.4.19\xstream-1.4.19.jar;C:\Users\Admin\.m2\repository\io\github\x-stream\mxparser\1.2.2\mxparser-1.2.2.jar;C:\Users\Admin\.m2\repository\xmlpull\xmlpull\1.1.3.1\xmlpull-1.1.3.1.jar;C:\Users\Admin\.m2\repository\io\cucumber\cucumber-java\7.2.3\cucumber-java-7.2.3.jar;C:\Users\Admin\.m2\repository\com\typesafe\config\1.4.2\config-1.4.2.jar;C:\Users\Admin\.m2\repository\org\imgscalr\imgscalr-lib\4.2\imgscalr-lib-4.2.jar;C:\Users\Admin\.m2\repository\org\awaitility\awaitility\4.2.0\awaitility-4.2.0.jar;C:\Users\Admin\.m2\repository\org\freemarker\freemarker\2.3.31\freemarker-2.3.31.jar;C:\Users\Admin\.m2\repository\io\github\classgraph\classgraph\4.8.138\classgraph-4.8.138.jar;C:\Users\Admin\.m2\repository\net\sourceforge\jexcelapi\jxl\2.6.12\jxl-2.6.12.jar;C:\Users\Admin\.m2\repository\net\bytebuddy\byte-buddy\1.12.8\byte-buddy-1.12.8.jar;C:\Users\Admin\.m2\repository\net\bytebuddy\byte-buddy-agent\1.12.8\byte-buddy-agent-1.12.8.jar;C:\Users\Admin\.m2\repository\org\objenesis\objenesis\3.1\objenesis-3.1.jar;C:\Users\Admin\.m2\repository\net\serenity-bdd\serenity-reports\3.2.1\serenity-reports-3.2.1.jar;C:\Users\Admin\.m2\repository\net\serenity-bdd\serenity-stats\3.2.1\serenity-stats-3.2.1.jar;C:\Users\Admin\.m2\repository\net\serenity-bdd\serenity-reports-configuration\3.2.1\serenity-reports-configuration-3.2.1.jar;C:\Users\Admin\.m2\repository\com\vladsch\flexmark\flexmark-all\0.34.30\flexmark-all-0.34.30.jar;C:\Users\Admin\.m2\repository\com\vladsch\flexmark\flexmark\0.34.30\flexmark-0.34.30.jar;C:\Users\Admin\.m2\repository\com\vladsch\flexmark\flexmark-ext-abbreviation\0.34.30\flexmark-ext-abbreviation-0.34.30.jar;C:\Users\Admin\.m2\repository\com\vladsch\flexmark\flexmark-ext-admonition\0.34.30\flexmark-ext-admonition-0.34.30.jar;C:\Users\Admin\.m2\repository\com\vladsch\flexmark\flexmark-ext-anchorlink\0.34.30\flexmark-ext-anchorlink-0.34.30.jar;C:\Users\Admin\.m2\repository\com\vladsch\flexmark\flexmark-ext-aside\0.34.30\flexmark-ext-aside-0.34.30.jar;C:\Users\Admin\.m2\repository\com\vladsch\flexmark\flexmark-ext-attributes\0.34.30\flexmark-ext-attributes-0.34.30.jar;C:\Users\Admin\.m2\repository\com\vladsch\flexmark\flexmark-ext-autolink\0.34.30\flexmark-ext-autolink-0.34.30.jar;C:\Users\Admin\.m2\repository\org\nibor\autolink\autolink\0.6.0\autolink-0.6.0.jar;C:\Users\Admin\.m2\repository\com\vladsch\flexmark\flexmark-ext-definition\0.34.30\flexmark-ext-definition-0.34.30.jar;C:\Users\Admin\.m2\repository\com\vladsch\flexmark\flexmark-ext-emoji\0.34.30\flexmark-ext-emoji-0.34.30.jar;C:\Users\Admin\.m2\repository\com\vladsch\flexmark\flexmark-ext-enumerated-reference\0.34.30\flexmark-ext-enumerated-reference-0.34.30.jar;C:\Users\Admin\.m2\repository\com\vladsch\flexmark\flexmark-ext-escaped-character\0.34.30\flexmark-ext-escaped-character-0.34.30.jar;C:\Users\Admin\.m2\repository\com\vladsch\flexmark\flexmark-ext-footnotes\0.34.30\flexmark-ext-footnotes-0.34.30.jar;C:\Users\Admin\.m2\repository\com\vladsch\flexmark\flexmark-ext-gfm-issues\0.34.30\flexmark-ext-gfm-issues-0.34.30.jar;C:\Users\Admin\.m2\repository\com\vladsch\flexmark\flexmark-ext-gfm-strikethrough\0.34.30\flexmark-ext-gfm-strikethrough-0.34.30.jar;C:\Users\Admin\.m2\repository\com\vladsch\flexmark\flexmark-ext-gfm-tables\0.34.30\flexmark-ext-gfm-tables-0.34.30.jar;C:\Users\Admin\.m2\repository\com\vladsch\flexmark\flexmark-ext-gfm-tasklist\0.34.30\flexmark-ext-gfm-tasklist-0.34.30.jar;C:\Users\Admin\.m2\repository\com\vladsch\flexmark\flexmark-ext-gfm-users\0.34.30\flexmark-ext-gfm-users-0.34.30.jar;C:\Users\Admin\.m2\repository\com\vladsch\flexmark\flexmark-ext-gitlab\0.34.30\flexmark-ext-gitlab-0.34.30.jar;C:\Users\Admin\.m2\repository\com\vladsch\flexmark\flexmark-ext-jekyll-front-matter\0.34.30\flexmark-ext-jekyll-front-matter-0.34.30.jar;C:\Users\Admin\.m2\repository\com\vladsch\flexmark\flexmark-ext-jekyll-tag\0.34.30\flexmark-ext-jekyll-tag-0.34.30.jar;C:\Users\Admin\.m2\repository\com\vladsch\flexmark\flexmark-ext-media-tags\0.34.30\flexmark-ext-media-tags-0.34.30.jar;C:\Users\Admin\.m2\repository\com\vladsch\flexmark\flexmark-test-util\0.34.30\flexmark-test-util-0.34.30.jar;C:\Users\Admin\.m2\repository\com\vladsch\flexmark\flexmark-ext-ins\0.34.30\flexmark-ext-ins-0.34.30.jar;C:\Users\Admin\.m2\repository\com\vladsch\flexmark\flexmark-ext-xwiki-macros\0.34.30\flexmark-ext-xwiki-macros-0.34.30.jar;C:\Users\Admin\.m2\repository\com\vladsch\flexmark\flexmark-ext-superscript\0.34.30\flexmark-ext-superscript-0.34.30.jar;C:\Users\Admin\.m2\repository\com\vladsch\flexmark\flexmark-ext-tables\0.34.30\flexmark-ext-tables-0.34.30.jar;C:\Users\Admin\.m2\repository\com\vladsch\flexmark\flexmark-ext-toc\0.34.30\flexmark-ext-toc-0.34.30.jar;C:\Users\Admin\.m2\repository\com\vladsch\flexmark\flexmark-ext-typographic\0.34.30\flexmark-ext-typographic-0.34.30.jar;C:\Users\Admin\.m2\repository\com\vladsch\flexmark\flexmark-ext-wikilink\0.34.30\flexmark-ext-wikilink-0.34.30.jar;C:\Users\Admin\.m2\repository\com\vladsch\flexmark\flexmark-ext-yaml-front-matter\0.34.30\flexmark-ext-yaml-front-matter-0.34.30.jar;C:\Users\Admin\.m2\repository\com\vladsch\flexmark\flexmark-ext-youtube-embedded\0.34.30\flexmark-ext-youtube-embedded-0.34.30.jar;C:\Users\Admin\.m2\repository\com\vladsch\flexmark\flexmark-formatter\0.34.30\flexmark-formatter-0.34.30.jar;C:\Users\Admin\.m2\repository\com\vladsch\flexmark\flexmark-html-parser\0.34.30\flexmark-html-parser-0.34.30.jar;C:\Users\Admin\.m2\repository\com\vladsch\flexmark\flexmark-jira-converter\0.34.30\flexmark-jira-converter-0.34.30.jar;C:\Users\Admin\.m2\repository\com\vladsch\flexmark\flexmark-pdf-converter\0.34.30\flexmark-pdf-converter-0.34.30.jar;C:\Users\Admin\.m2\repository\com\openhtmltopdf\openhtmltopdf-core\0.0.1-RC13\openhtmltopdf-core-0.0.1-RC13.jar;C:\Users\Admin\.m2\repository\com\openhtmltopdf\openhtmltopdf-pdfbox\0.0.1-RC13\openhtmltopdf-pdfbox-0.0.1-RC13.jar;C:\Users\Admin\.m2\repository\org\apache\pdfbox\pdfbox\2.0.8\pdfbox-2.0.8.jar;C:\Users\Admin\.m2\repository\org\apache\pdfbox\fontbox\2.0.8\fontbox-2.0.8.jar;C:\Users\Admin\.m2\repository\commons-logging\commons-logging\1.2\commons-logging-1.2.jar;C:\Users\Admin\.m2\repository\org\apache\pdfbox\xmpbox\2.0.8\xmpbox-2.0.8.jar;C:\Users\Admin\.m2\repository\de\rototor\pdfbox\graphics2d\0.12\graphics2d-0.12.jar;C:\Users\Admin\.m2\repository\com\openhtmltopdf\openhtmltopdf-rtl-support\0.0.1-RC13\openhtmltopdf-rtl-support-0.0.1-RC13.jar;C:\Users\Admin\.m2\repository\com\ibm\icu\icu4j\59.1\icu4j-59.1.jar;C:\Users\Admin\.m2\repository\com\openhtmltopdf\openhtmltopdf-jsoup-dom-converter\0.0.1-RC13\openhtmltopdf-jsoup-dom-converter-0.0.1-RC13.jar;C:\Users\Admin\.m2\repository\com\vladsch\flexmark\flexmark-profile-pegdown\0.34.30\flexmark-profile-pegdown-0.34.30.jar;C:\Users\Admin\.m2\repository\com\vladsch\flexmark\flexmark-util\0.34.30\flexmark-util-0.34.30.jar;C:\Users\Admin\.m2\repository\com\vladsch\flexmark\flexmark-youtrack-converter\0.34.30\flexmark-youtrack-converter-0.34.30.jar;C:\Users\Admin\.m2\repository\es\nitaur\markdown\txtmark\0.16\txtmark-0.16.jar;C:\Users\Admin\.m2\repository\net\serenity-bdd\serenity-report-resources\3.2.1\serenity-report-resources-3.2.1.jar;C:\Users\Admin\.m2\repository\com\google\code\gson\gson\2.9.0\gson-2.9.0.jar;C:\Users\Admin\.m2\repository\com\fasterxml\jackson\core\jackson-core\2.13.2\jackson-core-2.13.2.jar;C:\Users\Admin\.m2\repository\com\fasterxml\jackson\core\jackson-databind\2.13.2\jackson-databind-2.13.2.jar;C:\Users\Admin\.m2\repository\com\fasterxml\jackson\core\jackson-annotations\2.13.2\jackson-annotations-2.13.2.jar;C:\Users\Admin\.m2\repository\commons-codec\commons-codec\1.15\commons-codec-1.15.jar;C:\Users\Admin\.m2\repository\commons-io\commons-io\2.11.0\commons-io-2.11.0.jar;C:\Users\Admin\.m2\repository\org\seleniumhq\selenium\selenium-java\4.1.2\selenium-java-4.1.2.jar;C:\Users\Admin\.m2\repository\org\seleniumhq\selenium\selenium-devtools-v85\4.1.2\selenium-devtools-v85-4.1.2.jar;C:\Users\Admin\.m2\repository\org\seleniumhq\selenium\selenium-devtools-v95\4.1.2\selenium-devtools-v95-4.1.2.jar;C:\Users\Admin\.m2\repository\org\seleniumhq\selenium\selenium-devtools-v96\4.1.2\selenium-devtools-v96-4.1.2.jar;C:\Users\Admin\.m2\repository\org\seleniumhq\selenium\selenium-devtools-v97\4.1.2\selenium-devtools-v97-4.1.2.jar;C:\Users\Admin\.m2\repository\org\seleniumhq\selenium\selenium-firefox-xpi-driver\4.1.2\selenium-firefox-xpi-driver-4.1.2.jar;C:\Users\Admin\.m2\repository\org\seleniumhq\selenium\selenium-opera-driver\4.1.2\selenium-opera-driver-4.1.2.jar;C:\Users\Admin\.m2\repository\org\seleniumhq\selenium\selenium-remote-driver\4.1.2\selenium-remote-driver-4.1.2.jar;C:\Users\Admin\.m2\repository\com\beust\jcommander\1.82\jcommander-1.82.jar;C:\Users\Admin\.m2\repository\io\netty\netty-buffer\4.1.73.Final\netty-buffer-4.1.73.Final.jar;C:\Users\Admin\.m2\repository\io\netty\netty-codec-http\4.1.73.Final\netty-codec-http-4.1.73.Final.jar;C:\Users\Admin\.m2\repository\io\netty\netty-codec\4.1.73.Final\netty-codec-4.1.73.Final.jar;C:\Users\Admin\.m2\repository\io\netty\netty-handler\4.1.73.Final\netty-handler-4.1.73.Final.jar;C:\Users\Admin\.m2\repository\io\netty\netty-tcnative-classes\2.0.46.Final\netty-tcnative-classes-2.0.46.Final.jar;C:\Users\Admin\.m2\repository\io\netty\netty-common\4.1.73.Final\netty-common-4.1.73.Final.jar;C:\Users\Admin\.m2\repository\io\netty\netty-transport-classes-epoll\4.1.73.Final\netty-transport-classes-epoll-4.1.73.Final.jar;C:\Users\Admin\.m2\repository\io\netty\netty-transport-classes-kqueue\4.1.73.Final\netty-transport-classes-kqueue-4.1.73.Final.jar;C:\Users\Admin\.m2\repository\io\netty\netty-transport-native-epoll\4.1.73.Final\netty-transport-native-epoll-4.1.73.Final.jar;C:\Users\Admin\.m2\repository\io\netty\netty-transport-native-kqueue\4.1.73.Final\netty-transport-native-kqueue-4.1.73.Final.jar;C:\Users\Admin\.m2\repository\io\netty\netty-transport-native-unix-common\4.1.73.Final\netty-transport-native-unix-common-4.1.73.Final.jar;C:\Users\Admin\.m2\repository\io\netty\netty-transport\4.1.73.Final\netty-transport-4.1.73.Final.jar;C:\Users\Admin\.m2\repository\io\netty\netty-resolver\4.1.73.Final\netty-resolver-4.1.73.Final.jar;C:\Users\Admin\.m2\repository\io\opentelemetry\opentelemetry-api\1.10.1\opentelemetry-api-1.10.1.jar;C:\Users\Admin\.m2\repository\io\opentelemetry\opentelemetry-context\1.10.1\opentelemetry-context-1.10.1.jar;C:\Users\Admin\.m2\repository\io\opentelemetry\opentelemetry-exporter-logging\1.10.1\opentelemetry-exporter-logging-1.10.1.jar;C:\Users\Admin\.m2\repository\io\opentelemetry\opentelemetry-sdk-metrics\1.10.1-alpha\opentelemetry-sdk-metrics-1.10.1-alpha.jar;C:\Users\Admin\.m2\repository\io\opentelemetry\opentelemetry-sdk-logs\1.10.1-alpha\opentelemetry-sdk-logs-1.10.1-alpha.jar;C:\Users\Admin\.m2\repository\io\opentelemetry\opentelemetry-sdk-common\1.10.1\opentelemetry-sdk-common-1.10.1.jar;C:\Users\Admin\.m2\repository\io\opentelemetry\opentelemetry-sdk-extension-autoconfigure-spi\1.10.1\opentelemetry-sdk-extension-autoconfigure-spi-1.10.1.jar;C:\Users\Admin\.m2\repository\io\opentelemetry\opentelemetry-sdk-extension-autoconfigure\1.10.1-alpha\opentelemetry-sdk-extension-autoconfigure-1.10.1-alpha.jar;C:\Users\Admin\.m2\repository\io\opentelemetry\opentelemetry-sdk-trace\1.10.1\opentelemetry-sdk-trace-1.10.1.jar;C:\Users\Admin\.m2\repository\io\opentelemetry\opentelemetry-sdk\1.10.1\opentelemetry-sdk-1.10.1.jar;C:\Users\Admin\.m2\repository\io\opentelemetry\opentelemetry-semconv\1.10.1-alpha\opentelemetry-semconv-1.10.1-alpha.jar;C:\Users\Admin\.m2\repository\io\ous\jtoml\2.0.0\jtoml-2.0.0.jar;C:\Users\Admin\.m2\repository\org\apache\commons\commons-exec\1.3\commons-exec-1.3.jar;C:\Users\Admin\.m2\repository\org\asynchttpclient\async-http-client\2.12.3\async-http-client-2.12.3.jar;C:\Users\Admin\.m2\repository\org\asynchttpclient\async-http-client-netty-utils\2.12.3\async-http-client-netty-utils-2.12.3.jar;C:\Users\Admin\.m2\repository\io\netty\netty-codec-socks\4.1.60.Final\netty-codec-socks-4.1.60.Final.jar;C:\Users\Admin\.m2\repository\io\netty\netty-handler-proxy\4.1.60.Final\netty-handler-proxy-4.1.60.Final.jar;C:\Users\Admin\.m2\repository\io\netty\netty-transport-native-epoll\4.1.60.Final\netty-transport-native-epoll-4.1.60.Final-linux-x86_64.jar;C:\Users\Admin\.m2\repository\io\netty\netty-transport-native-kqueue\4.1.60.Final\netty-transport-native-kqueue-4.1.60.Final-osx-x86_64.jar;C:\Users\Admin\.m2\repository\org\reactivestreams\reactive-streams\1.0.3\reactive-streams-1.0.3.jar;C:\Users\Admin\.m2\repository\com\typesafe\netty\netty-reactive-streams\2.0.4\netty-reactive-streams-2.0.4.jar;C:\Users\Admin\.m2\repository\org\seleniumhq\selenium\selenium-http\4.1.2\selenium-http-4.1.2.jar;C:\Users\Admin\.m2\repository\net\jodah\failsafe\2.4.4\failsafe-2.4.4.jar;C:\Users\Admin\.m2\repository\org\seleniumhq\selenium\selenium-safari-driver\4.1.2\selenium-safari-driver-4.1.2.jar;C:\Users\Admin\.m2\repository\org\seleniumhq\selenium\selenium-api\4.1.2\selenium-api-4.1.2.jar;C:\Users\Admin\.m2\repository\org\seleniumhq\selenium\selenium-support\4.1.2\selenium-support-4.1.2.jar;C:\Users\Admin\.m2\repository\com\google\auto\service\auto-service-annotations\1.0.1\auto-service-annotations-1.0.1.jar;C:\Users\Admin\.m2\repository\com\google\auto\service\auto-service\1.0.1\auto-service-1.0.1.jar;C:\Users\Admin\.m2\repository\com\google\auto\auto-common\1.2\auto-common-1.2.jar;C:\Users\Admin\.m2\repository\org\seleniumhq\selenium\selenium-json\4.1.2\selenium-json-4.1.2.jar;C:\Users\Admin\.m2\repository\org\seleniumhq\selenium\selenium-chrome-driver\4.1.2\selenium-chrome-driver-4.1.2.jar;C:\Users\Admin\.m2\repository\org\seleniumhq\selenium\selenium-chromium-driver\4.1.2\selenium-chromium-driver-4.1.2.jar;C:\Users\Admin\.m2\repository\org\seleniumhq\selenium\selenium-firefox-driver\4.1.2\selenium-firefox-driver-4.1.2.jar;C:\Users\Admin\.m2\repository\org\seleniumhq\selenium\selenium-edge-driver\4.1.2\selenium-edge-driver-4.1.2.jar;C:\Users\Admin\.m2\repository\org\seleniumhq\selenium\selenium-ie-driver\4.1.2\selenium-ie-driver-4.1.2.jar;C:\Users\Admin\.m2\repository\org\projectlombok\lombok\1.18.20\lombok-1.18.20.jar;C:\Users\Admin\.m2\repository\io\appium\java-client\8.0.0\java-client-8.0.0.jar;C:\Users\Admin\.m2\repository\commons-validator\commons-validator\1.7\commons-validator-1.7.jar;C:\Users\Admin\.m2\repository\commons-digester\commons-digester\2.1\commons-digester-2.1.jar;C:\Users\Admin\.m2\repository\org\aspectj\aspectjweaver\1.9.8\aspectjweaver-1.9.8.jar;C:\Users\Admin\.m2\repository\org\codehaus\groovy\groovy\3.0.10\groovy-3.0.10.jar;C:\Users\Admin\.m2\repository\net\sf\opencsv\opencsv\2.0\opencsv-2.0.jar;C:\Users\Admin\.m2\repository\commons-beanutils\commons-beanutils\1.9.4\commons-beanutils-1.9.4.jar;C:\Users\Admin\.m2\repository\org\apache\commons\commons-lang3\3.12.0\commons-lang3-3.12.0.jar;C:\Users\Admin\.m2\repository\commons-collections\commons-collections\3.2.2\commons-collections-3.2.2.jar;C:\Users\Admin\.m2\repository\org\fluentlenium\fluentlenium-core\0.10.2\fluentlenium-core-0.10.2.jar;C:\Users\Admin\.m2\repository\io\github\bonigarcia\webdrivermanager\5.1.0\webdrivermanager-5.1.0.jar;C:\Users\Admin\.m2\repository\com\github\docker-java\docker-java\3.2.13\docker-java-3.2.13.jar;C:\Users\Admin\.m2\repository\com\github\docker-java\docker-java-core\3.2.13\docker-java-core-3.2.13.jar;C:\Users\Admin\.m2\repository\com\github\docker-java\docker-java-api\3.2.13\docker-java-api-3.2.13.jar;C:\Users\Admin\.m2\repository\org\apache\commons\commons-compress\1.21\commons-compress-1.21.jar;C:\Users\Admin\.m2\repository\org\bouncycastle\bcpkix-jdk15on\1.64\bcpkix-jdk15on-1.64.jar;C:\Users\Admin\.m2\repository\org\bouncycastle\bcprov-jdk15on\1.64\bcprov-jdk15on-1.64.jar;C:\Users\Admin\.m2\repository\org\slf4j\jcl-over-slf4j\1.7.30\jcl-over-slf4j-1.7.30.jar;C:\Users\Admin\.m2\repository\com\github\docker-java\docker-java-transport-httpclient5\3.2.13\docker-java-transport-httpclient5-3.2.13.jar;C:\Users\Admin\.m2\repository\com\github\docker-java\docker-java-transport\3.2.13\docker-java-transport-3.2.13.jar;C:\Users\Admin\.m2\repository\org\apache\httpcomponents\client5\httpclient5\5.0.3\httpclient5-5.0.3.jar;C:\Users\Admin\.m2\repository\org\apache\httpcomponents\core5\httpcore5\5.0.2\httpcore5-5.0.2.jar;C:\Users\Admin\.m2\repository\net\java\dev\jna\jna\5.8.0\jna-5.8.0.jar;C:\Users\Admin\.m2\repository\org\brotli\dec\0.1.2\dec-0.1.2.jar;C:\Users\Admin\.m2\repository\com\jhlabs\filters\2.0.235\filters-2.0.235.jar;C:\Users\Admin\.m2\repository\com\paulhammant\ngwebdriver\1.1.6\ngwebdriver-1.1.6.jar;C:\Users\Admin\.m2\repository\joda-time\joda-time\2.8.2\joda-time-2.8.2.jar;C:\Users\Admin\.m2\repository\org\hamcrest\hamcrest\2.2\hamcrest-2.2.jar;C:\Users\Admin\.m2\repository\com\google\jimfs\jimfs\1.2\jimfs-1.2.jar;C:\Users\Admin\.m2\repository\org\mockito\mockito-core\3.3.3\mockito-core-3.3.3.jar;C:\Users\Admin\.m2\repository\javax\xml\bind\jaxb-api\2.3.1\jaxb-api-2.3.1.jar;C:\Users\Admin\.m2\repository\javax\activation\javax.activation-api\1.2.0\javax.activation-api-1.2.0.jar;C:\Users\Admin\.m2\repository\com\sun\xml\bind\jaxb-core\2.3.0.1\jaxb-core-2.3.0.1.jar;C:\Users\Admin\.m2\repository\com\sun\xml\bind\jaxb-impl\2.3.3\jaxb-impl-2.3.3.jar;C:\Users\Admin\.m2\repository\jakarta\xml\bind\jakarta.xml.bind-api\2.3.3\jakarta.xml.bind-api-2.3.3.jar;C:\Users\Admin\.m2\repository\com\sun\activation\jakarta.activation\1.2.2\jakarta.activation-1.2.2.jar;C:\Users\Admin\.m2\repository\javax\activation\activation\1.1.1\activation-1.1.1.jar;C:\Users\Admin\.m2\repository\net\serenity-bdd\serenity-cucumber\3.2.1\serenity-cucumber-3.2.1.jar;C:\Users\Admin\.m2\repository\io\cucumber\cucumber-core\7.2.3\cucumber-core-7.2.3.jar;C:\Users\Admin\.m2\repository\io\cucumber\cucumber-gherkin\7.2.3\cucumber-gherkin-7.2.3.jar;C:\Users\Admin\.m2\repository\io\cucumber\cucumber-gherkin-messages\7.2.3\cucumber-gherkin-messages-7.2.3.jar;C:\Users\Admin\.m2\repository\io\cucumber\messages\17.1.1\messages-17.1.1.jar;C:\Users\Admin\.m2\repository\io\cucumber\tag-expressions\4.1.0\tag-expressions-4.1.0.jar;C:\Users\Admin\.m2\repository\io\cucumber\cucumber-expressions\15.0.1\cucumber-expressions-15.0.1.jar;C:\Users\Admin\.m2\repository\io\cucumber\datatable\7.2.3\datatable-7.2.3.jar;C:\Users\Admin\.m2\repository\io\cucumber\cucumber-plugin\7.2.3\cucumber-plugin-7.2.3.jar;C:\Users\Admin\.m2\repository\io\cucumber\docstring\7.2.3\docstring-7.2.3.jar;C:\Users\Admin\.m2\repository\io\cucumber\html-formatter\17.0.0\html-formatter-17.0.0.jar;C:\Users\Admin\.m2\repository\io\cucumber\ci-environment\8.1.0\ci-environment-8.1.0.jar;C:\Users\Admin\.m2\repository\io\cucumber\cucumber-junit\7.2.3\cucumber-junit-7.2.3.jar;C:\Users\Admin\.m2\repository\org\apache\commons\commons-csv\1.5\commons-csv-1.5.jar;C:\Users\Admin\.m2\repository\net\serenity-bdd\serenity-screenplay\3.2.1\serenity-screenplay-3.2.1.jar;C:\Users\Admin\.m2\repository\net\serenity-bdd\serenity-screenplay-webdriver\3.2.1\serenity-screenplay-webdriver-3.2.1.jar;C:\Users\Admin\.m2\repository\net\serenity-bdd\serenity-ensure\3.2.1\serenity-ensure-3.2.1.jar;C:\Users\Admin\.m2\repository\net\serenity-bdd\serenity-junit\3.2.1\serenity-junit-3.2.1.jar;C:\Users\Admin\.m2\repository\org\jetbrains\kotlin\kotlin-stdlib\1.6.0\kotlin-stdlib-1.6.0.jar;C:\Users\Admin\.m2\repository\org\jetbrains\annotations\13.0\annotations-13.0.jar;C:\Users\Admin\.m2\repository\org\jetbrains\kotlin\kotlin-stdlib-common\1.6.0\kotlin-stdlib-common-1.6.0.jar;C:\Users\Admin\.m2\repository\org\junit\platform\junit-platform-launcher\1.8.1\junit-platform-launcher-1.8.1.jar;C:\Users\Admin\.m2\repository\org\junit\platform\junit-platform-engine\1.8.1\junit-platform-engine-1.8.1.jar;C:\Users\Admin\.m2\repository\org\opentest4j\opentest4j\1.2.0\opentest4j-1.2.0.jar;C:\Users\Admin\.m2\repository\org\junit\platform\junit-platform-commons\1.8.1\junit-platform-commons-1.8.1.jar;C:\Users\Admin\.m2\repository\org\apiguardian\apiguardian-api\1.1.2\apiguardian-api-1.1.2.jar;C:\Users\Admin\.m2\repository\org\junit\jupiter\junit-jupiter-engine\5.8.2\junit-jupiter-engine-5.8.2.jar;C:\Users\Admin\.m2\repository\org\junit\jupiter\junit-jupiter-api\5.8.2\junit-jupiter-api-5.8.2.jar;C:\Users\Admin\.m2\repository\org\junit\vintage\junit-vintage-engine\5.8.2\junit-vintage-engine-5.8.2.jar;C:\Users\Admin\.m2\repository\junit\junit\4.13.2\junit-4.13.2.jar;C:\Users\Admin\.m2\repository\org\hamcrest\hamcrest-core\1.3\hamcrest-core-1.3.jar;C:\Users\Admin\.m2\repository\ch\qos\logback\logback-classic\1.2.10\logback-classic-1.2.10.jar;C:\Users\Admin\.m2\repository\ch\qos\logback\logback-core\1.2.10\logback-core-1.2.10.jar;C:\Users\Admin\.m2\repository\org\slf4j\slf4j-api\1.7.32\slf4j-api-1.7.32.jar;C:\Users\Admin\.m2\repository\org\assertj\assertj-core\3.6.2\assertj-core-3.6.2.jar;"/>
    <property name="sun.cpu.endian" value="little"/>
    <property name="user.home" value="C:\Users\Admin"/>
    <property name="user.language" value="en"/>
    <property name="java.specification.vendor" value="Oracle Corporation"/>
    <property name="java.home" value="C:\Program Files\Java\jdk1.8.0_321\jre"/>
    <property name="basedir" value="D:\kampus merdeka\QE_MUHAMMAD ADIBASYAH\miniproject\web"/>
    <property name="file.separator" value="\"/>
    <property name="line.separator" value="&#10;"/>
    <property name="java.vm.specification.vendor" value="Oracle Corporation"/>
    <property name="java.specification.name" value="Java Platform API Specification"/>
    <property name="java.awt.graphicsenv" value="sun.awt.Win32GraphicsEnvironment"/>
    <property name="surefire.real.class.path" value="C:\Users\Admin\AppData\Local\Temp\surefire7213644645039518227\surefirebooter678574612662459070.jar"/>
    <property name="sun.boot.class.path" value="C:\Program Files\Java\jdk1.8.0_321\jre\lib\resources.jar;C:\Program Files\Java\jdk1.8.0_321\jre\lib\rt.jar;C:\Program Files\Java\jdk1.8.0_321\jre\lib\sunrsasign.jar;C:\Program Files\Java\jdk1.8.0_321\jre\lib\jsse.jar;C:\Program Files\Java\jdk1.8.0_321\jre\lib\jce.jar;C:\Program Files\Java\jdk1.8.0_321\jre\lib\charsets.jar;C:\Program Files\Java\jdk1.8.0_321\jre\lib\jfr.jar;C:\Program Files\Java\jdk1.8.0_321\jre\classes"/>
    <property name="user.script" value=""/>
    <property name="java.protocol.handler.pkgs" value="com.google.common"/>
    <property name="sun.management.compiler" value="HotSpot 64-Bit Tiered Compilers"/>
    <property name="java.runtime.version" value="1.8.0_321-b07"/>
    <property name="user.name" value="Admin"/>
    <property name="path.separator" value=";"/>
    <property name="os.version" value="10.0"/>
    <property name="java.endorsed.dirs" value="C:\Program Files\Java\jdk1.8.0_321\jre\lib\endorsed"/>
    <property name="java.runtime.name" value="Java(TM) SE Runtime Environment"/>
    <property name="file.encoding" value="Cp1252"/>
    <property name="webdriver.base.url" value=""/>
    <property name="java.vm.name" value="Java HotSpot(TM) 64-Bit Server VM"/>
    <property name="localRepository" value="C:\Users\Admin\.m2\repository"/>
    <property name="java.vendor.url.bug" value="http://bugreport.sun.com/bugreport/"/>
    <property name="java.io.tmpdir" value="C:\Users\Admin\AppData\Local\Temp\"/>
    <property name="java.version" value="1.8.0_321"/>
    <property name="user.dir" value="D:\kampus merdeka\QE_MUHAMMAD ADIBASYAH\miniproject\web"/>
    <property name="os.arch" value="amd64"/>
    <property name="java.vm.specification.name" value="Java Virtual Machine Specification"/>
    <property name="java.awt.printerjob" value="sun.awt.windows.WPrinterJob"/>
    <property name="sun.os.patch.level" value=""/>
    <property name="java.library.path" value="C:\Program Files\Java\jdk1.8.0_321\jre\bin;C:\Windows\Sun\Java\bin;C:\Windows\system32;C:\Windows;C:\Program Files (x86)\Common Files\Oracle\Java\javapath;C:\Windows\system32;C:\Windows;C:\Windows\System32\Wbem;C:\Windows\System32\WindowsPowerShell\v1.0\;C:\Windows\System32\OpenSSH\;C:\Program Files\MATLAB\R2016a\runtime\win64;C:\Program Files\MATLAB\R2016a\bin;C:\Program Files\MATLAB\R2016a\polyspace\bin;C:\Program Files\Git\cmd;C:\Program Files\Git\mingw64\bin;C:\Program Files\Git\usr\bin;C:\Program Files (x86)\dotnet\;C:\OPT\apache-maven-3.8.5\bin;%M2_HOME%\bin;D:\Program Files\;C:\Users\Admin\AppData\Local\Android\Sdk\platform-tools;%ANDROID_HOME%;C:\Users\Admin\AppData\Local\Microsoft\WindowsApps;;C:\Users\Admin\AppData\Local\Programs\Microsoft VS Code\bin;C:\Users\Admin\AppData\Roaming\npm;."/>
    <property name="java.vm.info" value="mixed mode"/>
    <property name="java.vendor" value="Oracle Corporation"/>
    <property name="java.vm.version" value="25.321-b07"/>
    <property name="java.ext.dirs" value="C:\Program Files\Java\jdk1.8.0_321\jre\lib\ext;C:\Windows\Sun\Java\lib\ext"/>
    <property name="sun.io.unicode.encoding" value="UnicodeLittle"/>
    <property name="java.class.version" value="52.0"/>
  </properties>
  <testcase name="As user i have be able to see detail product" classname="As user I want to see details product" time="36.141">
    <system-out><![CDATA[20:59:17.402 [main] INFO io.cucumber.core.plugin.SerenityReporter - Running feature from file:///D:/kampus%20merdeka/QE_MUHAMMAD%20ADIBASYAH/miniproject/web/src/test/resources/features/Detail.feature
20:59:17.739 [main] INFO  - 

-------------------------------------------------------------------------------------
     _______. _______ .______       _______ .__   __.  __  .___________.____    ____ 
    /       ||   ____||   _  \     |   ____||  \ |  | |  | |           |\   \  /   / 
   |   (----`|  |__   |  |_)  |    |  |__   |   \|  | |  | `---|  |----` \   \/   /  
    \   \    |   __|  |      /     |   __|  |  . `  | |  |     |  |       \_    _/   
.----)   |   |  |____ |  |\  \----.|  |____ |  |\   | |  |     |  |         |  |     
|_______/    |_______|| _| `._____||_______||__| \__| |__|     |__|         |__|    
                                                                                     
 News and tutorials at http://www.serenity-bdd.info                                  
 Documentation at https://wakaleo.gitbooks.io/the-serenity-book/content/             
 Join the Serenity Community on Gitter: https://gitter.im/serenity-bdd/serenity-core 
 Serenity BDD Support and Training at http://serenity-bdd.info/#/trainingandsupport  
-------------------------------------------------------------------------------------

20:59:17.744 [main] DEBUG net.thucydides.core.steps.StepEventBus - Test suite started for story net.thucydides.core.model.Story@dab2d92f
20:59:17.806 [main] INFO  - Test Suite Started: As user I want to see details product
20:59:17.835 [main] INFO io.cucumber.core.plugin.SerenityReporter - Running feature from file:///D:/kampus%20merdeka/QE_MUHAMMAD%20ADIBASYAH/miniproject/web/src/test/resources/features/Login.feature
20:59:17.846 [main] DEBUG net.thucydides.core.steps.StepEventBus - Test suite started for story net.thucydides.core.model.Story@ce9267e8
20:59:17.846 [main] INFO  - Test Suite Started: As user I want to login So that i can see home page
20:59:17.847 [main] INFO io.cucumber.core.plugin.SerenityReporter - Running feature from file:///D:/kampus%20merdeka/QE_MUHAMMAD%20ADIBASYAH/miniproject/web/src/test/resources/features/Product.feature
20:59:17.852 [main] DEBUG net.thucydides.core.steps.StepEventBus - Test suite started for story net.thucydides.core.model.Story@18d344f6
20:59:17.853 [main] INFO  - Test Suite Started: As a user I want to buy items in the home page
20:59:17.853 [main] INFO io.cucumber.core.plugin.SerenityReporter - Running feature from file:///D:/kampus%20merdeka/QE_MUHAMMAD%20ADIBASYAH/miniproject/web/src/test/resources/features/Register.feature
20:59:17.862 [main] DEBUG net.thucydides.core.steps.StepEventBus - Test suite started for story net.thucydides.core.model.Story@5074cca9
20:59:17.862 [main] INFO  - Test Suite Started: As user i want to create account So that i can login
20:59:17.863 [main] INFO io.cucumber.core.plugin.SerenityReporter - Running feature from file:///D:/kampus%20merdeka/QE_MUHAMMAD%20ADIBASYAH/miniproject/web/src/test/resources/features/Transaction.feature
20:59:17.870 [main] DEBUG net.thucydides.core.steps.StepEventBus - Test suite started for story net.thucydides.core.model.Story@2fff0c52
20:59:17.870 [main] INFO  - Test Suite Started: As a user I want to pay for all items in the basket
20:59:17.871 [main] INFO io.cucumber.core.plugin.SerenityReporter - Running feature from file:///D:/kampus%20merdeka/QE_MUHAMMAD%20ADIBASYAH/miniproject/web/src/test/resources/features/Detail.feature
20:59:17.875 [main] DEBUG net.thucydides.core.steps.StepEventBus - Test suite started for story net.thucydides.core.model.Story@dab2d92f
20:59:17.875 [main] INFO  - Test Suite Started: As user I want to see details product

@detail
Scenario: As user i have be able to see detail product &amp#27;[90m# src/test/resources/features/Detail.feature:4&amp#27;[0m
20:59:18.045 [main] INFO io.cucumber.core.plugin.SerenityReporter - Running feature from file:///D:/kampus%20merdeka/QE_MUHAMMAD%20ADIBASYAH/miniproject/web/src/test/resources/features/Detail.feature
20:59:18.232 [main] INFO  - 
  _____   ___   ___   _____     ___   _____     _     ___   _____   ___   ___  
 |_   _| | __| / __| |_   _|   / __| |_   _|   /_\   | _ \ |_   _| | __| |   \ 
   | |   | _|  \__ \   | |     \__ \   | |    / _ \  |   /   | |   | _|  | |) |
   |_|   |___| |___/   |_|     |___/   |_|   /_/ \_\ |_|_\   |_|   |___| |___/ 

As user i have be able to see detail product(as-user-i-want-to-see-details-product;as-user-i-have-be-able-to-see-detail-product)
--------------------------------------------------------------------------------
20:59:19.527 [main] DEBUG net.thucydides.core.steps.StepInterceptor - STARTING STEP: DetailSteps.onTheHomePage - openPage
20:59:19.644 [main] INFO net.serenitybdd.core.webdriver.driverproviders.ChromeDriverProvider - Using automatically driver download
20:59:21.243 [main] DEBUG io.github.bonigarcia.wdm.cache.ResolutionCache - Removing resolution chrome=101 from cache (expired on Wed May 11 17:21:41 ICT 2022)
20:59:21.277 [main] DEBUG org.apache.hc.client5.http.impl.classic.InternalHttpClient - ex-00000001: preparing request execution
20:59:21.283 [main] DEBUG org.apache.hc.client5.http.protocol.RequestAddCookies - Cookie spec selected: strict
20:59:21.291 [main] DEBUG org.apache.hc.client5.http.protocol.RequestAuthCache - Auth cache not set in the context
20:59:21.292 [main] DEBUG org.apache.hc.client5.http.impl.classic.ProtocolExec - ex-00000001: target auth state: UNCHALLENGED
20:59:21.293 [main] DEBUG org.apache.hc.client5.http.impl.classic.ProtocolExec - ex-00000001: proxy auth state: UNCHALLENGED
20:59:21.294 [main] DEBUG org.apache.hc.client5.http.impl.classic.ConnectExec - ex-00000001: acquiring connection with route {s}->https://raw.githubusercontent.com:443
20:59:21.294 [main] DEBUG org.apache.hc.client5.http.impl.classic.InternalHttpClient - ex-00000001: acquiring endpoint (3 MINUTES)
20:59:21.296 [main] DEBUG org.apache.hc.client5.http.impl.io.PoolingHttpClientConnectionManager - ex-00000001: endpoint lease request (3 MINUTES) [route: {s}->https://raw.githubusercontent.com:443][total available: 0; route allocated: 0 of 5; total allocated: 0 of 25]
20:59:21.302 [main] DEBUG org.apache.hc.client5.http.impl.io.PoolingHttpClientConnectionManager - ex-00000001: endpoint leased [route: {s}->https://raw.githubusercontent.com:443][total available: 0; route allocated: 1 of 5; total allocated: 1 of 25]
20:59:21.320 [main] DEBUG org.apache.hc.client5.http.impl.io.PoolingHttpClientConnectionManager - ex-00000001: acquired ep-00000000
20:59:21.320 [main] DEBUG org.apache.hc.client5.http.impl.classic.InternalHttpClient - ex-00000001: acquired endpoint ep-00000000
20:59:21.320 [main] DEBUG org.apache.hc.client5.http.impl.classic.ConnectExec - ex-00000001: opening connection {s}->https://raw.githubusercontent.com:443
20:59:21.321 [main] DEBUG org.apache.hc.client5.http.impl.classic.InternalHttpClient - ep-00000000: connecting endpoint (30 SECONDS)
20:59:21.322 [main] DEBUG org.apache.hc.client5.http.impl.io.PoolingHttpClientConnectionManager - ep-00000000: connecting endpoint to https://raw.githubusercontent.com:443 (30 SECONDS)
20:59:21.350 [main] DEBUG org.apache.hc.client5.http.impl.io.DefaultHttpClientConnectionOperator - http-outgoing-0: connecting to raw.githubusercontent.com/185.199.110.133:443
20:59:21.351 [main] DEBUG org.apache.hc.client5.http.ssl.SSLConnectionSocketFactory - Connecting socket to raw.githubusercontent.com/185.199.110.133:443 with timeout 30 SECONDS
20:59:21.403 [main] DEBUG org.apache.hc.client5.http.ssl.SSLConnectionSocketFactory - Enabled protocols: [TLSv1.2]
20:59:21.403 [main] DEBUG org.apache.hc.client5.http.ssl.SSLConnectionSocketFactory - Enabled cipher suites: [TLS_ECDHE_ECDSA_WITH_AES_256_GCM_SHA384, TLS_ECDHE_ECDSA_WITH_AES_128_GCM_SHA256, TLS_ECDHE_RSA_WITH_AES_256_GCM_SHA384, TLS_ECDHE_RSA_WITH_AES_128_GCM_SHA256, TLS_DHE_RSA_WITH_AES_256_GCM_SHA384, TLS_DHE_DSS_WITH_AES_256_GCM_SHA384, TLS_DHE_RSA_WITH_AES_128_GCM_SHA256, TLS_DHE_DSS_WITH_AES_128_GCM_SHA256, TLS_ECDHE_ECDSA_WITH_AES_256_CBC_SHA384, TLS_ECDHE_RSA_WITH_AES_256_CBC_SHA384, TLS_ECDHE_ECDSA_WITH_AES_128_CBC_SHA256, TLS_ECDHE_RSA_WITH_AES_128_CBC_SHA256, TLS_DHE_RSA_WITH_AES_256_CBC_SHA256, TLS_DHE_DSS_WITH_AES_256_CBC_SHA256, TLS_DHE_RSA_WITH_AES_128_CBC_SHA256, TLS_DHE_DSS_WITH_AES_128_CBC_SHA256, TLS_ECDH_ECDSA_WITH_AES_256_GCM_SHA384, TLS_ECDH_RSA_WITH_AES_256_GCM_SHA384, TLS_ECDH_ECDSA_WITH_AES_128_GCM_SHA256, TLS_ECDH_RSA_WITH_AES_128_GCM_SHA256, TLS_ECDH_ECDSA_WITH_AES_256_CBC_SHA384, TLS_ECDH_RSA_WITH_AES_256_CBC_SHA384, TLS_ECDH_ECDSA_WITH_AES_128_CBC_SHA256, TLS_ECDH_RSA_WITH_AES_128_CBC_SHA256, TLS_ECDHE_ECDSA_WITH_AES_256_CBC_SHA, TLS_ECDHE_RSA_WITH_AES_256_CBC_SHA, TLS_ECDHE_ECDSA_WITH_AES_128_CBC_SHA, TLS_ECDHE_RSA_WITH_AES_128_CBC_SHA, TLS_DHE_RSA_WITH_AES_256_CBC_SHA, TLS_DHE_DSS_WITH_AES_256_CBC_SHA, TLS_DHE_RSA_WITH_AES_128_CBC_SHA, TLS_DHE_DSS_WITH_AES_128_CBC_SHA, TLS_ECDH_ECDSA_WITH_AES_256_CBC_SHA, TLS_ECDH_RSA_WITH_AES_256_CBC_SHA, TLS_ECDH_ECDSA_WITH_AES_128_CBC_SHA, TLS_ECDH_RSA_WITH_AES_128_CBC_SHA, TLS_RSA_WITH_AES_256_GCM_SHA384, TLS_RSA_WITH_AES_128_GCM_SHA256, TLS_RSA_WITH_AES_256_CBC_SHA256, TLS_RSA_WITH_AES_128_CBC_SHA256, TLS_RSA_WITH_AES_256_CBC_SHA, TLS_RSA_WITH_AES_128_CBC_SHA, TLS_EMPTY_RENEGOTIATION_INFO_SCSV]
20:59:21.404 [main] DEBUG org.apache.hc.client5.http.ssl.SSLConnectionSocketFactory - Starting handshake
20:59:21.606 [main] DEBUG org.apache.hc.client5.http.ssl.SSLConnectionSocketFactory - Secure session established
20:59:21.606 [main] DEBUG org.apache.hc.client5.http.ssl.SSLConnectionSocketFactory -  negotiated protocol: TLSv1.2
20:59:21.606 [main] DEBUG org.apache.hc.client5.http.ssl.SSLConnectionSocketFactory -  negotiated cipher suite: TLS_ECDHE_RSA_WITH_AES_128_GCM_SHA256
20:59:21.606 [main] DEBUG org.apache.hc.client5.http.ssl.SSLConnectionSocketFactory -  peer principal: CN=*.github.io, O="GitHub, Inc.", L=San Francisco, ST=California, C=US
20:59:21.607 [main] DEBUG org.apache.hc.client5.http.ssl.SSLConnectionSocketFactory -  peer alternative names: [*.github.io, github.com, *.github.com, www.github.com, github.io, githubusercontent.com, *.githubusercontent.com]
20:59:21.607 [main] DEBUG org.apache.hc.client5.http.ssl.SSLConnectionSocketFactory -  issuer principal: CN=DigiCert TLS RSA SHA256 2020 CA1, O=DigiCert Inc, C=US
20:59:21.608 [main] DEBUG org.apache.hc.client5.http.impl.io.DefaultHttpClientConnectionOperator - http-outgoing-0: connection established 10.234.165.112:52658<->185.199.110.133:443
20:59:21.610 [main] DEBUG org.apache.hc.client5.http.impl.io.PoolingHttpClientConnectionManager - ep-00000000: connected http-outgoing-0
20:59:21.610 [main] DEBUG org.apache.hc.client5.http.impl.classic.InternalHttpClient - ep-00000000: endpoint connected
20:59:21.611 [main] DEBUG org.apache.hc.client5.http.impl.classic.MainClientExec - ex-00000001: executing GET /bonigarcia/webdrivermanager/master/src/main/resources/commands.properties HTTP/1.1
20:59:21.612 [main] DEBUG org.apache.hc.client5.http.impl.classic.InternalHttpClient - ep-00000000: start execution ex-00000001
20:59:21.612 [main] DEBUG org.apache.hc.client5.http.impl.io.PoolingHttpClientConnectionManager - ep-00000000: executing exchange ex-00000001 over http-outgoing-0
20:59:21.613 [main] DEBUG org.apache.hc.client5.http.headers - http-outgoing-0 >> GET /bonigarcia/webdrivermanager/master/src/main/resources/commands.properties HTTP/1.1
20:59:21.613 [main] DEBUG org.apache.hc.client5.http.headers - http-outgoing-0 >> user-agent: Apache-HttpClient/5.0
20:59:21.613 [main] DEBUG org.apache.hc.client5.http.headers - http-outgoing-0 >> accept-encoding: gzip, deflate, br
20:59:21.613 [main] DEBUG org.apache.hc.client5.http.headers - http-outgoing-0 >> cache-control: max-age=0
20:59:21.613 [main] DEBUG org.apache.hc.client5.http.headers - http-outgoing-0 >> connection: keep-alive
20:59:21.613 [main] DEBUG org.apache.hc.client5.http.headers - http-outgoing-0 >> Host: raw.githubusercontent.com
20:59:21.614 [main] DEBUG org.apache.hc.client5.http.wire - http-outgoing-0 >> "GET /bonigarcia/webdrivermanager/master/src/main/resources/commands.properties HTTP/1.1[\r][\n]"
20:59:21.614 [main] DEBUG org.apache.hc.client5.http.wire - http-outgoing-0 >> "user-agent: Apache-HttpClient/5.0[\r][\n]"
20:59:21.614 [main] DEBUG org.apache.hc.client5.http.wire - http-outgoing-0 >> "accept-encoding: gzip, deflate, br[\r][\n]"
20:59:21.614 [main] DEBUG org.apache.hc.client5.http.wire - http-outgoing-0 >> "cache-control: max-age=0[\r][\n]"
20:59:21.614 [main] DEBUG org.apache.hc.client5.http.wire - http-outgoing-0 >> "connection: keep-alive[\r][\n]"
20:59:21.614 [main] DEBUG org.apache.hc.client5.http.wire - http-outgoing-0 >> "Host: raw.githubusercontent.com[\r][\n]"
20:59:21.614 [main] DEBUG org.apache.hc.client5.http.wire - http-outgoing-0 >> "[\r][\n]"
20:59:21.634 [main] DEBUG org.apache.hc.client5.http.wire - http-outgoing-0 << "HTTP/1.1 200 OK[\r][\n]"
20:59:21.634 [main] DEBUG org.apache.hc.client5.http.wire - http-outgoing-0 << "Connection: keep-alive[\r][\n]"
20:59:21.634 [main] DEBUG org.apache.hc.client5.http.wire - http-outgoing-0 << "Content-Length: 723[\r][\n]"
20:59:21.634 [main] DEBUG org.apache.hc.client5.http.wire - http-outgoing-0 << "Cache-Control: max-age=300[\r][\n]"
20:59:21.634 [main] DEBUG org.apache.hc.client5.http.wire - http-outgoing-0 << "Content-Security-Policy: default-src 'none'; style-src 'unsafe-inline'; sandbox[\r][\n]"
20:59:21.634 [main] DEBUG org.apache.hc.client5.http.wire - http-outgoing-0 << "Content-Type: text/plain; charset=utf-8[\r][\n]"
20:59:21.635 [main] DEBUG org.apache.hc.client5.http.wire - http-outgoing-0 << "ETag: W/"e82b438271e9e8680c688b0b680efd0bdd22faa6d6f0a32fc1fd8accc486b67e"[\r][\n]"
20:59:21.635 [main] DEBUG org.apache.hc.client5.http.wire - http-outgoing-0 << "Strict-Transport-Security: max-age=31536000[\r][\n]"
20:59:21.635 [main] DEBUG org.apache.hc.client5.http.wire - http-outgoing-0 << "X-Content-Type-Options: nosniff[\r][\n]"
20:59:21.635 [main] DEBUG org.apache.hc.client5.http.wire - http-outgoing-0 << "X-Frame-Options: deny[\r][\n]"
20:59:21.635 [main] DEBUG org.apache.hc.client5.http.wire - http-outgoing-0 << "X-XSS-Protection: 1; mode=block[\r][\n]"
20:59:21.635 [main] DEBUG org.apache.hc.client5.http.wire - http-outgoing-0 << "X-GitHub-Request-Id: 838C:6DC1:1C99DF:2CAE53:62707C45[\r][\n]"
20:59:21.635 [main] DEBUG org.apache.hc.client5.http.wire - http-outgoing-0 << "Content-Encoding: gzip[\r][\n]"
20:59:21.635 [main] DEBUG org.apache.hc.client5.http.wire - http-outgoing-0 << "Accept-Ranges: bytes[\r][\n]"
20:59:21.635 [main] DEBUG org.apache.hc.client5.http.wire - http-outgoing-0 << "Date: Fri, 13 May 2022 13:59:22 GMT[\r][\n]"
20:59:21.635 [main] DEBUG org.apache.hc.client5.http.wire - http-outgoing-0 << "Via: 1.1 varnish[\r][\n]"
20:59:21.635 [main] DEBUG org.apache.hc.client5.http.wire - http-outgoing-0 << "X-Served-By: cache-qpg1273-QPG[\r][\n]"
20:59:21.635 [main] DEBUG org.apache.hc.client5.http.wire - http-outgoing-0 << "X-Cache: HIT[\r][\n]"
20:59:21.635 [main] DEBUG org.apache.hc.client5.http.wire - http-outgoing-0 << "X-Cache-Hits: 2[\r][\n]"
20:59:21.635 [main] DEBUG org.apache.hc.client5.http.wire - http-outgoing-0 << "X-Timer: S1652450363.981094,VS0,VE0[\r][\n]"
20:59:21.635 [main] DEBUG org.apache.hc.client5.http.wire - http-outgoing-0 << "Vary: Authorization,Accept-Encoding,Origin[\r][\n]"
20:59:21.635 [main] DEBUG org.apache.hc.client5.http.wire - http-outgoing-0 << "Access-Control-Allow-Origin: *[\r][\n]"
20:59:21.635 [main] DEBUG org.apache.hc.client5.http.wire - http-outgoing-0 << "X-Fastly-Request-ID: 60faa6d4c9044e6a92a5f5d622ade0c5f73fdf8e[\r][\n]"
20:59:21.635 [main] DEBUG org.apache.hc.client5.http.wire - http-outgoing-0 << "Expires: Fri, 13 May 2022 14:04:22 GMT[\r][\n]"
20:59:21.636 [main] DEBUG org.apache.hc.client5.http.wire - http-outgoing-0 << "Source-Age: 137[\r][\n]"
20:59:21.636 [main] DEBUG org.apache.hc.client5.http.wire - http-outgoing-0 << "[\r][\n]"
20:59:21.639 [main] DEBUG org.apache.hc.client5.http.headers - http-outgoing-0 << HTTP/1.1 200 OK
20:59:21.639 [main] DEBUG org.apache.hc.client5.http.headers - http-outgoing-0 << Connection: keep-alive
20:59:21.639 [main] DEBUG org.apache.hc.client5.http.headers - http-outgoing-0 << Content-Length: 723
20:59:21.639 [main] DEBUG org.apache.hc.client5.http.headers - http-outgoing-0 << Cache-Control: max-age=300
20:59:21.639 [main] DEBUG org.apache.hc.client5.http.headers - http-outgoing-0 << Content-Security-Policy: default-src 'none'; style-src 'unsafe-inline'; sandbox
20:59:21.639 [main] DEBUG org.apache.hc.client5.http.headers - http-outgoing-0 << Content-Type: text/plain; charset=utf-8
20:59:21.639 [main] DEBUG org.apache.hc.client5.http.headers - http-outgoing-0 << ETag: W/"e82b438271e9e8680c688b0b680efd0bdd22faa6d6f0a32fc1fd8accc486b67e"
20:59:21.639 [main] DEBUG org.apache.hc.client5.http.headers - http-outgoing-0 << Strict-Transport-Security: max-age=31536000
20:59:21.640 [main] DEBUG org.apache.hc.client5.http.headers - http-outgoing-0 << X-Content-Type-Options: nosniff
20:59:21.640 [main] DEBUG org.apache.hc.client5.http.headers - http-outgoing-0 << X-Frame-Options: deny
20:59:21.640 [main] DEBUG org.apache.hc.client5.http.headers - http-outgoing-0 << X-XSS-Protection: 1; mode=block
20:59:21.640 [main] DEBUG org.apache.hc.client5.http.headers - http-outgoing-0 << X-GitHub-Request-Id: 838C:6DC1:1C99DF:2CAE53:62707C45
20:59:21.640 [main] DEBUG org.apache.hc.client5.http.headers - http-outgoing-0 << Content-Encoding: gzip
20:59:21.640 [main] DEBUG org.apache.hc.client5.http.headers - http-outgoing-0 << Accept-Ranges: bytes
20:59:21.640 [main] DEBUG org.apache.hc.client5.http.headers - http-outgoing-0 << Date: Fri, 13 May 2022 13:59:22 GMT
20:59:21.640 [main] DEBUG org.apache.hc.client5.http.headers - http-outgoing-0 << Via: 1.1 varnish
20:59:21.640 [main] DEBUG org.apache.hc.client5.http.headers - http-outgoing-0 << X-Served-By: cache-qpg1273-QPG
20:59:21.640 [main] DEBUG org.apache.hc.client5.http.headers - http-outgoing-0 << X-Cache: HIT
20:59:21.640 [main] DEBUG org.apache.hc.client5.http.headers - http-outgoing-0 << X-Cache-Hits: 2
20:59:21.640 [main] DEBUG org.apache.hc.client5.http.headers - http-outgoing-0 << X-Timer: S1652450363.981094,VS0,VE0
20:59:21.640 [main] DEBUG org.apache.hc.client5.http.headers - http-outgoing-0 << Vary: Authorization,Accept-Encoding,Origin
20:59:21.640 [main] DEBUG org.apache.hc.client5.http.headers - http-outgoing-0 << Access-Control-Allow-Origin: *
20:59:21.640 [main] DEBUG org.apache.hc.client5.http.headers - http-outgoing-0 << X-Fastly-Request-ID: 60faa6d4c9044e6a92a5f5d622ade0c5f73fdf8e
20:59:21.640 [main] DEBUG org.apache.hc.client5.http.headers - http-outgoing-0 << Expires: Fri, 13 May 2022 14:04:22 GMT
20:59:21.640 [main] DEBUG org.apache.hc.client5.http.headers - http-outgoing-0 << Source-Age: 137
20:59:21.645 [main] DEBUG org.apache.hc.client5.http.impl.classic.MainClientExec - ex-00000001: connection can be kept alive for 3 MINUTES
20:59:21.653 [main] DEBUG org.apache.hc.client5.http.wire - http-outgoing-0 << "[0x1f][0xffffff8b][0x8][0x0][0x0][0x0][0x0][0x0][0x0][0x3][0xffffffb5]V]o[0xffffffda]0[0x14]}[0xffffffe7]W\[0xffffff81]*[0xffffffb5][0x12][0x1f][[M[0xffffffd3]$[0x1e]hF[0xffffffbb]i [0x18][0xffffffb4][0xffffffdd]&[0xfffffff9][0xffffffc5]$7[0xffffffc1]R[0x12]#;[0xffffff94]v[0xffffffbf]~[0xffffffb6][0xfffffff3]1[0xffffff92][0xffffff9a][0xffffffc1][0x1a]x[0xffffffcb][0xffffffb5][0xffffffaf][0xffffffcf]9[0xffffffbe][0xfffffff7]8v[0xb][0x1c][0x1e]E4[0xfffffff6]$x4[0xffffffa1][0xb]*[0xffffffb1][0xffffffd1][0xffffff82][0xfffffffb]%[0xffffff93][0xffffffe0][0xffffffb3][0x10][0xffffffc1][0xffffffe5]qBY,!Y[0xffffffea] KM8,[0x10][0xfffffff0][0x19][0xffffffdd]u[0xffffff82][0x1e][0xffffffb0][0xffffffd8]L[0xffffffcb]%[0xffffff86][0xffffffa1][0xe][0xffffffb8][0xfffffff0]P[0xffffffe8]$[0xf][0x13]t[0x13]3[0xfffffff9][0xffffff84]B2[0xffffffae][0xffffffe6]|@[0xfffffff5][0x1d][0x8][0xffffffc4][0x18][0x16][0xffffff82]o[0xffffffa4][0xffffff9a]P[0xffffff94][0xffffffe7][0xffffffce]R[0xfffffff0][0x8][0xffffffdb]p[0xffffffcb][0x4][0xfffffffa][0xfffffffc][0xffffffb9][\r][0xffffff93][0x15][\n]"
20:59:21.653 [main] DEBUG org.apache.hc.client5.http.wire - http-outgoing-0 << "[0xffffffda][0xffffff86][0xffffffa1][0x17][0xffffffa8]Q3[0xffffffcb][0xffffffd6][0xffffffd1][0xffffff85][0xffffffc6][0xfffffff7][0xffffff98][0xffffffef][0xffffffa3][0xffffffc0]8[0x1][0xffffffae]s[0x12][0x16][0x7] _d[0xffffff82][0xffffff91][0xffffff84][0xfffffff3][0x1f],[0xfffffff6][0x14]j[0x1b]F,^+[0xffffff98]1ua2[0xffffffbf]h([0xffffff8e][0xffffff94][0xffffffa2][0xffffff91]m[0xffffffa3][0xffffffeb][0xffffff9a][0xffffffb0][0xffffffbb]I[0x17]t[0xffffffdf][0xffffffbd][0xffffffef][0xffffffbb][0xffffff91][0xffffffd7]U[0xffffffbb][0xffffff82][0xffffff9e][0x3][0xffffff9b][0xffffff88][0xffffffb9][0xffffffa6]$[0xffffffa6][0xc][0xffffff9b][0xffffffa5][0xffffffe2][0xffffff83][0xffffff98]F[0xffffffd8]o[0xffffff9e]Mg[0xffffff93][0xffffffbb][0xffffffd9]`|[0xfffffffb]u4[0xffffff9c][0x7f]"}B[0xffffffce][0x8][0xffffffb9][0xffffffe3]<[0x8][0xffffff91][0xffffff90][0xffffff94][0xffffff82][0xffffff90][0xffffffc1]j[0x15]2WI[0xffffffe3]1![0x19][0xffffff91]BnB[0xffffff80][0x9]<f[0xffffffb5][0xffffffe8]=[0xffffffd1]p[0xffffffbd][[0xffffffcf][0xffffffe5][0x1b][0xfffffff4][0xffffff9c][0xffffffff][0xfffffffc][0xfffffff8][0xffffffe1][0xffffffe2][0xffffff94][0xffffffa2][0xffffffae][0xe][0x14]5[0xffffff9a]8[0xffffff83][0xffffffd1]`:[0xfffffffd]<[0xffffffb8][0x1f][0xffffff9c]R[0xffffffcf]u[0x7f]6[0xffffffbc][0xffffff83][0xffffffef][0xf][0xffffffc3][0xffffffd9]/[0xfffffff8][0xfffffff2][0xffffffcd]y s[0xffffffee]'[0x1b]*0g[0xffffffcb][0xffffffc8]nF7H][0xffffff83][0xffffff97]{[0xffffffb1]Q[0x5][\r][0xffffffb5]c[0xffffffb4][0xf][0x2][0xffffffb3][0xffffffb4][0xffffff93][0xe]C[0xffffffa7][0xffffffb3]kAD][0xffffff9d][0xffffffde][0xffffffdb][0xffffffda][0xffffff88][0xffffffec][0xffffffa5][0xffffffbc][0xffffff99][0xffffffd9][0xffffffba]t[0xffffffb5][0xffffffea]9[0xffffffea][0x10])[0xffffffb7][0xffffffca][0xffffff9e][0xfffffff2][0xffffffe2]d^N[0xffffffd8]FW[0x16][0xffffffcd][0xffffffdc]_[0x10][0xfffffff9]i|[0x1c][0xffffff93][0xffffff8e][0xfffffff9]o[0x16][0xffffff86]4'!$G[0xffffffdf]W[0xfffffff4]W*j[[0xfffffff3]xR[0xffffffae][0xffffffb6][0xc][0xffffffd0],; #[0xffffffa9][0xffffff92]5[0xffffffb5][0x7][0xffffff9c][0xffffffb5][0xffffffd0][0x7f][0xffffff90][0xffffffc7]jgs[0xfffffffc][0xffffffc2][0xb][0xffffffd9][0x0]t[0xffffff9e]^'Y[0xfffffffb][0xffffff9f][0xffffffb1][0xffffffd8]:[0xffffffbf][0xffffff8d][0xffffffa5][0xffffff9a][0xffffffad][0x7f]m[0x5]&[0xffffffaa][0xffffffa0]^[0xffffff9b][0xffffffcb][0x5]f[0xffffffae][0xffffffe0]RU[0xffffff82][0x10]MS9l[0xffffff91]4t[0xfffffffb][0xffffff8a]][0xffffffd6][0xfffffff4][0xffffff96][0xffffffa6][0xffffff9f]P[0xffffffce][0xffffffd5][0xffffffce][0xffffff93][0xffffffff][0xffffff97][0xffffffcc]p[0xfffffffd][0xfffffff3][0xffffffe8][0x1b][0xffffffcc][0xffffffa2][0xffffffd9]Q[0xffffffbe][0xffffffb2][0xffffffa3][0xffffffc7]m'[0xffffffdf][0xffffffe4][[0xfffffffb]^[0xffffffb0][0xffffff9a][0xffffffbe][0xffffffda][0xffffffda]_[0xffffffce][0xffffff80][0xffffffd2][0xffffffc1]7[0xffffffb7]][0xffffffc1]b[0xffffffee][0xffffffb5][0xffffffff]w[0xffffff83][0xffffffed][0xffffffa7];[0x15]<[0x10]4[0xffffff92][0xffffff84][0x18][\n]"
20:59:21.654 [main] DEBUG org.apache.hc.client5.http.wire - http-outgoing-0 << "BB[0xffffffba][0xffffff8e]][0xffffffb5]jo[0xffffffb9]+"[0xffffffea][0xffffffb4][0xffffffff]h"[0xffffffea]\?5[0xffffffa9][0xffffffaf]k[0xffffffec][0xffffffff]P[0xffffffea][\n]"
20:59:21.654 [main] DEBUG org.apache.hc.client5.http.wire - http-outgoing-0 << "w[0xffffffe1]K[0x13][0xffffffda][0xffffffec][0xffffff98][0xffffffe6]Y[0xfffffffd]h8m6[0xffffff9c]T[0xffffffc1][0xfffffff2][0xffffffa7][0xffffff91]z_[0xffffff95]o85p[0x1c][0x13][0xffffffe6][0xfffffff0]5[0xffffffee][0xfffffffc][0xffffff92][0xffffff96][0xffffffda][0xfffffff7][0xffffffcf][0xffffffb1][0x5][0x1d][0xffffffea]K[0xffffff9b]9[0xffffff8e][0xffffffad]e[0xfffffff7][0xffffff93][0xffffffa8]`[0xffffffda][0xffffffff][0x1a][0xffffffd2][0xffffff88][0xffffff85][0xfffffffd][0xfffffff2][0xffffff91]N[0xfffffff6]`[0xffffffdf]2[0xffffffcf][0xffffffae]E[0xffffff97][0xffffffc5][0xffffffa2][0xffffff9d][0xffffffef]'[0xffffff9d]mun.[0xffffffd3]f^[0xffffffc7][0xffffff82][0xffffffda][0xffffff82]9[0xfffffff5][0xffffffa9]`[0x5][0xffffffbc]4[0xffffffa1][0x1d]<M[0xffffffb5]A[0xffffffa7]3[[0xffffffc0][0x7f][0x0][0xffffffc1][0xffffffd0]$[0xffffff85][0x1d][\r][0x0][0x0]"
20:59:21.655 [main] DEBUG org.apache.hc.client5.http.impl.classic.InternalHttpClient - ep-00000000: releasing valid endpoint
20:59:21.656 [main] DEBUG org.apache.hc.client5.http.impl.io.PoolingHttpClientConnectionManager - ep-00000000: releasing endpoint
20:59:21.656 [main] DEBUG org.apache.hc.client5.http.impl.io.PoolingHttpClientConnectionManager - ep-00000000: connection http-outgoing-0 can be kept alive for 3 MINUTES
20:59:21.657 [main] DEBUG org.apache.hc.client5.http.impl.io.PoolingHttpClientConnectionManager - ep-00000000: connection released [route: {s}->https://raw.githubusercontent.com:443][total available: 1; route allocated: 1 of 5; total allocated: 1 of 25]
20:59:21.657 [main] DEBUG io.github.bonigarcia.wdm.versions.VersionDetector - Detecting chrome version using online commands.properties
20:59:21.660 [main] DEBUG io.github.bonigarcia.wdm.versions.Shell - Running command on the shell: [cmd.exe, /C, wmic, datafile, where, name="%PROGRAMFILES:\=\\%\\Google\\Chrome\\Application\\chrome.exe", get, Version, /value]
20:59:22.297 [main] DEBUG io.github.bonigarcia.wdm.versions.Shell - Result: Version=101.0.4951.67
20:59:22.304 [main] DEBUG io.github.bonigarcia.wdm.cache.ResolutionCache - Removing resolution chrome101=101.0.4951.41 from cache (expired on Thu May 12 07:07:13 ICT 2022)
20:59:22.312 [main] DEBUG org.apache.hc.client5.http.impl.classic.InternalHttpClient - ex-00000002: preparing request execution
20:59:22.312 [main] DEBUG org.apache.hc.client5.http.protocol.RequestAddCookies - Cookie spec selected: strict
20:59:22.312 [main] DEBUG org.apache.hc.client5.http.protocol.RequestAuthCache - Auth cache not set in the context
20:59:22.312 [main] DEBUG org.apache.hc.client5.http.impl.classic.ProtocolExec - ex-00000002: target auth state: UNCHALLENGED
20:59:22.312 [main] DEBUG org.apache.hc.client5.http.impl.classic.ProtocolExec - ex-00000002: proxy auth state: UNCHALLENGED
20:59:22.312 [main] DEBUG org.apache.hc.client5.http.impl.classic.ConnectExec - ex-00000002: acquiring connection with route {s}->https://chromedriver.storage.googleapis.com:443
20:59:22.312 [main] DEBUG org.apache.hc.client5.http.impl.classic.InternalHttpClient - ex-00000002: acquiring endpoint (3 MINUTES)
20:59:22.312 [main] DEBUG org.apache.hc.client5.http.impl.io.PoolingHttpClientConnectionManager - ex-00000002: endpoint lease request (3 MINUTES) [route: {s}->https://chromedriver.storage.googleapis.com:443][total available: 1; route allocated: 0 of 5; total allocated: 1 of 25]
20:59:22.313 [main] DEBUG org.apache.hc.client5.http.impl.io.PoolingHttpClientConnectionManager - ex-00000002: endpoint leased [route: {s}->https://chromedriver.storage.googleapis.com:443][total available: 1; route allocated: 1 of 5; total allocated: 2 of 25]
20:59:22.313 [main] DEBUG org.apache.hc.client5.http.impl.io.PoolingHttpClientConnectionManager - ex-00000002: acquired ep-00000001
20:59:22.313 [main] DEBUG org.apache.hc.client5.http.impl.classic.InternalHttpClient - ex-00000002: acquired endpoint ep-00000001
20:59:22.313 [main] DEBUG org.apache.hc.client5.http.impl.classic.ConnectExec - ex-00000002: opening connection {s}->https://chromedriver.storage.googleapis.com:443
20:59:22.313 [main] DEBUG org.apache.hc.client5.http.impl.classic.InternalHttpClient - ep-00000001: connecting endpoint (30 SECONDS)
20:59:22.313 [main] DEBUG org.apache.hc.client5.http.impl.io.PoolingHttpClientConnectionManager - ep-00000001: connecting endpoint to https://chromedriver.storage.googleapis.com:443 (30 SECONDS)
20:59:22.364 [main] DEBUG org.apache.hc.client5.http.impl.io.DefaultHttpClientConnectionOperator - http-outgoing-1: connecting to chromedriver.storage.googleapis.com/172.217.194.128:443
20:59:22.364 [main] DEBUG org.apache.hc.client5.http.ssl.SSLConnectionSocketFactory - Connecting socket to chromedriver.storage.googleapis.com/172.217.194.128:443 with timeout 30 SECONDS
20:59:22.386 [main] DEBUG org.apache.hc.client5.http.ssl.SSLConnectionSocketFactory - Enabled protocols: [TLSv1.2]
20:59:22.386 [main] DEBUG org.apache.hc.client5.http.ssl.SSLConnectionSocketFactory - Enabled cipher suites: [TLS_ECDHE_ECDSA_WITH_AES_256_GCM_SHA384, TLS_ECDHE_ECDSA_WITH_AES_128_GCM_SHA256, TLS_ECDHE_RSA_WITH_AES_256_GCM_SHA384, TLS_ECDHE_RSA_WITH_AES_128_GCM_SHA256, TLS_DHE_RSA_WITH_AES_256_GCM_SHA384, TLS_DHE_DSS_WITH_AES_256_GCM_SHA384, TLS_DHE_RSA_WITH_AES_128_GCM_SHA256, TLS_DHE_DSS_WITH_AES_128_GCM_SHA256, TLS_ECDHE_ECDSA_WITH_AES_256_CBC_SHA384, TLS_ECDHE_RSA_WITH_AES_256_CBC_SHA384, TLS_ECDHE_ECDSA_WITH_AES_128_CBC_SHA256, TLS_ECDHE_RSA_WITH_AES_128_CBC_SHA256, TLS_DHE_RSA_WITH_AES_256_CBC_SHA256, TLS_DHE_DSS_WITH_AES_256_CBC_SHA256, TLS_DHE_RSA_WITH_AES_128_CBC_SHA256, TLS_DHE_DSS_WITH_AES_128_CBC_SHA256, TLS_ECDH_ECDSA_WITH_AES_256_GCM_SHA384, TLS_ECDH_RSA_WITH_AES_256_GCM_SHA384, TLS_ECDH_ECDSA_WITH_AES_128_GCM_SHA256, TLS_ECDH_RSA_WITH_AES_128_GCM_SHA256, TLS_ECDH_ECDSA_WITH_AES_256_CBC_SHA384, TLS_ECDH_RSA_WITH_AES_256_CBC_SHA384, TLS_ECDH_ECDSA_WITH_AES_128_CBC_SHA256, TLS_ECDH_RSA_WITH_AES_128_CBC_SHA256, TLS_ECDHE_ECDSA_WITH_AES_256_CBC_SHA, TLS_ECDHE_RSA_WITH_AES_256_CBC_SHA, TLS_ECDHE_ECDSA_WITH_AES_128_CBC_SHA, TLS_ECDHE_RSA_WITH_AES_128_CBC_SHA, TLS_DHE_RSA_WITH_AES_256_CBC_SHA, TLS_DHE_DSS_WITH_AES_256_CBC_SHA, TLS_DHE_RSA_WITH_AES_128_CBC_SHA, TLS_DHE_DSS_WITH_AES_128_CBC_SHA, TLS_ECDH_ECDSA_WITH_AES_256_CBC_SHA, TLS_ECDH_RSA_WITH_AES_256_CBC_SHA, TLS_ECDH_ECDSA_WITH_AES_128_CBC_SHA, TLS_ECDH_RSA_WITH_AES_128_CBC_SHA, TLS_RSA_WITH_AES_256_GCM_SHA384, TLS_RSA_WITH_AES_128_GCM_SHA256, TLS_RSA_WITH_AES_256_CBC_SHA256, TLS_RSA_WITH_AES_128_CBC_SHA256, TLS_RSA_WITH_AES_256_CBC_SHA, TLS_RSA_WITH_AES_128_CBC_SHA, TLS_EMPTY_RENEGOTIATION_INFO_SCSV]
20:59:22.387 [main] DEBUG org.apache.hc.client5.http.ssl.SSLConnectionSocketFactory - Starting handshake
20:59:22.497 [main] DEBUG org.apache.hc.client5.http.ssl.SSLConnectionSocketFactory - Secure session established
20:59:22.497 [main] DEBUG org.apache.hc.client5.http.ssl.SSLConnectionSocketFactory -  negotiated protocol: TLSv1.2
20:59:22.497 [main] DEBUG org.apache.hc.client5.http.ssl.SSLConnectionSocketFactory -  negotiated cipher suite: TLS_ECDHE_ECDSA_WITH_AES_128_GCM_SHA256
20:59:22.497 [main] DEBUG org.apache.hc.client5.http.ssl.SSLConnectionSocketFactory -  peer principal: CN=*.storage.googleapis.com
20:59:22.497 [main] DEBUG org.apache.hc.client5.http.ssl.SSLConnectionSocketFactory -  peer alternative names: [*.storage.googleapis.com, *.googleapis.com, commondatastorage.googleapis.com, *.commondatastorage.googleapis.com, storage.googleapis.com, storage.mtls.googleapis.com, *.appspot.com.storage.googleapis.com, *.content-storage.googleapis.com, *.content-storage-p2.googleapis.com, *.content-storage-upload.googleapis.com, *.content-storage-download.googleapis.com, *.storage-upload.googleapis.com, *.storage-download.googleapis.com]
20:59:22.497 [main] DEBUG org.apache.hc.client5.http.ssl.SSLConnectionSocketFactory -  issuer principal: CN=GTS CA 1C3, O=Google Trust Services LLC, C=US
20:59:22.498 [main] DEBUG org.apache.hc.client5.http.impl.io.DefaultHttpClientConnectionOperator - http-outgoing-1: connection established 10.234.165.112:52659<->172.217.194.128:443
20:59:22.498 [main] DEBUG org.apache.hc.client5.http.impl.io.PoolingHttpClientConnectionManager - ep-00000001: connected http-outgoing-1
20:59:22.498 [main] DEBUG org.apache.hc.client5.http.impl.classic.InternalHttpClient - ep-00000001: endpoint connected
20:59:22.498 [main] DEBUG org.apache.hc.client5.http.impl.classic.MainClientExec - ex-00000002: executing GET /LATEST_RELEASE_101 HTTP/1.1
20:59:22.498 [main] DEBUG org.apache.hc.client5.http.impl.classic.InternalHttpClient - ep-00000001: start execution ex-00000002
20:59:22.499 [main] DEBUG org.apache.hc.client5.http.impl.io.PoolingHttpClientConnectionManager - ep-00000001: executing exchange ex-00000002 over http-outgoing-1
20:59:22.499 [main] DEBUG org.apache.hc.client5.http.headers - http-outgoing-1 >> GET /LATEST_RELEASE_101 HTTP/1.1
20:59:22.499 [main] DEBUG org.apache.hc.client5.http.headers - http-outgoing-1 >> user-agent: Apache-HttpClient/5.0
20:59:22.499 [main] DEBUG org.apache.hc.client5.http.headers - http-outgoing-1 >> accept-encoding: gzip, deflate, br
20:59:22.499 [main] DEBUG org.apache.hc.client5.http.headers - http-outgoing-1 >> cache-control: max-age=0
20:59:22.499 [main] DEBUG org.apache.hc.client5.http.headers - http-outgoing-1 >> connection: keep-alive
20:59:22.499 [main] DEBUG org.apache.hc.client5.http.headers - http-outgoing-1 >> Host: chromedriver.storage.googleapis.com
20:59:22.499 [main] DEBUG org.apache.hc.client5.http.wire - http-outgoing-1 >> "GET /LATEST_RELEASE_101 HTTP/1.1[\r][\n]"
20:59:22.499 [main] DEBUG org.apache.hc.client5.http.wire - http-outgoing-1 >> "user-agent: Apache-HttpClient/5.0[\r][\n]"
20:59:22.499 [main] DEBUG org.apache.hc.client5.http.wire - http-outgoing-1 >> "accept-encoding: gzip, deflate, br[\r][\n]"
20:59:22.499 [main] DEBUG org.apache.hc.client5.http.wire - http-outgoing-1 >> "cache-control: max-age=0[\r][\n]"
20:59:22.499 [main] DEBUG org.apache.hc.client5.http.wire - http-outgoing-1 >> "connection: keep-alive[\r][\n]"
20:59:22.499 [main] DEBUG org.apache.hc.client5.http.wire - http-outgoing-1 >> "Host: chromedriver.storage.googleapis.com[\r][\n]"
20:59:22.499 [main] DEBUG org.apache.hc.client5.http.wire - http-outgoing-1 >> "[\r][\n]"
20:59:22.520 [main] DEBUG org.apache.hc.client5.http.wire - http-outgoing-1 << "HTTP/1.1 200 OK[\r][\n]"
20:59:22.520 [main] DEBUG org.apache.hc.client5.http.wire - http-outgoing-1 << "X-GUploader-UploadID: ADPycdvz-EiR6ACeL7MTxOnCCw9QNzXAkK20xU7w-T-l3aIiELK9kFskdHaZwaEHtPvWyZWAOWj7spayRGwV6UdM5MZ-Yg1OHfF8[\r][\n]"
20:59:22.520 [main] DEBUG org.apache.hc.client5.http.wire - http-outgoing-1 << "x-goog-generation: 1651042960642521[\r][\n]"
20:59:22.520 [main] DEBUG org.apache.hc.client5.http.wire - http-outgoing-1 << "x-goog-metageneration: 1[\r][\n]"
20:59:22.521 [main] DEBUG org.apache.hc.client5.http.wire - http-outgoing-1 << "x-goog-stored-content-encoding: identity[\r][\n]"
20:59:22.521 [main] DEBUG org.apache.hc.client5.http.wire - http-outgoing-1 << "x-goog-stored-content-length: 13[\r][\n]"
20:59:22.521 [main] DEBUG org.apache.hc.client5.http.wire - http-outgoing-1 << "x-goog-hash: crc32c=/STjMw==[\r][\n]"
20:59:22.521 [main] DEBUG org.apache.hc.client5.http.wire - http-outgoing-1 << "x-goog-hash: md5=TI/RrWwfmTd7fF5pgl1BgQ==[\r][\n]"
20:59:22.521 [main] DEBUG org.apache.hc.client5.http.wire - http-outgoing-1 << "x-goog-storage-class: STANDARD[\r][\n]"
20:59:22.521 [main] DEBUG org.apache.hc.client5.http.wire - http-outgoing-1 << "Accept-Ranges: bytes[\r][\n]"
20:59:22.521 [main] DEBUG org.apache.hc.client5.http.wire - http-outgoing-1 << "Content-Length: 13[\r][\n]"
20:59:22.521 [main] DEBUG org.apache.hc.client5.http.wire - http-outgoing-1 << "Server: UploadServer[\r][\n]"
20:59:22.521 [main] DEBUG org.apache.hc.client5.http.wire - http-outgoing-1 << "Date: Fri, 13 May 2022 13:25:08 GMT[\r][\n]"
20:59:22.521 [main] DEBUG org.apache.hc.client5.http.wire - http-outgoing-1 << "Expires: Fri, 13 May 2022 14:25:08 GMT[\r][\n]"
20:59:22.521 [main] DEBUG org.apache.hc.client5.http.wire - http-outgoing-1 << "Cache-Control: public, max-age=3600[\r][\n]"
20:59:22.521 [main] DEBUG org.apache.hc.client5.http.wire - http-outgoing-1 << "Age: 2055[\r][\n]"
20:59:22.521 [main] DEBUG org.apache.hc.client5.http.wire - http-outgoing-1 << "Last-Modified: Wed, 27 Apr 2022 07:02:40 GMT[\r][\n]"
20:59:22.521 [main] DEBUG org.apache.hc.client5.http.wire - http-outgoing-1 << "ETag: "4c8fd1ad6c1f99377b7c5e69825d4181"[\r][\n]"
20:59:22.522 [main] DEBUG org.apache.hc.client5.http.wire - http-outgoing-1 << "Content-Type: text/plain[\r][\n]"
20:59:22.522 [main] DEBUG org.apache.hc.client5.http.wire - http-outgoing-1 << "Alt-Svc: h3=":443"; ma=2592000,h3-29=":443"; ma=2592000,h3-Q050=":443"; ma=2592000,h3-Q046=":443"; ma=2592000,h3-Q043=":443"; ma=2592000,quic=":443"; ma=2592000; v="46,43"[\r][\n]"
20:59:22.522 [main] DEBUG org.apache.hc.client5.http.wire - http-outgoing-1 << "[\r][\n]"
20:59:22.522 [main] DEBUG org.apache.hc.client5.http.wire - http-outgoing-1 << "101.0.4951.41"
20:59:22.522 [main] DEBUG org.apache.hc.client5.http.headers - http-outgoing-1 << HTTP/1.1 200 OK
20:59:22.522 [main] DEBUG org.apache.hc.client5.http.headers - http-outgoing-1 << X-GUploader-UploadID: ADPycdvz-EiR6ACeL7MTxOnCCw9QNzXAkK20xU7w-T-l3aIiELK9kFskdHaZwaEHtPvWyZWAOWj7spayRGwV6UdM5MZ-Yg1OHfF8
20:59:22.522 [main] DEBUG org.apache.hc.client5.http.headers - http-outgoing-1 << x-goog-generation: 1651042960642521
20:59:22.523 [main] DEBUG org.apache.hc.client5.http.headers - http-outgoing-1 << x-goog-metageneration: 1
20:59:22.523 [main] DEBUG org.apache.hc.client5.http.headers - http-outgoing-1 << x-goog-stored-content-encoding: identity
20:59:22.523 [main] DEBUG org.apache.hc.client5.http.headers - http-outgoing-1 << x-goog-stored-content-length: 13
20:59:22.523 [main] DEBUG org.apache.hc.client5.http.headers - http-outgoing-1 << x-goog-hash: crc32c=/STjMw==
20:59:22.523 [main] DEBUG org.apache.hc.client5.http.headers - http-outgoing-1 << x-goog-hash: md5=TI/RrWwfmTd7fF5pgl1BgQ==
20:59:22.523 [main] DEBUG org.apache.hc.client5.http.headers - http-outgoing-1 << x-goog-storage-class: STANDARD
20:59:22.523 [main] DEBUG org.apache.hc.client5.http.headers - http-outgoing-1 << Accept-Ranges: bytes
20:59:22.523 [main] DEBUG org.apache.hc.client5.http.headers - http-outgoing-1 << Content-Length: 13
20:59:22.523 [main] DEBUG org.apache.hc.client5.http.headers - http-outgoing-1 << Server: UploadServer
20:59:22.523 [main] DEBUG org.apache.hc.client5.http.headers - http-outgoing-1 << Date: Fri, 13 May 2022 13:25:08 GMT
20:59:22.523 [main] DEBUG org.apache.hc.client5.http.headers - http-outgoing-1 << Expires: Fri, 13 May 2022 14:25:08 GMT
20:59:22.523 [main] DEBUG org.apache.hc.client5.http.headers - http-outgoing-1 << Cache-Control: public, max-age=3600
20:59:22.523 [main] DEBUG org.apache.hc.client5.http.headers - http-outgoing-1 << Age: 2055
20:59:22.523 [main] DEBUG org.apache.hc.client5.http.headers - http-outgoing-1 << Last-Modified: Wed, 27 Apr 2022 07:02:40 GMT
20:59:22.523 [main] DEBUG org.apache.hc.client5.http.headers - http-outgoing-1 << ETag: "4c8fd1ad6c1f99377b7c5e69825d4181"
20:59:22.523 [main] DEBUG org.apache.hc.client5.http.headers - http-outgoing-1 << Content-Type: text/plain
20:59:22.523 [main] DEBUG org.apache.hc.client5.http.headers - http-outgoing-1 << Alt-Svc: h3=":443"; ma=2592000,h3-29=":443"; ma=2592000,h3-Q050=":443"; ma=2592000,h3-Q046=":443"; ma=2592000,h3-Q043=":443"; ma=2592000,quic=":443"; ma=2592000; v="46,43"
20:59:22.524 [main] DEBUG org.apache.hc.client5.http.impl.classic.MainClientExec - ex-00000002: connection can be kept alive for 3 MINUTES
20:59:22.524 [main] DEBUG org.apache.hc.client5.http.impl.classic.InternalHttpClient - ep-00000001: releasing valid endpoint
20:59:22.524 [main] DEBUG org.apache.hc.client5.http.impl.io.PoolingHttpClientConnectionManager - ep-00000001: releasing endpoint
20:59:22.524 [main] DEBUG org.apache.hc.client5.http.impl.io.PoolingHttpClientConnectionManager - ep-00000001: connection http-outgoing-1 can be kept alive for 3 MINUTES
20:59:22.525 [main] DEBUG org.apache.hc.client5.http.impl.io.PoolingHttpClientConnectionManager - ep-00000001: connection released [route: {s}->https://chromedriver.storage.googleapis.com:443][total available: 2; route allocated: 1 of 5; total allocated: 2 of 25]
20:59:22.525 [main] DEBUG io.github.bonigarcia.wdm.versions.VersionDetector - Latest version of chromedriver according to https://chromedriver.storage.googleapis.com/LATEST_RELEASE_101 is 101.0.4951.41
20:59:22.525 [main] INFO io.github.bonigarcia.wdm.WebDriverManager - Using chromedriver 101.0.4951.41 (resolved driver for Chrome 101)
20:59:22.533 [main] DEBUG io.github.bonigarcia.wdm.cache.ResolutionCache - Storing resolution chrome=101 in cache (valid until 21:59:22 13/05/2022 ICT)
20:59:22.538 [main] DEBUG io.github.bonigarcia.wdm.cache.ResolutionCache - Storing resolution chrome101=101.0.4951.41 in cache (valid until 20:59:22 14/05/2022 ICT)
20:59:22.558 [main] DEBUG io.github.bonigarcia.wdm.WebDriverManager - Driver chromedriver 101.0.4951.41 found in cache
20:59:22.559 [main] INFO io.github.bonigarcia.wdm.WebDriverManager - Exporting webdriver.chrome.driver as C:\Users\Admin\.cache\selenium\chromedriver\win32\101.0.4951.41\chromedriver.exe
20:59:22.854 [main] DEBUG net.thucydides.core.reflection.ClassFinder - Could not load class .starter.CucumberTestSuite
20:59:22.855 [main] DEBUG net.thucydides.core.reflection.ClassFinder - Could not load class .starter.pages.DetailPage
20:59:22.855 [main] DEBUG net.thucydides.core.reflection.ClassFinder - Could not load class .starter.pages.LoginPage
20:59:22.856 [main] DEBUG net.thucydides.core.reflection.ClassFinder - Could not load class .starter.pages.ProductPage
20:59:22.856 [main] DEBUG net.thucydides.core.reflection.ClassFinder - Could not load class .starter.pages.RegisterPage
20:59:22.856 [main] DEBUG net.thucydides.core.reflection.ClassFinder - Could not load class .starter.pages.TransactionPage
20:59:22.857 [main] DEBUG net.thucydides.core.reflection.ClassFinder - Could not load class .starter.stepdefenitions.DetailSteps
20:59:22.858 [main] DEBUG net.thucydides.core.reflection.ClassFinder - Could not load class .starter.stepdefenitions.LoginSteps
20:59:22.858 [main] DEBUG net.thucydides.core.reflection.ClassFinder - Could not load class .starter.stepdefenitions.ProductSteps
20:59:22.859 [main] DEBUG net.thucydides.core.reflection.ClassFinder - Could not load class .starter.stepdefenitions.RegisterSteps
20:59:22.859 [main] DEBUG net.thucydides.core.reflection.ClassFinder - Could not load class .starter.stepdefenitions.TransactionSteps
20:59:23.009 [main] DEBUG net.serenitybdd.core.webdriver.driverproviders.ProvideNewDriver - Instantiating driver
20:59:23.009 [main] DEBUG net.serenitybdd.core.webdriver.driverproviders.ProvideNewDriver - Driver capabilities: Capabilities {acceptInsecureCerts: false, base.url: https://qa.alta.id/, browserName: chrome, chrome.driver: src/test/resources/webdrive..., driver: chrome, goog:chromeOptions: {args: [], extensions: []}}
20:59:23.154 [main] DEBUG io.netty.util.internal.logging.InternalLoggerFactory - Using SLF4J as the default logging framework
20:59:23.165 [main] DEBUG io.netty.util.ResourceLeakDetector - -Dio.netty.leakDetection.level: simple
20:59:23.166 [main] DEBUG io.netty.util.ResourceLeakDetector - -Dio.netty.leakDetection.targetRecords: 4
20:59:23.197 [main] DEBUG io.netty.util.ResourceLeakDetectorFactory - Loaded default ResourceLeakDetector: io.netty.util.ResourceLeakDetector@13d019a4
20:59:23.286 [main] DEBUG io.netty.util.internal.PlatformDependent0 - -Dio.netty.noUnsafe: false
20:59:23.286 [main] DEBUG io.netty.util.internal.PlatformDependent0 - Java version: 8
20:59:23.289 [main] DEBUG io.netty.util.internal.PlatformDependent0 - sun.misc.Unsafe.theUnsafe: available
20:59:23.292 [main] DEBUG io.netty.util.internal.PlatformDependent0 - sun.misc.Unsafe.copyMemory: available
20:59:23.295 [main] DEBUG io.netty.util.internal.PlatformDependent0 - java.nio.Buffer.address: available
20:59:23.296 [main] DEBUG io.netty.util.internal.PlatformDependent0 - direct buffer constructor: available
20:59:23.299 [main] DEBUG io.netty.util.internal.PlatformDependent0 - java.nio.Bits.unaligned: available, true
20:59:23.299 [main] DEBUG io.netty.util.internal.PlatformDependent0 - jdk.internal.misc.Unsafe.allocateUninitializedArray(int): unavailable prior to Java9
20:59:23.299 [main] DEBUG io.netty.util.internal.PlatformDependent0 - java.nio.DirectByteBuffer.<init>(long, int): available
20:59:23.299 [main] DEBUG io.netty.util.internal.PlatformDependent - sun.misc.Unsafe: available
20:59:23.302 [main] DEBUG io.netty.util.internal.PlatformDependent - -Dio.netty.tmpdir: C:\Users\Admin\AppData\Local\Temp (java.io.tmpdir)
20:59:23.302 [main] DEBUG io.netty.util.internal.PlatformDependent - -Dio.netty.bitMode: 64 (sun.arch.data.model)
20:59:23.302 [main] DEBUG io.netty.util.internal.PlatformDependent - Platform: Windows
20:59:23.304 [main] DEBUG io.netty.util.internal.PlatformDependent - -Dio.netty.maxDirectMemory: 928514048 bytes
20:59:23.312 [main] DEBUG io.netty.util.internal.PlatformDependent - -Dio.netty.uninitializedArrayAllocationThreshold: -1
20:59:23.315 [main] DEBUG io.netty.util.internal.CleanerJava6 - java.nio.ByteBuffer.cleaner(): available
20:59:23.316 [main] DEBUG io.netty.util.internal.PlatformDependent - -Dio.netty.noPreferDirect: false
20:59:23.351 [main] DEBUG io.netty.util.internal.PlatformDependent - org.jctools-core.MpscChunkedArrayQueue: available
20:59:23.459 [main] DEBUG io.netty.util.internal.InternalThreadLocalMap - -Dio.netty.threadLocalMap.stringBuilder.initialSize: 1024
20:59:23.459 [main] DEBUG io.netty.util.internal.InternalThreadLocalMap - -Dio.netty.threadLocalMap.stringBuilder.maxSize: 4096
20:59:23.513 [main] DEBUG io.netty.handler.ssl.JdkSslContext - Default protocols (JDK): [TLSv1.2] 
20:59:23.513 [main] DEBUG io.netty.handler.ssl.JdkSslContext - Default cipher suites (JDK): [TLS_ECDHE_ECDSA_WITH_AES_256_GCM_SHA384, TLS_ECDHE_ECDSA_WITH_AES_128_GCM_SHA256, TLS_ECDHE_RSA_WITH_AES_128_GCM_SHA256, TLS_ECDHE_RSA_WITH_AES_256_GCM_SHA384, TLS_ECDHE_RSA_WITH_AES_128_CBC_SHA, TLS_ECDHE_RSA_WITH_AES_256_CBC_SHA, TLS_RSA_WITH_AES_128_GCM_SHA256, TLS_RSA_WITH_AES_128_CBC_SHA, TLS_RSA_WITH_AES_256_CBC_SHA, TLS_AES_128_GCM_SHA256, TLS_AES_256_GCM_SHA384]
20:59:23.610 [main] DEBUG io.netty.channel.MultithreadEventLoopGroup - -Dio.netty.eventLoopThreads: 8
20:59:23.647 [main] DEBUG io.netty.channel.nio.NioEventLoop - -Dio.netty.noKeySetOptimization: false
20:59:23.648 [main] DEBUG io.netty.channel.nio.NioEventLoop - -Dio.netty.selectorAutoRebuildThreshold: 512
20:59:23.729 [main] DEBUG io.netty.buffer.PooledByteBufAllocator - -Dio.netty.allocator.numHeapArenas: 8
20:59:23.729 [main] DEBUG io.netty.buffer.PooledByteBufAllocator - -Dio.netty.allocator.numDirectArenas: 8
20:59:23.730 [main] DEBUG io.netty.buffer.PooledByteBufAllocator - -Dio.netty.allocator.pageSize: 8192
20:59:23.730 [main] DEBUG io.netty.buffer.PooledByteBufAllocator - -Dio.netty.allocator.maxOrder: 11
20:59:23.730 [main] DEBUG io.netty.buffer.PooledByteBufAllocator - -Dio.netty.allocator.chunkSize: 16777216
20:59:23.730 [main] DEBUG io.netty.buffer.PooledByteBufAllocator - -Dio.netty.allocator.smallCacheSize: 256
20:59:23.730 [main] DEBUG io.netty.buffer.PooledByteBufAllocator - -Dio.netty.allocator.normalCacheSize: 64
20:59:23.730 [main] DEBUG io.netty.buffer.PooledByteBufAllocator - -Dio.netty.allocator.maxCachedBufferCapacity: 32768
20:59:23.730 [main] DEBUG io.netty.buffer.PooledByteBufAllocator - -Dio.netty.allocator.cacheTrimInterval: 8192
20:59:23.730 [main] DEBUG io.netty.buffer.PooledByteBufAllocator - -Dio.netty.allocator.cacheTrimIntervalMillis: 0
20:59:23.730 [main] DEBUG io.netty.buffer.PooledByteBufAllocator - -Dio.netty.allocator.useCacheForAllThreads: true
20:59:23.730 [main] DEBUG io.netty.buffer.PooledByteBufAllocator - -Dio.netty.allocator.maxCachedByteBuffersPerChunk: 1023
20:59:23.755 [main] DEBUG io.netty.buffer.ByteBufUtil - -Dio.netty.allocator.type: pooled
20:59:23.755 [main] DEBUG io.netty.buffer.ByteBufUtil - -Dio.netty.threadLocalDirectBufferSize: 0
20:59:23.755 [main] DEBUG io.netty.buffer.ByteBufUtil - -Dio.netty.maxThreadLocalCharBufferSize: 16384
20:59:25.944 [Forwarding newSession on session null to remote] DEBUG io.netty.channel.DefaultChannelId - -Dio.netty.processId: 9840 (auto-detected)
20:59:25.948 [Forwarding newSession on session null to remote] DEBUG io.netty.util.NetUtil - -Djava.net.preferIPv4Stack: false
20:59:25.949 [Forwarding newSession on session null to remote] DEBUG io.netty.util.NetUtil - -Djava.net.preferIPv6Addresses: false
20:59:26.183 [Forwarding newSession on session null to remote] DEBUG io.netty.util.NetUtilInitializations - Loopback interface: lo (Software Loopback Interface 1, 127.0.0.1)
20:59:26.185 [Forwarding newSession on session null to remote] DEBUG io.netty.util.NetUtil - Failed to get SOMAXCONN from sysctl and file \proc\sys\net\core\somaxconn. Default: 200
20:59:26.409 [Forwarding newSession on session null to remote] DEBUG io.netty.channel.DefaultChannelId - -Dio.netty.machineId: 10:0b:a9:ff:fe:13:bd:20 (auto-detected)
20:59:26.535 [AsyncHttpClient-1-2] DEBUG io.netty.buffer.AbstractByteBuf - -Dio.netty.buffer.checkAccessible: true
20:59:26.536 [AsyncHttpClient-1-2] DEBUG io.netty.buffer.AbstractByteBuf - -Dio.netty.buffer.checkBounds: true
20:59:26.537 [AsyncHttpClient-1-2] DEBUG io.netty.util.ResourceLeakDetectorFactory - Loaded default ResourceLeakDetector: io.netty.util.ResourceLeakDetector@28160446
20:59:26.572 [AsyncHttpClient-1-2] DEBUG org.asynchttpclient.netty.channel.NettyConnectListener - Using new Channel '[id: 0xf1633ab5, L:/127.0.0.1:52682 - R:localhost/127.0.0.1:62481]' for 'POST' to '/session'
20:59:26.626 [AsyncHttpClient-1-2] DEBUG io.netty.util.Recycler - -Dio.netty.recycler.maxCapacityPerThread: 4096
20:59:26.628 [AsyncHttpClient-1-2] DEBUG io.netty.util.Recycler - -Dio.netty.recycler.ratio: 8
20:59:26.628 [AsyncHttpClient-1-2] DEBUG io.netty.util.Recycler - -Dio.netty.recycler.chunkSize: 32
20:59:26.628 [AsyncHttpClient-1-2] DEBUG io.netty.util.Recycler - -Dio.netty.recycler.blocking: false
20:59:28.975 [AsyncHttpClient-1-2] DEBUG io.netty.handler.codec.compression.Brotli - brotli4j not in the classpath; Brotli support will be unavailable.
20:59:28.975 [AsyncHttpClient-1-2] DEBUG org.asynchttpclient.netty.handler.HttpHandler - 

Request DefaultHttpRequest(decodeResult: success, version: HTTP/1.1)
POST /session HTTP/1.1
User-Agent: selenium/4.1.2 (java windows)
Content-Length: 605
Content-Type: application/json; charset=utf-8
host: localhost:62481
accept: */*

Response DefaultHttpResponse(decodeResult: success, version: HTTP/1.1)
HTTP/1.1 200 OK
Content-Type: application/json; charset=utf-8
cache-control: no-cache
content-length: 789

20:59:28.994 [AsyncHttpClient-1-2] DEBUG org.asynchttpclient.netty.channel.ChannelManager - Adding key: http://localhost:62481 for channel [id: 0xf1633ab5, L:/127.0.0.1:52682 - R:localhost/127.0.0.1:62481]
20:59:29.001 [AsyncHttpClient-1-1] DEBUG org.asynchttpclient.netty.channel.DefaultChannelPool - Entry count for : http://localhost:62481 : 1
20:59:29.385 [AsyncHttpClient-1-3] DEBUG org.asynchttpclient.netty.channel.NettyConnectListener - Using new Channel '[id: 0x3d89c552, L:/127.0.0.1:52690 - R:localhost/127.0.0.1:52683]' for 'GET' to '/json/version'
20:59:29.389 [AsyncHttpClient-1-3] DEBUG org.asynchttpclient.netty.handler.HttpHandler - 

Request DefaultFullHttpRequest(decodeResult: success, version: HTTP/1.1, content: EmptyByteBufBE)
GET /json/version HTTP/1.1
User-Agent: selenium/4.1.2 (java windows)
host: localhost:52683
accept: */*

Response DefaultHttpResponse(decodeResult: success, version: HTTP/1.1)
HTTP/1.1 200 OK
Content-Type: application/json; charset=UTF-8
content-length: 427

20:59:29.390 [AsyncHttpClient-1-3] DEBUG org.asynchttpclient.netty.channel.ChannelManager - Adding key: http://localhost:52683 for channel [id: 0x3d89c552, L:/127.0.0.1:52690 - R:localhost/127.0.0.1:52683]
20:59:29.407 [main] DEBUG io.netty.util.internal.ThreadLocalRandom - -Dio.netty.initialSeedUniquifier: 0x2db27538bc16cf85
20:59:29.419 [AsyncHttpClient-1-4] DEBUG org.asynchttpclient.netty.channel.NettyConnectListener - Using new Channel '[id: 0x04d60f61, L:/127.0.0.1:52691 - R:localhost/127.0.0.1:52683]' for 'GET' to '/devtools/browser/d9c98d52-8ae5-4830-b4b0-b5f4293fbc25'
20:59:29.422 [AsyncHttpClient-1-4] DEBUG org.asynchttpclient.netty.handler.WebSocketHandler - 

Request DefaultFullHttpRequest(decodeResult: success, version: HTTP/1.1, content: EmptyByteBufBE)
GET /devtools/browser/d9c98d52-8ae5-4830-b4b0-b5f4293fbc25 HTTP/1.1
upgrade: websocket
connection: upgrade
sec-websocket-key: Hl91E1WOwehP3yRz2MdmIQ==
sec-websocket-version: 13
origin: http://localhost:52683
host: localhost:52683
accept: */*
user-agent: AHC/2.1

Response DefaultHttpResponse(decodeResult: success, version: HTTP/1.1)
HTTP/1.1 101 WebSocket Protocol Handshake
Upgrade: WebSocket
Connection: Upgrade
Sec-WebSocket-Accept: Vb3Ak7CrijUBUs2giJq06hej3vg=

20:59:29.613 [Forwarding setCurrentWindowSize on session 30b28efccda6be967f3248b545af92ae to remote] DEBUG org.asynchttpclient.netty.request.NettyRequestSender - Using pooled Channel '[id: 0xf1633ab5, L:/127.0.0.1:52682 - R:localhost/127.0.0.1:62481]' for 'POST' to 'http://localhost:62481/session/30b28efccda6be967f3248b545af92ae/window/rect'
20:59:29.613 [Forwarding setCurrentWindowSize on session 30b28efccda6be967f3248b545af92ae to remote] DEBUG org.asynchttpclient.netty.request.NettyRequestSender - Using open Channel [id: 0xf1633ab5, L:/127.0.0.1:52682 - R:localhost/127.0.0.1:62481] for POST '/session/30b28efccda6be967f3248b545af92ae/window/rect'
20:59:29.820 [AsyncHttpClient-1-2] DEBUG org.asynchttpclient.netty.handler.HttpHandler - 

Request DefaultHttpRequest(decodeResult: success, version: HTTP/1.1)
POST /session/30b28efccda6be967f3248b545af92ae/window/rect HTTP/1.1
User-Agent: selenium/4.1.2 (java windows)
Content-Length: 37
Content-Type: application/json; charset=utf-8
host: localhost:62481
accept: */*

Response DefaultHttpResponse(decodeResult: success, version: HTTP/1.1)
HTTP/1.1 200 OK
Content-Type: application/json; charset=utf-8
cache-control: no-cache
content-length: 51

20:59:29.820 [AsyncHttpClient-1-2] DEBUG org.asynchttpclient.netty.channel.ChannelManager - Adding key: http://localhost:62481 for channel [id: 0xf1633ab5, L:/127.0.0.1:52682 - R:localhost/127.0.0.1:62481]
20:59:29.898 [Forwarding setWindowPosition on session 30b28efccda6be967f3248b545af92ae to remote] DEBUG org.asynchttpclient.netty.request.NettyRequestSender - Using pooled Channel '[id: 0xf1633ab5, L:/127.0.0.1:52682 - R:localhost/127.0.0.1:62481]' for 'POST' to 'http://localhost:62481/session/30b28efccda6be967f3248b545af92ae/window/rect'
20:59:29.899 [Forwarding setWindowPosition on session 30b28efccda6be967f3248b545af92ae to remote] DEBUG org.asynchttpclient.netty.request.NettyRequestSender - Using open Channel [id: 0xf1633ab5, L:/127.0.0.1:52682 - R:localhost/127.0.0.1:62481] for POST '/session/30b28efccda6be967f3248b545af92ae/window/rect'
20:59:30.023 [AsyncHttpClient-1-2] DEBUG org.asynchttpclient.netty.handler.HttpHandler - 

Request DefaultHttpRequest(decodeResult: success, version: HTTP/1.1)
POST /session/30b28efccda6be967f3248b545af92ae/window/rect HTTP/1.1
User-Agent: selenium/4.1.2 (java windows)
Content-Length: 22
Content-Type: application/json; charset=utf-8
host: localhost:62481
accept: */*

Response DefaultHttpResponse(decodeResult: success, version: HTTP/1.1)
HTTP/1.1 200 OK
Content-Type: application/json; charset=utf-8
cache-control: no-cache
content-length: 49

20:59:30.023 [AsyncHttpClient-1-2] DEBUG org.asynchttpclient.netty.channel.ChannelManager - Adding key: http://localhost:62481 for channel [id: 0xf1633ab5, L:/127.0.0.1:52682 - R:localhost/127.0.0.1:62481]
20:59:30.101 [AsyncHttpClient-1-1] DEBUG org.asynchttpclient.netty.channel.DefaultChannelPool - Entry count for : http://localhost:62481 : 1
20:59:30.101 [AsyncHttpClient-1-1] DEBUG org.asynchttpclient.netty.channel.DefaultChannelPool - Entry count for : http://localhost:52683 : 1
20:59:30.329 [main] DEBUG net.thucydides.core.reflection.ClassFinder - Could not load class .starter.CucumberTestSuite
20:59:30.330 [main] DEBUG net.thucydides.core.reflection.ClassFinder - Could not load class .starter.pages.DetailPage
20:59:30.330 [main] DEBUG net.thucydides.core.reflection.ClassFinder - Could not load class .starter.pages.LoginPage
20:59:30.330 [main] DEBUG net.thucydides.core.reflection.ClassFinder - Could not load class .starter.pages.ProductPage
20:59:30.330 [main] DEBUG net.thucydides.core.reflection.ClassFinder - Could not load class .starter.pages.RegisterPage
20:59:30.331 [main] DEBUG net.thucydides.core.reflection.ClassFinder - Could not load class .starter.pages.TransactionPage
20:59:30.331 [main] DEBUG net.thucydides.core.reflection.ClassFinder - Could not load class .starter.stepdefenitions.DetailSteps
20:59:30.331 [main] DEBUG net.thucydides.core.reflection.ClassFinder - Could not load class .starter.stepdefenitions.LoginSteps
20:59:30.331 [main] DEBUG net.thucydides.core.reflection.ClassFinder - Could not load class .starter.stepdefenitions.ProductSteps
20:59:30.332 [main] DEBUG net.thucydides.core.reflection.ClassFinder - Could not load class .starter.stepdefenitions.RegisterSteps
20:59:30.332 [main] DEBUG net.thucydides.core.reflection.ClassFinder - Could not load class .starter.stepdefenitions.TransactionSteps
20:59:30.338 [Forwarding get on session 30b28efccda6be967f3248b545af92ae to remote] DEBUG org.asynchttpclient.netty.request.NettyRequestSender - Using pooled Channel '[id: 0xf1633ab5, L:/127.0.0.1:52682 - R:localhost/127.0.0.1:62481]' for 'POST' to 'http://localhost:62481/session/30b28efccda6be967f3248b545af92ae/url'
20:59:30.338 [Forwarding get on session 30b28efccda6be967f3248b545af92ae to remote] DEBUG org.asynchttpclient.netty.request.NettyRequestSender - Using open Channel [id: 0xf1633ab5, L:/127.0.0.1:52682 - R:localhost/127.0.0.1:62481] for POST '/session/30b28efccda6be967f3248b545af92ae/url'
20:59:31.232 [AsyncHttpClient-1-1] DEBUG org.asynchttpclient.netty.channel.DefaultChannelPool - Entry count for : http://localhost:52683 : 1
20:59:32.301 [AsyncHttpClient-1-1] DEBUG org.asynchttpclient.netty.channel.DefaultChannelPool - Entry count for : http://localhost:52683 : 1
20:59:33.407 [AsyncHttpClient-1-1] DEBUG org.asynchttpclient.netty.channel.DefaultChannelPool - Entry count for : http://localhost:52683 : 1
20:59:34.501 [AsyncHttpClient-1-1] DEBUG org.asynchttpclient.netty.channel.DefaultChannelPool - Entry count for : http://localhost:52683 : 1
20:59:35.602 [AsyncHttpClient-1-1] DEBUG org.asynchttpclient.netty.channel.DefaultChannelPool - Entry count for : http://localhost:52683 : 1
20:59:36.699 [AsyncHttpClient-1-1] DEBUG org.asynchttpclient.netty.channel.DefaultChannelPool - Entry count for : http://localhost:52683 : 1
20:59:37.794 [AsyncHttpClient-1-1] DEBUG org.asynchttpclient.netty.channel.DefaultChannelPool - Entry count for : http://localhost:52683 : 1
20:59:38.916 [AsyncHttpClient-1-1] DEBUG org.asynchttpclient.netty.channel.DefaultChannelPool - Entry count for : http://localhost:52683 : 1
20:59:39.997 [AsyncHttpClient-1-1] DEBUG org.asynchttpclient.netty.channel.DefaultChannelPool - Entry count for : http://localhost:52683 : 1
20:59:41.162 [AsyncHttpClient-1-1] DEBUG org.asynchttpclient.netty.channel.DefaultChannelPool - Entry count for : http://localhost:52683 : 1
20:59:42.203 [AsyncHttpClient-1-1] DEBUG org.asynchttpclient.netty.channel.DefaultChannelPool - Entry count for : http://localhost:52683 : 1
20:59:43.296 [AsyncHttpClient-1-1] DEBUG org.asynchttpclient.netty.channel.DefaultChannelPool - Entry count for : http://localhost:52683 : 1
20:59:44.450 [AsyncHttpClient-1-1] DEBUG org.asynchttpclient.netty.channel.DefaultChannelPool - Entry count for : http://localhost:52683 : 1
20:59:45.497 [AsyncHttpClient-1-1] DEBUG org.asynchttpclient.netty.channel.DefaultChannelPool - Entry count for : http://localhost:52683 : 1
20:59:46.596 [AsyncHttpClient-1-1] DEBUG org.asynchttpclient.netty.channel.DefaultChannelPool - Entry count for : http://localhost:52683 : 1
20:59:48.019 [AsyncHttpClient-1-1] DEBUG org.asynchttpclient.netty.channel.DefaultChannelPool - Entry count for : http://localhost:52683 : 1
20:59:49.102 [AsyncHttpClient-1-1] DEBUG org.asynchttpclient.netty.channel.DefaultChannelPool - Entry count for : http://localhost:52683 : 1
20:59:49.589 [AsyncHttpClient-1-2] DEBUG org.asynchttpclient.netty.handler.HttpHandler - 

Request DefaultHttpRequest(decodeResult: success, version: HTTP/1.1)
POST /session/30b28efccda6be967f3248b545af92ae/url HTTP/1.1
User-Agent: selenium/4.1.2 (java windows)
Content-Length: 49
Content-Type: application/json; charset=utf-8
host: localhost:62481
accept: */*

Response DefaultHttpResponse(decodeResult: success, version: HTTP/1.1)
HTTP/1.1 200 OK
Content-Type: application/json; charset=utf-8
cache-control: no-cache
content-length: 14

20:59:49.589 [AsyncHttpClient-1-2] DEBUG org.asynchttpclient.netty.channel.ChannelManager - Adding key: http://localhost:62481 for channel [id: 0xf1633ab5, L:/127.0.0.1:52682 - R:localhost/127.0.0.1:62481]
20:59:49.596 [Forwarding setTimeout on session 30b28efccda6be967f3248b545af92ae to remote] DEBUG org.asynchttpclient.netty.request.NettyRequestSender - Using pooled Channel '[id: 0xf1633ab5, L:/127.0.0.1:52682 - R:localhost/127.0.0.1:62481]' for 'POST' to 'http://localhost:62481/session/30b28efccda6be967f3248b545af92ae/timeouts'
20:59:49.596 [Forwarding setTimeout on session 30b28efccda6be967f3248b545af92ae to remote] DEBUG org.asynchttpclient.netty.request.NettyRequestSender - Using open Channel [id: 0xf1633ab5, L:/127.0.0.1:52682 - R:localhost/127.0.0.1:62481] for POST '/session/30b28efccda6be967f3248b545af92ae/timeouts'
20:59:49.602 [AsyncHttpClient-1-2] DEBUG org.asynchttpclient.netty.handler.HttpHandler - 

Request DefaultHttpRequest(decodeResult: success, version: HTTP/1.1)
POST /session/30b28efccda6be967f3248b545af92ae/timeouts HTTP/1.1
User-Agent: selenium/4.1.2 (java windows)
Content-Length: 22
Content-Type: application/json; charset=utf-8
host: localhost:62481
accept: */*

Response DefaultHttpResponse(decodeResult: success, version: HTTP/1.1)
HTTP/1.1 200 OK
Content-Type: application/json; charset=utf-8
cache-control: no-cache
content-length: 14

20:59:49.602 [AsyncHttpClient-1-2] DEBUG org.asynchttpclient.netty.channel.ChannelManager - Adding key: http://localhost:62481 for channel [id: 0xf1633ab5, L:/127.0.0.1:52682 - R:localhost/127.0.0.1:62481]
20:59:49.641 [Forwarding getCurrentUrl on session 30b28efccda6be967f3248b545af92ae to remote] DEBUG org.asynchttpclient.netty.request.NettyRequestSender - Using pooled Channel '[id: 0xf1633ab5, L:/127.0.0.1:52682 - R:localhost/127.0.0.1:62481]' for 'GET' to 'http://localhost:62481/session/30b28efccda6be967f3248b545af92ae/url'
20:59:49.641 [Forwarding getCurrentUrl on session 30b28efccda6be967f3248b545af92ae to remote] DEBUG org.asynchttpclient.netty.request.NettyRequestSender - Using open Channel [id: 0xf1633ab5, L:/127.0.0.1:52682 - R:localhost/127.0.0.1:62481] for GET '/session/30b28efccda6be967f3248b545af92ae/url'
20:59:49.692 [AsyncHttpClient-1-2] DEBUG org.asynchttpclient.netty.handler.HttpHandler - 

Request DefaultFullHttpRequest(decodeResult: success, version: HTTP/1.1, content: EmptyByteBufBE)
GET /session/30b28efccda6be967f3248b545af92ae/url HTTP/1.1
User-Agent: selenium/4.1.2 (java windows)
Cache-Control: no-cache
Content-Type: application/json; charset=utf-8
host: localhost:62481
accept: */*

Response DefaultHttpResponse(decodeResult: success, version: HTTP/1.1)
HTTP/1.1 200 OK
Content-Type: application/json; charset=utf-8
cache-control: no-cache
content-length: 31

20:59:49.693 [AsyncHttpClient-1-2] DEBUG org.asynchttpclient.netty.channel.ChannelManager - Adding key: http://localhost:62481 for channel [id: 0xf1633ab5, L:/127.0.0.1:52682 - R:localhost/127.0.0.1:62481]
20:59:49.713 [Forwarding getCurrentUrl on session 30b28efccda6be967f3248b545af92ae to remote] DEBUG org.asynchttpclient.netty.request.NettyRequestSender - Using pooled Channel '[id: 0xf1633ab5, L:/127.0.0.1:52682 - R:localhost/127.0.0.1:62481]' for 'GET' to 'http://localhost:62481/session/30b28efccda6be967f3248b545af92ae/url'
20:59:49.714 [Forwarding getCurrentUrl on session 30b28efccda6be967f3248b545af92ae to remote] DEBUG org.asynchttpclient.netty.request.NettyRequestSender - Using open Channel [id: 0xf1633ab5, L:/127.0.0.1:52682 - R:localhost/127.0.0.1:62481] for GET '/session/30b28efccda6be967f3248b545af92ae/url'
20:59:49.723 [AsyncHttpClient-1-2] DEBUG org.asynchttpclient.netty.handler.HttpHandler - 

Request DefaultFullHttpRequest(decodeResult: success, version: HTTP/1.1, content: EmptyByteBufBE)
GET /session/30b28efccda6be967f3248b545af92ae/url HTTP/1.1
User-Agent: selenium/4.1.2 (java windows)
Cache-Control: no-cache
Content-Type: application/json; charset=utf-8
host: localhost:62481
accept: */*

Response DefaultHttpResponse(decodeResult: success, version: HTTP/1.1)
HTTP/1.1 200 OK
Content-Type: application/json; charset=utf-8
cache-control: no-cache
content-length: 31

20:59:49.724 [AsyncHttpClient-1-2] DEBUG org.asynchttpclient.netty.channel.ChannelManager - Adding key: http://localhost:62481 for channel [id: 0xf1633ab5, L:/127.0.0.1:52682 - R:localhost/127.0.0.1:62481]
20:59:49.822 [main] DEBUG net.serenitybdd.core.photography.Darkroom - Opening darkroom
20:59:49.824 [Darkroom Processing Line] DEBUG net.serenitybdd.core.photography.DarkroomProcessingLine - Darkroom processing line starting up
20:59:49.837 [Forwarding screenshot on session 30b28efccda6be967f3248b545af92ae to remote] DEBUG org.asynchttpclient.netty.request.NettyRequestSender - Using pooled Channel '[id: 0xf1633ab5, L:/127.0.0.1:52682 - R:localhost/127.0.0.1:62481]' for 'GET' to 'http://localhost:62481/session/30b28efccda6be967f3248b545af92ae/screenshot'
20:59:49.837 [Forwarding screenshot on session 30b28efccda6be967f3248b545af92ae to remote] DEBUG org.asynchttpclient.netty.request.NettyRequestSender - Using open Channel [id: 0xf1633ab5, L:/127.0.0.1:52682 - R:localhost/127.0.0.1:62481] for GET '/session/30b28efccda6be967f3248b545af92ae/screenshot'
20:59:50.099 [AsyncHttpClient-1-2] DEBUG org.asynchttpclient.netty.handler.HttpHandler - 

Request DefaultFullHttpRequest(decodeResult: success, version: HTTP/1.1, content: EmptyByteBufBE)
GET /session/30b28efccda6be967f3248b545af92ae/screenshot HTTP/1.1
User-Agent: selenium/4.1.2 (java windows)
Cache-Control: no-cache
Content-Type: application/json; charset=utf-8
host: localhost:62481
accept: */*

Response DefaultHttpResponse(decodeResult: success, version: HTTP/1.1)
HTTP/1.1 200 OK
Content-Type: application/json; charset=utf-8
cache-control: no-cache
content-length: 100736

20:59:50.102 [AsyncHttpClient-1-2] DEBUG org.asynchttpclient.netty.channel.ChannelManager - Adding key: http://localhost:62481 for channel [id: 0xf1633ab5, L:/127.0.0.1:52682 - R:localhost/127.0.0.1:62481]
20:59:50.213 [AsyncHttpClient-1-1] DEBUG org.asynchttpclient.netty.channel.DefaultChannelPool - Entry count for : http://localhost:62481 : 1
20:59:50.213 [AsyncHttpClient-1-1] DEBUG org.asynchttpclient.netty.channel.DefaultChannelPool - Entry count for : http://localhost:52683 : 1
20:59:50.422 [main] DEBUG net.serenitybdd.core.photography.Darkroom - Send negative for processing for target\site\serenity\d93d2a74074118b0ca73afca9dd00aa05e33afc62f89bf7746a05538cb531a6f.png
20:59:50.423 [Darkroom Processing Line] DEBUG net.serenitybdd.core.photography.DarkroomProcessingLine - Processing screenshot image in /var/screenshots/screenshot-6319449794781669225
20:59:50.423 [Darkroom Processing Line] DEBUG net.serenitybdd.core.photography.DarkroomProcessingLine - Saving screenshot to target\site\serenity\d93d2a74074118b0ca73afca9dd00aa05e33afc62f89bf7746a05538cb531a6f.png
20:59:50.445 [main] DEBUG net.thucydides.core.steps.StepInterceptor - STEP DONE: openPage
20:59:50.473 [main] DEBUG net.thucydides.core.steps.StepInterceptor - STARTING STEP: DetailSteps.onTheHomePage - onHomePage
20:59:50.507 [Forwarding findElement on session 30b28efccda6be967f3248b545af92ae to remote] DEBUG org.asynchttpclient.netty.request.NettyRequestSender - Using pooled Channel '[id: 0xf1633ab5, L:/127.0.0.1:52682 - R:localhost/127.0.0.1:62481]' for 'POST' to 'http://localhost:62481/session/30b28efccda6be967f3248b545af92ae/element'
20:59:50.509 [Forwarding findElement on session 30b28efccda6be967f3248b545af92ae to remote] DEBUG org.asynchttpclient.netty.request.NettyRequestSender - Using open Channel [id: 0xf1633ab5, L:/127.0.0.1:52682 - R:localhost/127.0.0.1:62481] for POST '/session/30b28efccda6be967f3248b545af92ae/element'
20:59:50.517 [AsyncHttpClient-1-2] DEBUG org.asynchttpclient.netty.handler.HttpHandler - 

Request DefaultHttpRequest(decodeResult: success, version: HTTP/1.1)
POST /session/30b28efccda6be967f3248b545af92ae/element HTTP/1.1
User-Agent: selenium/4.1.2 (java windows)
Content-Length: 46
Content-Type: application/json; charset=utf-8
host: localhost:62481
accept: */*

Response DefaultHttpResponse(decodeResult: success, version: HTTP/1.1)
HTTP/1.1 400 Bad Request
Content-Type: application/json; charset=utf-8
cache-control: no-cache
content-length: 957

20:59:50.517 [AsyncHttpClient-1-2] DEBUG org.asynchttpclient.netty.channel.ChannelManager - Adding key: http://localhost:62481 for channel [id: 0xf1633ab5, L:/127.0.0.1:52682 - R:localhost/127.0.0.1:62481]
20:59:50.550 [Forwarding findElement on session 30b28efccda6be967f3248b545af92ae to remote] DEBUG org.asynchttpclient.netty.request.NettyRequestSender - Using pooled Channel '[id: 0xf1633ab5, L:/127.0.0.1:52682 - R:localhost/127.0.0.1:62481]' for 'POST' to 'http://localhost:62481/session/30b28efccda6be967f3248b545af92ae/element'
20:59:50.550 [Forwarding findElement on session 30b28efccda6be967f3248b545af92ae to remote] DEBUG org.asynchttpclient.netty.request.NettyRequestSender - Using open Channel [id: 0xf1633ab5, L:/127.0.0.1:52682 - R:localhost/127.0.0.1:62481] for POST '/session/30b28efccda6be967f3248b545af92ae/element'
20:59:50.589 [AsyncHttpClient-1-2] DEBUG org.asynchttpclient.netty.handler.HttpHandler - 

Request DefaultHttpRequest(decodeResult: success, version: HTTP/1.1)
POST /session/30b28efccda6be967f3248b545af92ae/element HTTP/1.1
User-Agent: selenium/4.1.2 (java windows)
Content-Length: 54
Content-Type: application/json; charset=utf-8
host: localhost:62481
accept: */*

Response DefaultHttpResponse(decodeResult: success, version: HTTP/1.1)
HTTP/1.1 200 OK
Content-Type: application/json; charset=utf-8
cache-control: no-cache
content-length: 88

20:59:50.590 [AsyncHttpClient-1-2] DEBUG org.asynchttpclient.netty.channel.ChannelManager - Adding key: http://localhost:62481 for channel [id: 0xf1633ab5, L:/127.0.0.1:52682 - R:localhost/127.0.0.1:62481]
20:59:50.627 [Forwarding isElementDisplayed on session 30b28efccda6be967f3248b545af92ae to remote] DEBUG org.asynchttpclient.netty.request.NettyRequestSender - Using pooled Channel '[id: 0xf1633ab5, L:/127.0.0.1:52682 - R:localhost/127.0.0.1:62481]' for 'POST' to 'http://localhost:62481/session/30b28efccda6be967f3248b545af92ae/execute/sync'
20:59:50.627 [Forwarding isElementDisplayed on session 30b28efccda6be967f3248b545af92ae to remote] DEBUG org.asynchttpclient.netty.request.NettyRequestSender - Using open Channel [id: 0xf1633ab5, L:/127.0.0.1:52682 - R:localhost/127.0.0.1:62481] for POST '/session/30b28efccda6be967f3248b545af92ae/execute/sync'
20:59:50.674 [AsyncHttpClient-1-2] DEBUG org.asynchttpclient.netty.handler.HttpHandler - 

Request DefaultHttpRequest(decodeResult: success, version: HTTP/1.1)
POST /session/30b28efccda6be967f3248b545af92ae/execute/sync HTTP/1.1
User-Agent: selenium/4.1.2 (java windows)
Content-Length: 48780
Content-Type: application/json; charset=utf-8
host: localhost:62481
accept: */*

Response DefaultHttpResponse(decodeResult: success, version: HTTP/1.1)
HTTP/1.1 200 OK
Content-Type: application/json; charset=utf-8
cache-control: no-cache
content-length: 14

20:59:50.674 [AsyncHttpClient-1-2] DEBUG org.asynchttpclient.netty.channel.ChannelManager - Adding key: http://localhost:62481 for channel [id: 0xf1633ab5, L:/127.0.0.1:52682 - R:localhost/127.0.0.1:62481]
20:59:50.691 [Forwarding screenshot on session 30b28efccda6be967f3248b545af92ae to remote] DEBUG org.asynchttpclient.netty.request.NettyRequestSender - Using pooled Channel '[id: 0xf1633ab5, L:/127.0.0.1:52682 - R:localhost/127.0.0.1:62481]' for 'GET' to 'http://localhost:62481/session/30b28efccda6be967f3248b545af92ae/screenshot'
20:59:50.691 [Forwarding screenshot on session 30b28efccda6be967f3248b545af92ae to remote] DEBUG org.asynchttpclient.netty.request.NettyRequestSender - Using open Channel [id: 0xf1633ab5, L:/127.0.0.1:52682 - R:localhost/127.0.0.1:62481] for GET '/session/30b28efccda6be967f3248b545af92ae/screenshot'
20:59:50.961 [AsyncHttpClient-1-2] DEBUG org.asynchttpclient.netty.handler.HttpHandler - 

Request DefaultFullHttpRequest(decodeResult: success, version: HTTP/1.1, content: EmptyByteBufBE)
GET /session/30b28efccda6be967f3248b545af92ae/screenshot HTTP/1.1
User-Agent: selenium/4.1.2 (java windows)
Cache-Control: no-cache
Content-Type: application/json; charset=utf-8
host: localhost:62481
accept: */*

Response DefaultHttpResponse(decodeResult: success, version: HTTP/1.1)
HTTP/1.1 200 OK
Content-Type: application/json; charset=utf-8
cache-control: no-cache
content-length: 100736

20:59:50.964 [AsyncHttpClient-1-2] DEBUG org.asynchttpclient.netty.channel.ChannelManager - Adding key: http://localhost:62481 for channel [id: 0xf1633ab5, L:/127.0.0.1:52682 - R:localhost/127.0.0.1:62481]
20:59:50.979 [main] DEBUG net.serenitybdd.core.photography.Darkroom - Send negative for processing for target\site\serenity\d93d2a74074118b0ca73afca9dd00aa05e33afc62f89bf7746a05538cb531a6f.png
20:59:50.979 [main] DEBUG net.thucydides.core.steps.StepInterceptor - STEP DONE: onHomePage
  &amp#27;[32mGiven &amp#27;[0m&amp#27;[32mI am on the home page&amp#27;[0m                          &amp#27;[90m# starter.stepdefenitions.DetailSteps.onTheHomePage()&amp#27;[0m
20:59:51.036 [Forwarding screenshot on session 30b28efccda6be967f3248b545af92ae to remote] DEBUG org.asynchttpclient.netty.request.NettyRequestSender - Using pooled Channel '[id: 0xf1633ab5, L:/127.0.0.1:52682 - R:localhost/127.0.0.1:62481]' for 'GET' to 'http://localhost:62481/session/30b28efccda6be967f3248b545af92ae/screenshot'
20:59:51.036 [Forwarding screenshot on session 30b28efccda6be967f3248b545af92ae to remote] DEBUG org.asynchttpclient.netty.request.NettyRequestSender - Using open Channel [id: 0xf1633ab5, L:/127.0.0.1:52682 - R:localhost/127.0.0.1:62481] for GET '/session/30b28efccda6be967f3248b545af92ae/screenshot'
20:59:51.250 [AsyncHttpClient-1-2] DEBUG org.asynchttpclient.netty.handler.HttpHandler - 

Request DefaultFullHttpRequest(decodeResult: success, version: HTTP/1.1, content: EmptyByteBufBE)
GET /session/30b28efccda6be967f3248b545af92ae/screenshot HTTP/1.1
User-Agent: selenium/4.1.2 (java windows)
Cache-Control: no-cache
Content-Type: application/json; charset=utf-8
host: localhost:62481
accept: */*

Response DefaultHttpResponse(decodeResult: success, version: HTTP/1.1)
HTTP/1.1 200 OK
Content-Type: application/json; charset=utf-8
cache-control: no-cache
content-length: 100736

20:59:51.251 [AsyncHttpClient-1-2] DEBUG org.asynchttpclient.netty.channel.ChannelManager - Adding key: http://localhost:62481 for channel [id: 0xf1633ab5, L:/127.0.0.1:52682 - R:localhost/127.0.0.1:62481]
20:59:51.258 [main] DEBUG net.serenitybdd.core.photography.Darkroom - Send negative for processing for target\site\serenity\d93d2a74074118b0ca73afca9dd00aa05e33afc62f89bf7746a05538cb531a6f.png
20:59:51.258 [main] DEBUG net.thucydides.core.steps.StepInterceptor - STARTING STEP: DetailSteps.iClickDetailInItemsProduct - clickDetailProduct
20:59:51.268 [Forwarding findElement on session 30b28efccda6be967f3248b545af92ae to remote] DEBUG org.asynchttpclient.netty.request.NettyRequestSender - Using pooled Channel '[id: 0xf1633ab5, L:/127.0.0.1:52682 - R:localhost/127.0.0.1:62481]' for 'POST' to 'http://localhost:62481/session/30b28efccda6be967f3248b545af92ae/element'
20:59:51.268 [Forwarding findElement on session 30b28efccda6be967f3248b545af92ae to remote] DEBUG org.asynchttpclient.netty.request.NettyRequestSender - Using open Channel [id: 0xf1633ab5, L:/127.0.0.1:52682 - R:localhost/127.0.0.1:62481] for POST '/session/30b28efccda6be967f3248b545af92ae/element'
20:59:51.302 [AsyncHttpClient-1-1] DEBUG org.asynchttpclient.netty.channel.DefaultChannelPool - Entry count for : http://localhost:52683 : 1
20:59:51.315 [AsyncHttpClient-1-2] DEBUG org.asynchttpclient.netty.handler.HttpHandler - 

Request DefaultHttpRequest(decodeResult: success, version: HTTP/1.1)
POST /session/30b28efccda6be967f3248b545af92ae/element HTTP/1.1
User-Agent: selenium/4.1.2 (java windows)
Content-Length: 145
Content-Type: application/json; charset=utf-8
host: localhost:62481
accept: */*

Response DefaultHttpResponse(decodeResult: success, version: HTTP/1.1)
HTTP/1.1 200 OK
Content-Type: application/json; charset=utf-8
cache-control: no-cache
content-length: 88

20:59:51.315 [AsyncHttpClient-1-2] DEBUG org.asynchttpclient.netty.channel.ChannelManager - Adding key: http://localhost:62481 for channel [id: 0xf1633ab5, L:/127.0.0.1:52682 - R:localhost/127.0.0.1:62481]
20:59:51.319 [Forwarding getElementTagName on session 30b28efccda6be967f3248b545af92ae to remote] DEBUG org.asynchttpclient.netty.request.NettyRequestSender - Using pooled Channel '[id: 0xf1633ab5, L:/127.0.0.1:52682 - R:localhost/127.0.0.1:62481]' for 'GET' to 'http://localhost:62481/session/30b28efccda6be967f3248b545af92ae/element/e105ef39-a4fb-4079-8db2-79ada1082bf9/name'
20:59:51.319 [Forwarding getElementTagName on session 30b28efccda6be967f3248b545af92ae to remote] DEBUG org.asynchttpclient.netty.request.NettyRequestSender - Using open Channel [id: 0xf1633ab5, L:/127.0.0.1:52682 - R:localhost/127.0.0.1:62481] for GET '/session/30b28efccda6be967f3248b545af92ae/element/e105ef39-a4fb-4079-8db2-79ada1082bf9/name'
20:59:51.324 [AsyncHttpClient-1-2] DEBUG org.asynchttpclient.netty.handler.HttpHandler - 

Request DefaultFullHttpRequest(decodeResult: success, version: HTTP/1.1, content: EmptyByteBufBE)
GET /session/30b28efccda6be967f3248b545af92ae/element/e105ef39-a4fb-4079-8db2-79ada1082bf9/name HTTP/1.1
User-Agent: selenium/4.1.2 (java windows)
Cache-Control: no-cache
Content-Type: application/json; charset=utf-8
host: localhost:62481
accept: */*

Response DefaultHttpResponse(decodeResult: success, version: HTTP/1.1)
HTTP/1.1 200 OK
Content-Type: application/json; charset=utf-8
cache-control: no-cache
content-length: 18

20:59:51.324 [AsyncHttpClient-1-2] DEBUG org.asynchttpclient.netty.channel.ChannelManager - Adding key: http://localhost:62481 for channel [id: 0xf1633ab5, L:/127.0.0.1:52682 - R:localhost/127.0.0.1:62481]
20:59:51.326 [Forwarding getElementTagName on session 30b28efccda6be967f3248b545af92ae to remote] DEBUG org.asynchttpclient.netty.request.NettyRequestSender - Using pooled Channel '[id: 0xf1633ab5, L:/127.0.0.1:52682 - R:localhost/127.0.0.1:62481]' for 'GET' to 'http://localhost:62481/session/30b28efccda6be967f3248b545af92ae/element/e105ef39-a4fb-4079-8db2-79ada1082bf9/name'
20:59:51.327 [Forwarding getElementTagName on session 30b28efccda6be967f3248b545af92ae to remote] DEBUG org.asynchttpclient.netty.request.NettyRequestSender - Using open Channel [id: 0xf1633ab5, L:/127.0.0.1:52682 - R:localhost/127.0.0.1:62481] for GET '/session/30b28efccda6be967f3248b545af92ae/element/e105ef39-a4fb-4079-8db2-79ada1082bf9/name'
20:59:51.331 [AsyncHttpClient-1-2] DEBUG org.asynchttpclient.netty.handler.HttpHandler - 

Request DefaultFullHttpRequest(decodeResult: success, version: HTTP/1.1, content: EmptyByteBufBE)
GET /session/30b28efccda6be967f3248b545af92ae/element/e105ef39-a4fb-4079-8db2-79ada1082bf9/name HTTP/1.1
User-Agent: selenium/4.1.2 (java windows)
Cache-Control: no-cache
Content-Type: application/json; charset=utf-8
host: localhost:62481
accept: */*

Response DefaultHttpResponse(decodeResult: success, version: HTTP/1.1)
HTTP/1.1 200 OK
Content-Type: application/json; charset=utf-8
cache-control: no-cache
content-length: 18

20:59:51.331 [AsyncHttpClient-1-2] DEBUG org.asynchttpclient.netty.channel.ChannelManager - Adding key: http://localhost:62481 for channel [id: 0xf1633ab5, L:/127.0.0.1:52682 - R:localhost/127.0.0.1:62481]
20:59:51.337 [Forwarding isElementEnabled on session 30b28efccda6be967f3248b545af92ae to remote] DEBUG org.asynchttpclient.netty.request.NettyRequestSender - Using pooled Channel '[id: 0xf1633ab5, L:/127.0.0.1:52682 - R:localhost/127.0.0.1:62481]' for 'GET' to 'http://localhost:62481/session/30b28efccda6be967f3248b545af92ae/element/e105ef39-a4fb-4079-8db2-79ada1082bf9/enabled'
20:59:51.337 [Forwarding isElementEnabled on session 30b28efccda6be967f3248b545af92ae to remote] DEBUG org.asynchttpclient.netty.request.NettyRequestSender - Using open Channel [id: 0xf1633ab5, L:/127.0.0.1:52682 - R:localhost/127.0.0.1:62481] for GET '/session/30b28efccda6be967f3248b545af92ae/element/e105ef39-a4fb-4079-8db2-79ada1082bf9/enabled'
20:59:51.347 [AsyncHttpClient-1-2] DEBUG org.asynchttpclient.netty.handler.HttpHandler - 

Request DefaultFullHttpRequest(decodeResult: success, version: HTTP/1.1, content: EmptyByteBufBE)
GET /session/30b28efccda6be967f3248b545af92ae/element/e105ef39-a4fb-4079-8db2-79ada1082bf9/enabled HTTP/1.1
User-Agent: selenium/4.1.2 (java windows)
Cache-Control: no-cache
Content-Type: application/json; charset=utf-8
host: localhost:62481
accept: */*

Response DefaultHttpResponse(decodeResult: success, version: HTTP/1.1)
HTTP/1.1 200 OK
Content-Type: application/json; charset=utf-8
cache-control: no-cache
content-length: 14

20:59:51.347 [AsyncHttpClient-1-2] DEBUG org.asynchttpclient.netty.channel.ChannelManager - Adding key: http://localhost:62481 for channel [id: 0xf1633ab5, L:/127.0.0.1:52682 - R:localhost/127.0.0.1:62481]
20:59:51.349 [Forwarding isElementEnabled on session 30b28efccda6be967f3248b545af92ae to remote] DEBUG org.asynchttpclient.netty.request.NettyRequestSender - Using pooled Channel '[id: 0xf1633ab5, L:/127.0.0.1:52682 - R:localhost/127.0.0.1:62481]' for 'GET' to 'http://localhost:62481/session/30b28efccda6be967f3248b545af92ae/element/e105ef39-a4fb-4079-8db2-79ada1082bf9/enabled'
20:59:51.349 [Forwarding isElementEnabled on session 30b28efccda6be967f3248b545af92ae to remote] DEBUG org.asynchttpclient.netty.request.NettyRequestSender - Using open Channel [id: 0xf1633ab5, L:/127.0.0.1:52682 - R:localhost/127.0.0.1:62481] for GET '/session/30b28efccda6be967f3248b545af92ae/element/e105ef39-a4fb-4079-8db2-79ada1082bf9/enabled'
20:59:51.356 [AsyncHttpClient-1-2] DEBUG org.asynchttpclient.netty.handler.HttpHandler - 

Request DefaultFullHttpRequest(decodeResult: success, version: HTTP/1.1, content: EmptyByteBufBE)
GET /session/30b28efccda6be967f3248b545af92ae/element/e105ef39-a4fb-4079-8db2-79ada1082bf9/enabled HTTP/1.1
User-Agent: selenium/4.1.2 (java windows)
Cache-Control: no-cache
Content-Type: application/json; charset=utf-8
host: localhost:62481
accept: */*

Response DefaultHttpResponse(decodeResult: success, version: HTTP/1.1)
HTTP/1.1 200 OK
Content-Type: application/json; charset=utf-8
cache-control: no-cache
content-length: 14

20:59:51.357 [AsyncHttpClient-1-2] DEBUG org.asynchttpclient.netty.channel.ChannelManager - Adding key: http://localhost:62481 for channel [id: 0xf1633ab5, L:/127.0.0.1:52682 - R:localhost/127.0.0.1:62481]
20:59:51.360 [Forwarding findElement on session 30b28efccda6be967f3248b545af92ae to remote] DEBUG org.asynchttpclient.netty.request.NettyRequestSender - Using pooled Channel '[id: 0xf1633ab5, L:/127.0.0.1:52682 - R:localhost/127.0.0.1:62481]' for 'POST' to 'http://localhost:62481/session/30b28efccda6be967f3248b545af92ae/element'
20:59:51.361 [Forwarding findElement on session 30b28efccda6be967f3248b545af92ae to remote] DEBUG org.asynchttpclient.netty.request.NettyRequestSender - Using open Channel [id: 0xf1633ab5, L:/127.0.0.1:52682 - R:localhost/127.0.0.1:62481] for POST '/session/30b28efccda6be967f3248b545af92ae/element'
20:59:51.374 [AsyncHttpClient-1-2] DEBUG org.asynchttpclient.netty.handler.HttpHandler - 

Request DefaultHttpRequest(decodeResult: success, version: HTTP/1.1)
POST /session/30b28efccda6be967f3248b545af92ae/element HTTP/1.1
User-Agent: selenium/4.1.2 (java windows)
Content-Length: 145
Content-Type: application/json; charset=utf-8
host: localhost:62481
accept: */*

Response DefaultHttpResponse(decodeResult: success, version: HTTP/1.1)
HTTP/1.1 200 OK
Content-Type: application/json; charset=utf-8
cache-control: no-cache
content-length: 88

20:59:51.374 [AsyncHttpClient-1-2] DEBUG org.asynchttpclient.netty.channel.ChannelManager - Adding key: http://localhost:62481 for channel [id: 0xf1633ab5, L:/127.0.0.1:52682 - R:localhost/127.0.0.1:62481]
20:59:51.377 [Forwarding clickElement on session 30b28efccda6be967f3248b545af92ae to remote] DEBUG org.asynchttpclient.netty.request.NettyRequestSender - Using pooled Channel '[id: 0xf1633ab5, L:/127.0.0.1:52682 - R:localhost/127.0.0.1:62481]' for 'POST' to 'http://localhost:62481/session/30b28efccda6be967f3248b545af92ae/element/e105ef39-a4fb-4079-8db2-79ada1082bf9/click'
20:59:51.377 [Forwarding clickElement on session 30b28efccda6be967f3248b545af92ae to remote] DEBUG org.asynchttpclient.netty.request.NettyRequestSender - Using open Channel [id: 0xf1633ab5, L:/127.0.0.1:52682 - R:localhost/127.0.0.1:62481] for POST '/session/30b28efccda6be967f3248b545af92ae/element/e105ef39-a4fb-4079-8db2-79ada1082bf9/click'
20:59:51.531 [AsyncHttpClient-1-2] DEBUG org.asynchttpclient.netty.handler.HttpHandler - 

Request DefaultHttpRequest(decodeResult: success, version: HTTP/1.1)
POST /session/30b28efccda6be967f3248b545af92ae/element/e105ef39-a4fb-4079-8db2-79ada1082bf9/click HTTP/1.1
User-Agent: selenium/4.1.2 (java windows)
Content-Length: 50
Content-Type: application/json; charset=utf-8
host: localhost:62481
accept: */*

Response DefaultHttpResponse(decodeResult: success, version: HTTP/1.1)
HTTP/1.1 200 OK
Content-Type: application/json; charset=utf-8
cache-control: no-cache
content-length: 14

20:59:51.532 [AsyncHttpClient-1-2] DEBUG org.asynchttpclient.netty.channel.ChannelManager - Adding key: http://localhost:62481 for channel [id: 0xf1633ab5, L:/127.0.0.1:52682 - R:localhost/127.0.0.1:62481]
20:59:51.552 [Forwarding screenshot on session 30b28efccda6be967f3248b545af92ae to remote] DEBUG org.asynchttpclient.netty.request.NettyRequestSender - Using pooled Channel '[id: 0xf1633ab5, L:/127.0.0.1:52682 - R:localhost/127.0.0.1:62481]' for 'GET' to 'http://localhost:62481/session/30b28efccda6be967f3248b545af92ae/screenshot'
20:59:51.552 [Forwarding screenshot on session 30b28efccda6be967f3248b545af92ae to remote] DEBUG org.asynchttpclient.netty.request.NettyRequestSender - Using open Channel [id: 0xf1633ab5, L:/127.0.0.1:52682 - R:localhost/127.0.0.1:62481] for GET '/session/30b28efccda6be967f3248b545af92ae/screenshot'
20:59:52.060 [AsyncHttpClient-1-2] DEBUG org.asynchttpclient.netty.handler.HttpHandler - 

Request DefaultFullHttpRequest(decodeResult: success, version: HTTP/1.1, content: EmptyByteBufBE)
GET /session/30b28efccda6be967f3248b545af92ae/screenshot HTTP/1.1
User-Agent: selenium/4.1.2 (java windows)
Cache-Control: no-cache
Content-Type: application/json; charset=utf-8
host: localhost:62481
accept: */*

Response DefaultHttpResponse(decodeResult: success, version: HTTP/1.1)
HTTP/1.1 200 OK
Content-Type: application/json; charset=utf-8
cache-control: no-cache
content-length: 14696

20:59:52.060 [AsyncHttpClient-1-2] DEBUG org.asynchttpclient.netty.channel.ChannelManager - Adding key: http://localhost:62481 for channel [id: 0xf1633ab5, L:/127.0.0.1:52682 - R:localhost/127.0.0.1:62481]
20:59:52.063 [main] DEBUG net.serenitybdd.core.photography.Darkroom - Send negative for processing for target\site\serenity\6c5e67ff9fc658e659eec826ded79e087da8d9e067b8d506e5b524016668b3b4.png
20:59:52.063 [main] DEBUG net.thucydides.core.steps.StepInterceptor - STEP DONE: clickDetailProduct
20:59:52.063 [Darkroom Processing Line] DEBUG net.serenitybdd.core.photography.DarkroomProcessingLine - Processing screenshot image in /var/screenshots/screenshot-6479706727104382351
  &amp#27;[32mAnd &amp#27;[0m&amp#27;[32mI click detail in items product&amp#27;[0m                  &amp#27;[90m# starter.stepdefenitions.DetailSteps.iClickDetailInItemsProduct()&amp#27;[0m
20:59:52.063 [Darkroom Processing Line] DEBUG net.serenitybdd.core.photography.DarkroomProcessingLine - Saving screenshot to target\site\serenity\6c5e67ff9fc658e659eec826ded79e087da8d9e067b8d506e5b524016668b3b4.png
20:59:52.086 [main] DEBUG net.thucydides.core.steps.StepInterceptor - STARTING STEP: DetailSteps.iCanSeeDetailProduct - seeDetailProduct
20:59:52.097 [Forwarding findElement on session 30b28efccda6be967f3248b545af92ae to remote] DEBUG org.asynchttpclient.netty.request.NettyRequestSender - Using pooled Channel '[id: 0xf1633ab5, L:/127.0.0.1:52682 - R:localhost/127.0.0.1:62481]' for 'POST' to 'http://localhost:62481/session/30b28efccda6be967f3248b545af92ae/element'
20:59:52.097 [Forwarding findElement on session 30b28efccda6be967f3248b545af92ae to remote] DEBUG org.asynchttpclient.netty.request.NettyRequestSender - Using open Channel [id: 0xf1633ab5, L:/127.0.0.1:52682 - R:localhost/127.0.0.1:62481] for POST '/session/30b28efccda6be967f3248b545af92ae/element'
20:59:52.393 [AsyncHttpClient-1-1] DEBUG org.asynchttpclient.netty.channel.DefaultChannelPool - Entry count for : http://localhost:52683 : 1
20:59:52.874 [AsyncHttpClient-1-2] DEBUG org.asynchttpclient.netty.handler.HttpHandler - 

Request DefaultHttpRequest(decodeResult: success, version: HTTP/1.1)
POST /session/30b28efccda6be967f3248b545af92ae/element HTTP/1.1
User-Agent: selenium/4.1.2 (java windows)
Content-Length: 59
Content-Type: application/json; charset=utf-8
host: localhost:62481
accept: */*

Response DefaultHttpResponse(decodeResult: success, version: HTTP/1.1)
HTTP/1.1 200 OK
Content-Type: application/json; charset=utf-8
cache-control: no-cache
content-length: 88

20:59:52.875 [AsyncHttpClient-1-2] DEBUG org.asynchttpclient.netty.channel.ChannelManager - Adding key: http://localhost:62481 for channel [id: 0xf1633ab5, L:/127.0.0.1:52682 - R:localhost/127.0.0.1:62481]
20:59:52.885 [Forwarding isElementDisplayed on session 30b28efccda6be967f3248b545af92ae to remote] DEBUG org.asynchttpclient.netty.request.NettyRequestSender - Using pooled Channel '[id: 0xf1633ab5, L:/127.0.0.1:52682 - R:localhost/127.0.0.1:62481]' for 'POST' to 'http://localhost:62481/session/30b28efccda6be967f3248b545af92ae/execute/sync'
20:59:52.885 [Forwarding isElementDisplayed on session 30b28efccda6be967f3248b545af92ae to remote] DEBUG org.asynchttpclient.netty.request.NettyRequestSender - Using open Channel [id: 0xf1633ab5, L:/127.0.0.1:52682 - R:localhost/127.0.0.1:62481] for POST '/session/30b28efccda6be967f3248b545af92ae/execute/sync'
20:59:52.905 [AsyncHttpClient-1-2] DEBUG org.asynchttpclient.netty.handler.HttpHandler - 

Request DefaultHttpRequest(decodeResult: success, version: HTTP/1.1)
POST /session/30b28efccda6be967f3248b545af92ae/execute/sync HTTP/1.1
User-Agent: selenium/4.1.2 (java windows)
Content-Length: 48780
Content-Type: application/json; charset=utf-8
host: localhost:62481
accept: */*

Response DefaultHttpResponse(decodeResult: success, version: HTTP/1.1)
HTTP/1.1 200 OK
Content-Type: application/json; charset=utf-8
cache-control: no-cache
content-length: 14

20:59:52.905 [AsyncHttpClient-1-2] DEBUG org.asynchttpclient.netty.channel.ChannelManager - Adding key: http://localhost:62481 for channel [id: 0xf1633ab5, L:/127.0.0.1:52682 - R:localhost/127.0.0.1:62481]
20:59:52.911 [Forwarding screenshot on session 30b28efccda6be967f3248b545af92ae to remote] DEBUG org.asynchttpclient.netty.request.NettyRequestSender - Using pooled Channel '[id: 0xf1633ab5, L:/127.0.0.1:52682 - R:localhost/127.0.0.1:62481]' for 'GET' to 'http://localhost:62481/session/30b28efccda6be967f3248b545af92ae/screenshot'
20:59:52.912 [Forwarding screenshot on session 30b28efccda6be967f3248b545af92ae to remote] DEBUG org.asynchttpclient.netty.request.NettyRequestSender - Using open Channel [id: 0xf1633ab5, L:/127.0.0.1:52682 - R:localhost/127.0.0.1:62481] for GET '/session/30b28efccda6be967f3248b545af92ae/screenshot'
20:59:53.064 [AsyncHttpClient-1-2] DEBUG org.asynchttpclient.netty.handler.HttpHandler - 

Request DefaultFullHttpRequest(decodeResult: success, version: HTTP/1.1, content: EmptyByteBufBE)
GET /session/30b28efccda6be967f3248b545af92ae/screenshot HTTP/1.1
User-Agent: selenium/4.1.2 (java windows)
Cache-Control: no-cache
Content-Type: application/json; charset=utf-8
host: localhost:62481
accept: */*

Response DefaultHttpResponse(decodeResult: success, version: HTTP/1.1)
HTTP/1.1 200 OK
Content-Type: application/json; charset=utf-8
cache-control: no-cache
content-length: 23932

20:59:53.065 [AsyncHttpClient-1-2] DEBUG org.asynchttpclient.netty.channel.ChannelManager - Adding key: http://localhost:62481 for channel [id: 0xf1633ab5, L:/127.0.0.1:52682 - R:localhost/127.0.0.1:62481]
20:59:53.068 [main] DEBUG net.serenitybdd.core.photography.Darkroom - Send negative for processing for target\site\serenity\7c6f7898d27411c33da8a6d82344a353d65d819b0c4e1bf66cef43be53d407c8.png
20:59:53.068 [main] DEBUG net.thucydides.core.steps.StepInterceptor - STEP DONE: seeDetailProduct
20:59:53.068 [Darkroom Processing Line] DEBUG net.serenitybdd.core.photography.DarkroomProcessingLine - Processing screenshot image in /var/screenshots/screenshot-7854322735780576119
20:59:53.068 [Darkroom Processing Line] DEBUG net.serenitybdd.core.photography.DarkroomProcessingLine - Saving screenshot to target\site\serenity\7c6f7898d27411c33da8a6d82344a353d65d819b0c4e1bf66cef43be53d407c8.png
  &amp#27;[32mThen &amp#27;[0m&amp#27;[32mI can see detail product&amp#27;[0m                        &amp#27;[90m# starter.stepdefenitions.DetailSteps.iCanSeeDetailProduct()&amp#27;[0m
20:59:53.078 [main] INFO  - 
  _____   ___   ___   _____     ___     _     ___   ___   ___   ___  
 |_   _| | __| / __| |_   _|   | _ \   /_\   / __| / __| | __| |   \ 
   | |   | _|  \__ \   | |     |  _/  / _ \  \__ \ \__ \ | _|  | |) |
   |_|   |___| |___/   |_|     |_|   /_/ \_\ |___/ |___/ |___| |___/ 

As user i have be able to see detail product
----------------------------------------------------------------------
20:59:53.207 [Driver Command Executor] DEBUG org.asynchttpclient.netty.request.NettyRequestSender - Using pooled Channel '[id: 0xf1633ab5, L:/127.0.0.1:52682 - R:localhost/127.0.0.1:62481]' for 'DELETE' to 'http://localhost:62481/session/30b28efccda6be967f3248b545af92ae'
20:59:53.208 [Driver Command Executor] DEBUG org.asynchttpclient.netty.request.NettyRequestSender - Using open Channel [id: 0xf1633ab5, L:/127.0.0.1:52682 - R:localhost/127.0.0.1:62481] for DELETE '/session/30b28efccda6be967f3248b545af92ae'
20:59:53.210 [AsyncHttpClient-1-4] DEBUG org.asynchttpclient.netty.handler.WebSocketHandler - Channel Closed: [id: 0x04d60f61, L:/127.0.0.1:52691 ! R:localhost/127.0.0.1:52683] with attribute NettyResponseFuture{currentRetry=5,
	isDone=1,
	isCancelled=0,
	asyncHandler=org.asynchttpclient.ws.WebSocketUpgradeHandler@7874df10,
	nettyRequest=org.asynchttpclient.netty.request.NettyRequest@2f9f191e,
	future=java.util.concurrent.CompletableFuture@6eb881cd[Completed normally],
	uri=ws://localhost:52683/devtools/browser/d9c98d52-8ae5-4830-b4b0-b5f4293fbc25,
	keepAlive=true,
	redirectCount=0,
	timeoutsHolder=null,
	inAuth=0,
	touch=1652450369451}
20:59:53.211 [AsyncHttpClient-1-4] DEBUG org.asynchttpclient.netty.channel.ChannelManager - Closing Channel [id: 0x04d60f61, L:/127.0.0.1:52691 ! R:localhost/127.0.0.1:52683] 
20:59:53.310 [AsyncHttpClient-1-3] DEBUG org.asynchttpclient.netty.handler.HttpHandler - Unexpected I/O exception on channel [id: 0x3d89c552, L:/127.0.0.1:52690 - R:localhost/127.0.0.1:52683]
java.io.IOException: An existing connection was forcibly closed by the remote host
	at sun.nio.ch.SocketDispatcher.read0(Native Method)
	at sun.nio.ch.SocketDispatcher.read(SocketDispatcher.java:43)
	at sun.nio.ch.IOUtil.readIntoNativeBuffer(IOUtil.java:223)
	at sun.nio.ch.IOUtil.read(IOUtil.java:192)
	at sun.nio.ch.SocketChannelImpl.read(SocketChannelImpl.java:378)
	at io.netty.buffer.PooledByteBuf.setBytes(PooledByteBuf.java:258)
	at io.netty.buffer.AbstractByteBuf.writeBytes(AbstractByteBuf.java:1132)
	at io.netty.channel.socket.nio.NioSocketChannel.doReadBytes(NioSocketChannel.java:350)
	at io.netty.channel.nio.AbstractNioByteChannel$NioByteUnsafe.read(AbstractNioByteChannel.java:151)
	at io.netty.channel.nio.NioEventLoop.processSelectedKey(NioEventLoop.java:722)
	at io.netty.channel.nio.NioEventLoop.processSelectedKeysOptimized(NioEventLoop.java:658)
	at io.netty.channel.nio.NioEventLoop.processSelectedKeys(NioEventLoop.java:584)
	at io.netty.channel.nio.NioEventLoop.run(NioEventLoop.java:496)
	at io.netty.util.concurrent.SingleThreadEventExecutor$4.run(SingleThreadEventExecutor.java:986)
	at io.netty.util.internal.ThreadExecutorMap$2.run(ThreadExecutorMap.java:74)
	at io.netty.util.concurrent.FastThreadLocalRunnable.run(FastThreadLocalRunnable.java:30)
	at java.lang.Thread.run(Thread.java:750)
20:59:53.310 [AsyncHttpClient-1-3] DEBUG org.asynchttpclient.netty.channel.ChannelManager - Closing Channel [id: 0x3d89c552, L:/127.0.0.1:52690 - R:localhost/127.0.0.1:52683] 
20:59:53.313 [AsyncHttpClient-1-3] DEBUG org.asynchttpclient.netty.handler.HttpHandler - Channel Closed: [id: 0x3d89c552, L:/127.0.0.1:52690 ! R:localhost/127.0.0.1:52683] with attribute DISCARD
20:59:53.368 [AsyncHttpClient-1-2] DEBUG org.asynchttpclient.netty.handler.HttpHandler - 

Request DefaultFullHttpRequest(decodeResult: success, version: HTTP/1.1, content: EmptyByteBufBE)
DELETE /session/30b28efccda6be967f3248b545af92ae HTTP/1.1
User-Agent: selenium/4.1.2 (java windows)
Content-Type: application/json; charset=utf-8
host: localhost:62481
accept: */*

Response DefaultHttpResponse(decodeResult: success, version: HTTP/1.1)
HTTP/1.1 200 OK
Content-Type: application/json; charset=utf-8
cache-control: no-cache
content-length: 14

20:59:53.368 [AsyncHttpClient-1-2] DEBUG org.asynchttpclient.netty.channel.ChannelManager - Adding key: http://localhost:62481 for channel [id: 0xf1633ab5, L:/127.0.0.1:52682 - R:localhost/127.0.0.1:62481]
20:59:53.474 [AsyncHttpClient-1-2] DEBUG org.asynchttpclient.netty.handler.HttpHandler - Channel Closed: [id: 0xf1633ab5, L:/127.0.0.1:52682 ! R:localhost/127.0.0.1:62481] with attribute DISCARD
20:59:53.493 [AsyncHttpClient-1-1] DEBUG org.asynchttpclient.netty.channel.DefaultChannelPool - Entry count for : http://localhost:62481 : 1
20:59:53.493 [AsyncHttpClient-1-1] DEBUG org.asynchttpclient.netty.channel.DefaultChannelPool - Entry count for : http://localhost:52683 : 1
20:59:53.493 [AsyncHttpClient-1-1] DEBUG org.asynchttpclient.netty.channel.DefaultChannelPool - Adding Candidate expired Channel [id: 0xf1633ab5, L:/127.0.0.1:52682 ! R:localhost/127.0.0.1:62481] isIdleTimeoutExpired=false isRemotelyClosed=true isTtlExpired=false
20:59:53.493 [AsyncHttpClient-1-1] DEBUG org.asynchttpclient.netty.channel.DefaultChannelPool - Closing Idle Channel [id: 0xf1633ab5, L:/127.0.0.1:52682 ! R:localhost/127.0.0.1:62481]
20:59:53.493 [AsyncHttpClient-1-1] DEBUG org.asynchttpclient.netty.channel.DefaultChannelPool - Adding Candidate expired Channel [id: 0x3d89c552, L:/127.0.0.1:52690 ! R:localhost/127.0.0.1:52683] isIdleTimeoutExpired=false isRemotelyClosed=true isTtlExpired=false
20:59:53.493 [AsyncHttpClient-1-1] DEBUG org.asynchttpclient.netty.channel.DefaultChannelPool - Closing Idle Channel [id: 0x3d89c552, L:/127.0.0.1:52690 ! R:localhost/127.0.0.1:52683]
20:59:53.493 [AsyncHttpClient-1-1] DEBUG org.asynchttpclient.netty.channel.DefaultChannelPool - Closed 2 connections out of 2 in 0 ms
]]></system-out>
    <system-err><![CDATA[Starting ChromeDriver 100.0.4896.60 (6a5d10861ce8de5fce22564658033b43cb7de047-refs/branch-heads/4896@{#875}) on port 62481
Only local connections are allowed.
Please see https://chromedriver.chromium.org/security-considerations for suggestions on keeping ChromeDriver safe.
ChromeDriver was started successfully.
[1652450368.327][WARNING]: This version of ChromeDriver has not been tested with Chrome version 101.
May 13, 2022 8:59:29 PM org.openqa.selenium.remote.ProtocolHandshake createSession
INFO: Detected dialect: W3C
May 13, 2022 8:59:29 PM org.openqa.selenium.devtools.CdpVersionFinder findNearestMatch
WARNING: Unable to find an exact match for CDP version 101, so returning the closest version found: 97
May 13, 2022 8:59:29 PM org.openqa.selenium.devtools.CdpVersionFinder findNearestMatch
INFO: Found CDP implementation for version 101 of 97
]]></system-err>
  </testcase>
  <testcase name="As user i have be able to success login" classname="As user I want to login So that i can see home page" time="20.962">
    <system-out><![CDATA[20:59:54.030 [main] INFO io.cucumber.core.plugin.SerenityReporter - Running feature from file:///D:/kampus%20merdeka/QE_MUHAMMAD%20ADIBASYAH/miniproject/web/src/test/resources/features/Login.feature
20:59:54.057 [main] DEBUG net.thucydides.core.steps.StepEventBus - Test suite started for story net.thucydides.core.model.Story@ce9267e8
20:59:54.059 [main] INFO  - Test Suite Started: As user I want to login So that i can see home page

@login @positive
Scenario: As user i have be able to success login &amp#27;[90m# src/test/resources/features/Login.feature:8&amp#27;[0m
20:59:54.123 [main] INFO io.cucumber.core.plugin.SerenityReporter - Running feature from file:///D:/kampus%20merdeka/QE_MUHAMMAD%20ADIBASYAH/miniproject/web/src/test/resources/features/Login.feature
20:59:54.129 [main] INFO  - 
  _____   ___   ___   _____     ___   _____     _     ___   _____   ___   ___  
 |_   _| | __| / __| |_   _|   / __| |_   _|   /_\   | _ \ |_   _| | __| |   \ 
   | |   | _|  \__ \   | |     \__ \   | |    / _ \  |   /   | |   | _|  | |) |
   |_|   |___| |___/   |_|     |___/   |_|   /_/ \_\ |_|_\   |_|   |___| |___/ 

As user i have be able to success login(as-user-i-want-to-login-so-that-i-can-see-home-page;as-user-i-have-be-able-to-success-login)
--------------------------------------------------------------------------------
20:59:54.634 [main] DEBUG net.thucydides.core.steps.StepInterceptor - STARTING STEP: LoginSteps.onLoginPage - openPage
20:59:54.637 [main] INFO net.serenitybdd.core.webdriver.driverproviders.ChromeDriverProvider - Using automatically driver download
20:59:54.877 [main] DEBUG io.github.bonigarcia.wdm.cache.ResolutionCache - Resolution chrome=101 in cache (valid until 21:59:22 13/05/2022 ICT)
20:59:54.882 [main] DEBUG io.github.bonigarcia.wdm.cache.ResolutionCache - Resolution chrome101=101.0.4951.41 in cache (valid until 20:59:22 14/05/2022 ICT)
20:59:54.884 [main] INFO io.github.bonigarcia.wdm.WebDriverManager - Using chromedriver 101.0.4951.41 (resolved driver for Chrome 101)
20:59:54.898 [main] DEBUG io.github.bonigarcia.wdm.WebDriverManager - Driver chromedriver 101.0.4951.41 found in cache
20:59:54.898 [main] INFO io.github.bonigarcia.wdm.WebDriverManager - Exporting webdriver.chrome.driver as C:\Users\Admin\.cache\selenium\chromedriver\win32\101.0.4951.41\chromedriver.exe
20:59:55.039 [main] DEBUG net.serenitybdd.core.webdriver.driverproviders.ProvideNewDriver - Instantiating driver
20:59:55.039 [main] DEBUG net.serenitybdd.core.webdriver.driverproviders.ProvideNewDriver - Driver capabilities: Capabilities {acceptInsecureCerts: false, base.url: https://qa.alta.id/, browserName: chrome, chrome.driver: src/test/resources/webdrive..., driver: chrome, goog:chromeOptions: {args: [], extensions: []}}
20:59:55.624 [AsyncHttpClient-1-5] DEBUG org.asynchttpclient.netty.channel.NettyConnectListener - Using new Channel '[id: 0xc31004f0, L:/127.0.0.1:52718 - R:localhost/127.0.0.1:60812]' for 'POST' to '/session'
20:59:56.796 [AsyncHttpClient-1-5] DEBUG org.asynchttpclient.netty.handler.HttpHandler - 

Request DefaultHttpRequest(decodeResult: success, version: HTTP/1.1)
POST /session HTTP/1.1
User-Agent: selenium/4.1.2 (java windows)
Content-Length: 605
Content-Type: application/json; charset=utf-8
host: localhost:60812
accept: */*

Response DefaultHttpResponse(decodeResult: success, version: HTTP/1.1)
HTTP/1.1 200 OK
Content-Type: application/json; charset=utf-8
cache-control: no-cache
content-length: 788

20:59:56.797 [AsyncHttpClient-1-5] DEBUG org.asynchttpclient.netty.channel.ChannelManager - Adding key: http://localhost:60812 for channel [id: 0xc31004f0, L:/127.0.0.1:52718 - R:localhost/127.0.0.1:60812]
20:59:56.839 [AsyncHttpClient-1-1] DEBUG org.asynchttpclient.netty.channel.DefaultChannelPool - Entry count for : http://localhost:60812 : 1
20:59:56.863 [AsyncHttpClient-1-6] DEBUG org.asynchttpclient.netty.channel.NettyConnectListener - Using new Channel '[id: 0xa61921e1, L:/127.0.0.1:52725 - R:localhost/127.0.0.1:52719]' for 'GET' to '/json/version'
20:59:56.867 [AsyncHttpClient-1-6] DEBUG org.asynchttpclient.netty.handler.HttpHandler - 

Request DefaultFullHttpRequest(decodeResult: success, version: HTTP/1.1, content: EmptyByteBufBE)
GET /json/version HTTP/1.1
User-Agent: selenium/4.1.2 (java windows)
host: localhost:52719
accept: */*

Response DefaultHttpResponse(decodeResult: success, version: HTTP/1.1)
HTTP/1.1 200 OK
Content-Type: application/json; charset=UTF-8
content-length: 427

20:59:56.867 [AsyncHttpClient-1-6] DEBUG org.asynchttpclient.netty.channel.ChannelManager - Adding key: http://localhost:52719 for channel [id: 0xa61921e1, L:/127.0.0.1:52725 - R:localhost/127.0.0.1:52719]
20:59:56.878 [AsyncHttpClient-1-7] DEBUG org.asynchttpclient.netty.channel.NettyConnectListener - Using new Channel '[id: 0x6bceae64, L:/127.0.0.1:52726 - R:localhost/127.0.0.1:52719]' for 'GET' to '/devtools/browser/a40c5a38-1678-4ef1-b6d4-ad36a5289178'
20:59:56.882 [AsyncHttpClient-1-7] DEBUG org.asynchttpclient.netty.handler.WebSocketHandler - 

Request DefaultFullHttpRequest(decodeResult: success, version: HTTP/1.1, content: EmptyByteBufBE)
GET /devtools/browser/a40c5a38-1678-4ef1-b6d4-ad36a5289178 HTTP/1.1
upgrade: websocket
connection: upgrade
sec-websocket-key: jJq2OSbaW0LGih6cU8wXVg==
sec-websocket-version: 13
origin: http://localhost:52719
host: localhost:52719
accept: */*
user-agent: AHC/2.1

Response DefaultHttpResponse(decodeResult: success, version: HTTP/1.1)
HTTP/1.1 101 WebSocket Protocol Handshake
Upgrade: WebSocket
Connection: Upgrade
Sec-WebSocket-Accept: t0CIjEfo5weStUsS1wcQGzuUIHI=

20:59:56.890 [Forwarding setCurrentWindowSize on session 26d4952fffa259563e30b161246cfe0f to remote] DEBUG org.asynchttpclient.netty.request.NettyRequestSender - Using pooled Channel '[id: 0xc31004f0, L:/127.0.0.1:52718 - R:localhost/127.0.0.1:60812]' for 'POST' to 'http://localhost:60812/session/26d4952fffa259563e30b161246cfe0f/window/rect'
20:59:56.890 [Forwarding setCurrentWindowSize on session 26d4952fffa259563e30b161246cfe0f to remote] DEBUG org.asynchttpclient.netty.request.NettyRequestSender - Using open Channel [id: 0xc31004f0, L:/127.0.0.1:52718 - R:localhost/127.0.0.1:60812] for POST '/session/26d4952fffa259563e30b161246cfe0f/window/rect'
20:59:57.014 [AsyncHttpClient-1-5] DEBUG org.asynchttpclient.netty.handler.HttpHandler - 

Request DefaultHttpRequest(decodeResult: success, version: HTTP/1.1)
POST /session/26d4952fffa259563e30b161246cfe0f/window/rect HTTP/1.1
User-Agent: selenium/4.1.2 (java windows)
Content-Length: 37
Content-Type: application/json; charset=utf-8
host: localhost:60812
accept: */*

Response DefaultHttpResponse(decodeResult: success, version: HTTP/1.1)
HTTP/1.1 200 OK
Content-Type: application/json; charset=utf-8
cache-control: no-cache
content-length: 51

20:59:57.015 [AsyncHttpClient-1-5] DEBUG org.asynchttpclient.netty.channel.ChannelManager - Adding key: http://localhost:60812 for channel [id: 0xc31004f0, L:/127.0.0.1:52718 - R:localhost/127.0.0.1:60812]
20:59:57.018 [Forwarding setWindowPosition on session 26d4952fffa259563e30b161246cfe0f to remote] DEBUG org.asynchttpclient.netty.request.NettyRequestSender - Using pooled Channel '[id: 0xc31004f0, L:/127.0.0.1:52718 - R:localhost/127.0.0.1:60812]' for 'POST' to 'http://localhost:60812/session/26d4952fffa259563e30b161246cfe0f/window/rect'
20:59:57.018 [Forwarding setWindowPosition on session 26d4952fffa259563e30b161246cfe0f to remote] DEBUG org.asynchttpclient.netty.request.NettyRequestSender - Using open Channel [id: 0xc31004f0, L:/127.0.0.1:52718 - R:localhost/127.0.0.1:60812] for POST '/session/26d4952fffa259563e30b161246cfe0f/window/rect'
20:59:57.141 [AsyncHttpClient-1-5] DEBUG org.asynchttpclient.netty.handler.HttpHandler - 

Request DefaultHttpRequest(decodeResult: success, version: HTTP/1.1)
POST /session/26d4952fffa259563e30b161246cfe0f/window/rect HTTP/1.1
User-Agent: selenium/4.1.2 (java windows)
Content-Length: 22
Content-Type: application/json; charset=utf-8
host: localhost:60812
accept: */*

Response DefaultHttpResponse(decodeResult: success, version: HTTP/1.1)
HTTP/1.1 200 OK
Content-Type: application/json; charset=utf-8
cache-control: no-cache
content-length: 49

20:59:57.141 [AsyncHttpClient-1-5] DEBUG org.asynchttpclient.netty.channel.ChannelManager - Adding key: http://localhost:60812 for channel [id: 0xc31004f0, L:/127.0.0.1:52718 - R:localhost/127.0.0.1:60812]
20:59:57.143 [Forwarding get on session 26d4952fffa259563e30b161246cfe0f to remote] DEBUG org.asynchttpclient.netty.request.NettyRequestSender - Using pooled Channel '[id: 0xc31004f0, L:/127.0.0.1:52718 - R:localhost/127.0.0.1:60812]' for 'POST' to 'http://localhost:60812/session/26d4952fffa259563e30b161246cfe0f/url'
20:59:57.143 [Forwarding get on session 26d4952fffa259563e30b161246cfe0f to remote] DEBUG org.asynchttpclient.netty.request.NettyRequestSender - Using open Channel [id: 0xc31004f0, L:/127.0.0.1:52718 - R:localhost/127.0.0.1:60812] for POST '/session/26d4952fffa259563e30b161246cfe0f/url'
20:59:57.894 [AsyncHttpClient-1-1] DEBUG org.asynchttpclient.netty.channel.DefaultChannelPool - Entry count for : http://localhost:52719 : 1
20:59:58.477 [AsyncHttpClient-1-5] DEBUG org.asynchttpclient.netty.handler.HttpHandler - 

Request DefaultHttpRequest(decodeResult: success, version: HTTP/1.1)
POST /session/26d4952fffa259563e30b161246cfe0f/url HTTP/1.1
User-Agent: selenium/4.1.2 (java windows)
Content-Length: 49
Content-Type: application/json; charset=utf-8
host: localhost:60812
accept: */*

Response DefaultHttpResponse(decodeResult: success, version: HTTP/1.1)
HTTP/1.1 200 OK
Content-Type: application/json; charset=utf-8
cache-control: no-cache
content-length: 14

20:59:58.482 [AsyncHttpClient-1-5] DEBUG org.asynchttpclient.netty.channel.ChannelManager - Adding key: http://localhost:60812 for channel [id: 0xc31004f0, L:/127.0.0.1:52718 - R:localhost/127.0.0.1:60812]
20:59:58.489 [Forwarding setTimeout on session 26d4952fffa259563e30b161246cfe0f to remote] DEBUG org.asynchttpclient.netty.request.NettyRequestSender - Using pooled Channel '[id: 0xc31004f0, L:/127.0.0.1:52718 - R:localhost/127.0.0.1:60812]' for 'POST' to 'http://localhost:60812/session/26d4952fffa259563e30b161246cfe0f/timeouts'
20:59:58.489 [Forwarding setTimeout on session 26d4952fffa259563e30b161246cfe0f to remote] DEBUG org.asynchttpclient.netty.request.NettyRequestSender - Using open Channel [id: 0xc31004f0, L:/127.0.0.1:52718 - R:localhost/127.0.0.1:60812] for POST '/session/26d4952fffa259563e30b161246cfe0f/timeouts'
20:59:58.505 [AsyncHttpClient-1-5] DEBUG org.asynchttpclient.netty.handler.HttpHandler - 

Request DefaultHttpRequest(decodeResult: success, version: HTTP/1.1)
POST /session/26d4952fffa259563e30b161246cfe0f/timeouts HTTP/1.1
User-Agent: selenium/4.1.2 (java windows)
Content-Length: 22
Content-Type: application/json; charset=utf-8
host: localhost:60812
accept: */*

Response DefaultHttpResponse(decodeResult: success, version: HTTP/1.1)
HTTP/1.1 200 OK
Content-Type: application/json; charset=utf-8
cache-control: no-cache
content-length: 14

20:59:58.506 [AsyncHttpClient-1-5] DEBUG org.asynchttpclient.netty.channel.ChannelManager - Adding key: http://localhost:60812 for channel [id: 0xc31004f0, L:/127.0.0.1:52718 - R:localhost/127.0.0.1:60812]
20:59:58.518 [Forwarding getCurrentUrl on session 26d4952fffa259563e30b161246cfe0f to remote] DEBUG org.asynchttpclient.netty.request.NettyRequestSender - Using pooled Channel '[id: 0xc31004f0, L:/127.0.0.1:52718 - R:localhost/127.0.0.1:60812]' for 'GET' to 'http://localhost:60812/session/26d4952fffa259563e30b161246cfe0f/url'
20:59:58.518 [Forwarding getCurrentUrl on session 26d4952fffa259563e30b161246cfe0f to remote] DEBUG org.asynchttpclient.netty.request.NettyRequestSender - Using open Channel [id: 0xc31004f0, L:/127.0.0.1:52718 - R:localhost/127.0.0.1:60812] for GET '/session/26d4952fffa259563e30b161246cfe0f/url'
20:59:58.526 [AsyncHttpClient-1-5] DEBUG org.asynchttpclient.netty.handler.HttpHandler - 

Request DefaultFullHttpRequest(decodeResult: success, version: HTTP/1.1, content: EmptyByteBufBE)
GET /session/26d4952fffa259563e30b161246cfe0f/url HTTP/1.1
User-Agent: selenium/4.1.2 (java windows)
Cache-Control: no-cache
Content-Type: application/json; charset=utf-8
host: localhost:60812
accept: */*

Response DefaultHttpResponse(decodeResult: success, version: HTTP/1.1)
HTTP/1.1 200 OK
Content-Type: application/json; charset=utf-8
cache-control: no-cache
content-length: 31

20:59:58.526 [AsyncHttpClient-1-5] DEBUG org.asynchttpclient.netty.channel.ChannelManager - Adding key: http://localhost:60812 for channel [id: 0xc31004f0, L:/127.0.0.1:52718 - R:localhost/127.0.0.1:60812]
20:59:58.536 [Forwarding getCurrentUrl on session 26d4952fffa259563e30b161246cfe0f to remote] DEBUG org.asynchttpclient.netty.request.NettyRequestSender - Using pooled Channel '[id: 0xc31004f0, L:/127.0.0.1:52718 - R:localhost/127.0.0.1:60812]' for 'GET' to 'http://localhost:60812/session/26d4952fffa259563e30b161246cfe0f/url'
20:59:58.536 [Forwarding getCurrentUrl on session 26d4952fffa259563e30b161246cfe0f to remote] DEBUG org.asynchttpclient.netty.request.NettyRequestSender - Using open Channel [id: 0xc31004f0, L:/127.0.0.1:52718 - R:localhost/127.0.0.1:60812] for GET '/session/26d4952fffa259563e30b161246cfe0f/url'
20:59:58.543 [AsyncHttpClient-1-5] DEBUG org.asynchttpclient.netty.handler.HttpHandler - 

Request DefaultFullHttpRequest(decodeResult: success, version: HTTP/1.1, content: EmptyByteBufBE)
GET /session/26d4952fffa259563e30b161246cfe0f/url HTTP/1.1
User-Agent: selenium/4.1.2 (java windows)
Cache-Control: no-cache
Content-Type: application/json; charset=utf-8
host: localhost:60812
accept: */*

Response DefaultHttpResponse(decodeResult: success, version: HTTP/1.1)
HTTP/1.1 200 OK
Content-Type: application/json; charset=utf-8
cache-control: no-cache
content-length: 31

20:59:58.544 [AsyncHttpClient-1-5] DEBUG org.asynchttpclient.netty.channel.ChannelManager - Adding key: http://localhost:60812 for channel [id: 0xc31004f0, L:/127.0.0.1:52718 - R:localhost/127.0.0.1:60812]
20:59:58.564 [main] DEBUG net.serenitybdd.core.photography.Darkroom - Opening darkroom
20:59:58.565 [Darkroom Processing Line] DEBUG net.serenitybdd.core.photography.DarkroomProcessingLine - Darkroom processing line starting up
20:59:58.566 [Forwarding screenshot on session 26d4952fffa259563e30b161246cfe0f to remote] DEBUG org.asynchttpclient.netty.request.NettyRequestSender - Using pooled Channel '[id: 0xc31004f0, L:/127.0.0.1:52718 - R:localhost/127.0.0.1:60812]' for 'GET' to 'http://localhost:60812/session/26d4952fffa259563e30b161246cfe0f/screenshot'
20:59:58.566 [Forwarding screenshot on session 26d4952fffa259563e30b161246cfe0f to remote] DEBUG org.asynchttpclient.netty.request.NettyRequestSender - Using open Channel [id: 0xc31004f0, L:/127.0.0.1:52718 - R:localhost/127.0.0.1:60812] for GET '/session/26d4952fffa259563e30b161246cfe0f/screenshot'
20:59:58.855 [AsyncHttpClient-1-5] DEBUG org.asynchttpclient.netty.handler.HttpHandler - 

Request DefaultFullHttpRequest(decodeResult: success, version: HTTP/1.1, content: EmptyByteBufBE)
GET /session/26d4952fffa259563e30b161246cfe0f/screenshot HTTP/1.1
User-Agent: selenium/4.1.2 (java windows)
Cache-Control: no-cache
Content-Type: application/json; charset=utf-8
host: localhost:60812
accept: */*

Response DefaultHttpResponse(decodeResult: success, version: HTTP/1.1)
HTTP/1.1 200 OK
Content-Type: application/json; charset=utf-8
cache-control: no-cache
content-length: 32748

20:59:58.856 [AsyncHttpClient-1-5] DEBUG org.asynchttpclient.netty.channel.ChannelManager - Adding key: http://localhost:60812 for channel [id: 0xc31004f0, L:/127.0.0.1:52718 - R:localhost/127.0.0.1:60812]
20:59:58.865 [main] DEBUG net.serenitybdd.core.photography.Darkroom - Send negative for processing for target\site\serenity\a75e275d7d1273726b7a68735f805f30b7e47fe26749b4084e9e10b5fc12a647.png
20:59:58.865 [main] DEBUG net.thucydides.core.steps.StepInterceptor - STEP DONE: openPage
20:59:58.866 [Darkroom Processing Line] DEBUG net.serenitybdd.core.photography.DarkroomProcessingLine - Processing screenshot image in /var/screenshots/screenshot-2419522603957995546
20:59:58.866 [Darkroom Processing Line] DEBUG net.serenitybdd.core.photography.DarkroomProcessingLine - Saving screenshot to target\site\serenity\a75e275d7d1273726b7a68735f805f30b7e47fe26749b4084e9e10b5fc12a647.png
20:59:58.889 [main] DEBUG net.thucydides.core.steps.StepInterceptor - STARTING STEP: LoginSteps.onLoginPage - clickLoginIcon
20:59:58.910 [Forwarding findElement on session 26d4952fffa259563e30b161246cfe0f to remote] DEBUG org.asynchttpclient.netty.request.NettyRequestSender - Using pooled Channel '[id: 0xc31004f0, L:/127.0.0.1:52718 - R:localhost/127.0.0.1:60812]' for 'POST' to 'http://localhost:60812/session/26d4952fffa259563e30b161246cfe0f/element'
20:59:58.915 [Forwarding findElement on session 26d4952fffa259563e30b161246cfe0f to remote] DEBUG org.asynchttpclient.netty.request.NettyRequestSender - Using open Channel [id: 0xc31004f0, L:/127.0.0.1:52718 - R:localhost/127.0.0.1:60812] for POST '/session/26d4952fffa259563e30b161246cfe0f/element'
20:59:58.945 [AsyncHttpClient-1-5] DEBUG org.asynchttpclient.netty.handler.HttpHandler - 

Request DefaultHttpRequest(decodeResult: success, version: HTTP/1.1)
POST /session/26d4952fffa259563e30b161246cfe0f/element HTTP/1.1
User-Agent: selenium/4.1.2 (java windows)
Content-Length: 129
Content-Type: application/json; charset=utf-8
host: localhost:60812
accept: */*

Response DefaultHttpResponse(decodeResult: success, version: HTTP/1.1)
HTTP/1.1 200 OK
Content-Type: application/json; charset=utf-8
cache-control: no-cache
content-length: 88

20:59:58.945 [AsyncHttpClient-1-5] DEBUG org.asynchttpclient.netty.channel.ChannelManager - Adding key: http://localhost:60812 for channel [id: 0xc31004f0, L:/127.0.0.1:52718 - R:localhost/127.0.0.1:60812]
20:59:58.948 [Forwarding getElementTagName on session 26d4952fffa259563e30b161246cfe0f to remote] DEBUG org.asynchttpclient.netty.request.NettyRequestSender - Using pooled Channel '[id: 0xc31004f0, L:/127.0.0.1:52718 - R:localhost/127.0.0.1:60812]' for 'GET' to 'http://localhost:60812/session/26d4952fffa259563e30b161246cfe0f/element/49539534-e934-4d38-b3e6-519e173ad03f/name'
20:59:58.948 [Forwarding getElementTagName on session 26d4952fffa259563e30b161246cfe0f to remote] DEBUG org.asynchttpclient.netty.request.NettyRequestSender - Using open Channel [id: 0xc31004f0, L:/127.0.0.1:52718 - R:localhost/127.0.0.1:60812] for GET '/session/26d4952fffa259563e30b161246cfe0f/element/49539534-e934-4d38-b3e6-519e173ad03f/name'
20:59:58.959 [AsyncHttpClient-1-5] DEBUG org.asynchttpclient.netty.handler.HttpHandler - 

Request DefaultFullHttpRequest(decodeResult: success, version: HTTP/1.1, content: EmptyByteBufBE)
GET /session/26d4952fffa259563e30b161246cfe0f/element/49539534-e934-4d38-b3e6-519e173ad03f/name HTTP/1.1
User-Agent: selenium/4.1.2 (java windows)
Cache-Control: no-cache
Content-Type: application/json; charset=utf-8
host: localhost:60812
accept: */*

Response DefaultHttpResponse(decodeResult: success, version: HTTP/1.1)
HTTP/1.1 200 OK
Content-Type: application/json; charset=utf-8
cache-control: no-cache
content-length: 18

20:59:58.959 [AsyncHttpClient-1-5] DEBUG org.asynchttpclient.netty.channel.ChannelManager - Adding key: http://localhost:60812 for channel [id: 0xc31004f0, L:/127.0.0.1:52718 - R:localhost/127.0.0.1:60812]
20:59:58.963 [Forwarding getElementTagName on session 26d4952fffa259563e30b161246cfe0f to remote] DEBUG org.asynchttpclient.netty.request.NettyRequestSender - Using pooled Channel '[id: 0xc31004f0, L:/127.0.0.1:52718 - R:localhost/127.0.0.1:60812]' for 'GET' to 'http://localhost:60812/session/26d4952fffa259563e30b161246cfe0f/element/49539534-e934-4d38-b3e6-519e173ad03f/name'
20:59:58.963 [Forwarding getElementTagName on session 26d4952fffa259563e30b161246cfe0f to remote] DEBUG org.asynchttpclient.netty.request.NettyRequestSender - Using open Channel [id: 0xc31004f0, L:/127.0.0.1:52718 - R:localhost/127.0.0.1:60812] for GET '/session/26d4952fffa259563e30b161246cfe0f/element/49539534-e934-4d38-b3e6-519e173ad03f/name'
20:59:58.970 [AsyncHttpClient-1-5] DEBUG org.asynchttpclient.netty.handler.HttpHandler - 

Request DefaultFullHttpRequest(decodeResult: success, version: HTTP/1.1, content: EmptyByteBufBE)
GET /session/26d4952fffa259563e30b161246cfe0f/element/49539534-e934-4d38-b3e6-519e173ad03f/name HTTP/1.1
User-Agent: selenium/4.1.2 (java windows)
Cache-Control: no-cache
Content-Type: application/json; charset=utf-8
host: localhost:60812
accept: */*

Response DefaultHttpResponse(decodeResult: success, version: HTTP/1.1)
HTTP/1.1 200 OK
Content-Type: application/json; charset=utf-8
cache-control: no-cache
content-length: 18

20:59:58.970 [AsyncHttpClient-1-5] DEBUG org.asynchttpclient.netty.channel.ChannelManager - Adding key: http://localhost:60812 for channel [id: 0xc31004f0, L:/127.0.0.1:52718 - R:localhost/127.0.0.1:60812]
20:59:58.980 [Forwarding isElementEnabled on session 26d4952fffa259563e30b161246cfe0f to remote] DEBUG org.asynchttpclient.netty.request.NettyRequestSender - Using pooled Channel '[id: 0xc31004f0, L:/127.0.0.1:52718 - R:localhost/127.0.0.1:60812]' for 'GET' to 'http://localhost:60812/session/26d4952fffa259563e30b161246cfe0f/element/49539534-e934-4d38-b3e6-519e173ad03f/enabled'
20:59:58.980 [Forwarding isElementEnabled on session 26d4952fffa259563e30b161246cfe0f to remote] DEBUG org.asynchttpclient.netty.request.NettyRequestSender - Using open Channel [id: 0xc31004f0, L:/127.0.0.1:52718 - R:localhost/127.0.0.1:60812] for GET '/session/26d4952fffa259563e30b161246cfe0f/element/49539534-e934-4d38-b3e6-519e173ad03f/enabled'
20:59:58.992 [AsyncHttpClient-1-5] DEBUG org.asynchttpclient.netty.handler.HttpHandler - 

Request DefaultFullHttpRequest(decodeResult: success, version: HTTP/1.1, content: EmptyByteBufBE)
GET /session/26d4952fffa259563e30b161246cfe0f/element/49539534-e934-4d38-b3e6-519e173ad03f/enabled HTTP/1.1
User-Agent: selenium/4.1.2 (java windows)
Cache-Control: no-cache
Content-Type: application/json; charset=utf-8
host: localhost:60812
accept: */*

Response DefaultHttpResponse(decodeResult: success, version: HTTP/1.1)
HTTP/1.1 200 OK
Content-Type: application/json; charset=utf-8
cache-control: no-cache
content-length: 14

20:59:58.993 [AsyncHttpClient-1-5] DEBUG org.asynchttpclient.netty.channel.ChannelManager - Adding key: http://localhost:60812 for channel [id: 0xc31004f0, L:/127.0.0.1:52718 - R:localhost/127.0.0.1:60812]
20:59:58.997 [Forwarding isElementEnabled on session 26d4952fffa259563e30b161246cfe0f to remote] DEBUG org.asynchttpclient.netty.request.NettyRequestSender - Using pooled Channel '[id: 0xc31004f0, L:/127.0.0.1:52718 - R:localhost/127.0.0.1:60812]' for 'GET' to 'http://localhost:60812/session/26d4952fffa259563e30b161246cfe0f/element/49539534-e934-4d38-b3e6-519e173ad03f/enabled'
20:59:58.998 [Forwarding isElementEnabled on session 26d4952fffa259563e30b161246cfe0f to remote] DEBUG org.asynchttpclient.netty.request.NettyRequestSender - Using open Channel [id: 0xc31004f0, L:/127.0.0.1:52718 - R:localhost/127.0.0.1:60812] for GET '/session/26d4952fffa259563e30b161246cfe0f/element/49539534-e934-4d38-b3e6-519e173ad03f/enabled'
20:59:59.005 [AsyncHttpClient-1-1] DEBUG org.asynchttpclient.netty.channel.DefaultChannelPool - Entry count for : http://localhost:52719 : 1
20:59:59.009 [AsyncHttpClient-1-5] DEBUG org.asynchttpclient.netty.handler.HttpHandler - 

Request DefaultFullHttpRequest(decodeResult: success, version: HTTP/1.1, content: EmptyByteBufBE)
GET /session/26d4952fffa259563e30b161246cfe0f/element/49539534-e934-4d38-b3e6-519e173ad03f/enabled HTTP/1.1
User-Agent: selenium/4.1.2 (java windows)
Cache-Control: no-cache
Content-Type: application/json; charset=utf-8
host: localhost:60812
accept: */*

Response DefaultHttpResponse(decodeResult: success, version: HTTP/1.1)
HTTP/1.1 200 OK
Content-Type: application/json; charset=utf-8
cache-control: no-cache
content-length: 14

20:59:59.009 [AsyncHttpClient-1-5] DEBUG org.asynchttpclient.netty.channel.ChannelManager - Adding key: http://localhost:60812 for channel [id: 0xc31004f0, L:/127.0.0.1:52718 - R:localhost/127.0.0.1:60812]
20:59:59.020 [Forwarding findElement on session 26d4952fffa259563e30b161246cfe0f to remote] DEBUG org.asynchttpclient.netty.request.NettyRequestSender - Using pooled Channel '[id: 0xc31004f0, L:/127.0.0.1:52718 - R:localhost/127.0.0.1:60812]' for 'POST' to 'http://localhost:60812/session/26d4952fffa259563e30b161246cfe0f/element'
20:59:59.020 [Forwarding findElement on session 26d4952fffa259563e30b161246cfe0f to remote] DEBUG org.asynchttpclient.netty.request.NettyRequestSender - Using open Channel [id: 0xc31004f0, L:/127.0.0.1:52718 - R:localhost/127.0.0.1:60812] for POST '/session/26d4952fffa259563e30b161246cfe0f/element'
21:00:00.094 [AsyncHttpClient-1-1] DEBUG org.asynchttpclient.netty.channel.DefaultChannelPool - Entry count for : http://localhost:52719 : 1
21:00:01.199 [AsyncHttpClient-1-1] DEBUG org.asynchttpclient.netty.channel.DefaultChannelPool - Entry count for : http://localhost:52719 : 1
21:00:02.296 [AsyncHttpClient-1-1] DEBUG org.asynchttpclient.netty.channel.DefaultChannelPool - Entry count for : http://localhost:52719 : 1
21:00:03.393 [AsyncHttpClient-1-1] DEBUG org.asynchttpclient.netty.channel.DefaultChannelPool - Entry count for : http://localhost:52719 : 1
21:00:04.454 [AsyncHttpClient-1-5] DEBUG org.asynchttpclient.netty.handler.HttpHandler - 

Request DefaultHttpRequest(decodeResult: success, version: HTTP/1.1)
POST /session/26d4952fffa259563e30b161246cfe0f/element HTTP/1.1
User-Agent: selenium/4.1.2 (java windows)
Content-Length: 129
Content-Type: application/json; charset=utf-8
host: localhost:60812
accept: */*

Response DefaultHttpResponse(decodeResult: success, version: HTTP/1.1)
HTTP/1.1 200 OK
Content-Type: application/json; charset=utf-8
cache-control: no-cache
content-length: 88

21:00:04.455 [AsyncHttpClient-1-5] DEBUG org.asynchttpclient.netty.channel.ChannelManager - Adding key: http://localhost:60812 for channel [id: 0xc31004f0, L:/127.0.0.1:52718 - R:localhost/127.0.0.1:60812]
21:00:04.468 [Forwarding clickElement on session 26d4952fffa259563e30b161246cfe0f to remote] DEBUG org.asynchttpclient.netty.request.NettyRequestSender - Using pooled Channel '[id: 0xc31004f0, L:/127.0.0.1:52718 - R:localhost/127.0.0.1:60812]' for 'POST' to 'http://localhost:60812/session/26d4952fffa259563e30b161246cfe0f/element/49539534-e934-4d38-b3e6-519e173ad03f/click'
21:00:04.468 [Forwarding clickElement on session 26d4952fffa259563e30b161246cfe0f to remote] DEBUG org.asynchttpclient.netty.request.NettyRequestSender - Using open Channel [id: 0xc31004f0, L:/127.0.0.1:52718 - R:localhost/127.0.0.1:60812] for POST '/session/26d4952fffa259563e30b161246cfe0f/element/49539534-e934-4d38-b3e6-519e173ad03f/click'
21:00:04.592 [AsyncHttpClient-1-1] DEBUG org.asynchttpclient.netty.channel.DefaultChannelPool - Entry count for : http://localhost:52719 : 1
21:00:04.873 [AsyncHttpClient-1-5] DEBUG org.asynchttpclient.netty.handler.HttpHandler - 

Request DefaultHttpRequest(decodeResult: success, version: HTTP/1.1)
POST /session/26d4952fffa259563e30b161246cfe0f/element/49539534-e934-4d38-b3e6-519e173ad03f/click HTTP/1.1
User-Agent: selenium/4.1.2 (java windows)
Content-Length: 50
Content-Type: application/json; charset=utf-8
host: localhost:60812
accept: */*

Response DefaultHttpResponse(decodeResult: success, version: HTTP/1.1)
HTTP/1.1 200 OK
Content-Type: application/json; charset=utf-8
cache-control: no-cache
content-length: 14

21:00:04.873 [AsyncHttpClient-1-5] DEBUG org.asynchttpclient.netty.channel.ChannelManager - Adding key: http://localhost:60812 for channel [id: 0xc31004f0, L:/127.0.0.1:52718 - R:localhost/127.0.0.1:60812]
21:00:04.894 [Forwarding screenshot on session 26d4952fffa259563e30b161246cfe0f to remote] DEBUG org.asynchttpclient.netty.request.NettyRequestSender - Using pooled Channel '[id: 0xc31004f0, L:/127.0.0.1:52718 - R:localhost/127.0.0.1:60812]' for 'GET' to 'http://localhost:60812/session/26d4952fffa259563e30b161246cfe0f/screenshot'
21:00:04.894 [Forwarding screenshot on session 26d4952fffa259563e30b161246cfe0f to remote] DEBUG org.asynchttpclient.netty.request.NettyRequestSender - Using open Channel [id: 0xc31004f0, L:/127.0.0.1:52718 - R:localhost/127.0.0.1:60812] for GET '/session/26d4952fffa259563e30b161246cfe0f/screenshot'
21:00:05.387 [AsyncHttpClient-1-5] DEBUG org.asynchttpclient.netty.handler.HttpHandler - 

Request DefaultFullHttpRequest(decodeResult: success, version: HTTP/1.1, content: EmptyByteBufBE)
GET /session/26d4952fffa259563e30b161246cfe0f/screenshot HTTP/1.1
User-Agent: selenium/4.1.2 (java windows)
Cache-Control: no-cache
Content-Type: application/json; charset=utf-8
host: localhost:60812
accept: */*

Response DefaultHttpResponse(decodeResult: success, version: HTTP/1.1)
HTTP/1.1 200 OK
Content-Type: application/json; charset=utf-8
cache-control: no-cache
content-length: 26636

21:00:05.388 [AsyncHttpClient-1-5] DEBUG org.asynchttpclient.netty.channel.ChannelManager - Adding key: http://localhost:60812 for channel [id: 0xc31004f0, L:/127.0.0.1:52718 - R:localhost/127.0.0.1:60812]
21:00:05.392 [main] DEBUG net.serenitybdd.core.photography.Darkroom - Send negative for processing for target\site\serenity\a858c04a38cd62c7c679ca86fc9e39cc64df5cb0a3dfa8fa06e7e3b6b2aa1244.png
21:00:05.393 [main] DEBUG net.thucydides.core.steps.StepInterceptor - STEP DONE: clickLoginIcon
  &amp#27;[32mGiven &amp#27;[0m&amp#27;[32mi am on the login page&amp#27;[0m                    &amp#27;[90m# starter.stepdefenitions.LoginSteps.onLoginPage()&amp#27;[0m
21:00:05.393 [Darkroom Processing Line] DEBUG net.serenitybdd.core.photography.DarkroomProcessingLine - Processing screenshot image in /var/screenshots/screenshot-3466281461637287064
21:00:05.393 [Darkroom Processing Line] DEBUG net.serenitybdd.core.photography.DarkroomProcessingLine - Saving screenshot to target\site\serenity\a858c04a38cd62c7c679ca86fc9e39cc64df5cb0a3dfa8fa06e7e3b6b2aa1244.png
21:00:05.416 [main] DEBUG net.thucydides.core.steps.StepInterceptor - STARTING STEP: LoginSteps.inputValidEmail - inputEmail
21:00:05.420 [Forwarding findElement on session 26d4952fffa259563e30b161246cfe0f to remote] DEBUG org.asynchttpclient.netty.request.NettyRequestSender - Using pooled Channel '[id: 0xc31004f0, L:/127.0.0.1:52718 - R:localhost/127.0.0.1:60812]' for 'POST' to 'http://localhost:60812/session/26d4952fffa259563e30b161246cfe0f/element'
21:00:05.420 [Forwarding findElement on session 26d4952fffa259563e30b161246cfe0f to remote] DEBUG org.asynchttpclient.netty.request.NettyRequestSender - Using open Channel [id: 0xc31004f0, L:/127.0.0.1:52718 - R:localhost/127.0.0.1:60812] for POST '/session/26d4952fffa259563e30b161246cfe0f/element'
21:00:05.438 [AsyncHttpClient-1-5] DEBUG org.asynchttpclient.netty.handler.HttpHandler - 

Request DefaultHttpRequest(decodeResult: success, version: HTTP/1.1)
POST /session/26d4952fffa259563e30b161246cfe0f/element HTTP/1.1
User-Agent: selenium/4.1.2 (java windows)
Content-Length: 110
Content-Type: application/json; charset=utf-8
host: localhost:60812
accept: */*

Response DefaultHttpResponse(decodeResult: success, version: HTTP/1.1)
HTTP/1.1 200 OK
Content-Type: application/json; charset=utf-8
cache-control: no-cache
content-length: 88

21:00:05.438 [AsyncHttpClient-1-5] DEBUG org.asynchttpclient.netty.channel.ChannelManager - Adding key: http://localhost:60812 for channel [id: 0xc31004f0, L:/127.0.0.1:52718 - R:localhost/127.0.0.1:60812]
21:00:05.441 [Forwarding clearElement on session 26d4952fffa259563e30b161246cfe0f to remote] DEBUG org.asynchttpclient.netty.request.NettyRequestSender - Using pooled Channel '[id: 0xc31004f0, L:/127.0.0.1:52718 - R:localhost/127.0.0.1:60812]' for 'POST' to 'http://localhost:60812/session/26d4952fffa259563e30b161246cfe0f/element/403b4abf-607d-4063-8d37-3f1e7dcdc0a2/clear'
21:00:05.441 [Forwarding clearElement on session 26d4952fffa259563e30b161246cfe0f to remote] DEBUG org.asynchttpclient.netty.request.NettyRequestSender - Using open Channel [id: 0xc31004f0, L:/127.0.0.1:52718 - R:localhost/127.0.0.1:60812] for POST '/session/26d4952fffa259563e30b161246cfe0f/element/403b4abf-607d-4063-8d37-3f1e7dcdc0a2/clear'
21:00:05.490 [AsyncHttpClient-1-5] DEBUG org.asynchttpclient.netty.handler.HttpHandler - 

Request DefaultHttpRequest(decodeResult: success, version: HTTP/1.1)
POST /session/26d4952fffa259563e30b161246cfe0f/element/403b4abf-607d-4063-8d37-3f1e7dcdc0a2/clear HTTP/1.1
User-Agent: selenium/4.1.2 (java windows)
Content-Length: 50
Content-Type: application/json; charset=utf-8
host: localhost:60812
accept: */*

Response DefaultHttpResponse(decodeResult: success, version: HTTP/1.1)
HTTP/1.1 200 OK
Content-Type: application/json; charset=utf-8
cache-control: no-cache
content-length: 14

21:00:05.490 [AsyncHttpClient-1-5] DEBUG org.asynchttpclient.netty.channel.ChannelManager - Adding key: http://localhost:60812 for channel [id: 0xc31004f0, L:/127.0.0.1:52718 - R:localhost/127.0.0.1:60812]
21:00:05.496 [Forwarding sendKeysToElement on session 26d4952fffa259563e30b161246cfe0f to remote] DEBUG org.asynchttpclient.netty.request.NettyRequestSender - Using pooled Channel '[id: 0xc31004f0, L:/127.0.0.1:52718 - R:localhost/127.0.0.1:60812]' for 'POST' to 'http://localhost:60812/session/26d4952fffa259563e30b161246cfe0f/element/403b4abf-607d-4063-8d37-3f1e7dcdc0a2/value'
21:00:05.497 [Forwarding sendKeysToElement on session 26d4952fffa259563e30b161246cfe0f to remote] DEBUG org.asynchttpclient.netty.request.NettyRequestSender - Using open Channel [id: 0xc31004f0, L:/127.0.0.1:52718 - R:localhost/127.0.0.1:60812] for POST '/session/26d4952fffa259563e30b161246cfe0f/element/403b4abf-607d-4063-8d37-3f1e7dcdc0a2/value'
21:00:05.594 [AsyncHttpClient-1-1] DEBUG org.asynchttpclient.netty.channel.DefaultChannelPool - Entry count for : http://localhost:52719 : 1
21:00:05.715 [AsyncHttpClient-1-5] DEBUG org.asynchttpclient.netty.handler.HttpHandler - 

Request DefaultHttpRequest(decodeResult: success, version: HTTP/1.1)
POST /session/26d4952fffa259563e30b161246cfe0f/element/403b4abf-607d-4063-8d37-3f1e7dcdc0a2/value HTTP/1.1
User-Agent: selenium/4.1.2 (java windows)
Content-Length: 231
Content-Type: application/json; charset=utf-8
host: localhost:60812
accept: */*

Response DefaultHttpResponse(decodeResult: success, version: HTTP/1.1)
HTTP/1.1 200 OK
Content-Type: application/json; charset=utf-8
cache-control: no-cache
content-length: 14

21:00:05.716 [AsyncHttpClient-1-5] DEBUG org.asynchttpclient.netty.channel.ChannelManager - Adding key: http://localhost:60812 for channel [id: 0xc31004f0, L:/127.0.0.1:52718 - R:localhost/127.0.0.1:60812]
21:00:05.727 [Forwarding screenshot on session 26d4952fffa259563e30b161246cfe0f to remote] DEBUG org.asynchttpclient.netty.request.NettyRequestSender - Using pooled Channel '[id: 0xc31004f0, L:/127.0.0.1:52718 - R:localhost/127.0.0.1:60812]' for 'GET' to 'http://localhost:60812/session/26d4952fffa259563e30b161246cfe0f/screenshot'
21:00:05.727 [Forwarding screenshot on session 26d4952fffa259563e30b161246cfe0f to remote] DEBUG org.asynchttpclient.netty.request.NettyRequestSender - Using open Channel [id: 0xc31004f0, L:/127.0.0.1:52718 - R:localhost/127.0.0.1:60812] for GET '/session/26d4952fffa259563e30b161246cfe0f/screenshot'
21:00:05.906 [AsyncHttpClient-1-5] DEBUG org.asynchttpclient.netty.handler.HttpHandler - 

Request DefaultFullHttpRequest(decodeResult: success, version: HTTP/1.1, content: EmptyByteBufBE)
GET /session/26d4952fffa259563e30b161246cfe0f/screenshot HTTP/1.1
User-Agent: selenium/4.1.2 (java windows)
Cache-Control: no-cache
Content-Type: application/json; charset=utf-8
host: localhost:60812
accept: */*

Response DefaultHttpResponse(decodeResult: success, version: HTTP/1.1)
HTTP/1.1 200 OK
Content-Type: application/json; charset=utf-8
cache-control: no-cache
content-length: 30304

21:00:05.907 [AsyncHttpClient-1-5] DEBUG org.asynchttpclient.netty.channel.ChannelManager - Adding key: http://localhost:60812 for channel [id: 0xc31004f0, L:/127.0.0.1:52718 - R:localhost/127.0.0.1:60812]
21:00:05.910 [main] DEBUG net.serenitybdd.core.photography.Darkroom - Send negative for processing for target\site\serenity\e87c8ae58fd79f4fcbb9ee1ff537ca53885e256274ac0a66e3e299bfcf9aba20.png
21:00:05.910 [main] DEBUG net.thucydides.core.steps.StepInterceptor - STEP DONE: inputEmail
21:00:05.910 [Darkroom Processing Line] DEBUG net.serenitybdd.core.photography.DarkroomProcessingLine - Processing screenshot image in /var/screenshots/screenshot-1998410749467487051
21:00:05.910 [Darkroom Processing Line] DEBUG net.serenitybdd.core.photography.DarkroomProcessingLine - Saving screenshot to target\site\serenity\e87c8ae58fd79f4fcbb9ee1ff537ca53885e256274ac0a66e3e299bfcf9aba20.png
  &amp#27;[32mWhen &amp#27;[0m&amp#27;[32mi input valid email&amp#27;[0m                        &amp#27;[90m# starter.stepdefenitions.LoginSteps.inputValidEmail()&amp#27;[0m
21:00:05.940 [main] DEBUG net.thucydides.core.steps.StepInterceptor - STARTING STEP: LoginSteps.inputValidPassword - inputPassword
21:00:05.944 [Forwarding findElement on session 26d4952fffa259563e30b161246cfe0f to remote] DEBUG org.asynchttpclient.netty.request.NettyRequestSender - Using pooled Channel '[id: 0xc31004f0, L:/127.0.0.1:52718 - R:localhost/127.0.0.1:60812]' for 'POST' to 'http://localhost:60812/session/26d4952fffa259563e30b161246cfe0f/element'
21:00:05.944 [Forwarding findElement on session 26d4952fffa259563e30b161246cfe0f to remote] DEBUG org.asynchttpclient.netty.request.NettyRequestSender - Using open Channel [id: 0xc31004f0, L:/127.0.0.1:52718 - R:localhost/127.0.0.1:60812] for POST '/session/26d4952fffa259563e30b161246cfe0f/element'
21:00:05.963 [AsyncHttpClient-1-5] DEBUG org.asynchttpclient.netty.handler.HttpHandler - 

Request DefaultHttpRequest(decodeResult: success, version: HTTP/1.1)
POST /session/26d4952fffa259563e30b161246cfe0f/element HTTP/1.1
User-Agent: selenium/4.1.2 (java windows)
Content-Length: 113
Content-Type: application/json; charset=utf-8
host: localhost:60812
accept: */*

Response DefaultHttpResponse(decodeResult: success, version: HTTP/1.1)
HTTP/1.1 200 OK
Content-Type: application/json; charset=utf-8
cache-control: no-cache
content-length: 88

21:00:05.963 [AsyncHttpClient-1-5] DEBUG org.asynchttpclient.netty.channel.ChannelManager - Adding key: http://localhost:60812 for channel [id: 0xc31004f0, L:/127.0.0.1:52718 - R:localhost/127.0.0.1:60812]
21:00:05.965 [Forwarding clearElement on session 26d4952fffa259563e30b161246cfe0f to remote] DEBUG org.asynchttpclient.netty.request.NettyRequestSender - Using pooled Channel '[id: 0xc31004f0, L:/127.0.0.1:52718 - R:localhost/127.0.0.1:60812]' for 'POST' to 'http://localhost:60812/session/26d4952fffa259563e30b161246cfe0f/element/50fa42c4-d4a5-4ece-8515-5bab98fe1aac/clear'
21:00:05.966 [Forwarding clearElement on session 26d4952fffa259563e30b161246cfe0f to remote] DEBUG org.asynchttpclient.netty.request.NettyRequestSender - Using open Channel [id: 0xc31004f0, L:/127.0.0.1:52718 - R:localhost/127.0.0.1:60812] for POST '/session/26d4952fffa259563e30b161246cfe0f/element/50fa42c4-d4a5-4ece-8515-5bab98fe1aac/clear'
21:00:06.011 [AsyncHttpClient-1-5] DEBUG org.asynchttpclient.netty.handler.HttpHandler - 

Request DefaultHttpRequest(decodeResult: success, version: HTTP/1.1)
POST /session/26d4952fffa259563e30b161246cfe0f/element/50fa42c4-d4a5-4ece-8515-5bab98fe1aac/clear HTTP/1.1
User-Agent: selenium/4.1.2 (java windows)
Content-Length: 50
Content-Type: application/json; charset=utf-8
host: localhost:60812
accept: */*

Response DefaultHttpResponse(decodeResult: success, version: HTTP/1.1)
HTTP/1.1 200 OK
Content-Type: application/json; charset=utf-8
cache-control: no-cache
content-length: 14

21:00:06.011 [AsyncHttpClient-1-5] DEBUG org.asynchttpclient.netty.channel.ChannelManager - Adding key: http://localhost:60812 for channel [id: 0xc31004f0, L:/127.0.0.1:52718 - R:localhost/127.0.0.1:60812]
21:00:06.014 [Forwarding sendKeysToElement on session 26d4952fffa259563e30b161246cfe0f to remote] DEBUG org.asynchttpclient.netty.request.NettyRequestSender - Using pooled Channel '[id: 0xc31004f0, L:/127.0.0.1:52718 - R:localhost/127.0.0.1:60812]' for 'POST' to 'http://localhost:60812/session/26d4952fffa259563e30b161246cfe0f/element/50fa42c4-d4a5-4ece-8515-5bab98fe1aac/value'
21:00:06.014 [Forwarding sendKeysToElement on session 26d4952fffa259563e30b161246cfe0f to remote] DEBUG org.asynchttpclient.netty.request.NettyRequestSender - Using open Channel [id: 0xc31004f0, L:/127.0.0.1:52718 - R:localhost/127.0.0.1:60812] for POST '/session/26d4952fffa259563e30b161246cfe0f/element/50fa42c4-d4a5-4ece-8515-5bab98fe1aac/value'
21:00:06.105 [AsyncHttpClient-1-5] DEBUG org.asynchttpclient.netty.handler.HttpHandler - 

Request DefaultHttpRequest(decodeResult: success, version: HTTP/1.1)
POST /session/26d4952fffa259563e30b161246cfe0f/element/50fa42c4-d4a5-4ece-8515-5bab98fe1aac/value HTTP/1.1
User-Agent: selenium/4.1.2 (java windows)
Content-Length: 111
Content-Type: application/json; charset=utf-8
host: localhost:60812
accept: */*

Response DefaultHttpResponse(decodeResult: success, version: HTTP/1.1)
HTTP/1.1 200 OK
Content-Type: application/json; charset=utf-8
cache-control: no-cache
content-length: 14

21:00:06.105 [AsyncHttpClient-1-5] DEBUG org.asynchttpclient.netty.channel.ChannelManager - Adding key: http://localhost:60812 for channel [id: 0xc31004f0, L:/127.0.0.1:52718 - R:localhost/127.0.0.1:60812]
21:00:06.114 [Forwarding screenshot on session 26d4952fffa259563e30b161246cfe0f to remote] DEBUG org.asynchttpclient.netty.request.NettyRequestSender - Using pooled Channel '[id: 0xc31004f0, L:/127.0.0.1:52718 - R:localhost/127.0.0.1:60812]' for 'GET' to 'http://localhost:60812/session/26d4952fffa259563e30b161246cfe0f/screenshot'
21:00:06.116 [Forwarding screenshot on session 26d4952fffa259563e30b161246cfe0f to remote] DEBUG org.asynchttpclient.netty.request.NettyRequestSender - Using open Channel [id: 0xc31004f0, L:/127.0.0.1:52718 - R:localhost/127.0.0.1:60812] for GET '/session/26d4952fffa259563e30b161246cfe0f/screenshot'
21:00:06.389 [AsyncHttpClient-1-5] DEBUG org.asynchttpclient.netty.handler.HttpHandler - 

Request DefaultFullHttpRequest(decodeResult: success, version: HTTP/1.1, content: EmptyByteBufBE)
GET /session/26d4952fffa259563e30b161246cfe0f/screenshot HTTP/1.1
User-Agent: selenium/4.1.2 (java windows)
Cache-Control: no-cache
Content-Type: application/json; charset=utf-8
host: localhost:60812
accept: */*

Response DefaultHttpResponse(decodeResult: success, version: HTTP/1.1)
HTTP/1.1 200 OK
Content-Type: application/json; charset=utf-8
cache-control: no-cache
content-length: 30780

21:00:06.390 [AsyncHttpClient-1-5] DEBUG org.asynchttpclient.netty.channel.ChannelManager - Adding key: http://localhost:60812 for channel [id: 0xc31004f0, L:/127.0.0.1:52718 - R:localhost/127.0.0.1:60812]
21:00:06.394 [main] DEBUG net.serenitybdd.core.photography.Darkroom - Send negative for processing for target\site\serenity\86d2fb4401e04eaf630da76b5706cb2cca6806695a44eb98be4d6cc39888a14c.png
21:00:06.395 [main] DEBUG net.thucydides.core.steps.StepInterceptor - STEP DONE: inputPassword
  &amp#27;[32mAnd &amp#27;[0m&amp#27;[32mi input valid password&amp#27;[0m                      &amp#27;[90m# starter.stepdefenitions.LoginSteps.inputValidPassword()&amp#27;[0m
21:00:06.396 [Darkroom Processing Line] DEBUG net.serenitybdd.core.photography.DarkroomProcessingLine - Processing screenshot image in /var/screenshots/screenshot-2349879839870624131
21:00:06.403 [Darkroom Processing Line] DEBUG net.serenitybdd.core.photography.DarkroomProcessingLine - Saving screenshot to target\site\serenity\86d2fb4401e04eaf630da76b5706cb2cca6806695a44eb98be4d6cc39888a14c.png
21:00:06.427 [main] DEBUG net.thucydides.core.steps.StepInterceptor - STARTING STEP: LoginSteps.clickLoginButton - clickLoginButton
21:00:06.431 [Forwarding findElement on session 26d4952fffa259563e30b161246cfe0f to remote] DEBUG org.asynchttpclient.netty.request.NettyRequestSender - Using pooled Channel '[id: 0xc31004f0, L:/127.0.0.1:52718 - R:localhost/127.0.0.1:60812]' for 'POST' to 'http://localhost:60812/session/26d4952fffa259563e30b161246cfe0f/element'
21:00:06.431 [Forwarding findElement on session 26d4952fffa259563e30b161246cfe0f to remote] DEBUG org.asynchttpclient.netty.request.NettyRequestSender - Using open Channel [id: 0xc31004f0, L:/127.0.0.1:52718 - R:localhost/127.0.0.1:60812] for POST '/session/26d4952fffa259563e30b161246cfe0f/element'
21:00:06.447 [AsyncHttpClient-1-5] DEBUG org.asynchttpclient.netty.handler.HttpHandler - 

Request DefaultHttpRequest(decodeResult: success, version: HTTP/1.1)
POST /session/26d4952fffa259563e30b161246cfe0f/element HTTP/1.1
User-Agent: selenium/4.1.2 (java windows)
Content-Length: 83
Content-Type: application/json; charset=utf-8
host: localhost:60812
accept: */*

Response DefaultHttpResponse(decodeResult: success, version: HTTP/1.1)
HTTP/1.1 200 OK
Content-Type: application/json; charset=utf-8
cache-control: no-cache
content-length: 88

21:00:06.448 [AsyncHttpClient-1-5] DEBUG org.asynchttpclient.netty.channel.ChannelManager - Adding key: http://localhost:60812 for channel [id: 0xc31004f0, L:/127.0.0.1:52718 - R:localhost/127.0.0.1:60812]
21:00:06.450 [Forwarding getElementTagName on session 26d4952fffa259563e30b161246cfe0f to remote] DEBUG org.asynchttpclient.netty.request.NettyRequestSender - Using pooled Channel '[id: 0xc31004f0, L:/127.0.0.1:52718 - R:localhost/127.0.0.1:60812]' for 'GET' to 'http://localhost:60812/session/26d4952fffa259563e30b161246cfe0f/element/d547d346-6440-46fd-9303-3cd42843c48d/name'
21:00:06.450 [Forwarding getElementTagName on session 26d4952fffa259563e30b161246cfe0f to remote] DEBUG org.asynchttpclient.netty.request.NettyRequestSender - Using open Channel [id: 0xc31004f0, L:/127.0.0.1:52718 - R:localhost/127.0.0.1:60812] for GET '/session/26d4952fffa259563e30b161246cfe0f/element/d547d346-6440-46fd-9303-3cd42843c48d/name'
21:00:06.455 [AsyncHttpClient-1-5] DEBUG org.asynchttpclient.netty.handler.HttpHandler - 

Request DefaultFullHttpRequest(decodeResult: success, version: HTTP/1.1, content: EmptyByteBufBE)
GET /session/26d4952fffa259563e30b161246cfe0f/element/d547d346-6440-46fd-9303-3cd42843c48d/name HTTP/1.1
User-Agent: selenium/4.1.2 (java windows)
Cache-Control: no-cache
Content-Type: application/json; charset=utf-8
host: localhost:60812
accept: */*

Response DefaultHttpResponse(decodeResult: success, version: HTTP/1.1)
HTTP/1.1 200 OK
Content-Type: application/json; charset=utf-8
cache-control: no-cache
content-length: 16

21:00:06.455 [AsyncHttpClient-1-5] DEBUG org.asynchttpclient.netty.channel.ChannelManager - Adding key: http://localhost:60812 for channel [id: 0xc31004f0, L:/127.0.0.1:52718 - R:localhost/127.0.0.1:60812]
21:00:06.457 [Forwarding getElementTagName on session 26d4952fffa259563e30b161246cfe0f to remote] DEBUG org.asynchttpclient.netty.request.NettyRequestSender - Using pooled Channel '[id: 0xc31004f0, L:/127.0.0.1:52718 - R:localhost/127.0.0.1:60812]' for 'GET' to 'http://localhost:60812/session/26d4952fffa259563e30b161246cfe0f/element/d547d346-6440-46fd-9303-3cd42843c48d/name'
21:00:06.457 [Forwarding getElementTagName on session 26d4952fffa259563e30b161246cfe0f to remote] DEBUG org.asynchttpclient.netty.request.NettyRequestSender - Using open Channel [id: 0xc31004f0, L:/127.0.0.1:52718 - R:localhost/127.0.0.1:60812] for GET '/session/26d4952fffa259563e30b161246cfe0f/element/d547d346-6440-46fd-9303-3cd42843c48d/name'
21:00:06.465 [AsyncHttpClient-1-5] DEBUG org.asynchttpclient.netty.handler.HttpHandler - 

Request DefaultFullHttpRequest(decodeResult: success, version: HTTP/1.1, content: EmptyByteBufBE)
GET /session/26d4952fffa259563e30b161246cfe0f/element/d547d346-6440-46fd-9303-3cd42843c48d/name HTTP/1.1
User-Agent: selenium/4.1.2 (java windows)
Cache-Control: no-cache
Content-Type: application/json; charset=utf-8
host: localhost:60812
accept: */*

Response DefaultHttpResponse(decodeResult: success, version: HTTP/1.1)
HTTP/1.1 200 OK
Content-Type: application/json; charset=utf-8
cache-control: no-cache
content-length: 16

21:00:06.466 [AsyncHttpClient-1-5] DEBUG org.asynchttpclient.netty.channel.ChannelManager - Adding key: http://localhost:60812 for channel [id: 0xc31004f0, L:/127.0.0.1:52718 - R:localhost/127.0.0.1:60812]
21:00:06.468 [Forwarding findElement on session 26d4952fffa259563e30b161246cfe0f to remote] DEBUG org.asynchttpclient.netty.request.NettyRequestSender - Using pooled Channel '[id: 0xc31004f0, L:/127.0.0.1:52718 - R:localhost/127.0.0.1:60812]' for 'POST' to 'http://localhost:60812/session/26d4952fffa259563e30b161246cfe0f/element'
21:00:06.468 [Forwarding findElement on session 26d4952fffa259563e30b161246cfe0f to remote] DEBUG org.asynchttpclient.netty.request.NettyRequestSender - Using open Channel [id: 0xc31004f0, L:/127.0.0.1:52718 - R:localhost/127.0.0.1:60812] for POST '/session/26d4952fffa259563e30b161246cfe0f/element'
21:00:06.476 [AsyncHttpClient-1-5] DEBUG org.asynchttpclient.netty.handler.HttpHandler - 

Request DefaultHttpRequest(decodeResult: success, version: HTTP/1.1)
POST /session/26d4952fffa259563e30b161246cfe0f/element HTTP/1.1
User-Agent: selenium/4.1.2 (java windows)
Content-Length: 83
Content-Type: application/json; charset=utf-8
host: localhost:60812
accept: */*

Response DefaultHttpResponse(decodeResult: success, version: HTTP/1.1)
HTTP/1.1 200 OK
Content-Type: application/json; charset=utf-8
cache-control: no-cache
content-length: 88

21:00:06.476 [AsyncHttpClient-1-5] DEBUG org.asynchttpclient.netty.channel.ChannelManager - Adding key: http://localhost:60812 for channel [id: 0xc31004f0, L:/127.0.0.1:52718 - R:localhost/127.0.0.1:60812]
21:00:06.477 [Forwarding clickElement on session 26d4952fffa259563e30b161246cfe0f to remote] DEBUG org.asynchttpclient.netty.request.NettyRequestSender - Using pooled Channel '[id: 0xc31004f0, L:/127.0.0.1:52718 - R:localhost/127.0.0.1:60812]' for 'POST' to 'http://localhost:60812/session/26d4952fffa259563e30b161246cfe0f/element/d547d346-6440-46fd-9303-3cd42843c48d/click'
21:00:06.478 [Forwarding clickElement on session 26d4952fffa259563e30b161246cfe0f to remote] DEBUG org.asynchttpclient.netty.request.NettyRequestSender - Using open Channel [id: 0xc31004f0, L:/127.0.0.1:52718 - R:localhost/127.0.0.1:60812] for POST '/session/26d4952fffa259563e30b161246cfe0f/element/d547d346-6440-46fd-9303-3cd42843c48d/click'
21:00:06.535 [AsyncHttpClient-1-5] DEBUG org.asynchttpclient.netty.handler.HttpHandler - 

Request DefaultHttpRequest(decodeResult: success, version: HTTP/1.1)
POST /session/26d4952fffa259563e30b161246cfe0f/element/d547d346-6440-46fd-9303-3cd42843c48d/click HTTP/1.1
User-Agent: selenium/4.1.2 (java windows)
Content-Length: 50
Content-Type: application/json; charset=utf-8
host: localhost:60812
accept: */*

Response DefaultHttpResponse(decodeResult: success, version: HTTP/1.1)
HTTP/1.1 200 OK
Content-Type: application/json; charset=utf-8
cache-control: no-cache
content-length: 14

21:00:06.535 [AsyncHttpClient-1-5] DEBUG org.asynchttpclient.netty.channel.ChannelManager - Adding key: http://localhost:60812 for channel [id: 0xc31004f0, L:/127.0.0.1:52718 - R:localhost/127.0.0.1:60812]
21:00:06.545 [Forwarding screenshot on session 26d4952fffa259563e30b161246cfe0f to remote] DEBUG org.asynchttpclient.netty.request.NettyRequestSender - Using pooled Channel '[id: 0xc31004f0, L:/127.0.0.1:52718 - R:localhost/127.0.0.1:60812]' for 'GET' to 'http://localhost:60812/session/26d4952fffa259563e30b161246cfe0f/screenshot'
21:00:06.545 [Forwarding screenshot on session 26d4952fffa259563e30b161246cfe0f to remote] DEBUG org.asynchttpclient.netty.request.NettyRequestSender - Using open Channel [id: 0xc31004f0, L:/127.0.0.1:52718 - R:localhost/127.0.0.1:60812] for GET '/session/26d4952fffa259563e30b161246cfe0f/screenshot'
21:00:06.694 [AsyncHttpClient-1-1] DEBUG org.asynchttpclient.netty.channel.DefaultChannelPool - Entry count for : http://localhost:52719 : 1
21:00:07.794 [AsyncHttpClient-1-1] DEBUG org.asynchttpclient.netty.channel.DefaultChannelPool - Entry count for : http://localhost:52719 : 1
21:00:08.893 [AsyncHttpClient-1-1] DEBUG org.asynchttpclient.netty.channel.DefaultChannelPool - Entry count for : http://localhost:52719 : 1
21:00:09.529 [AsyncHttpClient-1-5] DEBUG org.asynchttpclient.netty.handler.HttpHandler - 

Request DefaultFullHttpRequest(decodeResult: success, version: HTTP/1.1, content: EmptyByteBufBE)
GET /session/26d4952fffa259563e30b161246cfe0f/screenshot HTTP/1.1
User-Agent: selenium/4.1.2 (java windows)
Cache-Control: no-cache
Content-Type: application/json; charset=utf-8
host: localhost:60812
accept: */*

Response DefaultHttpResponse(decodeResult: success, version: HTTP/1.1)
HTTP/1.1 200 OK
Content-Type: application/json; charset=utf-8
cache-control: no-cache
content-length: 30348

21:00:09.530 [AsyncHttpClient-1-5] DEBUG org.asynchttpclient.netty.channel.ChannelManager - Adding key: http://localhost:60812 for channel [id: 0xc31004f0, L:/127.0.0.1:52718 - R:localhost/127.0.0.1:60812]
21:00:09.541 [main] DEBUG net.serenitybdd.core.photography.Darkroom - Send negative for processing for target\site\serenity\0d61e2e39d63945c39c604478fba9b8dc2b6ba3f5a3bc654c8603ab1fbabb30f.png
21:00:09.542 [main] DEBUG net.thucydides.core.steps.StepInterceptor - STEP DONE: clickLoginButton
  &amp#27;[32mAnd &amp#27;[0m&amp#27;[32mi click login button&amp#27;[0m                        &amp#27;[90m# starter.stepdefenitions.LoginSteps.clickLoginButton()&amp#27;[0m
21:00:09.543 [Darkroom Processing Line] DEBUG net.serenitybdd.core.photography.DarkroomProcessingLine - Processing screenshot image in /var/screenshots/screenshot-1155552668098964898
21:00:09.544 [Darkroom Processing Line] DEBUG net.serenitybdd.core.photography.DarkroomProcessingLine - Saving screenshot to target\site\serenity\0d61e2e39d63945c39c604478fba9b8dc2b6ba3f5a3bc654c8603ab1fbabb30f.png
21:00:09.632 [Forwarding screenshot on session 26d4952fffa259563e30b161246cfe0f to remote] DEBUG org.asynchttpclient.netty.request.NettyRequestSender - Using pooled Channel '[id: 0xc31004f0, L:/127.0.0.1:52718 - R:localhost/127.0.0.1:60812]' for 'GET' to 'http://localhost:60812/session/26d4952fffa259563e30b161246cfe0f/screenshot'
21:00:09.633 [Forwarding screenshot on session 26d4952fffa259563e30b161246cfe0f to remote] DEBUG org.asynchttpclient.netty.request.NettyRequestSender - Using open Channel [id: 0xc31004f0, L:/127.0.0.1:52718 - R:localhost/127.0.0.1:60812] for GET '/session/26d4952fffa259563e30b161246cfe0f/screenshot'
21:00:09.995 [AsyncHttpClient-1-1] DEBUG org.asynchttpclient.netty.channel.DefaultChannelPool - Entry count for : http://localhost:52719 : 1
21:00:11.095 [AsyncHttpClient-1-1] DEBUG org.asynchttpclient.netty.channel.DefaultChannelPool - Entry count for : http://localhost:52719 : 1
21:00:12.194 [AsyncHttpClient-1-1] DEBUG org.asynchttpclient.netty.channel.DefaultChannelPool - Entry count for : http://localhost:52719 : 1
21:00:13.294 [AsyncHttpClient-1-1] DEBUG org.asynchttpclient.netty.channel.DefaultChannelPool - Entry count for : http://localhost:52719 : 1
21:00:13.977 [AsyncHttpClient-1-5] DEBUG org.asynchttpclient.netty.handler.HttpHandler - 

Request DefaultFullHttpRequest(decodeResult: success, version: HTTP/1.1, content: EmptyByteBufBE)
GET /session/26d4952fffa259563e30b161246cfe0f/screenshot HTTP/1.1
User-Agent: selenium/4.1.2 (java windows)
Cache-Control: no-cache
Content-Type: application/json; charset=utf-8
host: localhost:60812
accept: */*

Response DefaultHttpResponse(decodeResult: success, version: HTTP/1.1)
HTTP/1.1 200 OK
Content-Type: application/json; charset=utf-8
cache-control: no-cache
content-length: 100160

21:00:13.978 [AsyncHttpClient-1-5] DEBUG org.asynchttpclient.netty.channel.ChannelManager - Adding key: http://localhost:60812 for channel [id: 0xc31004f0, L:/127.0.0.1:52718 - R:localhost/127.0.0.1:60812]
21:00:13.983 [main] DEBUG net.serenitybdd.core.photography.Darkroom - Send negative for processing for target\site\serenity\23d3c2e9acd7587c174cb7881cdcb1a8b3175c68fca7f3b085195365667e169a.png
21:00:13.983 [Darkroom Processing Line] DEBUG net.serenitybdd.core.photography.DarkroomProcessingLine - Processing screenshot image in /var/screenshots/screenshot-4407817974197008983
21:00:13.984 [Darkroom Processing Line] DEBUG net.serenitybdd.core.photography.DarkroomProcessingLine - Saving screenshot to target\site\serenity\23d3c2e9acd7587c174cb7881cdcb1a8b3175c68fca7f3b085195365667e169a.png
21:00:13.984 [main] DEBUG net.thucydides.core.steps.StepInterceptor - STARTING STEP: LoginSteps.successLogin - validationOnHomepage
21:00:13.987 [Forwarding findElement on session 26d4952fffa259563e30b161246cfe0f to remote] DEBUG org.asynchttpclient.netty.request.NettyRequestSender - Using pooled Channel '[id: 0xc31004f0, L:/127.0.0.1:52718 - R:localhost/127.0.0.1:60812]' for 'POST' to 'http://localhost:60812/session/26d4952fffa259563e30b161246cfe0f/element'
21:00:13.987 [Forwarding findElement on session 26d4952fffa259563e30b161246cfe0f to remote] DEBUG org.asynchttpclient.netty.request.NettyRequestSender - Using open Channel [id: 0xc31004f0, L:/127.0.0.1:52718 - R:localhost/127.0.0.1:60812] for POST '/session/26d4952fffa259563e30b161246cfe0f/element'
21:00:13.990 [AsyncHttpClient-1-5] DEBUG org.asynchttpclient.netty.handler.HttpHandler - 

Request DefaultHttpRequest(decodeResult: success, version: HTTP/1.1)
POST /session/26d4952fffa259563e30b161246cfe0f/element HTTP/1.1
User-Agent: selenium/4.1.2 (java windows)
Content-Length: 53
Content-Type: application/json; charset=utf-8
host: localhost:60812
accept: */*

Response DefaultHttpResponse(decodeResult: success, version: HTTP/1.1)
HTTP/1.1 400 Bad Request
Content-Type: application/json; charset=utf-8
cache-control: no-cache
content-length: 957

21:00:13.991 [AsyncHttpClient-1-5] DEBUG org.asynchttpclient.netty.channel.ChannelManager - Adding key: http://localhost:60812 for channel [id: 0xc31004f0, L:/127.0.0.1:52718 - R:localhost/127.0.0.1:60812]
21:00:13.993 [Forwarding findElement on session 26d4952fffa259563e30b161246cfe0f to remote] DEBUG org.asynchttpclient.netty.request.NettyRequestSender - Using pooled Channel '[id: 0xc31004f0, L:/127.0.0.1:52718 - R:localhost/127.0.0.1:60812]' for 'POST' to 'http://localhost:60812/session/26d4952fffa259563e30b161246cfe0f/element'
21:00:13.993 [Forwarding findElement on session 26d4952fffa259563e30b161246cfe0f to remote] DEBUG org.asynchttpclient.netty.request.NettyRequestSender - Using open Channel [id: 0xc31004f0, L:/127.0.0.1:52718 - R:localhost/127.0.0.1:60812] for POST '/session/26d4952fffa259563e30b161246cfe0f/element'
21:00:14.026 [AsyncHttpClient-1-5] DEBUG org.asynchttpclient.netty.handler.HttpHandler - 

Request DefaultHttpRequest(decodeResult: success, version: HTTP/1.1)
POST /session/26d4952fffa259563e30b161246cfe0f/element HTTP/1.1
User-Agent: selenium/4.1.2 (java windows)
Content-Length: 63
Content-Type: application/json; charset=utf-8
host: localhost:60812
accept: */*

Response DefaultHttpResponse(decodeResult: success, version: HTTP/1.1)
HTTP/1.1 200 OK
Content-Type: application/json; charset=utf-8
cache-control: no-cache
content-length: 88

21:00:14.026 [AsyncHttpClient-1-5] DEBUG org.asynchttpclient.netty.channel.ChannelManager - Adding key: http://localhost:60812 for channel [id: 0xc31004f0, L:/127.0.0.1:52718 - R:localhost/127.0.0.1:60812]
21:00:14.031 [Forwarding isElementDisplayed on session 26d4952fffa259563e30b161246cfe0f to remote] DEBUG org.asynchttpclient.netty.request.NettyRequestSender - Using pooled Channel '[id: 0xc31004f0, L:/127.0.0.1:52718 - R:localhost/127.0.0.1:60812]' for 'POST' to 'http://localhost:60812/session/26d4952fffa259563e30b161246cfe0f/execute/sync'
21:00:14.031 [Forwarding isElementDisplayed on session 26d4952fffa259563e30b161246cfe0f to remote] DEBUG org.asynchttpclient.netty.request.NettyRequestSender - Using open Channel [id: 0xc31004f0, L:/127.0.0.1:52718 - R:localhost/127.0.0.1:60812] for POST '/session/26d4952fffa259563e30b161246cfe0f/execute/sync'
21:00:14.055 [AsyncHttpClient-1-5] DEBUG org.asynchttpclient.netty.handler.HttpHandler - 

Request DefaultHttpRequest(decodeResult: success, version: HTTP/1.1)
POST /session/26d4952fffa259563e30b161246cfe0f/execute/sync HTTP/1.1
User-Agent: selenium/4.1.2 (java windows)
Content-Length: 48780
Content-Type: application/json; charset=utf-8
host: localhost:60812
accept: */*

Response DefaultHttpResponse(decodeResult: success, version: HTTP/1.1)
HTTP/1.1 200 OK
Content-Type: application/json; charset=utf-8
cache-control: no-cache
content-length: 14

21:00:14.055 [AsyncHttpClient-1-5] DEBUG org.asynchttpclient.netty.channel.ChannelManager - Adding key: http://localhost:60812 for channel [id: 0xc31004f0, L:/127.0.0.1:52718 - R:localhost/127.0.0.1:60812]
21:00:14.060 [Forwarding screenshot on session 26d4952fffa259563e30b161246cfe0f to remote] DEBUG org.asynchttpclient.netty.request.NettyRequestSender - Using pooled Channel '[id: 0xc31004f0, L:/127.0.0.1:52718 - R:localhost/127.0.0.1:60812]' for 'GET' to 'http://localhost:60812/session/26d4952fffa259563e30b161246cfe0f/screenshot'
21:00:14.060 [Forwarding screenshot on session 26d4952fffa259563e30b161246cfe0f to remote] DEBUG org.asynchttpclient.netty.request.NettyRequestSender - Using open Channel [id: 0xc31004f0, L:/127.0.0.1:52718 - R:localhost/127.0.0.1:60812] for GET '/session/26d4952fffa259563e30b161246cfe0f/screenshot'
21:00:14.236 [AsyncHttpClient-1-5] DEBUG org.asynchttpclient.netty.handler.HttpHandler - 

Request DefaultFullHttpRequest(decodeResult: success, version: HTTP/1.1, content: EmptyByteBufBE)
GET /session/26d4952fffa259563e30b161246cfe0f/screenshot HTTP/1.1
User-Agent: selenium/4.1.2 (java windows)
Cache-Control: no-cache
Content-Type: application/json; charset=utf-8
host: localhost:60812
accept: */*

Response DefaultHttpResponse(decodeResult: success, version: HTTP/1.1)
HTTP/1.1 200 OK
Content-Type: application/json; charset=utf-8
cache-control: no-cache
content-length: 100160

21:00:14.237 [AsyncHttpClient-1-5] DEBUG org.asynchttpclient.netty.channel.ChannelManager - Adding key: http://localhost:60812 for channel [id: 0xc31004f0, L:/127.0.0.1:52718 - R:localhost/127.0.0.1:60812]
21:00:14.245 [main] DEBUG net.serenitybdd.core.photography.Darkroom - Send negative for processing for target\site\serenity\23d3c2e9acd7587c174cb7881cdcb1a8b3175c68fca7f3b085195365667e169a.png
21:00:14.245 [main] DEBUG net.thucydides.core.steps.StepInterceptor - STEP DONE: validationOnHomepage
  &amp#27;[32mThen &amp#27;[0m&amp#27;[32mi success login&amp#27;[0m                            &amp#27;[90m# starter.stepdefenitions.LoginSteps.successLogin()&amp#27;[0m
21:00:14.254 [main] INFO  - 
  _____   ___   ___   _____     ___     _     ___   ___   ___   ___  
 |_   _| | __| / __| |_   _|   | _ \   /_\   / __| / __| | __| |   \ 
   | |   | _|  \__ \   | |     |  _/  / _ \  \__ \ \__ \ | _|  | |) |
   |_|   |___| |___/   |_|     |_|   /_/ \_\ |___/ |___/ |___| |___/ 

As user i have be able to success login
----------------------------------------------------------------------
21:00:14.257 [AsyncHttpClient-1-7] DEBUG org.asynchttpclient.netty.handler.WebSocketHandler - Channel Closed: [id: 0x6bceae64, L:/127.0.0.1:52726 ! R:localhost/127.0.0.1:52719] with attribute NettyResponseFuture{currentRetry=5,
	isDone=1,
	isCancelled=0,
	asyncHandler=org.asynchttpclient.ws.WebSocketUpgradeHandler@6095ae18,
	nettyRequest=org.asynchttpclient.netty.request.NettyRequest@25973c6e,
	future=java.util.concurrent.CompletableFuture@21d5eb31[Completed normally],
	uri=ws://localhost:52719/devtools/browser/a40c5a38-1678-4ef1-b6d4-ad36a5289178,
	keepAlive=true,
	redirectCount=0,
	timeoutsHolder=null,
	inAuth=0,
	touch=1652450396883}
21:00:14.257 [AsyncHttpClient-1-7] DEBUG org.asynchttpclient.netty.channel.ChannelManager - Closing Channel [id: 0x6bceae64, L:/127.0.0.1:52726 ! R:localhost/127.0.0.1:52719] 
21:00:14.258 [Driver Command Executor] DEBUG org.asynchttpclient.netty.request.NettyRequestSender - Using pooled Channel '[id: 0xc31004f0, L:/127.0.0.1:52718 - R:localhost/127.0.0.1:60812]' for 'DELETE' to 'http://localhost:60812/session/26d4952fffa259563e30b161246cfe0f'
21:00:14.258 [Driver Command Executor] DEBUG org.asynchttpclient.netty.request.NettyRequestSender - Using open Channel [id: 0xc31004f0, L:/127.0.0.1:52718 - R:localhost/127.0.0.1:60812] for DELETE '/session/26d4952fffa259563e30b161246cfe0f'
21:00:14.357 [AsyncHttpClient-1-6] DEBUG org.asynchttpclient.netty.handler.HttpHandler - Unexpected I/O exception on channel [id: 0xa61921e1, L:/127.0.0.1:52725 - R:localhost/127.0.0.1:52719]
java.io.IOException: An existing connection was forcibly closed by the remote host
	at sun.nio.ch.SocketDispatcher.read0(Native Method)
	at sun.nio.ch.SocketDispatcher.read(SocketDispatcher.java:43)
	at sun.nio.ch.IOUtil.readIntoNativeBuffer(IOUtil.java:223)
	at sun.nio.ch.IOUtil.read(IOUtil.java:192)
	at sun.nio.ch.SocketChannelImpl.read(SocketChannelImpl.java:378)
	at io.netty.buffer.PooledByteBuf.setBytes(PooledByteBuf.java:258)
	at io.netty.buffer.AbstractByteBuf.writeBytes(AbstractByteBuf.java:1132)
	at io.netty.channel.socket.nio.NioSocketChannel.doReadBytes(NioSocketChannel.java:350)
	at io.netty.channel.nio.AbstractNioByteChannel$NioByteUnsafe.read(AbstractNioByteChannel.java:151)
	at io.netty.channel.nio.NioEventLoop.processSelectedKey(NioEventLoop.java:722)
	at io.netty.channel.nio.NioEventLoop.processSelectedKeysOptimized(NioEventLoop.java:658)
	at io.netty.channel.nio.NioEventLoop.processSelectedKeys(NioEventLoop.java:584)
	at io.netty.channel.nio.NioEventLoop.run(NioEventLoop.java:496)
	at io.netty.util.concurrent.SingleThreadEventExecutor$4.run(SingleThreadEventExecutor.java:986)
	at io.netty.util.internal.ThreadExecutorMap$2.run(ThreadExecutorMap.java:74)
	at io.netty.util.concurrent.FastThreadLocalRunnable.run(FastThreadLocalRunnable.java:30)
	at java.lang.Thread.run(Thread.java:750)
21:00:14.357 [AsyncHttpClient-1-6] DEBUG org.asynchttpclient.netty.channel.ChannelManager - Closing Channel [id: 0xa61921e1, L:/127.0.0.1:52725 - R:localhost/127.0.0.1:52719] 
21:00:14.357 [AsyncHttpClient-1-6] DEBUG org.asynchttpclient.netty.handler.HttpHandler - Channel Closed: [id: 0xa61921e1, L:/127.0.0.1:52725 ! R:localhost/127.0.0.1:52719] with attribute DISCARD
21:00:14.378 [AsyncHttpClient-1-5] DEBUG org.asynchttpclient.netty.handler.HttpHandler - 

Request DefaultFullHttpRequest(decodeResult: success, version: HTTP/1.1, content: EmptyByteBufBE)
DELETE /session/26d4952fffa259563e30b161246cfe0f HTTP/1.1
User-Agent: selenium/4.1.2 (java windows)
Content-Type: application/json; charset=utf-8
host: localhost:60812
accept: */*

Response DefaultHttpResponse(decodeResult: success, version: HTTP/1.1)
HTTP/1.1 200 OK
Content-Type: application/json; charset=utf-8
cache-control: no-cache
content-length: 14

21:00:14.379 [AsyncHttpClient-1-5] DEBUG org.asynchttpclient.netty.channel.ChannelManager - Adding key: http://localhost:60812 for channel [id: 0xc31004f0, L:/127.0.0.1:52718 - R:localhost/127.0.0.1:60812]
21:00:14.393 [AsyncHttpClient-1-1] DEBUG org.asynchttpclient.netty.channel.DefaultChannelPool - Entry count for : http://localhost:60812 : 1
21:00:14.393 [AsyncHttpClient-1-1] DEBUG org.asynchttpclient.netty.channel.DefaultChannelPool - Entry count for : http://localhost:52719 : 1
21:00:14.393 [AsyncHttpClient-1-1] DEBUG org.asynchttpclient.netty.channel.DefaultChannelPool - Adding Candidate expired Channel [id: 0xa61921e1, L:/127.0.0.1:52725 ! R:localhost/127.0.0.1:52719] isIdleTimeoutExpired=false isRemotelyClosed=true isTtlExpired=false
21:00:14.394 [AsyncHttpClient-1-1] DEBUG org.asynchttpclient.netty.channel.DefaultChannelPool - Closing Idle Channel [id: 0xa61921e1, L:/127.0.0.1:52725 ! R:localhost/127.0.0.1:52719]
21:00:14.394 [AsyncHttpClient-1-1] DEBUG org.asynchttpclient.netty.channel.DefaultChannelPool - Closed 1 connections out of 2 in 1 ms
21:00:14.499 [AsyncHttpClient-1-5] DEBUG org.asynchttpclient.netty.handler.HttpHandler - Channel Closed: [id: 0xc31004f0, L:/127.0.0.1:52718 ! R:localhost/127.0.0.1:60812] with attribute DISCARD
]]></system-out>
    <system-err><![CDATA[Starting ChromeDriver 100.0.4896.60 (6a5d10861ce8de5fce22564658033b43cb7de047-refs/branch-heads/4896@{#875}) on port 60812
Only local connections are allowed.
Please see https://chromedriver.chromium.org/security-considerations for suggestions on keeping ChromeDriver safe.
ChromeDriver was started successfully.
[1652450396.713][WARNING]: This version of ChromeDriver has not been tested with Chrome version 101.
May 13, 2022 8:59:56 PM org.openqa.selenium.remote.ProtocolHandshake createSession
INFO: Detected dialect: W3C
May 13, 2022 8:59:56 PM org.openqa.selenium.devtools.CdpVersionFinder findNearestMatch
WARNING: Unable to find an exact match for CDP version 101, so returning the closest version found: 97
May 13, 2022 8:59:56 PM org.openqa.selenium.devtools.CdpVersionFinder findNearestMatch
INFO: Found CDP implementation for version 101 of 97
]]></system-err>
  </testcase>
  <testcase name="As user i have failed to login with invalid password" classname="As user I want to login So that i can see home page" time="18.328">
    <system-out><![CDATA[
@login @negative
Scenario: As user i have failed to login with invalid password             &amp#27;[90m# src/test/resources/features/Login.feature:15&amp#27;[0m
21:00:15.104 [main] INFO io.cucumber.core.plugin.SerenityReporter - Running feature from file:///D:/kampus%20merdeka/QE_MUHAMMAD%20ADIBASYAH/miniproject/web/src/test/resources/features/Login.feature
21:00:15.108 [main] INFO  - 
  _____   ___   ___   _____     ___   _____     _     ___   _____   ___   ___  
 |_   _| | __| / __| |_   _|   / __| |_   _|   /_\   | _ \ |_   _| | __| |   \ 
   | |   | _|  \__ \   | |     \__ \   | |    / _ \  |   /   | |   | _|  | |) |
   |_|   |___| |___/   |_|     |___/   |_|   /_/ \_\ |_|_\   |_|   |___| |___/ 

As user i have failed to login with invalid password(as-user-i-want-to-login-so-that-i-can-see-home-page;as-user-i-have-failed-to-login-with-invalid-password)
--------------------------------------------------------------------------------
21:00:15.229 [main] DEBUG net.thucydides.core.steps.StepInterceptor - STARTING STEP: LoginSteps.onLoginPage - openPage
21:00:15.255 [main] INFO net.serenitybdd.core.webdriver.driverproviders.ChromeDriverProvider - Using automatically driver download
21:00:15.503 [AsyncHttpClient-1-1] DEBUG org.asynchttpclient.netty.channel.DefaultChannelPool - Entry count for : http://localhost:60812 : 1
21:00:15.503 [AsyncHttpClient-1-1] DEBUG org.asynchttpclient.netty.channel.DefaultChannelPool - Adding Candidate expired Channel [id: 0xc31004f0, L:/127.0.0.1:52718 ! R:localhost/127.0.0.1:60812] isIdleTimeoutExpired=false isRemotelyClosed=true isTtlExpired=false
21:00:15.503 [AsyncHttpClient-1-1] DEBUG org.asynchttpclient.netty.channel.DefaultChannelPool - Closing Idle Channel [id: 0xc31004f0, L:/127.0.0.1:52718 ! R:localhost/127.0.0.1:60812]
21:00:15.503 [AsyncHttpClient-1-1] DEBUG org.asynchttpclient.netty.channel.DefaultChannelPool - Closed 1 connections out of 1 in 0 ms
21:00:15.779 [main] DEBUG io.github.bonigarcia.wdm.cache.ResolutionCache - Resolution chrome=101 in cache (valid until 21:59:22 13/05/2022 ICT)
21:00:15.834 [main] DEBUG io.github.bonigarcia.wdm.cache.ResolutionCache - Resolution chrome101=101.0.4951.41 in cache (valid until 20:59:22 14/05/2022 ICT)
21:00:15.841 [main] INFO io.github.bonigarcia.wdm.WebDriverManager - Using chromedriver 101.0.4951.41 (resolved driver for Chrome 101)
21:00:15.892 [main] DEBUG io.github.bonigarcia.wdm.WebDriverManager - Driver chromedriver 101.0.4951.41 found in cache
21:00:15.893 [main] INFO io.github.bonigarcia.wdm.WebDriverManager - Exporting webdriver.chrome.driver as C:\Users\Admin\.cache\selenium\chromedriver\win32\101.0.4951.41\chromedriver.exe
21:00:17.468 [main] DEBUG net.serenitybdd.core.webdriver.driverproviders.ProvideNewDriver - Instantiating driver
21:00:17.468 [main] DEBUG net.serenitybdd.core.webdriver.driverproviders.ProvideNewDriver - Driver capabilities: Capabilities {acceptInsecureCerts: false, base.url: https://qa.alta.id/, browserName: chrome, chrome.driver: src/test/resources/webdrive..., driver: chrome, goog:chromeOptions: {args: [], extensions: []}}
21:00:19.269 [AsyncHttpClient-1-8] DEBUG org.asynchttpclient.netty.channel.NettyConnectListener - Using new Channel '[id: 0xf37c05db, L:/127.0.0.1:52762 - R:localhost/127.0.0.1:56491]' for 'POST' to '/session'
21:00:21.389 [AsyncHttpClient-1-8] DEBUG org.asynchttpclient.netty.handler.HttpHandler - 

Request DefaultHttpRequest(decodeResult: success, version: HTTP/1.1)
POST /session HTTP/1.1
User-Agent: selenium/4.1.2 (java windows)
Content-Length: 605
Content-Type: application/json; charset=utf-8
host: localhost:56491
accept: */*

Response DefaultHttpResponse(decodeResult: success, version: HTTP/1.1)
HTTP/1.1 200 OK
Content-Type: application/json; charset=utf-8
cache-control: no-cache
content-length: 789

21:00:21.389 [AsyncHttpClient-1-8] DEBUG org.asynchttpclient.netty.channel.ChannelManager - Adding key: http://localhost:56491 for channel [id: 0xf37c05db, L:/127.0.0.1:52762 - R:localhost/127.0.0.1:56491]
21:00:21.409 [AsyncHttpClient-1-1] DEBUG org.asynchttpclient.netty.channel.DefaultChannelPool - Entry count for : http://localhost:56491 : 1
21:00:21.416 [AsyncHttpClient-1-9] DEBUG org.asynchttpclient.netty.channel.NettyConnectListener - Using new Channel '[id: 0x20cfc0e4, L:/127.0.0.1:52769 - R:localhost/127.0.0.1:52763]' for 'GET' to '/json/version'
21:00:21.419 [AsyncHttpClient-1-9] DEBUG org.asynchttpclient.netty.handler.HttpHandler - 

Request DefaultFullHttpRequest(decodeResult: success, version: HTTP/1.1, content: EmptyByteBufBE)
GET /json/version HTTP/1.1
User-Agent: selenium/4.1.2 (java windows)
host: localhost:52763
accept: */*

Response DefaultHttpResponse(decodeResult: success, version: HTTP/1.1)
HTTP/1.1 200 OK
Content-Type: application/json; charset=UTF-8
content-length: 427

21:00:21.420 [AsyncHttpClient-1-9] DEBUG org.asynchttpclient.netty.channel.ChannelManager - Adding key: http://localhost:52763 for channel [id: 0x20cfc0e4, L:/127.0.0.1:52769 - R:localhost/127.0.0.1:52763]
21:00:21.429 [AsyncHttpClient-1-2] DEBUG org.asynchttpclient.netty.channel.NettyConnectListener - Using new Channel '[id: 0x872a9140, L:/127.0.0.1:52770 - R:localhost/127.0.0.1:52763]' for 'GET' to '/devtools/browser/4eafc958-cddc-42b1-a595-ff02b5768d6c'
21:00:21.431 [AsyncHttpClient-1-2] DEBUG org.asynchttpclient.netty.handler.WebSocketHandler - 

Request DefaultFullHttpRequest(decodeResult: success, version: HTTP/1.1, content: EmptyByteBufBE)
GET /devtools/browser/4eafc958-cddc-42b1-a595-ff02b5768d6c HTTP/1.1
upgrade: websocket
connection: upgrade
sec-websocket-key: iiPIFZlYzbCQoQ51bh159Q==
sec-websocket-version: 13
origin: http://localhost:52763
host: localhost:52763
accept: */*
user-agent: AHC/2.1

Response DefaultHttpResponse(decodeResult: success, version: HTTP/1.1)
HTTP/1.1 101 WebSocket Protocol Handshake
Upgrade: WebSocket
Connection: Upgrade
Sec-WebSocket-Accept: jGppkWx/KO5/4c7YHf8I6ntGp10=

21:00:21.458 [Forwarding setCurrentWindowSize on session c454fee39c71aa9011c21d0744c05fc4 to remote] DEBUG org.asynchttpclient.netty.request.NettyRequestSender - Using pooled Channel '[id: 0xf37c05db, L:/127.0.0.1:52762 - R:localhost/127.0.0.1:56491]' for 'POST' to 'http://localhost:56491/session/c454fee39c71aa9011c21d0744c05fc4/window/rect'
21:00:21.458 [Forwarding setCurrentWindowSize on session c454fee39c71aa9011c21d0744c05fc4 to remote] DEBUG org.asynchttpclient.netty.request.NettyRequestSender - Using open Channel [id: 0xf37c05db, L:/127.0.0.1:52762 - R:localhost/127.0.0.1:56491] for POST '/session/c454fee39c71aa9011c21d0744c05fc4/window/rect'
21:00:21.599 [AsyncHttpClient-1-8] DEBUG org.asynchttpclient.netty.handler.HttpHandler - 

Request DefaultHttpRequest(decodeResult: success, version: HTTP/1.1)
POST /session/c454fee39c71aa9011c21d0744c05fc4/window/rect HTTP/1.1
User-Agent: selenium/4.1.2 (java windows)
Content-Length: 37
Content-Type: application/json; charset=utf-8
host: localhost:56491
accept: */*

Response DefaultHttpResponse(decodeResult: success, version: HTTP/1.1)
HTTP/1.1 200 OK
Content-Type: application/json; charset=utf-8
cache-control: no-cache
content-length: 51

21:00:21.599 [AsyncHttpClient-1-8] DEBUG org.asynchttpclient.netty.channel.ChannelManager - Adding key: http://localhost:56491 for channel [id: 0xf37c05db, L:/127.0.0.1:52762 - R:localhost/127.0.0.1:56491]
21:00:21.601 [Forwarding setWindowPosition on session c454fee39c71aa9011c21d0744c05fc4 to remote] DEBUG org.asynchttpclient.netty.request.NettyRequestSender - Using pooled Channel '[id: 0xf37c05db, L:/127.0.0.1:52762 - R:localhost/127.0.0.1:56491]' for 'POST' to 'http://localhost:56491/session/c454fee39c71aa9011c21d0744c05fc4/window/rect'
21:00:21.601 [Forwarding setWindowPosition on session c454fee39c71aa9011c21d0744c05fc4 to remote] DEBUG org.asynchttpclient.netty.request.NettyRequestSender - Using open Channel [id: 0xf37c05db, L:/127.0.0.1:52762 - R:localhost/127.0.0.1:56491] for POST '/session/c454fee39c71aa9011c21d0744c05fc4/window/rect'
21:00:21.708 [AsyncHttpClient-1-8] DEBUG org.asynchttpclient.netty.handler.HttpHandler - 

Request DefaultHttpRequest(decodeResult: success, version: HTTP/1.1)
POST /session/c454fee39c71aa9011c21d0744c05fc4/window/rect HTTP/1.1
User-Agent: selenium/4.1.2 (java windows)
Content-Length: 22
Content-Type: application/json; charset=utf-8
host: localhost:56491
accept: */*

Response DefaultHttpResponse(decodeResult: success, version: HTTP/1.1)
HTTP/1.1 200 OK
Content-Type: application/json; charset=utf-8
cache-control: no-cache
content-length: 49

21:00:21.709 [AsyncHttpClient-1-8] DEBUG org.asynchttpclient.netty.channel.ChannelManager - Adding key: http://localhost:56491 for channel [id: 0xf37c05db, L:/127.0.0.1:52762 - R:localhost/127.0.0.1:56491]
21:00:21.711 [Forwarding get on session c454fee39c71aa9011c21d0744c05fc4 to remote] DEBUG org.asynchttpclient.netty.request.NettyRequestSender - Using pooled Channel '[id: 0xf37c05db, L:/127.0.0.1:52762 - R:localhost/127.0.0.1:56491]' for 'POST' to 'http://localhost:56491/session/c454fee39c71aa9011c21d0744c05fc4/url'
21:00:21.711 [Forwarding get on session c454fee39c71aa9011c21d0744c05fc4 to remote] DEBUG org.asynchttpclient.netty.request.NettyRequestSender - Using open Channel [id: 0xf37c05db, L:/127.0.0.1:52762 - R:localhost/127.0.0.1:56491] for POST '/session/c454fee39c71aa9011c21d0744c05fc4/url'
21:00:22.499 [AsyncHttpClient-1-1] DEBUG org.asynchttpclient.netty.channel.DefaultChannelPool - Entry count for : http://localhost:52763 : 1
21:00:23.155 [AsyncHttpClient-1-8] DEBUG org.asynchttpclient.netty.handler.HttpHandler - 

Request DefaultHttpRequest(decodeResult: success, version: HTTP/1.1)
POST /session/c454fee39c71aa9011c21d0744c05fc4/url HTTP/1.1
User-Agent: selenium/4.1.2 (java windows)
Content-Length: 49
Content-Type: application/json; charset=utf-8
host: localhost:56491
accept: */*

Response DefaultHttpResponse(decodeResult: success, version: HTTP/1.1)
HTTP/1.1 200 OK
Content-Type: application/json; charset=utf-8
cache-control: no-cache
content-length: 14

21:00:23.155 [AsyncHttpClient-1-8] DEBUG org.asynchttpclient.netty.channel.ChannelManager - Adding key: http://localhost:56491 for channel [id: 0xf37c05db, L:/127.0.0.1:52762 - R:localhost/127.0.0.1:56491]
21:00:23.158 [Forwarding setTimeout on session c454fee39c71aa9011c21d0744c05fc4 to remote] DEBUG org.asynchttpclient.netty.request.NettyRequestSender - Using pooled Channel '[id: 0xf37c05db, L:/127.0.0.1:52762 - R:localhost/127.0.0.1:56491]' for 'POST' to 'http://localhost:56491/session/c454fee39c71aa9011c21d0744c05fc4/timeouts'
21:00:23.158 [Forwarding setTimeout on session c454fee39c71aa9011c21d0744c05fc4 to remote] DEBUG org.asynchttpclient.netty.request.NettyRequestSender - Using open Channel [id: 0xf37c05db, L:/127.0.0.1:52762 - R:localhost/127.0.0.1:56491] for POST '/session/c454fee39c71aa9011c21d0744c05fc4/timeouts'
21:00:23.161 [AsyncHttpClient-1-8] DEBUG org.asynchttpclient.netty.handler.HttpHandler - 

Request DefaultHttpRequest(decodeResult: success, version: HTTP/1.1)
POST /session/c454fee39c71aa9011c21d0744c05fc4/timeouts HTTP/1.1
User-Agent: selenium/4.1.2 (java windows)
Content-Length: 22
Content-Type: application/json; charset=utf-8
host: localhost:56491
accept: */*

Response DefaultHttpResponse(decodeResult: success, version: HTTP/1.1)
HTTP/1.1 200 OK
Content-Type: application/json; charset=utf-8
cache-control: no-cache
content-length: 14

21:00:23.162 [AsyncHttpClient-1-8] DEBUG org.asynchttpclient.netty.channel.ChannelManager - Adding key: http://localhost:56491 for channel [id: 0xf37c05db, L:/127.0.0.1:52762 - R:localhost/127.0.0.1:56491]
21:00:23.171 [Forwarding getCurrentUrl on session c454fee39c71aa9011c21d0744c05fc4 to remote] DEBUG org.asynchttpclient.netty.request.NettyRequestSender - Using pooled Channel '[id: 0xf37c05db, L:/127.0.0.1:52762 - R:localhost/127.0.0.1:56491]' for 'GET' to 'http://localhost:56491/session/c454fee39c71aa9011c21d0744c05fc4/url'
21:00:23.171 [Forwarding getCurrentUrl on session c454fee39c71aa9011c21d0744c05fc4 to remote] DEBUG org.asynchttpclient.netty.request.NettyRequestSender - Using open Channel [id: 0xf37c05db, L:/127.0.0.1:52762 - R:localhost/127.0.0.1:56491] for GET '/session/c454fee39c71aa9011c21d0744c05fc4/url'
21:00:23.184 [AsyncHttpClient-1-8] DEBUG org.asynchttpclient.netty.handler.HttpHandler - 

Request DefaultFullHttpRequest(decodeResult: success, version: HTTP/1.1, content: EmptyByteBufBE)
GET /session/c454fee39c71aa9011c21d0744c05fc4/url HTTP/1.1
User-Agent: selenium/4.1.2 (java windows)
Cache-Control: no-cache
Content-Type: application/json; charset=utf-8
host: localhost:56491
accept: */*

Response DefaultHttpResponse(decodeResult: success, version: HTTP/1.1)
HTTP/1.1 200 OK
Content-Type: application/json; charset=utf-8
cache-control: no-cache
content-length: 31

21:00:23.185 [AsyncHttpClient-1-8] DEBUG org.asynchttpclient.netty.channel.ChannelManager - Adding key: http://localhost:56491 for channel [id: 0xf37c05db, L:/127.0.0.1:52762 - R:localhost/127.0.0.1:56491]
21:00:23.198 [Forwarding getCurrentUrl on session c454fee39c71aa9011c21d0744c05fc4 to remote] DEBUG org.asynchttpclient.netty.request.NettyRequestSender - Using pooled Channel '[id: 0xf37c05db, L:/127.0.0.1:52762 - R:localhost/127.0.0.1:56491]' for 'GET' to 'http://localhost:56491/session/c454fee39c71aa9011c21d0744c05fc4/url'
21:00:23.198 [Forwarding getCurrentUrl on session c454fee39c71aa9011c21d0744c05fc4 to remote] DEBUG org.asynchttpclient.netty.request.NettyRequestSender - Using open Channel [id: 0xf37c05db, L:/127.0.0.1:52762 - R:localhost/127.0.0.1:56491] for GET '/session/c454fee39c71aa9011c21d0744c05fc4/url'
21:00:23.205 [AsyncHttpClient-1-8] DEBUG org.asynchttpclient.netty.handler.HttpHandler - 

Request DefaultFullHttpRequest(decodeResult: success, version: HTTP/1.1, content: EmptyByteBufBE)
GET /session/c454fee39c71aa9011c21d0744c05fc4/url HTTP/1.1
User-Agent: selenium/4.1.2 (java windows)
Cache-Control: no-cache
Content-Type: application/json; charset=utf-8
host: localhost:56491
accept: */*

Response DefaultHttpResponse(decodeResult: success, version: HTTP/1.1)
HTTP/1.1 200 OK
Content-Type: application/json; charset=utf-8
cache-control: no-cache
content-length: 31

21:00:23.206 [AsyncHttpClient-1-8] DEBUG org.asynchttpclient.netty.channel.ChannelManager - Adding key: http://localhost:56491 for channel [id: 0xf37c05db, L:/127.0.0.1:52762 - R:localhost/127.0.0.1:56491]
21:00:23.229 [Forwarding screenshot on session c454fee39c71aa9011c21d0744c05fc4 to remote] DEBUG org.asynchttpclient.netty.request.NettyRequestSender - Using pooled Channel '[id: 0xf37c05db, L:/127.0.0.1:52762 - R:localhost/127.0.0.1:56491]' for 'GET' to 'http://localhost:56491/session/c454fee39c71aa9011c21d0744c05fc4/screenshot'
21:00:23.230 [Forwarding screenshot on session c454fee39c71aa9011c21d0744c05fc4 to remote] DEBUG org.asynchttpclient.netty.request.NettyRequestSender - Using open Channel [id: 0xf37c05db, L:/127.0.0.1:52762 - R:localhost/127.0.0.1:56491] for GET '/session/c454fee39c71aa9011c21d0744c05fc4/screenshot'
21:00:23.610 [AsyncHttpClient-1-1] DEBUG org.asynchttpclient.netty.channel.DefaultChannelPool - Entry count for : http://localhost:52763 : 1
21:00:24.695 [AsyncHttpClient-1-1] DEBUG org.asynchttpclient.netty.channel.DefaultChannelPool - Entry count for : http://localhost:52763 : 1
21:00:25.799 [AsyncHttpClient-1-1] DEBUG org.asynchttpclient.netty.channel.DefaultChannelPool - Entry count for : http://localhost:52763 : 1
21:00:26.919 [AsyncHttpClient-1-1] DEBUG org.asynchttpclient.netty.channel.DefaultChannelPool - Entry count for : http://localhost:52763 : 1
21:00:27.999 [AsyncHttpClient-1-1] DEBUG org.asynchttpclient.netty.channel.DefaultChannelPool - Entry count for : http://localhost:52763 : 1
21:00:29.098 [AsyncHttpClient-1-1] DEBUG org.asynchttpclient.netty.channel.DefaultChannelPool - Entry count for : http://localhost:52763 : 1
21:00:29.291 [AsyncHttpClient-1-8] DEBUG org.asynchttpclient.netty.handler.HttpHandler - 

Request DefaultFullHttpRequest(decodeResult: success, version: HTTP/1.1, content: EmptyByteBufBE)
GET /session/c454fee39c71aa9011c21d0744c05fc4/screenshot HTTP/1.1
User-Agent: selenium/4.1.2 (java windows)
Cache-Control: no-cache
Content-Type: application/json; charset=utf-8
host: localhost:56491
accept: */*

Response DefaultHttpResponse(decodeResult: success, version: HTTP/1.1)
HTTP/1.1 200 OK
Content-Type: application/json; charset=utf-8
cache-control: no-cache
content-length: 30848

21:00:29.293 [AsyncHttpClient-1-8] DEBUG org.asynchttpclient.netty.channel.ChannelManager - Adding key: http://localhost:56491 for channel [id: 0xf37c05db, L:/127.0.0.1:52762 - R:localhost/127.0.0.1:56491]
21:00:29.302 [main] DEBUG net.serenitybdd.core.photography.Darkroom - Send negative for processing for target\site\serenity\d9f587c082a426653773ddf660a1eaacd191fe8d34aad710fbd986a598a9dd57.png
21:00:29.303 [main] DEBUG net.thucydides.core.steps.StepInterceptor - STEP DONE: openPage
21:00:29.303 [Darkroom Processing Line] DEBUG net.serenitybdd.core.photography.DarkroomProcessingLine - Processing screenshot image in /var/screenshots/screenshot-7588036741554719839
21:00:29.303 [Darkroom Processing Line] DEBUG net.serenitybdd.core.photography.DarkroomProcessingLine - Saving screenshot to target\site\serenity\d9f587c082a426653773ddf660a1eaacd191fe8d34aad710fbd986a598a9dd57.png
21:00:29.322 [main] DEBUG net.thucydides.core.steps.StepInterceptor - STARTING STEP: LoginSteps.onLoginPage - clickLoginIcon
21:00:29.329 [Forwarding findElement on session c454fee39c71aa9011c21d0744c05fc4 to remote] DEBUG org.asynchttpclient.netty.request.NettyRequestSender - Using pooled Channel '[id: 0xf37c05db, L:/127.0.0.1:52762 - R:localhost/127.0.0.1:56491]' for 'POST' to 'http://localhost:56491/session/c454fee39c71aa9011c21d0744c05fc4/element'
21:00:29.329 [Forwarding findElement on session c454fee39c71aa9011c21d0744c05fc4 to remote] DEBUG org.asynchttpclient.netty.request.NettyRequestSender - Using open Channel [id: 0xf37c05db, L:/127.0.0.1:52762 - R:localhost/127.0.0.1:56491] for POST '/session/c454fee39c71aa9011c21d0744c05fc4/element'
21:00:29.390 [AsyncHttpClient-1-8] DEBUG org.asynchttpclient.netty.handler.HttpHandler - 

Request DefaultHttpRequest(decodeResult: success, version: HTTP/1.1)
POST /session/c454fee39c71aa9011c21d0744c05fc4/element HTTP/1.1
User-Agent: selenium/4.1.2 (java windows)
Content-Length: 129
Content-Type: application/json; charset=utf-8
host: localhost:56491
accept: */*

Response DefaultHttpResponse(decodeResult: success, version: HTTP/1.1)
HTTP/1.1 200 OK
Content-Type: application/json; charset=utf-8
cache-control: no-cache
content-length: 88

21:00:29.391 [AsyncHttpClient-1-8] DEBUG org.asynchttpclient.netty.channel.ChannelManager - Adding key: http://localhost:56491 for channel [id: 0xf37c05db, L:/127.0.0.1:52762 - R:localhost/127.0.0.1:56491]
21:00:29.392 [Forwarding getElementTagName on session c454fee39c71aa9011c21d0744c05fc4 to remote] DEBUG org.asynchttpclient.netty.request.NettyRequestSender - Using pooled Channel '[id: 0xf37c05db, L:/127.0.0.1:52762 - R:localhost/127.0.0.1:56491]' for 'GET' to 'http://localhost:56491/session/c454fee39c71aa9011c21d0744c05fc4/element/08b9393f-1b2c-4a1b-92c4-e3acfa54c97c/name'
21:00:29.392 [Forwarding getElementTagName on session c454fee39c71aa9011c21d0744c05fc4 to remote] DEBUG org.asynchttpclient.netty.request.NettyRequestSender - Using open Channel [id: 0xf37c05db, L:/127.0.0.1:52762 - R:localhost/127.0.0.1:56491] for GET '/session/c454fee39c71aa9011c21d0744c05fc4/element/08b9393f-1b2c-4a1b-92c4-e3acfa54c97c/name'
21:00:29.397 [AsyncHttpClient-1-8] DEBUG org.asynchttpclient.netty.handler.HttpHandler - 

Request DefaultFullHttpRequest(decodeResult: success, version: HTTP/1.1, content: EmptyByteBufBE)
GET /session/c454fee39c71aa9011c21d0744c05fc4/element/08b9393f-1b2c-4a1b-92c4-e3acfa54c97c/name HTTP/1.1
User-Agent: selenium/4.1.2 (java windows)
Cache-Control: no-cache
Content-Type: application/json; charset=utf-8
host: localhost:56491
accept: */*

Response DefaultHttpResponse(decodeResult: success, version: HTTP/1.1)
HTTP/1.1 200 OK
Content-Type: application/json; charset=utf-8
cache-control: no-cache
content-length: 18

21:00:29.398 [AsyncHttpClient-1-8] DEBUG org.asynchttpclient.netty.channel.ChannelManager - Adding key: http://localhost:56491 for channel [id: 0xf37c05db, L:/127.0.0.1:52762 - R:localhost/127.0.0.1:56491]
21:00:29.399 [Forwarding getElementTagName on session c454fee39c71aa9011c21d0744c05fc4 to remote] DEBUG org.asynchttpclient.netty.request.NettyRequestSender - Using pooled Channel '[id: 0xf37c05db, L:/127.0.0.1:52762 - R:localhost/127.0.0.1:56491]' for 'GET' to 'http://localhost:56491/session/c454fee39c71aa9011c21d0744c05fc4/element/08b9393f-1b2c-4a1b-92c4-e3acfa54c97c/name'
21:00:29.400 [Forwarding getElementTagName on session c454fee39c71aa9011c21d0744c05fc4 to remote] DEBUG org.asynchttpclient.netty.request.NettyRequestSender - Using open Channel [id: 0xf37c05db, L:/127.0.0.1:52762 - R:localhost/127.0.0.1:56491] for GET '/session/c454fee39c71aa9011c21d0744c05fc4/element/08b9393f-1b2c-4a1b-92c4-e3acfa54c97c/name'
21:00:29.404 [AsyncHttpClient-1-8] DEBUG org.asynchttpclient.netty.handler.HttpHandler - 

Request DefaultFullHttpRequest(decodeResult: success, version: HTTP/1.1, content: EmptyByteBufBE)
GET /session/c454fee39c71aa9011c21d0744c05fc4/element/08b9393f-1b2c-4a1b-92c4-e3acfa54c97c/name HTTP/1.1
User-Agent: selenium/4.1.2 (java windows)
Cache-Control: no-cache
Content-Type: application/json; charset=utf-8
host: localhost:56491
accept: */*

Response DefaultHttpResponse(decodeResult: success, version: HTTP/1.1)
HTTP/1.1 200 OK
Content-Type: application/json; charset=utf-8
cache-control: no-cache
content-length: 18

21:00:29.404 [AsyncHttpClient-1-8] DEBUG org.asynchttpclient.netty.channel.ChannelManager - Adding key: http://localhost:56491 for channel [id: 0xf37c05db, L:/127.0.0.1:52762 - R:localhost/127.0.0.1:56491]
21:00:29.407 [Forwarding isElementEnabled on session c454fee39c71aa9011c21d0744c05fc4 to remote] DEBUG org.asynchttpclient.netty.request.NettyRequestSender - Using pooled Channel '[id: 0xf37c05db, L:/127.0.0.1:52762 - R:localhost/127.0.0.1:56491]' for 'GET' to 'http://localhost:56491/session/c454fee39c71aa9011c21d0744c05fc4/element/08b9393f-1b2c-4a1b-92c4-e3acfa54c97c/enabled'
21:00:29.408 [Forwarding isElementEnabled on session c454fee39c71aa9011c21d0744c05fc4 to remote] DEBUG org.asynchttpclient.netty.request.NettyRequestSender - Using open Channel [id: 0xf37c05db, L:/127.0.0.1:52762 - R:localhost/127.0.0.1:56491] for GET '/session/c454fee39c71aa9011c21d0744c05fc4/element/08b9393f-1b2c-4a1b-92c4-e3acfa54c97c/enabled'
21:00:29.418 [AsyncHttpClient-1-8] DEBUG org.asynchttpclient.netty.handler.HttpHandler - 

Request DefaultFullHttpRequest(decodeResult: success, version: HTTP/1.1, content: EmptyByteBufBE)
GET /session/c454fee39c71aa9011c21d0744c05fc4/element/08b9393f-1b2c-4a1b-92c4-e3acfa54c97c/enabled HTTP/1.1
User-Agent: selenium/4.1.2 (java windows)
Cache-Control: no-cache
Content-Type: application/json; charset=utf-8
host: localhost:56491
accept: */*

Response DefaultHttpResponse(decodeResult: success, version: HTTP/1.1)
HTTP/1.1 200 OK
Content-Type: application/json; charset=utf-8
cache-control: no-cache
content-length: 14

21:00:29.418 [AsyncHttpClient-1-8] DEBUG org.asynchttpclient.netty.channel.ChannelManager - Adding key: http://localhost:56491 for channel [id: 0xf37c05db, L:/127.0.0.1:52762 - R:localhost/127.0.0.1:56491]
21:00:29.420 [Forwarding isElementEnabled on session c454fee39c71aa9011c21d0744c05fc4 to remote] DEBUG org.asynchttpclient.netty.request.NettyRequestSender - Using pooled Channel '[id: 0xf37c05db, L:/127.0.0.1:52762 - R:localhost/127.0.0.1:56491]' for 'GET' to 'http://localhost:56491/session/c454fee39c71aa9011c21d0744c05fc4/element/08b9393f-1b2c-4a1b-92c4-e3acfa54c97c/enabled'
21:00:29.421 [Forwarding isElementEnabled on session c454fee39c71aa9011c21d0744c05fc4 to remote] DEBUG org.asynchttpclient.netty.request.NettyRequestSender - Using open Channel [id: 0xf37c05db, L:/127.0.0.1:52762 - R:localhost/127.0.0.1:56491] for GET '/session/c454fee39c71aa9011c21d0744c05fc4/element/08b9393f-1b2c-4a1b-92c4-e3acfa54c97c/enabled'
21:00:29.428 [AsyncHttpClient-1-8] DEBUG org.asynchttpclient.netty.handler.HttpHandler - 

Request DefaultFullHttpRequest(decodeResult: success, version: HTTP/1.1, content: EmptyByteBufBE)
GET /session/c454fee39c71aa9011c21d0744c05fc4/element/08b9393f-1b2c-4a1b-92c4-e3acfa54c97c/enabled HTTP/1.1
User-Agent: selenium/4.1.2 (java windows)
Cache-Control: no-cache
Content-Type: application/json; charset=utf-8
host: localhost:56491
accept: */*

Response DefaultHttpResponse(decodeResult: success, version: HTTP/1.1)
HTTP/1.1 200 OK
Content-Type: application/json; charset=utf-8
cache-control: no-cache
content-length: 14

21:00:29.428 [AsyncHttpClient-1-8] DEBUG org.asynchttpclient.netty.channel.ChannelManager - Adding key: http://localhost:56491 for channel [id: 0xf37c05db, L:/127.0.0.1:52762 - R:localhost/127.0.0.1:56491]
21:00:29.432 [Forwarding findElement on session c454fee39c71aa9011c21d0744c05fc4 to remote] DEBUG org.asynchttpclient.netty.request.NettyRequestSender - Using pooled Channel '[id: 0xf37c05db, L:/127.0.0.1:52762 - R:localhost/127.0.0.1:56491]' for 'POST' to 'http://localhost:56491/session/c454fee39c71aa9011c21d0744c05fc4/element'
21:00:29.432 [Forwarding findElement on session c454fee39c71aa9011c21d0744c05fc4 to remote] DEBUG org.asynchttpclient.netty.request.NettyRequestSender - Using open Channel [id: 0xf37c05db, L:/127.0.0.1:52762 - R:localhost/127.0.0.1:56491] for POST '/session/c454fee39c71aa9011c21d0744c05fc4/element'
21:00:29.454 [AsyncHttpClient-1-8] DEBUG org.asynchttpclient.netty.handler.HttpHandler - 

Request DefaultHttpRequest(decodeResult: success, version: HTTP/1.1)
POST /session/c454fee39c71aa9011c21d0744c05fc4/element HTTP/1.1
User-Agent: selenium/4.1.2 (java windows)
Content-Length: 129
Content-Type: application/json; charset=utf-8
host: localhost:56491
accept: */*

Response DefaultHttpResponse(decodeResult: success, version: HTTP/1.1)
HTTP/1.1 200 OK
Content-Type: application/json; charset=utf-8
cache-control: no-cache
content-length: 88

21:00:29.454 [AsyncHttpClient-1-8] DEBUG org.asynchttpclient.netty.channel.ChannelManager - Adding key: http://localhost:56491 for channel [id: 0xf37c05db, L:/127.0.0.1:52762 - R:localhost/127.0.0.1:56491]
21:00:29.457 [Forwarding clickElement on session c454fee39c71aa9011c21d0744c05fc4 to remote] DEBUG org.asynchttpclient.netty.request.NettyRequestSender - Using pooled Channel '[id: 0xf37c05db, L:/127.0.0.1:52762 - R:localhost/127.0.0.1:56491]' for 'POST' to 'http://localhost:56491/session/c454fee39c71aa9011c21d0744c05fc4/element/08b9393f-1b2c-4a1b-92c4-e3acfa54c97c/click'
21:00:29.457 [Forwarding clickElement on session c454fee39c71aa9011c21d0744c05fc4 to remote] DEBUG org.asynchttpclient.netty.request.NettyRequestSender - Using open Channel [id: 0xf37c05db, L:/127.0.0.1:52762 - R:localhost/127.0.0.1:56491] for POST '/session/c454fee39c71aa9011c21d0744c05fc4/element/08b9393f-1b2c-4a1b-92c4-e3acfa54c97c/click'
21:00:29.655 [AsyncHttpClient-1-8] DEBUG org.asynchttpclient.netty.handler.HttpHandler - 

Request DefaultHttpRequest(decodeResult: success, version: HTTP/1.1)
POST /session/c454fee39c71aa9011c21d0744c05fc4/element/08b9393f-1b2c-4a1b-92c4-e3acfa54c97c/click HTTP/1.1
User-Agent: selenium/4.1.2 (java windows)
Content-Length: 50
Content-Type: application/json; charset=utf-8
host: localhost:56491
accept: */*

Response DefaultHttpResponse(decodeResult: success, version: HTTP/1.1)
HTTP/1.1 200 OK
Content-Type: application/json; charset=utf-8
cache-control: no-cache
content-length: 14

21:00:29.656 [AsyncHttpClient-1-8] DEBUG org.asynchttpclient.netty.channel.ChannelManager - Adding key: http://localhost:56491 for channel [id: 0xf37c05db, L:/127.0.0.1:52762 - R:localhost/127.0.0.1:56491]
21:00:29.673 [Forwarding screenshot on session c454fee39c71aa9011c21d0744c05fc4 to remote] DEBUG org.asynchttpclient.netty.request.NettyRequestSender - Using pooled Channel '[id: 0xf37c05db, L:/127.0.0.1:52762 - R:localhost/127.0.0.1:56491]' for 'GET' to 'http://localhost:56491/session/c454fee39c71aa9011c21d0744c05fc4/screenshot'
21:00:29.674 [Forwarding screenshot on session c454fee39c71aa9011c21d0744c05fc4 to remote] DEBUG org.asynchttpclient.netty.request.NettyRequestSender - Using open Channel [id: 0xf37c05db, L:/127.0.0.1:52762 - R:localhost/127.0.0.1:56491] for GET '/session/c454fee39c71aa9011c21d0744c05fc4/screenshot'
21:00:30.204 [AsyncHttpClient-1-1] DEBUG org.asynchttpclient.netty.channel.DefaultChannelPool - Entry count for : http://localhost:52763 : 1
21:00:30.243 [AsyncHttpClient-1-8] DEBUG org.asynchttpclient.netty.handler.HttpHandler - 

Request DefaultFullHttpRequest(decodeResult: success, version: HTTP/1.1, content: EmptyByteBufBE)
GET /session/c454fee39c71aa9011c21d0744c05fc4/screenshot HTTP/1.1
User-Agent: selenium/4.1.2 (java windows)
Cache-Control: no-cache
Content-Type: application/json; charset=utf-8
host: localhost:56491
accept: */*

Response DefaultHttpResponse(decodeResult: success, version: HTTP/1.1)
HTTP/1.1 200 OK
Content-Type: application/json; charset=utf-8
cache-control: no-cache
content-length: 26636

21:00:30.244 [AsyncHttpClient-1-8] DEBUG org.asynchttpclient.netty.channel.ChannelManager - Adding key: http://localhost:56491 for channel [id: 0xf37c05db, L:/127.0.0.1:52762 - R:localhost/127.0.0.1:56491]
21:00:30.248 [main] DEBUG net.serenitybdd.core.photography.Darkroom - Send negative for processing for target\site\serenity\a858c04a38cd62c7c679ca86fc9e39cc64df5cb0a3dfa8fa06e7e3b6b2aa1244.png
21:00:30.249 [main] DEBUG net.thucydides.core.steps.StepInterceptor - STEP DONE: clickLoginIcon
  &amp#27;[32mGiven &amp#27;[0m&amp#27;[32mi am on the login page&amp#27;[0m                                             &amp#27;[90m# starter.stepdefenitions.LoginSteps.onLoginPage()&amp#27;[0m
21:00:30.667 [Forwarding screenshot on session c454fee39c71aa9011c21d0744c05fc4 to remote] DEBUG org.asynchttpclient.netty.request.NettyRequestSender - Using pooled Channel '[id: 0xf37c05db, L:/127.0.0.1:52762 - R:localhost/127.0.0.1:56491]' for 'GET' to 'http://localhost:56491/session/c454fee39c71aa9011c21d0744c05fc4/screenshot'
21:00:30.667 [Forwarding screenshot on session c454fee39c71aa9011c21d0744c05fc4 to remote] DEBUG org.asynchttpclient.netty.request.NettyRequestSender - Using open Channel [id: 0xf37c05db, L:/127.0.0.1:52762 - R:localhost/127.0.0.1:56491] for GET '/session/c454fee39c71aa9011c21d0744c05fc4/screenshot'
21:00:30.816 [AsyncHttpClient-1-8] DEBUG org.asynchttpclient.netty.handler.HttpHandler - 

Request DefaultFullHttpRequest(decodeResult: success, version: HTTP/1.1, content: EmptyByteBufBE)
GET /session/c454fee39c71aa9011c21d0744c05fc4/screenshot HTTP/1.1
User-Agent: selenium/4.1.2 (java windows)
Cache-Control: no-cache
Content-Type: application/json; charset=utf-8
host: localhost:56491
accept: */*

Response DefaultHttpResponse(decodeResult: success, version: HTTP/1.1)
HTTP/1.1 200 OK
Content-Type: application/json; charset=utf-8
cache-control: no-cache
content-length: 26636

21:00:30.817 [AsyncHttpClient-1-8] DEBUG org.asynchttpclient.netty.channel.ChannelManager - Adding key: http://localhost:56491 for channel [id: 0xf37c05db, L:/127.0.0.1:52762 - R:localhost/127.0.0.1:56491]
21:00:30.819 [main] DEBUG net.serenitybdd.core.photography.Darkroom - Send negative for processing for target\site\serenity\a858c04a38cd62c7c679ca86fc9e39cc64df5cb0a3dfa8fa06e7e3b6b2aa1244.png
21:00:30.819 [main] DEBUG net.thucydides.core.steps.StepInterceptor - STARTING STEP: LoginSteps.inputValidEmail - inputEmail
21:00:30.823 [Forwarding findElement on session c454fee39c71aa9011c21d0744c05fc4 to remote] DEBUG org.asynchttpclient.netty.request.NettyRequestSender - Using pooled Channel '[id: 0xf37c05db, L:/127.0.0.1:52762 - R:localhost/127.0.0.1:56491]' for 'POST' to 'http://localhost:56491/session/c454fee39c71aa9011c21d0744c05fc4/element'
21:00:30.824 [Forwarding findElement on session c454fee39c71aa9011c21d0744c05fc4 to remote] DEBUG org.asynchttpclient.netty.request.NettyRequestSender - Using open Channel [id: 0xf37c05db, L:/127.0.0.1:52762 - R:localhost/127.0.0.1:56491] for POST '/session/c454fee39c71aa9011c21d0744c05fc4/element'
21:00:30.840 [AsyncHttpClient-1-8] DEBUG org.asynchttpclient.netty.handler.HttpHandler - 

Request DefaultHttpRequest(decodeResult: success, version: HTTP/1.1)
POST /session/c454fee39c71aa9011c21d0744c05fc4/element HTTP/1.1
User-Agent: selenium/4.1.2 (java windows)
Content-Length: 110
Content-Type: application/json; charset=utf-8
host: localhost:56491
accept: */*

Response DefaultHttpResponse(decodeResult: success, version: HTTP/1.1)
HTTP/1.1 200 OK
Content-Type: application/json; charset=utf-8
cache-control: no-cache
content-length: 88

21:00:30.840 [AsyncHttpClient-1-8] DEBUG org.asynchttpclient.netty.channel.ChannelManager - Adding key: http://localhost:56491 for channel [id: 0xf37c05db, L:/127.0.0.1:52762 - R:localhost/127.0.0.1:56491]
21:00:30.842 [Forwarding clearElement on session c454fee39c71aa9011c21d0744c05fc4 to remote] DEBUG org.asynchttpclient.netty.request.NettyRequestSender - Using pooled Channel '[id: 0xf37c05db, L:/127.0.0.1:52762 - R:localhost/127.0.0.1:56491]' for 'POST' to 'http://localhost:56491/session/c454fee39c71aa9011c21d0744c05fc4/element/257803b0-130f-4640-949c-ed4a6f0e0992/clear'
21:00:30.842 [Forwarding clearElement on session c454fee39c71aa9011c21d0744c05fc4 to remote] DEBUG org.asynchttpclient.netty.request.NettyRequestSender - Using open Channel [id: 0xf37c05db, L:/127.0.0.1:52762 - R:localhost/127.0.0.1:56491] for POST '/session/c454fee39c71aa9011c21d0744c05fc4/element/257803b0-130f-4640-949c-ed4a6f0e0992/clear'
21:00:30.883 [AsyncHttpClient-1-8] DEBUG org.asynchttpclient.netty.handler.HttpHandler - 

Request DefaultHttpRequest(decodeResult: success, version: HTTP/1.1)
POST /session/c454fee39c71aa9011c21d0744c05fc4/element/257803b0-130f-4640-949c-ed4a6f0e0992/clear HTTP/1.1
User-Agent: selenium/4.1.2 (java windows)
Content-Length: 50
Content-Type: application/json; charset=utf-8
host: localhost:56491
accept: */*

Response DefaultHttpResponse(decodeResult: success, version: HTTP/1.1)
HTTP/1.1 200 OK
Content-Type: application/json; charset=utf-8
cache-control: no-cache
content-length: 14

21:00:30.884 [AsyncHttpClient-1-8] DEBUG org.asynchttpclient.netty.channel.ChannelManager - Adding key: http://localhost:56491 for channel [id: 0xf37c05db, L:/127.0.0.1:52762 - R:localhost/127.0.0.1:56491]
21:00:30.886 [Forwarding sendKeysToElement on session c454fee39c71aa9011c21d0744c05fc4 to remote] DEBUG org.asynchttpclient.netty.request.NettyRequestSender - Using pooled Channel '[id: 0xf37c05db, L:/127.0.0.1:52762 - R:localhost/127.0.0.1:56491]' for 'POST' to 'http://localhost:56491/session/c454fee39c71aa9011c21d0744c05fc4/element/257803b0-130f-4640-949c-ed4a6f0e0992/value'
21:00:30.886 [Forwarding sendKeysToElement on session c454fee39c71aa9011c21d0744c05fc4 to remote] DEBUG org.asynchttpclient.netty.request.NettyRequestSender - Using open Channel [id: 0xf37c05db, L:/127.0.0.1:52762 - R:localhost/127.0.0.1:56491] for POST '/session/c454fee39c71aa9011c21d0744c05fc4/element/257803b0-130f-4640-949c-ed4a6f0e0992/value'
21:00:31.081 [AsyncHttpClient-1-8] DEBUG org.asynchttpclient.netty.handler.HttpHandler - 

Request DefaultHttpRequest(decodeResult: success, version: HTTP/1.1)
POST /session/c454fee39c71aa9011c21d0744c05fc4/element/257803b0-130f-4640-949c-ed4a6f0e0992/value HTTP/1.1
User-Agent: selenium/4.1.2 (java windows)
Content-Length: 231
Content-Type: application/json; charset=utf-8
host: localhost:56491
accept: */*

Response DefaultHttpResponse(decodeResult: success, version: HTTP/1.1)
HTTP/1.1 200 OK
Content-Type: application/json; charset=utf-8
cache-control: no-cache
content-length: 14

21:00:31.081 [AsyncHttpClient-1-8] DEBUG org.asynchttpclient.netty.channel.ChannelManager - Adding key: http://localhost:56491 for channel [id: 0xf37c05db, L:/127.0.0.1:52762 - R:localhost/127.0.0.1:56491]
21:00:31.090 [Forwarding screenshot on session c454fee39c71aa9011c21d0744c05fc4 to remote] DEBUG org.asynchttpclient.netty.request.NettyRequestSender - Using pooled Channel '[id: 0xf37c05db, L:/127.0.0.1:52762 - R:localhost/127.0.0.1:56491]' for 'GET' to 'http://localhost:56491/session/c454fee39c71aa9011c21d0744c05fc4/screenshot'
21:00:31.090 [Forwarding screenshot on session c454fee39c71aa9011c21d0744c05fc4 to remote] DEBUG org.asynchttpclient.netty.request.NettyRequestSender - Using open Channel [id: 0xf37c05db, L:/127.0.0.1:52762 - R:localhost/127.0.0.1:56491] for GET '/session/c454fee39c71aa9011c21d0744c05fc4/screenshot'
21:00:31.281 [AsyncHttpClient-1-8] DEBUG org.asynchttpclient.netty.handler.HttpHandler - 

Request DefaultFullHttpRequest(decodeResult: success, version: HTTP/1.1, content: EmptyByteBufBE)
GET /session/c454fee39c71aa9011c21d0744c05fc4/screenshot HTTP/1.1
User-Agent: selenium/4.1.2 (java windows)
Cache-Control: no-cache
Content-Type: application/json; charset=utf-8
host: localhost:56491
accept: */*

Response DefaultHttpResponse(decodeResult: success, version: HTTP/1.1)
HTTP/1.1 200 OK
Content-Type: application/json; charset=utf-8
cache-control: no-cache
content-length: 30316

21:00:31.283 [AsyncHttpClient-1-8] DEBUG org.asynchttpclient.netty.channel.ChannelManager - Adding key: http://localhost:56491 for channel [id: 0xf37c05db, L:/127.0.0.1:52762 - R:localhost/127.0.0.1:56491]
21:00:31.286 [main] DEBUG net.serenitybdd.core.photography.Darkroom - Send negative for processing for target\site\serenity\6c17aa29cac59b48f28be8fcabb8acdecda2289cecea93255f2e0c3e7bc4d430.png
21:00:31.286 [main] DEBUG net.thucydides.core.steps.StepInterceptor - STEP DONE: inputEmail
  &amp#27;[32mWhen &amp#27;[0m&amp#27;[32mi input valid email&amp#27;[0m                                                 &amp#27;[90m# starter.stepdefenitions.LoginSteps.inputValidEmail()&amp#27;[0m
21:00:31.287 [Darkroom Processing Line] DEBUG net.serenitybdd.core.photography.DarkroomProcessingLine - Processing screenshot image in /var/screenshots/screenshot-2573874079117481874
21:00:31.287 [Darkroom Processing Line] DEBUG net.serenitybdd.core.photography.DarkroomProcessingLine - Saving screenshot to target\site\serenity\6c17aa29cac59b48f28be8fcabb8acdecda2289cecea93255f2e0c3e7bc4d430.png
21:00:31.294 [AsyncHttpClient-1-1] DEBUG org.asynchttpclient.netty.channel.DefaultChannelPool - Entry count for : http://localhost:56491 : 1
21:00:31.294 [AsyncHttpClient-1-1] DEBUG org.asynchttpclient.netty.channel.DefaultChannelPool - Entry count for : http://localhost:52763 : 1
21:00:31.304 [main] DEBUG net.thucydides.core.steps.StepInterceptor - STARTING STEP: LoginSteps.inputInvalidPassword - inputPassword
21:00:31.310 [Forwarding findElement on session c454fee39c71aa9011c21d0744c05fc4 to remote] DEBUG org.asynchttpclient.netty.request.NettyRequestSender - Using pooled Channel '[id: 0xf37c05db, L:/127.0.0.1:52762 - R:localhost/127.0.0.1:56491]' for 'POST' to 'http://localhost:56491/session/c454fee39c71aa9011c21d0744c05fc4/element'
21:00:31.310 [Forwarding findElement on session c454fee39c71aa9011c21d0744c05fc4 to remote] DEBUG org.asynchttpclient.netty.request.NettyRequestSender - Using open Channel [id: 0xf37c05db, L:/127.0.0.1:52762 - R:localhost/127.0.0.1:56491] for POST '/session/c454fee39c71aa9011c21d0744c05fc4/element'
21:00:31.325 [AsyncHttpClient-1-8] DEBUG org.asynchttpclient.netty.handler.HttpHandler - 

Request DefaultHttpRequest(decodeResult: success, version: HTTP/1.1)
POST /session/c454fee39c71aa9011c21d0744c05fc4/element HTTP/1.1
User-Agent: selenium/4.1.2 (java windows)
Content-Length: 113
Content-Type: application/json; charset=utf-8
host: localhost:56491
accept: */*

Response DefaultHttpResponse(decodeResult: success, version: HTTP/1.1)
HTTP/1.1 200 OK
Content-Type: application/json; charset=utf-8
cache-control: no-cache
content-length: 88

21:00:31.326 [AsyncHttpClient-1-8] DEBUG org.asynchttpclient.netty.channel.ChannelManager - Adding key: http://localhost:56491 for channel [id: 0xf37c05db, L:/127.0.0.1:52762 - R:localhost/127.0.0.1:56491]
21:00:31.329 [Forwarding clearElement on session c454fee39c71aa9011c21d0744c05fc4 to remote] DEBUG org.asynchttpclient.netty.request.NettyRequestSender - Using pooled Channel '[id: 0xf37c05db, L:/127.0.0.1:52762 - R:localhost/127.0.0.1:56491]' for 'POST' to 'http://localhost:56491/session/c454fee39c71aa9011c21d0744c05fc4/element/ba3f1d25-6fdb-43ca-b6dc-e406e6945862/clear'
21:00:31.330 [Forwarding clearElement on session c454fee39c71aa9011c21d0744c05fc4 to remote] DEBUG org.asynchttpclient.netty.request.NettyRequestSender - Using open Channel [id: 0xf37c05db, L:/127.0.0.1:52762 - R:localhost/127.0.0.1:56491] for POST '/session/c454fee39c71aa9011c21d0744c05fc4/element/ba3f1d25-6fdb-43ca-b6dc-e406e6945862/clear'
21:00:31.371 [AsyncHttpClient-1-8] DEBUG org.asynchttpclient.netty.handler.HttpHandler - 

Request DefaultHttpRequest(decodeResult: success, version: HTTP/1.1)
POST /session/c454fee39c71aa9011c21d0744c05fc4/element/ba3f1d25-6fdb-43ca-b6dc-e406e6945862/clear HTTP/1.1
User-Agent: selenium/4.1.2 (java windows)
Content-Length: 50
Content-Type: application/json; charset=utf-8
host: localhost:56491
accept: */*

Response DefaultHttpResponse(decodeResult: success, version: HTTP/1.1)
HTTP/1.1 200 OK
Content-Type: application/json; charset=utf-8
cache-control: no-cache
content-length: 14

21:00:31.371 [AsyncHttpClient-1-8] DEBUG org.asynchttpclient.netty.channel.ChannelManager - Adding key: http://localhost:56491 for channel [id: 0xf37c05db, L:/127.0.0.1:52762 - R:localhost/127.0.0.1:56491]
21:00:31.373 [Forwarding sendKeysToElement on session c454fee39c71aa9011c21d0744c05fc4 to remote] DEBUG org.asynchttpclient.netty.request.NettyRequestSender - Using pooled Channel '[id: 0xf37c05db, L:/127.0.0.1:52762 - R:localhost/127.0.0.1:56491]' for 'POST' to 'http://localhost:56491/session/c454fee39c71aa9011c21d0744c05fc4/element/ba3f1d25-6fdb-43ca-b6dc-e406e6945862/value'
21:00:31.373 [Forwarding sendKeysToElement on session c454fee39c71aa9011c21d0744c05fc4 to remote] DEBUG org.asynchttpclient.netty.request.NettyRequestSender - Using open Channel [id: 0xf37c05db, L:/127.0.0.1:52762 - R:localhost/127.0.0.1:56491] for POST '/session/c454fee39c71aa9011c21d0744c05fc4/element/ba3f1d25-6fdb-43ca-b6dc-e406e6945862/value'
21:00:31.493 [AsyncHttpClient-1-8] DEBUG org.asynchttpclient.netty.handler.HttpHandler - 

Request DefaultHttpRequest(decodeResult: success, version: HTTP/1.1)
POST /session/c454fee39c71aa9011c21d0744c05fc4/element/ba3f1d25-6fdb-43ca-b6dc-e406e6945862/value HTTP/1.1
User-Agent: selenium/4.1.2 (java windows)
Content-Length: 191
Content-Type: application/json; charset=utf-8
host: localhost:56491
accept: */*

Response DefaultHttpResponse(decodeResult: success, version: HTTP/1.1)
HTTP/1.1 200 OK
Content-Type: application/json; charset=utf-8
cache-control: no-cache
content-length: 14

21:00:31.493 [AsyncHttpClient-1-8] DEBUG org.asynchttpclient.netty.channel.ChannelManager - Adding key: http://localhost:56491 for channel [id: 0xf37c05db, L:/127.0.0.1:52762 - R:localhost/127.0.0.1:56491]
21:00:31.511 [Forwarding screenshot on session c454fee39c71aa9011c21d0744c05fc4 to remote] DEBUG org.asynchttpclient.netty.request.NettyRequestSender - Using pooled Channel '[id: 0xf37c05db, L:/127.0.0.1:52762 - R:localhost/127.0.0.1:56491]' for 'GET' to 'http://localhost:56491/session/c454fee39c71aa9011c21d0744c05fc4/screenshot'
21:00:31.511 [Forwarding screenshot on session c454fee39c71aa9011c21d0744c05fc4 to remote] DEBUG org.asynchttpclient.netty.request.NettyRequestSender - Using open Channel [id: 0xf37c05db, L:/127.0.0.1:52762 - R:localhost/127.0.0.1:56491] for GET '/session/c454fee39c71aa9011c21d0744c05fc4/screenshot'
21:00:31.704 [AsyncHttpClient-1-8] DEBUG org.asynchttpclient.netty.handler.HttpHandler - 

Request DefaultFullHttpRequest(decodeResult: success, version: HTTP/1.1, content: EmptyByteBufBE)
GET /session/c454fee39c71aa9011c21d0744c05fc4/screenshot HTTP/1.1
User-Agent: selenium/4.1.2 (java windows)
Cache-Control: no-cache
Content-Type: application/json; charset=utf-8
host: localhost:56491
accept: */*

Response DefaultHttpResponse(decodeResult: success, version: HTTP/1.1)
HTTP/1.1 200 OK
Content-Type: application/json; charset=utf-8
cache-control: no-cache
content-length: 32512

21:00:31.704 [AsyncHttpClient-1-8] DEBUG org.asynchttpclient.netty.channel.ChannelManager - Adding key: http://localhost:56491 for channel [id: 0xf37c05db, L:/127.0.0.1:52762 - R:localhost/127.0.0.1:56491]
21:00:31.707 [main] DEBUG net.serenitybdd.core.photography.Darkroom - Send negative for processing for target\site\serenity\7f294f3954029ec14a7375bb6d541df1c541ecfc6ece31039c6e841966146339.png
21:00:31.707 [main] DEBUG net.thucydides.core.steps.StepInterceptor - STEP DONE: inputPassword
  &amp#27;[32mAnd &amp#27;[0m&amp#27;[32mi input invalid password&amp#27;[0m                                             &amp#27;[90m# starter.stepdefenitions.LoginSteps.inputInvalidPassword()&amp#27;[0m
21:00:31.707 [Darkroom Processing Line] DEBUG net.serenitybdd.core.photography.DarkroomProcessingLine - Processing screenshot image in /var/screenshots/screenshot-859672209676436774
21:00:31.707 [Darkroom Processing Line] DEBUG net.serenitybdd.core.photography.DarkroomProcessingLine - Saving screenshot to target\site\serenity\7f294f3954029ec14a7375bb6d541df1c541ecfc6ece31039c6e841966146339.png
21:00:31.726 [main] DEBUG net.thucydides.core.steps.StepInterceptor - STARTING STEP: LoginSteps.clickLoginButton - clickLoginButton
21:00:31.731 [Forwarding findElement on session c454fee39c71aa9011c21d0744c05fc4 to remote] DEBUG org.asynchttpclient.netty.request.NettyRequestSender - Using pooled Channel '[id: 0xf37c05db, L:/127.0.0.1:52762 - R:localhost/127.0.0.1:56491]' for 'POST' to 'http://localhost:56491/session/c454fee39c71aa9011c21d0744c05fc4/element'
21:00:31.732 [Forwarding findElement on session c454fee39c71aa9011c21d0744c05fc4 to remote] DEBUG org.asynchttpclient.netty.request.NettyRequestSender - Using open Channel [id: 0xf37c05db, L:/127.0.0.1:52762 - R:localhost/127.0.0.1:56491] for POST '/session/c454fee39c71aa9011c21d0744c05fc4/element'
21:00:31.749 [AsyncHttpClient-1-8] DEBUG org.asynchttpclient.netty.handler.HttpHandler - 

Request DefaultHttpRequest(decodeResult: success, version: HTTP/1.1)
POST /session/c454fee39c71aa9011c21d0744c05fc4/element HTTP/1.1
User-Agent: selenium/4.1.2 (java windows)
Content-Length: 83
Content-Type: application/json; charset=utf-8
host: localhost:56491
accept: */*

Response DefaultHttpResponse(decodeResult: success, version: HTTP/1.1)
HTTP/1.1 200 OK
Content-Type: application/json; charset=utf-8
cache-control: no-cache
content-length: 88

21:00:31.749 [AsyncHttpClient-1-8] DEBUG org.asynchttpclient.netty.channel.ChannelManager - Adding key: http://localhost:56491 for channel [id: 0xf37c05db, L:/127.0.0.1:52762 - R:localhost/127.0.0.1:56491]
21:00:31.753 [Forwarding getElementTagName on session c454fee39c71aa9011c21d0744c05fc4 to remote] DEBUG org.asynchttpclient.netty.request.NettyRequestSender - Using pooled Channel '[id: 0xf37c05db, L:/127.0.0.1:52762 - R:localhost/127.0.0.1:56491]' for 'GET' to 'http://localhost:56491/session/c454fee39c71aa9011c21d0744c05fc4/element/0e38d34c-e93e-4e07-96a7-743d08c44c26/name'
21:00:31.753 [Forwarding getElementTagName on session c454fee39c71aa9011c21d0744c05fc4 to remote] DEBUG org.asynchttpclient.netty.request.NettyRequestSender - Using open Channel [id: 0xf37c05db, L:/127.0.0.1:52762 - R:localhost/127.0.0.1:56491] for GET '/session/c454fee39c71aa9011c21d0744c05fc4/element/0e38d34c-e93e-4e07-96a7-743d08c44c26/name'
21:00:31.761 [AsyncHttpClient-1-8] DEBUG org.asynchttpclient.netty.handler.HttpHandler - 

Request DefaultFullHttpRequest(decodeResult: success, version: HTTP/1.1, content: EmptyByteBufBE)
GET /session/c454fee39c71aa9011c21d0744c05fc4/element/0e38d34c-e93e-4e07-96a7-743d08c44c26/name HTTP/1.1
User-Agent: selenium/4.1.2 (java windows)
Cache-Control: no-cache
Content-Type: application/json; charset=utf-8
host: localhost:56491
accept: */*

Response DefaultHttpResponse(decodeResult: success, version: HTTP/1.1)
HTTP/1.1 200 OK
Content-Type: application/json; charset=utf-8
cache-control: no-cache
content-length: 16

21:00:31.762 [AsyncHttpClient-1-8] DEBUG org.asynchttpclient.netty.channel.ChannelManager - Adding key: http://localhost:56491 for channel [id: 0xf37c05db, L:/127.0.0.1:52762 - R:localhost/127.0.0.1:56491]
21:00:31.763 [Forwarding getElementTagName on session c454fee39c71aa9011c21d0744c05fc4 to remote] DEBUG org.asynchttpclient.netty.request.NettyRequestSender - Using pooled Channel '[id: 0xf37c05db, L:/127.0.0.1:52762 - R:localhost/127.0.0.1:56491]' for 'GET' to 'http://localhost:56491/session/c454fee39c71aa9011c21d0744c05fc4/element/0e38d34c-e93e-4e07-96a7-743d08c44c26/name'
21:00:31.763 [Forwarding getElementTagName on session c454fee39c71aa9011c21d0744c05fc4 to remote] DEBUG org.asynchttpclient.netty.request.NettyRequestSender - Using open Channel [id: 0xf37c05db, L:/127.0.0.1:52762 - R:localhost/127.0.0.1:56491] for GET '/session/c454fee39c71aa9011c21d0744c05fc4/element/0e38d34c-e93e-4e07-96a7-743d08c44c26/name'
21:00:31.767 [AsyncHttpClient-1-8] DEBUG org.asynchttpclient.netty.handler.HttpHandler - 

Request DefaultFullHttpRequest(decodeResult: success, version: HTTP/1.1, content: EmptyByteBufBE)
GET /session/c454fee39c71aa9011c21d0744c05fc4/element/0e38d34c-e93e-4e07-96a7-743d08c44c26/name HTTP/1.1
User-Agent: selenium/4.1.2 (java windows)
Cache-Control: no-cache
Content-Type: application/json; charset=utf-8
host: localhost:56491
accept: */*

Response DefaultHttpResponse(decodeResult: success, version: HTTP/1.1)
HTTP/1.1 200 OK
Content-Type: application/json; charset=utf-8
cache-control: no-cache
content-length: 16

21:00:31.768 [AsyncHttpClient-1-8] DEBUG org.asynchttpclient.netty.channel.ChannelManager - Adding key: http://localhost:56491 for channel [id: 0xf37c05db, L:/127.0.0.1:52762 - R:localhost/127.0.0.1:56491]
21:00:31.773 [Forwarding findElement on session c454fee39c71aa9011c21d0744c05fc4 to remote] DEBUG org.asynchttpclient.netty.request.NettyRequestSender - Using pooled Channel '[id: 0xf37c05db, L:/127.0.0.1:52762 - R:localhost/127.0.0.1:56491]' for 'POST' to 'http://localhost:56491/session/c454fee39c71aa9011c21d0744c05fc4/element'
21:00:31.773 [Forwarding findElement on session c454fee39c71aa9011c21d0744c05fc4 to remote] DEBUG org.asynchttpclient.netty.request.NettyRequestSender - Using open Channel [id: 0xf37c05db, L:/127.0.0.1:52762 - R:localhost/127.0.0.1:56491] for POST '/session/c454fee39c71aa9011c21d0744c05fc4/element'
21:00:31.782 [AsyncHttpClient-1-8] DEBUG org.asynchttpclient.netty.handler.HttpHandler - 

Request DefaultHttpRequest(decodeResult: success, version: HTTP/1.1)
POST /session/c454fee39c71aa9011c21d0744c05fc4/element HTTP/1.1
User-Agent: selenium/4.1.2 (java windows)
Content-Length: 83
Content-Type: application/json; charset=utf-8
host: localhost:56491
accept: */*

Response DefaultHttpResponse(decodeResult: success, version: HTTP/1.1)
HTTP/1.1 200 OK
Content-Type: application/json; charset=utf-8
cache-control: no-cache
content-length: 88

21:00:31.782 [AsyncHttpClient-1-8] DEBUG org.asynchttpclient.netty.channel.ChannelManager - Adding key: http://localhost:56491 for channel [id: 0xf37c05db, L:/127.0.0.1:52762 - R:localhost/127.0.0.1:56491]
21:00:31.784 [Forwarding clickElement on session c454fee39c71aa9011c21d0744c05fc4 to remote] DEBUG org.asynchttpclient.netty.request.NettyRequestSender - Using pooled Channel '[id: 0xf37c05db, L:/127.0.0.1:52762 - R:localhost/127.0.0.1:56491]' for 'POST' to 'http://localhost:56491/session/c454fee39c71aa9011c21d0744c05fc4/element/0e38d34c-e93e-4e07-96a7-743d08c44c26/click'
21:00:31.785 [Forwarding clickElement on session c454fee39c71aa9011c21d0744c05fc4 to remote] DEBUG org.asynchttpclient.netty.request.NettyRequestSender - Using open Channel [id: 0xf37c05db, L:/127.0.0.1:52762 - R:localhost/127.0.0.1:56491] for POST '/session/c454fee39c71aa9011c21d0744c05fc4/element/0e38d34c-e93e-4e07-96a7-743d08c44c26/click'
21:00:31.848 [AsyncHttpClient-1-8] DEBUG org.asynchttpclient.netty.handler.HttpHandler - 

Request DefaultHttpRequest(decodeResult: success, version: HTTP/1.1)
POST /session/c454fee39c71aa9011c21d0744c05fc4/element/0e38d34c-e93e-4e07-96a7-743d08c44c26/click HTTP/1.1
User-Agent: selenium/4.1.2 (java windows)
Content-Length: 50
Content-Type: application/json; charset=utf-8
host: localhost:56491
accept: */*

Response DefaultHttpResponse(decodeResult: success, version: HTTP/1.1)
HTTP/1.1 200 OK
Content-Type: application/json; charset=utf-8
cache-control: no-cache
content-length: 14

21:00:31.848 [AsyncHttpClient-1-8] DEBUG org.asynchttpclient.netty.channel.ChannelManager - Adding key: http://localhost:56491 for channel [id: 0xf37c05db, L:/127.0.0.1:52762 - R:localhost/127.0.0.1:56491]
21:00:31.862 [Forwarding screenshot on session c454fee39c71aa9011c21d0744c05fc4 to remote] DEBUG org.asynchttpclient.netty.request.NettyRequestSender - Using pooled Channel '[id: 0xf37c05db, L:/127.0.0.1:52762 - R:localhost/127.0.0.1:56491]' for 'GET' to 'http://localhost:56491/session/c454fee39c71aa9011c21d0744c05fc4/screenshot'
21:00:31.862 [Forwarding screenshot on session c454fee39c71aa9011c21d0744c05fc4 to remote] DEBUG org.asynchttpclient.netty.request.NettyRequestSender - Using open Channel [id: 0xf37c05db, L:/127.0.0.1:52762 - R:localhost/127.0.0.1:56491] for GET '/session/c454fee39c71aa9011c21d0744c05fc4/screenshot'
21:00:32.065 [AsyncHttpClient-1-8] DEBUG org.asynchttpclient.netty.handler.HttpHandler - 

Request DefaultFullHttpRequest(decodeResult: success, version: HTTP/1.1, content: EmptyByteBufBE)
GET /session/c454fee39c71aa9011c21d0744c05fc4/screenshot HTTP/1.1
User-Agent: selenium/4.1.2 (java windows)
Cache-Control: no-cache
Content-Type: application/json; charset=utf-8
host: localhost:56491
accept: */*

Response DefaultHttpResponse(decodeResult: success, version: HTTP/1.1)
HTTP/1.1 200 OK
Content-Type: application/json; charset=utf-8
cache-control: no-cache
content-length: 31796

21:00:32.065 [AsyncHttpClient-1-8] DEBUG org.asynchttpclient.netty.channel.ChannelManager - Adding key: http://localhost:56491 for channel [id: 0xf37c05db, L:/127.0.0.1:52762 - R:localhost/127.0.0.1:56491]
21:00:32.069 [main] DEBUG net.serenitybdd.core.photography.Darkroom - Send negative for processing for target\site\serenity\3d064ad6d1b7547a4a134ad626c8172b87571fc6d1b82b1271612bcaa5bb6cc9.png
21:00:32.070 [main] DEBUG net.thucydides.core.steps.StepInterceptor - STEP DONE: clickLoginButton
21:00:32.070 [Darkroom Processing Line] DEBUG net.serenitybdd.core.photography.DarkroomProcessingLine - Processing screenshot image in /var/screenshots/screenshot-4448511511074142128
  &amp#27;[32mAnd &amp#27;[0m&amp#27;[32mi click login button&amp#27;[0m                                                 &amp#27;[90m# starter.stepdefenitions.LoginSteps.clickLoginButton()&amp#27;[0m
21:00:32.070 [Darkroom Processing Line] DEBUG net.serenitybdd.core.photography.DarkroomProcessingLine - Saving screenshot to target\site\serenity\3d064ad6d1b7547a4a134ad626c8172b87571fc6d1b82b1271612bcaa5bb6cc9.png
21:00:32.096 [main] DEBUG net.thucydides.core.steps.StepInterceptor - STARTING STEP: LoginSteps.iFailedToLoginAndGetErrorMessage - getInvalidMessage
21:00:32.100 [Forwarding findElement on session c454fee39c71aa9011c21d0744c05fc4 to remote] DEBUG org.asynchttpclient.netty.request.NettyRequestSender - Using pooled Channel '[id: 0xf37c05db, L:/127.0.0.1:52762 - R:localhost/127.0.0.1:56491]' for 'POST' to 'http://localhost:56491/session/c454fee39c71aa9011c21d0744c05fc4/element'
21:00:32.100 [Forwarding findElement on session c454fee39c71aa9011c21d0744c05fc4 to remote] DEBUG org.asynchttpclient.netty.request.NettyRequestSender - Using open Channel [id: 0xf37c05db, L:/127.0.0.1:52762 - R:localhost/127.0.0.1:56491] for POST '/session/c454fee39c71aa9011c21d0744c05fc4/element'
21:00:32.103 [AsyncHttpClient-1-8] DEBUG org.asynchttpclient.netty.handler.HttpHandler - 

Request DefaultHttpRequest(decodeResult: success, version: HTTP/1.1)
POST /session/c454fee39c71aa9011c21d0744c05fc4/element HTTP/1.1
User-Agent: selenium/4.1.2 (java windows)
Content-Length: 53
Content-Type: application/json; charset=utf-8
host: localhost:56491
accept: */*

Response DefaultHttpResponse(decodeResult: success, version: HTTP/1.1)
HTTP/1.1 400 Bad Request
Content-Type: application/json; charset=utf-8
cache-control: no-cache
content-length: 957

21:00:32.104 [AsyncHttpClient-1-8] DEBUG org.asynchttpclient.netty.channel.ChannelManager - Adding key: http://localhost:56491 for channel [id: 0xf37c05db, L:/127.0.0.1:52762 - R:localhost/127.0.0.1:56491]
21:00:32.106 [Forwarding findElement on session c454fee39c71aa9011c21d0744c05fc4 to remote] DEBUG org.asynchttpclient.netty.request.NettyRequestSender - Using pooled Channel '[id: 0xf37c05db, L:/127.0.0.1:52762 - R:localhost/127.0.0.1:56491]' for 'POST' to 'http://localhost:56491/session/c454fee39c71aa9011c21d0744c05fc4/element'
21:00:32.106 [Forwarding findElement on session c454fee39c71aa9011c21d0744c05fc4 to remote] DEBUG org.asynchttpclient.netty.request.NettyRequestSender - Using open Channel [id: 0xf37c05db, L:/127.0.0.1:52762 - R:localhost/127.0.0.1:56491] for POST '/session/c454fee39c71aa9011c21d0744c05fc4/element'
21:00:32.348 [AsyncHttpClient-1-8] DEBUG org.asynchttpclient.netty.handler.HttpHandler - 

Request DefaultHttpRequest(decodeResult: success, version: HTTP/1.1)
POST /session/c454fee39c71aa9011c21d0744c05fc4/element HTTP/1.1
User-Agent: selenium/4.1.2 (java windows)
Content-Length: 63
Content-Type: application/json; charset=utf-8
host: localhost:56491
accept: */*

Response DefaultHttpResponse(decodeResult: success, version: HTTP/1.1)
HTTP/1.1 200 OK
Content-Type: application/json; charset=utf-8
cache-control: no-cache
content-length: 88

21:00:32.348 [AsyncHttpClient-1-8] DEBUG org.asynchttpclient.netty.channel.ChannelManager - Adding key: http://localhost:56491 for channel [id: 0xf37c05db, L:/127.0.0.1:52762 - R:localhost/127.0.0.1:56491]
21:00:32.352 [Forwarding isElementDisplayed on session c454fee39c71aa9011c21d0744c05fc4 to remote] DEBUG org.asynchttpclient.netty.request.NettyRequestSender - Using pooled Channel '[id: 0xf37c05db, L:/127.0.0.1:52762 - R:localhost/127.0.0.1:56491]' for 'POST' to 'http://localhost:56491/session/c454fee39c71aa9011c21d0744c05fc4/execute/sync'
21:00:32.353 [Forwarding isElementDisplayed on session c454fee39c71aa9011c21d0744c05fc4 to remote] DEBUG org.asynchttpclient.netty.request.NettyRequestSender - Using open Channel [id: 0xf37c05db, L:/127.0.0.1:52762 - R:localhost/127.0.0.1:56491] for POST '/session/c454fee39c71aa9011c21d0744c05fc4/execute/sync'
21:00:32.382 [AsyncHttpClient-1-8] DEBUG org.asynchttpclient.netty.handler.HttpHandler - 

Request DefaultHttpRequest(decodeResult: success, version: HTTP/1.1)
POST /session/c454fee39c71aa9011c21d0744c05fc4/execute/sync HTTP/1.1
User-Agent: selenium/4.1.2 (java windows)
Content-Length: 48780
Content-Type: application/json; charset=utf-8
host: localhost:56491
accept: */*

Response DefaultHttpResponse(decodeResult: success, version: HTTP/1.1)
HTTP/1.1 200 OK
Content-Type: application/json; charset=utf-8
cache-control: no-cache
content-length: 14

21:00:32.382 [AsyncHttpClient-1-8] DEBUG org.asynchttpclient.netty.channel.ChannelManager - Adding key: http://localhost:56491 for channel [id: 0xf37c05db, L:/127.0.0.1:52762 - R:localhost/127.0.0.1:56491]
21:00:32.387 [Forwarding screenshot on session c454fee39c71aa9011c21d0744c05fc4 to remote] DEBUG org.asynchttpclient.netty.request.NettyRequestSender - Using pooled Channel '[id: 0xf37c05db, L:/127.0.0.1:52762 - R:localhost/127.0.0.1:56491]' for 'GET' to 'http://localhost:56491/session/c454fee39c71aa9011c21d0744c05fc4/screenshot'
21:00:32.387 [Forwarding screenshot on session c454fee39c71aa9011c21d0744c05fc4 to remote] DEBUG org.asynchttpclient.netty.request.NettyRequestSender - Using open Channel [id: 0xf37c05db, L:/127.0.0.1:52762 - R:localhost/127.0.0.1:56491] for GET '/session/c454fee39c71aa9011c21d0744c05fc4/screenshot'
21:00:32.395 [AsyncHttpClient-1-1] DEBUG org.asynchttpclient.netty.channel.DefaultChannelPool - Entry count for : http://localhost:52763 : 1
21:00:32.588 [AsyncHttpClient-1-8] DEBUG org.asynchttpclient.netty.handler.HttpHandler - 

Request DefaultFullHttpRequest(decodeResult: success, version: HTTP/1.1, content: EmptyByteBufBE)
GET /session/c454fee39c71aa9011c21d0744c05fc4/screenshot HTTP/1.1
User-Agent: selenium/4.1.2 (java windows)
Cache-Control: no-cache
Content-Type: application/json; charset=utf-8
host: localhost:56491
accept: */*

Response DefaultHttpResponse(decodeResult: success, version: HTTP/1.1)
HTTP/1.1 200 OK
Content-Type: application/json; charset=utf-8
cache-control: no-cache
content-length: 36960

21:00:32.589 [AsyncHttpClient-1-8] DEBUG org.asynchttpclient.netty.channel.ChannelManager - Adding key: http://localhost:56491 for channel [id: 0xf37c05db, L:/127.0.0.1:52762 - R:localhost/127.0.0.1:56491]
21:00:32.593 [main] DEBUG net.serenitybdd.core.photography.Darkroom - Send negative for processing for target\site\serenity\c142c16b9e1fd2b744c6c09314ab0aed3c62e1bbb6d17d0472ae3426aeb7562b.png
21:00:32.593 [main] DEBUG net.thucydides.core.steps.StepInterceptor - STEP DONE: getInvalidMessage
21:00:32.593 [Darkroom Processing Line] DEBUG net.serenitybdd.core.photography.DarkroomProcessingLine - Processing screenshot image in /var/screenshots/screenshot-5268683713346279967
21:00:32.593 [Darkroom Processing Line] DEBUG net.serenitybdd.core.photography.DarkroomProcessingLine - Saving screenshot to target\site\serenity\c142c16b9e1fd2b744c6c09314ab0aed3c62e1bbb6d17d0472ae3426aeb7562b.png
  &amp#27;[32mThen &amp#27;[0m&amp#27;[32mi failed to login and get error message &amp#27;[0m&amp#27;[32m&amp#27;[1m"email or password invalid"&amp#27;[0m &amp#27;[90m# starter.stepdefenitions.LoginSteps.iFailedToLoginAndGetErrorMessage(java.lang.String)&amp#27;[0m
21:00:32.603 [main] INFO  - 
  _____   ___   ___   _____     ___     _     ___   ___   ___   ___  
 |_   _| | __| / __| |_   _|   | _ \   /_\   / __| / __| | __| |   \ 
   | |   | _|  \__ \   | |     |  _/  / _ \  \__ \ \__ \ | _|  | |) |
   |_|   |___| |___/   |_|     |_|   /_/ \_\ |___/ |___/ |___| |___/ 

As user i have failed to login with invalid password
----------------------------------------------------------------------
21:00:32.605 [AsyncHttpClient-1-2] DEBUG org.asynchttpclient.netty.handler.WebSocketHandler - Channel Closed: [id: 0x872a9140, L:/127.0.0.1:52770 ! R:localhost/127.0.0.1:52763] with attribute NettyResponseFuture{currentRetry=5,
	isDone=1,
	isCancelled=0,
	asyncHandler=org.asynchttpclient.ws.WebSocketUpgradeHandler@32af6141,
	nettyRequest=org.asynchttpclient.netty.request.NettyRequest@79aab343,
	future=java.util.concurrent.CompletableFuture@2b3dd779[Completed normally],
	uri=ws://localhost:52763/devtools/browser/4eafc958-cddc-42b1-a595-ff02b5768d6c,
	keepAlive=true,
	redirectCount=0,
	timeoutsHolder=null,
	inAuth=0,
	touch=1652450421435}
21:00:32.606 [AsyncHttpClient-1-2] DEBUG org.asynchttpclient.netty.channel.ChannelManager - Closing Channel [id: 0x872a9140, L:/127.0.0.1:52770 ! R:localhost/127.0.0.1:52763] 
21:00:32.606 [Driver Command Executor] DEBUG org.asynchttpclient.netty.request.NettyRequestSender - Using pooled Channel '[id: 0xf37c05db, L:/127.0.0.1:52762 - R:localhost/127.0.0.1:56491]' for 'DELETE' to 'http://localhost:56491/session/c454fee39c71aa9011c21d0744c05fc4'
21:00:32.606 [Driver Command Executor] DEBUG org.asynchttpclient.netty.request.NettyRequestSender - Using open Channel [id: 0xf37c05db, L:/127.0.0.1:52762 - R:localhost/127.0.0.1:56491] for DELETE '/session/c454fee39c71aa9011c21d0744c05fc4'
21:00:32.675 [AsyncHttpClient-1-9] DEBUG org.asynchttpclient.netty.handler.HttpHandler - Unexpected I/O exception on channel [id: 0x20cfc0e4, L:/127.0.0.1:52769 - R:localhost/127.0.0.1:52763]
java.io.IOException: An existing connection was forcibly closed by the remote host
	at sun.nio.ch.SocketDispatcher.read0(Native Method)
	at sun.nio.ch.SocketDispatcher.read(SocketDispatcher.java:43)
	at sun.nio.ch.IOUtil.readIntoNativeBuffer(IOUtil.java:223)
	at sun.nio.ch.IOUtil.read(IOUtil.java:192)
	at sun.nio.ch.SocketChannelImpl.read(SocketChannelImpl.java:378)
	at io.netty.buffer.PooledByteBuf.setBytes(PooledByteBuf.java:258)
	at io.netty.buffer.AbstractByteBuf.writeBytes(AbstractByteBuf.java:1132)
	at io.netty.channel.socket.nio.NioSocketChannel.doReadBytes(NioSocketChannel.java:350)
	at io.netty.channel.nio.AbstractNioByteChannel$NioByteUnsafe.read(AbstractNioByteChannel.java:151)
	at io.netty.channel.nio.NioEventLoop.processSelectedKey(NioEventLoop.java:722)
	at io.netty.channel.nio.NioEventLoop.processSelectedKeysOptimized(NioEventLoop.java:658)
	at io.netty.channel.nio.NioEventLoop.processSelectedKeys(NioEventLoop.java:584)
	at io.netty.channel.nio.NioEventLoop.run(NioEventLoop.java:496)
	at io.netty.util.concurrent.SingleThreadEventExecutor$4.run(SingleThreadEventExecutor.java:986)
	at io.netty.util.internal.ThreadExecutorMap$2.run(ThreadExecutorMap.java:74)
	at io.netty.util.concurrent.FastThreadLocalRunnable.run(FastThreadLocalRunnable.java:30)
	at java.lang.Thread.run(Thread.java:750)
21:00:32.675 [AsyncHttpClient-1-9] DEBUG org.asynchttpclient.netty.channel.ChannelManager - Closing Channel [id: 0x20cfc0e4, L:/127.0.0.1:52769 - R:localhost/127.0.0.1:52763] 
21:00:32.675 [AsyncHttpClient-1-9] DEBUG org.asynchttpclient.netty.handler.HttpHandler - Channel Closed: [id: 0x20cfc0e4, L:/127.0.0.1:52769 ! R:localhost/127.0.0.1:52763] with attribute DISCARD
21:00:32.711 [AsyncHttpClient-1-8] DEBUG org.asynchttpclient.netty.handler.HttpHandler - 

Request DefaultFullHttpRequest(decodeResult: success, version: HTTP/1.1, content: EmptyByteBufBE)
DELETE /session/c454fee39c71aa9011c21d0744c05fc4 HTTP/1.1
User-Agent: selenium/4.1.2 (java windows)
Content-Type: application/json; charset=utf-8
host: localhost:56491
accept: */*

Response DefaultHttpResponse(decodeResult: success, version: HTTP/1.1)
HTTP/1.1 200 OK
Content-Type: application/json; charset=utf-8
cache-control: no-cache
content-length: 14

21:00:32.711 [AsyncHttpClient-1-8] DEBUG org.asynchttpclient.netty.channel.ChannelManager - Adding key: http://localhost:56491 for channel [id: 0xf37c05db, L:/127.0.0.1:52762 - R:localhost/127.0.0.1:56491]
21:00:32.818 [AsyncHttpClient-1-8] DEBUG org.asynchttpclient.netty.handler.HttpHandler - Channel Closed: [id: 0xf37c05db, L:/127.0.0.1:52762 ! R:localhost/127.0.0.1:56491] with attribute DISCARD
]]></system-out>
    <system-err><![CDATA[Starting ChromeDriver 100.0.4896.60 (6a5d10861ce8de5fce22564658033b43cb7de047-refs/branch-heads/4896@{#875}) on port 56491
Only local connections are allowed.
Please see https://chromedriver.chromium.org/security-considerations for suggestions on keeping ChromeDriver safe.
ChromeDriver was started successfully.
[1652450421.350][WARNING]: This version of ChromeDriver has not been tested with Chrome version 101.
May 13, 2022 9:00:21 PM org.openqa.selenium.remote.ProtocolHandshake createSession
INFO: Detected dialect: W3C
May 13, 2022 9:00:21 PM org.openqa.selenium.devtools.CdpVersionFinder findNearestMatch
WARNING: Unable to find an exact match for CDP version 101, so returning the closest version found: 97
May 13, 2022 9:00:21 PM org.openqa.selenium.devtools.CdpVersionFinder findNearestMatch
INFO: Found CDP implementation for version 101 of 97
]]></system-err>
  </testcase>
  <testcase name="As user i have failed to login with invalid email" classname="As user I want to login So that i can see home page" time="14.906">
    <system-out><![CDATA[
@login @negative
Scenario: As user i have failed to login with invalid email     &amp#27;[90m# src/test/resources/features/Login.feature:22&amp#27;[0m
21:00:33.408 [main] INFO io.cucumber.core.plugin.SerenityReporter - Running feature from file:///D:/kampus%20merdeka/QE_MUHAMMAD%20ADIBASYAH/miniproject/web/src/test/resources/features/Login.feature
21:00:33.411 [main] INFO  - 
  _____   ___   ___   _____     ___   _____     _     ___   _____   ___   ___  
 |_   _| | __| / __| |_   _|   / __| |_   _|   /_\   | _ \ |_   _| | __| |   \ 
   | |   | _|  \__ \   | |     \__ \   | |    / _ \  |   /   | |   | _|  | |) |
   |_|   |___| |___/   |_|     |___/   |_|   /_/ \_\ |_|_\   |_|   |___| |___/ 

As user i have failed to login with invalid email(as-user-i-want-to-login-so-that-i-can-see-home-page;as-user-i-have-failed-to-login-with-invalid-email)
--------------------------------------------------------------------------------
21:00:33.448 [main] DEBUG net.thucydides.core.steps.StepInterceptor - STARTING STEP: LoginSteps.onLoginPage - openPage
21:00:33.451 [main] INFO net.serenitybdd.core.webdriver.driverproviders.ChromeDriverProvider - Using automatically driver download
21:00:33.493 [AsyncHttpClient-1-1] DEBUG org.asynchttpclient.netty.channel.DefaultChannelPool - Entry count for : http://localhost:56491 : 1
21:00:33.493 [AsyncHttpClient-1-1] DEBUG org.asynchttpclient.netty.channel.DefaultChannelPool - Entry count for : http://localhost:52763 : 1
21:00:33.494 [AsyncHttpClient-1-1] DEBUG org.asynchttpclient.netty.channel.DefaultChannelPool - Adding Candidate expired Channel [id: 0xf37c05db, L:/127.0.0.1:52762 ! R:localhost/127.0.0.1:56491] isIdleTimeoutExpired=false isRemotelyClosed=true isTtlExpired=false
21:00:33.494 [AsyncHttpClient-1-1] DEBUG org.asynchttpclient.netty.channel.DefaultChannelPool - Closing Idle Channel [id: 0xf37c05db, L:/127.0.0.1:52762 ! R:localhost/127.0.0.1:56491]
21:00:33.494 [AsyncHttpClient-1-1] DEBUG org.asynchttpclient.netty.channel.DefaultChannelPool - Adding Candidate expired Channel [id: 0x20cfc0e4, L:/127.0.0.1:52769 ! R:localhost/127.0.0.1:52763] isIdleTimeoutExpired=false isRemotelyClosed=true isTtlExpired=false
21:00:33.494 [AsyncHttpClient-1-1] DEBUG org.asynchttpclient.netty.channel.DefaultChannelPool - Closing Idle Channel [id: 0x20cfc0e4, L:/127.0.0.1:52769 ! R:localhost/127.0.0.1:52763]
21:00:33.494 [AsyncHttpClient-1-1] DEBUG org.asynchttpclient.netty.channel.DefaultChannelPool - Closed 2 connections out of 2 in 1 ms
21:00:33.686 [main] DEBUG io.github.bonigarcia.wdm.cache.ResolutionCache - Resolution chrome=101 in cache (valid until 21:59:22 13/05/2022 ICT)
21:00:33.694 [main] DEBUG io.github.bonigarcia.wdm.cache.ResolutionCache - Resolution chrome101=101.0.4951.41 in cache (valid until 20:59:22 14/05/2022 ICT)
21:00:33.697 [main] INFO io.github.bonigarcia.wdm.WebDriverManager - Using chromedriver 101.0.4951.41 (resolved driver for Chrome 101)
21:00:33.714 [main] DEBUG io.github.bonigarcia.wdm.WebDriverManager - Driver chromedriver 101.0.4951.41 found in cache
21:00:33.715 [main] INFO io.github.bonigarcia.wdm.WebDriverManager - Exporting webdriver.chrome.driver as C:\Users\Admin\.cache\selenium\chromedriver\win32\101.0.4951.41\chromedriver.exe
21:00:33.863 [main] DEBUG net.serenitybdd.core.webdriver.driverproviders.ProvideNewDriver - Instantiating driver
21:00:33.864 [main] DEBUG net.serenitybdd.core.webdriver.driverproviders.ProvideNewDriver - Driver capabilities: Capabilities {acceptInsecureCerts: false, base.url: https://qa.alta.id/, browserName: chrome, chrome.driver: src/test/resources/webdrive..., driver: chrome, goog:chromeOptions: {args: [], extensions: []}}
21:00:34.423 [AsyncHttpClient-1-3] DEBUG org.asynchttpclient.netty.channel.NettyConnectListener - Using new Channel '[id: 0xbc6be616, L:/127.0.0.1:52800 - R:localhost/127.0.0.1:55710]' for 'POST' to '/session'
21:00:35.480 [AsyncHttpClient-1-3] DEBUG org.asynchttpclient.netty.handler.HttpHandler - 

Request DefaultHttpRequest(decodeResult: success, version: HTTP/1.1)
POST /session HTTP/1.1
User-Agent: selenium/4.1.2 (java windows)
Content-Length: 605
Content-Type: application/json; charset=utf-8
host: localhost:55710
accept: */*

Response DefaultHttpResponse(decodeResult: success, version: HTTP/1.1)
HTTP/1.1 200 OK
Content-Type: application/json; charset=utf-8
cache-control: no-cache
content-length: 788

21:00:35.481 [AsyncHttpClient-1-3] DEBUG org.asynchttpclient.netty.channel.ChannelManager - Adding key: http://localhost:55710 for channel [id: 0xbc6be616, L:/127.0.0.1:52800 - R:localhost/127.0.0.1:55710]
21:00:35.516 [AsyncHttpClient-1-4] DEBUG org.asynchttpclient.netty.channel.NettyConnectListener - Using new Channel '[id: 0x8ce0ca54, L:/127.0.0.1:52807 - R:localhost/127.0.0.1:52801]' for 'GET' to '/json/version'
21:00:35.517 [AsyncHttpClient-1-4] DEBUG org.asynchttpclient.netty.handler.HttpHandler - 

Request DefaultFullHttpRequest(decodeResult: success, version: HTTP/1.1, content: EmptyByteBufBE)
GET /json/version HTTP/1.1
User-Agent: selenium/4.1.2 (java windows)
host: localhost:52801
accept: */*

Response DefaultHttpResponse(decodeResult: success, version: HTTP/1.1)
HTTP/1.1 200 OK
Content-Type: application/json; charset=UTF-8
content-length: 427

21:00:35.518 [AsyncHttpClient-1-4] DEBUG org.asynchttpclient.netty.channel.ChannelManager - Adding key: http://localhost:52801 for channel [id: 0x8ce0ca54, L:/127.0.0.1:52807 - R:localhost/127.0.0.1:52801]
21:00:35.535 [AsyncHttpClient-1-5] DEBUG org.asynchttpclient.netty.channel.NettyConnectListener - Using new Channel '[id: 0xdbba3c7a, L:/127.0.0.1:52808 - R:localhost/127.0.0.1:52801]' for 'GET' to '/devtools/browser/d8c6041d-15c0-4f10-bec4-e380b7518611'
21:00:35.538 [AsyncHttpClient-1-5] DEBUG org.asynchttpclient.netty.handler.WebSocketHandler - 

Request DefaultFullHttpRequest(decodeResult: success, version: HTTP/1.1, content: EmptyByteBufBE)
GET /devtools/browser/d8c6041d-15c0-4f10-bec4-e380b7518611 HTTP/1.1
upgrade: websocket
connection: upgrade
sec-websocket-key: j+ivLFt9b+ze7ugWzooCnQ==
sec-websocket-version: 13
origin: http://localhost:52801
host: localhost:52801
accept: */*
user-agent: AHC/2.1

Response DefaultHttpResponse(decodeResult: success, version: HTTP/1.1)
HTTP/1.1 101 WebSocket Protocol Handshake
Upgrade: WebSocket
Connection: Upgrade
Sec-WebSocket-Accept: /0hJyhGHkfcoYu9nCCfTnYTWF3Y=

21:00:35.553 [Forwarding setCurrentWindowSize on session 5ddd38b7ed6faf694185b9aad59ed5f2 to remote] DEBUG org.asynchttpclient.netty.request.NettyRequestSender - Using pooled Channel '[id: 0xbc6be616, L:/127.0.0.1:52800 - R:localhost/127.0.0.1:55710]' for 'POST' to 'http://localhost:55710/session/5ddd38b7ed6faf694185b9aad59ed5f2/window/rect'
21:00:35.553 [Forwarding setCurrentWindowSize on session 5ddd38b7ed6faf694185b9aad59ed5f2 to remote] DEBUG org.asynchttpclient.netty.request.NettyRequestSender - Using open Channel [id: 0xbc6be616, L:/127.0.0.1:52800 - R:localhost/127.0.0.1:55710] for POST '/session/5ddd38b7ed6faf694185b9aad59ed5f2/window/rect'
21:00:35.699 [AsyncHttpClient-1-1] DEBUG org.asynchttpclient.netty.channel.DefaultChannelPool - Entry count for : http://localhost:52801 : 1
21:00:35.703 [AsyncHttpClient-1-3] DEBUG org.asynchttpclient.netty.handler.HttpHandler - 

Request DefaultHttpRequest(decodeResult: success, version: HTTP/1.1)
POST /session/5ddd38b7ed6faf694185b9aad59ed5f2/window/rect HTTP/1.1
User-Agent: selenium/4.1.2 (java windows)
Content-Length: 37
Content-Type: application/json; charset=utf-8
host: localhost:55710
accept: */*

Response DefaultHttpResponse(decodeResult: success, version: HTTP/1.1)
HTTP/1.1 200 OK
Content-Type: application/json; charset=utf-8
cache-control: no-cache
content-length: 51

21:00:35.703 [AsyncHttpClient-1-3] DEBUG org.asynchttpclient.netty.channel.ChannelManager - Adding key: http://localhost:55710 for channel [id: 0xbc6be616, L:/127.0.0.1:52800 - R:localhost/127.0.0.1:55710]
21:00:35.707 [Forwarding setWindowPosition on session 5ddd38b7ed6faf694185b9aad59ed5f2 to remote] DEBUG org.asynchttpclient.netty.request.NettyRequestSender - Using pooled Channel '[id: 0xbc6be616, L:/127.0.0.1:52800 - R:localhost/127.0.0.1:55710]' for 'POST' to 'http://localhost:55710/session/5ddd38b7ed6faf694185b9aad59ed5f2/window/rect'
21:00:35.707 [Forwarding setWindowPosition on session 5ddd38b7ed6faf694185b9aad59ed5f2 to remote] DEBUG org.asynchttpclient.netty.request.NettyRequestSender - Using open Channel [id: 0xbc6be616, L:/127.0.0.1:52800 - R:localhost/127.0.0.1:55710] for POST '/session/5ddd38b7ed6faf694185b9aad59ed5f2/window/rect'
21:00:35.824 [AsyncHttpClient-1-3] DEBUG org.asynchttpclient.netty.handler.HttpHandler - 

Request DefaultHttpRequest(decodeResult: success, version: HTTP/1.1)
POST /session/5ddd38b7ed6faf694185b9aad59ed5f2/window/rect HTTP/1.1
User-Agent: selenium/4.1.2 (java windows)
Content-Length: 22
Content-Type: application/json; charset=utf-8
host: localhost:55710
accept: */*

Response DefaultHttpResponse(decodeResult: success, version: HTTP/1.1)
HTTP/1.1 200 OK
Content-Type: application/json; charset=utf-8
cache-control: no-cache
content-length: 49

21:00:35.825 [AsyncHttpClient-1-3] DEBUG org.asynchttpclient.netty.channel.ChannelManager - Adding key: http://localhost:55710 for channel [id: 0xbc6be616, L:/127.0.0.1:52800 - R:localhost/127.0.0.1:55710]
21:00:35.827 [Forwarding get on session 5ddd38b7ed6faf694185b9aad59ed5f2 to remote] DEBUG org.asynchttpclient.netty.request.NettyRequestSender - Using pooled Channel '[id: 0xbc6be616, L:/127.0.0.1:52800 - R:localhost/127.0.0.1:55710]' for 'POST' to 'http://localhost:55710/session/5ddd38b7ed6faf694185b9aad59ed5f2/url'
21:00:35.827 [Forwarding get on session 5ddd38b7ed6faf694185b9aad59ed5f2 to remote] DEBUG org.asynchttpclient.netty.request.NettyRequestSender - Using open Channel [id: 0xbc6be616, L:/127.0.0.1:52800 - R:localhost/127.0.0.1:55710] for POST '/session/5ddd38b7ed6faf694185b9aad59ed5f2/url'
21:00:36.794 [AsyncHttpClient-1-1] DEBUG org.asynchttpclient.netty.channel.DefaultChannelPool - Entry count for : http://localhost:52801 : 1
21:00:37.164 [AsyncHttpClient-1-3] DEBUG org.asynchttpclient.netty.handler.HttpHandler - 

Request DefaultHttpRequest(decodeResult: success, version: HTTP/1.1)
POST /session/5ddd38b7ed6faf694185b9aad59ed5f2/url HTTP/1.1
User-Agent: selenium/4.1.2 (java windows)
Content-Length: 49
Content-Type: application/json; charset=utf-8
host: localhost:55710
accept: */*

Response DefaultHttpResponse(decodeResult: success, version: HTTP/1.1)
HTTP/1.1 200 OK
Content-Type: application/json; charset=utf-8
cache-control: no-cache
content-length: 14

21:00:37.164 [AsyncHttpClient-1-3] DEBUG org.asynchttpclient.netty.channel.ChannelManager - Adding key: http://localhost:55710 for channel [id: 0xbc6be616, L:/127.0.0.1:52800 - R:localhost/127.0.0.1:55710]
21:00:37.167 [Forwarding setTimeout on session 5ddd38b7ed6faf694185b9aad59ed5f2 to remote] DEBUG org.asynchttpclient.netty.request.NettyRequestSender - Using pooled Channel '[id: 0xbc6be616, L:/127.0.0.1:52800 - R:localhost/127.0.0.1:55710]' for 'POST' to 'http://localhost:55710/session/5ddd38b7ed6faf694185b9aad59ed5f2/timeouts'
21:00:37.167 [Forwarding setTimeout on session 5ddd38b7ed6faf694185b9aad59ed5f2 to remote] DEBUG org.asynchttpclient.netty.request.NettyRequestSender - Using open Channel [id: 0xbc6be616, L:/127.0.0.1:52800 - R:localhost/127.0.0.1:55710] for POST '/session/5ddd38b7ed6faf694185b9aad59ed5f2/timeouts'
21:00:37.168 [AsyncHttpClient-1-3] DEBUG org.asynchttpclient.netty.handler.HttpHandler - 

Request DefaultHttpRequest(decodeResult: success, version: HTTP/1.1)
POST /session/5ddd38b7ed6faf694185b9aad59ed5f2/timeouts HTTP/1.1
User-Agent: selenium/4.1.2 (java windows)
Content-Length: 22
Content-Type: application/json; charset=utf-8
host: localhost:55710
accept: */*

Response DefaultHttpResponse(decodeResult: success, version: HTTP/1.1)
HTTP/1.1 200 OK
Content-Type: application/json; charset=utf-8
cache-control: no-cache
content-length: 14

21:00:37.168 [AsyncHttpClient-1-3] DEBUG org.asynchttpclient.netty.channel.ChannelManager - Adding key: http://localhost:55710 for channel [id: 0xbc6be616, L:/127.0.0.1:52800 - R:localhost/127.0.0.1:55710]
21:00:37.176 [Forwarding getCurrentUrl on session 5ddd38b7ed6faf694185b9aad59ed5f2 to remote] DEBUG org.asynchttpclient.netty.request.NettyRequestSender - Using pooled Channel '[id: 0xbc6be616, L:/127.0.0.1:52800 - R:localhost/127.0.0.1:55710]' for 'GET' to 'http://localhost:55710/session/5ddd38b7ed6faf694185b9aad59ed5f2/url'
21:00:37.177 [Forwarding getCurrentUrl on session 5ddd38b7ed6faf694185b9aad59ed5f2 to remote] DEBUG org.asynchttpclient.netty.request.NettyRequestSender - Using open Channel [id: 0xbc6be616, L:/127.0.0.1:52800 - R:localhost/127.0.0.1:55710] for GET '/session/5ddd38b7ed6faf694185b9aad59ed5f2/url'
21:00:37.184 [AsyncHttpClient-1-3] DEBUG org.asynchttpclient.netty.handler.HttpHandler - 

Request DefaultFullHttpRequest(decodeResult: success, version: HTTP/1.1, content: EmptyByteBufBE)
GET /session/5ddd38b7ed6faf694185b9aad59ed5f2/url HTTP/1.1
User-Agent: selenium/4.1.2 (java windows)
Cache-Control: no-cache
Content-Type: application/json; charset=utf-8
host: localhost:55710
accept: */*

Response DefaultHttpResponse(decodeResult: success, version: HTTP/1.1)
HTTP/1.1 200 OK
Content-Type: application/json; charset=utf-8
cache-control: no-cache
content-length: 31

21:00:37.184 [AsyncHttpClient-1-3] DEBUG org.asynchttpclient.netty.channel.ChannelManager - Adding key: http://localhost:55710 for channel [id: 0xbc6be616, L:/127.0.0.1:52800 - R:localhost/127.0.0.1:55710]
21:00:37.189 [Forwarding getCurrentUrl on session 5ddd38b7ed6faf694185b9aad59ed5f2 to remote] DEBUG org.asynchttpclient.netty.request.NettyRequestSender - Using pooled Channel '[id: 0xbc6be616, L:/127.0.0.1:52800 - R:localhost/127.0.0.1:55710]' for 'GET' to 'http://localhost:55710/session/5ddd38b7ed6faf694185b9aad59ed5f2/url'
21:00:37.190 [Forwarding getCurrentUrl on session 5ddd38b7ed6faf694185b9aad59ed5f2 to remote] DEBUG org.asynchttpclient.netty.request.NettyRequestSender - Using open Channel [id: 0xbc6be616, L:/127.0.0.1:52800 - R:localhost/127.0.0.1:55710] for GET '/session/5ddd38b7ed6faf694185b9aad59ed5f2/url'
21:00:37.205 [AsyncHttpClient-1-3] DEBUG org.asynchttpclient.netty.handler.HttpHandler - 

Request DefaultFullHttpRequest(decodeResult: success, version: HTTP/1.1, content: EmptyByteBufBE)
GET /session/5ddd38b7ed6faf694185b9aad59ed5f2/url HTTP/1.1
User-Agent: selenium/4.1.2 (java windows)
Cache-Control: no-cache
Content-Type: application/json; charset=utf-8
host: localhost:55710
accept: */*

Response DefaultHttpResponse(decodeResult: success, version: HTTP/1.1)
HTTP/1.1 200 OK
Content-Type: application/json; charset=utf-8
cache-control: no-cache
content-length: 31

21:00:37.206 [AsyncHttpClient-1-3] DEBUG org.asynchttpclient.netty.channel.ChannelManager - Adding key: http://localhost:55710 for channel [id: 0xbc6be616, L:/127.0.0.1:52800 - R:localhost/127.0.0.1:55710]
21:00:37.224 [Forwarding screenshot on session 5ddd38b7ed6faf694185b9aad59ed5f2 to remote] DEBUG org.asynchttpclient.netty.request.NettyRequestSender - Using pooled Channel '[id: 0xbc6be616, L:/127.0.0.1:52800 - R:localhost/127.0.0.1:55710]' for 'GET' to 'http://localhost:55710/session/5ddd38b7ed6faf694185b9aad59ed5f2/screenshot'
21:00:37.224 [Forwarding screenshot on session 5ddd38b7ed6faf694185b9aad59ed5f2 to remote] DEBUG org.asynchttpclient.netty.request.NettyRequestSender - Using open Channel [id: 0xbc6be616, L:/127.0.0.1:52800 - R:localhost/127.0.0.1:55710] for GET '/session/5ddd38b7ed6faf694185b9aad59ed5f2/screenshot'
21:00:37.503 [AsyncHttpClient-1-3] DEBUG org.asynchttpclient.netty.handler.HttpHandler - 

Request DefaultFullHttpRequest(decodeResult: success, version: HTTP/1.1, content: EmptyByteBufBE)
GET /session/5ddd38b7ed6faf694185b9aad59ed5f2/screenshot HTTP/1.1
User-Agent: selenium/4.1.2 (java windows)
Cache-Control: no-cache
Content-Type: application/json; charset=utf-8
host: localhost:55710
accept: */*

Response DefaultHttpResponse(decodeResult: success, version: HTTP/1.1)
HTTP/1.1 200 OK
Content-Type: application/json; charset=utf-8
cache-control: no-cache
content-length: 32736

21:00:37.504 [AsyncHttpClient-1-3] DEBUG org.asynchttpclient.netty.channel.ChannelManager - Adding key: http://localhost:55710 for channel [id: 0xbc6be616, L:/127.0.0.1:52800 - R:localhost/127.0.0.1:55710]
21:00:37.513 [main] DEBUG net.serenitybdd.core.photography.Darkroom - Send negative for processing for target\site\serenity\5867c2a3819caa2a05a48571fd65b142c579ffd6339cf48bc4ef113d37045b24.png
21:00:37.514 [main] DEBUG net.thucydides.core.steps.StepInterceptor - STEP DONE: openPage
21:00:37.515 [Darkroom Processing Line] DEBUG net.serenitybdd.core.photography.DarkroomProcessingLine - Processing screenshot image in /var/screenshots/screenshot-8420671733367643392
21:00:37.515 [Darkroom Processing Line] DEBUG net.serenitybdd.core.photography.DarkroomProcessingLine - Saving screenshot to target\site\serenity\5867c2a3819caa2a05a48571fd65b142c579ffd6339cf48bc4ef113d37045b24.png
21:00:37.525 [main] DEBUG net.thucydides.core.steps.StepInterceptor - STARTING STEP: LoginSteps.onLoginPage - clickLoginIcon
21:00:37.535 [Forwarding findElement on session 5ddd38b7ed6faf694185b9aad59ed5f2 to remote] DEBUG org.asynchttpclient.netty.request.NettyRequestSender - Using pooled Channel '[id: 0xbc6be616, L:/127.0.0.1:52800 - R:localhost/127.0.0.1:55710]' for 'POST' to 'http://localhost:55710/session/5ddd38b7ed6faf694185b9aad59ed5f2/element'
21:00:37.535 [Forwarding findElement on session 5ddd38b7ed6faf694185b9aad59ed5f2 to remote] DEBUG org.asynchttpclient.netty.request.NettyRequestSender - Using open Channel [id: 0xbc6be616, L:/127.0.0.1:52800 - R:localhost/127.0.0.1:55710] for POST '/session/5ddd38b7ed6faf694185b9aad59ed5f2/element'
21:00:37.557 [AsyncHttpClient-1-3] DEBUG org.asynchttpclient.netty.handler.HttpHandler - 

Request DefaultHttpRequest(decodeResult: success, version: HTTP/1.1)
POST /session/5ddd38b7ed6faf694185b9aad59ed5f2/element HTTP/1.1
User-Agent: selenium/4.1.2 (java windows)
Content-Length: 129
Content-Type: application/json; charset=utf-8
host: localhost:55710
accept: */*

Response DefaultHttpResponse(decodeResult: success, version: HTTP/1.1)
HTTP/1.1 200 OK
Content-Type: application/json; charset=utf-8
cache-control: no-cache
content-length: 88

21:00:37.557 [AsyncHttpClient-1-3] DEBUG org.asynchttpclient.netty.channel.ChannelManager - Adding key: http://localhost:55710 for channel [id: 0xbc6be616, L:/127.0.0.1:52800 - R:localhost/127.0.0.1:55710]
21:00:37.559 [Forwarding getElementTagName on session 5ddd38b7ed6faf694185b9aad59ed5f2 to remote] DEBUG org.asynchttpclient.netty.request.NettyRequestSender - Using pooled Channel '[id: 0xbc6be616, L:/127.0.0.1:52800 - R:localhost/127.0.0.1:55710]' for 'GET' to 'http://localhost:55710/session/5ddd38b7ed6faf694185b9aad59ed5f2/element/7a3def4c-6674-4a14-9065-37e6c9705c91/name'
21:00:37.559 [Forwarding getElementTagName on session 5ddd38b7ed6faf694185b9aad59ed5f2 to remote] DEBUG org.asynchttpclient.netty.request.NettyRequestSender - Using open Channel [id: 0xbc6be616, L:/127.0.0.1:52800 - R:localhost/127.0.0.1:55710] for GET '/session/5ddd38b7ed6faf694185b9aad59ed5f2/element/7a3def4c-6674-4a14-9065-37e6c9705c91/name'
21:00:37.568 [AsyncHttpClient-1-3] DEBUG org.asynchttpclient.netty.handler.HttpHandler - 

Request DefaultFullHttpRequest(decodeResult: success, version: HTTP/1.1, content: EmptyByteBufBE)
GET /session/5ddd38b7ed6faf694185b9aad59ed5f2/element/7a3def4c-6674-4a14-9065-37e6c9705c91/name HTTP/1.1
User-Agent: selenium/4.1.2 (java windows)
Cache-Control: no-cache
Content-Type: application/json; charset=utf-8
host: localhost:55710
accept: */*

Response DefaultHttpResponse(decodeResult: success, version: HTTP/1.1)
HTTP/1.1 200 OK
Content-Type: application/json; charset=utf-8
cache-control: no-cache
content-length: 18

21:00:37.568 [AsyncHttpClient-1-3] DEBUG org.asynchttpclient.netty.channel.ChannelManager - Adding key: http://localhost:55710 for channel [id: 0xbc6be616, L:/127.0.0.1:52800 - R:localhost/127.0.0.1:55710]
21:00:37.571 [Forwarding getElementTagName on session 5ddd38b7ed6faf694185b9aad59ed5f2 to remote] DEBUG org.asynchttpclient.netty.request.NettyRequestSender - Using pooled Channel '[id: 0xbc6be616, L:/127.0.0.1:52800 - R:localhost/127.0.0.1:55710]' for 'GET' to 'http://localhost:55710/session/5ddd38b7ed6faf694185b9aad59ed5f2/element/7a3def4c-6674-4a14-9065-37e6c9705c91/name'
21:00:37.571 [Forwarding getElementTagName on session 5ddd38b7ed6faf694185b9aad59ed5f2 to remote] DEBUG org.asynchttpclient.netty.request.NettyRequestSender - Using open Channel [id: 0xbc6be616, L:/127.0.0.1:52800 - R:localhost/127.0.0.1:55710] for GET '/session/5ddd38b7ed6faf694185b9aad59ed5f2/element/7a3def4c-6674-4a14-9065-37e6c9705c91/name'
21:00:37.578 [AsyncHttpClient-1-3] DEBUG org.asynchttpclient.netty.handler.HttpHandler - 

Request DefaultFullHttpRequest(decodeResult: success, version: HTTP/1.1, content: EmptyByteBufBE)
GET /session/5ddd38b7ed6faf694185b9aad59ed5f2/element/7a3def4c-6674-4a14-9065-37e6c9705c91/name HTTP/1.1
User-Agent: selenium/4.1.2 (java windows)
Cache-Control: no-cache
Content-Type: application/json; charset=utf-8
host: localhost:55710
accept: */*

Response DefaultHttpResponse(decodeResult: success, version: HTTP/1.1)
HTTP/1.1 200 OK
Content-Type: application/json; charset=utf-8
cache-control: no-cache
content-length: 18

21:00:37.578 [AsyncHttpClient-1-3] DEBUG org.asynchttpclient.netty.channel.ChannelManager - Adding key: http://localhost:55710 for channel [id: 0xbc6be616, L:/127.0.0.1:52800 - R:localhost/127.0.0.1:55710]
21:00:37.587 [Forwarding isElementEnabled on session 5ddd38b7ed6faf694185b9aad59ed5f2 to remote] DEBUG org.asynchttpclient.netty.request.NettyRequestSender - Using pooled Channel '[id: 0xbc6be616, L:/127.0.0.1:52800 - R:localhost/127.0.0.1:55710]' for 'GET' to 'http://localhost:55710/session/5ddd38b7ed6faf694185b9aad59ed5f2/element/7a3def4c-6674-4a14-9065-37e6c9705c91/enabled'
21:00:37.588 [Forwarding isElementEnabled on session 5ddd38b7ed6faf694185b9aad59ed5f2 to remote] DEBUG org.asynchttpclient.netty.request.NettyRequestSender - Using open Channel [id: 0xbc6be616, L:/127.0.0.1:52800 - R:localhost/127.0.0.1:55710] for GET '/session/5ddd38b7ed6faf694185b9aad59ed5f2/element/7a3def4c-6674-4a14-9065-37e6c9705c91/enabled'
21:00:37.602 [AsyncHttpClient-1-3] DEBUG org.asynchttpclient.netty.handler.HttpHandler - 

Request DefaultFullHttpRequest(decodeResult: success, version: HTTP/1.1, content: EmptyByteBufBE)
GET /session/5ddd38b7ed6faf694185b9aad59ed5f2/element/7a3def4c-6674-4a14-9065-37e6c9705c91/enabled HTTP/1.1
User-Agent: selenium/4.1.2 (java windows)
Cache-Control: no-cache
Content-Type: application/json; charset=utf-8
host: localhost:55710
accept: */*

Response DefaultHttpResponse(decodeResult: success, version: HTTP/1.1)
HTTP/1.1 200 OK
Content-Type: application/json; charset=utf-8
cache-control: no-cache
content-length: 14

21:00:37.602 [AsyncHttpClient-1-3] DEBUG org.asynchttpclient.netty.channel.ChannelManager - Adding key: http://localhost:55710 for channel [id: 0xbc6be616, L:/127.0.0.1:52800 - R:localhost/127.0.0.1:55710]
21:00:37.607 [Forwarding isElementEnabled on session 5ddd38b7ed6faf694185b9aad59ed5f2 to remote] DEBUG org.asynchttpclient.netty.request.NettyRequestSender - Using pooled Channel '[id: 0xbc6be616, L:/127.0.0.1:52800 - R:localhost/127.0.0.1:55710]' for 'GET' to 'http://localhost:55710/session/5ddd38b7ed6faf694185b9aad59ed5f2/element/7a3def4c-6674-4a14-9065-37e6c9705c91/enabled'
21:00:37.607 [Forwarding isElementEnabled on session 5ddd38b7ed6faf694185b9aad59ed5f2 to remote] DEBUG org.asynchttpclient.netty.request.NettyRequestSender - Using open Channel [id: 0xbc6be616, L:/127.0.0.1:52800 - R:localhost/127.0.0.1:55710] for GET '/session/5ddd38b7ed6faf694185b9aad59ed5f2/element/7a3def4c-6674-4a14-9065-37e6c9705c91/enabled'
21:00:37.619 [AsyncHttpClient-1-3] DEBUG org.asynchttpclient.netty.handler.HttpHandler - 

Request DefaultFullHttpRequest(decodeResult: success, version: HTTP/1.1, content: EmptyByteBufBE)
GET /session/5ddd38b7ed6faf694185b9aad59ed5f2/element/7a3def4c-6674-4a14-9065-37e6c9705c91/enabled HTTP/1.1
User-Agent: selenium/4.1.2 (java windows)
Cache-Control: no-cache
Content-Type: application/json; charset=utf-8
host: localhost:55710
accept: */*

Response DefaultHttpResponse(decodeResult: success, version: HTTP/1.1)
HTTP/1.1 200 OK
Content-Type: application/json; charset=utf-8
cache-control: no-cache
content-length: 14

21:00:37.619 [AsyncHttpClient-1-3] DEBUG org.asynchttpclient.netty.channel.ChannelManager - Adding key: http://localhost:55710 for channel [id: 0xbc6be616, L:/127.0.0.1:52800 - R:localhost/127.0.0.1:55710]
21:00:37.622 [Forwarding findElement on session 5ddd38b7ed6faf694185b9aad59ed5f2 to remote] DEBUG org.asynchttpclient.netty.request.NettyRequestSender - Using pooled Channel '[id: 0xbc6be616, L:/127.0.0.1:52800 - R:localhost/127.0.0.1:55710]' for 'POST' to 'http://localhost:55710/session/5ddd38b7ed6faf694185b9aad59ed5f2/element'
21:00:37.622 [Forwarding findElement on session 5ddd38b7ed6faf694185b9aad59ed5f2 to remote] DEBUG org.asynchttpclient.netty.request.NettyRequestSender - Using open Channel [id: 0xbc6be616, L:/127.0.0.1:52800 - R:localhost/127.0.0.1:55710] for POST '/session/5ddd38b7ed6faf694185b9aad59ed5f2/element'
21:00:37.894 [AsyncHttpClient-1-1] DEBUG org.asynchttpclient.netty.channel.DefaultChannelPool - Entry count for : http://localhost:52801 : 1
21:00:39.008 [AsyncHttpClient-1-1] DEBUG org.asynchttpclient.netty.channel.DefaultChannelPool - Entry count for : http://localhost:52801 : 1
21:00:40.098 [AsyncHttpClient-1-1] DEBUG org.asynchttpclient.netty.channel.DefaultChannelPool - Entry count for : http://localhost:52801 : 1
21:00:41.209 [AsyncHttpClient-1-1] DEBUG org.asynchttpclient.netty.channel.DefaultChannelPool - Entry count for : http://localhost:52801 : 1
21:00:42.297 [AsyncHttpClient-1-1] DEBUG org.asynchttpclient.netty.channel.DefaultChannelPool - Entry count for : http://localhost:52801 : 1
21:00:43.398 [AsyncHttpClient-1-1] DEBUG org.asynchttpclient.netty.channel.DefaultChannelPool - Entry count for : http://localhost:52801 : 1
21:00:44.495 [AsyncHttpClient-1-1] DEBUG org.asynchttpclient.netty.channel.DefaultChannelPool - Entry count for : http://localhost:52801 : 1
21:00:45.301 [AsyncHttpClient-1-3] DEBUG org.asynchttpclient.netty.handler.HttpHandler - 

Request DefaultHttpRequest(decodeResult: success, version: HTTP/1.1)
POST /session/5ddd38b7ed6faf694185b9aad59ed5f2/element HTTP/1.1
User-Agent: selenium/4.1.2 (java windows)
Content-Length: 129
Content-Type: application/json; charset=utf-8
host: localhost:55710
accept: */*

Response DefaultHttpResponse(decodeResult: success, version: HTTP/1.1)
HTTP/1.1 200 OK
Content-Type: application/json; charset=utf-8
cache-control: no-cache
content-length: 88

21:00:45.301 [AsyncHttpClient-1-3] DEBUG org.asynchttpclient.netty.channel.ChannelManager - Adding key: http://localhost:55710 for channel [id: 0xbc6be616, L:/127.0.0.1:52800 - R:localhost/127.0.0.1:55710]
21:00:45.317 [Forwarding clickElement on session 5ddd38b7ed6faf694185b9aad59ed5f2 to remote] DEBUG org.asynchttpclient.netty.request.NettyRequestSender - Using pooled Channel '[id: 0xbc6be616, L:/127.0.0.1:52800 - R:localhost/127.0.0.1:55710]' for 'POST' to 'http://localhost:55710/session/5ddd38b7ed6faf694185b9aad59ed5f2/element/7a3def4c-6674-4a14-9065-37e6c9705c91/click'
21:00:45.317 [Forwarding clickElement on session 5ddd38b7ed6faf694185b9aad59ed5f2 to remote] DEBUG org.asynchttpclient.netty.request.NettyRequestSender - Using open Channel [id: 0xbc6be616, L:/127.0.0.1:52800 - R:localhost/127.0.0.1:55710] for POST '/session/5ddd38b7ed6faf694185b9aad59ed5f2/element/7a3def4c-6674-4a14-9065-37e6c9705c91/click'
21:00:45.464 [AsyncHttpClient-1-3] DEBUG org.asynchttpclient.netty.handler.HttpHandler - 

Request DefaultHttpRequest(decodeResult: success, version: HTTP/1.1)
POST /session/5ddd38b7ed6faf694185b9aad59ed5f2/element/7a3def4c-6674-4a14-9065-37e6c9705c91/click HTTP/1.1
User-Agent: selenium/4.1.2 (java windows)
Content-Length: 50
Content-Type: application/json; charset=utf-8
host: localhost:55710
accept: */*

Response DefaultHttpResponse(decodeResult: success, version: HTTP/1.1)
HTTP/1.1 200 OK
Content-Type: application/json; charset=utf-8
cache-control: no-cache
content-length: 14

21:00:45.464 [AsyncHttpClient-1-3] DEBUG org.asynchttpclient.netty.channel.ChannelManager - Adding key: http://localhost:55710 for channel [id: 0xbc6be616, L:/127.0.0.1:52800 - R:localhost/127.0.0.1:55710]
21:00:45.472 [Forwarding screenshot on session 5ddd38b7ed6faf694185b9aad59ed5f2 to remote] DEBUG org.asynchttpclient.netty.request.NettyRequestSender - Using pooled Channel '[id: 0xbc6be616, L:/127.0.0.1:52800 - R:localhost/127.0.0.1:55710]' for 'GET' to 'http://localhost:55710/session/5ddd38b7ed6faf694185b9aad59ed5f2/screenshot'
21:00:45.472 [Forwarding screenshot on session 5ddd38b7ed6faf694185b9aad59ed5f2 to remote] DEBUG org.asynchttpclient.netty.request.NettyRequestSender - Using open Channel [id: 0xbc6be616, L:/127.0.0.1:52800 - R:localhost/127.0.0.1:55710] for GET '/session/5ddd38b7ed6faf694185b9aad59ed5f2/screenshot'
21:00:45.593 [AsyncHttpClient-1-1] DEBUG org.asynchttpclient.netty.channel.DefaultChannelPool - Entry count for : http://localhost:52801 : 1
21:00:45.926 [AsyncHttpClient-1-3] DEBUG org.asynchttpclient.netty.handler.HttpHandler - 

Request DefaultFullHttpRequest(decodeResult: success, version: HTTP/1.1, content: EmptyByteBufBE)
GET /session/5ddd38b7ed6faf694185b9aad59ed5f2/screenshot HTTP/1.1
User-Agent: selenium/4.1.2 (java windows)
Cache-Control: no-cache
Content-Type: application/json; charset=utf-8
host: localhost:55710
accept: */*

Response DefaultHttpResponse(decodeResult: success, version: HTTP/1.1)
HTTP/1.1 200 OK
Content-Type: application/json; charset=utf-8
cache-control: no-cache
content-length: 26636

21:00:45.927 [AsyncHttpClient-1-3] DEBUG org.asynchttpclient.netty.channel.ChannelManager - Adding key: http://localhost:55710 for channel [id: 0xbc6be616, L:/127.0.0.1:52800 - R:localhost/127.0.0.1:55710]
21:00:45.929 [main] DEBUG net.serenitybdd.core.photography.Darkroom - Send negative for processing for target\site\serenity\a858c04a38cd62c7c679ca86fc9e39cc64df5cb0a3dfa8fa06e7e3b6b2aa1244.png
21:00:45.929 [main] DEBUG net.thucydides.core.steps.StepInterceptor - STEP DONE: clickLoginIcon
  &amp#27;[32mGiven &amp#27;[0m&amp#27;[32mi am on the login page&amp#27;[0m                                  &amp#27;[90m# starter.stepdefenitions.LoginSteps.onLoginPage()&amp#27;[0m
21:00:45.943 [main] DEBUG net.thucydides.core.steps.StepInterceptor - STARTING STEP: LoginSteps.iInputInvalidEmail - inputEmail
21:00:45.945 [Forwarding findElement on session 5ddd38b7ed6faf694185b9aad59ed5f2 to remote] DEBUG org.asynchttpclient.netty.request.NettyRequestSender - Using pooled Channel '[id: 0xbc6be616, L:/127.0.0.1:52800 - R:localhost/127.0.0.1:55710]' for 'POST' to 'http://localhost:55710/session/5ddd38b7ed6faf694185b9aad59ed5f2/element'
21:00:45.946 [Forwarding findElement on session 5ddd38b7ed6faf694185b9aad59ed5f2 to remote] DEBUG org.asynchttpclient.netty.request.NettyRequestSender - Using open Channel [id: 0xbc6be616, L:/127.0.0.1:52800 - R:localhost/127.0.0.1:55710] for POST '/session/5ddd38b7ed6faf694185b9aad59ed5f2/element'
21:00:45.963 [AsyncHttpClient-1-3] DEBUG org.asynchttpclient.netty.handler.HttpHandler - 

Request DefaultHttpRequest(decodeResult: success, version: HTTP/1.1)
POST /session/5ddd38b7ed6faf694185b9aad59ed5f2/element HTTP/1.1
User-Agent: selenium/4.1.2 (java windows)
Content-Length: 110
Content-Type: application/json; charset=utf-8
host: localhost:55710
accept: */*

Response DefaultHttpResponse(decodeResult: success, version: HTTP/1.1)
HTTP/1.1 200 OK
Content-Type: application/json; charset=utf-8
cache-control: no-cache
content-length: 88

21:00:45.963 [AsyncHttpClient-1-3] DEBUG org.asynchttpclient.netty.channel.ChannelManager - Adding key: http://localhost:55710 for channel [id: 0xbc6be616, L:/127.0.0.1:52800 - R:localhost/127.0.0.1:55710]
21:00:45.965 [Forwarding clearElement on session 5ddd38b7ed6faf694185b9aad59ed5f2 to remote] DEBUG org.asynchttpclient.netty.request.NettyRequestSender - Using pooled Channel '[id: 0xbc6be616, L:/127.0.0.1:52800 - R:localhost/127.0.0.1:55710]' for 'POST' to 'http://localhost:55710/session/5ddd38b7ed6faf694185b9aad59ed5f2/element/f18cbaff-1909-45f6-ba83-44f2c582f727/clear'
21:00:45.965 [Forwarding clearElement on session 5ddd38b7ed6faf694185b9aad59ed5f2 to remote] DEBUG org.asynchttpclient.netty.request.NettyRequestSender - Using open Channel [id: 0xbc6be616, L:/127.0.0.1:52800 - R:localhost/127.0.0.1:55710] for POST '/session/5ddd38b7ed6faf694185b9aad59ed5f2/element/f18cbaff-1909-45f6-ba83-44f2c582f727/clear'
21:00:46.008 [AsyncHttpClient-1-3] DEBUG org.asynchttpclient.netty.handler.HttpHandler - 

Request DefaultHttpRequest(decodeResult: success, version: HTTP/1.1)
POST /session/5ddd38b7ed6faf694185b9aad59ed5f2/element/f18cbaff-1909-45f6-ba83-44f2c582f727/clear HTTP/1.1
User-Agent: selenium/4.1.2 (java windows)
Content-Length: 50
Content-Type: application/json; charset=utf-8
host: localhost:55710
accept: */*

Response DefaultHttpResponse(decodeResult: success, version: HTTP/1.1)
HTTP/1.1 200 OK
Content-Type: application/json; charset=utf-8
cache-control: no-cache
content-length: 14

21:00:46.008 [AsyncHttpClient-1-3] DEBUG org.asynchttpclient.netty.channel.ChannelManager - Adding key: http://localhost:55710 for channel [id: 0xbc6be616, L:/127.0.0.1:52800 - R:localhost/127.0.0.1:55710]
21:00:46.010 [Forwarding sendKeysToElement on session 5ddd38b7ed6faf694185b9aad59ed5f2 to remote] DEBUG org.asynchttpclient.netty.request.NettyRequestSender - Using pooled Channel '[id: 0xbc6be616, L:/127.0.0.1:52800 - R:localhost/127.0.0.1:55710]' for 'POST' to 'http://localhost:55710/session/5ddd38b7ed6faf694185b9aad59ed5f2/element/f18cbaff-1909-45f6-ba83-44f2c582f727/value'
21:00:46.010 [Forwarding sendKeysToElement on session 5ddd38b7ed6faf694185b9aad59ed5f2 to remote] DEBUG org.asynchttpclient.netty.request.NettyRequestSender - Using open Channel [id: 0xbc6be616, L:/127.0.0.1:52800 - R:localhost/127.0.0.1:55710] for POST '/session/5ddd38b7ed6faf694185b9aad59ed5f2/element/f18cbaff-1909-45f6-ba83-44f2c582f727/value'
21:00:46.224 [AsyncHttpClient-1-3] DEBUG org.asynchttpclient.netty.handler.HttpHandler - 

Request DefaultHttpRequest(decodeResult: success, version: HTTP/1.1)
POST /session/5ddd38b7ed6faf694185b9aad59ed5f2/element/f18cbaff-1909-45f6-ba83-44f2c582f727/value HTTP/1.1
User-Agent: selenium/4.1.2 (java windows)
Content-Length: 161
Content-Type: application/json; charset=utf-8
host: localhost:55710
accept: */*

Response DefaultHttpResponse(decodeResult: success, version: HTTP/1.1)
HTTP/1.1 200 OK
Content-Type: application/json; charset=utf-8
cache-control: no-cache
content-length: 14

21:00:46.224 [AsyncHttpClient-1-3] DEBUG org.asynchttpclient.netty.channel.ChannelManager - Adding key: http://localhost:55710 for channel [id: 0xbc6be616, L:/127.0.0.1:52800 - R:localhost/127.0.0.1:55710]
21:00:46.243 [Forwarding screenshot on session 5ddd38b7ed6faf694185b9aad59ed5f2 to remote] DEBUG org.asynchttpclient.netty.request.NettyRequestSender - Using pooled Channel '[id: 0xbc6be616, L:/127.0.0.1:52800 - R:localhost/127.0.0.1:55710]' for 'GET' to 'http://localhost:55710/session/5ddd38b7ed6faf694185b9aad59ed5f2/screenshot'
21:00:46.243 [Forwarding screenshot on session 5ddd38b7ed6faf694185b9aad59ed5f2 to remote] DEBUG org.asynchttpclient.netty.request.NettyRequestSender - Using open Channel [id: 0xbc6be616, L:/127.0.0.1:52800 - R:localhost/127.0.0.1:55710] for GET '/session/5ddd38b7ed6faf694185b9aad59ed5f2/screenshot'
21:00:46.432 [AsyncHttpClient-1-3] DEBUG org.asynchttpclient.netty.handler.HttpHandler - 

Request DefaultFullHttpRequest(decodeResult: success, version: HTTP/1.1, content: EmptyByteBufBE)
GET /session/5ddd38b7ed6faf694185b9aad59ed5f2/screenshot HTTP/1.1
User-Agent: selenium/4.1.2 (java windows)
Cache-Control: no-cache
Content-Type: application/json; charset=utf-8
host: localhost:55710
accept: */*

Response DefaultHttpResponse(decodeResult: success, version: HTTP/1.1)
HTTP/1.1 200 OK
Content-Type: application/json; charset=utf-8
cache-control: no-cache
content-length: 29440

21:00:46.432 [AsyncHttpClient-1-3] DEBUG org.asynchttpclient.netty.channel.ChannelManager - Adding key: http://localhost:55710 for channel [id: 0xbc6be616, L:/127.0.0.1:52800 - R:localhost/127.0.0.1:55710]
21:00:46.435 [main] DEBUG net.serenitybdd.core.photography.Darkroom - Send negative for processing for target\site\serenity\19ad330fda31f4e0134a6ca5cc3a0090165fdf3feec93295392369565c4b0241.png
21:00:46.435 [main] DEBUG net.thucydides.core.steps.StepInterceptor - STEP DONE: inputEmail
  &amp#27;[32mWhen &amp#27;[0m&amp#27;[32mi input invalid email&amp#27;[0m                                    &amp#27;[90m# starter.stepdefenitions.LoginSteps.iInputInvalidEmail()&amp#27;[0m
21:00:46.435 [Darkroom Processing Line] DEBUG net.serenitybdd.core.photography.DarkroomProcessingLine - Processing screenshot image in /var/screenshots/screenshot-2863129455807153165
21:00:46.435 [Darkroom Processing Line] DEBUG net.serenitybdd.core.photography.DarkroomProcessingLine - Saving screenshot to target\site\serenity\19ad330fda31f4e0134a6ca5cc3a0090165fdf3feec93295392369565c4b0241.png
21:00:46.455 [main] DEBUG net.thucydides.core.steps.StepInterceptor - STARTING STEP: LoginSteps.inputValidPassword - inputPassword
21:00:46.458 [Forwarding findElement on session 5ddd38b7ed6faf694185b9aad59ed5f2 to remote] DEBUG org.asynchttpclient.netty.request.NettyRequestSender - Using pooled Channel '[id: 0xbc6be616, L:/127.0.0.1:52800 - R:localhost/127.0.0.1:55710]' for 'POST' to 'http://localhost:55710/session/5ddd38b7ed6faf694185b9aad59ed5f2/element'
21:00:46.458 [Forwarding findElement on session 5ddd38b7ed6faf694185b9aad59ed5f2 to remote] DEBUG org.asynchttpclient.netty.request.NettyRequestSender - Using open Channel [id: 0xbc6be616, L:/127.0.0.1:52800 - R:localhost/127.0.0.1:55710] for POST '/session/5ddd38b7ed6faf694185b9aad59ed5f2/element'
21:00:46.474 [AsyncHttpClient-1-3] DEBUG org.asynchttpclient.netty.handler.HttpHandler - 

Request DefaultHttpRequest(decodeResult: success, version: HTTP/1.1)
POST /session/5ddd38b7ed6faf694185b9aad59ed5f2/element HTTP/1.1
User-Agent: selenium/4.1.2 (java windows)
Content-Length: 113
Content-Type: application/json; charset=utf-8
host: localhost:55710
accept: */*

Response DefaultHttpResponse(decodeResult: success, version: HTTP/1.1)
HTTP/1.1 200 OK
Content-Type: application/json; charset=utf-8
cache-control: no-cache
content-length: 88

21:00:46.475 [AsyncHttpClient-1-3] DEBUG org.asynchttpclient.netty.channel.ChannelManager - Adding key: http://localhost:55710 for channel [id: 0xbc6be616, L:/127.0.0.1:52800 - R:localhost/127.0.0.1:55710]
21:00:46.476 [Forwarding clearElement on session 5ddd38b7ed6faf694185b9aad59ed5f2 to remote] DEBUG org.asynchttpclient.netty.request.NettyRequestSender - Using pooled Channel '[id: 0xbc6be616, L:/127.0.0.1:52800 - R:localhost/127.0.0.1:55710]' for 'POST' to 'http://localhost:55710/session/5ddd38b7ed6faf694185b9aad59ed5f2/element/009d94eb-955e-405d-8dcc-6ce63b29f56a/clear'
21:00:46.476 [Forwarding clearElement on session 5ddd38b7ed6faf694185b9aad59ed5f2 to remote] DEBUG org.asynchttpclient.netty.request.NettyRequestSender - Using open Channel [id: 0xbc6be616, L:/127.0.0.1:52800 - R:localhost/127.0.0.1:55710] for POST '/session/5ddd38b7ed6faf694185b9aad59ed5f2/element/009d94eb-955e-405d-8dcc-6ce63b29f56a/clear'
21:00:46.517 [AsyncHttpClient-1-3] DEBUG org.asynchttpclient.netty.handler.HttpHandler - 

Request DefaultHttpRequest(decodeResult: success, version: HTTP/1.1)
POST /session/5ddd38b7ed6faf694185b9aad59ed5f2/element/009d94eb-955e-405d-8dcc-6ce63b29f56a/clear HTTP/1.1
User-Agent: selenium/4.1.2 (java windows)
Content-Length: 50
Content-Type: application/json; charset=utf-8
host: localhost:55710
accept: */*

Response DefaultHttpResponse(decodeResult: success, version: HTTP/1.1)
HTTP/1.1 200 OK
Content-Type: application/json; charset=utf-8
cache-control: no-cache
content-length: 14

21:00:46.517 [AsyncHttpClient-1-3] DEBUG org.asynchttpclient.netty.channel.ChannelManager - Adding key: http://localhost:55710 for channel [id: 0xbc6be616, L:/127.0.0.1:52800 - R:localhost/127.0.0.1:55710]
21:00:46.519 [Forwarding sendKeysToElement on session 5ddd38b7ed6faf694185b9aad59ed5f2 to remote] DEBUG org.asynchttpclient.netty.request.NettyRequestSender - Using pooled Channel '[id: 0xbc6be616, L:/127.0.0.1:52800 - R:localhost/127.0.0.1:55710]' for 'POST' to 'http://localhost:55710/session/5ddd38b7ed6faf694185b9aad59ed5f2/element/009d94eb-955e-405d-8dcc-6ce63b29f56a/value'
21:00:46.520 [Forwarding sendKeysToElement on session 5ddd38b7ed6faf694185b9aad59ed5f2 to remote] DEBUG org.asynchttpclient.netty.request.NettyRequestSender - Using open Channel [id: 0xbc6be616, L:/127.0.0.1:52800 - R:localhost/127.0.0.1:55710] for POST '/session/5ddd38b7ed6faf694185b9aad59ed5f2/element/009d94eb-955e-405d-8dcc-6ce63b29f56a/value'
21:00:46.603 [AsyncHttpClient-1-3] DEBUG org.asynchttpclient.netty.handler.HttpHandler - 

Request DefaultHttpRequest(decodeResult: success, version: HTTP/1.1)
POST /session/5ddd38b7ed6faf694185b9aad59ed5f2/element/009d94eb-955e-405d-8dcc-6ce63b29f56a/value HTTP/1.1
User-Agent: selenium/4.1.2 (java windows)
Content-Length: 111
Content-Type: application/json; charset=utf-8
host: localhost:55710
accept: */*

Response DefaultHttpResponse(decodeResult: success, version: HTTP/1.1)
HTTP/1.1 200 OK
Content-Type: application/json; charset=utf-8
cache-control: no-cache
content-length: 14

21:00:46.604 [AsyncHttpClient-1-3] DEBUG org.asynchttpclient.netty.channel.ChannelManager - Adding key: http://localhost:55710 for channel [id: 0xbc6be616, L:/127.0.0.1:52800 - R:localhost/127.0.0.1:55710]
21:00:46.616 [Forwarding screenshot on session 5ddd38b7ed6faf694185b9aad59ed5f2 to remote] DEBUG org.asynchttpclient.netty.request.NettyRequestSender - Using pooled Channel '[id: 0xbc6be616, L:/127.0.0.1:52800 - R:localhost/127.0.0.1:55710]' for 'GET' to 'http://localhost:55710/session/5ddd38b7ed6faf694185b9aad59ed5f2/screenshot'
21:00:46.616 [Forwarding screenshot on session 5ddd38b7ed6faf694185b9aad59ed5f2 to remote] DEBUG org.asynchttpclient.netty.request.NettyRequestSender - Using open Channel [id: 0xbc6be616, L:/127.0.0.1:52800 - R:localhost/127.0.0.1:55710] for GET '/session/5ddd38b7ed6faf694185b9aad59ed5f2/screenshot'
21:00:46.694 [AsyncHttpClient-1-1] DEBUG org.asynchttpclient.netty.channel.DefaultChannelPool - Entry count for : http://localhost:52801 : 1
21:00:46.785 [AsyncHttpClient-1-3] DEBUG org.asynchttpclient.netty.handler.HttpHandler - 

Request DefaultFullHttpRequest(decodeResult: success, version: HTTP/1.1, content: EmptyByteBufBE)
GET /session/5ddd38b7ed6faf694185b9aad59ed5f2/screenshot HTTP/1.1
User-Agent: selenium/4.1.2 (java windows)
Cache-Control: no-cache
Content-Type: application/json; charset=utf-8
host: localhost:55710
accept: */*

Response DefaultHttpResponse(decodeResult: success, version: HTTP/1.1)
HTTP/1.1 200 OK
Content-Type: application/json; charset=utf-8
cache-control: no-cache
content-length: 30020

21:00:46.785 [AsyncHttpClient-1-3] DEBUG org.asynchttpclient.netty.channel.ChannelManager - Adding key: http://localhost:55710 for channel [id: 0xbc6be616, L:/127.0.0.1:52800 - R:localhost/127.0.0.1:55710]
21:00:46.790 [main] DEBUG net.serenitybdd.core.photography.Darkroom - Send negative for processing for target\site\serenity\c5b607cf9655e69ce9b66d128a98c317553ea02ff283aa8d1f14c4cd5d8d1e1a.png
21:00:46.790 [main] DEBUG net.thucydides.core.steps.StepInterceptor - STEP DONE: inputPassword
  &amp#27;[32mAnd &amp#27;[0m&amp#27;[32mi input valid password&amp#27;[0m                                    &amp#27;[90m# starter.stepdefenitions.LoginSteps.inputValidPassword()&amp#27;[0m
21:00:46.792 [Darkroom Processing Line] DEBUG net.serenitybdd.core.photography.DarkroomProcessingLine - Processing screenshot image in /var/screenshots/screenshot-6606262645971500385
21:00:46.793 [Darkroom Processing Line] DEBUG net.serenitybdd.core.photography.DarkroomProcessingLine - Saving screenshot to target\site\serenity\c5b607cf9655e69ce9b66d128a98c317553ea02ff283aa8d1f14c4cd5d8d1e1a.png
21:00:46.818 [main] DEBUG net.thucydides.core.steps.StepInterceptor - STARTING STEP: LoginSteps.clickLoginButton - clickLoginButton
21:00:46.822 [Forwarding findElement on session 5ddd38b7ed6faf694185b9aad59ed5f2 to remote] DEBUG org.asynchttpclient.netty.request.NettyRequestSender - Using pooled Channel '[id: 0xbc6be616, L:/127.0.0.1:52800 - R:localhost/127.0.0.1:55710]' for 'POST' to 'http://localhost:55710/session/5ddd38b7ed6faf694185b9aad59ed5f2/element'
21:00:46.822 [Forwarding findElement on session 5ddd38b7ed6faf694185b9aad59ed5f2 to remote] DEBUG org.asynchttpclient.netty.request.NettyRequestSender - Using open Channel [id: 0xbc6be616, L:/127.0.0.1:52800 - R:localhost/127.0.0.1:55710] for POST '/session/5ddd38b7ed6faf694185b9aad59ed5f2/element'
21:00:46.841 [AsyncHttpClient-1-3] DEBUG org.asynchttpclient.netty.handler.HttpHandler - 

Request DefaultHttpRequest(decodeResult: success, version: HTTP/1.1)
POST /session/5ddd38b7ed6faf694185b9aad59ed5f2/element HTTP/1.1
User-Agent: selenium/4.1.2 (java windows)
Content-Length: 83
Content-Type: application/json; charset=utf-8
host: localhost:55710
accept: */*

Response DefaultHttpResponse(decodeResult: success, version: HTTP/1.1)
HTTP/1.1 200 OK
Content-Type: application/json; charset=utf-8
cache-control: no-cache
content-length: 88

21:00:46.841 [AsyncHttpClient-1-3] DEBUG org.asynchttpclient.netty.channel.ChannelManager - Adding key: http://localhost:55710 for channel [id: 0xbc6be616, L:/127.0.0.1:52800 - R:localhost/127.0.0.1:55710]
21:00:46.844 [Forwarding getElementTagName on session 5ddd38b7ed6faf694185b9aad59ed5f2 to remote] DEBUG org.asynchttpclient.netty.request.NettyRequestSender - Using pooled Channel '[id: 0xbc6be616, L:/127.0.0.1:52800 - R:localhost/127.0.0.1:55710]' for 'GET' to 'http://localhost:55710/session/5ddd38b7ed6faf694185b9aad59ed5f2/element/3fcaf22e-86c1-40b5-80ee-4e2e957ce3da/name'
21:00:46.844 [Forwarding getElementTagName on session 5ddd38b7ed6faf694185b9aad59ed5f2 to remote] DEBUG org.asynchttpclient.netty.request.NettyRequestSender - Using open Channel [id: 0xbc6be616, L:/127.0.0.1:52800 - R:localhost/127.0.0.1:55710] for GET '/session/5ddd38b7ed6faf694185b9aad59ed5f2/element/3fcaf22e-86c1-40b5-80ee-4e2e957ce3da/name'
21:00:46.856 [AsyncHttpClient-1-3] DEBUG org.asynchttpclient.netty.handler.HttpHandler - 

Request DefaultFullHttpRequest(decodeResult: success, version: HTTP/1.1, content: EmptyByteBufBE)
GET /session/5ddd38b7ed6faf694185b9aad59ed5f2/element/3fcaf22e-86c1-40b5-80ee-4e2e957ce3da/name HTTP/1.1
User-Agent: selenium/4.1.2 (java windows)
Cache-Control: no-cache
Content-Type: application/json; charset=utf-8
host: localhost:55710
accept: */*

Response DefaultHttpResponse(decodeResult: success, version: HTTP/1.1)
HTTP/1.1 200 OK
Content-Type: application/json; charset=utf-8
cache-control: no-cache
content-length: 16

21:00:46.856 [AsyncHttpClient-1-3] DEBUG org.asynchttpclient.netty.channel.ChannelManager - Adding key: http://localhost:55710 for channel [id: 0xbc6be616, L:/127.0.0.1:52800 - R:localhost/127.0.0.1:55710]
21:00:46.858 [Forwarding getElementTagName on session 5ddd38b7ed6faf694185b9aad59ed5f2 to remote] DEBUG org.asynchttpclient.netty.request.NettyRequestSender - Using pooled Channel '[id: 0xbc6be616, L:/127.0.0.1:52800 - R:localhost/127.0.0.1:55710]' for 'GET' to 'http://localhost:55710/session/5ddd38b7ed6faf694185b9aad59ed5f2/element/3fcaf22e-86c1-40b5-80ee-4e2e957ce3da/name'
21:00:46.858 [Forwarding getElementTagName on session 5ddd38b7ed6faf694185b9aad59ed5f2 to remote] DEBUG org.asynchttpclient.netty.request.NettyRequestSender - Using open Channel [id: 0xbc6be616, L:/127.0.0.1:52800 - R:localhost/127.0.0.1:55710] for GET '/session/5ddd38b7ed6faf694185b9aad59ed5f2/element/3fcaf22e-86c1-40b5-80ee-4e2e957ce3da/name'
21:00:46.861 [AsyncHttpClient-1-3] DEBUG org.asynchttpclient.netty.handler.HttpHandler - 

Request DefaultFullHttpRequest(decodeResult: success, version: HTTP/1.1, content: EmptyByteBufBE)
GET /session/5ddd38b7ed6faf694185b9aad59ed5f2/element/3fcaf22e-86c1-40b5-80ee-4e2e957ce3da/name HTTP/1.1
User-Agent: selenium/4.1.2 (java windows)
Cache-Control: no-cache
Content-Type: application/json; charset=utf-8
host: localhost:55710
accept: */*

Response DefaultHttpResponse(decodeResult: success, version: HTTP/1.1)
HTTP/1.1 200 OK
Content-Type: application/json; charset=utf-8
cache-control: no-cache
content-length: 16

21:00:46.862 [AsyncHttpClient-1-3] DEBUG org.asynchttpclient.netty.channel.ChannelManager - Adding key: http://localhost:55710 for channel [id: 0xbc6be616, L:/127.0.0.1:52800 - R:localhost/127.0.0.1:55710]
21:00:46.864 [Forwarding findElement on session 5ddd38b7ed6faf694185b9aad59ed5f2 to remote] DEBUG org.asynchttpclient.netty.request.NettyRequestSender - Using pooled Channel '[id: 0xbc6be616, L:/127.0.0.1:52800 - R:localhost/127.0.0.1:55710]' for 'POST' to 'http://localhost:55710/session/5ddd38b7ed6faf694185b9aad59ed5f2/element'
21:00:46.864 [Forwarding findElement on session 5ddd38b7ed6faf694185b9aad59ed5f2 to remote] DEBUG org.asynchttpclient.netty.request.NettyRequestSender - Using open Channel [id: 0xbc6be616, L:/127.0.0.1:52800 - R:localhost/127.0.0.1:55710] for POST '/session/5ddd38b7ed6faf694185b9aad59ed5f2/element'
21:00:46.875 [AsyncHttpClient-1-3] DEBUG org.asynchttpclient.netty.handler.HttpHandler - 

Request DefaultHttpRequest(decodeResult: success, version: HTTP/1.1)
POST /session/5ddd38b7ed6faf694185b9aad59ed5f2/element HTTP/1.1
User-Agent: selenium/4.1.2 (java windows)
Content-Length: 83
Content-Type: application/json; charset=utf-8
host: localhost:55710
accept: */*

Response DefaultHttpResponse(decodeResult: success, version: HTTP/1.1)
HTTP/1.1 200 OK
Content-Type: application/json; charset=utf-8
cache-control: no-cache
content-length: 88

21:00:46.876 [AsyncHttpClient-1-3] DEBUG org.asynchttpclient.netty.channel.ChannelManager - Adding key: http://localhost:55710 for channel [id: 0xbc6be616, L:/127.0.0.1:52800 - R:localhost/127.0.0.1:55710]
21:00:46.877 [Forwarding clickElement on session 5ddd38b7ed6faf694185b9aad59ed5f2 to remote] DEBUG org.asynchttpclient.netty.request.NettyRequestSender - Using pooled Channel '[id: 0xbc6be616, L:/127.0.0.1:52800 - R:localhost/127.0.0.1:55710]' for 'POST' to 'http://localhost:55710/session/5ddd38b7ed6faf694185b9aad59ed5f2/element/3fcaf22e-86c1-40b5-80ee-4e2e957ce3da/click'
21:00:46.877 [Forwarding clickElement on session 5ddd38b7ed6faf694185b9aad59ed5f2 to remote] DEBUG org.asynchttpclient.netty.request.NettyRequestSender - Using open Channel [id: 0xbc6be616, L:/127.0.0.1:52800 - R:localhost/127.0.0.1:55710] for POST '/session/5ddd38b7ed6faf694185b9aad59ed5f2/element/3fcaf22e-86c1-40b5-80ee-4e2e957ce3da/click'
21:00:46.935 [AsyncHttpClient-1-3] DEBUG org.asynchttpclient.netty.handler.HttpHandler - 

Request DefaultHttpRequest(decodeResult: success, version: HTTP/1.1)
POST /session/5ddd38b7ed6faf694185b9aad59ed5f2/element/3fcaf22e-86c1-40b5-80ee-4e2e957ce3da/click HTTP/1.1
User-Agent: selenium/4.1.2 (java windows)
Content-Length: 50
Content-Type: application/json; charset=utf-8
host: localhost:55710
accept: */*

Response DefaultHttpResponse(decodeResult: success, version: HTTP/1.1)
HTTP/1.1 200 OK
Content-Type: application/json; charset=utf-8
cache-control: no-cache
content-length: 14

21:00:46.935 [AsyncHttpClient-1-3] DEBUG org.asynchttpclient.netty.channel.ChannelManager - Adding key: http://localhost:55710 for channel [id: 0xbc6be616, L:/127.0.0.1:52800 - R:localhost/127.0.0.1:55710]
21:00:46.941 [Forwarding screenshot on session 5ddd38b7ed6faf694185b9aad59ed5f2 to remote] DEBUG org.asynchttpclient.netty.request.NettyRequestSender - Using pooled Channel '[id: 0xbc6be616, L:/127.0.0.1:52800 - R:localhost/127.0.0.1:55710]' for 'GET' to 'http://localhost:55710/session/5ddd38b7ed6faf694185b9aad59ed5f2/screenshot'
21:00:46.941 [Forwarding screenshot on session 5ddd38b7ed6faf694185b9aad59ed5f2 to remote] DEBUG org.asynchttpclient.netty.request.NettyRequestSender - Using open Channel [id: 0xbc6be616, L:/127.0.0.1:52800 - R:localhost/127.0.0.1:55710] for GET '/session/5ddd38b7ed6faf694185b9aad59ed5f2/screenshot'
21:00:47.148 [AsyncHttpClient-1-3] DEBUG org.asynchttpclient.netty.handler.HttpHandler - 

Request DefaultFullHttpRequest(decodeResult: success, version: HTTP/1.1, content: EmptyByteBufBE)
GET /session/5ddd38b7ed6faf694185b9aad59ed5f2/screenshot HTTP/1.1
User-Agent: selenium/4.1.2 (java windows)
Cache-Control: no-cache
Content-Type: application/json; charset=utf-8
host: localhost:55710
accept: */*

Response DefaultHttpResponse(decodeResult: success, version: HTTP/1.1)
HTTP/1.1 200 OK
Content-Type: application/json; charset=utf-8
cache-control: no-cache
content-length: 29500

21:00:47.148 [AsyncHttpClient-1-3] DEBUG org.asynchttpclient.netty.channel.ChannelManager - Adding key: http://localhost:55710 for channel [id: 0xbc6be616, L:/127.0.0.1:52800 - R:localhost/127.0.0.1:55710]
21:00:47.156 [main] DEBUG net.serenitybdd.core.photography.Darkroom - Send negative for processing for target\site\serenity\a16c52ef486acfdd764a852c2f096640906841b75a0544e5a08c0503023a1096.png
21:00:47.156 [main] DEBUG net.thucydides.core.steps.StepInterceptor - STEP DONE: clickLoginButton
  &amp#27;[32mAnd &amp#27;[0m&amp#27;[32mi click login button&amp#27;[0m                                      &amp#27;[90m# starter.stepdefenitions.LoginSteps.clickLoginButton()&amp#27;[0m
21:00:47.158 [Darkroom Processing Line] DEBUG net.serenitybdd.core.photography.DarkroomProcessingLine - Processing screenshot image in /var/screenshots/screenshot-5401435169355036011
21:00:47.159 [Darkroom Processing Line] DEBUG net.serenitybdd.core.photography.DarkroomProcessingLine - Saving screenshot to target\site\serenity\a16c52ef486acfdd764a852c2f096640906841b75a0544e5a08c0503023a1096.png
21:00:47.183 [main] DEBUG net.thucydides.core.steps.StepInterceptor - STARTING STEP: LoginSteps.iFailToLoginAndGetErrorMessage - getMessageNoRecord
21:00:47.186 [Forwarding findElement on session 5ddd38b7ed6faf694185b9aad59ed5f2 to remote] DEBUG org.asynchttpclient.netty.request.NettyRequestSender - Using pooled Channel '[id: 0xbc6be616, L:/127.0.0.1:52800 - R:localhost/127.0.0.1:55710]' for 'POST' to 'http://localhost:55710/session/5ddd38b7ed6faf694185b9aad59ed5f2/element'
21:00:47.186 [Forwarding findElement on session 5ddd38b7ed6faf694185b9aad59ed5f2 to remote] DEBUG org.asynchttpclient.netty.request.NettyRequestSender - Using open Channel [id: 0xbc6be616, L:/127.0.0.1:52800 - R:localhost/127.0.0.1:55710] for POST '/session/5ddd38b7ed6faf694185b9aad59ed5f2/element'
21:00:47.191 [AsyncHttpClient-1-3] DEBUG org.asynchttpclient.netty.handler.HttpHandler - 

Request DefaultHttpRequest(decodeResult: success, version: HTTP/1.1)
POST /session/5ddd38b7ed6faf694185b9aad59ed5f2/element HTTP/1.1
User-Agent: selenium/4.1.2 (java windows)
Content-Length: 53
Content-Type: application/json; charset=utf-8
host: localhost:55710
accept: */*

Response DefaultHttpResponse(decodeResult: success, version: HTTP/1.1)
HTTP/1.1 400 Bad Request
Content-Type: application/json; charset=utf-8
cache-control: no-cache
content-length: 957

21:00:47.192 [AsyncHttpClient-1-3] DEBUG org.asynchttpclient.netty.channel.ChannelManager - Adding key: http://localhost:55710 for channel [id: 0xbc6be616, L:/127.0.0.1:52800 - R:localhost/127.0.0.1:55710]
21:00:47.197 [Forwarding findElement on session 5ddd38b7ed6faf694185b9aad59ed5f2 to remote] DEBUG org.asynchttpclient.netty.request.NettyRequestSender - Using pooled Channel '[id: 0xbc6be616, L:/127.0.0.1:52800 - R:localhost/127.0.0.1:55710]' for 'POST' to 'http://localhost:55710/session/5ddd38b7ed6faf694185b9aad59ed5f2/element'
21:00:47.198 [Forwarding findElement on session 5ddd38b7ed6faf694185b9aad59ed5f2 to remote] DEBUG org.asynchttpclient.netty.request.NettyRequestSender - Using open Channel [id: 0xbc6be616, L:/127.0.0.1:52800 - R:localhost/127.0.0.1:55710] for POST '/session/5ddd38b7ed6faf694185b9aad59ed5f2/element'
21:00:47.219 [AsyncHttpClient-1-3] DEBUG org.asynchttpclient.netty.handler.HttpHandler - 

Request DefaultHttpRequest(decodeResult: success, version: HTTP/1.1)
POST /session/5ddd38b7ed6faf694185b9aad59ed5f2/element HTTP/1.1
User-Agent: selenium/4.1.2 (java windows)
Content-Length: 63
Content-Type: application/json; charset=utf-8
host: localhost:55710
accept: */*

Response DefaultHttpResponse(decodeResult: success, version: HTTP/1.1)
HTTP/1.1 200 OK
Content-Type: application/json; charset=utf-8
cache-control: no-cache
content-length: 88

21:00:47.219 [AsyncHttpClient-1-3] DEBUG org.asynchttpclient.netty.channel.ChannelManager - Adding key: http://localhost:55710 for channel [id: 0xbc6be616, L:/127.0.0.1:52800 - R:localhost/127.0.0.1:55710]
21:00:47.223 [Forwarding isElementDisplayed on session 5ddd38b7ed6faf694185b9aad59ed5f2 to remote] DEBUG org.asynchttpclient.netty.request.NettyRequestSender - Using pooled Channel '[id: 0xbc6be616, L:/127.0.0.1:52800 - R:localhost/127.0.0.1:55710]' for 'POST' to 'http://localhost:55710/session/5ddd38b7ed6faf694185b9aad59ed5f2/execute/sync'
21:00:47.223 [Forwarding isElementDisplayed on session 5ddd38b7ed6faf694185b9aad59ed5f2 to remote] DEBUG org.asynchttpclient.netty.request.NettyRequestSender - Using open Channel [id: 0xbc6be616, L:/127.0.0.1:52800 - R:localhost/127.0.0.1:55710] for POST '/session/5ddd38b7ed6faf694185b9aad59ed5f2/execute/sync'
21:00:47.247 [AsyncHttpClient-1-3] DEBUG org.asynchttpclient.netty.handler.HttpHandler - 

Request DefaultHttpRequest(decodeResult: success, version: HTTP/1.1)
POST /session/5ddd38b7ed6faf694185b9aad59ed5f2/execute/sync HTTP/1.1
User-Agent: selenium/4.1.2 (java windows)
Content-Length: 48780
Content-Type: application/json; charset=utf-8
host: localhost:55710
accept: */*

Response DefaultHttpResponse(decodeResult: success, version: HTTP/1.1)
HTTP/1.1 200 OK
Content-Type: application/json; charset=utf-8
cache-control: no-cache
content-length: 14

21:00:47.247 [AsyncHttpClient-1-3] DEBUG org.asynchttpclient.netty.channel.ChannelManager - Adding key: http://localhost:55710 for channel [id: 0xbc6be616, L:/127.0.0.1:52800 - R:localhost/127.0.0.1:55710]
21:00:47.254 [Forwarding screenshot on session 5ddd38b7ed6faf694185b9aad59ed5f2 to remote] DEBUG org.asynchttpclient.netty.request.NettyRequestSender - Using pooled Channel '[id: 0xbc6be616, L:/127.0.0.1:52800 - R:localhost/127.0.0.1:55710]' for 'GET' to 'http://localhost:55710/session/5ddd38b7ed6faf694185b9aad59ed5f2/screenshot'
21:00:47.255 [Forwarding screenshot on session 5ddd38b7ed6faf694185b9aad59ed5f2 to remote] DEBUG org.asynchttpclient.netty.request.NettyRequestSender - Using open Channel [id: 0xbc6be616, L:/127.0.0.1:52800 - R:localhost/127.0.0.1:55710] for GET '/session/5ddd38b7ed6faf694185b9aad59ed5f2/screenshot'
21:00:47.440 [AsyncHttpClient-1-3] DEBUG org.asynchttpclient.netty.handler.HttpHandler - 

Request DefaultFullHttpRequest(decodeResult: success, version: HTTP/1.1, content: EmptyByteBufBE)
GET /session/5ddd38b7ed6faf694185b9aad59ed5f2/screenshot HTTP/1.1
User-Agent: selenium/4.1.2 (java windows)
Cache-Control: no-cache
Content-Type: application/json; charset=utf-8
host: localhost:55710
accept: */*

Response DefaultHttpResponse(decodeResult: success, version: HTTP/1.1)
HTTP/1.1 200 OK
Content-Type: application/json; charset=utf-8
cache-control: no-cache
content-length: 32500

21:00:47.441 [AsyncHttpClient-1-3] DEBUG org.asynchttpclient.netty.channel.ChannelManager - Adding key: http://localhost:55710 for channel [id: 0xbc6be616, L:/127.0.0.1:52800 - R:localhost/127.0.0.1:55710]
21:00:47.444 [main] DEBUG net.serenitybdd.core.photography.Darkroom - Send negative for processing for target\site\serenity\573b9362f29347bc70f1eaf63b55e322664565553045ca3bc6b6fd4da0500f4c.png
21:00:47.444 [main] DEBUG net.thucydides.core.steps.StepInterceptor - STEP DONE: getMessageNoRecord
  &amp#27;[32mThen &amp#27;[0m&amp#27;[32mi fail to login and get error message &amp#27;[0m&amp#27;[32m&amp#27;[1m"record not found"&amp#27;[0m &amp#27;[90m# starter.stepdefenitions.LoginSteps.iFailToLoginAndGetErrorMessage(java.lang.String)&amp#27;[0m
21:00:47.444 [Darkroom Processing Line] DEBUG net.serenitybdd.core.photography.DarkroomProcessingLine - Processing screenshot image in /var/screenshots/screenshot-2798979787062898350
21:00:47.444 [Darkroom Processing Line] DEBUG net.serenitybdd.core.photography.DarkroomProcessingLine - Saving screenshot to target\site\serenity\573b9362f29347bc70f1eaf63b55e322664565553045ca3bc6b6fd4da0500f4c.png
21:00:47.452 [main] INFO  - 
  _____   ___   ___   _____     ___     _     ___   ___   ___   ___  
 |_   _| | __| / __| |_   _|   | _ \   /_\   / __| / __| | __| |   \ 
   | |   | _|  \__ \   | |     |  _/  / _ \  \__ \ \__ \ | _|  | |) |
   |_|   |___| |___/   |_|     |_|   /_/ \_\ |___/ |___/ |___| |___/ 

As user i have failed to login with invalid email
----------------------------------------------------------------------
21:00:47.454 [AsyncHttpClient-1-5] DEBUG org.asynchttpclient.netty.handler.WebSocketHandler - Channel Closed: [id: 0xdbba3c7a, L:/127.0.0.1:52808 ! R:localhost/127.0.0.1:52801] with attribute NettyResponseFuture{currentRetry=5,
	isDone=1,
	isCancelled=0,
	asyncHandler=org.asynchttpclient.ws.WebSocketUpgradeHandler@7457dc04,
	nettyRequest=org.asynchttpclient.netty.request.NettyRequest@3107619f,
	future=java.util.concurrent.CompletableFuture@df1daae[Completed normally],
	uri=ws://localhost:52801/devtools/browser/d8c6041d-15c0-4f10-bec4-e380b7518611,
	keepAlive=true,
	redirectCount=0,
	timeoutsHolder=null,
	inAuth=0,
	touch=1652450435539}
21:00:47.454 [AsyncHttpClient-1-5] DEBUG org.asynchttpclient.netty.channel.ChannelManager - Closing Channel [id: 0xdbba3c7a, L:/127.0.0.1:52808 ! R:localhost/127.0.0.1:52801] 
21:00:47.456 [Driver Command Executor] DEBUG org.asynchttpclient.netty.request.NettyRequestSender - Using pooled Channel '[id: 0xbc6be616, L:/127.0.0.1:52800 - R:localhost/127.0.0.1:55710]' for 'DELETE' to 'http://localhost:55710/session/5ddd38b7ed6faf694185b9aad59ed5f2'
21:00:47.456 [Driver Command Executor] DEBUG org.asynchttpclient.netty.request.NettyRequestSender - Using open Channel [id: 0xbc6be616, L:/127.0.0.1:52800 - R:localhost/127.0.0.1:55710] for DELETE '/session/5ddd38b7ed6faf694185b9aad59ed5f2'
21:00:47.599 [AsyncHttpClient-1-4] DEBUG org.asynchttpclient.netty.handler.HttpHandler - Unexpected I/O exception on channel [id: 0x8ce0ca54, L:/127.0.0.1:52807 - R:localhost/127.0.0.1:52801]
java.io.IOException: An existing connection was forcibly closed by the remote host
	at sun.nio.ch.SocketDispatcher.read0(Native Method)
	at sun.nio.ch.SocketDispatcher.read(SocketDispatcher.java:43)
	at sun.nio.ch.IOUtil.readIntoNativeBuffer(IOUtil.java:223)
	at sun.nio.ch.IOUtil.read(IOUtil.java:192)
	at sun.nio.ch.SocketChannelImpl.read(SocketChannelImpl.java:378)
	at io.netty.buffer.PooledByteBuf.setBytes(PooledByteBuf.java:258)
	at io.netty.buffer.AbstractByteBuf.writeBytes(AbstractByteBuf.java:1132)
	at io.netty.channel.socket.nio.NioSocketChannel.doReadBytes(NioSocketChannel.java:350)
	at io.netty.channel.nio.AbstractNioByteChannel$NioByteUnsafe.read(AbstractNioByteChannel.java:151)
	at io.netty.channel.nio.NioEventLoop.processSelectedKey(NioEventLoop.java:722)
	at io.netty.channel.nio.NioEventLoop.processSelectedKeysOptimized(NioEventLoop.java:658)
	at io.netty.channel.nio.NioEventLoop.processSelectedKeys(NioEventLoop.java:584)
	at io.netty.channel.nio.NioEventLoop.run(NioEventLoop.java:496)
	at io.netty.util.concurrent.SingleThreadEventExecutor$4.run(SingleThreadEventExecutor.java:986)
	at io.netty.util.internal.ThreadExecutorMap$2.run(ThreadExecutorMap.java:74)
	at io.netty.util.concurrent.FastThreadLocalRunnable.run(FastThreadLocalRunnable.java:30)
	at java.lang.Thread.run(Thread.java:750)
21:00:47.599 [AsyncHttpClient-1-4] DEBUG org.asynchttpclient.netty.channel.ChannelManager - Closing Channel [id: 0x8ce0ca54, L:/127.0.0.1:52807 - R:localhost/127.0.0.1:52801] 
21:00:47.599 [AsyncHttpClient-1-4] DEBUG org.asynchttpclient.netty.handler.HttpHandler - Channel Closed: [id: 0x8ce0ca54, L:/127.0.0.1:52807 ! R:localhost/127.0.0.1:52801] with attribute DISCARD
21:00:47.630 [AsyncHttpClient-1-3] DEBUG org.asynchttpclient.netty.handler.HttpHandler - 

Request DefaultFullHttpRequest(decodeResult: success, version: HTTP/1.1, content: EmptyByteBufBE)
DELETE /session/5ddd38b7ed6faf694185b9aad59ed5f2 HTTP/1.1
User-Agent: selenium/4.1.2 (java windows)
Content-Type: application/json; charset=utf-8
host: localhost:55710
accept: */*

Response DefaultHttpResponse(decodeResult: success, version: HTTP/1.1)
HTTP/1.1 200 OK
Content-Type: application/json; charset=utf-8
cache-control: no-cache
content-length: 14

21:00:47.631 [AsyncHttpClient-1-3] DEBUG org.asynchttpclient.netty.channel.ChannelManager - Adding key: http://localhost:55710 for channel [id: 0xbc6be616, L:/127.0.0.1:52800 - R:localhost/127.0.0.1:55710]
21:00:47.739 [AsyncHttpClient-1-3] DEBUG org.asynchttpclient.netty.handler.HttpHandler - Channel Closed: [id: 0xbc6be616, L:/127.0.0.1:52800 ! R:localhost/127.0.0.1:55710] with attribute DISCARD
21:00:47.794 [AsyncHttpClient-1-1] DEBUG org.asynchttpclient.netty.channel.DefaultChannelPool - Entry count for : http://localhost:52801 : 1
21:00:47.794 [AsyncHttpClient-1-1] DEBUG org.asynchttpclient.netty.channel.DefaultChannelPool - Entry count for : http://localhost:55710 : 1
21:00:47.794 [AsyncHttpClient-1-1] DEBUG org.asynchttpclient.netty.channel.DefaultChannelPool - Adding Candidate expired Channel [id: 0x8ce0ca54, L:/127.0.0.1:52807 ! R:localhost/127.0.0.1:52801] isIdleTimeoutExpired=false isRemotelyClosed=true isTtlExpired=false
21:00:47.794 [AsyncHttpClient-1-1] DEBUG org.asynchttpclient.netty.channel.DefaultChannelPool - Closing Idle Channel [id: 0x8ce0ca54, L:/127.0.0.1:52807 ! R:localhost/127.0.0.1:52801]
21:00:47.794 [AsyncHttpClient-1-1] DEBUG org.asynchttpclient.netty.channel.DefaultChannelPool - Adding Candidate expired Channel [id: 0xbc6be616, L:/127.0.0.1:52800 ! R:localhost/127.0.0.1:55710] isIdleTimeoutExpired=false isRemotelyClosed=true isTtlExpired=false
21:00:47.794 [AsyncHttpClient-1-1] DEBUG org.asynchttpclient.netty.channel.DefaultChannelPool - Closing Idle Channel [id: 0xbc6be616, L:/127.0.0.1:52800 ! R:localhost/127.0.0.1:55710]
21:00:47.794 [AsyncHttpClient-1-1] DEBUG org.asynchttpclient.netty.channel.DefaultChannelPool - Closed 2 connections out of 2 in 0 ms
]]></system-out>
    <system-err><![CDATA[Starting ChromeDriver 100.0.4896.60 (6a5d10861ce8de5fce22564658033b43cb7de047-refs/branch-heads/4896@{#875}) on port 55710
Only local connections are allowed.
Please see https://chromedriver.chromium.org/security-considerations for suggestions on keeping ChromeDriver safe.
ChromeDriver was started successfully.
[1652450435.413][WARNING]: This version of ChromeDriver has not been tested with Chrome version 101.
May 13, 2022 9:00:35 PM org.openqa.selenium.remote.ProtocolHandshake createSession
INFO: Detected dialect: W3C
May 13, 2022 9:00:35 PM org.openqa.selenium.devtools.CdpVersionFinder findNearestMatch
WARNING: Unable to find an exact match for CDP version 101, so returning the closest version found: 97
May 13, 2022 9:00:35 PM org.openqa.selenium.devtools.CdpVersionFinder findNearestMatch
INFO: Found CDP implementation for version 101 of 97
]]></system-err>
  </testcase>
  <testcase name="As user i have failed to login with not input data" classname="As user I want to login So that i can see home page" time="14.611">
    <system-out><![CDATA[
@login @negative
Scenario: As user i have failed to login with not input data &amp#27;[90m# src/test/resources/features/Login.feature:29&amp#27;[0m
21:00:48.305 [main] INFO io.cucumber.core.plugin.SerenityReporter - Running feature from file:///D:/kampus%20merdeka/QE_MUHAMMAD%20ADIBASYAH/miniproject/web/src/test/resources/features/Login.feature
21:00:48.310 [main] INFO  - 
  _____   ___   ___   _____     ___   _____     _     ___   _____   ___   ___  
 |_   _| | __| / __| |_   _|   / __| |_   _|   /_\   | _ \ |_   _| | __| |   \ 
   | |   | _|  \__ \   | |     \__ \   | |    / _ \  |   /   | |   | _|  | |) |
   |_|   |___| |___/   |_|     |___/   |_|   /_/ \_\ |_|_\   |_|   |___| |___/ 

As user i have failed to login with not input data(as-user-i-want-to-login-so-that-i-can-see-home-page;as-user-i-have-failed-to-login-with-not-input-data)
--------------------------------------------------------------------------------
21:00:48.345 [main] DEBUG net.thucydides.core.steps.StepInterceptor - STARTING STEP: LoginSteps.onLoginPage - openPage
21:00:48.350 [main] INFO net.serenitybdd.core.webdriver.driverproviders.ChromeDriverProvider - Using automatically driver download
21:00:48.561 [main] DEBUG io.github.bonigarcia.wdm.cache.ResolutionCache - Resolution chrome=101 in cache (valid until 21:59:22 13/05/2022 ICT)
21:00:48.567 [main] DEBUG io.github.bonigarcia.wdm.cache.ResolutionCache - Resolution chrome101=101.0.4951.41 in cache (valid until 20:59:22 14/05/2022 ICT)
21:00:48.569 [main] INFO io.github.bonigarcia.wdm.WebDriverManager - Using chromedriver 101.0.4951.41 (resolved driver for Chrome 101)
21:00:48.584 [main] DEBUG io.github.bonigarcia.wdm.WebDriverManager - Driver chromedriver 101.0.4951.41 found in cache
21:00:48.585 [main] INFO io.github.bonigarcia.wdm.WebDriverManager - Exporting webdriver.chrome.driver as C:\Users\Admin\.cache\selenium\chromedriver\win32\101.0.4951.41\chromedriver.exe
21:00:48.756 [main] DEBUG net.serenitybdd.core.webdriver.driverproviders.ProvideNewDriver - Instantiating driver
21:00:48.756 [main] DEBUG net.serenitybdd.core.webdriver.driverproviders.ProvideNewDriver - Driver capabilities: Capabilities {acceptInsecureCerts: false, base.url: https://qa.alta.id/, browserName: chrome, chrome.driver: src/test/resources/webdrive..., driver: chrome, goog:chromeOptions: {args: [], extensions: []}}
21:00:49.351 [AsyncHttpClient-1-6] DEBUG org.asynchttpclient.netty.channel.NettyConnectListener - Using new Channel '[id: 0xe36a7b8b, L:/127.0.0.1:52836 - R:localhost/127.0.0.1:60115]' for 'POST' to '/session'
21:00:50.480 [AsyncHttpClient-1-6] DEBUG org.asynchttpclient.netty.handler.HttpHandler - 

Request DefaultHttpRequest(decodeResult: success, version: HTTP/1.1)
POST /session HTTP/1.1
User-Agent: selenium/4.1.2 (java windows)
Content-Length: 605
Content-Type: application/json; charset=utf-8
host: localhost:60115
accept: */*

Response DefaultHttpResponse(decodeResult: success, version: HTTP/1.1)
HTTP/1.1 200 OK
Content-Type: application/json; charset=utf-8
cache-control: no-cache
content-length: 789

21:00:50.481 [AsyncHttpClient-1-6] DEBUG org.asynchttpclient.netty.channel.ChannelManager - Adding key: http://localhost:60115 for channel [id: 0xe36a7b8b, L:/127.0.0.1:52836 - R:localhost/127.0.0.1:60115]
21:00:50.491 [AsyncHttpClient-1-7] DEBUG org.asynchttpclient.netty.channel.NettyConnectListener - Using new Channel '[id: 0xe3e4736c, L:/127.0.0.1:52842 - R:localhost/127.0.0.1:52837]' for 'GET' to '/json/version'
21:00:50.493 [AsyncHttpClient-1-7] DEBUG org.asynchttpclient.netty.handler.HttpHandler - 

Request DefaultFullHttpRequest(decodeResult: success, version: HTTP/1.1, content: EmptyByteBufBE)
GET /json/version HTTP/1.1
User-Agent: selenium/4.1.2 (java windows)
host: localhost:52837
accept: */*

Response DefaultHttpResponse(decodeResult: success, version: HTTP/1.1)
HTTP/1.1 200 OK
Content-Type: application/json; charset=UTF-8
content-length: 427

21:00:50.493 [AsyncHttpClient-1-7] DEBUG org.asynchttpclient.netty.channel.ChannelManager - Adding key: http://localhost:52837 for channel [id: 0xe3e4736c, L:/127.0.0.1:52842 - R:localhost/127.0.0.1:52837]
21:00:50.498 [AsyncHttpClient-1-8] DEBUG org.asynchttpclient.netty.channel.NettyConnectListener - Using new Channel '[id: 0x2d97b4f1, L:/127.0.0.1:52843 - R:localhost/127.0.0.1:52837]' for 'GET' to '/devtools/browser/cd4c5f53-f3fe-4020-b9e6-13315b2d6515'
21:00:50.499 [AsyncHttpClient-1-8] DEBUG org.asynchttpclient.netty.handler.WebSocketHandler - 

Request DefaultFullHttpRequest(decodeResult: success, version: HTTP/1.1, content: EmptyByteBufBE)
GET /devtools/browser/cd4c5f53-f3fe-4020-b9e6-13315b2d6515 HTTP/1.1
upgrade: websocket
connection: upgrade
sec-websocket-key: zPSi+xUJU9ArT59xCO3FTA==
sec-websocket-version: 13
origin: http://localhost:52837
host: localhost:52837
accept: */*
user-agent: AHC/2.1

Response DefaultHttpResponse(decodeResult: success, version: HTTP/1.1)
HTTP/1.1 101 WebSocket Protocol Handshake
Upgrade: WebSocket
Connection: Upgrade
Sec-WebSocket-Accept: +b4xssp7HBes5BdcnuWsO4zaJeY=

21:00:50.507 [Forwarding setCurrentWindowSize on session acf066ff68fbf6ba86c129409e91cba2 to remote] DEBUG org.asynchttpclient.netty.request.NettyRequestSender - Using pooled Channel '[id: 0xe36a7b8b, L:/127.0.0.1:52836 - R:localhost/127.0.0.1:60115]' for 'POST' to 'http://localhost:60115/session/acf066ff68fbf6ba86c129409e91cba2/window/rect'
21:00:50.507 [Forwarding setCurrentWindowSize on session acf066ff68fbf6ba86c129409e91cba2 to remote] DEBUG org.asynchttpclient.netty.request.NettyRequestSender - Using open Channel [id: 0xe36a7b8b, L:/127.0.0.1:52836 - R:localhost/127.0.0.1:60115] for POST '/session/acf066ff68fbf6ba86c129409e91cba2/window/rect'
21:00:50.656 [AsyncHttpClient-1-6] DEBUG org.asynchttpclient.netty.handler.HttpHandler - 

Request DefaultHttpRequest(decodeResult: success, version: HTTP/1.1)
POST /session/acf066ff68fbf6ba86c129409e91cba2/window/rect HTTP/1.1
User-Agent: selenium/4.1.2 (java windows)
Content-Length: 37
Content-Type: application/json; charset=utf-8
host: localhost:60115
accept: */*

Response DefaultHttpResponse(decodeResult: success, version: HTTP/1.1)
HTTP/1.1 200 OK
Content-Type: application/json; charset=utf-8
cache-control: no-cache
content-length: 51

21:00:50.656 [AsyncHttpClient-1-6] DEBUG org.asynchttpclient.netty.channel.ChannelManager - Adding key: http://localhost:60115 for channel [id: 0xe36a7b8b, L:/127.0.0.1:52836 - R:localhost/127.0.0.1:60115]
21:00:50.659 [Forwarding setWindowPosition on session acf066ff68fbf6ba86c129409e91cba2 to remote] DEBUG org.asynchttpclient.netty.request.NettyRequestSender - Using pooled Channel '[id: 0xe36a7b8b, L:/127.0.0.1:52836 - R:localhost/127.0.0.1:60115]' for 'POST' to 'http://localhost:60115/session/acf066ff68fbf6ba86c129409e91cba2/window/rect'
21:00:50.659 [Forwarding setWindowPosition on session acf066ff68fbf6ba86c129409e91cba2 to remote] DEBUG org.asynchttpclient.netty.request.NettyRequestSender - Using open Channel [id: 0xe36a7b8b, L:/127.0.0.1:52836 - R:localhost/127.0.0.1:60115] for POST '/session/acf066ff68fbf6ba86c129409e91cba2/window/rect'
21:00:50.806 [AsyncHttpClient-1-6] DEBUG org.asynchttpclient.netty.handler.HttpHandler - 

Request DefaultHttpRequest(decodeResult: success, version: HTTP/1.1)
POST /session/acf066ff68fbf6ba86c129409e91cba2/window/rect HTTP/1.1
User-Agent: selenium/4.1.2 (java windows)
Content-Length: 22
Content-Type: application/json; charset=utf-8
host: localhost:60115
accept: */*

Response DefaultHttpResponse(decodeResult: success, version: HTTP/1.1)
HTTP/1.1 200 OK
Content-Type: application/json; charset=utf-8
cache-control: no-cache
content-length: 49

21:00:50.806 [AsyncHttpClient-1-6] DEBUG org.asynchttpclient.netty.channel.ChannelManager - Adding key: http://localhost:60115 for channel [id: 0xe36a7b8b, L:/127.0.0.1:52836 - R:localhost/127.0.0.1:60115]
21:00:50.808 [Forwarding get on session acf066ff68fbf6ba86c129409e91cba2 to remote] DEBUG org.asynchttpclient.netty.request.NettyRequestSender - Using pooled Channel '[id: 0xe36a7b8b, L:/127.0.0.1:52836 - R:localhost/127.0.0.1:60115]' for 'POST' to 'http://localhost:60115/session/acf066ff68fbf6ba86c129409e91cba2/url'
21:00:50.808 [Forwarding get on session acf066ff68fbf6ba86c129409e91cba2 to remote] DEBUG org.asynchttpclient.netty.request.NettyRequestSender - Using open Channel [id: 0xe36a7b8b, L:/127.0.0.1:52836 - R:localhost/127.0.0.1:60115] for POST '/session/acf066ff68fbf6ba86c129409e91cba2/url'
21:00:51.097 [AsyncHttpClient-1-1] DEBUG org.asynchttpclient.netty.channel.DefaultChannelPool - Entry count for : http://localhost:52837 : 1
21:00:52.198 [AsyncHttpClient-1-1] DEBUG org.asynchttpclient.netty.channel.DefaultChannelPool - Entry count for : http://localhost:52837 : 1
21:00:52.214 [AsyncHttpClient-1-6] DEBUG org.asynchttpclient.netty.handler.HttpHandler - 

Request DefaultHttpRequest(decodeResult: success, version: HTTP/1.1)
POST /session/acf066ff68fbf6ba86c129409e91cba2/url HTTP/1.1
User-Agent: selenium/4.1.2 (java windows)
Content-Length: 49
Content-Type: application/json; charset=utf-8
host: localhost:60115
accept: */*

Response DefaultHttpResponse(decodeResult: success, version: HTTP/1.1)
HTTP/1.1 200 OK
Content-Type: application/json; charset=utf-8
cache-control: no-cache
content-length: 14

21:00:52.215 [AsyncHttpClient-1-6] DEBUG org.asynchttpclient.netty.channel.ChannelManager - Adding key: http://localhost:60115 for channel [id: 0xe36a7b8b, L:/127.0.0.1:52836 - R:localhost/127.0.0.1:60115]
21:00:52.218 [Forwarding setTimeout on session acf066ff68fbf6ba86c129409e91cba2 to remote] DEBUG org.asynchttpclient.netty.request.NettyRequestSender - Using pooled Channel '[id: 0xe36a7b8b, L:/127.0.0.1:52836 - R:localhost/127.0.0.1:60115]' for 'POST' to 'http://localhost:60115/session/acf066ff68fbf6ba86c129409e91cba2/timeouts'
21:00:52.218 [Forwarding setTimeout on session acf066ff68fbf6ba86c129409e91cba2 to remote] DEBUG org.asynchttpclient.netty.request.NettyRequestSender - Using open Channel [id: 0xe36a7b8b, L:/127.0.0.1:52836 - R:localhost/127.0.0.1:60115] for POST '/session/acf066ff68fbf6ba86c129409e91cba2/timeouts'
21:00:52.219 [AsyncHttpClient-1-6] DEBUG org.asynchttpclient.netty.handler.HttpHandler - 

Request DefaultHttpRequest(decodeResult: success, version: HTTP/1.1)
POST /session/acf066ff68fbf6ba86c129409e91cba2/timeouts HTTP/1.1
User-Agent: selenium/4.1.2 (java windows)
Content-Length: 22
Content-Type: application/json; charset=utf-8
host: localhost:60115
accept: */*

Response DefaultHttpResponse(decodeResult: success, version: HTTP/1.1)
HTTP/1.1 200 OK
Content-Type: application/json; charset=utf-8
cache-control: no-cache
content-length: 14

21:00:52.220 [AsyncHttpClient-1-6] DEBUG org.asynchttpclient.netty.channel.ChannelManager - Adding key: http://localhost:60115 for channel [id: 0xe36a7b8b, L:/127.0.0.1:52836 - R:localhost/127.0.0.1:60115]
21:00:52.224 [Forwarding getCurrentUrl on session acf066ff68fbf6ba86c129409e91cba2 to remote] DEBUG org.asynchttpclient.netty.request.NettyRequestSender - Using pooled Channel '[id: 0xe36a7b8b, L:/127.0.0.1:52836 - R:localhost/127.0.0.1:60115]' for 'GET' to 'http://localhost:60115/session/acf066ff68fbf6ba86c129409e91cba2/url'
21:00:52.224 [Forwarding getCurrentUrl on session acf066ff68fbf6ba86c129409e91cba2 to remote] DEBUG org.asynchttpclient.netty.request.NettyRequestSender - Using open Channel [id: 0xe36a7b8b, L:/127.0.0.1:52836 - R:localhost/127.0.0.1:60115] for GET '/session/acf066ff68fbf6ba86c129409e91cba2/url'
21:00:52.230 [AsyncHttpClient-1-6] DEBUG org.asynchttpclient.netty.handler.HttpHandler - 

Request DefaultFullHttpRequest(decodeResult: success, version: HTTP/1.1, content: EmptyByteBufBE)
GET /session/acf066ff68fbf6ba86c129409e91cba2/url HTTP/1.1
User-Agent: selenium/4.1.2 (java windows)
Cache-Control: no-cache
Content-Type: application/json; charset=utf-8
host: localhost:60115
accept: */*

Response DefaultHttpResponse(decodeResult: success, version: HTTP/1.1)
HTTP/1.1 200 OK
Content-Type: application/json; charset=utf-8
cache-control: no-cache
content-length: 31

21:00:52.230 [AsyncHttpClient-1-6] DEBUG org.asynchttpclient.netty.channel.ChannelManager - Adding key: http://localhost:60115 for channel [id: 0xe36a7b8b, L:/127.0.0.1:52836 - R:localhost/127.0.0.1:60115]
21:00:52.234 [Forwarding getCurrentUrl on session acf066ff68fbf6ba86c129409e91cba2 to remote] DEBUG org.asynchttpclient.netty.request.NettyRequestSender - Using pooled Channel '[id: 0xe36a7b8b, L:/127.0.0.1:52836 - R:localhost/127.0.0.1:60115]' for 'GET' to 'http://localhost:60115/session/acf066ff68fbf6ba86c129409e91cba2/url'
21:00:52.234 [Forwarding getCurrentUrl on session acf066ff68fbf6ba86c129409e91cba2 to remote] DEBUG org.asynchttpclient.netty.request.NettyRequestSender - Using open Channel [id: 0xe36a7b8b, L:/127.0.0.1:52836 - R:localhost/127.0.0.1:60115] for GET '/session/acf066ff68fbf6ba86c129409e91cba2/url'
21:00:52.241 [AsyncHttpClient-1-6] DEBUG org.asynchttpclient.netty.handler.HttpHandler - 

Request DefaultFullHttpRequest(decodeResult: success, version: HTTP/1.1, content: EmptyByteBufBE)
GET /session/acf066ff68fbf6ba86c129409e91cba2/url HTTP/1.1
User-Agent: selenium/4.1.2 (java windows)
Cache-Control: no-cache
Content-Type: application/json; charset=utf-8
host: localhost:60115
accept: */*

Response DefaultHttpResponse(decodeResult: success, version: HTTP/1.1)
HTTP/1.1 200 OK
Content-Type: application/json; charset=utf-8
cache-control: no-cache
content-length: 31

21:00:52.241 [AsyncHttpClient-1-6] DEBUG org.asynchttpclient.netty.channel.ChannelManager - Adding key: http://localhost:60115 for channel [id: 0xe36a7b8b, L:/127.0.0.1:52836 - R:localhost/127.0.0.1:60115]
21:00:52.253 [Forwarding screenshot on session acf066ff68fbf6ba86c129409e91cba2 to remote] DEBUG org.asynchttpclient.netty.request.NettyRequestSender - Using pooled Channel '[id: 0xe36a7b8b, L:/127.0.0.1:52836 - R:localhost/127.0.0.1:60115]' for 'GET' to 'http://localhost:60115/session/acf066ff68fbf6ba86c129409e91cba2/screenshot'
21:00:52.253 [Forwarding screenshot on session acf066ff68fbf6ba86c129409e91cba2 to remote] DEBUG org.asynchttpclient.netty.request.NettyRequestSender - Using open Channel [id: 0xe36a7b8b, L:/127.0.0.1:52836 - R:localhost/127.0.0.1:60115] for GET '/session/acf066ff68fbf6ba86c129409e91cba2/screenshot'
21:00:52.617 [AsyncHttpClient-1-6] DEBUG org.asynchttpclient.netty.handler.HttpHandler - 

Request DefaultFullHttpRequest(decodeResult: success, version: HTTP/1.1, content: EmptyByteBufBE)
GET /session/acf066ff68fbf6ba86c129409e91cba2/screenshot HTTP/1.1
User-Agent: selenium/4.1.2 (java windows)
Cache-Control: no-cache
Content-Type: application/json; charset=utf-8
host: localhost:60115
accept: */*

Response DefaultHttpResponse(decodeResult: success, version: HTTP/1.1)
HTTP/1.1 200 OK
Content-Type: application/json; charset=utf-8
cache-control: no-cache
content-length: 31816

21:00:52.618 [AsyncHttpClient-1-6] DEBUG org.asynchttpclient.netty.channel.ChannelManager - Adding key: http://localhost:60115 for channel [id: 0xe36a7b8b, L:/127.0.0.1:52836 - R:localhost/127.0.0.1:60115]
21:00:52.631 [main] DEBUG net.serenitybdd.core.photography.Darkroom - Send negative for processing for target\site\serenity\c470ed9eaced90ef2611e743e98592c8d63bd58a3460a8b451fe144f1ed6034b.png
21:00:52.633 [main] DEBUG net.thucydides.core.steps.StepInterceptor - STEP DONE: openPage
21:00:52.633 [Darkroom Processing Line] DEBUG net.serenitybdd.core.photography.DarkroomProcessingLine - Processing screenshot image in /var/screenshots/screenshot-4564664116917759409
21:00:52.634 [Darkroom Processing Line] DEBUG net.serenitybdd.core.photography.DarkroomProcessingLine - Saving screenshot to target\site\serenity\c470ed9eaced90ef2611e743e98592c8d63bd58a3460a8b451fe144f1ed6034b.png
21:00:52.674 [main] DEBUG net.thucydides.core.steps.StepInterceptor - STARTING STEP: LoginSteps.onLoginPage - clickLoginIcon
21:00:52.715 [Forwarding findElement on session acf066ff68fbf6ba86c129409e91cba2 to remote] DEBUG org.asynchttpclient.netty.request.NettyRequestSender - Using pooled Channel '[id: 0xe36a7b8b, L:/127.0.0.1:52836 - R:localhost/127.0.0.1:60115]' for 'POST' to 'http://localhost:60115/session/acf066ff68fbf6ba86c129409e91cba2/element'
21:00:52.715 [Forwarding findElement on session acf066ff68fbf6ba86c129409e91cba2 to remote] DEBUG org.asynchttpclient.netty.request.NettyRequestSender - Using open Channel [id: 0xe36a7b8b, L:/127.0.0.1:52836 - R:localhost/127.0.0.1:60115] for POST '/session/acf066ff68fbf6ba86c129409e91cba2/element'
21:00:53.320 [AsyncHttpClient-1-1] DEBUG org.asynchttpclient.netty.channel.DefaultChannelPool - Entry count for : http://localhost:52837 : 1
21:00:54.401 [AsyncHttpClient-1-1] DEBUG org.asynchttpclient.netty.channel.DefaultChannelPool - Entry count for : http://localhost:52837 : 1
21:00:55.500 [AsyncHttpClient-1-1] DEBUG org.asynchttpclient.netty.channel.DefaultChannelPool - Entry count for : http://localhost:52837 : 1
21:00:56.594 [AsyncHttpClient-1-1] DEBUG org.asynchttpclient.netty.channel.DefaultChannelPool - Entry count for : http://localhost:52837 : 1
21:00:57.697 [AsyncHttpClient-1-1] DEBUG org.asynchttpclient.netty.channel.DefaultChannelPool - Entry count for : http://localhost:52837 : 1
21:00:58.799 [AsyncHttpClient-1-1] DEBUG org.asynchttpclient.netty.channel.DefaultChannelPool - Entry count for : http://localhost:52837 : 1
21:00:59.493 [AsyncHttpClient-1-6] DEBUG org.asynchttpclient.netty.handler.HttpHandler - 

Request DefaultHttpRequest(decodeResult: success, version: HTTP/1.1)
POST /session/acf066ff68fbf6ba86c129409e91cba2/element HTTP/1.1
User-Agent: selenium/4.1.2 (java windows)
Content-Length: 129
Content-Type: application/json; charset=utf-8
host: localhost:60115
accept: */*

Response DefaultHttpResponse(decodeResult: success, version: HTTP/1.1)
HTTP/1.1 200 OK
Content-Type: application/json; charset=utf-8
cache-control: no-cache
content-length: 88

21:00:59.494 [AsyncHttpClient-1-6] DEBUG org.asynchttpclient.netty.channel.ChannelManager - Adding key: http://localhost:60115 for channel [id: 0xe36a7b8b, L:/127.0.0.1:52836 - R:localhost/127.0.0.1:60115]
21:00:59.496 [Forwarding getElementTagName on session acf066ff68fbf6ba86c129409e91cba2 to remote] DEBUG org.asynchttpclient.netty.request.NettyRequestSender - Using pooled Channel '[id: 0xe36a7b8b, L:/127.0.0.1:52836 - R:localhost/127.0.0.1:60115]' for 'GET' to 'http://localhost:60115/session/acf066ff68fbf6ba86c129409e91cba2/element/d2f189f0-c370-4caa-92b7-7a2306595567/name'
21:00:59.497 [Forwarding getElementTagName on session acf066ff68fbf6ba86c129409e91cba2 to remote] DEBUG org.asynchttpclient.netty.request.NettyRequestSender - Using open Channel [id: 0xe36a7b8b, L:/127.0.0.1:52836 - R:localhost/127.0.0.1:60115] for GET '/session/acf066ff68fbf6ba86c129409e91cba2/element/d2f189f0-c370-4caa-92b7-7a2306595567/name'
21:00:59.517 [AsyncHttpClient-1-6] DEBUG org.asynchttpclient.netty.handler.HttpHandler - 

Request DefaultFullHttpRequest(decodeResult: success, version: HTTP/1.1, content: EmptyByteBufBE)
GET /session/acf066ff68fbf6ba86c129409e91cba2/element/d2f189f0-c370-4caa-92b7-7a2306595567/name HTTP/1.1
User-Agent: selenium/4.1.2 (java windows)
Cache-Control: no-cache
Content-Type: application/json; charset=utf-8
host: localhost:60115
accept: */*

Response DefaultHttpResponse(decodeResult: success, version: HTTP/1.1)
HTTP/1.1 200 OK
Content-Type: application/json; charset=utf-8
cache-control: no-cache
content-length: 18

21:00:59.517 [AsyncHttpClient-1-6] DEBUG org.asynchttpclient.netty.channel.ChannelManager - Adding key: http://localhost:60115 for channel [id: 0xe36a7b8b, L:/127.0.0.1:52836 - R:localhost/127.0.0.1:60115]
21:00:59.518 [Forwarding getElementTagName on session acf066ff68fbf6ba86c129409e91cba2 to remote] DEBUG org.asynchttpclient.netty.request.NettyRequestSender - Using pooled Channel '[id: 0xe36a7b8b, L:/127.0.0.1:52836 - R:localhost/127.0.0.1:60115]' for 'GET' to 'http://localhost:60115/session/acf066ff68fbf6ba86c129409e91cba2/element/d2f189f0-c370-4caa-92b7-7a2306595567/name'
21:00:59.518 [Forwarding getElementTagName on session acf066ff68fbf6ba86c129409e91cba2 to remote] DEBUG org.asynchttpclient.netty.request.NettyRequestSender - Using open Channel [id: 0xe36a7b8b, L:/127.0.0.1:52836 - R:localhost/127.0.0.1:60115] for GET '/session/acf066ff68fbf6ba86c129409e91cba2/element/d2f189f0-c370-4caa-92b7-7a2306595567/name'
21:00:59.522 [AsyncHttpClient-1-6] DEBUG org.asynchttpclient.netty.handler.HttpHandler - 

Request DefaultFullHttpRequest(decodeResult: success, version: HTTP/1.1, content: EmptyByteBufBE)
GET /session/acf066ff68fbf6ba86c129409e91cba2/element/d2f189f0-c370-4caa-92b7-7a2306595567/name HTTP/1.1
User-Agent: selenium/4.1.2 (java windows)
Cache-Control: no-cache
Content-Type: application/json; charset=utf-8
host: localhost:60115
accept: */*

Response DefaultHttpResponse(decodeResult: success, version: HTTP/1.1)
HTTP/1.1 200 OK
Content-Type: application/json; charset=utf-8
cache-control: no-cache
content-length: 18

21:00:59.522 [AsyncHttpClient-1-6] DEBUG org.asynchttpclient.netty.channel.ChannelManager - Adding key: http://localhost:60115 for channel [id: 0xe36a7b8b, L:/127.0.0.1:52836 - R:localhost/127.0.0.1:60115]
21:00:59.525 [Forwarding isElementEnabled on session acf066ff68fbf6ba86c129409e91cba2 to remote] DEBUG org.asynchttpclient.netty.request.NettyRequestSender - Using pooled Channel '[id: 0xe36a7b8b, L:/127.0.0.1:52836 - R:localhost/127.0.0.1:60115]' for 'GET' to 'http://localhost:60115/session/acf066ff68fbf6ba86c129409e91cba2/element/d2f189f0-c370-4caa-92b7-7a2306595567/enabled'
21:00:59.525 [Forwarding isElementEnabled on session acf066ff68fbf6ba86c129409e91cba2 to remote] DEBUG org.asynchttpclient.netty.request.NettyRequestSender - Using open Channel [id: 0xe36a7b8b, L:/127.0.0.1:52836 - R:localhost/127.0.0.1:60115] for GET '/session/acf066ff68fbf6ba86c129409e91cba2/element/d2f189f0-c370-4caa-92b7-7a2306595567/enabled'
21:00:59.555 [AsyncHttpClient-1-6] DEBUG org.asynchttpclient.netty.handler.HttpHandler - 

Request DefaultFullHttpRequest(decodeResult: success, version: HTTP/1.1, content: EmptyByteBufBE)
GET /session/acf066ff68fbf6ba86c129409e91cba2/element/d2f189f0-c370-4caa-92b7-7a2306595567/enabled HTTP/1.1
User-Agent: selenium/4.1.2 (java windows)
Cache-Control: no-cache
Content-Type: application/json; charset=utf-8
host: localhost:60115
accept: */*

Response DefaultHttpResponse(decodeResult: success, version: HTTP/1.1)
HTTP/1.1 200 OK
Content-Type: application/json; charset=utf-8
cache-control: no-cache
content-length: 14

21:00:59.555 [AsyncHttpClient-1-6] DEBUG org.asynchttpclient.netty.channel.ChannelManager - Adding key: http://localhost:60115 for channel [id: 0xe36a7b8b, L:/127.0.0.1:52836 - R:localhost/127.0.0.1:60115]
21:00:59.557 [Forwarding isElementEnabled on session acf066ff68fbf6ba86c129409e91cba2 to remote] DEBUG org.asynchttpclient.netty.request.NettyRequestSender - Using pooled Channel '[id: 0xe36a7b8b, L:/127.0.0.1:52836 - R:localhost/127.0.0.1:60115]' for 'GET' to 'http://localhost:60115/session/acf066ff68fbf6ba86c129409e91cba2/element/d2f189f0-c370-4caa-92b7-7a2306595567/enabled'
21:00:59.557 [Forwarding isElementEnabled on session acf066ff68fbf6ba86c129409e91cba2 to remote] DEBUG org.asynchttpclient.netty.request.NettyRequestSender - Using open Channel [id: 0xe36a7b8b, L:/127.0.0.1:52836 - R:localhost/127.0.0.1:60115] for GET '/session/acf066ff68fbf6ba86c129409e91cba2/element/d2f189f0-c370-4caa-92b7-7a2306595567/enabled'
21:00:59.563 [AsyncHttpClient-1-6] DEBUG org.asynchttpclient.netty.handler.HttpHandler - 

Request DefaultFullHttpRequest(decodeResult: success, version: HTTP/1.1, content: EmptyByteBufBE)
GET /session/acf066ff68fbf6ba86c129409e91cba2/element/d2f189f0-c370-4caa-92b7-7a2306595567/enabled HTTP/1.1
User-Agent: selenium/4.1.2 (java windows)
Cache-Control: no-cache
Content-Type: application/json; charset=utf-8
host: localhost:60115
accept: */*

Response DefaultHttpResponse(decodeResult: success, version: HTTP/1.1)
HTTP/1.1 200 OK
Content-Type: application/json; charset=utf-8
cache-control: no-cache
content-length: 14

21:00:59.563 [AsyncHttpClient-1-6] DEBUG org.asynchttpclient.netty.channel.ChannelManager - Adding key: http://localhost:60115 for channel [id: 0xe36a7b8b, L:/127.0.0.1:52836 - R:localhost/127.0.0.1:60115]
21:00:59.568 [Forwarding findElement on session acf066ff68fbf6ba86c129409e91cba2 to remote] DEBUG org.asynchttpclient.netty.request.NettyRequestSender - Using pooled Channel '[id: 0xe36a7b8b, L:/127.0.0.1:52836 - R:localhost/127.0.0.1:60115]' for 'POST' to 'http://localhost:60115/session/acf066ff68fbf6ba86c129409e91cba2/element'
21:00:59.568 [Forwarding findElement on session acf066ff68fbf6ba86c129409e91cba2 to remote] DEBUG org.asynchttpclient.netty.request.NettyRequestSender - Using open Channel [id: 0xe36a7b8b, L:/127.0.0.1:52836 - R:localhost/127.0.0.1:60115] for POST '/session/acf066ff68fbf6ba86c129409e91cba2/element'
21:00:59.589 [AsyncHttpClient-1-6] DEBUG org.asynchttpclient.netty.handler.HttpHandler - 

Request DefaultHttpRequest(decodeResult: success, version: HTTP/1.1)
POST /session/acf066ff68fbf6ba86c129409e91cba2/element HTTP/1.1
User-Agent: selenium/4.1.2 (java windows)
Content-Length: 129
Content-Type: application/json; charset=utf-8
host: localhost:60115
accept: */*

Response DefaultHttpResponse(decodeResult: success, version: HTTP/1.1)
HTTP/1.1 200 OK
Content-Type: application/json; charset=utf-8
cache-control: no-cache
content-length: 88

21:00:59.589 [AsyncHttpClient-1-6] DEBUG org.asynchttpclient.netty.channel.ChannelManager - Adding key: http://localhost:60115 for channel [id: 0xe36a7b8b, L:/127.0.0.1:52836 - R:localhost/127.0.0.1:60115]
21:00:59.591 [Forwarding clickElement on session acf066ff68fbf6ba86c129409e91cba2 to remote] DEBUG org.asynchttpclient.netty.request.NettyRequestSender - Using pooled Channel '[id: 0xe36a7b8b, L:/127.0.0.1:52836 - R:localhost/127.0.0.1:60115]' for 'POST' to 'http://localhost:60115/session/acf066ff68fbf6ba86c129409e91cba2/element/d2f189f0-c370-4caa-92b7-7a2306595567/click'
21:00:59.591 [Forwarding clickElement on session acf066ff68fbf6ba86c129409e91cba2 to remote] DEBUG org.asynchttpclient.netty.request.NettyRequestSender - Using open Channel [id: 0xe36a7b8b, L:/127.0.0.1:52836 - R:localhost/127.0.0.1:60115] for POST '/session/acf066ff68fbf6ba86c129409e91cba2/element/d2f189f0-c370-4caa-92b7-7a2306595567/click'
21:00:59.772 [AsyncHttpClient-1-6] DEBUG org.asynchttpclient.netty.handler.HttpHandler - 

Request DefaultHttpRequest(decodeResult: success, version: HTTP/1.1)
POST /session/acf066ff68fbf6ba86c129409e91cba2/element/d2f189f0-c370-4caa-92b7-7a2306595567/click HTTP/1.1
User-Agent: selenium/4.1.2 (java windows)
Content-Length: 50
Content-Type: application/json; charset=utf-8
host: localhost:60115
accept: */*

Response DefaultHttpResponse(decodeResult: success, version: HTTP/1.1)
HTTP/1.1 200 OK
Content-Type: application/json; charset=utf-8
cache-control: no-cache
content-length: 14

21:00:59.772 [AsyncHttpClient-1-6] DEBUG org.asynchttpclient.netty.channel.ChannelManager - Adding key: http://localhost:60115 for channel [id: 0xe36a7b8b, L:/127.0.0.1:52836 - R:localhost/127.0.0.1:60115]
21:00:59.789 [Forwarding screenshot on session acf066ff68fbf6ba86c129409e91cba2 to remote] DEBUG org.asynchttpclient.netty.request.NettyRequestSender - Using pooled Channel '[id: 0xe36a7b8b, L:/127.0.0.1:52836 - R:localhost/127.0.0.1:60115]' for 'GET' to 'http://localhost:60115/session/acf066ff68fbf6ba86c129409e91cba2/screenshot'
21:00:59.789 [Forwarding screenshot on session acf066ff68fbf6ba86c129409e91cba2 to remote] DEBUG org.asynchttpclient.netty.request.NettyRequestSender - Using open Channel [id: 0xe36a7b8b, L:/127.0.0.1:52836 - R:localhost/127.0.0.1:60115] for GET '/session/acf066ff68fbf6ba86c129409e91cba2/screenshot'
21:00:59.899 [AsyncHttpClient-1-1] DEBUG org.asynchttpclient.netty.channel.DefaultChannelPool - Entry count for : http://localhost:52837 : 1
21:01:00.266 [AsyncHttpClient-1-6] DEBUG org.asynchttpclient.netty.handler.HttpHandler - 

Request DefaultFullHttpRequest(decodeResult: success, version: HTTP/1.1, content: EmptyByteBufBE)
GET /session/acf066ff68fbf6ba86c129409e91cba2/screenshot HTTP/1.1
User-Agent: selenium/4.1.2 (java windows)
Cache-Control: no-cache
Content-Type: application/json; charset=utf-8
host: localhost:60115
accept: */*

Response DefaultHttpResponse(decodeResult: success, version: HTTP/1.1)
HTTP/1.1 200 OK
Content-Type: application/json; charset=utf-8
cache-control: no-cache
content-length: 26636

21:01:00.266 [AsyncHttpClient-1-6] DEBUG org.asynchttpclient.netty.channel.ChannelManager - Adding key: http://localhost:60115 for channel [id: 0xe36a7b8b, L:/127.0.0.1:52836 - R:localhost/127.0.0.1:60115]
21:01:00.270 [main] DEBUG net.serenitybdd.core.photography.Darkroom - Send negative for processing for target\site\serenity\a858c04a38cd62c7c679ca86fc9e39cc64df5cb0a3dfa8fa06e7e3b6b2aa1244.png
21:01:00.271 [main] DEBUG net.thucydides.core.steps.StepInterceptor - STEP DONE: clickLoginIcon
  &amp#27;[32mGiven &amp#27;[0m&amp#27;[32mi am on the login page&amp#27;[0m                               &amp#27;[90m# starter.stepdefenitions.LoginSteps.onLoginPage()&amp#27;[0m
21:01:00.286 [main] DEBUG net.thucydides.core.steps.StepInterceptor - STARTING STEP: LoginSteps.notInputUsernamePassword - inputPassword
21:01:00.289 [Forwarding findElement on session acf066ff68fbf6ba86c129409e91cba2 to remote] DEBUG org.asynchttpclient.netty.request.NettyRequestSender - Using pooled Channel '[id: 0xe36a7b8b, L:/127.0.0.1:52836 - R:localhost/127.0.0.1:60115]' for 'POST' to 'http://localhost:60115/session/acf066ff68fbf6ba86c129409e91cba2/element'
21:01:00.289 [Forwarding findElement on session acf066ff68fbf6ba86c129409e91cba2 to remote] DEBUG org.asynchttpclient.netty.request.NettyRequestSender - Using open Channel [id: 0xe36a7b8b, L:/127.0.0.1:52836 - R:localhost/127.0.0.1:60115] for POST '/session/acf066ff68fbf6ba86c129409e91cba2/element'
21:01:00.307 [AsyncHttpClient-1-6] DEBUG org.asynchttpclient.netty.handler.HttpHandler - 

Request DefaultHttpRequest(decodeResult: success, version: HTTP/1.1)
POST /session/acf066ff68fbf6ba86c129409e91cba2/element HTTP/1.1
User-Agent: selenium/4.1.2 (java windows)
Content-Length: 113
Content-Type: application/json; charset=utf-8
host: localhost:60115
accept: */*

Response DefaultHttpResponse(decodeResult: success, version: HTTP/1.1)
HTTP/1.1 200 OK
Content-Type: application/json; charset=utf-8
cache-control: no-cache
content-length: 88

21:01:00.307 [AsyncHttpClient-1-6] DEBUG org.asynchttpclient.netty.channel.ChannelManager - Adding key: http://localhost:60115 for channel [id: 0xe36a7b8b, L:/127.0.0.1:52836 - R:localhost/127.0.0.1:60115]
21:01:00.308 [Forwarding clearElement on session acf066ff68fbf6ba86c129409e91cba2 to remote] DEBUG org.asynchttpclient.netty.request.NettyRequestSender - Using pooled Channel '[id: 0xe36a7b8b, L:/127.0.0.1:52836 - R:localhost/127.0.0.1:60115]' for 'POST' to 'http://localhost:60115/session/acf066ff68fbf6ba86c129409e91cba2/element/a53d5034-fee3-4ccd-8cb9-c634129e0b60/clear'
21:01:00.308 [Forwarding clearElement on session acf066ff68fbf6ba86c129409e91cba2 to remote] DEBUG org.asynchttpclient.netty.request.NettyRequestSender - Using open Channel [id: 0xe36a7b8b, L:/127.0.0.1:52836 - R:localhost/127.0.0.1:60115] for POST '/session/acf066ff68fbf6ba86c129409e91cba2/element/a53d5034-fee3-4ccd-8cb9-c634129e0b60/clear'
21:01:00.350 [AsyncHttpClient-1-6] DEBUG org.asynchttpclient.netty.handler.HttpHandler - 

Request DefaultHttpRequest(decodeResult: success, version: HTTP/1.1)
POST /session/acf066ff68fbf6ba86c129409e91cba2/element/a53d5034-fee3-4ccd-8cb9-c634129e0b60/clear HTTP/1.1
User-Agent: selenium/4.1.2 (java windows)
Content-Length: 50
Content-Type: application/json; charset=utf-8
host: localhost:60115
accept: */*

Response DefaultHttpResponse(decodeResult: success, version: HTTP/1.1)
HTTP/1.1 200 OK
Content-Type: application/json; charset=utf-8
cache-control: no-cache
content-length: 14

21:01:00.350 [AsyncHttpClient-1-6] DEBUG org.asynchttpclient.netty.channel.ChannelManager - Adding key: http://localhost:60115 for channel [id: 0xe36a7b8b, L:/127.0.0.1:52836 - R:localhost/127.0.0.1:60115]
21:01:00.352 [Forwarding sendKeysToElement on session acf066ff68fbf6ba86c129409e91cba2 to remote] DEBUG org.asynchttpclient.netty.request.NettyRequestSender - Using pooled Channel '[id: 0xe36a7b8b, L:/127.0.0.1:52836 - R:localhost/127.0.0.1:60115]' for 'POST' to 'http://localhost:60115/session/acf066ff68fbf6ba86c129409e91cba2/element/a53d5034-fee3-4ccd-8cb9-c634129e0b60/value'
21:01:00.352 [Forwarding sendKeysToElement on session acf066ff68fbf6ba86c129409e91cba2 to remote] DEBUG org.asynchttpclient.netty.request.NettyRequestSender - Using open Channel [id: 0xe36a7b8b, L:/127.0.0.1:52836 - R:localhost/127.0.0.1:60115] for POST '/session/acf066ff68fbf6ba86c129409e91cba2/element/a53d5034-fee3-4ccd-8cb9-c634129e0b60/value'
21:01:00.405 [AsyncHttpClient-1-6] DEBUG org.asynchttpclient.netty.handler.HttpHandler - 

Request DefaultHttpRequest(decodeResult: success, version: HTTP/1.1)
POST /session/acf066ff68fbf6ba86c129409e91cba2/element/a53d5034-fee3-4ccd-8cb9-c634129e0b60/value HTTP/1.1
User-Agent: selenium/4.1.2 (java windows)
Content-Length: 82
Content-Type: application/json; charset=utf-8
host: localhost:60115
accept: */*

Response DefaultHttpResponse(decodeResult: success, version: HTTP/1.1)
HTTP/1.1 200 OK
Content-Type: application/json; charset=utf-8
cache-control: no-cache
content-length: 14

21:01:00.406 [AsyncHttpClient-1-6] DEBUG org.asynchttpclient.netty.channel.ChannelManager - Adding key: http://localhost:60115 for channel [id: 0xe36a7b8b, L:/127.0.0.1:52836 - R:localhost/127.0.0.1:60115]
21:01:00.414 [Forwarding screenshot on session acf066ff68fbf6ba86c129409e91cba2 to remote] DEBUG org.asynchttpclient.netty.request.NettyRequestSender - Using pooled Channel '[id: 0xe36a7b8b, L:/127.0.0.1:52836 - R:localhost/127.0.0.1:60115]' for 'GET' to 'http://localhost:60115/session/acf066ff68fbf6ba86c129409e91cba2/screenshot'
21:01:00.414 [Forwarding screenshot on session acf066ff68fbf6ba86c129409e91cba2 to remote] DEBUG org.asynchttpclient.netty.request.NettyRequestSender - Using open Channel [id: 0xe36a7b8b, L:/127.0.0.1:52836 - R:localhost/127.0.0.1:60115] for GET '/session/acf066ff68fbf6ba86c129409e91cba2/screenshot'
21:01:00.589 [AsyncHttpClient-1-6] DEBUG org.asynchttpclient.netty.handler.HttpHandler - 

Request DefaultFullHttpRequest(decodeResult: success, version: HTTP/1.1, content: EmptyByteBufBE)
GET /session/acf066ff68fbf6ba86c129409e91cba2/screenshot HTTP/1.1
User-Agent: selenium/4.1.2 (java windows)
Cache-Control: no-cache
Content-Type: application/json; charset=utf-8
host: localhost:60115
accept: */*

Response DefaultHttpResponse(decodeResult: success, version: HTTP/1.1)
HTTP/1.1 200 OK
Content-Type: application/json; charset=utf-8
cache-control: no-cache
content-length: 26624

21:01:00.590 [AsyncHttpClient-1-6] DEBUG org.asynchttpclient.netty.channel.ChannelManager - Adding key: http://localhost:60115 for channel [id: 0xe36a7b8b, L:/127.0.0.1:52836 - R:localhost/127.0.0.1:60115]
21:01:00.594 [main] DEBUG net.serenitybdd.core.photography.Darkroom - Send negative for processing for target\site\serenity\fbc1a2db03170f67833bc9c7d0c1d0108c1dac1a2e2cc3e19dd7b511508bc9c8.png
21:01:00.594 [main] DEBUG net.thucydides.core.steps.StepInterceptor - STEP DONE: inputPassword
21:01:00.595 [Darkroom Processing Line] DEBUG net.serenitybdd.core.photography.DarkroomProcessingLine - Processing screenshot image in /var/screenshots/screenshot-2282822108413343618
21:01:00.595 [Darkroom Processing Line] DEBUG net.serenitybdd.core.photography.DarkroomProcessingLine - Saving screenshot to target\site\serenity\fbc1a2db03170f67833bc9c7d0c1d0108c1dac1a2e2cc3e19dd7b511508bc9c8.png
21:01:00.602 [main] DEBUG net.thucydides.core.steps.StepInterceptor - STARTING STEP: LoginSteps.notInputUsernamePassword - inputEmail
21:01:00.605 [Forwarding findElement on session acf066ff68fbf6ba86c129409e91cba2 to remote] DEBUG org.asynchttpclient.netty.request.NettyRequestSender - Using pooled Channel '[id: 0xe36a7b8b, L:/127.0.0.1:52836 - R:localhost/127.0.0.1:60115]' for 'POST' to 'http://localhost:60115/session/acf066ff68fbf6ba86c129409e91cba2/element'
21:01:00.605 [Forwarding findElement on session acf066ff68fbf6ba86c129409e91cba2 to remote] DEBUG org.asynchttpclient.netty.request.NettyRequestSender - Using open Channel [id: 0xe36a7b8b, L:/127.0.0.1:52836 - R:localhost/127.0.0.1:60115] for POST '/session/acf066ff68fbf6ba86c129409e91cba2/element'
21:01:00.622 [AsyncHttpClient-1-6] DEBUG org.asynchttpclient.netty.handler.HttpHandler - 

Request DefaultHttpRequest(decodeResult: success, version: HTTP/1.1)
POST /session/acf066ff68fbf6ba86c129409e91cba2/element HTTP/1.1
User-Agent: selenium/4.1.2 (java windows)
Content-Length: 110
Content-Type: application/json; charset=utf-8
host: localhost:60115
accept: */*

Response DefaultHttpResponse(decodeResult: success, version: HTTP/1.1)
HTTP/1.1 200 OK
Content-Type: application/json; charset=utf-8
cache-control: no-cache
content-length: 88

21:01:00.622 [AsyncHttpClient-1-6] DEBUG org.asynchttpclient.netty.channel.ChannelManager - Adding key: http://localhost:60115 for channel [id: 0xe36a7b8b, L:/127.0.0.1:52836 - R:localhost/127.0.0.1:60115]
21:01:00.624 [Forwarding clearElement on session acf066ff68fbf6ba86c129409e91cba2 to remote] DEBUG org.asynchttpclient.netty.request.NettyRequestSender - Using pooled Channel '[id: 0xe36a7b8b, L:/127.0.0.1:52836 - R:localhost/127.0.0.1:60115]' for 'POST' to 'http://localhost:60115/session/acf066ff68fbf6ba86c129409e91cba2/element/18f41257-e103-44e7-92e9-23e6daeb821e/clear'
21:01:00.624 [Forwarding clearElement on session acf066ff68fbf6ba86c129409e91cba2 to remote] DEBUG org.asynchttpclient.netty.request.NettyRequestSender - Using open Channel [id: 0xe36a7b8b, L:/127.0.0.1:52836 - R:localhost/127.0.0.1:60115] for POST '/session/acf066ff68fbf6ba86c129409e91cba2/element/18f41257-e103-44e7-92e9-23e6daeb821e/clear'
21:01:00.666 [AsyncHttpClient-1-6] DEBUG org.asynchttpclient.netty.handler.HttpHandler - 

Request DefaultHttpRequest(decodeResult: success, version: HTTP/1.1)
POST /session/acf066ff68fbf6ba86c129409e91cba2/element/18f41257-e103-44e7-92e9-23e6daeb821e/clear HTTP/1.1
User-Agent: selenium/4.1.2 (java windows)
Content-Length: 50
Content-Type: application/json; charset=utf-8
host: localhost:60115
accept: */*

Response DefaultHttpResponse(decodeResult: success, version: HTTP/1.1)
HTTP/1.1 200 OK
Content-Type: application/json; charset=utf-8
cache-control: no-cache
content-length: 14

21:01:00.666 [AsyncHttpClient-1-6] DEBUG org.asynchttpclient.netty.channel.ChannelManager - Adding key: http://localhost:60115 for channel [id: 0xe36a7b8b, L:/127.0.0.1:52836 - R:localhost/127.0.0.1:60115]
21:01:00.668 [Forwarding sendKeysToElement on session acf066ff68fbf6ba86c129409e91cba2 to remote] DEBUG org.asynchttpclient.netty.request.NettyRequestSender - Using pooled Channel '[id: 0xe36a7b8b, L:/127.0.0.1:52836 - R:localhost/127.0.0.1:60115]' for 'POST' to 'http://localhost:60115/session/acf066ff68fbf6ba86c129409e91cba2/element/18f41257-e103-44e7-92e9-23e6daeb821e/value'
21:01:00.668 [Forwarding sendKeysToElement on session acf066ff68fbf6ba86c129409e91cba2 to remote] DEBUG org.asynchttpclient.netty.request.NettyRequestSender - Using open Channel [id: 0xe36a7b8b, L:/127.0.0.1:52836 - R:localhost/127.0.0.1:60115] for POST '/session/acf066ff68fbf6ba86c129409e91cba2/element/18f41257-e103-44e7-92e9-23e6daeb821e/value'
21:01:00.731 [AsyncHttpClient-1-6] DEBUG org.asynchttpclient.netty.handler.HttpHandler - 

Request DefaultHttpRequest(decodeResult: success, version: HTTP/1.1)
POST /session/acf066ff68fbf6ba86c129409e91cba2/element/18f41257-e103-44e7-92e9-23e6daeb821e/value HTTP/1.1
User-Agent: selenium/4.1.2 (java windows)
Content-Length: 82
Content-Type: application/json; charset=utf-8
host: localhost:60115
accept: */*

Response DefaultHttpResponse(decodeResult: success, version: HTTP/1.1)
HTTP/1.1 200 OK
Content-Type: application/json; charset=utf-8
cache-control: no-cache
content-length: 14

21:01:00.732 [AsyncHttpClient-1-6] DEBUG org.asynchttpclient.netty.channel.ChannelManager - Adding key: http://localhost:60115 for channel [id: 0xe36a7b8b, L:/127.0.0.1:52836 - R:localhost/127.0.0.1:60115]
21:01:00.745 [Forwarding screenshot on session acf066ff68fbf6ba86c129409e91cba2 to remote] DEBUG org.asynchttpclient.netty.request.NettyRequestSender - Using pooled Channel '[id: 0xe36a7b8b, L:/127.0.0.1:52836 - R:localhost/127.0.0.1:60115]' for 'GET' to 'http://localhost:60115/session/acf066ff68fbf6ba86c129409e91cba2/screenshot'
21:01:00.745 [Forwarding screenshot on session acf066ff68fbf6ba86c129409e91cba2 to remote] DEBUG org.asynchttpclient.netty.request.NettyRequestSender - Using open Channel [id: 0xe36a7b8b, L:/127.0.0.1:52836 - R:localhost/127.0.0.1:60115] for GET '/session/acf066ff68fbf6ba86c129409e91cba2/screenshot'
21:01:00.936 [AsyncHttpClient-1-6] DEBUG org.asynchttpclient.netty.handler.HttpHandler - 

Request DefaultFullHttpRequest(decodeResult: success, version: HTTP/1.1, content: EmptyByteBufBE)
GET /session/acf066ff68fbf6ba86c129409e91cba2/screenshot HTTP/1.1
User-Agent: selenium/4.1.2 (java windows)
Cache-Control: no-cache
Content-Type: application/json; charset=utf-8
host: localhost:60115
accept: */*

Response DefaultHttpResponse(decodeResult: success, version: HTTP/1.1)
HTTP/1.1 200 OK
Content-Type: application/json; charset=utf-8
cache-control: no-cache
content-length: 27040

21:01:00.937 [AsyncHttpClient-1-6] DEBUG org.asynchttpclient.netty.channel.ChannelManager - Adding key: http://localhost:60115 for channel [id: 0xe36a7b8b, L:/127.0.0.1:52836 - R:localhost/127.0.0.1:60115]
21:01:00.941 [main] DEBUG net.serenitybdd.core.photography.Darkroom - Send negative for processing for target\site\serenity\9c7e1424ba4a8bbd20eeab2dc94d8bc69af9d52ad1ffcfb7ee73fa88ccb7ebce.png
21:01:00.942 [main] DEBUG net.thucydides.core.steps.StepInterceptor - STEP DONE: inputEmail
21:01:00.942 [Darkroom Processing Line] DEBUG net.serenitybdd.core.photography.DarkroomProcessingLine - Processing screenshot image in /var/screenshots/screenshot-7285631996706103413
  &amp#27;[32mWhen &amp#27;[0m&amp#27;[32mi not input username and password&amp#27;[0m                     &amp#27;[90m# starter.stepdefenitions.LoginSteps.notInputUsernamePassword()&amp#27;[0m
21:01:00.942 [Darkroom Processing Line] DEBUG net.serenitybdd.core.photography.DarkroomProcessingLine - Saving screenshot to target\site\serenity\9c7e1424ba4a8bbd20eeab2dc94d8bc69af9d52ad1ffcfb7ee73fa88ccb7ebce.png
21:01:00.962 [main] DEBUG net.thucydides.core.steps.StepInterceptor - STARTING STEP: LoginSteps.clickLoginButton - clickLoginButton
21:01:00.965 [Forwarding findElement on session acf066ff68fbf6ba86c129409e91cba2 to remote] DEBUG org.asynchttpclient.netty.request.NettyRequestSender - Using pooled Channel '[id: 0xe36a7b8b, L:/127.0.0.1:52836 - R:localhost/127.0.0.1:60115]' for 'POST' to 'http://localhost:60115/session/acf066ff68fbf6ba86c129409e91cba2/element'
21:01:00.965 [Forwarding findElement on session acf066ff68fbf6ba86c129409e91cba2 to remote] DEBUG org.asynchttpclient.netty.request.NettyRequestSender - Using open Channel [id: 0xe36a7b8b, L:/127.0.0.1:52836 - R:localhost/127.0.0.1:60115] for POST '/session/acf066ff68fbf6ba86c129409e91cba2/element'
21:01:00.984 [AsyncHttpClient-1-6] DEBUG org.asynchttpclient.netty.handler.HttpHandler - 

Request DefaultHttpRequest(decodeResult: success, version: HTTP/1.1)
POST /session/acf066ff68fbf6ba86c129409e91cba2/element HTTP/1.1
User-Agent: selenium/4.1.2 (java windows)
Content-Length: 83
Content-Type: application/json; charset=utf-8
host: localhost:60115
accept: */*

Response DefaultHttpResponse(decodeResult: success, version: HTTP/1.1)
HTTP/1.1 200 OK
Content-Type: application/json; charset=utf-8
cache-control: no-cache
content-length: 88

21:01:00.984 [AsyncHttpClient-1-6] DEBUG org.asynchttpclient.netty.channel.ChannelManager - Adding key: http://localhost:60115 for channel [id: 0xe36a7b8b, L:/127.0.0.1:52836 - R:localhost/127.0.0.1:60115]
21:01:00.985 [Forwarding getElementTagName on session acf066ff68fbf6ba86c129409e91cba2 to remote] DEBUG org.asynchttpclient.netty.request.NettyRequestSender - Using pooled Channel '[id: 0xe36a7b8b, L:/127.0.0.1:52836 - R:localhost/127.0.0.1:60115]' for 'GET' to 'http://localhost:60115/session/acf066ff68fbf6ba86c129409e91cba2/element/7fe81c25-c220-449d-aa17-26eff7f2f2bc/name'
21:01:00.986 [Forwarding getElementTagName on session acf066ff68fbf6ba86c129409e91cba2 to remote] DEBUG org.asynchttpclient.netty.request.NettyRequestSender - Using open Channel [id: 0xe36a7b8b, L:/127.0.0.1:52836 - R:localhost/127.0.0.1:60115] for GET '/session/acf066ff68fbf6ba86c129409e91cba2/element/7fe81c25-c220-449d-aa17-26eff7f2f2bc/name'
21:01:00.991 [AsyncHttpClient-1-6] DEBUG org.asynchttpclient.netty.handler.HttpHandler - 

Request DefaultFullHttpRequest(decodeResult: success, version: HTTP/1.1, content: EmptyByteBufBE)
GET /session/acf066ff68fbf6ba86c129409e91cba2/element/7fe81c25-c220-449d-aa17-26eff7f2f2bc/name HTTP/1.1
User-Agent: selenium/4.1.2 (java windows)
Cache-Control: no-cache
Content-Type: application/json; charset=utf-8
host: localhost:60115
accept: */*

Response DefaultHttpResponse(decodeResult: success, version: HTTP/1.1)
HTTP/1.1 200 OK
Content-Type: application/json; charset=utf-8
cache-control: no-cache
content-length: 16

21:01:00.991 [AsyncHttpClient-1-6] DEBUG org.asynchttpclient.netty.channel.ChannelManager - Adding key: http://localhost:60115 for channel [id: 0xe36a7b8b, L:/127.0.0.1:52836 - R:localhost/127.0.0.1:60115]
21:01:00.993 [AsyncHttpClient-1-1] DEBUG org.asynchttpclient.netty.channel.DefaultChannelPool - Entry count for : http://localhost:52837 : 1
21:01:00.993 [AsyncHttpClient-1-1] DEBUG org.asynchttpclient.netty.channel.DefaultChannelPool - Entry count for : http://localhost:60115 : 1
21:01:00.993 [Forwarding getElementTagName on session acf066ff68fbf6ba86c129409e91cba2 to remote] DEBUG org.asynchttpclient.netty.request.NettyRequestSender - Using pooled Channel '[id: 0xe36a7b8b, L:/127.0.0.1:52836 - R:localhost/127.0.0.1:60115]' for 'GET' to 'http://localhost:60115/session/acf066ff68fbf6ba86c129409e91cba2/element/7fe81c25-c220-449d-aa17-26eff7f2f2bc/name'
21:01:00.993 [Forwarding getElementTagName on session acf066ff68fbf6ba86c129409e91cba2 to remote] DEBUG org.asynchttpclient.netty.request.NettyRequestSender - Using open Channel [id: 0xe36a7b8b, L:/127.0.0.1:52836 - R:localhost/127.0.0.1:60115] for GET '/session/acf066ff68fbf6ba86c129409e91cba2/element/7fe81c25-c220-449d-aa17-26eff7f2f2bc/name'
21:01:01.002 [AsyncHttpClient-1-6] DEBUG org.asynchttpclient.netty.handler.HttpHandler - 

Request DefaultFullHttpRequest(decodeResult: success, version: HTTP/1.1, content: EmptyByteBufBE)
GET /session/acf066ff68fbf6ba86c129409e91cba2/element/7fe81c25-c220-449d-aa17-26eff7f2f2bc/name HTTP/1.1
User-Agent: selenium/4.1.2 (java windows)
Cache-Control: no-cache
Content-Type: application/json; charset=utf-8
host: localhost:60115
accept: */*

Response DefaultHttpResponse(decodeResult: success, version: HTTP/1.1)
HTTP/1.1 200 OK
Content-Type: application/json; charset=utf-8
cache-control: no-cache
content-length: 16

21:01:01.002 [AsyncHttpClient-1-6] DEBUG org.asynchttpclient.netty.channel.ChannelManager - Adding key: http://localhost:60115 for channel [id: 0xe36a7b8b, L:/127.0.0.1:52836 - R:localhost/127.0.0.1:60115]
21:01:01.004 [Forwarding findElement on session acf066ff68fbf6ba86c129409e91cba2 to remote] DEBUG org.asynchttpclient.netty.request.NettyRequestSender - Using pooled Channel '[id: 0xe36a7b8b, L:/127.0.0.1:52836 - R:localhost/127.0.0.1:60115]' for 'POST' to 'http://localhost:60115/session/acf066ff68fbf6ba86c129409e91cba2/element'
21:01:01.004 [Forwarding findElement on session acf066ff68fbf6ba86c129409e91cba2 to remote] DEBUG org.asynchttpclient.netty.request.NettyRequestSender - Using open Channel [id: 0xe36a7b8b, L:/127.0.0.1:52836 - R:localhost/127.0.0.1:60115] for POST '/session/acf066ff68fbf6ba86c129409e91cba2/element'
21:01:01.012 [AsyncHttpClient-1-6] DEBUG org.asynchttpclient.netty.handler.HttpHandler - 

Request DefaultHttpRequest(decodeResult: success, version: HTTP/1.1)
POST /session/acf066ff68fbf6ba86c129409e91cba2/element HTTP/1.1
User-Agent: selenium/4.1.2 (java windows)
Content-Length: 83
Content-Type: application/json; charset=utf-8
host: localhost:60115
accept: */*

Response DefaultHttpResponse(decodeResult: success, version: HTTP/1.1)
HTTP/1.1 200 OK
Content-Type: application/json; charset=utf-8
cache-control: no-cache
content-length: 88

21:01:01.012 [AsyncHttpClient-1-6] DEBUG org.asynchttpclient.netty.channel.ChannelManager - Adding key: http://localhost:60115 for channel [id: 0xe36a7b8b, L:/127.0.0.1:52836 - R:localhost/127.0.0.1:60115]
21:01:01.013 [Forwarding clickElement on session acf066ff68fbf6ba86c129409e91cba2 to remote] DEBUG org.asynchttpclient.netty.request.NettyRequestSender - Using pooled Channel '[id: 0xe36a7b8b, L:/127.0.0.1:52836 - R:localhost/127.0.0.1:60115]' for 'POST' to 'http://localhost:60115/session/acf066ff68fbf6ba86c129409e91cba2/element/7fe81c25-c220-449d-aa17-26eff7f2f2bc/click'
21:01:01.013 [Forwarding clickElement on session acf066ff68fbf6ba86c129409e91cba2 to remote] DEBUG org.asynchttpclient.netty.request.NettyRequestSender - Using open Channel [id: 0xe36a7b8b, L:/127.0.0.1:52836 - R:localhost/127.0.0.1:60115] for POST '/session/acf066ff68fbf6ba86c129409e91cba2/element/7fe81c25-c220-449d-aa17-26eff7f2f2bc/click'
21:01:01.084 [AsyncHttpClient-1-6] DEBUG org.asynchttpclient.netty.handler.HttpHandler - 

Request DefaultHttpRequest(decodeResult: success, version: HTTP/1.1)
POST /session/acf066ff68fbf6ba86c129409e91cba2/element/7fe81c25-c220-449d-aa17-26eff7f2f2bc/click HTTP/1.1
User-Agent: selenium/4.1.2 (java windows)
Content-Length: 50
Content-Type: application/json; charset=utf-8
host: localhost:60115
accept: */*

Response DefaultHttpResponse(decodeResult: success, version: HTTP/1.1)
HTTP/1.1 200 OK
Content-Type: application/json; charset=utf-8
cache-control: no-cache
content-length: 14

21:01:01.085 [AsyncHttpClient-1-6] DEBUG org.asynchttpclient.netty.channel.ChannelManager - Adding key: http://localhost:60115 for channel [id: 0xe36a7b8b, L:/127.0.0.1:52836 - R:localhost/127.0.0.1:60115]
21:01:01.090 [Forwarding screenshot on session acf066ff68fbf6ba86c129409e91cba2 to remote] DEBUG org.asynchttpclient.netty.request.NettyRequestSender - Using pooled Channel '[id: 0xe36a7b8b, L:/127.0.0.1:52836 - R:localhost/127.0.0.1:60115]' for 'GET' to 'http://localhost:60115/session/acf066ff68fbf6ba86c129409e91cba2/screenshot'
21:01:01.090 [Forwarding screenshot on session acf066ff68fbf6ba86c129409e91cba2 to remote] DEBUG org.asynchttpclient.netty.request.NettyRequestSender - Using open Channel [id: 0xe36a7b8b, L:/127.0.0.1:52836 - R:localhost/127.0.0.1:60115] for GET '/session/acf066ff68fbf6ba86c129409e91cba2/screenshot'
21:01:01.287 [AsyncHttpClient-1-6] DEBUG org.asynchttpclient.netty.handler.HttpHandler - 

Request DefaultFullHttpRequest(decodeResult: success, version: HTTP/1.1, content: EmptyByteBufBE)
GET /session/acf066ff68fbf6ba86c129409e91cba2/screenshot HTTP/1.1
User-Agent: selenium/4.1.2 (java windows)
Cache-Control: no-cache
Content-Type: application/json; charset=utf-8
host: localhost:60115
accept: */*

Response DefaultHttpResponse(decodeResult: success, version: HTTP/1.1)
HTTP/1.1 200 OK
Content-Type: application/json; charset=utf-8
cache-control: no-cache
content-length: 26964

21:01:01.288 [AsyncHttpClient-1-6] DEBUG org.asynchttpclient.netty.channel.ChannelManager - Adding key: http://localhost:60115 for channel [id: 0xe36a7b8b, L:/127.0.0.1:52836 - R:localhost/127.0.0.1:60115]
21:01:01.290 [main] DEBUG net.serenitybdd.core.photography.Darkroom - Send negative for processing for target\site\serenity\44d8fb894ecc44b8cd35d73d67bef238cadbf103f28efd7d91eab307b9bfbd1e.png
21:01:01.290 [main] DEBUG net.thucydides.core.steps.StepInterceptor - STEP DONE: clickLoginButton
  &amp#27;[32mAnd &amp#27;[0m&amp#27;[32mi click login button&amp#27;[0m                                   &amp#27;[90m# starter.stepdefenitions.LoginSteps.clickLoginButton()&amp#27;[0m
21:01:01.292 [Darkroom Processing Line] DEBUG net.serenitybdd.core.photography.DarkroomProcessingLine - Processing screenshot image in /var/screenshots/screenshot-1746573123921275686
21:01:01.292 [Darkroom Processing Line] DEBUG net.serenitybdd.core.photography.DarkroomProcessingLine - Saving screenshot to target\site\serenity\44d8fb894ecc44b8cd35d73d67bef238cadbf103f28efd7d91eab307b9bfbd1e.png
21:01:01.315 [main] DEBUG net.thucydides.core.steps.StepInterceptor - STARTING STEP: LoginSteps.iGetErrorMessage - getErrorMessage
21:01:01.317 [Forwarding findElement on session acf066ff68fbf6ba86c129409e91cba2 to remote] DEBUG org.asynchttpclient.netty.request.NettyRequestSender - Using pooled Channel '[id: 0xe36a7b8b, L:/127.0.0.1:52836 - R:localhost/127.0.0.1:60115]' for 'POST' to 'http://localhost:60115/session/acf066ff68fbf6ba86c129409e91cba2/element'
21:01:01.317 [Forwarding findElement on session acf066ff68fbf6ba86c129409e91cba2 to remote] DEBUG org.asynchttpclient.netty.request.NettyRequestSender - Using open Channel [id: 0xe36a7b8b, L:/127.0.0.1:52836 - R:localhost/127.0.0.1:60115] for POST '/session/acf066ff68fbf6ba86c129409e91cba2/element'
21:01:01.330 [AsyncHttpClient-1-6] DEBUG org.asynchttpclient.netty.handler.HttpHandler - 

Request DefaultHttpRequest(decodeResult: success, version: HTTP/1.1)
POST /session/acf066ff68fbf6ba86c129409e91cba2/element HTTP/1.1
User-Agent: selenium/4.1.2 (java windows)
Content-Length: 53
Content-Type: application/json; charset=utf-8
host: localhost:60115
accept: */*

Response DefaultHttpResponse(decodeResult: success, version: HTTP/1.1)
HTTP/1.1 400 Bad Request
Content-Type: application/json; charset=utf-8
cache-control: no-cache
content-length: 957

21:01:01.330 [AsyncHttpClient-1-6] DEBUG org.asynchttpclient.netty.channel.ChannelManager - Adding key: http://localhost:60115 for channel [id: 0xe36a7b8b, L:/127.0.0.1:52836 - R:localhost/127.0.0.1:60115]
21:01:01.332 [Forwarding findElement on session acf066ff68fbf6ba86c129409e91cba2 to remote] DEBUG org.asynchttpclient.netty.request.NettyRequestSender - Using pooled Channel '[id: 0xe36a7b8b, L:/127.0.0.1:52836 - R:localhost/127.0.0.1:60115]' for 'POST' to 'http://localhost:60115/session/acf066ff68fbf6ba86c129409e91cba2/element'
21:01:01.332 [Forwarding findElement on session acf066ff68fbf6ba86c129409e91cba2 to remote] DEBUG org.asynchttpclient.netty.request.NettyRequestSender - Using open Channel [id: 0xe36a7b8b, L:/127.0.0.1:52836 - R:localhost/127.0.0.1:60115] for POST '/session/acf066ff68fbf6ba86c129409e91cba2/element'
21:01:01.868 [AsyncHttpClient-1-6] DEBUG org.asynchttpclient.netty.handler.HttpHandler - 

Request DefaultHttpRequest(decodeResult: success, version: HTTP/1.1)
POST /session/acf066ff68fbf6ba86c129409e91cba2/element HTTP/1.1
User-Agent: selenium/4.1.2 (java windows)
Content-Length: 63
Content-Type: application/json; charset=utf-8
host: localhost:60115
accept: */*

Response DefaultHttpResponse(decodeResult: success, version: HTTP/1.1)
HTTP/1.1 200 OK
Content-Type: application/json; charset=utf-8
cache-control: no-cache
content-length: 88

21:01:01.869 [AsyncHttpClient-1-6] DEBUG org.asynchttpclient.netty.channel.ChannelManager - Adding key: http://localhost:60115 for channel [id: 0xe36a7b8b, L:/127.0.0.1:52836 - R:localhost/127.0.0.1:60115]
21:01:01.876 [Forwarding isElementDisplayed on session acf066ff68fbf6ba86c129409e91cba2 to remote] DEBUG org.asynchttpclient.netty.request.NettyRequestSender - Using pooled Channel '[id: 0xe36a7b8b, L:/127.0.0.1:52836 - R:localhost/127.0.0.1:60115]' for 'POST' to 'http://localhost:60115/session/acf066ff68fbf6ba86c129409e91cba2/execute/sync'
21:01:01.877 [Forwarding isElementDisplayed on session acf066ff68fbf6ba86c129409e91cba2 to remote] DEBUG org.asynchttpclient.netty.request.NettyRequestSender - Using open Channel [id: 0xe36a7b8b, L:/127.0.0.1:52836 - R:localhost/127.0.0.1:60115] for POST '/session/acf066ff68fbf6ba86c129409e91cba2/execute/sync'
21:01:01.908 [AsyncHttpClient-1-6] DEBUG org.asynchttpclient.netty.handler.HttpHandler - 

Request DefaultHttpRequest(decodeResult: success, version: HTTP/1.1)
POST /session/acf066ff68fbf6ba86c129409e91cba2/execute/sync HTTP/1.1
User-Agent: selenium/4.1.2 (java windows)
Content-Length: 48780
Content-Type: application/json; charset=utf-8
host: localhost:60115
accept: */*

Response DefaultHttpResponse(decodeResult: success, version: HTTP/1.1)
HTTP/1.1 200 OK
Content-Type: application/json; charset=utf-8
cache-control: no-cache
content-length: 14

21:01:01.908 [AsyncHttpClient-1-6] DEBUG org.asynchttpclient.netty.channel.ChannelManager - Adding key: http://localhost:60115 for channel [id: 0xe36a7b8b, L:/127.0.0.1:52836 - R:localhost/127.0.0.1:60115]
21:01:01.913 [Forwarding screenshot on session acf066ff68fbf6ba86c129409e91cba2 to remote] DEBUG org.asynchttpclient.netty.request.NettyRequestSender - Using pooled Channel '[id: 0xe36a7b8b, L:/127.0.0.1:52836 - R:localhost/127.0.0.1:60115]' for 'GET' to 'http://localhost:60115/session/acf066ff68fbf6ba86c129409e91cba2/screenshot'
21:01:01.913 [Forwarding screenshot on session acf066ff68fbf6ba86c129409e91cba2 to remote] DEBUG org.asynchttpclient.netty.request.NettyRequestSender - Using open Channel [id: 0xe36a7b8b, L:/127.0.0.1:52836 - R:localhost/127.0.0.1:60115] for GET '/session/acf066ff68fbf6ba86c129409e91cba2/screenshot'
21:01:02.094 [AsyncHttpClient-1-1] DEBUG org.asynchttpclient.netty.channel.DefaultChannelPool - Entry count for : http://localhost:52837 : 1
21:01:02.102 [AsyncHttpClient-1-6] DEBUG org.asynchttpclient.netty.handler.HttpHandler - 

Request DefaultFullHttpRequest(decodeResult: success, version: HTTP/1.1, content: EmptyByteBufBE)
GET /session/acf066ff68fbf6ba86c129409e91cba2/screenshot HTTP/1.1
User-Agent: selenium/4.1.2 (java windows)
Cache-Control: no-cache
Content-Type: application/json; charset=utf-8
host: localhost:60115
accept: */*

Response DefaultHttpResponse(decodeResult: success, version: HTTP/1.1)
HTTP/1.1 200 OK
Content-Type: application/json; charset=utf-8
cache-control: no-cache
content-length: 29632

21:01:02.103 [AsyncHttpClient-1-6] DEBUG org.asynchttpclient.netty.channel.ChannelManager - Adding key: http://localhost:60115 for channel [id: 0xe36a7b8b, L:/127.0.0.1:52836 - R:localhost/127.0.0.1:60115]
21:01:02.105 [main] DEBUG net.serenitybdd.core.photography.Darkroom - Send negative for processing for target\site\serenity\e21baa5f64be3153b2a74d3ca2f68ab551b94813123e544d2116db6e527c833f.png
21:01:02.105 [main] DEBUG net.thucydides.core.steps.StepInterceptor - STEP DONE: getErrorMessage
  &amp#27;[32mThen &amp#27;[0m&amp#27;[32mi get error message &amp#27;[0m&amp#27;[32m&amp#27;[1m"email is required"&amp#27;[0m               &amp#27;[90m# starter.stepdefenitions.LoginSteps.iGetErrorMessage(java.lang.String)&amp#27;[0m
21:01:02.105 [Darkroom Processing Line] DEBUG net.serenitybdd.core.photography.DarkroomProcessingLine - Processing screenshot image in /var/screenshots/screenshot-8796536663916844929
21:01:02.105 [Darkroom Processing Line] DEBUG net.serenitybdd.core.photography.DarkroomProcessingLine - Saving screenshot to target\site\serenity\e21baa5f64be3153b2a74d3ca2f68ab551b94813123e544d2116db6e527c833f.png
21:01:02.113 [main] INFO  - 
  _____   ___   ___   _____     ___     _     ___   ___   ___   ___  
 |_   _| | __| / __| |_   _|   | _ \   /_\   / __| / __| | __| |   \ 
   | |   | _|  \__ \   | |     |  _/  / _ \  \__ \ \__ \ | _|  | |) |
   |_|   |___| |___/   |_|     |_|   /_/ \_\ |___/ |___/ |___| |___/ 

As user i have failed to login with not input data
----------------------------------------------------------------------
21:01:02.115 [AsyncHttpClient-1-8] DEBUG org.asynchttpclient.netty.handler.WebSocketHandler - Channel Closed: [id: 0x2d97b4f1, L:/127.0.0.1:52843 ! R:localhost/127.0.0.1:52837] with attribute NettyResponseFuture{currentRetry=5,
	isDone=1,
	isCancelled=0,
	asyncHandler=org.asynchttpclient.ws.WebSocketUpgradeHandler@7d7b698a,
	nettyRequest=org.asynchttpclient.netty.request.NettyRequest@3f38aff3,
	future=java.util.concurrent.CompletableFuture@5d53aff[Completed normally],
	uri=ws://localhost:52837/devtools/browser/cd4c5f53-f3fe-4020-b9e6-13315b2d6515,
	keepAlive=true,
	redirectCount=0,
	timeoutsHolder=null,
	inAuth=0,
	touch=1652450450500}
21:01:02.115 [AsyncHttpClient-1-8] DEBUG org.asynchttpclient.netty.channel.ChannelManager - Closing Channel [id: 0x2d97b4f1, L:/127.0.0.1:52843 ! R:localhost/127.0.0.1:52837] 
21:01:02.115 [Driver Command Executor] DEBUG org.asynchttpclient.netty.request.NettyRequestSender - Using pooled Channel '[id: 0xe36a7b8b, L:/127.0.0.1:52836 - R:localhost/127.0.0.1:60115]' for 'DELETE' to 'http://localhost:60115/session/acf066ff68fbf6ba86c129409e91cba2'
21:01:02.115 [Driver Command Executor] DEBUG org.asynchttpclient.netty.request.NettyRequestSender - Using open Channel [id: 0xe36a7b8b, L:/127.0.0.1:52836 - R:localhost/127.0.0.1:60115] for DELETE '/session/acf066ff68fbf6ba86c129409e91cba2'
21:01:02.181 [AsyncHttpClient-1-7] DEBUG org.asynchttpclient.netty.handler.HttpHandler - Unexpected I/O exception on channel [id: 0xe3e4736c, L:/127.0.0.1:52842 - R:localhost/127.0.0.1:52837]
java.io.IOException: An existing connection was forcibly closed by the remote host
	at sun.nio.ch.SocketDispatcher.read0(Native Method)
	at sun.nio.ch.SocketDispatcher.read(SocketDispatcher.java:43)
	at sun.nio.ch.IOUtil.readIntoNativeBuffer(IOUtil.java:223)
	at sun.nio.ch.IOUtil.read(IOUtil.java:192)
	at sun.nio.ch.SocketChannelImpl.read(SocketChannelImpl.java:378)
	at io.netty.buffer.PooledByteBuf.setBytes(PooledByteBuf.java:258)
	at io.netty.buffer.AbstractByteBuf.writeBytes(AbstractByteBuf.java:1132)
	at io.netty.channel.socket.nio.NioSocketChannel.doReadBytes(NioSocketChannel.java:350)
	at io.netty.channel.nio.AbstractNioByteChannel$NioByteUnsafe.read(AbstractNioByteChannel.java:151)
	at io.netty.channel.nio.NioEventLoop.processSelectedKey(NioEventLoop.java:722)
	at io.netty.channel.nio.NioEventLoop.processSelectedKeysOptimized(NioEventLoop.java:658)
	at io.netty.channel.nio.NioEventLoop.processSelectedKeys(NioEventLoop.java:584)
	at io.netty.channel.nio.NioEventLoop.run(NioEventLoop.java:496)
	at io.netty.util.concurrent.SingleThreadEventExecutor$4.run(SingleThreadEventExecutor.java:986)
	at io.netty.util.internal.ThreadExecutorMap$2.run(ThreadExecutorMap.java:74)
	at io.netty.util.concurrent.FastThreadLocalRunnable.run(FastThreadLocalRunnable.java:30)
	at java.lang.Thread.run(Thread.java:750)
21:01:02.181 [AsyncHttpClient-1-7] DEBUG org.asynchttpclient.netty.channel.ChannelManager - Closing Channel [id: 0xe3e4736c, L:/127.0.0.1:52842 - R:localhost/127.0.0.1:52837] 
21:01:02.181 [AsyncHttpClient-1-7] DEBUG org.asynchttpclient.netty.handler.HttpHandler - Channel Closed: [id: 0xe3e4736c, L:/127.0.0.1:52842 ! R:localhost/127.0.0.1:52837] with attribute DISCARD
21:01:02.216 [AsyncHttpClient-1-6] DEBUG org.asynchttpclient.netty.handler.HttpHandler - 

Request DefaultFullHttpRequest(decodeResult: success, version: HTTP/1.1, content: EmptyByteBufBE)
DELETE /session/acf066ff68fbf6ba86c129409e91cba2 HTTP/1.1
User-Agent: selenium/4.1.2 (java windows)
Content-Type: application/json; charset=utf-8
host: localhost:60115
accept: */*

Response DefaultHttpResponse(decodeResult: success, version: HTTP/1.1)
HTTP/1.1 200 OK
Content-Type: application/json; charset=utf-8
cache-control: no-cache
content-length: 14

21:01:02.217 [AsyncHttpClient-1-6] DEBUG org.asynchttpclient.netty.channel.ChannelManager - Adding key: http://localhost:60115 for channel [id: 0xe36a7b8b, L:/127.0.0.1:52836 - R:localhost/127.0.0.1:60115]
21:01:02.353 [AsyncHttpClient-1-6] DEBUG org.asynchttpclient.netty.handler.HttpHandler - Channel Closed: [id: 0xe36a7b8b, L:/127.0.0.1:52836 ! R:localhost/127.0.0.1:60115] with attribute DISCARD
]]></system-out>
    <system-err><![CDATA[Starting ChromeDriver 100.0.4896.60 (6a5d10861ce8de5fce22564658033b43cb7de047-refs/branch-heads/4896@{#875}) on port 60115
Only local connections are allowed.
Please see https://chromedriver.chromium.org/security-considerations for suggestions on keeping ChromeDriver safe.
ChromeDriver was started successfully.
[1652450450.314][WARNING]: This version of ChromeDriver has not been tested with Chrome version 101.
May 13, 2022 9:00:50 PM org.openqa.selenium.remote.ProtocolHandshake createSession
INFO: Detected dialect: W3C
May 13, 2022 9:00:50 PM org.openqa.selenium.devtools.CdpVersionFinder findNearestMatch
WARNING: Unable to find an exact match for CDP version 101, so returning the closest version found: 97
May 13, 2022 9:00:50 PM org.openqa.selenium.devtools.CdpVersionFinder findNearestMatch
INFO: Found CDP implementation for version 101 of 97
]]></system-err>
  </testcase>
  <testcase name="As user i have be able to buy items" classname="As a user I want to buy items in the home page" time="15.514">
    <system-out><![CDATA[21:01:02.881 [main] INFO io.cucumber.core.plugin.SerenityReporter - Running feature from file:///D:/kampus%20merdeka/QE_MUHAMMAD%20ADIBASYAH/miniproject/web/src/test/resources/features/Product.feature
21:01:02.888 [main] DEBUG net.thucydides.core.steps.StepEventBus - Test suite started for story net.thucydides.core.model.Story@18d344f6
21:01:02.890 [main] INFO  - Test Suite Started: As a user I want to buy items in the home page

@product
Scenario: As user i have be able to buy items &amp#27;[90m# src/test/resources/features/Product.feature:4&amp#27;[0m
21:01:02.944 [main] INFO io.cucumber.core.plugin.SerenityReporter - Running feature from file:///D:/kampus%20merdeka/QE_MUHAMMAD%20ADIBASYAH/miniproject/web/src/test/resources/features/Product.feature
21:01:02.947 [main] INFO  - 
  _____   ___   ___   _____     ___   _____     _     ___   _____   ___   ___  
 |_   _| | __| / __| |_   _|   / __| |_   _|   /_\   | _ \ |_   _| | __| |   \ 
   | |   | _|  \__ \   | |     \__ \   | |    / _ \  |   /   | |   | _|  | |) |
   |_|   |___| |___/   |_|     |___/   |_|   /_/ \_\ |_|_\   |_|   |___| |___/ 

As user i have be able to buy items(as-a-user-i-want-to-buy-items-in-the-home-page;as-user-i-have-be-able-to-buy-items)
--------------------------------------------------------------------------------
21:01:03.194 [AsyncHttpClient-1-1] DEBUG org.asynchttpclient.netty.channel.DefaultChannelPool - Entry count for : http://localhost:52837 : 1
21:01:03.194 [AsyncHttpClient-1-1] DEBUG org.asynchttpclient.netty.channel.DefaultChannelPool - Entry count for : http://localhost:60115 : 1
21:01:03.194 [AsyncHttpClient-1-1] DEBUG org.asynchttpclient.netty.channel.DefaultChannelPool - Adding Candidate expired Channel [id: 0xe3e4736c, L:/127.0.0.1:52842 ! R:localhost/127.0.0.1:52837] isIdleTimeoutExpired=false isRemotelyClosed=true isTtlExpired=false
21:01:03.194 [AsyncHttpClient-1-1] DEBUG org.asynchttpclient.netty.channel.DefaultChannelPool - Closing Idle Channel [id: 0xe3e4736c, L:/127.0.0.1:52842 ! R:localhost/127.0.0.1:52837]
21:01:03.194 [AsyncHttpClient-1-1] DEBUG org.asynchttpclient.netty.channel.DefaultChannelPool - Adding Candidate expired Channel [id: 0xe36a7b8b, L:/127.0.0.1:52836 ! R:localhost/127.0.0.1:60115] isIdleTimeoutExpired=false isRemotelyClosed=true isTtlExpired=false
21:01:03.194 [AsyncHttpClient-1-1] DEBUG org.asynchttpclient.netty.channel.DefaultChannelPool - Closing Idle Channel [id: 0xe36a7b8b, L:/127.0.0.1:52836 ! R:localhost/127.0.0.1:60115]
21:01:03.194 [AsyncHttpClient-1-1] DEBUG org.asynchttpclient.netty.channel.DefaultChannelPool - Closed 2 connections out of 2 in 0 ms
21:01:03.347 [main] DEBUG net.thucydides.core.steps.StepInterceptor - STARTING STEP: ProductSteps.onTheHomePage - openPage
21:01:03.364 [main] INFO net.serenitybdd.core.webdriver.driverproviders.ChromeDriverProvider - Using automatically driver download
21:01:03.557 [main] DEBUG io.github.bonigarcia.wdm.cache.ResolutionCache - Resolution chrome=101 in cache (valid until 21:59:22 13/05/2022 ICT)
21:01:03.565 [main] DEBUG io.github.bonigarcia.wdm.cache.ResolutionCache - Resolution chrome101=101.0.4951.41 in cache (valid until 20:59:22 14/05/2022 ICT)
21:01:03.567 [main] INFO io.github.bonigarcia.wdm.WebDriverManager - Using chromedriver 101.0.4951.41 (resolved driver for Chrome 101)
21:01:03.594 [main] DEBUG io.github.bonigarcia.wdm.WebDriverManager - Driver chromedriver 101.0.4951.41 found in cache
21:01:03.596 [main] INFO io.github.bonigarcia.wdm.WebDriverManager - Exporting webdriver.chrome.driver as C:\Users\Admin\.cache\selenium\chromedriver\win32\101.0.4951.41\chromedriver.exe
21:01:03.795 [main] DEBUG net.serenitybdd.core.webdriver.driverproviders.ProvideNewDriver - Instantiating driver
21:01:03.795 [main] DEBUG net.serenitybdd.core.webdriver.driverproviders.ProvideNewDriver - Driver capabilities: Capabilities {acceptInsecureCerts: false, base.url: https://qa.alta.id/, browserName: chrome, chrome.driver: src/test/resources/webdrive..., driver: chrome, goog:chromeOptions: {args: [], extensions: []}}
21:01:04.358 [AsyncHttpClient-1-9] DEBUG org.asynchttpclient.netty.channel.NettyConnectListener - Using new Channel '[id: 0xbe9396a9, L:/127.0.0.1:52872 - R:localhost/127.0.0.1:64746]' for 'POST' to '/session'
21:01:05.586 [AsyncHttpClient-1-9] DEBUG org.asynchttpclient.netty.handler.HttpHandler - 

Request DefaultHttpRequest(decodeResult: success, version: HTTP/1.1)
POST /session HTTP/1.1
User-Agent: selenium/4.1.2 (java windows)
Content-Length: 605
Content-Type: application/json; charset=utf-8
host: localhost:64746
accept: */*

Response DefaultHttpResponse(decodeResult: success, version: HTTP/1.1)
HTTP/1.1 200 OK
Content-Type: application/json; charset=utf-8
cache-control: no-cache
content-length: 789

21:01:05.587 [AsyncHttpClient-1-9] DEBUG org.asynchttpclient.netty.channel.ChannelManager - Adding key: http://localhost:64746 for channel [id: 0xbe9396a9, L:/127.0.0.1:52872 - R:localhost/127.0.0.1:64746]
21:01:05.603 [AsyncHttpClient-1-2] DEBUG org.asynchttpclient.netty.channel.NettyConnectListener - Using new Channel '[id: 0xf1d73d92, L:/127.0.0.1:52879 - R:localhost/127.0.0.1:52873]' for 'GET' to '/json/version'
21:01:05.604 [AsyncHttpClient-1-2] DEBUG org.asynchttpclient.netty.handler.HttpHandler - 

Request DefaultFullHttpRequest(decodeResult: success, version: HTTP/1.1, content: EmptyByteBufBE)
GET /json/version HTTP/1.1
User-Agent: selenium/4.1.2 (java windows)
host: localhost:52873
accept: */*

Response DefaultHttpResponse(decodeResult: success, version: HTTP/1.1)
HTTP/1.1 200 OK
Content-Type: application/json; charset=UTF-8
content-length: 427

21:01:05.604 [AsyncHttpClient-1-2] DEBUG org.asynchttpclient.netty.channel.ChannelManager - Adding key: http://localhost:52873 for channel [id: 0xf1d73d92, L:/127.0.0.1:52879 - R:localhost/127.0.0.1:52873]
21:01:05.608 [AsyncHttpClient-1-3] DEBUG org.asynchttpclient.netty.channel.NettyConnectListener - Using new Channel '[id: 0x5295d798, L:/127.0.0.1:52880 - R:localhost/127.0.0.1:52873]' for 'GET' to '/devtools/browser/bb93f9b8-7af3-45c6-a09a-e1bb71f766e0'
21:01:05.610 [AsyncHttpClient-1-3] DEBUG org.asynchttpclient.netty.handler.WebSocketHandler - 

Request DefaultFullHttpRequest(decodeResult: success, version: HTTP/1.1, content: EmptyByteBufBE)
GET /devtools/browser/bb93f9b8-7af3-45c6-a09a-e1bb71f766e0 HTTP/1.1
upgrade: websocket
connection: upgrade
sec-websocket-key: JOI0GRJo3VVBxVByFBegtg==
sec-websocket-version: 13
origin: http://localhost:52873
host: localhost:52873
accept: */*
user-agent: AHC/2.1

Response DefaultHttpResponse(decodeResult: success, version: HTTP/1.1)
HTTP/1.1 101 WebSocket Protocol Handshake
Upgrade: WebSocket
Connection: Upgrade
Sec-WebSocket-Accept: SczfwFlUcGXKUeqRWZMyaPIo6ak=

21:01:05.628 [Forwarding setCurrentWindowSize on session 82c03992e8ad43a2b283997fe3744df2 to remote] DEBUG org.asynchttpclient.netty.request.NettyRequestSender - Using pooled Channel '[id: 0xbe9396a9, L:/127.0.0.1:52872 - R:localhost/127.0.0.1:64746]' for 'POST' to 'http://localhost:64746/session/82c03992e8ad43a2b283997fe3744df2/window/rect'
21:01:05.628 [Forwarding setCurrentWindowSize on session 82c03992e8ad43a2b283997fe3744df2 to remote] DEBUG org.asynchttpclient.netty.request.NettyRequestSender - Using open Channel [id: 0xbe9396a9, L:/127.0.0.1:52872 - R:localhost/127.0.0.1:64746] for POST '/session/82c03992e8ad43a2b283997fe3744df2/window/rect'
21:01:05.760 [AsyncHttpClient-1-9] DEBUG org.asynchttpclient.netty.handler.HttpHandler - 

Request DefaultHttpRequest(decodeResult: success, version: HTTP/1.1)
POST /session/82c03992e8ad43a2b283997fe3744df2/window/rect HTTP/1.1
User-Agent: selenium/4.1.2 (java windows)
Content-Length: 37
Content-Type: application/json; charset=utf-8
host: localhost:64746
accept: */*

Response DefaultHttpResponse(decodeResult: success, version: HTTP/1.1)
HTTP/1.1 200 OK
Content-Type: application/json; charset=utf-8
cache-control: no-cache
content-length: 51

21:01:05.761 [AsyncHttpClient-1-9] DEBUG org.asynchttpclient.netty.channel.ChannelManager - Adding key: http://localhost:64746 for channel [id: 0xbe9396a9, L:/127.0.0.1:52872 - R:localhost/127.0.0.1:64746]
21:01:05.762 [Forwarding setWindowPosition on session 82c03992e8ad43a2b283997fe3744df2 to remote] DEBUG org.asynchttpclient.netty.request.NettyRequestSender - Using pooled Channel '[id: 0xbe9396a9, L:/127.0.0.1:52872 - R:localhost/127.0.0.1:64746]' for 'POST' to 'http://localhost:64746/session/82c03992e8ad43a2b283997fe3744df2/window/rect'
21:01:05.762 [Forwarding setWindowPosition on session 82c03992e8ad43a2b283997fe3744df2 to remote] DEBUG org.asynchttpclient.netty.request.NettyRequestSender - Using open Channel [id: 0xbe9396a9, L:/127.0.0.1:52872 - R:localhost/127.0.0.1:64746] for POST '/session/82c03992e8ad43a2b283997fe3744df2/window/rect'
21:01:05.870 [AsyncHttpClient-1-9] DEBUG org.asynchttpclient.netty.handler.HttpHandler - 

Request DefaultHttpRequest(decodeResult: success, version: HTTP/1.1)
POST /session/82c03992e8ad43a2b283997fe3744df2/window/rect HTTP/1.1
User-Agent: selenium/4.1.2 (java windows)
Content-Length: 22
Content-Type: application/json; charset=utf-8
host: localhost:64746
accept: */*

Response DefaultHttpResponse(decodeResult: success, version: HTTP/1.1)
HTTP/1.1 200 OK
Content-Type: application/json; charset=utf-8
cache-control: no-cache
content-length: 49

21:01:05.870 [AsyncHttpClient-1-9] DEBUG org.asynchttpclient.netty.channel.ChannelManager - Adding key: http://localhost:64746 for channel [id: 0xbe9396a9, L:/127.0.0.1:52872 - R:localhost/127.0.0.1:64746]
21:01:05.872 [Forwarding get on session 82c03992e8ad43a2b283997fe3744df2 to remote] DEBUG org.asynchttpclient.netty.request.NettyRequestSender - Using pooled Channel '[id: 0xbe9396a9, L:/127.0.0.1:52872 - R:localhost/127.0.0.1:64746]' for 'POST' to 'http://localhost:64746/session/82c03992e8ad43a2b283997fe3744df2/url'
21:01:05.872 [Forwarding get on session 82c03992e8ad43a2b283997fe3744df2 to remote] DEBUG org.asynchttpclient.netty.request.NettyRequestSender - Using open Channel [id: 0xbe9396a9, L:/127.0.0.1:52872 - R:localhost/127.0.0.1:64746] for POST '/session/82c03992e8ad43a2b283997fe3744df2/url'
21:01:06.494 [AsyncHttpClient-1-1] DEBUG org.asynchttpclient.netty.channel.DefaultChannelPool - Entry count for : http://localhost:52873 : 1
21:01:07.427 [AsyncHttpClient-1-9] DEBUG org.asynchttpclient.netty.handler.HttpHandler - 

Request DefaultHttpRequest(decodeResult: success, version: HTTP/1.1)
POST /session/82c03992e8ad43a2b283997fe3744df2/url HTTP/1.1
User-Agent: selenium/4.1.2 (java windows)
Content-Length: 49
Content-Type: application/json; charset=utf-8
host: localhost:64746
accept: */*

Response DefaultHttpResponse(decodeResult: success, version: HTTP/1.1)
HTTP/1.1 200 OK
Content-Type: application/json; charset=utf-8
cache-control: no-cache
content-length: 14

21:01:07.428 [AsyncHttpClient-1-9] DEBUG org.asynchttpclient.netty.channel.ChannelManager - Adding key: http://localhost:64746 for channel [id: 0xbe9396a9, L:/127.0.0.1:52872 - R:localhost/127.0.0.1:64746]
21:01:07.430 [Forwarding setTimeout on session 82c03992e8ad43a2b283997fe3744df2 to remote] DEBUG org.asynchttpclient.netty.request.NettyRequestSender - Using pooled Channel '[id: 0xbe9396a9, L:/127.0.0.1:52872 - R:localhost/127.0.0.1:64746]' for 'POST' to 'http://localhost:64746/session/82c03992e8ad43a2b283997fe3744df2/timeouts'
21:01:07.430 [Forwarding setTimeout on session 82c03992e8ad43a2b283997fe3744df2 to remote] DEBUG org.asynchttpclient.netty.request.NettyRequestSender - Using open Channel [id: 0xbe9396a9, L:/127.0.0.1:52872 - R:localhost/127.0.0.1:64746] for POST '/session/82c03992e8ad43a2b283997fe3744df2/timeouts'
21:01:07.432 [AsyncHttpClient-1-9] DEBUG org.asynchttpclient.netty.handler.HttpHandler - 

Request DefaultHttpRequest(decodeResult: success, version: HTTP/1.1)
POST /session/82c03992e8ad43a2b283997fe3744df2/timeouts HTTP/1.1
User-Agent: selenium/4.1.2 (java windows)
Content-Length: 22
Content-Type: application/json; charset=utf-8
host: localhost:64746
accept: */*

Response DefaultHttpResponse(decodeResult: success, version: HTTP/1.1)
HTTP/1.1 200 OK
Content-Type: application/json; charset=utf-8
cache-control: no-cache
content-length: 14

21:01:07.433 [AsyncHttpClient-1-9] DEBUG org.asynchttpclient.netty.channel.ChannelManager - Adding key: http://localhost:64746 for channel [id: 0xbe9396a9, L:/127.0.0.1:52872 - R:localhost/127.0.0.1:64746]
21:01:07.452 [Forwarding getCurrentUrl on session 82c03992e8ad43a2b283997fe3744df2 to remote] DEBUG org.asynchttpclient.netty.request.NettyRequestSender - Using pooled Channel '[id: 0xbe9396a9, L:/127.0.0.1:52872 - R:localhost/127.0.0.1:64746]' for 'GET' to 'http://localhost:64746/session/82c03992e8ad43a2b283997fe3744df2/url'
21:01:07.452 [Forwarding getCurrentUrl on session 82c03992e8ad43a2b283997fe3744df2 to remote] DEBUG org.asynchttpclient.netty.request.NettyRequestSender - Using open Channel [id: 0xbe9396a9, L:/127.0.0.1:52872 - R:localhost/127.0.0.1:64746] for GET '/session/82c03992e8ad43a2b283997fe3744df2/url'
21:01:07.477 [AsyncHttpClient-1-9] DEBUG org.asynchttpclient.netty.handler.HttpHandler - 

Request DefaultFullHttpRequest(decodeResult: success, version: HTTP/1.1, content: EmptyByteBufBE)
GET /session/82c03992e8ad43a2b283997fe3744df2/url HTTP/1.1
User-Agent: selenium/4.1.2 (java windows)
Cache-Control: no-cache
Content-Type: application/json; charset=utf-8
host: localhost:64746
accept: */*

Response DefaultHttpResponse(decodeResult: success, version: HTTP/1.1)
HTTP/1.1 200 OK
Content-Type: application/json; charset=utf-8
cache-control: no-cache
content-length: 31

21:01:07.478 [AsyncHttpClient-1-9] DEBUG org.asynchttpclient.netty.channel.ChannelManager - Adding key: http://localhost:64746 for channel [id: 0xbe9396a9, L:/127.0.0.1:52872 - R:localhost/127.0.0.1:64746]
21:01:07.488 [Forwarding getCurrentUrl on session 82c03992e8ad43a2b283997fe3744df2 to remote] DEBUG org.asynchttpclient.netty.request.NettyRequestSender - Using pooled Channel '[id: 0xbe9396a9, L:/127.0.0.1:52872 - R:localhost/127.0.0.1:64746]' for 'GET' to 'http://localhost:64746/session/82c03992e8ad43a2b283997fe3744df2/url'
21:01:07.488 [Forwarding getCurrentUrl on session 82c03992e8ad43a2b283997fe3744df2 to remote] DEBUG org.asynchttpclient.netty.request.NettyRequestSender - Using open Channel [id: 0xbe9396a9, L:/127.0.0.1:52872 - R:localhost/127.0.0.1:64746] for GET '/session/82c03992e8ad43a2b283997fe3744df2/url'
21:01:07.493 [AsyncHttpClient-1-9] DEBUG org.asynchttpclient.netty.handler.HttpHandler - 

Request DefaultFullHttpRequest(decodeResult: success, version: HTTP/1.1, content: EmptyByteBufBE)
GET /session/82c03992e8ad43a2b283997fe3744df2/url HTTP/1.1
User-Agent: selenium/4.1.2 (java windows)
Cache-Control: no-cache
Content-Type: application/json; charset=utf-8
host: localhost:64746
accept: */*

Response DefaultHttpResponse(decodeResult: success, version: HTTP/1.1)
HTTP/1.1 200 OK
Content-Type: application/json; charset=utf-8
cache-control: no-cache
content-length: 31

21:01:07.493 [AsyncHttpClient-1-9] DEBUG org.asynchttpclient.netty.channel.ChannelManager - Adding key: http://localhost:64746 for channel [id: 0xbe9396a9, L:/127.0.0.1:52872 - R:localhost/127.0.0.1:64746]
21:01:07.508 [main] DEBUG net.serenitybdd.core.photography.Darkroom - Opening darkroom
21:01:07.511 [Forwarding screenshot on session 82c03992e8ad43a2b283997fe3744df2 to remote] DEBUG org.asynchttpclient.netty.request.NettyRequestSender - Using pooled Channel '[id: 0xbe9396a9, L:/127.0.0.1:52872 - R:localhost/127.0.0.1:64746]' for 'GET' to 'http://localhost:64746/session/82c03992e8ad43a2b283997fe3744df2/screenshot'
21:01:07.511 [Forwarding screenshot on session 82c03992e8ad43a2b283997fe3744df2 to remote] DEBUG org.asynchttpclient.netty.request.NettyRequestSender - Using open Channel [id: 0xbe9396a9, L:/127.0.0.1:52872 - R:localhost/127.0.0.1:64746] for GET '/session/82c03992e8ad43a2b283997fe3744df2/screenshot'
21:01:07.514 [Darkroom Processing Line] DEBUG net.serenitybdd.core.photography.DarkroomProcessingLine - Darkroom processing line starting up
21:01:07.608 [AsyncHttpClient-1-1] DEBUG org.asynchttpclient.netty.channel.DefaultChannelPool - Entry count for : http://localhost:52873 : 1
21:01:07.809 [AsyncHttpClient-1-9] DEBUG org.asynchttpclient.netty.handler.HttpHandler - 

Request DefaultFullHttpRequest(decodeResult: success, version: HTTP/1.1, content: EmptyByteBufBE)
GET /session/82c03992e8ad43a2b283997fe3744df2/screenshot HTTP/1.1
User-Agent: selenium/4.1.2 (java windows)
Cache-Control: no-cache
Content-Type: application/json; charset=utf-8
host: localhost:64746
accept: */*

Response DefaultHttpResponse(decodeResult: success, version: HTTP/1.1)
HTTP/1.1 200 OK
Content-Type: application/json; charset=utf-8
cache-control: no-cache
content-length: 32736

21:01:07.810 [AsyncHttpClient-1-9] DEBUG org.asynchttpclient.netty.channel.ChannelManager - Adding key: http://localhost:64746 for channel [id: 0xbe9396a9, L:/127.0.0.1:52872 - R:localhost/127.0.0.1:64746]
21:01:07.815 [main] DEBUG net.serenitybdd.core.photography.Darkroom - Send negative for processing for target\site\serenity\5867c2a3819caa2a05a48571fd65b142c579ffd6339cf48bc4ef113d37045b24.png
21:01:07.815 [main] DEBUG net.thucydides.core.steps.StepInterceptor - STEP DONE: openPage
  &amp#27;[32mGiven &amp#27;[0m&amp#27;[32muser on the home page&amp#27;[0m                 &amp#27;[90m# starter.stepdefenitions.ProductSteps.onTheHomePage()&amp#27;[0m
21:01:08.313 [Forwarding screenshot on session 82c03992e8ad43a2b283997fe3744df2 to remote] DEBUG org.asynchttpclient.netty.request.NettyRequestSender - Using pooled Channel '[id: 0xbe9396a9, L:/127.0.0.1:52872 - R:localhost/127.0.0.1:64746]' for 'GET' to 'http://localhost:64746/session/82c03992e8ad43a2b283997fe3744df2/screenshot'
21:01:08.313 [Forwarding screenshot on session 82c03992e8ad43a2b283997fe3744df2 to remote] DEBUG org.asynchttpclient.netty.request.NettyRequestSender - Using open Channel [id: 0xbe9396a9, L:/127.0.0.1:52872 - R:localhost/127.0.0.1:64746] for GET '/session/82c03992e8ad43a2b283997fe3744df2/screenshot'
21:01:08.699 [AsyncHttpClient-1-1] DEBUG org.asynchttpclient.netty.channel.DefaultChannelPool - Entry count for : http://localhost:52873 : 1
21:01:09.794 [AsyncHttpClient-1-1] DEBUG org.asynchttpclient.netty.channel.DefaultChannelPool - Entry count for : http://localhost:52873 : 1
21:01:10.903 [AsyncHttpClient-1-1] DEBUG org.asynchttpclient.netty.channel.DefaultChannelPool - Entry count for : http://localhost:52873 : 1
21:01:11.998 [AsyncHttpClient-1-1] DEBUG org.asynchttpclient.netty.channel.DefaultChannelPool - Entry count for : http://localhost:52873 : 1
21:01:13.094 [AsyncHttpClient-1-1] DEBUG org.asynchttpclient.netty.channel.DefaultChannelPool - Entry count for : http://localhost:52873 : 1
21:01:13.217 [AsyncHttpClient-1-9] DEBUG org.asynchttpclient.netty.handler.HttpHandler - 

Request DefaultFullHttpRequest(decodeResult: success, version: HTTP/1.1, content: EmptyByteBufBE)
GET /session/82c03992e8ad43a2b283997fe3744df2/screenshot HTTP/1.1
User-Agent: selenium/4.1.2 (java windows)
Cache-Control: no-cache
Content-Type: application/json; charset=utf-8
host: localhost:64746
accept: */*

Response DefaultHttpResponse(decodeResult: success, version: HTTP/1.1)
HTTP/1.1 200 OK
Content-Type: application/json; charset=utf-8
cache-control: no-cache
content-length: 100560

21:01:13.217 [AsyncHttpClient-1-9] DEBUG org.asynchttpclient.netty.channel.ChannelManager - Adding key: http://localhost:64746 for channel [id: 0xbe9396a9, L:/127.0.0.1:52872 - R:localhost/127.0.0.1:64746]
21:01:13.223 [main] DEBUG net.serenitybdd.core.photography.Darkroom - Send negative for processing for target\site\serenity\16d8f350e819a0c1ba039d9997fde71e93032de3a86a3d806aaeda7c85300861.png
21:01:13.224 [Darkroom Processing Line] DEBUG net.serenitybdd.core.photography.DarkroomProcessingLine - Processing screenshot image in /var/screenshots/screenshot-1778820510309285333
21:01:13.224 [Darkroom Processing Line] DEBUG net.serenitybdd.core.photography.DarkroomProcessingLine - Saving screenshot to target\site\serenity\16d8f350e819a0c1ba039d9997fde71e93032de3a86a3d806aaeda7c85300861.png
21:01:13.224 [main] DEBUG net.thucydides.core.steps.StepInterceptor - STARTING STEP: TransactionSteps.userClickItems - clickItems
21:01:13.229 [Forwarding findElement on session 82c03992e8ad43a2b283997fe3744df2 to remote] DEBUG org.asynchttpclient.netty.request.NettyRequestSender - Using pooled Channel '[id: 0xbe9396a9, L:/127.0.0.1:52872 - R:localhost/127.0.0.1:64746]' for 'POST' to 'http://localhost:64746/session/82c03992e8ad43a2b283997fe3744df2/element'
21:01:13.230 [Forwarding findElement on session 82c03992e8ad43a2b283997fe3744df2 to remote] DEBUG org.asynchttpclient.netty.request.NettyRequestSender - Using open Channel [id: 0xbe9396a9, L:/127.0.0.1:52872 - R:localhost/127.0.0.1:64746] for POST '/session/82c03992e8ad43a2b283997fe3744df2/element'
21:01:13.301 [AsyncHttpClient-1-9] DEBUG org.asynchttpclient.netty.handler.HttpHandler - 

Request DefaultHttpRequest(decodeResult: success, version: HTTP/1.1)
POST /session/82c03992e8ad43a2b283997fe3744df2/element HTTP/1.1
User-Agent: selenium/4.1.2 (java windows)
Content-Length: 150
Content-Type: application/json; charset=utf-8
host: localhost:64746
accept: */*

Response DefaultHttpResponse(decodeResult: success, version: HTTP/1.1)
HTTP/1.1 200 OK
Content-Type: application/json; charset=utf-8
cache-control: no-cache
content-length: 88

21:01:13.301 [AsyncHttpClient-1-9] DEBUG org.asynchttpclient.netty.channel.ChannelManager - Adding key: http://localhost:64746 for channel [id: 0xbe9396a9, L:/127.0.0.1:52872 - R:localhost/127.0.0.1:64746]
21:01:13.305 [Forwarding getElementTagName on session 82c03992e8ad43a2b283997fe3744df2 to remote] DEBUG org.asynchttpclient.netty.request.NettyRequestSender - Using pooled Channel '[id: 0xbe9396a9, L:/127.0.0.1:52872 - R:localhost/127.0.0.1:64746]' for 'GET' to 'http://localhost:64746/session/82c03992e8ad43a2b283997fe3744df2/element/04116bbc-c83e-4b5d-97a6-92b2843946ec/name'
21:01:13.305 [Forwarding getElementTagName on session 82c03992e8ad43a2b283997fe3744df2 to remote] DEBUG org.asynchttpclient.netty.request.NettyRequestSender - Using open Channel [id: 0xbe9396a9, L:/127.0.0.1:52872 - R:localhost/127.0.0.1:64746] for GET '/session/82c03992e8ad43a2b283997fe3744df2/element/04116bbc-c83e-4b5d-97a6-92b2843946ec/name'
21:01:13.366 [AsyncHttpClient-1-9] DEBUG org.asynchttpclient.netty.handler.HttpHandler - 

Request DefaultFullHttpRequest(decodeResult: success, version: HTTP/1.1, content: EmptyByteBufBE)
GET /session/82c03992e8ad43a2b283997fe3744df2/element/04116bbc-c83e-4b5d-97a6-92b2843946ec/name HTTP/1.1
User-Agent: selenium/4.1.2 (java windows)
Cache-Control: no-cache
Content-Type: application/json; charset=utf-8
host: localhost:64746
accept: */*

Response DefaultHttpResponse(decodeResult: success, version: HTTP/1.1)
HTTP/1.1 200 OK
Content-Type: application/json; charset=utf-8
cache-control: no-cache
content-length: 18

21:01:13.366 [AsyncHttpClient-1-9] DEBUG org.asynchttpclient.netty.channel.ChannelManager - Adding key: http://localhost:64746 for channel [id: 0xbe9396a9, L:/127.0.0.1:52872 - R:localhost/127.0.0.1:64746]
21:01:13.368 [Forwarding getElementTagName on session 82c03992e8ad43a2b283997fe3744df2 to remote] DEBUG org.asynchttpclient.netty.request.NettyRequestSender - Using pooled Channel '[id: 0xbe9396a9, L:/127.0.0.1:52872 - R:localhost/127.0.0.1:64746]' for 'GET' to 'http://localhost:64746/session/82c03992e8ad43a2b283997fe3744df2/element/04116bbc-c83e-4b5d-97a6-92b2843946ec/name'
21:01:13.368 [Forwarding getElementTagName on session 82c03992e8ad43a2b283997fe3744df2 to remote] DEBUG org.asynchttpclient.netty.request.NettyRequestSender - Using open Channel [id: 0xbe9396a9, L:/127.0.0.1:52872 - R:localhost/127.0.0.1:64746] for GET '/session/82c03992e8ad43a2b283997fe3744df2/element/04116bbc-c83e-4b5d-97a6-92b2843946ec/name'
21:01:13.405 [AsyncHttpClient-1-9] DEBUG org.asynchttpclient.netty.handler.HttpHandler - 

Request DefaultFullHttpRequest(decodeResult: success, version: HTTP/1.1, content: EmptyByteBufBE)
GET /session/82c03992e8ad43a2b283997fe3744df2/element/04116bbc-c83e-4b5d-97a6-92b2843946ec/name HTTP/1.1
User-Agent: selenium/4.1.2 (java windows)
Cache-Control: no-cache
Content-Type: application/json; charset=utf-8
host: localhost:64746
accept: */*

Response DefaultHttpResponse(decodeResult: success, version: HTTP/1.1)
HTTP/1.1 200 OK
Content-Type: application/json; charset=utf-8
cache-control: no-cache
content-length: 18

21:01:13.406 [AsyncHttpClient-1-9] DEBUG org.asynchttpclient.netty.channel.ChannelManager - Adding key: http://localhost:64746 for channel [id: 0xbe9396a9, L:/127.0.0.1:52872 - R:localhost/127.0.0.1:64746]
21:01:13.410 [Forwarding isElementEnabled on session 82c03992e8ad43a2b283997fe3744df2 to remote] DEBUG org.asynchttpclient.netty.request.NettyRequestSender - Using pooled Channel '[id: 0xbe9396a9, L:/127.0.0.1:52872 - R:localhost/127.0.0.1:64746]' for 'GET' to 'http://localhost:64746/session/82c03992e8ad43a2b283997fe3744df2/element/04116bbc-c83e-4b5d-97a6-92b2843946ec/enabled'
21:01:13.410 [Forwarding isElementEnabled on session 82c03992e8ad43a2b283997fe3744df2 to remote] DEBUG org.asynchttpclient.netty.request.NettyRequestSender - Using open Channel [id: 0xbe9396a9, L:/127.0.0.1:52872 - R:localhost/127.0.0.1:64746] for GET '/session/82c03992e8ad43a2b283997fe3744df2/element/04116bbc-c83e-4b5d-97a6-92b2843946ec/enabled'
21:01:13.424 [AsyncHttpClient-1-9] DEBUG org.asynchttpclient.netty.handler.HttpHandler - 

Request DefaultFullHttpRequest(decodeResult: success, version: HTTP/1.1, content: EmptyByteBufBE)
GET /session/82c03992e8ad43a2b283997fe3744df2/element/04116bbc-c83e-4b5d-97a6-92b2843946ec/enabled HTTP/1.1
User-Agent: selenium/4.1.2 (java windows)
Cache-Control: no-cache
Content-Type: application/json; charset=utf-8
host: localhost:64746
accept: */*

Response DefaultHttpResponse(decodeResult: success, version: HTTP/1.1)
HTTP/1.1 200 OK
Content-Type: application/json; charset=utf-8
cache-control: no-cache
content-length: 14

21:01:13.425 [AsyncHttpClient-1-9] DEBUG org.asynchttpclient.netty.channel.ChannelManager - Adding key: http://localhost:64746 for channel [id: 0xbe9396a9, L:/127.0.0.1:52872 - R:localhost/127.0.0.1:64746]
21:01:13.429 [Forwarding isElementEnabled on session 82c03992e8ad43a2b283997fe3744df2 to remote] DEBUG org.asynchttpclient.netty.request.NettyRequestSender - Using pooled Channel '[id: 0xbe9396a9, L:/127.0.0.1:52872 - R:localhost/127.0.0.1:64746]' for 'GET' to 'http://localhost:64746/session/82c03992e8ad43a2b283997fe3744df2/element/04116bbc-c83e-4b5d-97a6-92b2843946ec/enabled'
21:01:13.429 [Forwarding isElementEnabled on session 82c03992e8ad43a2b283997fe3744df2 to remote] DEBUG org.asynchttpclient.netty.request.NettyRequestSender - Using open Channel [id: 0xbe9396a9, L:/127.0.0.1:52872 - R:localhost/127.0.0.1:64746] for GET '/session/82c03992e8ad43a2b283997fe3744df2/element/04116bbc-c83e-4b5d-97a6-92b2843946ec/enabled'
21:01:13.493 [AsyncHttpClient-1-9] DEBUG org.asynchttpclient.netty.handler.HttpHandler - 

Request DefaultFullHttpRequest(decodeResult: success, version: HTTP/1.1, content: EmptyByteBufBE)
GET /session/82c03992e8ad43a2b283997fe3744df2/element/04116bbc-c83e-4b5d-97a6-92b2843946ec/enabled HTTP/1.1
User-Agent: selenium/4.1.2 (java windows)
Cache-Control: no-cache
Content-Type: application/json; charset=utf-8
host: localhost:64746
accept: */*

Response DefaultHttpResponse(decodeResult: success, version: HTTP/1.1)
HTTP/1.1 200 OK
Content-Type: application/json; charset=utf-8
cache-control: no-cache
content-length: 14

21:01:13.493 [AsyncHttpClient-1-9] DEBUG org.asynchttpclient.netty.channel.ChannelManager - Adding key: http://localhost:64746 for channel [id: 0xbe9396a9, L:/127.0.0.1:52872 - R:localhost/127.0.0.1:64746]
21:01:13.496 [Forwarding findElement on session 82c03992e8ad43a2b283997fe3744df2 to remote] DEBUG org.asynchttpclient.netty.request.NettyRequestSender - Using pooled Channel '[id: 0xbe9396a9, L:/127.0.0.1:52872 - R:localhost/127.0.0.1:64746]' for 'POST' to 'http://localhost:64746/session/82c03992e8ad43a2b283997fe3744df2/element'
21:01:13.496 [Forwarding findElement on session 82c03992e8ad43a2b283997fe3744df2 to remote] DEBUG org.asynchttpclient.netty.request.NettyRequestSender - Using open Channel [id: 0xbe9396a9, L:/127.0.0.1:52872 - R:localhost/127.0.0.1:64746] for POST '/session/82c03992e8ad43a2b283997fe3744df2/element'
21:01:13.516 [AsyncHttpClient-1-9] DEBUG org.asynchttpclient.netty.handler.HttpHandler - 

Request DefaultHttpRequest(decodeResult: success, version: HTTP/1.1)
POST /session/82c03992e8ad43a2b283997fe3744df2/element HTTP/1.1
User-Agent: selenium/4.1.2 (java windows)
Content-Length: 150
Content-Type: application/json; charset=utf-8
host: localhost:64746
accept: */*

Response DefaultHttpResponse(decodeResult: success, version: HTTP/1.1)
HTTP/1.1 200 OK
Content-Type: application/json; charset=utf-8
cache-control: no-cache
content-length: 88

21:01:13.516 [AsyncHttpClient-1-9] DEBUG org.asynchttpclient.netty.channel.ChannelManager - Adding key: http://localhost:64746 for channel [id: 0xbe9396a9, L:/127.0.0.1:52872 - R:localhost/127.0.0.1:64746]
21:01:13.517 [Forwarding clickElement on session 82c03992e8ad43a2b283997fe3744df2 to remote] DEBUG org.asynchttpclient.netty.request.NettyRequestSender - Using pooled Channel '[id: 0xbe9396a9, L:/127.0.0.1:52872 - R:localhost/127.0.0.1:64746]' for 'POST' to 'http://localhost:64746/session/82c03992e8ad43a2b283997fe3744df2/element/04116bbc-c83e-4b5d-97a6-92b2843946ec/click'
21:01:13.518 [Forwarding clickElement on session 82c03992e8ad43a2b283997fe3744df2 to remote] DEBUG org.asynchttpclient.netty.request.NettyRequestSender - Using open Channel [id: 0xbe9396a9, L:/127.0.0.1:52872 - R:localhost/127.0.0.1:64746] for POST '/session/82c03992e8ad43a2b283997fe3744df2/element/04116bbc-c83e-4b5d-97a6-92b2843946ec/click'
21:01:13.747 [AsyncHttpClient-1-9] DEBUG org.asynchttpclient.netty.handler.HttpHandler - 

Request DefaultHttpRequest(decodeResult: success, version: HTTP/1.1)
POST /session/82c03992e8ad43a2b283997fe3744df2/element/04116bbc-c83e-4b5d-97a6-92b2843946ec/click HTTP/1.1
User-Agent: selenium/4.1.2 (java windows)
Content-Length: 50
Content-Type: application/json; charset=utf-8
host: localhost:64746
accept: */*

Response DefaultHttpResponse(decodeResult: success, version: HTTP/1.1)
HTTP/1.1 200 OK
Content-Type: application/json; charset=utf-8
cache-control: no-cache
content-length: 14

21:01:13.747 [AsyncHttpClient-1-9] DEBUG org.asynchttpclient.netty.channel.ChannelManager - Adding key: http://localhost:64746 for channel [id: 0xbe9396a9, L:/127.0.0.1:52872 - R:localhost/127.0.0.1:64746]
21:01:13.758 [Forwarding screenshot on session 82c03992e8ad43a2b283997fe3744df2 to remote] DEBUG org.asynchttpclient.netty.request.NettyRequestSender - Using pooled Channel '[id: 0xbe9396a9, L:/127.0.0.1:52872 - R:localhost/127.0.0.1:64746]' for 'GET' to 'http://localhost:64746/session/82c03992e8ad43a2b283997fe3744df2/screenshot'
21:01:13.758 [Forwarding screenshot on session 82c03992e8ad43a2b283997fe3744df2 to remote] DEBUG org.asynchttpclient.netty.request.NettyRequestSender - Using open Channel [id: 0xbe9396a9, L:/127.0.0.1:52872 - R:localhost/127.0.0.1:64746] for GET '/session/82c03992e8ad43a2b283997fe3744df2/screenshot'
21:01:13.972 [AsyncHttpClient-1-9] DEBUG org.asynchttpclient.netty.handler.HttpHandler - 

Request DefaultFullHttpRequest(decodeResult: success, version: HTTP/1.1, content: EmptyByteBufBE)
GET /session/82c03992e8ad43a2b283997fe3744df2/screenshot HTTP/1.1
User-Agent: selenium/4.1.2 (java windows)
Cache-Control: no-cache
Content-Type: application/json; charset=utf-8
host: localhost:64746
accept: */*

Response DefaultHttpResponse(decodeResult: success, version: HTTP/1.1)
HTTP/1.1 200 OK
Content-Type: application/json; charset=utf-8
cache-control: no-cache
content-length: 101912

21:01:13.973 [AsyncHttpClient-1-9] DEBUG org.asynchttpclient.netty.channel.ChannelManager - Adding key: http://localhost:64746 for channel [id: 0xbe9396a9, L:/127.0.0.1:52872 - R:localhost/127.0.0.1:64746]
21:01:13.980 [main] DEBUG net.serenitybdd.core.photography.Darkroom - Send negative for processing for target\site\serenity\eb98f4024f13406f5b87b59a20e56cd5e95e8d6f3e60e07c4432244578a34d44.png
21:01:13.981 [main] DEBUG net.thucydides.core.steps.StepInterceptor - STEP DONE: clickItems
21:01:13.981 [Darkroom Processing Line] DEBUG net.serenitybdd.core.photography.DarkroomProcessingLine - Processing screenshot image in /var/screenshots/screenshot-5708668346335808744
21:01:13.981 [Darkroom Processing Line] DEBUG net.serenitybdd.core.photography.DarkroomProcessingLine - Saving screenshot to target\site\serenity\eb98f4024f13406f5b87b59a20e56cd5e95e8d6f3e60e07c4432244578a34d44.png
21:01:13.988 [main] DEBUG net.thucydides.core.steps.StepInterceptor - STARTING STEP: TransactionSteps.userClickItems - clickItems
21:01:13.992 [Forwarding findElement on session 82c03992e8ad43a2b283997fe3744df2 to remote] DEBUG org.asynchttpclient.netty.request.NettyRequestSender - Using pooled Channel '[id: 0xbe9396a9, L:/127.0.0.1:52872 - R:localhost/127.0.0.1:64746]' for 'POST' to 'http://localhost:64746/session/82c03992e8ad43a2b283997fe3744df2/element'
21:01:13.992 [Forwarding findElement on session 82c03992e8ad43a2b283997fe3744df2 to remote] DEBUG org.asynchttpclient.netty.request.NettyRequestSender - Using open Channel [id: 0xbe9396a9, L:/127.0.0.1:52872 - R:localhost/127.0.0.1:64746] for POST '/session/82c03992e8ad43a2b283997fe3744df2/element'
21:01:14.005 [AsyncHttpClient-1-9] DEBUG org.asynchttpclient.netty.handler.HttpHandler - 

Request DefaultHttpRequest(decodeResult: success, version: HTTP/1.1)
POST /session/82c03992e8ad43a2b283997fe3744df2/element HTTP/1.1
User-Agent: selenium/4.1.2 (java windows)
Content-Length: 150
Content-Type: application/json; charset=utf-8
host: localhost:64746
accept: */*

Response DefaultHttpResponse(decodeResult: success, version: HTTP/1.1)
HTTP/1.1 200 OK
Content-Type: application/json; charset=utf-8
cache-control: no-cache
content-length: 88

21:01:14.006 [AsyncHttpClient-1-9] DEBUG org.asynchttpclient.netty.channel.ChannelManager - Adding key: http://localhost:64746 for channel [id: 0xbe9396a9, L:/127.0.0.1:52872 - R:localhost/127.0.0.1:64746]
21:01:14.007 [Forwarding getElementTagName on session 82c03992e8ad43a2b283997fe3744df2 to remote] DEBUG org.asynchttpclient.netty.request.NettyRequestSender - Using pooled Channel '[id: 0xbe9396a9, L:/127.0.0.1:52872 - R:localhost/127.0.0.1:64746]' for 'GET' to 'http://localhost:64746/session/82c03992e8ad43a2b283997fe3744df2/element/04116bbc-c83e-4b5d-97a6-92b2843946ec/name'
21:01:14.007 [Forwarding getElementTagName on session 82c03992e8ad43a2b283997fe3744df2 to remote] DEBUG org.asynchttpclient.netty.request.NettyRequestSender - Using open Channel [id: 0xbe9396a9, L:/127.0.0.1:52872 - R:localhost/127.0.0.1:64746] for GET '/session/82c03992e8ad43a2b283997fe3744df2/element/04116bbc-c83e-4b5d-97a6-92b2843946ec/name'
21:01:14.011 [AsyncHttpClient-1-9] DEBUG org.asynchttpclient.netty.handler.HttpHandler - 

Request DefaultFullHttpRequest(decodeResult: success, version: HTTP/1.1, content: EmptyByteBufBE)
GET /session/82c03992e8ad43a2b283997fe3744df2/element/04116bbc-c83e-4b5d-97a6-92b2843946ec/name HTTP/1.1
User-Agent: selenium/4.1.2 (java windows)
Cache-Control: no-cache
Content-Type: application/json; charset=utf-8
host: localhost:64746
accept: */*

Response DefaultHttpResponse(decodeResult: success, version: HTTP/1.1)
HTTP/1.1 200 OK
Content-Type: application/json; charset=utf-8
cache-control: no-cache
content-length: 18

21:01:14.011 [AsyncHttpClient-1-9] DEBUG org.asynchttpclient.netty.channel.ChannelManager - Adding key: http://localhost:64746 for channel [id: 0xbe9396a9, L:/127.0.0.1:52872 - R:localhost/127.0.0.1:64746]
21:01:14.013 [Forwarding getElementTagName on session 82c03992e8ad43a2b283997fe3744df2 to remote] DEBUG org.asynchttpclient.netty.request.NettyRequestSender - Using pooled Channel '[id: 0xbe9396a9, L:/127.0.0.1:52872 - R:localhost/127.0.0.1:64746]' for 'GET' to 'http://localhost:64746/session/82c03992e8ad43a2b283997fe3744df2/element/04116bbc-c83e-4b5d-97a6-92b2843946ec/name'
21:01:14.013 [Forwarding getElementTagName on session 82c03992e8ad43a2b283997fe3744df2 to remote] DEBUG org.asynchttpclient.netty.request.NettyRequestSender - Using open Channel [id: 0xbe9396a9, L:/127.0.0.1:52872 - R:localhost/127.0.0.1:64746] for GET '/session/82c03992e8ad43a2b283997fe3744df2/element/04116bbc-c83e-4b5d-97a6-92b2843946ec/name'
21:01:14.018 [AsyncHttpClient-1-9] DEBUG org.asynchttpclient.netty.handler.HttpHandler - 

Request DefaultFullHttpRequest(decodeResult: success, version: HTTP/1.1, content: EmptyByteBufBE)
GET /session/82c03992e8ad43a2b283997fe3744df2/element/04116bbc-c83e-4b5d-97a6-92b2843946ec/name HTTP/1.1
User-Agent: selenium/4.1.2 (java windows)
Cache-Control: no-cache
Content-Type: application/json; charset=utf-8
host: localhost:64746
accept: */*

Response DefaultHttpResponse(decodeResult: success, version: HTTP/1.1)
HTTP/1.1 200 OK
Content-Type: application/json; charset=utf-8
cache-control: no-cache
content-length: 18

21:01:14.018 [AsyncHttpClient-1-9] DEBUG org.asynchttpclient.netty.channel.ChannelManager - Adding key: http://localhost:64746 for channel [id: 0xbe9396a9, L:/127.0.0.1:52872 - R:localhost/127.0.0.1:64746]
21:01:14.021 [Forwarding isElementEnabled on session 82c03992e8ad43a2b283997fe3744df2 to remote] DEBUG org.asynchttpclient.netty.request.NettyRequestSender - Using pooled Channel '[id: 0xbe9396a9, L:/127.0.0.1:52872 - R:localhost/127.0.0.1:64746]' for 'GET' to 'http://localhost:64746/session/82c03992e8ad43a2b283997fe3744df2/element/04116bbc-c83e-4b5d-97a6-92b2843946ec/enabled'
21:01:14.021 [Forwarding isElementEnabled on session 82c03992e8ad43a2b283997fe3744df2 to remote] DEBUG org.asynchttpclient.netty.request.NettyRequestSender - Using open Channel [id: 0xbe9396a9, L:/127.0.0.1:52872 - R:localhost/127.0.0.1:64746] for GET '/session/82c03992e8ad43a2b283997fe3744df2/element/04116bbc-c83e-4b5d-97a6-92b2843946ec/enabled'
21:01:14.028 [AsyncHttpClient-1-9] DEBUG org.asynchttpclient.netty.handler.HttpHandler - 

Request DefaultFullHttpRequest(decodeResult: success, version: HTTP/1.1, content: EmptyByteBufBE)
GET /session/82c03992e8ad43a2b283997fe3744df2/element/04116bbc-c83e-4b5d-97a6-92b2843946ec/enabled HTTP/1.1
User-Agent: selenium/4.1.2 (java windows)
Cache-Control: no-cache
Content-Type: application/json; charset=utf-8
host: localhost:64746
accept: */*

Response DefaultHttpResponse(decodeResult: success, version: HTTP/1.1)
HTTP/1.1 200 OK
Content-Type: application/json; charset=utf-8
cache-control: no-cache
content-length: 14

21:01:14.028 [AsyncHttpClient-1-9] DEBUG org.asynchttpclient.netty.channel.ChannelManager - Adding key: http://localhost:64746 for channel [id: 0xbe9396a9, L:/127.0.0.1:52872 - R:localhost/127.0.0.1:64746]
21:01:14.029 [Forwarding isElementEnabled on session 82c03992e8ad43a2b283997fe3744df2 to remote] DEBUG org.asynchttpclient.netty.request.NettyRequestSender - Using pooled Channel '[id: 0xbe9396a9, L:/127.0.0.1:52872 - R:localhost/127.0.0.1:64746]' for 'GET' to 'http://localhost:64746/session/82c03992e8ad43a2b283997fe3744df2/element/04116bbc-c83e-4b5d-97a6-92b2843946ec/enabled'
21:01:14.029 [Forwarding isElementEnabled on session 82c03992e8ad43a2b283997fe3744df2 to remote] DEBUG org.asynchttpclient.netty.request.NettyRequestSender - Using open Channel [id: 0xbe9396a9, L:/127.0.0.1:52872 - R:localhost/127.0.0.1:64746] for GET '/session/82c03992e8ad43a2b283997fe3744df2/element/04116bbc-c83e-4b5d-97a6-92b2843946ec/enabled'
21:01:14.035 [AsyncHttpClient-1-9] DEBUG org.asynchttpclient.netty.handler.HttpHandler - 

Request DefaultFullHttpRequest(decodeResult: success, version: HTTP/1.1, content: EmptyByteBufBE)
GET /session/82c03992e8ad43a2b283997fe3744df2/element/04116bbc-c83e-4b5d-97a6-92b2843946ec/enabled HTTP/1.1
User-Agent: selenium/4.1.2 (java windows)
Cache-Control: no-cache
Content-Type: application/json; charset=utf-8
host: localhost:64746
accept: */*

Response DefaultHttpResponse(decodeResult: success, version: HTTP/1.1)
HTTP/1.1 200 OK
Content-Type: application/json; charset=utf-8
cache-control: no-cache
content-length: 14

21:01:14.036 [AsyncHttpClient-1-9] DEBUG org.asynchttpclient.netty.channel.ChannelManager - Adding key: http://localhost:64746 for channel [id: 0xbe9396a9, L:/127.0.0.1:52872 - R:localhost/127.0.0.1:64746]
21:01:14.039 [Forwarding findElement on session 82c03992e8ad43a2b283997fe3744df2 to remote] DEBUG org.asynchttpclient.netty.request.NettyRequestSender - Using pooled Channel '[id: 0xbe9396a9, L:/127.0.0.1:52872 - R:localhost/127.0.0.1:64746]' for 'POST' to 'http://localhost:64746/session/82c03992e8ad43a2b283997fe3744df2/element'
21:01:14.039 [Forwarding findElement on session 82c03992e8ad43a2b283997fe3744df2 to remote] DEBUG org.asynchttpclient.netty.request.NettyRequestSender - Using open Channel [id: 0xbe9396a9, L:/127.0.0.1:52872 - R:localhost/127.0.0.1:64746] for POST '/session/82c03992e8ad43a2b283997fe3744df2/element'
21:01:14.071 [AsyncHttpClient-1-9] DEBUG org.asynchttpclient.netty.handler.HttpHandler - 

Request DefaultHttpRequest(decodeResult: success, version: HTTP/1.1)
POST /session/82c03992e8ad43a2b283997fe3744df2/element HTTP/1.1
User-Agent: selenium/4.1.2 (java windows)
Content-Length: 150
Content-Type: application/json; charset=utf-8
host: localhost:64746
accept: */*

Response DefaultHttpResponse(decodeResult: success, version: HTTP/1.1)
HTTP/1.1 200 OK
Content-Type: application/json; charset=utf-8
cache-control: no-cache
content-length: 88

21:01:14.072 [AsyncHttpClient-1-9] DEBUG org.asynchttpclient.netty.channel.ChannelManager - Adding key: http://localhost:64746 for channel [id: 0xbe9396a9, L:/127.0.0.1:52872 - R:localhost/127.0.0.1:64746]
21:01:14.074 [Forwarding clickElement on session 82c03992e8ad43a2b283997fe3744df2 to remote] DEBUG org.asynchttpclient.netty.request.NettyRequestSender - Using pooled Channel '[id: 0xbe9396a9, L:/127.0.0.1:52872 - R:localhost/127.0.0.1:64746]' for 'POST' to 'http://localhost:64746/session/82c03992e8ad43a2b283997fe3744df2/element/04116bbc-c83e-4b5d-97a6-92b2843946ec/click'
21:01:14.075 [Forwarding clickElement on session 82c03992e8ad43a2b283997fe3744df2 to remote] DEBUG org.asynchttpclient.netty.request.NettyRequestSender - Using open Channel [id: 0xbe9396a9, L:/127.0.0.1:52872 - R:localhost/127.0.0.1:64746] for POST '/session/82c03992e8ad43a2b283997fe3744df2/element/04116bbc-c83e-4b5d-97a6-92b2843946ec/click'
21:01:14.165 [AsyncHttpClient-1-9] DEBUG org.asynchttpclient.netty.handler.HttpHandler - 

Request DefaultHttpRequest(decodeResult: success, version: HTTP/1.1)
POST /session/82c03992e8ad43a2b283997fe3744df2/element/04116bbc-c83e-4b5d-97a6-92b2843946ec/click HTTP/1.1
User-Agent: selenium/4.1.2 (java windows)
Content-Length: 50
Content-Type: application/json; charset=utf-8
host: localhost:64746
accept: */*

Response DefaultHttpResponse(decodeResult: success, version: HTTP/1.1)
HTTP/1.1 200 OK
Content-Type: application/json; charset=utf-8
cache-control: no-cache
content-length: 14

21:01:14.165 [AsyncHttpClient-1-9] DEBUG org.asynchttpclient.netty.channel.ChannelManager - Adding key: http://localhost:64746 for channel [id: 0xbe9396a9, L:/127.0.0.1:52872 - R:localhost/127.0.0.1:64746]
21:01:14.171 [Forwarding screenshot on session 82c03992e8ad43a2b283997fe3744df2 to remote] DEBUG org.asynchttpclient.netty.request.NettyRequestSender - Using pooled Channel '[id: 0xbe9396a9, L:/127.0.0.1:52872 - R:localhost/127.0.0.1:64746]' for 'GET' to 'http://localhost:64746/session/82c03992e8ad43a2b283997fe3744df2/screenshot'
21:01:14.171 [Forwarding screenshot on session 82c03992e8ad43a2b283997fe3744df2 to remote] DEBUG org.asynchttpclient.netty.request.NettyRequestSender - Using open Channel [id: 0xbe9396a9, L:/127.0.0.1:52872 - R:localhost/127.0.0.1:64746] for GET '/session/82c03992e8ad43a2b283997fe3744df2/screenshot'
21:01:14.197 [AsyncHttpClient-1-1] DEBUG org.asynchttpclient.netty.channel.DefaultChannelPool - Entry count for : http://localhost:52873 : 1
21:01:14.364 [AsyncHttpClient-1-9] DEBUG org.asynchttpclient.netty.handler.HttpHandler - 

Request DefaultFullHttpRequest(decodeResult: success, version: HTTP/1.1, content: EmptyByteBufBE)
GET /session/82c03992e8ad43a2b283997fe3744df2/screenshot HTTP/1.1
User-Agent: selenium/4.1.2 (java windows)
Cache-Control: no-cache
Content-Type: application/json; charset=utf-8
host: localhost:64746
accept: */*

Response DefaultHttpResponse(decodeResult: success, version: HTTP/1.1)
HTTP/1.1 200 OK
Content-Type: application/json; charset=utf-8
cache-control: no-cache
content-length: 101744

21:01:14.364 [AsyncHttpClient-1-9] DEBUG org.asynchttpclient.netty.channel.ChannelManager - Adding key: http://localhost:64746 for channel [id: 0xbe9396a9, L:/127.0.0.1:52872 - R:localhost/127.0.0.1:64746]
21:01:14.372 [main] DEBUG net.serenitybdd.core.photography.Darkroom - Send negative for processing for target\site\serenity\cf277229fba17f1090707b059b3c3be7b9c43b530b29f450731fe1ebec03a00c.png
21:01:14.372 [main] DEBUG net.thucydides.core.steps.StepInterceptor - STEP DONE: clickItems
21:01:14.373 [Darkroom Processing Line] DEBUG net.serenitybdd.core.photography.DarkroomProcessingLine - Processing screenshot image in /var/screenshots/screenshot-1776686593382872674
21:01:14.373 [Darkroom Processing Line] DEBUG net.serenitybdd.core.photography.DarkroomProcessingLine - Saving screenshot to target\site\serenity\cf277229fba17f1090707b059b3c3be7b9c43b530b29f450731fe1ebec03a00c.png
21:01:14.382 [main] DEBUG net.thucydides.core.steps.StepInterceptor - STARTING STEP: TransactionSteps.userClickItems - clickItems2
21:01:14.385 [Forwarding findElement on session 82c03992e8ad43a2b283997fe3744df2 to remote] DEBUG org.asynchttpclient.netty.request.NettyRequestSender - Using pooled Channel '[id: 0xbe9396a9, L:/127.0.0.1:52872 - R:localhost/127.0.0.1:64746]' for 'POST' to 'http://localhost:64746/session/82c03992e8ad43a2b283997fe3744df2/element'
21:01:14.385 [Forwarding findElement on session 82c03992e8ad43a2b283997fe3744df2 to remote] DEBUG org.asynchttpclient.netty.request.NettyRequestSender - Using open Channel [id: 0xbe9396a9, L:/127.0.0.1:52872 - R:localhost/127.0.0.1:64746] for POST '/session/82c03992e8ad43a2b283997fe3744df2/element'
21:01:14.409 [AsyncHttpClient-1-9] DEBUG org.asynchttpclient.netty.handler.HttpHandler - 

Request DefaultHttpRequest(decodeResult: success, version: HTTP/1.1)
POST /session/82c03992e8ad43a2b283997fe3744df2/element HTTP/1.1
User-Agent: selenium/4.1.2 (java windows)
Content-Length: 150
Content-Type: application/json; charset=utf-8
host: localhost:64746
accept: */*

Response DefaultHttpResponse(decodeResult: success, version: HTTP/1.1)
HTTP/1.1 200 OK
Content-Type: application/json; charset=utf-8
cache-control: no-cache
content-length: 88

21:01:14.410 [AsyncHttpClient-1-9] DEBUG org.asynchttpclient.netty.channel.ChannelManager - Adding key: http://localhost:64746 for channel [id: 0xbe9396a9, L:/127.0.0.1:52872 - R:localhost/127.0.0.1:64746]
21:01:14.411 [Forwarding getElementTagName on session 82c03992e8ad43a2b283997fe3744df2 to remote] DEBUG org.asynchttpclient.netty.request.NettyRequestSender - Using pooled Channel '[id: 0xbe9396a9, L:/127.0.0.1:52872 - R:localhost/127.0.0.1:64746]' for 'GET' to 'http://localhost:64746/session/82c03992e8ad43a2b283997fe3744df2/element/f5b257d1-ee76-40d4-8ade-157ed13029f9/name'
21:01:14.412 [Forwarding getElementTagName on session 82c03992e8ad43a2b283997fe3744df2 to remote] DEBUG org.asynchttpclient.netty.request.NettyRequestSender - Using open Channel [id: 0xbe9396a9, L:/127.0.0.1:52872 - R:localhost/127.0.0.1:64746] for GET '/session/82c03992e8ad43a2b283997fe3744df2/element/f5b257d1-ee76-40d4-8ade-157ed13029f9/name'
21:01:14.416 [AsyncHttpClient-1-9] DEBUG org.asynchttpclient.netty.handler.HttpHandler - 

Request DefaultFullHttpRequest(decodeResult: success, version: HTTP/1.1, content: EmptyByteBufBE)
GET /session/82c03992e8ad43a2b283997fe3744df2/element/f5b257d1-ee76-40d4-8ade-157ed13029f9/name HTTP/1.1
User-Agent: selenium/4.1.2 (java windows)
Cache-Control: no-cache
Content-Type: application/json; charset=utf-8
host: localhost:64746
accept: */*

Response DefaultHttpResponse(decodeResult: success, version: HTTP/1.1)
HTTP/1.1 200 OK
Content-Type: application/json; charset=utf-8
cache-control: no-cache
content-length: 18

21:01:14.417 [AsyncHttpClient-1-9] DEBUG org.asynchttpclient.netty.channel.ChannelManager - Adding key: http://localhost:64746 for channel [id: 0xbe9396a9, L:/127.0.0.1:52872 - R:localhost/127.0.0.1:64746]
21:01:14.419 [Forwarding getElementTagName on session 82c03992e8ad43a2b283997fe3744df2 to remote] DEBUG org.asynchttpclient.netty.request.NettyRequestSender - Using pooled Channel '[id: 0xbe9396a9, L:/127.0.0.1:52872 - R:localhost/127.0.0.1:64746]' for 'GET' to 'http://localhost:64746/session/82c03992e8ad43a2b283997fe3744df2/element/f5b257d1-ee76-40d4-8ade-157ed13029f9/name'
21:01:14.419 [Forwarding getElementTagName on session 82c03992e8ad43a2b283997fe3744df2 to remote] DEBUG org.asynchttpclient.netty.request.NettyRequestSender - Using open Channel [id: 0xbe9396a9, L:/127.0.0.1:52872 - R:localhost/127.0.0.1:64746] for GET '/session/82c03992e8ad43a2b283997fe3744df2/element/f5b257d1-ee76-40d4-8ade-157ed13029f9/name'
21:01:14.426 [AsyncHttpClient-1-9] DEBUG org.asynchttpclient.netty.handler.HttpHandler - 

Request DefaultFullHttpRequest(decodeResult: success, version: HTTP/1.1, content: EmptyByteBufBE)
GET /session/82c03992e8ad43a2b283997fe3744df2/element/f5b257d1-ee76-40d4-8ade-157ed13029f9/name HTTP/1.1
User-Agent: selenium/4.1.2 (java windows)
Cache-Control: no-cache
Content-Type: application/json; charset=utf-8
host: localhost:64746
accept: */*

Response DefaultHttpResponse(decodeResult: success, version: HTTP/1.1)
HTTP/1.1 200 OK
Content-Type: application/json; charset=utf-8
cache-control: no-cache
content-length: 18

21:01:14.426 [AsyncHttpClient-1-9] DEBUG org.asynchttpclient.netty.channel.ChannelManager - Adding key: http://localhost:64746 for channel [id: 0xbe9396a9, L:/127.0.0.1:52872 - R:localhost/127.0.0.1:64746]
21:01:14.428 [Forwarding isElementEnabled on session 82c03992e8ad43a2b283997fe3744df2 to remote] DEBUG org.asynchttpclient.netty.request.NettyRequestSender - Using pooled Channel '[id: 0xbe9396a9, L:/127.0.0.1:52872 - R:localhost/127.0.0.1:64746]' for 'GET' to 'http://localhost:64746/session/82c03992e8ad43a2b283997fe3744df2/element/f5b257d1-ee76-40d4-8ade-157ed13029f9/enabled'
21:01:14.428 [Forwarding isElementEnabled on session 82c03992e8ad43a2b283997fe3744df2 to remote] DEBUG org.asynchttpclient.netty.request.NettyRequestSender - Using open Channel [id: 0xbe9396a9, L:/127.0.0.1:52872 - R:localhost/127.0.0.1:64746] for GET '/session/82c03992e8ad43a2b283997fe3744df2/element/f5b257d1-ee76-40d4-8ade-157ed13029f9/enabled'
21:01:14.437 [AsyncHttpClient-1-9] DEBUG org.asynchttpclient.netty.handler.HttpHandler - 

Request DefaultFullHttpRequest(decodeResult: success, version: HTTP/1.1, content: EmptyByteBufBE)
GET /session/82c03992e8ad43a2b283997fe3744df2/element/f5b257d1-ee76-40d4-8ade-157ed13029f9/enabled HTTP/1.1
User-Agent: selenium/4.1.2 (java windows)
Cache-Control: no-cache
Content-Type: application/json; charset=utf-8
host: localhost:64746
accept: */*

Response DefaultHttpResponse(decodeResult: success, version: HTTP/1.1)
HTTP/1.1 200 OK
Content-Type: application/json; charset=utf-8
cache-control: no-cache
content-length: 14

21:01:14.438 [AsyncHttpClient-1-9] DEBUG org.asynchttpclient.netty.channel.ChannelManager - Adding key: http://localhost:64746 for channel [id: 0xbe9396a9, L:/127.0.0.1:52872 - R:localhost/127.0.0.1:64746]
21:01:14.440 [Forwarding isElementEnabled on session 82c03992e8ad43a2b283997fe3744df2 to remote] DEBUG org.asynchttpclient.netty.request.NettyRequestSender - Using pooled Channel '[id: 0xbe9396a9, L:/127.0.0.1:52872 - R:localhost/127.0.0.1:64746]' for 'GET' to 'http://localhost:64746/session/82c03992e8ad43a2b283997fe3744df2/element/f5b257d1-ee76-40d4-8ade-157ed13029f9/enabled'
21:01:14.440 [Forwarding isElementEnabled on session 82c03992e8ad43a2b283997fe3744df2 to remote] DEBUG org.asynchttpclient.netty.request.NettyRequestSender - Using open Channel [id: 0xbe9396a9, L:/127.0.0.1:52872 - R:localhost/127.0.0.1:64746] for GET '/session/82c03992e8ad43a2b283997fe3744df2/element/f5b257d1-ee76-40d4-8ade-157ed13029f9/enabled'
21:01:14.446 [AsyncHttpClient-1-9] DEBUG org.asynchttpclient.netty.handler.HttpHandler - 

Request DefaultFullHttpRequest(decodeResult: success, version: HTTP/1.1, content: EmptyByteBufBE)
GET /session/82c03992e8ad43a2b283997fe3744df2/element/f5b257d1-ee76-40d4-8ade-157ed13029f9/enabled HTTP/1.1
User-Agent: selenium/4.1.2 (java windows)
Cache-Control: no-cache
Content-Type: application/json; charset=utf-8
host: localhost:64746
accept: */*

Response DefaultHttpResponse(decodeResult: success, version: HTTP/1.1)
HTTP/1.1 200 OK
Content-Type: application/json; charset=utf-8
cache-control: no-cache
content-length: 14

21:01:14.446 [AsyncHttpClient-1-9] DEBUG org.asynchttpclient.netty.channel.ChannelManager - Adding key: http://localhost:64746 for channel [id: 0xbe9396a9, L:/127.0.0.1:52872 - R:localhost/127.0.0.1:64746]
21:01:14.448 [Forwarding findElement on session 82c03992e8ad43a2b283997fe3744df2 to remote] DEBUG org.asynchttpclient.netty.request.NettyRequestSender - Using pooled Channel '[id: 0xbe9396a9, L:/127.0.0.1:52872 - R:localhost/127.0.0.1:64746]' for 'POST' to 'http://localhost:64746/session/82c03992e8ad43a2b283997fe3744df2/element'
21:01:14.448 [Forwarding findElement on session 82c03992e8ad43a2b283997fe3744df2 to remote] DEBUG org.asynchttpclient.netty.request.NettyRequestSender - Using open Channel [id: 0xbe9396a9, L:/127.0.0.1:52872 - R:localhost/127.0.0.1:64746] for POST '/session/82c03992e8ad43a2b283997fe3744df2/element'
21:01:14.460 [AsyncHttpClient-1-9] DEBUG org.asynchttpclient.netty.handler.HttpHandler - 

Request DefaultHttpRequest(decodeResult: success, version: HTTP/1.1)
POST /session/82c03992e8ad43a2b283997fe3744df2/element HTTP/1.1
User-Agent: selenium/4.1.2 (java windows)
Content-Length: 150
Content-Type: application/json; charset=utf-8
host: localhost:64746
accept: */*

Response DefaultHttpResponse(decodeResult: success, version: HTTP/1.1)
HTTP/1.1 200 OK
Content-Type: application/json; charset=utf-8
cache-control: no-cache
content-length: 88

21:01:14.460 [AsyncHttpClient-1-9] DEBUG org.asynchttpclient.netty.channel.ChannelManager - Adding key: http://localhost:64746 for channel [id: 0xbe9396a9, L:/127.0.0.1:52872 - R:localhost/127.0.0.1:64746]
21:01:14.462 [Forwarding clickElement on session 82c03992e8ad43a2b283997fe3744df2 to remote] DEBUG org.asynchttpclient.netty.request.NettyRequestSender - Using pooled Channel '[id: 0xbe9396a9, L:/127.0.0.1:52872 - R:localhost/127.0.0.1:64746]' for 'POST' to 'http://localhost:64746/session/82c03992e8ad43a2b283997fe3744df2/element/f5b257d1-ee76-40d4-8ade-157ed13029f9/click'
21:01:14.462 [Forwarding clickElement on session 82c03992e8ad43a2b283997fe3744df2 to remote] DEBUG org.asynchttpclient.netty.request.NettyRequestSender - Using open Channel [id: 0xbe9396a9, L:/127.0.0.1:52872 - R:localhost/127.0.0.1:64746] for POST '/session/82c03992e8ad43a2b283997fe3744df2/element/f5b257d1-ee76-40d4-8ade-157ed13029f9/click'
21:01:14.570 [AsyncHttpClient-1-9] DEBUG org.asynchttpclient.netty.handler.HttpHandler - 

Request DefaultHttpRequest(decodeResult: success, version: HTTP/1.1)
POST /session/82c03992e8ad43a2b283997fe3744df2/element/f5b257d1-ee76-40d4-8ade-157ed13029f9/click HTTP/1.1
User-Agent: selenium/4.1.2 (java windows)
Content-Length: 50
Content-Type: application/json; charset=utf-8
host: localhost:64746
accept: */*

Response DefaultHttpResponse(decodeResult: success, version: HTTP/1.1)
HTTP/1.1 200 OK
Content-Type: application/json; charset=utf-8
cache-control: no-cache
content-length: 14

21:01:14.570 [AsyncHttpClient-1-9] DEBUG org.asynchttpclient.netty.channel.ChannelManager - Adding key: http://localhost:64746 for channel [id: 0xbe9396a9, L:/127.0.0.1:52872 - R:localhost/127.0.0.1:64746]
21:01:14.577 [Forwarding screenshot on session 82c03992e8ad43a2b283997fe3744df2 to remote] DEBUG org.asynchttpclient.netty.request.NettyRequestSender - Using pooled Channel '[id: 0xbe9396a9, L:/127.0.0.1:52872 - R:localhost/127.0.0.1:64746]' for 'GET' to 'http://localhost:64746/session/82c03992e8ad43a2b283997fe3744df2/screenshot'
21:01:14.577 [Forwarding screenshot on session 82c03992e8ad43a2b283997fe3744df2 to remote] DEBUG org.asynchttpclient.netty.request.NettyRequestSender - Using open Channel [id: 0xbe9396a9, L:/127.0.0.1:52872 - R:localhost/127.0.0.1:64746] for GET '/session/82c03992e8ad43a2b283997fe3744df2/screenshot'
21:01:14.777 [AsyncHttpClient-1-9] DEBUG org.asynchttpclient.netty.handler.HttpHandler - 

Request DefaultFullHttpRequest(decodeResult: success, version: HTTP/1.1, content: EmptyByteBufBE)
GET /session/82c03992e8ad43a2b283997fe3744df2/screenshot HTTP/1.1
User-Agent: selenium/4.1.2 (java windows)
Cache-Control: no-cache
Content-Type: application/json; charset=utf-8
host: localhost:64746
accept: */*

Response DefaultHttpResponse(decodeResult: success, version: HTTP/1.1)
HTTP/1.1 200 OK
Content-Type: application/json; charset=utf-8
cache-control: no-cache
content-length: 102216

21:01:14.778 [AsyncHttpClient-1-9] DEBUG org.asynchttpclient.netty.channel.ChannelManager - Adding key: http://localhost:64746 for channel [id: 0xbe9396a9, L:/127.0.0.1:52872 - R:localhost/127.0.0.1:64746]
21:01:15.294 [AsyncHttpClient-1-1] DEBUG org.asynchttpclient.netty.channel.DefaultChannelPool - Entry count for : http://localhost:64746 : 1
21:01:15.294 [AsyncHttpClient-1-1] DEBUG org.asynchttpclient.netty.channel.DefaultChannelPool - Entry count for : http://localhost:52873 : 1
21:01:15.300 [main] DEBUG net.serenitybdd.core.photography.Darkroom - Send negative for processing for target\site\serenity\46cf21c1b0aca1473ce720a41270864ee4d040d9ade67e4fccc82ac1eb1df58b.png
21:01:15.300 [main] DEBUG net.thucydides.core.steps.StepInterceptor - STEP DONE: clickItems2
21:01:15.300 [Darkroom Processing Line] DEBUG net.serenitybdd.core.photography.DarkroomProcessingLine - Processing screenshot image in /var/screenshots/screenshot-8678627675422690032
21:01:15.300 [Darkroom Processing Line] DEBUG net.serenitybdd.core.photography.DarkroomProcessingLine - Saving screenshot to target\site\serenity\46cf21c1b0aca1473ce720a41270864ee4d040d9ade67e4fccc82ac1eb1df58b.png
21:01:15.307 [main] DEBUG net.thucydides.core.steps.StepInterceptor - STARTING STEP: TransactionSteps.userClickItems - clickItems2
21:01:15.310 [Forwarding findElement on session 82c03992e8ad43a2b283997fe3744df2 to remote] DEBUG org.asynchttpclient.netty.request.NettyRequestSender - Using pooled Channel '[id: 0xbe9396a9, L:/127.0.0.1:52872 - R:localhost/127.0.0.1:64746]' for 'POST' to 'http://localhost:64746/session/82c03992e8ad43a2b283997fe3744df2/element'
21:01:15.310 [Forwarding findElement on session 82c03992e8ad43a2b283997fe3744df2 to remote] DEBUG org.asynchttpclient.netty.request.NettyRequestSender - Using open Channel [id: 0xbe9396a9, L:/127.0.0.1:52872 - R:localhost/127.0.0.1:64746] for POST '/session/82c03992e8ad43a2b283997fe3744df2/element'
21:01:15.323 [AsyncHttpClient-1-9] DEBUG org.asynchttpclient.netty.handler.HttpHandler - 

Request DefaultHttpRequest(decodeResult: success, version: HTTP/1.1)
POST /session/82c03992e8ad43a2b283997fe3744df2/element HTTP/1.1
User-Agent: selenium/4.1.2 (java windows)
Content-Length: 150
Content-Type: application/json; charset=utf-8
host: localhost:64746
accept: */*

Response DefaultHttpResponse(decodeResult: success, version: HTTP/1.1)
HTTP/1.1 200 OK
Content-Type: application/json; charset=utf-8
cache-control: no-cache
content-length: 88

21:01:15.324 [AsyncHttpClient-1-9] DEBUG org.asynchttpclient.netty.channel.ChannelManager - Adding key: http://localhost:64746 for channel [id: 0xbe9396a9, L:/127.0.0.1:52872 - R:localhost/127.0.0.1:64746]
21:01:15.325 [Forwarding getElementTagName on session 82c03992e8ad43a2b283997fe3744df2 to remote] DEBUG org.asynchttpclient.netty.request.NettyRequestSender - Using pooled Channel '[id: 0xbe9396a9, L:/127.0.0.1:52872 - R:localhost/127.0.0.1:64746]' for 'GET' to 'http://localhost:64746/session/82c03992e8ad43a2b283997fe3744df2/element/f5b257d1-ee76-40d4-8ade-157ed13029f9/name'
21:01:15.325 [Forwarding getElementTagName on session 82c03992e8ad43a2b283997fe3744df2 to remote] DEBUG org.asynchttpclient.netty.request.NettyRequestSender - Using open Channel [id: 0xbe9396a9, L:/127.0.0.1:52872 - R:localhost/127.0.0.1:64746] for GET '/session/82c03992e8ad43a2b283997fe3744df2/element/f5b257d1-ee76-40d4-8ade-157ed13029f9/name'
21:01:15.329 [AsyncHttpClient-1-9] DEBUG org.asynchttpclient.netty.handler.HttpHandler - 

Request DefaultFullHttpRequest(decodeResult: success, version: HTTP/1.1, content: EmptyByteBufBE)
GET /session/82c03992e8ad43a2b283997fe3744df2/element/f5b257d1-ee76-40d4-8ade-157ed13029f9/name HTTP/1.1
User-Agent: selenium/4.1.2 (java windows)
Cache-Control: no-cache
Content-Type: application/json; charset=utf-8
host: localhost:64746
accept: */*

Response DefaultHttpResponse(decodeResult: success, version: HTTP/1.1)
HTTP/1.1 200 OK
Content-Type: application/json; charset=utf-8
cache-control: no-cache
content-length: 18

21:01:15.329 [AsyncHttpClient-1-9] DEBUG org.asynchttpclient.netty.channel.ChannelManager - Adding key: http://localhost:64746 for channel [id: 0xbe9396a9, L:/127.0.0.1:52872 - R:localhost/127.0.0.1:64746]
21:01:15.331 [Forwarding getElementTagName on session 82c03992e8ad43a2b283997fe3744df2 to remote] DEBUG org.asynchttpclient.netty.request.NettyRequestSender - Using pooled Channel '[id: 0xbe9396a9, L:/127.0.0.1:52872 - R:localhost/127.0.0.1:64746]' for 'GET' to 'http://localhost:64746/session/82c03992e8ad43a2b283997fe3744df2/element/f5b257d1-ee76-40d4-8ade-157ed13029f9/name'
21:01:15.331 [Forwarding getElementTagName on session 82c03992e8ad43a2b283997fe3744df2 to remote] DEBUG org.asynchttpclient.netty.request.NettyRequestSender - Using open Channel [id: 0xbe9396a9, L:/127.0.0.1:52872 - R:localhost/127.0.0.1:64746] for GET '/session/82c03992e8ad43a2b283997fe3744df2/element/f5b257d1-ee76-40d4-8ade-157ed13029f9/name'
21:01:15.334 [AsyncHttpClient-1-9] DEBUG org.asynchttpclient.netty.handler.HttpHandler - 

Request DefaultFullHttpRequest(decodeResult: success, version: HTTP/1.1, content: EmptyByteBufBE)
GET /session/82c03992e8ad43a2b283997fe3744df2/element/f5b257d1-ee76-40d4-8ade-157ed13029f9/name HTTP/1.1
User-Agent: selenium/4.1.2 (java windows)
Cache-Control: no-cache
Content-Type: application/json; charset=utf-8
host: localhost:64746
accept: */*

Response DefaultHttpResponse(decodeResult: success, version: HTTP/1.1)
HTTP/1.1 200 OK
Content-Type: application/json; charset=utf-8
cache-control: no-cache
content-length: 18

21:01:15.334 [AsyncHttpClient-1-9] DEBUG org.asynchttpclient.netty.channel.ChannelManager - Adding key: http://localhost:64746 for channel [id: 0xbe9396a9, L:/127.0.0.1:52872 - R:localhost/127.0.0.1:64746]
21:01:15.337 [Forwarding isElementEnabled on session 82c03992e8ad43a2b283997fe3744df2 to remote] DEBUG org.asynchttpclient.netty.request.NettyRequestSender - Using pooled Channel '[id: 0xbe9396a9, L:/127.0.0.1:52872 - R:localhost/127.0.0.1:64746]' for 'GET' to 'http://localhost:64746/session/82c03992e8ad43a2b283997fe3744df2/element/f5b257d1-ee76-40d4-8ade-157ed13029f9/enabled'
21:01:15.337 [Forwarding isElementEnabled on session 82c03992e8ad43a2b283997fe3744df2 to remote] DEBUG org.asynchttpclient.netty.request.NettyRequestSender - Using open Channel [id: 0xbe9396a9, L:/127.0.0.1:52872 - R:localhost/127.0.0.1:64746] for GET '/session/82c03992e8ad43a2b283997fe3744df2/element/f5b257d1-ee76-40d4-8ade-157ed13029f9/enabled'
21:01:15.342 [AsyncHttpClient-1-9] DEBUG org.asynchttpclient.netty.handler.HttpHandler - 

Request DefaultFullHttpRequest(decodeResult: success, version: HTTP/1.1, content: EmptyByteBufBE)
GET /session/82c03992e8ad43a2b283997fe3744df2/element/f5b257d1-ee76-40d4-8ade-157ed13029f9/enabled HTTP/1.1
User-Agent: selenium/4.1.2 (java windows)
Cache-Control: no-cache
Content-Type: application/json; charset=utf-8
host: localhost:64746
accept: */*

Response DefaultHttpResponse(decodeResult: success, version: HTTP/1.1)
HTTP/1.1 200 OK
Content-Type: application/json; charset=utf-8
cache-control: no-cache
content-length: 14

21:01:15.343 [AsyncHttpClient-1-9] DEBUG org.asynchttpclient.netty.channel.ChannelManager - Adding key: http://localhost:64746 for channel [id: 0xbe9396a9, L:/127.0.0.1:52872 - R:localhost/127.0.0.1:64746]
21:01:15.344 [Forwarding isElementEnabled on session 82c03992e8ad43a2b283997fe3744df2 to remote] DEBUG org.asynchttpclient.netty.request.NettyRequestSender - Using pooled Channel '[id: 0xbe9396a9, L:/127.0.0.1:52872 - R:localhost/127.0.0.1:64746]' for 'GET' to 'http://localhost:64746/session/82c03992e8ad43a2b283997fe3744df2/element/f5b257d1-ee76-40d4-8ade-157ed13029f9/enabled'
21:01:15.344 [Forwarding isElementEnabled on session 82c03992e8ad43a2b283997fe3744df2 to remote] DEBUG org.asynchttpclient.netty.request.NettyRequestSender - Using open Channel [id: 0xbe9396a9, L:/127.0.0.1:52872 - R:localhost/127.0.0.1:64746] for GET '/session/82c03992e8ad43a2b283997fe3744df2/element/f5b257d1-ee76-40d4-8ade-157ed13029f9/enabled'
21:01:15.350 [AsyncHttpClient-1-9] DEBUG org.asynchttpclient.netty.handler.HttpHandler - 

Request DefaultFullHttpRequest(decodeResult: success, version: HTTP/1.1, content: EmptyByteBufBE)
GET /session/82c03992e8ad43a2b283997fe3744df2/element/f5b257d1-ee76-40d4-8ade-157ed13029f9/enabled HTTP/1.1
User-Agent: selenium/4.1.2 (java windows)
Cache-Control: no-cache
Content-Type: application/json; charset=utf-8
host: localhost:64746
accept: */*

Response DefaultHttpResponse(decodeResult: success, version: HTTP/1.1)
HTTP/1.1 200 OK
Content-Type: application/json; charset=utf-8
cache-control: no-cache
content-length: 14

21:01:15.351 [AsyncHttpClient-1-9] DEBUG org.asynchttpclient.netty.channel.ChannelManager - Adding key: http://localhost:64746 for channel [id: 0xbe9396a9, L:/127.0.0.1:52872 - R:localhost/127.0.0.1:64746]
21:01:15.353 [Forwarding findElement on session 82c03992e8ad43a2b283997fe3744df2 to remote] DEBUG org.asynchttpclient.netty.request.NettyRequestSender - Using pooled Channel '[id: 0xbe9396a9, L:/127.0.0.1:52872 - R:localhost/127.0.0.1:64746]' for 'POST' to 'http://localhost:64746/session/82c03992e8ad43a2b283997fe3744df2/element'
21:01:15.353 [Forwarding findElement on session 82c03992e8ad43a2b283997fe3744df2 to remote] DEBUG org.asynchttpclient.netty.request.NettyRequestSender - Using open Channel [id: 0xbe9396a9, L:/127.0.0.1:52872 - R:localhost/127.0.0.1:64746] for POST '/session/82c03992e8ad43a2b283997fe3744df2/element'
21:01:15.364 [AsyncHttpClient-1-9] DEBUG org.asynchttpclient.netty.handler.HttpHandler - 

Request DefaultHttpRequest(decodeResult: success, version: HTTP/1.1)
POST /session/82c03992e8ad43a2b283997fe3744df2/element HTTP/1.1
User-Agent: selenium/4.1.2 (java windows)
Content-Length: 150
Content-Type: application/json; charset=utf-8
host: localhost:64746
accept: */*

Response DefaultHttpResponse(decodeResult: success, version: HTTP/1.1)
HTTP/1.1 200 OK
Content-Type: application/json; charset=utf-8
cache-control: no-cache
content-length: 88

21:01:15.364 [AsyncHttpClient-1-9] DEBUG org.asynchttpclient.netty.channel.ChannelManager - Adding key: http://localhost:64746 for channel [id: 0xbe9396a9, L:/127.0.0.1:52872 - R:localhost/127.0.0.1:64746]
21:01:15.366 [Forwarding clickElement on session 82c03992e8ad43a2b283997fe3744df2 to remote] DEBUG org.asynchttpclient.netty.request.NettyRequestSender - Using pooled Channel '[id: 0xbe9396a9, L:/127.0.0.1:52872 - R:localhost/127.0.0.1:64746]' for 'POST' to 'http://localhost:64746/session/82c03992e8ad43a2b283997fe3744df2/element/f5b257d1-ee76-40d4-8ade-157ed13029f9/click'
21:01:15.366 [Forwarding clickElement on session 82c03992e8ad43a2b283997fe3744df2 to remote] DEBUG org.asynchttpclient.netty.request.NettyRequestSender - Using open Channel [id: 0xbe9396a9, L:/127.0.0.1:52872 - R:localhost/127.0.0.1:64746] for POST '/session/82c03992e8ad43a2b283997fe3744df2/element/f5b257d1-ee76-40d4-8ade-157ed13029f9/click'
21:01:15.434 [AsyncHttpClient-1-9] DEBUG org.asynchttpclient.netty.handler.HttpHandler - 

Request DefaultHttpRequest(decodeResult: success, version: HTTP/1.1)
POST /session/82c03992e8ad43a2b283997fe3744df2/element/f5b257d1-ee76-40d4-8ade-157ed13029f9/click HTTP/1.1
User-Agent: selenium/4.1.2 (java windows)
Content-Length: 50
Content-Type: application/json; charset=utf-8
host: localhost:64746
accept: */*

Response DefaultHttpResponse(decodeResult: success, version: HTTP/1.1)
HTTP/1.1 200 OK
Content-Type: application/json; charset=utf-8
cache-control: no-cache
content-length: 14

21:01:15.434 [AsyncHttpClient-1-9] DEBUG org.asynchttpclient.netty.channel.ChannelManager - Adding key: http://localhost:64746 for channel [id: 0xbe9396a9, L:/127.0.0.1:52872 - R:localhost/127.0.0.1:64746]
21:01:15.448 [Forwarding screenshot on session 82c03992e8ad43a2b283997fe3744df2 to remote] DEBUG org.asynchttpclient.netty.request.NettyRequestSender - Using pooled Channel '[id: 0xbe9396a9, L:/127.0.0.1:52872 - R:localhost/127.0.0.1:64746]' for 'GET' to 'http://localhost:64746/session/82c03992e8ad43a2b283997fe3744df2/screenshot'
21:01:15.448 [Forwarding screenshot on session 82c03992e8ad43a2b283997fe3744df2 to remote] DEBUG org.asynchttpclient.netty.request.NettyRequestSender - Using open Channel [id: 0xbe9396a9, L:/127.0.0.1:52872 - R:localhost/127.0.0.1:64746] for GET '/session/82c03992e8ad43a2b283997fe3744df2/screenshot'
21:01:15.746 [AsyncHttpClient-1-9] DEBUG org.asynchttpclient.netty.handler.HttpHandler - 

Request DefaultFullHttpRequest(decodeResult: success, version: HTTP/1.1, content: EmptyByteBufBE)
GET /session/82c03992e8ad43a2b283997fe3744df2/screenshot HTTP/1.1
User-Agent: selenium/4.1.2 (java windows)
Cache-Control: no-cache
Content-Type: application/json; charset=utf-8
host: localhost:64746
accept: */*

Response DefaultHttpResponse(decodeResult: success, version: HTTP/1.1)
HTTP/1.1 200 OK
Content-Type: application/json; charset=utf-8
cache-control: no-cache
content-length: 102004

21:01:15.747 [AsyncHttpClient-1-9] DEBUG org.asynchttpclient.netty.channel.ChannelManager - Adding key: http://localhost:64746 for channel [id: 0xbe9396a9, L:/127.0.0.1:52872 - R:localhost/127.0.0.1:64746]
21:01:15.754 [main] DEBUG net.serenitybdd.core.photography.Darkroom - Send negative for processing for target\site\serenity\29c478677e56baccb63a34f2ca654cd7e9fd75cc5a8fe90fceaeb929d030b0bd.png
21:01:15.754 [main] DEBUG net.thucydides.core.steps.StepInterceptor - STEP DONE: clickItems2
21:01:15.754 [Darkroom Processing Line] DEBUG net.serenitybdd.core.photography.DarkroomProcessingLine - Processing screenshot image in /var/screenshots/screenshot-6390521467313061751
21:01:15.754 [Darkroom Processing Line] DEBUG net.serenitybdd.core.photography.DarkroomProcessingLine - Saving screenshot to target\site\serenity\29c478677e56baccb63a34f2ca654cd7e9fd75cc5a8fe90fceaeb929d030b0bd.png
21:01:15.761 [main] DEBUG net.thucydides.core.steps.StepInterceptor - STARTING STEP: TransactionSteps.userClickItems - clickItems3
21:01:15.765 [Forwarding findElement on session 82c03992e8ad43a2b283997fe3744df2 to remote] DEBUG org.asynchttpclient.netty.request.NettyRequestSender - Using pooled Channel '[id: 0xbe9396a9, L:/127.0.0.1:52872 - R:localhost/127.0.0.1:64746]' for 'POST' to 'http://localhost:64746/session/82c03992e8ad43a2b283997fe3744df2/element'
21:01:15.765 [Forwarding findElement on session 82c03992e8ad43a2b283997fe3744df2 to remote] DEBUG org.asynchttpclient.netty.request.NettyRequestSender - Using open Channel [id: 0xbe9396a9, L:/127.0.0.1:52872 - R:localhost/127.0.0.1:64746] for POST '/session/82c03992e8ad43a2b283997fe3744df2/element'
21:01:15.788 [AsyncHttpClient-1-9] DEBUG org.asynchttpclient.netty.handler.HttpHandler - 

Request DefaultHttpRequest(decodeResult: success, version: HTTP/1.1)
POST /session/82c03992e8ad43a2b283997fe3744df2/element HTTP/1.1
User-Agent: selenium/4.1.2 (java windows)
Content-Length: 150
Content-Type: application/json; charset=utf-8
host: localhost:64746
accept: */*

Response DefaultHttpResponse(decodeResult: success, version: HTTP/1.1)
HTTP/1.1 200 OK
Content-Type: application/json; charset=utf-8
cache-control: no-cache
content-length: 88

21:01:15.788 [AsyncHttpClient-1-9] DEBUG org.asynchttpclient.netty.channel.ChannelManager - Adding key: http://localhost:64746 for channel [id: 0xbe9396a9, L:/127.0.0.1:52872 - R:localhost/127.0.0.1:64746]
21:01:15.790 [Forwarding getElementTagName on session 82c03992e8ad43a2b283997fe3744df2 to remote] DEBUG org.asynchttpclient.netty.request.NettyRequestSender - Using pooled Channel '[id: 0xbe9396a9, L:/127.0.0.1:52872 - R:localhost/127.0.0.1:64746]' for 'GET' to 'http://localhost:64746/session/82c03992e8ad43a2b283997fe3744df2/element/aa126a0b-c555-40d2-81ae-125b03e3c878/name'
21:01:15.790 [Forwarding getElementTagName on session 82c03992e8ad43a2b283997fe3744df2 to remote] DEBUG org.asynchttpclient.netty.request.NettyRequestSender - Using open Channel [id: 0xbe9396a9, L:/127.0.0.1:52872 - R:localhost/127.0.0.1:64746] for GET '/session/82c03992e8ad43a2b283997fe3744df2/element/aa126a0b-c555-40d2-81ae-125b03e3c878/name'
21:01:15.796 [AsyncHttpClient-1-9] DEBUG org.asynchttpclient.netty.handler.HttpHandler - 

Request DefaultFullHttpRequest(decodeResult: success, version: HTTP/1.1, content: EmptyByteBufBE)
GET /session/82c03992e8ad43a2b283997fe3744df2/element/aa126a0b-c555-40d2-81ae-125b03e3c878/name HTTP/1.1
User-Agent: selenium/4.1.2 (java windows)
Cache-Control: no-cache
Content-Type: application/json; charset=utf-8
host: localhost:64746
accept: */*

Response DefaultHttpResponse(decodeResult: success, version: HTTP/1.1)
HTTP/1.1 200 OK
Content-Type: application/json; charset=utf-8
cache-control: no-cache
content-length: 18

21:01:15.796 [AsyncHttpClient-1-9] DEBUG org.asynchttpclient.netty.channel.ChannelManager - Adding key: http://localhost:64746 for channel [id: 0xbe9396a9, L:/127.0.0.1:52872 - R:localhost/127.0.0.1:64746]
21:01:15.798 [Forwarding getElementTagName on session 82c03992e8ad43a2b283997fe3744df2 to remote] DEBUG org.asynchttpclient.netty.request.NettyRequestSender - Using pooled Channel '[id: 0xbe9396a9, L:/127.0.0.1:52872 - R:localhost/127.0.0.1:64746]' for 'GET' to 'http://localhost:64746/session/82c03992e8ad43a2b283997fe3744df2/element/aa126a0b-c555-40d2-81ae-125b03e3c878/name'
21:01:15.798 [Forwarding getElementTagName on session 82c03992e8ad43a2b283997fe3744df2 to remote] DEBUG org.asynchttpclient.netty.request.NettyRequestSender - Using open Channel [id: 0xbe9396a9, L:/127.0.0.1:52872 - R:localhost/127.0.0.1:64746] for GET '/session/82c03992e8ad43a2b283997fe3744df2/element/aa126a0b-c555-40d2-81ae-125b03e3c878/name'
21:01:15.802 [AsyncHttpClient-1-9] DEBUG org.asynchttpclient.netty.handler.HttpHandler - 

Request DefaultFullHttpRequest(decodeResult: success, version: HTTP/1.1, content: EmptyByteBufBE)
GET /session/82c03992e8ad43a2b283997fe3744df2/element/aa126a0b-c555-40d2-81ae-125b03e3c878/name HTTP/1.1
User-Agent: selenium/4.1.2 (java windows)
Cache-Control: no-cache
Content-Type: application/json; charset=utf-8
host: localhost:64746
accept: */*

Response DefaultHttpResponse(decodeResult: success, version: HTTP/1.1)
HTTP/1.1 200 OK
Content-Type: application/json; charset=utf-8
cache-control: no-cache
content-length: 18

21:01:15.802 [AsyncHttpClient-1-9] DEBUG org.asynchttpclient.netty.channel.ChannelManager - Adding key: http://localhost:64746 for channel [id: 0xbe9396a9, L:/127.0.0.1:52872 - R:localhost/127.0.0.1:64746]
21:01:15.805 [Forwarding isElementEnabled on session 82c03992e8ad43a2b283997fe3744df2 to remote] DEBUG org.asynchttpclient.netty.request.NettyRequestSender - Using pooled Channel '[id: 0xbe9396a9, L:/127.0.0.1:52872 - R:localhost/127.0.0.1:64746]' for 'GET' to 'http://localhost:64746/session/82c03992e8ad43a2b283997fe3744df2/element/aa126a0b-c555-40d2-81ae-125b03e3c878/enabled'
21:01:15.805 [Forwarding isElementEnabled on session 82c03992e8ad43a2b283997fe3744df2 to remote] DEBUG org.asynchttpclient.netty.request.NettyRequestSender - Using open Channel [id: 0xbe9396a9, L:/127.0.0.1:52872 - R:localhost/127.0.0.1:64746] for GET '/session/82c03992e8ad43a2b283997fe3744df2/element/aa126a0b-c555-40d2-81ae-125b03e3c878/enabled'
21:01:15.816 [AsyncHttpClient-1-9] DEBUG org.asynchttpclient.netty.handler.HttpHandler - 

Request DefaultFullHttpRequest(decodeResult: success, version: HTTP/1.1, content: EmptyByteBufBE)
GET /session/82c03992e8ad43a2b283997fe3744df2/element/aa126a0b-c555-40d2-81ae-125b03e3c878/enabled HTTP/1.1
User-Agent: selenium/4.1.2 (java windows)
Cache-Control: no-cache
Content-Type: application/json; charset=utf-8
host: localhost:64746
accept: */*

Response DefaultHttpResponse(decodeResult: success, version: HTTP/1.1)
HTTP/1.1 200 OK
Content-Type: application/json; charset=utf-8
cache-control: no-cache
content-length: 14

21:01:15.816 [AsyncHttpClient-1-9] DEBUG org.asynchttpclient.netty.channel.ChannelManager - Adding key: http://localhost:64746 for channel [id: 0xbe9396a9, L:/127.0.0.1:52872 - R:localhost/127.0.0.1:64746]
21:01:15.817 [Forwarding isElementEnabled on session 82c03992e8ad43a2b283997fe3744df2 to remote] DEBUG org.asynchttpclient.netty.request.NettyRequestSender - Using pooled Channel '[id: 0xbe9396a9, L:/127.0.0.1:52872 - R:localhost/127.0.0.1:64746]' for 'GET' to 'http://localhost:64746/session/82c03992e8ad43a2b283997fe3744df2/element/aa126a0b-c555-40d2-81ae-125b03e3c878/enabled'
21:01:15.817 [Forwarding isElementEnabled on session 82c03992e8ad43a2b283997fe3744df2 to remote] DEBUG org.asynchttpclient.netty.request.NettyRequestSender - Using open Channel [id: 0xbe9396a9, L:/127.0.0.1:52872 - R:localhost/127.0.0.1:64746] for GET '/session/82c03992e8ad43a2b283997fe3744df2/element/aa126a0b-c555-40d2-81ae-125b03e3c878/enabled'
21:01:15.823 [AsyncHttpClient-1-9] DEBUG org.asynchttpclient.netty.handler.HttpHandler - 

Request DefaultFullHttpRequest(decodeResult: success, version: HTTP/1.1, content: EmptyByteBufBE)
GET /session/82c03992e8ad43a2b283997fe3744df2/element/aa126a0b-c555-40d2-81ae-125b03e3c878/enabled HTTP/1.1
User-Agent: selenium/4.1.2 (java windows)
Cache-Control: no-cache
Content-Type: application/json; charset=utf-8
host: localhost:64746
accept: */*

Response DefaultHttpResponse(decodeResult: success, version: HTTP/1.1)
HTTP/1.1 200 OK
Content-Type: application/json; charset=utf-8
cache-control: no-cache
content-length: 14

21:01:15.823 [AsyncHttpClient-1-9] DEBUG org.asynchttpclient.netty.channel.ChannelManager - Adding key: http://localhost:64746 for channel [id: 0xbe9396a9, L:/127.0.0.1:52872 - R:localhost/127.0.0.1:64746]
21:01:15.825 [Forwarding findElement on session 82c03992e8ad43a2b283997fe3744df2 to remote] DEBUG org.asynchttpclient.netty.request.NettyRequestSender - Using pooled Channel '[id: 0xbe9396a9, L:/127.0.0.1:52872 - R:localhost/127.0.0.1:64746]' for 'POST' to 'http://localhost:64746/session/82c03992e8ad43a2b283997fe3744df2/element'
21:01:15.825 [Forwarding findElement on session 82c03992e8ad43a2b283997fe3744df2 to remote] DEBUG org.asynchttpclient.netty.request.NettyRequestSender - Using open Channel [id: 0xbe9396a9, L:/127.0.0.1:52872 - R:localhost/127.0.0.1:64746] for POST '/session/82c03992e8ad43a2b283997fe3744df2/element'
21:01:15.843 [AsyncHttpClient-1-9] DEBUG org.asynchttpclient.netty.handler.HttpHandler - 

Request DefaultHttpRequest(decodeResult: success, version: HTTP/1.1)
POST /session/82c03992e8ad43a2b283997fe3744df2/element HTTP/1.1
User-Agent: selenium/4.1.2 (java windows)
Content-Length: 150
Content-Type: application/json; charset=utf-8
host: localhost:64746
accept: */*

Response DefaultHttpResponse(decodeResult: success, version: HTTP/1.1)
HTTP/1.1 200 OK
Content-Type: application/json; charset=utf-8
cache-control: no-cache
content-length: 88

21:01:15.843 [AsyncHttpClient-1-9] DEBUG org.asynchttpclient.netty.channel.ChannelManager - Adding key: http://localhost:64746 for channel [id: 0xbe9396a9, L:/127.0.0.1:52872 - R:localhost/127.0.0.1:64746]
21:01:15.844 [Forwarding clickElement on session 82c03992e8ad43a2b283997fe3744df2 to remote] DEBUG org.asynchttpclient.netty.request.NettyRequestSender - Using pooled Channel '[id: 0xbe9396a9, L:/127.0.0.1:52872 - R:localhost/127.0.0.1:64746]' for 'POST' to 'http://localhost:64746/session/82c03992e8ad43a2b283997fe3744df2/element/aa126a0b-c555-40d2-81ae-125b03e3c878/click'
21:01:15.844 [Forwarding clickElement on session 82c03992e8ad43a2b283997fe3744df2 to remote] DEBUG org.asynchttpclient.netty.request.NettyRequestSender - Using open Channel [id: 0xbe9396a9, L:/127.0.0.1:52872 - R:localhost/127.0.0.1:64746] for POST '/session/82c03992e8ad43a2b283997fe3744df2/element/aa126a0b-c555-40d2-81ae-125b03e3c878/click'
21:01:15.950 [AsyncHttpClient-1-9] DEBUG org.asynchttpclient.netty.handler.HttpHandler - 

Request DefaultHttpRequest(decodeResult: success, version: HTTP/1.1)
POST /session/82c03992e8ad43a2b283997fe3744df2/element/aa126a0b-c555-40d2-81ae-125b03e3c878/click HTTP/1.1
User-Agent: selenium/4.1.2 (java windows)
Content-Length: 50
Content-Type: application/json; charset=utf-8
host: localhost:64746
accept: */*

Response DefaultHttpResponse(decodeResult: success, version: HTTP/1.1)
HTTP/1.1 200 OK
Content-Type: application/json; charset=utf-8
cache-control: no-cache
content-length: 14

21:01:15.950 [AsyncHttpClient-1-9] DEBUG org.asynchttpclient.netty.channel.ChannelManager - Adding key: http://localhost:64746 for channel [id: 0xbe9396a9, L:/127.0.0.1:52872 - R:localhost/127.0.0.1:64746]
21:01:15.958 [Forwarding screenshot on session 82c03992e8ad43a2b283997fe3744df2 to remote] DEBUG org.asynchttpclient.netty.request.NettyRequestSender - Using pooled Channel '[id: 0xbe9396a9, L:/127.0.0.1:52872 - R:localhost/127.0.0.1:64746]' for 'GET' to 'http://localhost:64746/session/82c03992e8ad43a2b283997fe3744df2/screenshot'
21:01:15.958 [Forwarding screenshot on session 82c03992e8ad43a2b283997fe3744df2 to remote] DEBUG org.asynchttpclient.netty.request.NettyRequestSender - Using open Channel [id: 0xbe9396a9, L:/127.0.0.1:52872 - R:localhost/127.0.0.1:64746] for GET '/session/82c03992e8ad43a2b283997fe3744df2/screenshot'
21:01:16.187 [AsyncHttpClient-1-9] DEBUG org.asynchttpclient.netty.handler.HttpHandler - 

Request DefaultFullHttpRequest(decodeResult: success, version: HTTP/1.1, content: EmptyByteBufBE)
GET /session/82c03992e8ad43a2b283997fe3744df2/screenshot HTTP/1.1
User-Agent: selenium/4.1.2 (java windows)
Cache-Control: no-cache
Content-Type: application/json; charset=utf-8
host: localhost:64746
accept: */*

Response DefaultHttpResponse(decodeResult: success, version: HTTP/1.1)
HTTP/1.1 200 OK
Content-Type: application/json; charset=utf-8
cache-control: no-cache
content-length: 102332

21:01:16.187 [AsyncHttpClient-1-9] DEBUG org.asynchttpclient.netty.channel.ChannelManager - Adding key: http://localhost:64746 for channel [id: 0xbe9396a9, L:/127.0.0.1:52872 - R:localhost/127.0.0.1:64746]
21:01:16.192 [main] DEBUG net.serenitybdd.core.photography.Darkroom - Send negative for processing for target\site\serenity\1efc7b3213273db96f8f7444aa3d72237680642e8ea7ccfe12f6be010828c1e2.png
21:01:16.193 [main] DEBUG net.thucydides.core.steps.StepInterceptor - STEP DONE: clickItems3
21:01:16.193 [Darkroom Processing Line] DEBUG net.serenitybdd.core.photography.DarkroomProcessingLine - Processing screenshot image in /var/screenshots/screenshot-4494422872789900057
21:01:16.193 [Darkroom Processing Line] DEBUG net.serenitybdd.core.photography.DarkroomProcessingLine - Saving screenshot to target\site\serenity\1efc7b3213273db96f8f7444aa3d72237680642e8ea7ccfe12f6be010828c1e2.png
21:01:16.200 [main] DEBUG net.thucydides.core.steps.StepInterceptor - STARTING STEP: TransactionSteps.userClickItems - clickItems3
21:01:16.203 [Forwarding findElement on session 82c03992e8ad43a2b283997fe3744df2 to remote] DEBUG org.asynchttpclient.netty.request.NettyRequestSender - Using pooled Channel '[id: 0xbe9396a9, L:/127.0.0.1:52872 - R:localhost/127.0.0.1:64746]' for 'POST' to 'http://localhost:64746/session/82c03992e8ad43a2b283997fe3744df2/element'
21:01:16.203 [Forwarding findElement on session 82c03992e8ad43a2b283997fe3744df2 to remote] DEBUG org.asynchttpclient.netty.request.NettyRequestSender - Using open Channel [id: 0xbe9396a9, L:/127.0.0.1:52872 - R:localhost/127.0.0.1:64746] for POST '/session/82c03992e8ad43a2b283997fe3744df2/element'
21:01:16.221 [AsyncHttpClient-1-9] DEBUG org.asynchttpclient.netty.handler.HttpHandler - 

Request DefaultHttpRequest(decodeResult: success, version: HTTP/1.1)
POST /session/82c03992e8ad43a2b283997fe3744df2/element HTTP/1.1
User-Agent: selenium/4.1.2 (java windows)
Content-Length: 150
Content-Type: application/json; charset=utf-8
host: localhost:64746
accept: */*

Response DefaultHttpResponse(decodeResult: success, version: HTTP/1.1)
HTTP/1.1 200 OK
Content-Type: application/json; charset=utf-8
cache-control: no-cache
content-length: 88

21:01:16.221 [AsyncHttpClient-1-9] DEBUG org.asynchttpclient.netty.channel.ChannelManager - Adding key: http://localhost:64746 for channel [id: 0xbe9396a9, L:/127.0.0.1:52872 - R:localhost/127.0.0.1:64746]
21:01:16.223 [Forwarding getElementTagName on session 82c03992e8ad43a2b283997fe3744df2 to remote] DEBUG org.asynchttpclient.netty.request.NettyRequestSender - Using pooled Channel '[id: 0xbe9396a9, L:/127.0.0.1:52872 - R:localhost/127.0.0.1:64746]' for 'GET' to 'http://localhost:64746/session/82c03992e8ad43a2b283997fe3744df2/element/aa126a0b-c555-40d2-81ae-125b03e3c878/name'
21:01:16.223 [Forwarding getElementTagName on session 82c03992e8ad43a2b283997fe3744df2 to remote] DEBUG org.asynchttpclient.netty.request.NettyRequestSender - Using open Channel [id: 0xbe9396a9, L:/127.0.0.1:52872 - R:localhost/127.0.0.1:64746] for GET '/session/82c03992e8ad43a2b283997fe3744df2/element/aa126a0b-c555-40d2-81ae-125b03e3c878/name'
21:01:16.227 [AsyncHttpClient-1-9] DEBUG org.asynchttpclient.netty.handler.HttpHandler - 

Request DefaultFullHttpRequest(decodeResult: success, version: HTTP/1.1, content: EmptyByteBufBE)
GET /session/82c03992e8ad43a2b283997fe3744df2/element/aa126a0b-c555-40d2-81ae-125b03e3c878/name HTTP/1.1
User-Agent: selenium/4.1.2 (java windows)
Cache-Control: no-cache
Content-Type: application/json; charset=utf-8
host: localhost:64746
accept: */*

Response DefaultHttpResponse(decodeResult: success, version: HTTP/1.1)
HTTP/1.1 200 OK
Content-Type: application/json; charset=utf-8
cache-control: no-cache
content-length: 18

21:01:16.228 [AsyncHttpClient-1-9] DEBUG org.asynchttpclient.netty.channel.ChannelManager - Adding key: http://localhost:64746 for channel [id: 0xbe9396a9, L:/127.0.0.1:52872 - R:localhost/127.0.0.1:64746]
21:01:16.229 [Forwarding getElementTagName on session 82c03992e8ad43a2b283997fe3744df2 to remote] DEBUG org.asynchttpclient.netty.request.NettyRequestSender - Using pooled Channel '[id: 0xbe9396a9, L:/127.0.0.1:52872 - R:localhost/127.0.0.1:64746]' for 'GET' to 'http://localhost:64746/session/82c03992e8ad43a2b283997fe3744df2/element/aa126a0b-c555-40d2-81ae-125b03e3c878/name'
21:01:16.229 [Forwarding getElementTagName on session 82c03992e8ad43a2b283997fe3744df2 to remote] DEBUG org.asynchttpclient.netty.request.NettyRequestSender - Using open Channel [id: 0xbe9396a9, L:/127.0.0.1:52872 - R:localhost/127.0.0.1:64746] for GET '/session/82c03992e8ad43a2b283997fe3744df2/element/aa126a0b-c555-40d2-81ae-125b03e3c878/name'
21:01:16.233 [AsyncHttpClient-1-9] DEBUG org.asynchttpclient.netty.handler.HttpHandler - 

Request DefaultFullHttpRequest(decodeResult: success, version: HTTP/1.1, content: EmptyByteBufBE)
GET /session/82c03992e8ad43a2b283997fe3744df2/element/aa126a0b-c555-40d2-81ae-125b03e3c878/name HTTP/1.1
User-Agent: selenium/4.1.2 (java windows)
Cache-Control: no-cache
Content-Type: application/json; charset=utf-8
host: localhost:64746
accept: */*

Response DefaultHttpResponse(decodeResult: success, version: HTTP/1.1)
HTTP/1.1 200 OK
Content-Type: application/json; charset=utf-8
cache-control: no-cache
content-length: 18

21:01:16.233 [AsyncHttpClient-1-9] DEBUG org.asynchttpclient.netty.channel.ChannelManager - Adding key: http://localhost:64746 for channel [id: 0xbe9396a9, L:/127.0.0.1:52872 - R:localhost/127.0.0.1:64746]
21:01:16.236 [Forwarding isElementEnabled on session 82c03992e8ad43a2b283997fe3744df2 to remote] DEBUG org.asynchttpclient.netty.request.NettyRequestSender - Using pooled Channel '[id: 0xbe9396a9, L:/127.0.0.1:52872 - R:localhost/127.0.0.1:64746]' for 'GET' to 'http://localhost:64746/session/82c03992e8ad43a2b283997fe3744df2/element/aa126a0b-c555-40d2-81ae-125b03e3c878/enabled'
21:01:16.236 [Forwarding isElementEnabled on session 82c03992e8ad43a2b283997fe3744df2 to remote] DEBUG org.asynchttpclient.netty.request.NettyRequestSender - Using open Channel [id: 0xbe9396a9, L:/127.0.0.1:52872 - R:localhost/127.0.0.1:64746] for GET '/session/82c03992e8ad43a2b283997fe3744df2/element/aa126a0b-c555-40d2-81ae-125b03e3c878/enabled'
21:01:16.244 [AsyncHttpClient-1-9] DEBUG org.asynchttpclient.netty.handler.HttpHandler - 

Request DefaultFullHttpRequest(decodeResult: success, version: HTTP/1.1, content: EmptyByteBufBE)
GET /session/82c03992e8ad43a2b283997fe3744df2/element/aa126a0b-c555-40d2-81ae-125b03e3c878/enabled HTTP/1.1
User-Agent: selenium/4.1.2 (java windows)
Cache-Control: no-cache
Content-Type: application/json; charset=utf-8
host: localhost:64746
accept: */*

Response DefaultHttpResponse(decodeResult: success, version: HTTP/1.1)
HTTP/1.1 200 OK
Content-Type: application/json; charset=utf-8
cache-control: no-cache
content-length: 14

21:01:16.244 [AsyncHttpClient-1-9] DEBUG org.asynchttpclient.netty.channel.ChannelManager - Adding key: http://localhost:64746 for channel [id: 0xbe9396a9, L:/127.0.0.1:52872 - R:localhost/127.0.0.1:64746]
21:01:16.246 [Forwarding isElementEnabled on session 82c03992e8ad43a2b283997fe3744df2 to remote] DEBUG org.asynchttpclient.netty.request.NettyRequestSender - Using pooled Channel '[id: 0xbe9396a9, L:/127.0.0.1:52872 - R:localhost/127.0.0.1:64746]' for 'GET' to 'http://localhost:64746/session/82c03992e8ad43a2b283997fe3744df2/element/aa126a0b-c555-40d2-81ae-125b03e3c878/enabled'
21:01:16.246 [Forwarding isElementEnabled on session 82c03992e8ad43a2b283997fe3744df2 to remote] DEBUG org.asynchttpclient.netty.request.NettyRequestSender - Using open Channel [id: 0xbe9396a9, L:/127.0.0.1:52872 - R:localhost/127.0.0.1:64746] for GET '/session/82c03992e8ad43a2b283997fe3744df2/element/aa126a0b-c555-40d2-81ae-125b03e3c878/enabled'
21:01:16.252 [AsyncHttpClient-1-9] DEBUG org.asynchttpclient.netty.handler.HttpHandler - 

Request DefaultFullHttpRequest(decodeResult: success, version: HTTP/1.1, content: EmptyByteBufBE)
GET /session/82c03992e8ad43a2b283997fe3744df2/element/aa126a0b-c555-40d2-81ae-125b03e3c878/enabled HTTP/1.1
User-Agent: selenium/4.1.2 (java windows)
Cache-Control: no-cache
Content-Type: application/json; charset=utf-8
host: localhost:64746
accept: */*

Response DefaultHttpResponse(decodeResult: success, version: HTTP/1.1)
HTTP/1.1 200 OK
Content-Type: application/json; charset=utf-8
cache-control: no-cache
content-length: 14

21:01:16.252 [AsyncHttpClient-1-9] DEBUG org.asynchttpclient.netty.channel.ChannelManager - Adding key: http://localhost:64746 for channel [id: 0xbe9396a9, L:/127.0.0.1:52872 - R:localhost/127.0.0.1:64746]
21:01:16.254 [Forwarding findElement on session 82c03992e8ad43a2b283997fe3744df2 to remote] DEBUG org.asynchttpclient.netty.request.NettyRequestSender - Using pooled Channel '[id: 0xbe9396a9, L:/127.0.0.1:52872 - R:localhost/127.0.0.1:64746]' for 'POST' to 'http://localhost:64746/session/82c03992e8ad43a2b283997fe3744df2/element'
21:01:16.254 [Forwarding findElement on session 82c03992e8ad43a2b283997fe3744df2 to remote] DEBUG org.asynchttpclient.netty.request.NettyRequestSender - Using open Channel [id: 0xbe9396a9, L:/127.0.0.1:52872 - R:localhost/127.0.0.1:64746] for POST '/session/82c03992e8ad43a2b283997fe3744df2/element'
21:01:16.268 [AsyncHttpClient-1-9] DEBUG org.asynchttpclient.netty.handler.HttpHandler - 

Request DefaultHttpRequest(decodeResult: success, version: HTTP/1.1)
POST /session/82c03992e8ad43a2b283997fe3744df2/element HTTP/1.1
User-Agent: selenium/4.1.2 (java windows)
Content-Length: 150
Content-Type: application/json; charset=utf-8
host: localhost:64746
accept: */*

Response DefaultHttpResponse(decodeResult: success, version: HTTP/1.1)
HTTP/1.1 200 OK
Content-Type: application/json; charset=utf-8
cache-control: no-cache
content-length: 88

21:01:16.268 [AsyncHttpClient-1-9] DEBUG org.asynchttpclient.netty.channel.ChannelManager - Adding key: http://localhost:64746 for channel [id: 0xbe9396a9, L:/127.0.0.1:52872 - R:localhost/127.0.0.1:64746]
21:01:16.269 [Forwarding clickElement on session 82c03992e8ad43a2b283997fe3744df2 to remote] DEBUG org.asynchttpclient.netty.request.NettyRequestSender - Using pooled Channel '[id: 0xbe9396a9, L:/127.0.0.1:52872 - R:localhost/127.0.0.1:64746]' for 'POST' to 'http://localhost:64746/session/82c03992e8ad43a2b283997fe3744df2/element/aa126a0b-c555-40d2-81ae-125b03e3c878/click'
21:01:16.270 [Forwarding clickElement on session 82c03992e8ad43a2b283997fe3744df2 to remote] DEBUG org.asynchttpclient.netty.request.NettyRequestSender - Using open Channel [id: 0xbe9396a9, L:/127.0.0.1:52872 - R:localhost/127.0.0.1:64746] for POST '/session/82c03992e8ad43a2b283997fe3744df2/element/aa126a0b-c555-40d2-81ae-125b03e3c878/click'
21:01:16.357 [AsyncHttpClient-1-9] DEBUG org.asynchttpclient.netty.handler.HttpHandler - 

Request DefaultHttpRequest(decodeResult: success, version: HTTP/1.1)
POST /session/82c03992e8ad43a2b283997fe3744df2/element/aa126a0b-c555-40d2-81ae-125b03e3c878/click HTTP/1.1
User-Agent: selenium/4.1.2 (java windows)
Content-Length: 50
Content-Type: application/json; charset=utf-8
host: localhost:64746
accept: */*

Response DefaultHttpResponse(decodeResult: success, version: HTTP/1.1)
HTTP/1.1 200 OK
Content-Type: application/json; charset=utf-8
cache-control: no-cache
content-length: 14

21:01:16.358 [AsyncHttpClient-1-9] DEBUG org.asynchttpclient.netty.channel.ChannelManager - Adding key: http://localhost:64746 for channel [id: 0xbe9396a9, L:/127.0.0.1:52872 - R:localhost/127.0.0.1:64746]
21:01:16.364 [Forwarding screenshot on session 82c03992e8ad43a2b283997fe3744df2 to remote] DEBUG org.asynchttpclient.netty.request.NettyRequestSender - Using pooled Channel '[id: 0xbe9396a9, L:/127.0.0.1:52872 - R:localhost/127.0.0.1:64746]' for 'GET' to 'http://localhost:64746/session/82c03992e8ad43a2b283997fe3744df2/screenshot'
21:01:16.365 [Forwarding screenshot on session 82c03992e8ad43a2b283997fe3744df2 to remote] DEBUG org.asynchttpclient.netty.request.NettyRequestSender - Using open Channel [id: 0xbe9396a9, L:/127.0.0.1:52872 - R:localhost/127.0.0.1:64746] for GET '/session/82c03992e8ad43a2b283997fe3744df2/screenshot'
21:01:16.403 [AsyncHttpClient-1-1] DEBUG org.asynchttpclient.netty.channel.DefaultChannelPool - Entry count for : http://localhost:52873 : 1
21:01:16.595 [AsyncHttpClient-1-9] DEBUG org.asynchttpclient.netty.handler.HttpHandler - 

Request DefaultFullHttpRequest(decodeResult: success, version: HTTP/1.1, content: EmptyByteBufBE)
GET /session/82c03992e8ad43a2b283997fe3744df2/screenshot HTTP/1.1
User-Agent: selenium/4.1.2 (java windows)
Cache-Control: no-cache
Content-Type: application/json; charset=utf-8
host: localhost:64746
accept: */*

Response DefaultHttpResponse(decodeResult: success, version: HTTP/1.1)
HTTP/1.1 200 OK
Content-Type: application/json; charset=utf-8
cache-control: no-cache
content-length: 102036

21:01:16.596 [AsyncHttpClient-1-9] DEBUG org.asynchttpclient.netty.channel.ChannelManager - Adding key: http://localhost:64746 for channel [id: 0xbe9396a9, L:/127.0.0.1:52872 - R:localhost/127.0.0.1:64746]
21:01:16.602 [main] DEBUG net.serenitybdd.core.photography.Darkroom - Send negative for processing for target\site\serenity\ffecced8328d32d5616b5f10d646dba189addc5663e53e3bd8a80381e734ef0e.png
21:01:16.602 [main] DEBUG net.thucydides.core.steps.StepInterceptor - STEP DONE: clickItems3
  &amp#27;[32mWhen &amp#27;[0m&amp#27;[32muser click items&amp#27;[0m                       &amp#27;[90m# starter.stepdefenitions.TransactionSteps.userClickItems()&amp#27;[0m
21:01:16.602 [Darkroom Processing Line] DEBUG net.serenitybdd.core.photography.DarkroomProcessingLine - Processing screenshot image in /var/screenshots/screenshot-3793642109532103858
21:01:16.602 [Darkroom Processing Line] DEBUG net.serenitybdd.core.photography.DarkroomProcessingLine - Saving screenshot to target\site\serenity\ffecced8328d32d5616b5f10d646dba189addc5663e53e3bd8a80381e734ef0e.png
21:01:16.617 [main] DEBUG net.thucydides.core.steps.StepInterceptor - STARTING STEP: ProductSteps.userSuccessToBuyItems - clickIconBasket
21:01:16.621 [Forwarding findElement on session 82c03992e8ad43a2b283997fe3744df2 to remote] DEBUG org.asynchttpclient.netty.request.NettyRequestSender - Using pooled Channel '[id: 0xbe9396a9, L:/127.0.0.1:52872 - R:localhost/127.0.0.1:64746]' for 'POST' to 'http://localhost:64746/session/82c03992e8ad43a2b283997fe3744df2/element'
21:01:16.621 [Forwarding findElement on session 82c03992e8ad43a2b283997fe3744df2 to remote] DEBUG org.asynchttpclient.netty.request.NettyRequestSender - Using open Channel [id: 0xbe9396a9, L:/127.0.0.1:52872 - R:localhost/127.0.0.1:64746] for POST '/session/82c03992e8ad43a2b283997fe3744df2/element'
21:01:16.639 [AsyncHttpClient-1-9] DEBUG org.asynchttpclient.netty.handler.HttpHandler - 

Request DefaultHttpRequest(decodeResult: success, version: HTTP/1.1)
POST /session/82c03992e8ad43a2b283997fe3744df2/element HTTP/1.1
User-Agent: selenium/4.1.2 (java windows)
Content-Length: 129
Content-Type: application/json; charset=utf-8
host: localhost:64746
accept: */*

Response DefaultHttpResponse(decodeResult: success, version: HTTP/1.1)
HTTP/1.1 200 OK
Content-Type: application/json; charset=utf-8
cache-control: no-cache
content-length: 88

21:01:16.639 [AsyncHttpClient-1-9] DEBUG org.asynchttpclient.netty.channel.ChannelManager - Adding key: http://localhost:64746 for channel [id: 0xbe9396a9, L:/127.0.0.1:52872 - R:localhost/127.0.0.1:64746]
21:01:16.641 [Forwarding getElementTagName on session 82c03992e8ad43a2b283997fe3744df2 to remote] DEBUG org.asynchttpclient.netty.request.NettyRequestSender - Using pooled Channel '[id: 0xbe9396a9, L:/127.0.0.1:52872 - R:localhost/127.0.0.1:64746]' for 'GET' to 'http://localhost:64746/session/82c03992e8ad43a2b283997fe3744df2/element/9887ebdc-19b1-4b69-8012-68efda0390c4/name'
21:01:16.641 [Forwarding getElementTagName on session 82c03992e8ad43a2b283997fe3744df2 to remote] DEBUG org.asynchttpclient.netty.request.NettyRequestSender - Using open Channel [id: 0xbe9396a9, L:/127.0.0.1:52872 - R:localhost/127.0.0.1:64746] for GET '/session/82c03992e8ad43a2b283997fe3744df2/element/9887ebdc-19b1-4b69-8012-68efda0390c4/name'
21:01:16.645 [AsyncHttpClient-1-9] DEBUG org.asynchttpclient.netty.handler.HttpHandler - 

Request DefaultFullHttpRequest(decodeResult: success, version: HTTP/1.1, content: EmptyByteBufBE)
GET /session/82c03992e8ad43a2b283997fe3744df2/element/9887ebdc-19b1-4b69-8012-68efda0390c4/name HTTP/1.1
User-Agent: selenium/4.1.2 (java windows)
Cache-Control: no-cache
Content-Type: application/json; charset=utf-8
host: localhost:64746
accept: */*

Response DefaultHttpResponse(decodeResult: success, version: HTTP/1.1)
HTTP/1.1 200 OK
Content-Type: application/json; charset=utf-8
cache-control: no-cache
content-length: 18

21:01:16.645 [AsyncHttpClient-1-9] DEBUG org.asynchttpclient.netty.channel.ChannelManager - Adding key: http://localhost:64746 for channel [id: 0xbe9396a9, L:/127.0.0.1:52872 - R:localhost/127.0.0.1:64746]
21:01:16.647 [Forwarding getElementTagName on session 82c03992e8ad43a2b283997fe3744df2 to remote] DEBUG org.asynchttpclient.netty.request.NettyRequestSender - Using pooled Channel '[id: 0xbe9396a9, L:/127.0.0.1:52872 - R:localhost/127.0.0.1:64746]' for 'GET' to 'http://localhost:64746/session/82c03992e8ad43a2b283997fe3744df2/element/9887ebdc-19b1-4b69-8012-68efda0390c4/name'
21:01:16.647 [Forwarding getElementTagName on session 82c03992e8ad43a2b283997fe3744df2 to remote] DEBUG org.asynchttpclient.netty.request.NettyRequestSender - Using open Channel [id: 0xbe9396a9, L:/127.0.0.1:52872 - R:localhost/127.0.0.1:64746] for GET '/session/82c03992e8ad43a2b283997fe3744df2/element/9887ebdc-19b1-4b69-8012-68efda0390c4/name'
21:01:16.650 [AsyncHttpClient-1-9] DEBUG org.asynchttpclient.netty.handler.HttpHandler - 

Request DefaultFullHttpRequest(decodeResult: success, version: HTTP/1.1, content: EmptyByteBufBE)
GET /session/82c03992e8ad43a2b283997fe3744df2/element/9887ebdc-19b1-4b69-8012-68efda0390c4/name HTTP/1.1
User-Agent: selenium/4.1.2 (java windows)
Cache-Control: no-cache
Content-Type: application/json; charset=utf-8
host: localhost:64746
accept: */*

Response DefaultHttpResponse(decodeResult: success, version: HTTP/1.1)
HTTP/1.1 200 OK
Content-Type: application/json; charset=utf-8
cache-control: no-cache
content-length: 18

21:01:16.650 [AsyncHttpClient-1-9] DEBUG org.asynchttpclient.netty.channel.ChannelManager - Adding key: http://localhost:64746 for channel [id: 0xbe9396a9, L:/127.0.0.1:52872 - R:localhost/127.0.0.1:64746]
21:01:16.652 [Forwarding isElementEnabled on session 82c03992e8ad43a2b283997fe3744df2 to remote] DEBUG org.asynchttpclient.netty.request.NettyRequestSender - Using pooled Channel '[id: 0xbe9396a9, L:/127.0.0.1:52872 - R:localhost/127.0.0.1:64746]' for 'GET' to 'http://localhost:64746/session/82c03992e8ad43a2b283997fe3744df2/element/9887ebdc-19b1-4b69-8012-68efda0390c4/enabled'
21:01:16.652 [Forwarding isElementEnabled on session 82c03992e8ad43a2b283997fe3744df2 to remote] DEBUG org.asynchttpclient.netty.request.NettyRequestSender - Using open Channel [id: 0xbe9396a9, L:/127.0.0.1:52872 - R:localhost/127.0.0.1:64746] for GET '/session/82c03992e8ad43a2b283997fe3744df2/element/9887ebdc-19b1-4b69-8012-68efda0390c4/enabled'
21:01:16.662 [AsyncHttpClient-1-9] DEBUG org.asynchttpclient.netty.handler.HttpHandler - 

Request DefaultFullHttpRequest(decodeResult: success, version: HTTP/1.1, content: EmptyByteBufBE)
GET /session/82c03992e8ad43a2b283997fe3744df2/element/9887ebdc-19b1-4b69-8012-68efda0390c4/enabled HTTP/1.1
User-Agent: selenium/4.1.2 (java windows)
Cache-Control: no-cache
Content-Type: application/json; charset=utf-8
host: localhost:64746
accept: */*

Response DefaultHttpResponse(decodeResult: success, version: HTTP/1.1)
HTTP/1.1 200 OK
Content-Type: application/json; charset=utf-8
cache-control: no-cache
content-length: 14

21:01:16.662 [AsyncHttpClient-1-9] DEBUG org.asynchttpclient.netty.channel.ChannelManager - Adding key: http://localhost:64746 for channel [id: 0xbe9396a9, L:/127.0.0.1:52872 - R:localhost/127.0.0.1:64746]
21:01:16.663 [Forwarding isElementEnabled on session 82c03992e8ad43a2b283997fe3744df2 to remote] DEBUG org.asynchttpclient.netty.request.NettyRequestSender - Using pooled Channel '[id: 0xbe9396a9, L:/127.0.0.1:52872 - R:localhost/127.0.0.1:64746]' for 'GET' to 'http://localhost:64746/session/82c03992e8ad43a2b283997fe3744df2/element/9887ebdc-19b1-4b69-8012-68efda0390c4/enabled'
21:01:16.663 [Forwarding isElementEnabled on session 82c03992e8ad43a2b283997fe3744df2 to remote] DEBUG org.asynchttpclient.netty.request.NettyRequestSender - Using open Channel [id: 0xbe9396a9, L:/127.0.0.1:52872 - R:localhost/127.0.0.1:64746] for GET '/session/82c03992e8ad43a2b283997fe3744df2/element/9887ebdc-19b1-4b69-8012-68efda0390c4/enabled'
21:01:16.669 [AsyncHttpClient-1-9] DEBUG org.asynchttpclient.netty.handler.HttpHandler - 

Request DefaultFullHttpRequest(decodeResult: success, version: HTTP/1.1, content: EmptyByteBufBE)
GET /session/82c03992e8ad43a2b283997fe3744df2/element/9887ebdc-19b1-4b69-8012-68efda0390c4/enabled HTTP/1.1
User-Agent: selenium/4.1.2 (java windows)
Cache-Control: no-cache
Content-Type: application/json; charset=utf-8
host: localhost:64746
accept: */*

Response DefaultHttpResponse(decodeResult: success, version: HTTP/1.1)
HTTP/1.1 200 OK
Content-Type: application/json; charset=utf-8
cache-control: no-cache
content-length: 14

21:01:16.669 [AsyncHttpClient-1-9] DEBUG org.asynchttpclient.netty.channel.ChannelManager - Adding key: http://localhost:64746 for channel [id: 0xbe9396a9, L:/127.0.0.1:52872 - R:localhost/127.0.0.1:64746]
21:01:16.671 [Forwarding findElement on session 82c03992e8ad43a2b283997fe3744df2 to remote] DEBUG org.asynchttpclient.netty.request.NettyRequestSender - Using pooled Channel '[id: 0xbe9396a9, L:/127.0.0.1:52872 - R:localhost/127.0.0.1:64746]' for 'POST' to 'http://localhost:64746/session/82c03992e8ad43a2b283997fe3744df2/element'
21:01:16.671 [Forwarding findElement on session 82c03992e8ad43a2b283997fe3744df2 to remote] DEBUG org.asynchttpclient.netty.request.NettyRequestSender - Using open Channel [id: 0xbe9396a9, L:/127.0.0.1:52872 - R:localhost/127.0.0.1:64746] for POST '/session/82c03992e8ad43a2b283997fe3744df2/element'
21:01:16.684 [AsyncHttpClient-1-9] DEBUG org.asynchttpclient.netty.handler.HttpHandler - 

Request DefaultHttpRequest(decodeResult: success, version: HTTP/1.1)
POST /session/82c03992e8ad43a2b283997fe3744df2/element HTTP/1.1
User-Agent: selenium/4.1.2 (java windows)
Content-Length: 129
Content-Type: application/json; charset=utf-8
host: localhost:64746
accept: */*

Response DefaultHttpResponse(decodeResult: success, version: HTTP/1.1)
HTTP/1.1 200 OK
Content-Type: application/json; charset=utf-8
cache-control: no-cache
content-length: 88

21:01:16.684 [AsyncHttpClient-1-9] DEBUG org.asynchttpclient.netty.channel.ChannelManager - Adding key: http://localhost:64746 for channel [id: 0xbe9396a9, L:/127.0.0.1:52872 - R:localhost/127.0.0.1:64746]
21:01:16.685 [Forwarding clickElement on session 82c03992e8ad43a2b283997fe3744df2 to remote] DEBUG org.asynchttpclient.netty.request.NettyRequestSender - Using pooled Channel '[id: 0xbe9396a9, L:/127.0.0.1:52872 - R:localhost/127.0.0.1:64746]' for 'POST' to 'http://localhost:64746/session/82c03992e8ad43a2b283997fe3744df2/element/9887ebdc-19b1-4b69-8012-68efda0390c4/click'
21:01:16.685 [Forwarding clickElement on session 82c03992e8ad43a2b283997fe3744df2 to remote] DEBUG org.asynchttpclient.netty.request.NettyRequestSender - Using open Channel [id: 0xbe9396a9, L:/127.0.0.1:52872 - R:localhost/127.0.0.1:64746] for POST '/session/82c03992e8ad43a2b283997fe3744df2/element/9887ebdc-19b1-4b69-8012-68efda0390c4/click'
21:01:16.736 [AsyncHttpClient-1-9] DEBUG org.asynchttpclient.netty.handler.HttpHandler - 

Request DefaultHttpRequest(decodeResult: success, version: HTTP/1.1)
POST /session/82c03992e8ad43a2b283997fe3744df2/element/9887ebdc-19b1-4b69-8012-68efda0390c4/click HTTP/1.1
User-Agent: selenium/4.1.2 (java windows)
Content-Length: 50
Content-Type: application/json; charset=utf-8
host: localhost:64746
accept: */*

Response DefaultHttpResponse(decodeResult: success, version: HTTP/1.1)
HTTP/1.1 200 OK
Content-Type: application/json; charset=utf-8
cache-control: no-cache
content-length: 14

21:01:16.736 [AsyncHttpClient-1-9] DEBUG org.asynchttpclient.netty.channel.ChannelManager - Adding key: http://localhost:64746 for channel [id: 0xbe9396a9, L:/127.0.0.1:52872 - R:localhost/127.0.0.1:64746]
21:01:16.744 [Forwarding screenshot on session 82c03992e8ad43a2b283997fe3744df2 to remote] DEBUG org.asynchttpclient.netty.request.NettyRequestSender - Using pooled Channel '[id: 0xbe9396a9, L:/127.0.0.1:52872 - R:localhost/127.0.0.1:64746]' for 'GET' to 'http://localhost:64746/session/82c03992e8ad43a2b283997fe3744df2/screenshot'
21:01:16.744 [Forwarding screenshot on session 82c03992e8ad43a2b283997fe3744df2 to remote] DEBUG org.asynchttpclient.netty.request.NettyRequestSender - Using open Channel [id: 0xbe9396a9, L:/127.0.0.1:52872 - R:localhost/127.0.0.1:64746] for GET '/session/82c03992e8ad43a2b283997fe3744df2/screenshot'
21:01:17.331 [AsyncHttpClient-1-9] DEBUG org.asynchttpclient.netty.handler.HttpHandler - 

Request DefaultFullHttpRequest(decodeResult: success, version: HTTP/1.1, content: EmptyByteBufBE)
GET /session/82c03992e8ad43a2b283997fe3744df2/screenshot HTTP/1.1
User-Agent: selenium/4.1.2 (java windows)
Cache-Control: no-cache
Content-Type: application/json; charset=utf-8
host: localhost:64746
accept: */*

Response DefaultHttpResponse(decodeResult: success, version: HTTP/1.1)
HTTP/1.1 200 OK
Content-Type: application/json; charset=utf-8
cache-control: no-cache
content-length: 47828

21:01:17.332 [AsyncHttpClient-1-9] DEBUG org.asynchttpclient.netty.channel.ChannelManager - Adding key: http://localhost:64746 for channel [id: 0xbe9396a9, L:/127.0.0.1:52872 - R:localhost/127.0.0.1:64746]
21:01:17.335 [main] DEBUG net.serenitybdd.core.photography.Darkroom - Send negative for processing for target\site\serenity\a0115a4ceceee1304f9649411f64e593b1932162338db702bcffdff90e3b5329.png
21:01:17.335 [main] DEBUG net.thucydides.core.steps.StepInterceptor - STEP DONE: clickIconBasket
  &amp#27;[32mThen &amp#27;[0m&amp#27;[32muser success to buy items&amp#27;[0m              &amp#27;[90m# starter.stepdefenitions.ProductSteps.userSuccessToBuyItems()&amp#27;[0m
21:01:17.335 [Darkroom Processing Line] DEBUG net.serenitybdd.core.photography.DarkroomProcessingLine - Processing screenshot image in /var/screenshots/screenshot-5023008404183192590
21:01:17.335 [Darkroom Processing Line] DEBUG net.serenitybdd.core.photography.DarkroomProcessingLine - Saving screenshot to target\site\serenity\a0115a4ceceee1304f9649411f64e593b1932162338db702bcffdff90e3b5329.png
21:01:17.341 [main] INFO  - 
  _____   ___   ___   _____     ___     _     ___   ___   ___   ___  
 |_   _| | __| / __| |_   _|   | _ \   /_\   / __| / __| | __| |   \ 
   | |   | _|  \__ \   | |     |  _/  / _ \  \__ \ \__ \ | _|  | |) |
   |_|   |___| |___/   |_|     |_|   /_/ \_\ |___/ |___/ |___| |___/ 

As user i have be able to buy items
----------------------------------------------------------------------
21:01:17.346 [AsyncHttpClient-1-3] DEBUG org.asynchttpclient.netty.handler.WebSocketHandler - Channel Closed: [id: 0x5295d798, L:/127.0.0.1:52880 ! R:localhost/127.0.0.1:52873] with attribute NettyResponseFuture{currentRetry=5,
	isDone=1,
	isCancelled=0,
	asyncHandler=org.asynchttpclient.ws.WebSocketUpgradeHandler@4d2267aa,
	nettyRequest=org.asynchttpclient.netty.request.NettyRequest@3d1bdffe,
	future=java.util.concurrent.CompletableFuture@1b2acee4[Completed normally],
	uri=ws://localhost:52873/devtools/browser/bb93f9b8-7af3-45c6-a09a-e1bb71f766e0,
	keepAlive=true,
	redirectCount=0,
	timeoutsHolder=null,
	inAuth=0,
	touch=1652450465610}
21:01:17.346 [AsyncHttpClient-1-3] DEBUG org.asynchttpclient.netty.channel.ChannelManager - Closing Channel [id: 0x5295d798, L:/127.0.0.1:52880 ! R:localhost/127.0.0.1:52873] 
21:01:17.349 [Driver Command Executor] DEBUG org.asynchttpclient.netty.request.NettyRequestSender - Using pooled Channel '[id: 0xbe9396a9, L:/127.0.0.1:52872 - R:localhost/127.0.0.1:64746]' for 'DELETE' to 'http://localhost:64746/session/82c03992e8ad43a2b283997fe3744df2'
21:01:17.349 [Driver Command Executor] DEBUG org.asynchttpclient.netty.request.NettyRequestSender - Using open Channel [id: 0xbe9396a9, L:/127.0.0.1:52872 - R:localhost/127.0.0.1:64746] for DELETE '/session/82c03992e8ad43a2b283997fe3744df2'
21:01:17.439 [AsyncHttpClient-1-2] DEBUG org.asynchttpclient.netty.handler.HttpHandler - Unexpected I/O exception on channel [id: 0xf1d73d92, L:/127.0.0.1:52879 - R:localhost/127.0.0.1:52873]
java.io.IOException: An existing connection was forcibly closed by the remote host
	at sun.nio.ch.SocketDispatcher.read0(Native Method)
	at sun.nio.ch.SocketDispatcher.read(SocketDispatcher.java:43)
	at sun.nio.ch.IOUtil.readIntoNativeBuffer(IOUtil.java:223)
	at sun.nio.ch.IOUtil.read(IOUtil.java:192)
	at sun.nio.ch.SocketChannelImpl.read(SocketChannelImpl.java:378)
	at io.netty.buffer.PooledByteBuf.setBytes(PooledByteBuf.java:258)
	at io.netty.buffer.AbstractByteBuf.writeBytes(AbstractByteBuf.java:1132)
	at io.netty.channel.socket.nio.NioSocketChannel.doReadBytes(NioSocketChannel.java:350)
	at io.netty.channel.nio.AbstractNioByteChannel$NioByteUnsafe.read(AbstractNioByteChannel.java:151)
	at io.netty.channel.nio.NioEventLoop.processSelectedKey(NioEventLoop.java:722)
	at io.netty.channel.nio.NioEventLoop.processSelectedKeysOptimized(NioEventLoop.java:658)
	at io.netty.channel.nio.NioEventLoop.processSelectedKeys(NioEventLoop.java:584)
	at io.netty.channel.nio.NioEventLoop.run(NioEventLoop.java:496)
	at io.netty.util.concurrent.SingleThreadEventExecutor$4.run(SingleThreadEventExecutor.java:986)
	at io.netty.util.internal.ThreadExecutorMap$2.run(ThreadExecutorMap.java:74)
	at io.netty.util.concurrent.FastThreadLocalRunnable.run(FastThreadLocalRunnable.java:30)
	at java.lang.Thread.run(Thread.java:750)
21:01:17.439 [AsyncHttpClient-1-2] DEBUG org.asynchttpclient.netty.channel.ChannelManager - Closing Channel [id: 0xf1d73d92, L:/127.0.0.1:52879 - R:localhost/127.0.0.1:52873] 
21:01:17.440 [AsyncHttpClient-1-2] DEBUG org.asynchttpclient.netty.handler.HttpHandler - Channel Closed: [id: 0xf1d73d92, L:/127.0.0.1:52879 ! R:localhost/127.0.0.1:52873] with attribute DISCARD
21:01:17.494 [AsyncHttpClient-1-1] DEBUG org.asynchttpclient.netty.channel.DefaultChannelPool - Entry count for : http://localhost:52873 : 1
21:01:17.494 [AsyncHttpClient-1-1] DEBUG org.asynchttpclient.netty.channel.DefaultChannelPool - Adding Candidate expired Channel [id: 0xf1d73d92, L:/127.0.0.1:52879 ! R:localhost/127.0.0.1:52873] isIdleTimeoutExpired=false isRemotelyClosed=true isTtlExpired=false
21:01:17.494 [AsyncHttpClient-1-1] DEBUG org.asynchttpclient.netty.channel.DefaultChannelPool - Closing Idle Channel [id: 0xf1d73d92, L:/127.0.0.1:52879 ! R:localhost/127.0.0.1:52873]
21:01:17.494 [AsyncHttpClient-1-1] DEBUG org.asynchttpclient.netty.channel.DefaultChannelPool - Closed 1 connections out of 1 in 0 ms
21:01:17.540 [AsyncHttpClient-1-9] DEBUG org.asynchttpclient.netty.handler.HttpHandler - 

Request DefaultFullHttpRequest(decodeResult: success, version: HTTP/1.1, content: EmptyByteBufBE)
DELETE /session/82c03992e8ad43a2b283997fe3744df2 HTTP/1.1
User-Agent: selenium/4.1.2 (java windows)
Content-Type: application/json; charset=utf-8
host: localhost:64746
accept: */*

Response DefaultHttpResponse(decodeResult: success, version: HTTP/1.1)
HTTP/1.1 200 OK
Content-Type: application/json; charset=utf-8
cache-control: no-cache
content-length: 14

21:01:17.540 [AsyncHttpClient-1-9] DEBUG org.asynchttpclient.netty.channel.ChannelManager - Adding key: http://localhost:64746 for channel [id: 0xbe9396a9, L:/127.0.0.1:52872 - R:localhost/127.0.0.1:64746]
21:01:17.845 [AsyncHttpClient-1-9] DEBUG org.asynchttpclient.netty.handler.HttpHandler - Channel Closed: [id: 0xbe9396a9, L:/127.0.0.1:52872 ! R:localhost/127.0.0.1:64746] with attribute DISCARD
]]></system-out>
    <system-err><![CDATA[Starting ChromeDriver 100.0.4896.60 (6a5d10861ce8de5fce22564658033b43cb7de047-refs/branch-heads/4896@{#875}) on port 64746
Only local connections are allowed.
Please see https://chromedriver.chromium.org/security-considerations for suggestions on keeping ChromeDriver safe.
ChromeDriver was started successfully.
[1652450465.550][WARNING]: This version of ChromeDriver has not been tested with Chrome version 101.
May 13, 2022 9:01:05 PM org.openqa.selenium.remote.ProtocolHandshake createSession
INFO: Detected dialect: W3C
May 13, 2022 9:01:05 PM org.openqa.selenium.devtools.CdpVersionFinder findNearestMatch
WARNING: Unable to find an exact match for CDP version 101, so returning the closest version found: 97
May 13, 2022 9:01:05 PM org.openqa.selenium.devtools.CdpVersionFinder findNearestMatch
INFO: Found CDP implementation for version 101 of 97
]]></system-err>
  </testcase>
  <testcase name="As user i want to verify quantity working or not" classname="As a user I want to buy items in the home page" time="15.861">
    <system-out><![CDATA[
@product
Scenario: As user i want to verify quantity working or not &amp#27;[90m# src/test/resources/features/Product.feature:9&amp#27;[0m
21:01:18.424 [main] INFO io.cucumber.core.plugin.SerenityReporter - Running feature from file:///D:/kampus%20merdeka/QE_MUHAMMAD%20ADIBASYAH/miniproject/web/src/test/resources/features/Product.feature
21:01:18.429 [main] INFO  - 
  _____   ___   ___   _____     ___   _____     _     ___   _____   ___   ___  
 |_   _| | __| / __| |_   _|   / __| |_   _|   /_\   | _ \ |_   _| | __| |   \ 
   | |   | _|  \__ \   | |     \__ \   | |    / _ \  |   /   | |   | _|  | |) |
   |_|   |___| |___/   |_|     |___/   |_|   /_/ \_\ |_|_\   |_|   |___| |___/ 

As user i want to verify quantity working or not(as-a-user-i-want-to-buy-items-in-the-home-page;as-user-i-want-to-verify-quantity-working-or-not)
--------------------------------------------------------------------------------
21:01:18.452 [main] DEBUG net.thucydides.core.steps.StepInterceptor - STARTING STEP: ProductSteps.onTheHomePage - openPage
21:01:18.453 [main] INFO net.serenitybdd.core.webdriver.driverproviders.ChromeDriverProvider - Using automatically driver download
21:01:18.599 [AsyncHttpClient-1-1] DEBUG org.asynchttpclient.netty.channel.DefaultChannelPool - Entry count for : http://localhost:64746 : 1
21:01:18.599 [AsyncHttpClient-1-1] DEBUG org.asynchttpclient.netty.channel.DefaultChannelPool - Adding Candidate expired Channel [id: 0xbe9396a9, L:/127.0.0.1:52872 ! R:localhost/127.0.0.1:64746] isIdleTimeoutExpired=false isRemotelyClosed=true isTtlExpired=false
21:01:18.599 [AsyncHttpClient-1-1] DEBUG org.asynchttpclient.netty.channel.DefaultChannelPool - Closing Idle Channel [id: 0xbe9396a9, L:/127.0.0.1:52872 ! R:localhost/127.0.0.1:64746]
21:01:18.599 [AsyncHttpClient-1-1] DEBUG org.asynchttpclient.netty.channel.DefaultChannelPool - Closed 1 connections out of 1 in 0 ms
21:01:18.627 [main] DEBUG io.github.bonigarcia.wdm.cache.ResolutionCache - Resolution chrome=101 in cache (valid until 21:59:22 13/05/2022 ICT)
21:01:18.633 [main] DEBUG io.github.bonigarcia.wdm.cache.ResolutionCache - Resolution chrome101=101.0.4951.41 in cache (valid until 20:59:22 14/05/2022 ICT)
21:01:18.636 [main] INFO io.github.bonigarcia.wdm.WebDriverManager - Using chromedriver 101.0.4951.41 (resolved driver for Chrome 101)
21:01:18.657 [main] DEBUG io.github.bonigarcia.wdm.WebDriverManager - Driver chromedriver 101.0.4951.41 found in cache
21:01:18.658 [main] INFO io.github.bonigarcia.wdm.WebDriverManager - Exporting webdriver.chrome.driver as C:\Users\Admin\.cache\selenium\chromedriver\win32\101.0.4951.41\chromedriver.exe
21:01:18.815 [main] DEBUG net.serenitybdd.core.webdriver.driverproviders.ProvideNewDriver - Instantiating driver
21:01:18.815 [main] DEBUG net.serenitybdd.core.webdriver.driverproviders.ProvideNewDriver - Driver capabilities: Capabilities {acceptInsecureCerts: false, base.url: https://qa.alta.id/, browserName: chrome, chrome.driver: src/test/resources/webdrive..., driver: chrome, goog:chromeOptions: {args: [], extensions: []}}
21:01:19.395 [AsyncHttpClient-1-4] DEBUG org.asynchttpclient.netty.channel.NettyConnectListener - Using new Channel '[id: 0x7d99420f, L:/127.0.0.1:52906 - R:localhost/127.0.0.1:62432]' for 'POST' to '/session'
21:01:20.558 [AsyncHttpClient-1-4] DEBUG org.asynchttpclient.netty.handler.HttpHandler - 

Request DefaultHttpRequest(decodeResult: success, version: HTTP/1.1)
POST /session HTTP/1.1
User-Agent: selenium/4.1.2 (java windows)
Content-Length: 605
Content-Type: application/json; charset=utf-8
host: localhost:62432
accept: */*

Response DefaultHttpResponse(decodeResult: success, version: HTTP/1.1)
HTTP/1.1 200 OK
Content-Type: application/json; charset=utf-8
cache-control: no-cache
content-length: 788

21:01:20.558 [AsyncHttpClient-1-4] DEBUG org.asynchttpclient.netty.channel.ChannelManager - Adding key: http://localhost:62432 for channel [id: 0x7d99420f, L:/127.0.0.1:52906 - R:localhost/127.0.0.1:62432]
21:01:20.569 [AsyncHttpClient-1-5] DEBUG org.asynchttpclient.netty.channel.NettyConnectListener - Using new Channel '[id: 0x18b3baae, L:/127.0.0.1:52913 - R:localhost/127.0.0.1:52907]' for 'GET' to '/json/version'
21:01:20.570 [AsyncHttpClient-1-5] DEBUG org.asynchttpclient.netty.handler.HttpHandler - 

Request DefaultFullHttpRequest(decodeResult: success, version: HTTP/1.1, content: EmptyByteBufBE)
GET /json/version HTTP/1.1
User-Agent: selenium/4.1.2 (java windows)
host: localhost:52907
accept: */*

Response DefaultHttpResponse(decodeResult: success, version: HTTP/1.1)
HTTP/1.1 200 OK
Content-Type: application/json; charset=UTF-8
content-length: 427

21:01:20.570 [AsyncHttpClient-1-5] DEBUG org.asynchttpclient.netty.channel.ChannelManager - Adding key: http://localhost:52907 for channel [id: 0x18b3baae, L:/127.0.0.1:52913 - R:localhost/127.0.0.1:52907]
21:01:20.574 [AsyncHttpClient-1-6] DEBUG org.asynchttpclient.netty.channel.NettyConnectListener - Using new Channel '[id: 0xf2628f6d, L:/127.0.0.1:52914 - R:localhost/127.0.0.1:52907]' for 'GET' to '/devtools/browser/88cd518b-ab5a-4a5d-b6d9-009ed9c0ec2f'
21:01:20.575 [AsyncHttpClient-1-6] DEBUG org.asynchttpclient.netty.handler.WebSocketHandler - 

Request DefaultFullHttpRequest(decodeResult: success, version: HTTP/1.1, content: EmptyByteBufBE)
GET /devtools/browser/88cd518b-ab5a-4a5d-b6d9-009ed9c0ec2f HTTP/1.1
upgrade: websocket
connection: upgrade
sec-websocket-key: mEMWIRGihmkuo0qKi4pDSg==
sec-websocket-version: 13
origin: http://localhost:52907
host: localhost:52907
accept: */*
user-agent: AHC/2.1

Response DefaultHttpResponse(decodeResult: success, version: HTTP/1.1)
HTTP/1.1 101 WebSocket Protocol Handshake
Upgrade: WebSocket
Connection: Upgrade
Sec-WebSocket-Accept: vM+HbJdQ+Isc5felJxWpBphPsu0=

21:01:20.581 [Forwarding setCurrentWindowSize on session de658a458dd22ced758da127660f97ad to remote] DEBUG org.asynchttpclient.netty.request.NettyRequestSender - Using pooled Channel '[id: 0x7d99420f, L:/127.0.0.1:52906 - R:localhost/127.0.0.1:62432]' for 'POST' to 'http://localhost:62432/session/de658a458dd22ced758da127660f97ad/window/rect'
21:01:20.582 [Forwarding setCurrentWindowSize on session de658a458dd22ced758da127660f97ad to remote] DEBUG org.asynchttpclient.netty.request.NettyRequestSender - Using open Channel [id: 0x7d99420f, L:/127.0.0.1:52906 - R:localhost/127.0.0.1:62432] for POST '/session/de658a458dd22ced758da127660f97ad/window/rect'
21:01:20.707 [AsyncHttpClient-1-4] DEBUG org.asynchttpclient.netty.handler.HttpHandler - 

Request DefaultHttpRequest(decodeResult: success, version: HTTP/1.1)
POST /session/de658a458dd22ced758da127660f97ad/window/rect HTTP/1.1
User-Agent: selenium/4.1.2 (java windows)
Content-Length: 37
Content-Type: application/json; charset=utf-8
host: localhost:62432
accept: */*

Response DefaultHttpResponse(decodeResult: success, version: HTTP/1.1)
HTTP/1.1 200 OK
Content-Type: application/json; charset=utf-8
cache-control: no-cache
content-length: 51

21:01:20.708 [AsyncHttpClient-1-4] DEBUG org.asynchttpclient.netty.channel.ChannelManager - Adding key: http://localhost:62432 for channel [id: 0x7d99420f, L:/127.0.0.1:52906 - R:localhost/127.0.0.1:62432]
21:01:20.710 [Forwarding setWindowPosition on session de658a458dd22ced758da127660f97ad to remote] DEBUG org.asynchttpclient.netty.request.NettyRequestSender - Using pooled Channel '[id: 0x7d99420f, L:/127.0.0.1:52906 - R:localhost/127.0.0.1:62432]' for 'POST' to 'http://localhost:62432/session/de658a458dd22ced758da127660f97ad/window/rect'
21:01:20.710 [Forwarding setWindowPosition on session de658a458dd22ced758da127660f97ad to remote] DEBUG org.asynchttpclient.netty.request.NettyRequestSender - Using open Channel [id: 0x7d99420f, L:/127.0.0.1:52906 - R:localhost/127.0.0.1:62432] for POST '/session/de658a458dd22ced758da127660f97ad/window/rect'
21:01:20.797 [AsyncHttpClient-1-1] DEBUG org.asynchttpclient.netty.channel.DefaultChannelPool - Entry count for : http://localhost:52907 : 1
21:01:20.830 [AsyncHttpClient-1-4] DEBUG org.asynchttpclient.netty.handler.HttpHandler - 

Request DefaultHttpRequest(decodeResult: success, version: HTTP/1.1)
POST /session/de658a458dd22ced758da127660f97ad/window/rect HTTP/1.1
User-Agent: selenium/4.1.2 (java windows)
Content-Length: 22
Content-Type: application/json; charset=utf-8
host: localhost:62432
accept: */*

Response DefaultHttpResponse(decodeResult: success, version: HTTP/1.1)
HTTP/1.1 200 OK
Content-Type: application/json; charset=utf-8
cache-control: no-cache
content-length: 49

21:01:20.830 [AsyncHttpClient-1-4] DEBUG org.asynchttpclient.netty.channel.ChannelManager - Adding key: http://localhost:62432 for channel [id: 0x7d99420f, L:/127.0.0.1:52906 - R:localhost/127.0.0.1:62432]
21:01:20.832 [Forwarding get on session de658a458dd22ced758da127660f97ad to remote] DEBUG org.asynchttpclient.netty.request.NettyRequestSender - Using pooled Channel '[id: 0x7d99420f, L:/127.0.0.1:52906 - R:localhost/127.0.0.1:62432]' for 'POST' to 'http://localhost:62432/session/de658a458dd22ced758da127660f97ad/url'
21:01:20.832 [Forwarding get on session de658a458dd22ced758da127660f97ad to remote] DEBUG org.asynchttpclient.netty.request.NettyRequestSender - Using open Channel [id: 0x7d99420f, L:/127.0.0.1:52906 - R:localhost/127.0.0.1:62432] for POST '/session/de658a458dd22ced758da127660f97ad/url'
21:01:21.894 [AsyncHttpClient-1-1] DEBUG org.asynchttpclient.netty.channel.DefaultChannelPool - Entry count for : http://localhost:52907 : 1
21:01:22.939 [AsyncHttpClient-1-4] DEBUG org.asynchttpclient.netty.handler.HttpHandler - 

Request DefaultHttpRequest(decodeResult: success, version: HTTP/1.1)
POST /session/de658a458dd22ced758da127660f97ad/url HTTP/1.1
User-Agent: selenium/4.1.2 (java windows)
Content-Length: 49
Content-Type: application/json; charset=utf-8
host: localhost:62432
accept: */*

Response DefaultHttpResponse(decodeResult: success, version: HTTP/1.1)
HTTP/1.1 200 OK
Content-Type: application/json; charset=utf-8
cache-control: no-cache
content-length: 14

21:01:22.939 [AsyncHttpClient-1-4] DEBUG org.asynchttpclient.netty.channel.ChannelManager - Adding key: http://localhost:62432 for channel [id: 0x7d99420f, L:/127.0.0.1:52906 - R:localhost/127.0.0.1:62432]
21:01:22.941 [Forwarding setTimeout on session de658a458dd22ced758da127660f97ad to remote] DEBUG org.asynchttpclient.netty.request.NettyRequestSender - Using pooled Channel '[id: 0x7d99420f, L:/127.0.0.1:52906 - R:localhost/127.0.0.1:62432]' for 'POST' to 'http://localhost:62432/session/de658a458dd22ced758da127660f97ad/timeouts'
21:01:22.942 [Forwarding setTimeout on session de658a458dd22ced758da127660f97ad to remote] DEBUG org.asynchttpclient.netty.request.NettyRequestSender - Using open Channel [id: 0x7d99420f, L:/127.0.0.1:52906 - R:localhost/127.0.0.1:62432] for POST '/session/de658a458dd22ced758da127660f97ad/timeouts'
21:01:22.943 [AsyncHttpClient-1-4] DEBUG org.asynchttpclient.netty.handler.HttpHandler - 

Request DefaultHttpRequest(decodeResult: success, version: HTTP/1.1)
POST /session/de658a458dd22ced758da127660f97ad/timeouts HTTP/1.1
User-Agent: selenium/4.1.2 (java windows)
Content-Length: 22
Content-Type: application/json; charset=utf-8
host: localhost:62432
accept: */*

Response DefaultHttpResponse(decodeResult: success, version: HTTP/1.1)
HTTP/1.1 200 OK
Content-Type: application/json; charset=utf-8
cache-control: no-cache
content-length: 14

21:01:22.943 [AsyncHttpClient-1-4] DEBUG org.asynchttpclient.netty.channel.ChannelManager - Adding key: http://localhost:62432 for channel [id: 0x7d99420f, L:/127.0.0.1:52906 - R:localhost/127.0.0.1:62432]
21:01:22.952 [Forwarding getCurrentUrl on session de658a458dd22ced758da127660f97ad to remote] DEBUG org.asynchttpclient.netty.request.NettyRequestSender - Using pooled Channel '[id: 0x7d99420f, L:/127.0.0.1:52906 - R:localhost/127.0.0.1:62432]' for 'GET' to 'http://localhost:62432/session/de658a458dd22ced758da127660f97ad/url'
21:01:22.952 [Forwarding getCurrentUrl on session de658a458dd22ced758da127660f97ad to remote] DEBUG org.asynchttpclient.netty.request.NettyRequestSender - Using open Channel [id: 0x7d99420f, L:/127.0.0.1:52906 - R:localhost/127.0.0.1:62432] for GET '/session/de658a458dd22ced758da127660f97ad/url'
21:01:22.963 [AsyncHttpClient-1-4] DEBUG org.asynchttpclient.netty.handler.HttpHandler - 

Request DefaultFullHttpRequest(decodeResult: success, version: HTTP/1.1, content: EmptyByteBufBE)
GET /session/de658a458dd22ced758da127660f97ad/url HTTP/1.1
User-Agent: selenium/4.1.2 (java windows)
Cache-Control: no-cache
Content-Type: application/json; charset=utf-8
host: localhost:62432
accept: */*

Response DefaultHttpResponse(decodeResult: success, version: HTTP/1.1)
HTTP/1.1 200 OK
Content-Type: application/json; charset=utf-8
cache-control: no-cache
content-length: 31

21:01:22.963 [AsyncHttpClient-1-4] DEBUG org.asynchttpclient.netty.channel.ChannelManager - Adding key: http://localhost:62432 for channel [id: 0x7d99420f, L:/127.0.0.1:52906 - R:localhost/127.0.0.1:62432]
21:01:22.969 [Forwarding getCurrentUrl on session de658a458dd22ced758da127660f97ad to remote] DEBUG org.asynchttpclient.netty.request.NettyRequestSender - Using pooled Channel '[id: 0x7d99420f, L:/127.0.0.1:52906 - R:localhost/127.0.0.1:62432]' for 'GET' to 'http://localhost:62432/session/de658a458dd22ced758da127660f97ad/url'
21:01:22.969 [Forwarding getCurrentUrl on session de658a458dd22ced758da127660f97ad to remote] DEBUG org.asynchttpclient.netty.request.NettyRequestSender - Using open Channel [id: 0x7d99420f, L:/127.0.0.1:52906 - R:localhost/127.0.0.1:62432] for GET '/session/de658a458dd22ced758da127660f97ad/url'
21:01:22.977 [AsyncHttpClient-1-4] DEBUG org.asynchttpclient.netty.handler.HttpHandler - 

Request DefaultFullHttpRequest(decodeResult: success, version: HTTP/1.1, content: EmptyByteBufBE)
GET /session/de658a458dd22ced758da127660f97ad/url HTTP/1.1
User-Agent: selenium/4.1.2 (java windows)
Cache-Control: no-cache
Content-Type: application/json; charset=utf-8
host: localhost:62432
accept: */*

Response DefaultHttpResponse(decodeResult: success, version: HTTP/1.1)
HTTP/1.1 200 OK
Content-Type: application/json; charset=utf-8
cache-control: no-cache
content-length: 31

21:01:22.979 [AsyncHttpClient-1-4] DEBUG org.asynchttpclient.netty.channel.ChannelManager - Adding key: http://localhost:62432 for channel [id: 0x7d99420f, L:/127.0.0.1:52906 - R:localhost/127.0.0.1:62432]
21:01:22.988 [Forwarding screenshot on session de658a458dd22ced758da127660f97ad to remote] DEBUG org.asynchttpclient.netty.request.NettyRequestSender - Using pooled Channel '[id: 0x7d99420f, L:/127.0.0.1:52906 - R:localhost/127.0.0.1:62432]' for 'GET' to 'http://localhost:62432/session/de658a458dd22ced758da127660f97ad/screenshot'
21:01:22.988 [Forwarding screenshot on session de658a458dd22ced758da127660f97ad to remote] DEBUG org.asynchttpclient.netty.request.NettyRequestSender - Using open Channel [id: 0x7d99420f, L:/127.0.0.1:52906 - R:localhost/127.0.0.1:62432] for GET '/session/de658a458dd22ced758da127660f97ad/screenshot'
21:01:22.994 [AsyncHttpClient-1-1] DEBUG org.asynchttpclient.netty.channel.DefaultChannelPool - Entry count for : http://localhost:52907 : 1
21:01:24.098 [AsyncHttpClient-1-1] DEBUG org.asynchttpclient.netty.channel.DefaultChannelPool - Entry count for : http://localhost:52907 : 1
21:01:25.210 [AsyncHttpClient-1-1] DEBUG org.asynchttpclient.netty.channel.DefaultChannelPool - Entry count for : http://localhost:52907 : 1
21:01:26.296 [AsyncHttpClient-1-1] DEBUG org.asynchttpclient.netty.channel.DefaultChannelPool - Entry count for : http://localhost:52907 : 1
21:01:27.394 [AsyncHttpClient-1-1] DEBUG org.asynchttpclient.netty.channel.DefaultChannelPool - Entry count for : http://localhost:52907 : 1
21:01:28.370 [AsyncHttpClient-1-4] DEBUG org.asynchttpclient.netty.handler.HttpHandler - 

Request DefaultFullHttpRequest(decodeResult: success, version: HTTP/1.1, content: EmptyByteBufBE)
GET /session/de658a458dd22ced758da127660f97ad/screenshot HTTP/1.1
User-Agent: selenium/4.1.2 (java windows)
Cache-Control: no-cache
Content-Type: application/json; charset=utf-8
host: localhost:62432
accept: */*

Response DefaultHttpResponse(decodeResult: success, version: HTTP/1.1)
HTTP/1.1 200 OK
Content-Type: application/json; charset=utf-8
cache-control: no-cache
content-length: 30828

21:01:28.371 [AsyncHttpClient-1-4] DEBUG org.asynchttpclient.netty.channel.ChannelManager - Adding key: http://localhost:62432 for channel [id: 0x7d99420f, L:/127.0.0.1:52906 - R:localhost/127.0.0.1:62432]
21:01:28.379 [main] DEBUG net.serenitybdd.core.photography.Darkroom - Send negative for processing for target\site\serenity\3288347bf07b5a9f327d2430d1c2ddb0b954e46b1b77a884686e7aed53593e74.png
21:01:28.379 [main] DEBUG net.thucydides.core.steps.StepInterceptor - STEP DONE: openPage
  &amp#27;[32mGiven &amp#27;[0m&amp#27;[32muser on the home page&amp#27;[0m                              &amp#27;[90m# starter.stepdefenitions.ProductSteps.onTheHomePage()&amp#27;[0m
21:01:28.390 [Darkroom Processing Line] DEBUG net.serenitybdd.core.photography.DarkroomProcessingLine - Processing screenshot image in /var/screenshots/screenshot-4223052733059526460
21:01:28.390 [Darkroom Processing Line] DEBUG net.serenitybdd.core.photography.DarkroomProcessingLine - Saving screenshot to target\site\serenity\3288347bf07b5a9f327d2430d1c2ddb0b954e46b1b77a884686e7aed53593e74.png
21:01:28.431 [Forwarding screenshot on session de658a458dd22ced758da127660f97ad to remote] DEBUG org.asynchttpclient.netty.request.NettyRequestSender - Using pooled Channel '[id: 0x7d99420f, L:/127.0.0.1:52906 - R:localhost/127.0.0.1:62432]' for 'GET' to 'http://localhost:62432/session/de658a458dd22ced758da127660f97ad/screenshot'
21:01:28.431 [Forwarding screenshot on session de658a458dd22ced758da127660f97ad to remote] DEBUG org.asynchttpclient.netty.request.NettyRequestSender - Using open Channel [id: 0x7d99420f, L:/127.0.0.1:52906 - R:localhost/127.0.0.1:62432] for GET '/session/de658a458dd22ced758da127660f97ad/screenshot'
21:01:28.494 [AsyncHttpClient-1-1] DEBUG org.asynchttpclient.netty.channel.DefaultChannelPool - Entry count for : http://localhost:52907 : 1
21:01:28.599 [AsyncHttpClient-1-4] DEBUG org.asynchttpclient.netty.handler.HttpHandler - 

Request DefaultFullHttpRequest(decodeResult: success, version: HTTP/1.1, content: EmptyByteBufBE)
GET /session/de658a458dd22ced758da127660f97ad/screenshot HTTP/1.1
User-Agent: selenium/4.1.2 (java windows)
Cache-Control: no-cache
Content-Type: application/json; charset=utf-8
host: localhost:62432
accept: */*

Response DefaultHttpResponse(decodeResult: success, version: HTTP/1.1)
HTTP/1.1 200 OK
Content-Type: application/json; charset=utf-8
cache-control: no-cache
content-length: 100200

21:01:28.599 [AsyncHttpClient-1-4] DEBUG org.asynchttpclient.netty.channel.ChannelManager - Adding key: http://localhost:62432 for channel [id: 0x7d99420f, L:/127.0.0.1:52906 - R:localhost/127.0.0.1:62432]
21:01:28.605 [main] DEBUG net.serenitybdd.core.photography.Darkroom - Send negative for processing for target\site\serenity\39f69aed50a3c7258327b4626ccf24231b01f84378f2ee974866aafff5b808cf.png
21:01:28.605 [Darkroom Processing Line] DEBUG net.serenitybdd.core.photography.DarkroomProcessingLine - Processing screenshot image in /var/screenshots/screenshot-7281694075823869940
21:01:28.605 [Darkroom Processing Line] DEBUG net.serenitybdd.core.photography.DarkroomProcessingLine - Saving screenshot to target\site\serenity\39f69aed50a3c7258327b4626ccf24231b01f84378f2ee974866aafff5b808cf.png
21:01:28.605 [main] DEBUG net.thucydides.core.steps.StepInterceptor - STARTING STEP: TransactionSteps.userClickItems - clickItems
21:01:28.610 [Forwarding findElement on session de658a458dd22ced758da127660f97ad to remote] DEBUG org.asynchttpclient.netty.request.NettyRequestSender - Using pooled Channel '[id: 0x7d99420f, L:/127.0.0.1:52906 - R:localhost/127.0.0.1:62432]' for 'POST' to 'http://localhost:62432/session/de658a458dd22ced758da127660f97ad/element'
21:01:28.610 [Forwarding findElement on session de658a458dd22ced758da127660f97ad to remote] DEBUG org.asynchttpclient.netty.request.NettyRequestSender - Using open Channel [id: 0x7d99420f, L:/127.0.0.1:52906 - R:localhost/127.0.0.1:62432] for POST '/session/de658a458dd22ced758da127660f97ad/element'
21:01:28.653 [AsyncHttpClient-1-4] DEBUG org.asynchttpclient.netty.handler.HttpHandler - 

Request DefaultHttpRequest(decodeResult: success, version: HTTP/1.1)
POST /session/de658a458dd22ced758da127660f97ad/element HTTP/1.1
User-Agent: selenium/4.1.2 (java windows)
Content-Length: 150
Content-Type: application/json; charset=utf-8
host: localhost:62432
accept: */*

Response DefaultHttpResponse(decodeResult: success, version: HTTP/1.1)
HTTP/1.1 200 OK
Content-Type: application/json; charset=utf-8
cache-control: no-cache
content-length: 88

21:01:28.653 [AsyncHttpClient-1-4] DEBUG org.asynchttpclient.netty.channel.ChannelManager - Adding key: http://localhost:62432 for channel [id: 0x7d99420f, L:/127.0.0.1:52906 - R:localhost/127.0.0.1:62432]
21:01:28.655 [Forwarding getElementTagName on session de658a458dd22ced758da127660f97ad to remote] DEBUG org.asynchttpclient.netty.request.NettyRequestSender - Using pooled Channel '[id: 0x7d99420f, L:/127.0.0.1:52906 - R:localhost/127.0.0.1:62432]' for 'GET' to 'http://localhost:62432/session/de658a458dd22ced758da127660f97ad/element/15dba01c-5344-4a1e-a984-71f1f4345b22/name'
21:01:28.655 [Forwarding getElementTagName on session de658a458dd22ced758da127660f97ad to remote] DEBUG org.asynchttpclient.netty.request.NettyRequestSender - Using open Channel [id: 0x7d99420f, L:/127.0.0.1:52906 - R:localhost/127.0.0.1:62432] for GET '/session/de658a458dd22ced758da127660f97ad/element/15dba01c-5344-4a1e-a984-71f1f4345b22/name'
21:01:28.661 [AsyncHttpClient-1-4] DEBUG org.asynchttpclient.netty.handler.HttpHandler - 

Request DefaultFullHttpRequest(decodeResult: success, version: HTTP/1.1, content: EmptyByteBufBE)
GET /session/de658a458dd22ced758da127660f97ad/element/15dba01c-5344-4a1e-a984-71f1f4345b22/name HTTP/1.1
User-Agent: selenium/4.1.2 (java windows)
Cache-Control: no-cache
Content-Type: application/json; charset=utf-8
host: localhost:62432
accept: */*

Response DefaultHttpResponse(decodeResult: success, version: HTTP/1.1)
HTTP/1.1 200 OK
Content-Type: application/json; charset=utf-8
cache-control: no-cache
content-length: 18

21:01:28.661 [AsyncHttpClient-1-4] DEBUG org.asynchttpclient.netty.channel.ChannelManager - Adding key: http://localhost:62432 for channel [id: 0x7d99420f, L:/127.0.0.1:52906 - R:localhost/127.0.0.1:62432]
21:01:28.663 [Forwarding getElementTagName on session de658a458dd22ced758da127660f97ad to remote] DEBUG org.asynchttpclient.netty.request.NettyRequestSender - Using pooled Channel '[id: 0x7d99420f, L:/127.0.0.1:52906 - R:localhost/127.0.0.1:62432]' for 'GET' to 'http://localhost:62432/session/de658a458dd22ced758da127660f97ad/element/15dba01c-5344-4a1e-a984-71f1f4345b22/name'
21:01:28.663 [Forwarding getElementTagName on session de658a458dd22ced758da127660f97ad to remote] DEBUG org.asynchttpclient.netty.request.NettyRequestSender - Using open Channel [id: 0x7d99420f, L:/127.0.0.1:52906 - R:localhost/127.0.0.1:62432] for GET '/session/de658a458dd22ced758da127660f97ad/element/15dba01c-5344-4a1e-a984-71f1f4345b22/name'
21:01:28.667 [AsyncHttpClient-1-4] DEBUG org.asynchttpclient.netty.handler.HttpHandler - 

Request DefaultFullHttpRequest(decodeResult: success, version: HTTP/1.1, content: EmptyByteBufBE)
GET /session/de658a458dd22ced758da127660f97ad/element/15dba01c-5344-4a1e-a984-71f1f4345b22/name HTTP/1.1
User-Agent: selenium/4.1.2 (java windows)
Cache-Control: no-cache
Content-Type: application/json; charset=utf-8
host: localhost:62432
accept: */*

Response DefaultHttpResponse(decodeResult: success, version: HTTP/1.1)
HTTP/1.1 200 OK
Content-Type: application/json; charset=utf-8
cache-control: no-cache
content-length: 18

21:01:28.667 [AsyncHttpClient-1-4] DEBUG org.asynchttpclient.netty.channel.ChannelManager - Adding key: http://localhost:62432 for channel [id: 0x7d99420f, L:/127.0.0.1:52906 - R:localhost/127.0.0.1:62432]
21:01:28.670 [Forwarding isElementEnabled on session de658a458dd22ced758da127660f97ad to remote] DEBUG org.asynchttpclient.netty.request.NettyRequestSender - Using pooled Channel '[id: 0x7d99420f, L:/127.0.0.1:52906 - R:localhost/127.0.0.1:62432]' for 'GET' to 'http://localhost:62432/session/de658a458dd22ced758da127660f97ad/element/15dba01c-5344-4a1e-a984-71f1f4345b22/enabled'
21:01:28.670 [Forwarding isElementEnabled on session de658a458dd22ced758da127660f97ad to remote] DEBUG org.asynchttpclient.netty.request.NettyRequestSender - Using open Channel [id: 0x7d99420f, L:/127.0.0.1:52906 - R:localhost/127.0.0.1:62432] for GET '/session/de658a458dd22ced758da127660f97ad/element/15dba01c-5344-4a1e-a984-71f1f4345b22/enabled'
21:01:28.679 [AsyncHttpClient-1-4] DEBUG org.asynchttpclient.netty.handler.HttpHandler - 

Request DefaultFullHttpRequest(decodeResult: success, version: HTTP/1.1, content: EmptyByteBufBE)
GET /session/de658a458dd22ced758da127660f97ad/element/15dba01c-5344-4a1e-a984-71f1f4345b22/enabled HTTP/1.1
User-Agent: selenium/4.1.2 (java windows)
Cache-Control: no-cache
Content-Type: application/json; charset=utf-8
host: localhost:62432
accept: */*

Response DefaultHttpResponse(decodeResult: success, version: HTTP/1.1)
HTTP/1.1 200 OK
Content-Type: application/json; charset=utf-8
cache-control: no-cache
content-length: 14

21:01:28.679 [AsyncHttpClient-1-4] DEBUG org.asynchttpclient.netty.channel.ChannelManager - Adding key: http://localhost:62432 for channel [id: 0x7d99420f, L:/127.0.0.1:52906 - R:localhost/127.0.0.1:62432]
21:01:28.681 [Forwarding isElementEnabled on session de658a458dd22ced758da127660f97ad to remote] DEBUG org.asynchttpclient.netty.request.NettyRequestSender - Using pooled Channel '[id: 0x7d99420f, L:/127.0.0.1:52906 - R:localhost/127.0.0.1:62432]' for 'GET' to 'http://localhost:62432/session/de658a458dd22ced758da127660f97ad/element/15dba01c-5344-4a1e-a984-71f1f4345b22/enabled'
21:01:28.682 [Forwarding isElementEnabled on session de658a458dd22ced758da127660f97ad to remote] DEBUG org.asynchttpclient.netty.request.NettyRequestSender - Using open Channel [id: 0x7d99420f, L:/127.0.0.1:52906 - R:localhost/127.0.0.1:62432] for GET '/session/de658a458dd22ced758da127660f97ad/element/15dba01c-5344-4a1e-a984-71f1f4345b22/enabled'
21:01:28.691 [AsyncHttpClient-1-4] DEBUG org.asynchttpclient.netty.handler.HttpHandler - 

Request DefaultFullHttpRequest(decodeResult: success, version: HTTP/1.1, content: EmptyByteBufBE)
GET /session/de658a458dd22ced758da127660f97ad/element/15dba01c-5344-4a1e-a984-71f1f4345b22/enabled HTTP/1.1
User-Agent: selenium/4.1.2 (java windows)
Cache-Control: no-cache
Content-Type: application/json; charset=utf-8
host: localhost:62432
accept: */*

Response DefaultHttpResponse(decodeResult: success, version: HTTP/1.1)
HTTP/1.1 200 OK
Content-Type: application/json; charset=utf-8
cache-control: no-cache
content-length: 14

21:01:28.692 [AsyncHttpClient-1-4] DEBUG org.asynchttpclient.netty.channel.ChannelManager - Adding key: http://localhost:62432 for channel [id: 0x7d99420f, L:/127.0.0.1:52906 - R:localhost/127.0.0.1:62432]
21:01:28.695 [Forwarding findElement on session de658a458dd22ced758da127660f97ad to remote] DEBUG org.asynchttpclient.netty.request.NettyRequestSender - Using pooled Channel '[id: 0x7d99420f, L:/127.0.0.1:52906 - R:localhost/127.0.0.1:62432]' for 'POST' to 'http://localhost:62432/session/de658a458dd22ced758da127660f97ad/element'
21:01:28.695 [Forwarding findElement on session de658a458dd22ced758da127660f97ad to remote] DEBUG org.asynchttpclient.netty.request.NettyRequestSender - Using open Channel [id: 0x7d99420f, L:/127.0.0.1:52906 - R:localhost/127.0.0.1:62432] for POST '/session/de658a458dd22ced758da127660f97ad/element'
21:01:28.714 [AsyncHttpClient-1-4] DEBUG org.asynchttpclient.netty.handler.HttpHandler - 

Request DefaultHttpRequest(decodeResult: success, version: HTTP/1.1)
POST /session/de658a458dd22ced758da127660f97ad/element HTTP/1.1
User-Agent: selenium/4.1.2 (java windows)
Content-Length: 150
Content-Type: application/json; charset=utf-8
host: localhost:62432
accept: */*

Response DefaultHttpResponse(decodeResult: success, version: HTTP/1.1)
HTTP/1.1 200 OK
Content-Type: application/json; charset=utf-8
cache-control: no-cache
content-length: 88

21:01:28.715 [AsyncHttpClient-1-4] DEBUG org.asynchttpclient.netty.channel.ChannelManager - Adding key: http://localhost:62432 for channel [id: 0x7d99420f, L:/127.0.0.1:52906 - R:localhost/127.0.0.1:62432]
21:01:28.718 [Forwarding clickElement on session de658a458dd22ced758da127660f97ad to remote] DEBUG org.asynchttpclient.netty.request.NettyRequestSender - Using pooled Channel '[id: 0x7d99420f, L:/127.0.0.1:52906 - R:localhost/127.0.0.1:62432]' for 'POST' to 'http://localhost:62432/session/de658a458dd22ced758da127660f97ad/element/15dba01c-5344-4a1e-a984-71f1f4345b22/click'
21:01:28.718 [Forwarding clickElement on session de658a458dd22ced758da127660f97ad to remote] DEBUG org.asynchttpclient.netty.request.NettyRequestSender - Using open Channel [id: 0x7d99420f, L:/127.0.0.1:52906 - R:localhost/127.0.0.1:62432] for POST '/session/de658a458dd22ced758da127660f97ad/element/15dba01c-5344-4a1e-a984-71f1f4345b22/click'
21:01:28.962 [AsyncHttpClient-1-4] DEBUG org.asynchttpclient.netty.handler.HttpHandler - 

Request DefaultHttpRequest(decodeResult: success, version: HTTP/1.1)
POST /session/de658a458dd22ced758da127660f97ad/element/15dba01c-5344-4a1e-a984-71f1f4345b22/click HTTP/1.1
User-Agent: selenium/4.1.2 (java windows)
Content-Length: 50
Content-Type: application/json; charset=utf-8
host: localhost:62432
accept: */*

Response DefaultHttpResponse(decodeResult: success, version: HTTP/1.1)
HTTP/1.1 200 OK
Content-Type: application/json; charset=utf-8
cache-control: no-cache
content-length: 14

21:01:28.962 [AsyncHttpClient-1-4] DEBUG org.asynchttpclient.netty.channel.ChannelManager - Adding key: http://localhost:62432 for channel [id: 0x7d99420f, L:/127.0.0.1:52906 - R:localhost/127.0.0.1:62432]
21:01:28.971 [Forwarding screenshot on session de658a458dd22ced758da127660f97ad to remote] DEBUG org.asynchttpclient.netty.request.NettyRequestSender - Using pooled Channel '[id: 0x7d99420f, L:/127.0.0.1:52906 - R:localhost/127.0.0.1:62432]' for 'GET' to 'http://localhost:62432/session/de658a458dd22ced758da127660f97ad/screenshot'
21:01:28.971 [Forwarding screenshot on session de658a458dd22ced758da127660f97ad to remote] DEBUG org.asynchttpclient.netty.request.NettyRequestSender - Using open Channel [id: 0x7d99420f, L:/127.0.0.1:52906 - R:localhost/127.0.0.1:62432] for GET '/session/de658a458dd22ced758da127660f97ad/screenshot'
21:01:29.185 [AsyncHttpClient-1-4] DEBUG org.asynchttpclient.netty.handler.HttpHandler - 

Request DefaultFullHttpRequest(decodeResult: success, version: HTTP/1.1, content: EmptyByteBufBE)
GET /session/de658a458dd22ced758da127660f97ad/screenshot HTTP/1.1
User-Agent: selenium/4.1.2 (java windows)
Cache-Control: no-cache
Content-Type: application/json; charset=utf-8
host: localhost:62432
accept: */*

Response DefaultHttpResponse(decodeResult: success, version: HTTP/1.1)
HTTP/1.1 200 OK
Content-Type: application/json; charset=utf-8
cache-control: no-cache
content-length: 101652

21:01:29.185 [AsyncHttpClient-1-4] DEBUG org.asynchttpclient.netty.channel.ChannelManager - Adding key: http://localhost:62432 for channel [id: 0x7d99420f, L:/127.0.0.1:52906 - R:localhost/127.0.0.1:62432]
21:01:29.190 [main] DEBUG net.serenitybdd.core.photography.Darkroom - Send negative for processing for target\site\serenity\2b9eb0e5b285867bbc9efa8b00a1d92b5fbc151ad4f66315b6422670fb947b97.png
21:01:29.191 [main] DEBUG net.thucydides.core.steps.StepInterceptor - STEP DONE: clickItems
21:01:29.191 [Darkroom Processing Line] DEBUG net.serenitybdd.core.photography.DarkroomProcessingLine - Processing screenshot image in /var/screenshots/screenshot-8839349152044883945
21:01:29.191 [Darkroom Processing Line] DEBUG net.serenitybdd.core.photography.DarkroomProcessingLine - Saving screenshot to target\site\serenity\2b9eb0e5b285867bbc9efa8b00a1d92b5fbc151ad4f66315b6422670fb947b97.png
21:01:29.200 [main] DEBUG net.thucydides.core.steps.StepInterceptor - STARTING STEP: TransactionSteps.userClickItems - clickItems
21:01:29.203 [Forwarding findElement on session de658a458dd22ced758da127660f97ad to remote] DEBUG org.asynchttpclient.netty.request.NettyRequestSender - Using pooled Channel '[id: 0x7d99420f, L:/127.0.0.1:52906 - R:localhost/127.0.0.1:62432]' for 'POST' to 'http://localhost:62432/session/de658a458dd22ced758da127660f97ad/element'
21:01:29.203 [Forwarding findElement on session de658a458dd22ced758da127660f97ad to remote] DEBUG org.asynchttpclient.netty.request.NettyRequestSender - Using open Channel [id: 0x7d99420f, L:/127.0.0.1:52906 - R:localhost/127.0.0.1:62432] for POST '/session/de658a458dd22ced758da127660f97ad/element'
21:01:29.218 [AsyncHttpClient-1-4] DEBUG org.asynchttpclient.netty.handler.HttpHandler - 

Request DefaultHttpRequest(decodeResult: success, version: HTTP/1.1)
POST /session/de658a458dd22ced758da127660f97ad/element HTTP/1.1
User-Agent: selenium/4.1.2 (java windows)
Content-Length: 150
Content-Type: application/json; charset=utf-8
host: localhost:62432
accept: */*

Response DefaultHttpResponse(decodeResult: success, version: HTTP/1.1)
HTTP/1.1 200 OK
Content-Type: application/json; charset=utf-8
cache-control: no-cache
content-length: 88

21:01:29.218 [AsyncHttpClient-1-4] DEBUG org.asynchttpclient.netty.channel.ChannelManager - Adding key: http://localhost:62432 for channel [id: 0x7d99420f, L:/127.0.0.1:52906 - R:localhost/127.0.0.1:62432]
21:01:29.220 [Forwarding getElementTagName on session de658a458dd22ced758da127660f97ad to remote] DEBUG org.asynchttpclient.netty.request.NettyRequestSender - Using pooled Channel '[id: 0x7d99420f, L:/127.0.0.1:52906 - R:localhost/127.0.0.1:62432]' for 'GET' to 'http://localhost:62432/session/de658a458dd22ced758da127660f97ad/element/15dba01c-5344-4a1e-a984-71f1f4345b22/name'
21:01:29.220 [Forwarding getElementTagName on session de658a458dd22ced758da127660f97ad to remote] DEBUG org.asynchttpclient.netty.request.NettyRequestSender - Using open Channel [id: 0x7d99420f, L:/127.0.0.1:52906 - R:localhost/127.0.0.1:62432] for GET '/session/de658a458dd22ced758da127660f97ad/element/15dba01c-5344-4a1e-a984-71f1f4345b22/name'
21:01:29.225 [AsyncHttpClient-1-4] DEBUG org.asynchttpclient.netty.handler.HttpHandler - 

Request DefaultFullHttpRequest(decodeResult: success, version: HTTP/1.1, content: EmptyByteBufBE)
GET /session/de658a458dd22ced758da127660f97ad/element/15dba01c-5344-4a1e-a984-71f1f4345b22/name HTTP/1.1
User-Agent: selenium/4.1.2 (java windows)
Cache-Control: no-cache
Content-Type: application/json; charset=utf-8
host: localhost:62432
accept: */*

Response DefaultHttpResponse(decodeResult: success, version: HTTP/1.1)
HTTP/1.1 200 OK
Content-Type: application/json; charset=utf-8
cache-control: no-cache
content-length: 18

21:01:29.225 [AsyncHttpClient-1-4] DEBUG org.asynchttpclient.netty.channel.ChannelManager - Adding key: http://localhost:62432 for channel [id: 0x7d99420f, L:/127.0.0.1:52906 - R:localhost/127.0.0.1:62432]
21:01:29.226 [Forwarding getElementTagName on session de658a458dd22ced758da127660f97ad to remote] DEBUG org.asynchttpclient.netty.request.NettyRequestSender - Using pooled Channel '[id: 0x7d99420f, L:/127.0.0.1:52906 - R:localhost/127.0.0.1:62432]' for 'GET' to 'http://localhost:62432/session/de658a458dd22ced758da127660f97ad/element/15dba01c-5344-4a1e-a984-71f1f4345b22/name'
21:01:29.226 [Forwarding getElementTagName on session de658a458dd22ced758da127660f97ad to remote] DEBUG org.asynchttpclient.netty.request.NettyRequestSender - Using open Channel [id: 0x7d99420f, L:/127.0.0.1:52906 - R:localhost/127.0.0.1:62432] for GET '/session/de658a458dd22ced758da127660f97ad/element/15dba01c-5344-4a1e-a984-71f1f4345b22/name'
21:01:29.230 [AsyncHttpClient-1-4] DEBUG org.asynchttpclient.netty.handler.HttpHandler - 

Request DefaultFullHttpRequest(decodeResult: success, version: HTTP/1.1, content: EmptyByteBufBE)
GET /session/de658a458dd22ced758da127660f97ad/element/15dba01c-5344-4a1e-a984-71f1f4345b22/name HTTP/1.1
User-Agent: selenium/4.1.2 (java windows)
Cache-Control: no-cache
Content-Type: application/json; charset=utf-8
host: localhost:62432
accept: */*

Response DefaultHttpResponse(decodeResult: success, version: HTTP/1.1)
HTTP/1.1 200 OK
Content-Type: application/json; charset=utf-8
cache-control: no-cache
content-length: 18

21:01:29.231 [AsyncHttpClient-1-4] DEBUG org.asynchttpclient.netty.channel.ChannelManager - Adding key: http://localhost:62432 for channel [id: 0x7d99420f, L:/127.0.0.1:52906 - R:localhost/127.0.0.1:62432]
21:01:29.235 [Forwarding isElementEnabled on session de658a458dd22ced758da127660f97ad to remote] DEBUG org.asynchttpclient.netty.request.NettyRequestSender - Using pooled Channel '[id: 0x7d99420f, L:/127.0.0.1:52906 - R:localhost/127.0.0.1:62432]' for 'GET' to 'http://localhost:62432/session/de658a458dd22ced758da127660f97ad/element/15dba01c-5344-4a1e-a984-71f1f4345b22/enabled'
21:01:29.235 [Forwarding isElementEnabled on session de658a458dd22ced758da127660f97ad to remote] DEBUG org.asynchttpclient.netty.request.NettyRequestSender - Using open Channel [id: 0x7d99420f, L:/127.0.0.1:52906 - R:localhost/127.0.0.1:62432] for GET '/session/de658a458dd22ced758da127660f97ad/element/15dba01c-5344-4a1e-a984-71f1f4345b22/enabled'
21:01:29.245 [AsyncHttpClient-1-4] DEBUG org.asynchttpclient.netty.handler.HttpHandler - 

Request DefaultFullHttpRequest(decodeResult: success, version: HTTP/1.1, content: EmptyByteBufBE)
GET /session/de658a458dd22ced758da127660f97ad/element/15dba01c-5344-4a1e-a984-71f1f4345b22/enabled HTTP/1.1
User-Agent: selenium/4.1.2 (java windows)
Cache-Control: no-cache
Content-Type: application/json; charset=utf-8
host: localhost:62432
accept: */*

Response DefaultHttpResponse(decodeResult: success, version: HTTP/1.1)
HTTP/1.1 200 OK
Content-Type: application/json; charset=utf-8
cache-control: no-cache
content-length: 14

21:01:29.245 [AsyncHttpClient-1-4] DEBUG org.asynchttpclient.netty.channel.ChannelManager - Adding key: http://localhost:62432 for channel [id: 0x7d99420f, L:/127.0.0.1:52906 - R:localhost/127.0.0.1:62432]
21:01:29.246 [Forwarding isElementEnabled on session de658a458dd22ced758da127660f97ad to remote] DEBUG org.asynchttpclient.netty.request.NettyRequestSender - Using pooled Channel '[id: 0x7d99420f, L:/127.0.0.1:52906 - R:localhost/127.0.0.1:62432]' for 'GET' to 'http://localhost:62432/session/de658a458dd22ced758da127660f97ad/element/15dba01c-5344-4a1e-a984-71f1f4345b22/enabled'
21:01:29.246 [Forwarding isElementEnabled on session de658a458dd22ced758da127660f97ad to remote] DEBUG org.asynchttpclient.netty.request.NettyRequestSender - Using open Channel [id: 0x7d99420f, L:/127.0.0.1:52906 - R:localhost/127.0.0.1:62432] for GET '/session/de658a458dd22ced758da127660f97ad/element/15dba01c-5344-4a1e-a984-71f1f4345b22/enabled'
21:01:29.256 [AsyncHttpClient-1-4] DEBUG org.asynchttpclient.netty.handler.HttpHandler - 

Request DefaultFullHttpRequest(decodeResult: success, version: HTTP/1.1, content: EmptyByteBufBE)
GET /session/de658a458dd22ced758da127660f97ad/element/15dba01c-5344-4a1e-a984-71f1f4345b22/enabled HTTP/1.1
User-Agent: selenium/4.1.2 (java windows)
Cache-Control: no-cache
Content-Type: application/json; charset=utf-8
host: localhost:62432
accept: */*

Response DefaultHttpResponse(decodeResult: success, version: HTTP/1.1)
HTTP/1.1 200 OK
Content-Type: application/json; charset=utf-8
cache-control: no-cache
content-length: 14

21:01:29.256 [AsyncHttpClient-1-4] DEBUG org.asynchttpclient.netty.channel.ChannelManager - Adding key: http://localhost:62432 for channel [id: 0x7d99420f, L:/127.0.0.1:52906 - R:localhost/127.0.0.1:62432]
21:01:29.259 [Forwarding findElement on session de658a458dd22ced758da127660f97ad to remote] DEBUG org.asynchttpclient.netty.request.NettyRequestSender - Using pooled Channel '[id: 0x7d99420f, L:/127.0.0.1:52906 - R:localhost/127.0.0.1:62432]' for 'POST' to 'http://localhost:62432/session/de658a458dd22ced758da127660f97ad/element'
21:01:29.259 [Forwarding findElement on session de658a458dd22ced758da127660f97ad to remote] DEBUG org.asynchttpclient.netty.request.NettyRequestSender - Using open Channel [id: 0x7d99420f, L:/127.0.0.1:52906 - R:localhost/127.0.0.1:62432] for POST '/session/de658a458dd22ced758da127660f97ad/element'
21:01:29.320 [AsyncHttpClient-1-4] DEBUG org.asynchttpclient.netty.handler.HttpHandler - 

Request DefaultHttpRequest(decodeResult: success, version: HTTP/1.1)
POST /session/de658a458dd22ced758da127660f97ad/element HTTP/1.1
User-Agent: selenium/4.1.2 (java windows)
Content-Length: 150
Content-Type: application/json; charset=utf-8
host: localhost:62432
accept: */*

Response DefaultHttpResponse(decodeResult: success, version: HTTP/1.1)
HTTP/1.1 200 OK
Content-Type: application/json; charset=utf-8
cache-control: no-cache
content-length: 88

21:01:29.320 [AsyncHttpClient-1-4] DEBUG org.asynchttpclient.netty.channel.ChannelManager - Adding key: http://localhost:62432 for channel [id: 0x7d99420f, L:/127.0.0.1:52906 - R:localhost/127.0.0.1:62432]
21:01:29.325 [Forwarding clickElement on session de658a458dd22ced758da127660f97ad to remote] DEBUG org.asynchttpclient.netty.request.NettyRequestSender - Using pooled Channel '[id: 0x7d99420f, L:/127.0.0.1:52906 - R:localhost/127.0.0.1:62432]' for 'POST' to 'http://localhost:62432/session/de658a458dd22ced758da127660f97ad/element/15dba01c-5344-4a1e-a984-71f1f4345b22/click'
21:01:29.326 [Forwarding clickElement on session de658a458dd22ced758da127660f97ad to remote] DEBUG org.asynchttpclient.netty.request.NettyRequestSender - Using open Channel [id: 0x7d99420f, L:/127.0.0.1:52906 - R:localhost/127.0.0.1:62432] for POST '/session/de658a458dd22ced758da127660f97ad/element/15dba01c-5344-4a1e-a984-71f1f4345b22/click'
21:01:29.474 [AsyncHttpClient-1-4] DEBUG org.asynchttpclient.netty.handler.HttpHandler - 

Request DefaultHttpRequest(decodeResult: success, version: HTTP/1.1)
POST /session/de658a458dd22ced758da127660f97ad/element/15dba01c-5344-4a1e-a984-71f1f4345b22/click HTTP/1.1
User-Agent: selenium/4.1.2 (java windows)
Content-Length: 50
Content-Type: application/json; charset=utf-8
host: localhost:62432
accept: */*

Response DefaultHttpResponse(decodeResult: success, version: HTTP/1.1)
HTTP/1.1 200 OK
Content-Type: application/json; charset=utf-8
cache-control: no-cache
content-length: 14

21:01:29.474 [AsyncHttpClient-1-4] DEBUG org.asynchttpclient.netty.channel.ChannelManager - Adding key: http://localhost:62432 for channel [id: 0x7d99420f, L:/127.0.0.1:52906 - R:localhost/127.0.0.1:62432]
21:01:29.484 [Forwarding screenshot on session de658a458dd22ced758da127660f97ad to remote] DEBUG org.asynchttpclient.netty.request.NettyRequestSender - Using pooled Channel '[id: 0x7d99420f, L:/127.0.0.1:52906 - R:localhost/127.0.0.1:62432]' for 'GET' to 'http://localhost:62432/session/de658a458dd22ced758da127660f97ad/screenshot'
21:01:29.484 [Forwarding screenshot on session de658a458dd22ced758da127660f97ad to remote] DEBUG org.asynchttpclient.netty.request.NettyRequestSender - Using open Channel [id: 0x7d99420f, L:/127.0.0.1:52906 - R:localhost/127.0.0.1:62432] for GET '/session/de658a458dd22ced758da127660f97ad/screenshot'
21:01:29.595 [AsyncHttpClient-1-1] DEBUG org.asynchttpclient.netty.channel.DefaultChannelPool - Entry count for : http://localhost:52907 : 1
21:01:29.717 [AsyncHttpClient-1-4] DEBUG org.asynchttpclient.netty.handler.HttpHandler - 

Request DefaultFullHttpRequest(decodeResult: success, version: HTTP/1.1, content: EmptyByteBufBE)
GET /session/de658a458dd22ced758da127660f97ad/screenshot HTTP/1.1
User-Agent: selenium/4.1.2 (java windows)
Cache-Control: no-cache
Content-Type: application/json; charset=utf-8
host: localhost:62432
accept: */*

Response DefaultHttpResponse(decodeResult: success, version: HTTP/1.1)
HTTP/1.1 200 OK
Content-Type: application/json; charset=utf-8
cache-control: no-cache
content-length: 101716

21:01:29.718 [AsyncHttpClient-1-4] DEBUG org.asynchttpclient.netty.channel.ChannelManager - Adding key: http://localhost:62432 for channel [id: 0x7d99420f, L:/127.0.0.1:52906 - R:localhost/127.0.0.1:62432]
21:01:29.727 [main] DEBUG net.serenitybdd.core.photography.Darkroom - Send negative for processing for target\site\serenity\3480ed97cfbb004bfa076e7e513f86cb0d086648298b6e826bf355dfb4324315.png
21:01:29.727 [main] DEBUG net.thucydides.core.steps.StepInterceptor - STEP DONE: clickItems
21:01:29.727 [Darkroom Processing Line] DEBUG net.serenitybdd.core.photography.DarkroomProcessingLine - Processing screenshot image in /var/screenshots/screenshot-6820257606774252767
21:01:29.727 [Darkroom Processing Line] DEBUG net.serenitybdd.core.photography.DarkroomProcessingLine - Saving screenshot to target\site\serenity\3480ed97cfbb004bfa076e7e513f86cb0d086648298b6e826bf355dfb4324315.png
21:01:29.737 [main] DEBUG net.thucydides.core.steps.StepInterceptor - STARTING STEP: TransactionSteps.userClickItems - clickItems2
21:01:29.742 [Forwarding findElement on session de658a458dd22ced758da127660f97ad to remote] DEBUG org.asynchttpclient.netty.request.NettyRequestSender - Using pooled Channel '[id: 0x7d99420f, L:/127.0.0.1:52906 - R:localhost/127.0.0.1:62432]' for 'POST' to 'http://localhost:62432/session/de658a458dd22ced758da127660f97ad/element'
21:01:29.742 [Forwarding findElement on session de658a458dd22ced758da127660f97ad to remote] DEBUG org.asynchttpclient.netty.request.NettyRequestSender - Using open Channel [id: 0x7d99420f, L:/127.0.0.1:52906 - R:localhost/127.0.0.1:62432] for POST '/session/de658a458dd22ced758da127660f97ad/element'
21:01:29.764 [AsyncHttpClient-1-4] DEBUG org.asynchttpclient.netty.handler.HttpHandler - 

Request DefaultHttpRequest(decodeResult: success, version: HTTP/1.1)
POST /session/de658a458dd22ced758da127660f97ad/element HTTP/1.1
User-Agent: selenium/4.1.2 (java windows)
Content-Length: 150
Content-Type: application/json; charset=utf-8
host: localhost:62432
accept: */*

Response DefaultHttpResponse(decodeResult: success, version: HTTP/1.1)
HTTP/1.1 200 OK
Content-Type: application/json; charset=utf-8
cache-control: no-cache
content-length: 88

21:01:29.764 [AsyncHttpClient-1-4] DEBUG org.asynchttpclient.netty.channel.ChannelManager - Adding key: http://localhost:62432 for channel [id: 0x7d99420f, L:/127.0.0.1:52906 - R:localhost/127.0.0.1:62432]
21:01:29.766 [Forwarding getElementTagName on session de658a458dd22ced758da127660f97ad to remote] DEBUG org.asynchttpclient.netty.request.NettyRequestSender - Using pooled Channel '[id: 0x7d99420f, L:/127.0.0.1:52906 - R:localhost/127.0.0.1:62432]' for 'GET' to 'http://localhost:62432/session/de658a458dd22ced758da127660f97ad/element/37377691-49d8-4ac6-8b31-1f0e0de3bca7/name'
21:01:29.766 [Forwarding getElementTagName on session de658a458dd22ced758da127660f97ad to remote] DEBUG org.asynchttpclient.netty.request.NettyRequestSender - Using open Channel [id: 0x7d99420f, L:/127.0.0.1:52906 - R:localhost/127.0.0.1:62432] for GET '/session/de658a458dd22ced758da127660f97ad/element/37377691-49d8-4ac6-8b31-1f0e0de3bca7/name'
21:01:29.771 [AsyncHttpClient-1-4] DEBUG org.asynchttpclient.netty.handler.HttpHandler - 

Request DefaultFullHttpRequest(decodeResult: success, version: HTTP/1.1, content: EmptyByteBufBE)
GET /session/de658a458dd22ced758da127660f97ad/element/37377691-49d8-4ac6-8b31-1f0e0de3bca7/name HTTP/1.1
User-Agent: selenium/4.1.2 (java windows)
Cache-Control: no-cache
Content-Type: application/json; charset=utf-8
host: localhost:62432
accept: */*

Response DefaultHttpResponse(decodeResult: success, version: HTTP/1.1)
HTTP/1.1 200 OK
Content-Type: application/json; charset=utf-8
cache-control: no-cache
content-length: 18

21:01:29.771 [AsyncHttpClient-1-4] DEBUG org.asynchttpclient.netty.channel.ChannelManager - Adding key: http://localhost:62432 for channel [id: 0x7d99420f, L:/127.0.0.1:52906 - R:localhost/127.0.0.1:62432]
21:01:29.773 [Forwarding getElementTagName on session de658a458dd22ced758da127660f97ad to remote] DEBUG org.asynchttpclient.netty.request.NettyRequestSender - Using pooled Channel '[id: 0x7d99420f, L:/127.0.0.1:52906 - R:localhost/127.0.0.1:62432]' for 'GET' to 'http://localhost:62432/session/de658a458dd22ced758da127660f97ad/element/37377691-49d8-4ac6-8b31-1f0e0de3bca7/name'
21:01:29.773 [Forwarding getElementTagName on session de658a458dd22ced758da127660f97ad to remote] DEBUG org.asynchttpclient.netty.request.NettyRequestSender - Using open Channel [id: 0x7d99420f, L:/127.0.0.1:52906 - R:localhost/127.0.0.1:62432] for GET '/session/de658a458dd22ced758da127660f97ad/element/37377691-49d8-4ac6-8b31-1f0e0de3bca7/name'
21:01:29.777 [AsyncHttpClient-1-4] DEBUG org.asynchttpclient.netty.handler.HttpHandler - 

Request DefaultFullHttpRequest(decodeResult: success, version: HTTP/1.1, content: EmptyByteBufBE)
GET /session/de658a458dd22ced758da127660f97ad/element/37377691-49d8-4ac6-8b31-1f0e0de3bca7/name HTTP/1.1
User-Agent: selenium/4.1.2 (java windows)
Cache-Control: no-cache
Content-Type: application/json; charset=utf-8
host: localhost:62432
accept: */*

Response DefaultHttpResponse(decodeResult: success, version: HTTP/1.1)
HTTP/1.1 200 OK
Content-Type: application/json; charset=utf-8
cache-control: no-cache
content-length: 18

21:01:29.777 [AsyncHttpClient-1-4] DEBUG org.asynchttpclient.netty.channel.ChannelManager - Adding key: http://localhost:62432 for channel [id: 0x7d99420f, L:/127.0.0.1:52906 - R:localhost/127.0.0.1:62432]
21:01:29.781 [Forwarding isElementEnabled on session de658a458dd22ced758da127660f97ad to remote] DEBUG org.asynchttpclient.netty.request.NettyRequestSender - Using pooled Channel '[id: 0x7d99420f, L:/127.0.0.1:52906 - R:localhost/127.0.0.1:62432]' for 'GET' to 'http://localhost:62432/session/de658a458dd22ced758da127660f97ad/element/37377691-49d8-4ac6-8b31-1f0e0de3bca7/enabled'
21:01:29.781 [Forwarding isElementEnabled on session de658a458dd22ced758da127660f97ad to remote] DEBUG org.asynchttpclient.netty.request.NettyRequestSender - Using open Channel [id: 0x7d99420f, L:/127.0.0.1:52906 - R:localhost/127.0.0.1:62432] for GET '/session/de658a458dd22ced758da127660f97ad/element/37377691-49d8-4ac6-8b31-1f0e0de3bca7/enabled'
21:01:29.793 [AsyncHttpClient-1-4] DEBUG org.asynchttpclient.netty.handler.HttpHandler - 

Request DefaultFullHttpRequest(decodeResult: success, version: HTTP/1.1, content: EmptyByteBufBE)
GET /session/de658a458dd22ced758da127660f97ad/element/37377691-49d8-4ac6-8b31-1f0e0de3bca7/enabled HTTP/1.1
User-Agent: selenium/4.1.2 (java windows)
Cache-Control: no-cache
Content-Type: application/json; charset=utf-8
host: localhost:62432
accept: */*

Response DefaultHttpResponse(decodeResult: success, version: HTTP/1.1)
HTTP/1.1 200 OK
Content-Type: application/json; charset=utf-8
cache-control: no-cache
content-length: 14

21:01:29.793 [AsyncHttpClient-1-4] DEBUG org.asynchttpclient.netty.channel.ChannelManager - Adding key: http://localhost:62432 for channel [id: 0x7d99420f, L:/127.0.0.1:52906 - R:localhost/127.0.0.1:62432]
21:01:29.795 [Forwarding isElementEnabled on session de658a458dd22ced758da127660f97ad to remote] DEBUG org.asynchttpclient.netty.request.NettyRequestSender - Using pooled Channel '[id: 0x7d99420f, L:/127.0.0.1:52906 - R:localhost/127.0.0.1:62432]' for 'GET' to 'http://localhost:62432/session/de658a458dd22ced758da127660f97ad/element/37377691-49d8-4ac6-8b31-1f0e0de3bca7/enabled'
21:01:29.795 [Forwarding isElementEnabled on session de658a458dd22ced758da127660f97ad to remote] DEBUG org.asynchttpclient.netty.request.NettyRequestSender - Using open Channel [id: 0x7d99420f, L:/127.0.0.1:52906 - R:localhost/127.0.0.1:62432] for GET '/session/de658a458dd22ced758da127660f97ad/element/37377691-49d8-4ac6-8b31-1f0e0de3bca7/enabled'
21:01:29.804 [AsyncHttpClient-1-4] DEBUG org.asynchttpclient.netty.handler.HttpHandler - 

Request DefaultFullHttpRequest(decodeResult: success, version: HTTP/1.1, content: EmptyByteBufBE)
GET /session/de658a458dd22ced758da127660f97ad/element/37377691-49d8-4ac6-8b31-1f0e0de3bca7/enabled HTTP/1.1
User-Agent: selenium/4.1.2 (java windows)
Cache-Control: no-cache
Content-Type: application/json; charset=utf-8
host: localhost:62432
accept: */*

Response DefaultHttpResponse(decodeResult: success, version: HTTP/1.1)
HTTP/1.1 200 OK
Content-Type: application/json; charset=utf-8
cache-control: no-cache
content-length: 14

21:01:29.804 [AsyncHttpClient-1-4] DEBUG org.asynchttpclient.netty.channel.ChannelManager - Adding key: http://localhost:62432 for channel [id: 0x7d99420f, L:/127.0.0.1:52906 - R:localhost/127.0.0.1:62432]
21:01:29.807 [Forwarding findElement on session de658a458dd22ced758da127660f97ad to remote] DEBUG org.asynchttpclient.netty.request.NettyRequestSender - Using pooled Channel '[id: 0x7d99420f, L:/127.0.0.1:52906 - R:localhost/127.0.0.1:62432]' for 'POST' to 'http://localhost:62432/session/de658a458dd22ced758da127660f97ad/element'
21:01:29.807 [Forwarding findElement on session de658a458dd22ced758da127660f97ad to remote] DEBUG org.asynchttpclient.netty.request.NettyRequestSender - Using open Channel [id: 0x7d99420f, L:/127.0.0.1:52906 - R:localhost/127.0.0.1:62432] for POST '/session/de658a458dd22ced758da127660f97ad/element'
21:01:29.823 [AsyncHttpClient-1-4] DEBUG org.asynchttpclient.netty.handler.HttpHandler - 

Request DefaultHttpRequest(decodeResult: success, version: HTTP/1.1)
POST /session/de658a458dd22ced758da127660f97ad/element HTTP/1.1
User-Agent: selenium/4.1.2 (java windows)
Content-Length: 150
Content-Type: application/json; charset=utf-8
host: localhost:62432
accept: */*

Response DefaultHttpResponse(decodeResult: success, version: HTTP/1.1)
HTTP/1.1 200 OK
Content-Type: application/json; charset=utf-8
cache-control: no-cache
content-length: 88

21:01:29.823 [AsyncHttpClient-1-4] DEBUG org.asynchttpclient.netty.channel.ChannelManager - Adding key: http://localhost:62432 for channel [id: 0x7d99420f, L:/127.0.0.1:52906 - R:localhost/127.0.0.1:62432]
21:01:29.825 [Forwarding clickElement on session de658a458dd22ced758da127660f97ad to remote] DEBUG org.asynchttpclient.netty.request.NettyRequestSender - Using pooled Channel '[id: 0x7d99420f, L:/127.0.0.1:52906 - R:localhost/127.0.0.1:62432]' for 'POST' to 'http://localhost:62432/session/de658a458dd22ced758da127660f97ad/element/37377691-49d8-4ac6-8b31-1f0e0de3bca7/click'
21:01:29.825 [Forwarding clickElement on session de658a458dd22ced758da127660f97ad to remote] DEBUG org.asynchttpclient.netty.request.NettyRequestSender - Using open Channel [id: 0x7d99420f, L:/127.0.0.1:52906 - R:localhost/127.0.0.1:62432] for POST '/session/de658a458dd22ced758da127660f97ad/element/37377691-49d8-4ac6-8b31-1f0e0de3bca7/click'
21:01:29.943 [AsyncHttpClient-1-4] DEBUG org.asynchttpclient.netty.handler.HttpHandler - 

Request DefaultHttpRequest(decodeResult: success, version: HTTP/1.1)
POST /session/de658a458dd22ced758da127660f97ad/element/37377691-49d8-4ac6-8b31-1f0e0de3bca7/click HTTP/1.1
User-Agent: selenium/4.1.2 (java windows)
Content-Length: 50
Content-Type: application/json; charset=utf-8
host: localhost:62432
accept: */*

Response DefaultHttpResponse(decodeResult: success, version: HTTP/1.1)
HTTP/1.1 200 OK
Content-Type: application/json; charset=utf-8
cache-control: no-cache
content-length: 14

21:01:29.943 [AsyncHttpClient-1-4] DEBUG org.asynchttpclient.netty.channel.ChannelManager - Adding key: http://localhost:62432 for channel [id: 0x7d99420f, L:/127.0.0.1:52906 - R:localhost/127.0.0.1:62432]
21:01:29.951 [Forwarding screenshot on session de658a458dd22ced758da127660f97ad to remote] DEBUG org.asynchttpclient.netty.request.NettyRequestSender - Using pooled Channel '[id: 0x7d99420f, L:/127.0.0.1:52906 - R:localhost/127.0.0.1:62432]' for 'GET' to 'http://localhost:62432/session/de658a458dd22ced758da127660f97ad/screenshot'
21:01:29.951 [Forwarding screenshot on session de658a458dd22ced758da127660f97ad to remote] DEBUG org.asynchttpclient.netty.request.NettyRequestSender - Using open Channel [id: 0x7d99420f, L:/127.0.0.1:52906 - R:localhost/127.0.0.1:62432] for GET '/session/de658a458dd22ced758da127660f97ad/screenshot'
21:01:30.159 [AsyncHttpClient-1-4] DEBUG org.asynchttpclient.netty.handler.HttpHandler - 

Request DefaultFullHttpRequest(decodeResult: success, version: HTTP/1.1, content: EmptyByteBufBE)
GET /session/de658a458dd22ced758da127660f97ad/screenshot HTTP/1.1
User-Agent: selenium/4.1.2 (java windows)
Cache-Control: no-cache
Content-Type: application/json; charset=utf-8
host: localhost:62432
accept: */*

Response DefaultHttpResponse(decodeResult: success, version: HTTP/1.1)
HTTP/1.1 200 OK
Content-Type: application/json; charset=utf-8
cache-control: no-cache
content-length: 102204

21:01:30.160 [AsyncHttpClient-1-4] DEBUG org.asynchttpclient.netty.channel.ChannelManager - Adding key: http://localhost:62432 for channel [id: 0x7d99420f, L:/127.0.0.1:52906 - R:localhost/127.0.0.1:62432]
21:01:30.169 [main] DEBUG net.serenitybdd.core.photography.Darkroom - Send negative for processing for target\site\serenity\3776239eda5eae9179ed41565512887bf38f9c2fa89d057f27979822bed61a3f.png
21:01:30.169 [main] DEBUG net.thucydides.core.steps.StepInterceptor - STEP DONE: clickItems2
21:01:30.169 [Darkroom Processing Line] DEBUG net.serenitybdd.core.photography.DarkroomProcessingLine - Processing screenshot image in /var/screenshots/screenshot-5773237093795013432
21:01:30.170 [Darkroom Processing Line] DEBUG net.serenitybdd.core.photography.DarkroomProcessingLine - Saving screenshot to target\site\serenity\3776239eda5eae9179ed41565512887bf38f9c2fa89d057f27979822bed61a3f.png
21:01:30.178 [main] DEBUG net.thucydides.core.steps.StepInterceptor - STARTING STEP: TransactionSteps.userClickItems - clickItems2
21:01:30.182 [Forwarding findElement on session de658a458dd22ced758da127660f97ad to remote] DEBUG org.asynchttpclient.netty.request.NettyRequestSender - Using pooled Channel '[id: 0x7d99420f, L:/127.0.0.1:52906 - R:localhost/127.0.0.1:62432]' for 'POST' to 'http://localhost:62432/session/de658a458dd22ced758da127660f97ad/element'
21:01:30.182 [Forwarding findElement on session de658a458dd22ced758da127660f97ad to remote] DEBUG org.asynchttpclient.netty.request.NettyRequestSender - Using open Channel [id: 0x7d99420f, L:/127.0.0.1:52906 - R:localhost/127.0.0.1:62432] for POST '/session/de658a458dd22ced758da127660f97ad/element'
21:01:30.199 [AsyncHttpClient-1-4] DEBUG org.asynchttpclient.netty.handler.HttpHandler - 

Request DefaultHttpRequest(decodeResult: success, version: HTTP/1.1)
POST /session/de658a458dd22ced758da127660f97ad/element HTTP/1.1
User-Agent: selenium/4.1.2 (java windows)
Content-Length: 150
Content-Type: application/json; charset=utf-8
host: localhost:62432
accept: */*

Response DefaultHttpResponse(decodeResult: success, version: HTTP/1.1)
HTTP/1.1 200 OK
Content-Type: application/json; charset=utf-8
cache-control: no-cache
content-length: 88

21:01:30.199 [AsyncHttpClient-1-4] DEBUG org.asynchttpclient.netty.channel.ChannelManager - Adding key: http://localhost:62432 for channel [id: 0x7d99420f, L:/127.0.0.1:52906 - R:localhost/127.0.0.1:62432]
21:01:30.200 [Forwarding getElementTagName on session de658a458dd22ced758da127660f97ad to remote] DEBUG org.asynchttpclient.netty.request.NettyRequestSender - Using pooled Channel '[id: 0x7d99420f, L:/127.0.0.1:52906 - R:localhost/127.0.0.1:62432]' for 'GET' to 'http://localhost:62432/session/de658a458dd22ced758da127660f97ad/element/37377691-49d8-4ac6-8b31-1f0e0de3bca7/name'
21:01:30.200 [Forwarding getElementTagName on session de658a458dd22ced758da127660f97ad to remote] DEBUG org.asynchttpclient.netty.request.NettyRequestSender - Using open Channel [id: 0x7d99420f, L:/127.0.0.1:52906 - R:localhost/127.0.0.1:62432] for GET '/session/de658a458dd22ced758da127660f97ad/element/37377691-49d8-4ac6-8b31-1f0e0de3bca7/name'
21:01:30.204 [AsyncHttpClient-1-4] DEBUG org.asynchttpclient.netty.handler.HttpHandler - 

Request DefaultFullHttpRequest(decodeResult: success, version: HTTP/1.1, content: EmptyByteBufBE)
GET /session/de658a458dd22ced758da127660f97ad/element/37377691-49d8-4ac6-8b31-1f0e0de3bca7/name HTTP/1.1
User-Agent: selenium/4.1.2 (java windows)
Cache-Control: no-cache
Content-Type: application/json; charset=utf-8
host: localhost:62432
accept: */*

Response DefaultHttpResponse(decodeResult: success, version: HTTP/1.1)
HTTP/1.1 200 OK
Content-Type: application/json; charset=utf-8
cache-control: no-cache
content-length: 18

21:01:30.204 [AsyncHttpClient-1-4] DEBUG org.asynchttpclient.netty.channel.ChannelManager - Adding key: http://localhost:62432 for channel [id: 0x7d99420f, L:/127.0.0.1:52906 - R:localhost/127.0.0.1:62432]
21:01:30.206 [Forwarding getElementTagName on session de658a458dd22ced758da127660f97ad to remote] DEBUG org.asynchttpclient.netty.request.NettyRequestSender - Using pooled Channel '[id: 0x7d99420f, L:/127.0.0.1:52906 - R:localhost/127.0.0.1:62432]' for 'GET' to 'http://localhost:62432/session/de658a458dd22ced758da127660f97ad/element/37377691-49d8-4ac6-8b31-1f0e0de3bca7/name'
21:01:30.206 [Forwarding getElementTagName on session de658a458dd22ced758da127660f97ad to remote] DEBUG org.asynchttpclient.netty.request.NettyRequestSender - Using open Channel [id: 0x7d99420f, L:/127.0.0.1:52906 - R:localhost/127.0.0.1:62432] for GET '/session/de658a458dd22ced758da127660f97ad/element/37377691-49d8-4ac6-8b31-1f0e0de3bca7/name'
21:01:30.209 [AsyncHttpClient-1-4] DEBUG org.asynchttpclient.netty.handler.HttpHandler - 

Request DefaultFullHttpRequest(decodeResult: success, version: HTTP/1.1, content: EmptyByteBufBE)
GET /session/de658a458dd22ced758da127660f97ad/element/37377691-49d8-4ac6-8b31-1f0e0de3bca7/name HTTP/1.1
User-Agent: selenium/4.1.2 (java windows)
Cache-Control: no-cache
Content-Type: application/json; charset=utf-8
host: localhost:62432
accept: */*

Response DefaultHttpResponse(decodeResult: success, version: HTTP/1.1)
HTTP/1.1 200 OK
Content-Type: application/json; charset=utf-8
cache-control: no-cache
content-length: 18

21:01:30.210 [AsyncHttpClient-1-4] DEBUG org.asynchttpclient.netty.channel.ChannelManager - Adding key: http://localhost:62432 for channel [id: 0x7d99420f, L:/127.0.0.1:52906 - R:localhost/127.0.0.1:62432]
21:01:30.212 [Forwarding isElementEnabled on session de658a458dd22ced758da127660f97ad to remote] DEBUG org.asynchttpclient.netty.request.NettyRequestSender - Using pooled Channel '[id: 0x7d99420f, L:/127.0.0.1:52906 - R:localhost/127.0.0.1:62432]' for 'GET' to 'http://localhost:62432/session/de658a458dd22ced758da127660f97ad/element/37377691-49d8-4ac6-8b31-1f0e0de3bca7/enabled'
21:01:30.212 [Forwarding isElementEnabled on session de658a458dd22ced758da127660f97ad to remote] DEBUG org.asynchttpclient.netty.request.NettyRequestSender - Using open Channel [id: 0x7d99420f, L:/127.0.0.1:52906 - R:localhost/127.0.0.1:62432] for GET '/session/de658a458dd22ced758da127660f97ad/element/37377691-49d8-4ac6-8b31-1f0e0de3bca7/enabled'
21:01:30.218 [AsyncHttpClient-1-4] DEBUG org.asynchttpclient.netty.handler.HttpHandler - 

Request DefaultFullHttpRequest(decodeResult: success, version: HTTP/1.1, content: EmptyByteBufBE)
GET /session/de658a458dd22ced758da127660f97ad/element/37377691-49d8-4ac6-8b31-1f0e0de3bca7/enabled HTTP/1.1
User-Agent: selenium/4.1.2 (java windows)
Cache-Control: no-cache
Content-Type: application/json; charset=utf-8
host: localhost:62432
accept: */*

Response DefaultHttpResponse(decodeResult: success, version: HTTP/1.1)
HTTP/1.1 200 OK
Content-Type: application/json; charset=utf-8
cache-control: no-cache
content-length: 14

21:01:30.218 [AsyncHttpClient-1-4] DEBUG org.asynchttpclient.netty.channel.ChannelManager - Adding key: http://localhost:62432 for channel [id: 0x7d99420f, L:/127.0.0.1:52906 - R:localhost/127.0.0.1:62432]
21:01:30.219 [Forwarding isElementEnabled on session de658a458dd22ced758da127660f97ad to remote] DEBUG org.asynchttpclient.netty.request.NettyRequestSender - Using pooled Channel '[id: 0x7d99420f, L:/127.0.0.1:52906 - R:localhost/127.0.0.1:62432]' for 'GET' to 'http://localhost:62432/session/de658a458dd22ced758da127660f97ad/element/37377691-49d8-4ac6-8b31-1f0e0de3bca7/enabled'
21:01:30.219 [Forwarding isElementEnabled on session de658a458dd22ced758da127660f97ad to remote] DEBUG org.asynchttpclient.netty.request.NettyRequestSender - Using open Channel [id: 0x7d99420f, L:/127.0.0.1:52906 - R:localhost/127.0.0.1:62432] for GET '/session/de658a458dd22ced758da127660f97ad/element/37377691-49d8-4ac6-8b31-1f0e0de3bca7/enabled'
21:01:30.225 [AsyncHttpClient-1-4] DEBUG org.asynchttpclient.netty.handler.HttpHandler - 

Request DefaultFullHttpRequest(decodeResult: success, version: HTTP/1.1, content: EmptyByteBufBE)
GET /session/de658a458dd22ced758da127660f97ad/element/37377691-49d8-4ac6-8b31-1f0e0de3bca7/enabled HTTP/1.1
User-Agent: selenium/4.1.2 (java windows)
Cache-Control: no-cache
Content-Type: application/json; charset=utf-8
host: localhost:62432
accept: */*

Response DefaultHttpResponse(decodeResult: success, version: HTTP/1.1)
HTTP/1.1 200 OK
Content-Type: application/json; charset=utf-8
cache-control: no-cache
content-length: 14

21:01:30.226 [AsyncHttpClient-1-4] DEBUG org.asynchttpclient.netty.channel.ChannelManager - Adding key: http://localhost:62432 for channel [id: 0x7d99420f, L:/127.0.0.1:52906 - R:localhost/127.0.0.1:62432]
21:01:30.227 [Forwarding findElement on session de658a458dd22ced758da127660f97ad to remote] DEBUG org.asynchttpclient.netty.request.NettyRequestSender - Using pooled Channel '[id: 0x7d99420f, L:/127.0.0.1:52906 - R:localhost/127.0.0.1:62432]' for 'POST' to 'http://localhost:62432/session/de658a458dd22ced758da127660f97ad/element'
21:01:30.228 [Forwarding findElement on session de658a458dd22ced758da127660f97ad to remote] DEBUG org.asynchttpclient.netty.request.NettyRequestSender - Using open Channel [id: 0x7d99420f, L:/127.0.0.1:52906 - R:localhost/127.0.0.1:62432] for POST '/session/de658a458dd22ced758da127660f97ad/element'
21:01:30.244 [AsyncHttpClient-1-4] DEBUG org.asynchttpclient.netty.handler.HttpHandler - 

Request DefaultHttpRequest(decodeResult: success, version: HTTP/1.1)
POST /session/de658a458dd22ced758da127660f97ad/element HTTP/1.1
User-Agent: selenium/4.1.2 (java windows)
Content-Length: 150
Content-Type: application/json; charset=utf-8
host: localhost:62432
accept: */*

Response DefaultHttpResponse(decodeResult: success, version: HTTP/1.1)
HTTP/1.1 200 OK
Content-Type: application/json; charset=utf-8
cache-control: no-cache
content-length: 88

21:01:30.245 [AsyncHttpClient-1-4] DEBUG org.asynchttpclient.netty.channel.ChannelManager - Adding key: http://localhost:62432 for channel [id: 0x7d99420f, L:/127.0.0.1:52906 - R:localhost/127.0.0.1:62432]
21:01:30.246 [Forwarding clickElement on session de658a458dd22ced758da127660f97ad to remote] DEBUG org.asynchttpclient.netty.request.NettyRequestSender - Using pooled Channel '[id: 0x7d99420f, L:/127.0.0.1:52906 - R:localhost/127.0.0.1:62432]' for 'POST' to 'http://localhost:62432/session/de658a458dd22ced758da127660f97ad/element/37377691-49d8-4ac6-8b31-1f0e0de3bca7/click'
21:01:30.247 [Forwarding clickElement on session de658a458dd22ced758da127660f97ad to remote] DEBUG org.asynchttpclient.netty.request.NettyRequestSender - Using open Channel [id: 0x7d99420f, L:/127.0.0.1:52906 - R:localhost/127.0.0.1:62432] for POST '/session/de658a458dd22ced758da127660f97ad/element/37377691-49d8-4ac6-8b31-1f0e0de3bca7/click'
21:01:30.366 [AsyncHttpClient-1-4] DEBUG org.asynchttpclient.netty.handler.HttpHandler - 

Request DefaultHttpRequest(decodeResult: success, version: HTTP/1.1)
POST /session/de658a458dd22ced758da127660f97ad/element/37377691-49d8-4ac6-8b31-1f0e0de3bca7/click HTTP/1.1
User-Agent: selenium/4.1.2 (java windows)
Content-Length: 50
Content-Type: application/json; charset=utf-8
host: localhost:62432
accept: */*

Response DefaultHttpResponse(decodeResult: success, version: HTTP/1.1)
HTTP/1.1 200 OK
Content-Type: application/json; charset=utf-8
cache-control: no-cache
content-length: 14

21:01:30.367 [AsyncHttpClient-1-4] DEBUG org.asynchttpclient.netty.channel.ChannelManager - Adding key: http://localhost:62432 for channel [id: 0x7d99420f, L:/127.0.0.1:52906 - R:localhost/127.0.0.1:62432]
21:01:30.378 [Forwarding screenshot on session de658a458dd22ced758da127660f97ad to remote] DEBUG org.asynchttpclient.netty.request.NettyRequestSender - Using pooled Channel '[id: 0x7d99420f, L:/127.0.0.1:52906 - R:localhost/127.0.0.1:62432]' for 'GET' to 'http://localhost:62432/session/de658a458dd22ced758da127660f97ad/screenshot'
21:01:30.378 [Forwarding screenshot on session de658a458dd22ced758da127660f97ad to remote] DEBUG org.asynchttpclient.netty.request.NettyRequestSender - Using open Channel [id: 0x7d99420f, L:/127.0.0.1:52906 - R:localhost/127.0.0.1:62432] for GET '/session/de658a458dd22ced758da127660f97ad/screenshot'
21:01:30.742 [AsyncHttpClient-1-1] DEBUG org.asynchttpclient.netty.channel.DefaultChannelPool - Entry count for : http://localhost:52907 : 1
21:01:30.803 [AsyncHttpClient-1-4] DEBUG org.asynchttpclient.netty.handler.HttpHandler - 

Request DefaultFullHttpRequest(decodeResult: success, version: HTTP/1.1, content: EmptyByteBufBE)
GET /session/de658a458dd22ced758da127660f97ad/screenshot HTTP/1.1
User-Agent: selenium/4.1.2 (java windows)
Cache-Control: no-cache
Content-Type: application/json; charset=utf-8
host: localhost:62432
accept: */*

Response DefaultHttpResponse(decodeResult: success, version: HTTP/1.1)
HTTP/1.1 200 OK
Content-Type: application/json; charset=utf-8
cache-control: no-cache
content-length: 101876

21:01:30.804 [AsyncHttpClient-1-4] DEBUG org.asynchttpclient.netty.channel.ChannelManager - Adding key: http://localhost:62432 for channel [id: 0x7d99420f, L:/127.0.0.1:52906 - R:localhost/127.0.0.1:62432]
21:01:30.816 [main] DEBUG net.serenitybdd.core.photography.Darkroom - Send negative for processing for target\site\serenity\dffce4d84e705f8429c3339b9acf54c3e04e49922ac798181489104c97b8b8c1.png
21:01:30.817 [main] DEBUG net.thucydides.core.steps.StepInterceptor - STEP DONE: clickItems2
21:01:30.817 [Darkroom Processing Line] DEBUG net.serenitybdd.core.photography.DarkroomProcessingLine - Processing screenshot image in /var/screenshots/screenshot-3700199025751516818
21:01:30.817 [Darkroom Processing Line] DEBUG net.serenitybdd.core.photography.DarkroomProcessingLine - Saving screenshot to target\site\serenity\dffce4d84e705f8429c3339b9acf54c3e04e49922ac798181489104c97b8b8c1.png
21:01:30.832 [main] DEBUG net.thucydides.core.steps.StepInterceptor - STARTING STEP: TransactionSteps.userClickItems - clickItems3
21:01:30.839 [Forwarding findElement on session de658a458dd22ced758da127660f97ad to remote] DEBUG org.asynchttpclient.netty.request.NettyRequestSender - Using pooled Channel '[id: 0x7d99420f, L:/127.0.0.1:52906 - R:localhost/127.0.0.1:62432]' for 'POST' to 'http://localhost:62432/session/de658a458dd22ced758da127660f97ad/element'
21:01:30.839 [Forwarding findElement on session de658a458dd22ced758da127660f97ad to remote] DEBUG org.asynchttpclient.netty.request.NettyRequestSender - Using open Channel [id: 0x7d99420f, L:/127.0.0.1:52906 - R:localhost/127.0.0.1:62432] for POST '/session/de658a458dd22ced758da127660f97ad/element'
21:01:30.925 [AsyncHttpClient-1-4] DEBUG org.asynchttpclient.netty.handler.HttpHandler - 

Request DefaultHttpRequest(decodeResult: success, version: HTTP/1.1)
POST /session/de658a458dd22ced758da127660f97ad/element HTTP/1.1
User-Agent: selenium/4.1.2 (java windows)
Content-Length: 150
Content-Type: application/json; charset=utf-8
host: localhost:62432
accept: */*

Response DefaultHttpResponse(decodeResult: success, version: HTTP/1.1)
HTTP/1.1 200 OK
Content-Type: application/json; charset=utf-8
cache-control: no-cache
content-length: 88

21:01:30.926 [AsyncHttpClient-1-4] DEBUG org.asynchttpclient.netty.channel.ChannelManager - Adding key: http://localhost:62432 for channel [id: 0x7d99420f, L:/127.0.0.1:52906 - R:localhost/127.0.0.1:62432]
21:01:30.928 [Forwarding getElementTagName on session de658a458dd22ced758da127660f97ad to remote] DEBUG org.asynchttpclient.netty.request.NettyRequestSender - Using pooled Channel '[id: 0x7d99420f, L:/127.0.0.1:52906 - R:localhost/127.0.0.1:62432]' for 'GET' to 'http://localhost:62432/session/de658a458dd22ced758da127660f97ad/element/1642d6b1-5749-4425-ac36-8b6b991850c5/name'
21:01:30.928 [Forwarding getElementTagName on session de658a458dd22ced758da127660f97ad to remote] DEBUG org.asynchttpclient.netty.request.NettyRequestSender - Using open Channel [id: 0x7d99420f, L:/127.0.0.1:52906 - R:localhost/127.0.0.1:62432] for GET '/session/de658a458dd22ced758da127660f97ad/element/1642d6b1-5749-4425-ac36-8b6b991850c5/name'
21:01:30.946 [AsyncHttpClient-1-4] DEBUG org.asynchttpclient.netty.handler.HttpHandler - 

Request DefaultFullHttpRequest(decodeResult: success, version: HTTP/1.1, content: EmptyByteBufBE)
GET /session/de658a458dd22ced758da127660f97ad/element/1642d6b1-5749-4425-ac36-8b6b991850c5/name HTTP/1.1
User-Agent: selenium/4.1.2 (java windows)
Cache-Control: no-cache
Content-Type: application/json; charset=utf-8
host: localhost:62432
accept: */*

Response DefaultHttpResponse(decodeResult: success, version: HTTP/1.1)
HTTP/1.1 200 OK
Content-Type: application/json; charset=utf-8
cache-control: no-cache
content-length: 18

21:01:30.946 [AsyncHttpClient-1-4] DEBUG org.asynchttpclient.netty.channel.ChannelManager - Adding key: http://localhost:62432 for channel [id: 0x7d99420f, L:/127.0.0.1:52906 - R:localhost/127.0.0.1:62432]
21:01:30.949 [Forwarding getElementTagName on session de658a458dd22ced758da127660f97ad to remote] DEBUG org.asynchttpclient.netty.request.NettyRequestSender - Using pooled Channel '[id: 0x7d99420f, L:/127.0.0.1:52906 - R:localhost/127.0.0.1:62432]' for 'GET' to 'http://localhost:62432/session/de658a458dd22ced758da127660f97ad/element/1642d6b1-5749-4425-ac36-8b6b991850c5/name'
21:01:30.950 [Forwarding getElementTagName on session de658a458dd22ced758da127660f97ad to remote] DEBUG org.asynchttpclient.netty.request.NettyRequestSender - Using open Channel [id: 0x7d99420f, L:/127.0.0.1:52906 - R:localhost/127.0.0.1:62432] for GET '/session/de658a458dd22ced758da127660f97ad/element/1642d6b1-5749-4425-ac36-8b6b991850c5/name'
21:01:30.962 [AsyncHttpClient-1-4] DEBUG org.asynchttpclient.netty.handler.HttpHandler - 

Request DefaultFullHttpRequest(decodeResult: success, version: HTTP/1.1, content: EmptyByteBufBE)
GET /session/de658a458dd22ced758da127660f97ad/element/1642d6b1-5749-4425-ac36-8b6b991850c5/name HTTP/1.1
User-Agent: selenium/4.1.2 (java windows)
Cache-Control: no-cache
Content-Type: application/json; charset=utf-8
host: localhost:62432
accept: */*

Response DefaultHttpResponse(decodeResult: success, version: HTTP/1.1)
HTTP/1.1 200 OK
Content-Type: application/json; charset=utf-8
cache-control: no-cache
content-length: 18

21:01:30.963 [AsyncHttpClient-1-4] DEBUG org.asynchttpclient.netty.channel.ChannelManager - Adding key: http://localhost:62432 for channel [id: 0x7d99420f, L:/127.0.0.1:52906 - R:localhost/127.0.0.1:62432]
21:01:30.967 [Forwarding isElementEnabled on session de658a458dd22ced758da127660f97ad to remote] DEBUG org.asynchttpclient.netty.request.NettyRequestSender - Using pooled Channel '[id: 0x7d99420f, L:/127.0.0.1:52906 - R:localhost/127.0.0.1:62432]' for 'GET' to 'http://localhost:62432/session/de658a458dd22ced758da127660f97ad/element/1642d6b1-5749-4425-ac36-8b6b991850c5/enabled'
21:01:30.967 [Forwarding isElementEnabled on session de658a458dd22ced758da127660f97ad to remote] DEBUG org.asynchttpclient.netty.request.NettyRequestSender - Using open Channel [id: 0x7d99420f, L:/127.0.0.1:52906 - R:localhost/127.0.0.1:62432] for GET '/session/de658a458dd22ced758da127660f97ad/element/1642d6b1-5749-4425-ac36-8b6b991850c5/enabled'
21:01:30.978 [AsyncHttpClient-1-4] DEBUG org.asynchttpclient.netty.handler.HttpHandler - 

Request DefaultFullHttpRequest(decodeResult: success, version: HTTP/1.1, content: EmptyByteBufBE)
GET /session/de658a458dd22ced758da127660f97ad/element/1642d6b1-5749-4425-ac36-8b6b991850c5/enabled HTTP/1.1
User-Agent: selenium/4.1.2 (java windows)
Cache-Control: no-cache
Content-Type: application/json; charset=utf-8
host: localhost:62432
accept: */*

Response DefaultHttpResponse(decodeResult: success, version: HTTP/1.1)
HTTP/1.1 200 OK
Content-Type: application/json; charset=utf-8
cache-control: no-cache
content-length: 14

21:01:30.979 [AsyncHttpClient-1-4] DEBUG org.asynchttpclient.netty.channel.ChannelManager - Adding key: http://localhost:62432 for channel [id: 0x7d99420f, L:/127.0.0.1:52906 - R:localhost/127.0.0.1:62432]
21:01:30.981 [Forwarding isElementEnabled on session de658a458dd22ced758da127660f97ad to remote] DEBUG org.asynchttpclient.netty.request.NettyRequestSender - Using pooled Channel '[id: 0x7d99420f, L:/127.0.0.1:52906 - R:localhost/127.0.0.1:62432]' for 'GET' to 'http://localhost:62432/session/de658a458dd22ced758da127660f97ad/element/1642d6b1-5749-4425-ac36-8b6b991850c5/enabled'
21:01:30.981 [Forwarding isElementEnabled on session de658a458dd22ced758da127660f97ad to remote] DEBUG org.asynchttpclient.netty.request.NettyRequestSender - Using open Channel [id: 0x7d99420f, L:/127.0.0.1:52906 - R:localhost/127.0.0.1:62432] for GET '/session/de658a458dd22ced758da127660f97ad/element/1642d6b1-5749-4425-ac36-8b6b991850c5/enabled'
21:01:30.989 [AsyncHttpClient-1-4] DEBUG org.asynchttpclient.netty.handler.HttpHandler - 

Request DefaultFullHttpRequest(decodeResult: success, version: HTTP/1.1, content: EmptyByteBufBE)
GET /session/de658a458dd22ced758da127660f97ad/element/1642d6b1-5749-4425-ac36-8b6b991850c5/enabled HTTP/1.1
User-Agent: selenium/4.1.2 (java windows)
Cache-Control: no-cache
Content-Type: application/json; charset=utf-8
host: localhost:62432
accept: */*

Response DefaultHttpResponse(decodeResult: success, version: HTTP/1.1)
HTTP/1.1 200 OK
Content-Type: application/json; charset=utf-8
cache-control: no-cache
content-length: 14

21:01:30.989 [AsyncHttpClient-1-4] DEBUG org.asynchttpclient.netty.channel.ChannelManager - Adding key: http://localhost:62432 for channel [id: 0x7d99420f, L:/127.0.0.1:52906 - R:localhost/127.0.0.1:62432]
21:01:30.992 [Forwarding findElement on session de658a458dd22ced758da127660f97ad to remote] DEBUG org.asynchttpclient.netty.request.NettyRequestSender - Using pooled Channel '[id: 0x7d99420f, L:/127.0.0.1:52906 - R:localhost/127.0.0.1:62432]' for 'POST' to 'http://localhost:62432/session/de658a458dd22ced758da127660f97ad/element'
21:01:30.992 [Forwarding findElement on session de658a458dd22ced758da127660f97ad to remote] DEBUG org.asynchttpclient.netty.request.NettyRequestSender - Using open Channel [id: 0x7d99420f, L:/127.0.0.1:52906 - R:localhost/127.0.0.1:62432] for POST '/session/de658a458dd22ced758da127660f97ad/element'
21:01:31.008 [AsyncHttpClient-1-4] DEBUG org.asynchttpclient.netty.handler.HttpHandler - 

Request DefaultHttpRequest(decodeResult: success, version: HTTP/1.1)
POST /session/de658a458dd22ced758da127660f97ad/element HTTP/1.1
User-Agent: selenium/4.1.2 (java windows)
Content-Length: 150
Content-Type: application/json; charset=utf-8
host: localhost:62432
accept: */*

Response DefaultHttpResponse(decodeResult: success, version: HTTP/1.1)
HTTP/1.1 200 OK
Content-Type: application/json; charset=utf-8
cache-control: no-cache
content-length: 88

21:01:31.009 [AsyncHttpClient-1-4] DEBUG org.asynchttpclient.netty.channel.ChannelManager - Adding key: http://localhost:62432 for channel [id: 0x7d99420f, L:/127.0.0.1:52906 - R:localhost/127.0.0.1:62432]
21:01:31.011 [Forwarding clickElement on session de658a458dd22ced758da127660f97ad to remote] DEBUG org.asynchttpclient.netty.request.NettyRequestSender - Using pooled Channel '[id: 0x7d99420f, L:/127.0.0.1:52906 - R:localhost/127.0.0.1:62432]' for 'POST' to 'http://localhost:62432/session/de658a458dd22ced758da127660f97ad/element/1642d6b1-5749-4425-ac36-8b6b991850c5/click'
21:01:31.011 [Forwarding clickElement on session de658a458dd22ced758da127660f97ad to remote] DEBUG org.asynchttpclient.netty.request.NettyRequestSender - Using open Channel [id: 0x7d99420f, L:/127.0.0.1:52906 - R:localhost/127.0.0.1:62432] for POST '/session/de658a458dd22ced758da127660f97ad/element/1642d6b1-5749-4425-ac36-8b6b991850c5/click'
21:01:31.123 [AsyncHttpClient-1-4] DEBUG org.asynchttpclient.netty.handler.HttpHandler - 

Request DefaultHttpRequest(decodeResult: success, version: HTTP/1.1)
POST /session/de658a458dd22ced758da127660f97ad/element/1642d6b1-5749-4425-ac36-8b6b991850c5/click HTTP/1.1
User-Agent: selenium/4.1.2 (java windows)
Content-Length: 50
Content-Type: application/json; charset=utf-8
host: localhost:62432
accept: */*

Response DefaultHttpResponse(decodeResult: success, version: HTTP/1.1)
HTTP/1.1 200 OK
Content-Type: application/json; charset=utf-8
cache-control: no-cache
content-length: 14

21:01:31.123 [AsyncHttpClient-1-4] DEBUG org.asynchttpclient.netty.channel.ChannelManager - Adding key: http://localhost:62432 for channel [id: 0x7d99420f, L:/127.0.0.1:52906 - R:localhost/127.0.0.1:62432]
21:01:31.129 [Forwarding screenshot on session de658a458dd22ced758da127660f97ad to remote] DEBUG org.asynchttpclient.netty.request.NettyRequestSender - Using pooled Channel '[id: 0x7d99420f, L:/127.0.0.1:52906 - R:localhost/127.0.0.1:62432]' for 'GET' to 'http://localhost:62432/session/de658a458dd22ced758da127660f97ad/screenshot'
21:01:31.129 [Forwarding screenshot on session de658a458dd22ced758da127660f97ad to remote] DEBUG org.asynchttpclient.netty.request.NettyRequestSender - Using open Channel [id: 0x7d99420f, L:/127.0.0.1:52906 - R:localhost/127.0.0.1:62432] for GET '/session/de658a458dd22ced758da127660f97ad/screenshot'
21:01:31.397 [AsyncHttpClient-1-4] DEBUG org.asynchttpclient.netty.handler.HttpHandler - 

Request DefaultFullHttpRequest(decodeResult: success, version: HTTP/1.1, content: EmptyByteBufBE)
GET /session/de658a458dd22ced758da127660f97ad/screenshot HTTP/1.1
User-Agent: selenium/4.1.2 (java windows)
Cache-Control: no-cache
Content-Type: application/json; charset=utf-8
host: localhost:62432
accept: */*

Response DefaultHttpResponse(decodeResult: success, version: HTTP/1.1)
HTTP/1.1 200 OK
Content-Type: application/json; charset=utf-8
cache-control: no-cache
content-length: 102296

21:01:31.398 [AsyncHttpClient-1-4] DEBUG org.asynchttpclient.netty.channel.ChannelManager - Adding key: http://localhost:62432 for channel [id: 0x7d99420f, L:/127.0.0.1:52906 - R:localhost/127.0.0.1:62432]
21:01:31.405 [main] DEBUG net.serenitybdd.core.photography.Darkroom - Send negative for processing for target\site\serenity\907e8b3b48a8d784ecb9db6fd1af62a94520c6c36175e25a87a2a89de28f8d8d.png
21:01:31.405 [main] DEBUG net.thucydides.core.steps.StepInterceptor - STEP DONE: clickItems3
21:01:31.405 [Darkroom Processing Line] DEBUG net.serenitybdd.core.photography.DarkroomProcessingLine - Processing screenshot image in /var/screenshots/screenshot-8003405092807385031
21:01:31.405 [Darkroom Processing Line] DEBUG net.serenitybdd.core.photography.DarkroomProcessingLine - Saving screenshot to target\site\serenity\907e8b3b48a8d784ecb9db6fd1af62a94520c6c36175e25a87a2a89de28f8d8d.png
21:01:31.416 [main] DEBUG net.thucydides.core.steps.StepInterceptor - STARTING STEP: TransactionSteps.userClickItems - clickItems3
21:01:31.421 [Forwarding findElement on session de658a458dd22ced758da127660f97ad to remote] DEBUG org.asynchttpclient.netty.request.NettyRequestSender - Using pooled Channel '[id: 0x7d99420f, L:/127.0.0.1:52906 - R:localhost/127.0.0.1:62432]' for 'POST' to 'http://localhost:62432/session/de658a458dd22ced758da127660f97ad/element'
21:01:31.421 [Forwarding findElement on session de658a458dd22ced758da127660f97ad to remote] DEBUG org.asynchttpclient.netty.request.NettyRequestSender - Using open Channel [id: 0x7d99420f, L:/127.0.0.1:52906 - R:localhost/127.0.0.1:62432] for POST '/session/de658a458dd22ced758da127660f97ad/element'
21:01:31.435 [AsyncHttpClient-1-4] DEBUG org.asynchttpclient.netty.handler.HttpHandler - 

Request DefaultHttpRequest(decodeResult: success, version: HTTP/1.1)
POST /session/de658a458dd22ced758da127660f97ad/element HTTP/1.1
User-Agent: selenium/4.1.2 (java windows)
Content-Length: 150
Content-Type: application/json; charset=utf-8
host: localhost:62432
accept: */*

Response DefaultHttpResponse(decodeResult: success, version: HTTP/1.1)
HTTP/1.1 200 OK
Content-Type: application/json; charset=utf-8
cache-control: no-cache
content-length: 88

21:01:31.435 [AsyncHttpClient-1-4] DEBUG org.asynchttpclient.netty.channel.ChannelManager - Adding key: http://localhost:62432 for channel [id: 0x7d99420f, L:/127.0.0.1:52906 - R:localhost/127.0.0.1:62432]
21:01:31.437 [Forwarding getElementTagName on session de658a458dd22ced758da127660f97ad to remote] DEBUG org.asynchttpclient.netty.request.NettyRequestSender - Using pooled Channel '[id: 0x7d99420f, L:/127.0.0.1:52906 - R:localhost/127.0.0.1:62432]' for 'GET' to 'http://localhost:62432/session/de658a458dd22ced758da127660f97ad/element/1642d6b1-5749-4425-ac36-8b6b991850c5/name'
21:01:31.437 [Forwarding getElementTagName on session de658a458dd22ced758da127660f97ad to remote] DEBUG org.asynchttpclient.netty.request.NettyRequestSender - Using open Channel [id: 0x7d99420f, L:/127.0.0.1:52906 - R:localhost/127.0.0.1:62432] for GET '/session/de658a458dd22ced758da127660f97ad/element/1642d6b1-5749-4425-ac36-8b6b991850c5/name'
21:01:31.441 [AsyncHttpClient-1-4] DEBUG org.asynchttpclient.netty.handler.HttpHandler - 

Request DefaultFullHttpRequest(decodeResult: success, version: HTTP/1.1, content: EmptyByteBufBE)
GET /session/de658a458dd22ced758da127660f97ad/element/1642d6b1-5749-4425-ac36-8b6b991850c5/name HTTP/1.1
User-Agent: selenium/4.1.2 (java windows)
Cache-Control: no-cache
Content-Type: application/json; charset=utf-8
host: localhost:62432
accept: */*

Response DefaultHttpResponse(decodeResult: success, version: HTTP/1.1)
HTTP/1.1 200 OK
Content-Type: application/json; charset=utf-8
cache-control: no-cache
content-length: 18

21:01:31.441 [AsyncHttpClient-1-4] DEBUG org.asynchttpclient.netty.channel.ChannelManager - Adding key: http://localhost:62432 for channel [id: 0x7d99420f, L:/127.0.0.1:52906 - R:localhost/127.0.0.1:62432]
21:01:31.442 [Forwarding getElementTagName on session de658a458dd22ced758da127660f97ad to remote] DEBUG org.asynchttpclient.netty.request.NettyRequestSender - Using pooled Channel '[id: 0x7d99420f, L:/127.0.0.1:52906 - R:localhost/127.0.0.1:62432]' for 'GET' to 'http://localhost:62432/session/de658a458dd22ced758da127660f97ad/element/1642d6b1-5749-4425-ac36-8b6b991850c5/name'
21:01:31.443 [Forwarding getElementTagName on session de658a458dd22ced758da127660f97ad to remote] DEBUG org.asynchttpclient.netty.request.NettyRequestSender - Using open Channel [id: 0x7d99420f, L:/127.0.0.1:52906 - R:localhost/127.0.0.1:62432] for GET '/session/de658a458dd22ced758da127660f97ad/element/1642d6b1-5749-4425-ac36-8b6b991850c5/name'
21:01:31.447 [AsyncHttpClient-1-4] DEBUG org.asynchttpclient.netty.handler.HttpHandler - 

Request DefaultFullHttpRequest(decodeResult: success, version: HTTP/1.1, content: EmptyByteBufBE)
GET /session/de658a458dd22ced758da127660f97ad/element/1642d6b1-5749-4425-ac36-8b6b991850c5/name HTTP/1.1
User-Agent: selenium/4.1.2 (java windows)
Cache-Control: no-cache
Content-Type: application/json; charset=utf-8
host: localhost:62432
accept: */*

Response DefaultHttpResponse(decodeResult: success, version: HTTP/1.1)
HTTP/1.1 200 OK
Content-Type: application/json; charset=utf-8
cache-control: no-cache
content-length: 18

21:01:31.447 [AsyncHttpClient-1-4] DEBUG org.asynchttpclient.netty.channel.ChannelManager - Adding key: http://localhost:62432 for channel [id: 0x7d99420f, L:/127.0.0.1:52906 - R:localhost/127.0.0.1:62432]
21:01:31.450 [Forwarding isElementEnabled on session de658a458dd22ced758da127660f97ad to remote] DEBUG org.asynchttpclient.netty.request.NettyRequestSender - Using pooled Channel '[id: 0x7d99420f, L:/127.0.0.1:52906 - R:localhost/127.0.0.1:62432]' for 'GET' to 'http://localhost:62432/session/de658a458dd22ced758da127660f97ad/element/1642d6b1-5749-4425-ac36-8b6b991850c5/enabled'
21:01:31.450 [Forwarding isElementEnabled on session de658a458dd22ced758da127660f97ad to remote] DEBUG org.asynchttpclient.netty.request.NettyRequestSender - Using open Channel [id: 0x7d99420f, L:/127.0.0.1:52906 - R:localhost/127.0.0.1:62432] for GET '/session/de658a458dd22ced758da127660f97ad/element/1642d6b1-5749-4425-ac36-8b6b991850c5/enabled'
21:01:31.458 [AsyncHttpClient-1-4] DEBUG org.asynchttpclient.netty.handler.HttpHandler - 

Request DefaultFullHttpRequest(decodeResult: success, version: HTTP/1.1, content: EmptyByteBufBE)
GET /session/de658a458dd22ced758da127660f97ad/element/1642d6b1-5749-4425-ac36-8b6b991850c5/enabled HTTP/1.1
User-Agent: selenium/4.1.2 (java windows)
Cache-Control: no-cache
Content-Type: application/json; charset=utf-8
host: localhost:62432
accept: */*

Response DefaultHttpResponse(decodeResult: success, version: HTTP/1.1)
HTTP/1.1 200 OK
Content-Type: application/json; charset=utf-8
cache-control: no-cache
content-length: 14

21:01:31.458 [AsyncHttpClient-1-4] DEBUG org.asynchttpclient.netty.channel.ChannelManager - Adding key: http://localhost:62432 for channel [id: 0x7d99420f, L:/127.0.0.1:52906 - R:localhost/127.0.0.1:62432]
21:01:31.460 [Forwarding isElementEnabled on session de658a458dd22ced758da127660f97ad to remote] DEBUG org.asynchttpclient.netty.request.NettyRequestSender - Using pooled Channel '[id: 0x7d99420f, L:/127.0.0.1:52906 - R:localhost/127.0.0.1:62432]' for 'GET' to 'http://localhost:62432/session/de658a458dd22ced758da127660f97ad/element/1642d6b1-5749-4425-ac36-8b6b991850c5/enabled'
21:01:31.460 [Forwarding isElementEnabled on session de658a458dd22ced758da127660f97ad to remote] DEBUG org.asynchttpclient.netty.request.NettyRequestSender - Using open Channel [id: 0x7d99420f, L:/127.0.0.1:52906 - R:localhost/127.0.0.1:62432] for GET '/session/de658a458dd22ced758da127660f97ad/element/1642d6b1-5749-4425-ac36-8b6b991850c5/enabled'
21:01:31.467 [AsyncHttpClient-1-4] DEBUG org.asynchttpclient.netty.handler.HttpHandler - 

Request DefaultFullHttpRequest(decodeResult: success, version: HTTP/1.1, content: EmptyByteBufBE)
GET /session/de658a458dd22ced758da127660f97ad/element/1642d6b1-5749-4425-ac36-8b6b991850c5/enabled HTTP/1.1
User-Agent: selenium/4.1.2 (java windows)
Cache-Control: no-cache
Content-Type: application/json; charset=utf-8
host: localhost:62432
accept: */*

Response DefaultHttpResponse(decodeResult: success, version: HTTP/1.1)
HTTP/1.1 200 OK
Content-Type: application/json; charset=utf-8
cache-control: no-cache
content-length: 14

21:01:31.467 [AsyncHttpClient-1-4] DEBUG org.asynchttpclient.netty.channel.ChannelManager - Adding key: http://localhost:62432 for channel [id: 0x7d99420f, L:/127.0.0.1:52906 - R:localhost/127.0.0.1:62432]
21:01:31.469 [Forwarding findElement on session de658a458dd22ced758da127660f97ad to remote] DEBUG org.asynchttpclient.netty.request.NettyRequestSender - Using pooled Channel '[id: 0x7d99420f, L:/127.0.0.1:52906 - R:localhost/127.0.0.1:62432]' for 'POST' to 'http://localhost:62432/session/de658a458dd22ced758da127660f97ad/element'
21:01:31.469 [Forwarding findElement on session de658a458dd22ced758da127660f97ad to remote] DEBUG org.asynchttpclient.netty.request.NettyRequestSender - Using open Channel [id: 0x7d99420f, L:/127.0.0.1:52906 - R:localhost/127.0.0.1:62432] for POST '/session/de658a458dd22ced758da127660f97ad/element'
21:01:31.483 [AsyncHttpClient-1-4] DEBUG org.asynchttpclient.netty.handler.HttpHandler - 

Request DefaultHttpRequest(decodeResult: success, version: HTTP/1.1)
POST /session/de658a458dd22ced758da127660f97ad/element HTTP/1.1
User-Agent: selenium/4.1.2 (java windows)
Content-Length: 150
Content-Type: application/json; charset=utf-8
host: localhost:62432
accept: */*

Response DefaultHttpResponse(decodeResult: success, version: HTTP/1.1)
HTTP/1.1 200 OK
Content-Type: application/json; charset=utf-8
cache-control: no-cache
content-length: 88

21:01:31.484 [AsyncHttpClient-1-4] DEBUG org.asynchttpclient.netty.channel.ChannelManager - Adding key: http://localhost:62432 for channel [id: 0x7d99420f, L:/127.0.0.1:52906 - R:localhost/127.0.0.1:62432]
21:01:31.485 [Forwarding clickElement on session de658a458dd22ced758da127660f97ad to remote] DEBUG org.asynchttpclient.netty.request.NettyRequestSender - Using pooled Channel '[id: 0x7d99420f, L:/127.0.0.1:52906 - R:localhost/127.0.0.1:62432]' for 'POST' to 'http://localhost:62432/session/de658a458dd22ced758da127660f97ad/element/1642d6b1-5749-4425-ac36-8b6b991850c5/click'
21:01:31.485 [Forwarding clickElement on session de658a458dd22ced758da127660f97ad to remote] DEBUG org.asynchttpclient.netty.request.NettyRequestSender - Using open Channel [id: 0x7d99420f, L:/127.0.0.1:52906 - R:localhost/127.0.0.1:62432] for POST '/session/de658a458dd22ced758da127660f97ad/element/1642d6b1-5749-4425-ac36-8b6b991850c5/click'
21:01:31.589 [AsyncHttpClient-1-4] DEBUG org.asynchttpclient.netty.handler.HttpHandler - 

Request DefaultHttpRequest(decodeResult: success, version: HTTP/1.1)
POST /session/de658a458dd22ced758da127660f97ad/element/1642d6b1-5749-4425-ac36-8b6b991850c5/click HTTP/1.1
User-Agent: selenium/4.1.2 (java windows)
Content-Length: 50
Content-Type: application/json; charset=utf-8
host: localhost:62432
accept: */*

Response DefaultHttpResponse(decodeResult: success, version: HTTP/1.1)
HTTP/1.1 200 OK
Content-Type: application/json; charset=utf-8
cache-control: no-cache
content-length: 14

21:01:31.589 [AsyncHttpClient-1-4] DEBUG org.asynchttpclient.netty.channel.ChannelManager - Adding key: http://localhost:62432 for channel [id: 0x7d99420f, L:/127.0.0.1:52906 - R:localhost/127.0.0.1:62432]
21:01:31.598 [Forwarding screenshot on session de658a458dd22ced758da127660f97ad to remote] DEBUG org.asynchttpclient.netty.request.NettyRequestSender - Using pooled Channel '[id: 0x7d99420f, L:/127.0.0.1:52906 - R:localhost/127.0.0.1:62432]' for 'GET' to 'http://localhost:62432/session/de658a458dd22ced758da127660f97ad/screenshot'
21:01:31.598 [Forwarding screenshot on session de658a458dd22ced758da127660f97ad to remote] DEBUG org.asynchttpclient.netty.request.NettyRequestSender - Using open Channel [id: 0x7d99420f, L:/127.0.0.1:52906 - R:localhost/127.0.0.1:62432] for GET '/session/de658a458dd22ced758da127660f97ad/screenshot'
21:01:31.794 [AsyncHttpClient-1-1] DEBUG org.asynchttpclient.netty.channel.DefaultChannelPool - Entry count for : http://localhost:52907 : 1
21:01:31.853 [AsyncHttpClient-1-4] DEBUG org.asynchttpclient.netty.handler.HttpHandler - 

Request DefaultFullHttpRequest(decodeResult: success, version: HTTP/1.1, content: EmptyByteBufBE)
GET /session/de658a458dd22ced758da127660f97ad/screenshot HTTP/1.1
User-Agent: selenium/4.1.2 (java windows)
Cache-Control: no-cache
Content-Type: application/json; charset=utf-8
host: localhost:62432
accept: */*

Response DefaultHttpResponse(decodeResult: success, version: HTTP/1.1)
HTTP/1.1 200 OK
Content-Type: application/json; charset=utf-8
cache-control: no-cache
content-length: 101932

21:01:31.854 [AsyncHttpClient-1-4] DEBUG org.asynchttpclient.netty.channel.ChannelManager - Adding key: http://localhost:62432 for channel [id: 0x7d99420f, L:/127.0.0.1:52906 - R:localhost/127.0.0.1:62432]
21:01:31.863 [main] DEBUG net.serenitybdd.core.photography.Darkroom - Send negative for processing for target\site\serenity\756b36801530ce101b5a1a117a3b76a43cd71181258e41839dbaa1e525251560.png
21:01:31.864 [main] DEBUG net.thucydides.core.steps.StepInterceptor - STEP DONE: clickItems3
  &amp#27;[32mWhen &amp#27;[0m&amp#27;[32muser click items&amp#27;[0m                                    &amp#27;[90m# starter.stepdefenitions.TransactionSteps.userClickItems()&amp#27;[0m
21:01:31.864 [Darkroom Processing Line] DEBUG net.serenitybdd.core.photography.DarkroomProcessingLine - Processing screenshot image in /var/screenshots/screenshot-5157654177227134119
21:01:31.864 [Darkroom Processing Line] DEBUG net.serenitybdd.core.photography.DarkroomProcessingLine - Saving screenshot to target\site\serenity\756b36801530ce101b5a1a117a3b76a43cd71181258e41839dbaa1e525251560.png
21:01:31.891 [main] DEBUG net.thucydides.core.steps.StepInterceptor - STARTING STEP: ProductSteps.userToBasketPage - clickIconBasket
21:01:31.895 [Forwarding findElement on session de658a458dd22ced758da127660f97ad to remote] DEBUG org.asynchttpclient.netty.request.NettyRequestSender - Using pooled Channel '[id: 0x7d99420f, L:/127.0.0.1:52906 - R:localhost/127.0.0.1:62432]' for 'POST' to 'http://localhost:62432/session/de658a458dd22ced758da127660f97ad/element'
21:01:31.896 [Forwarding findElement on session de658a458dd22ced758da127660f97ad to remote] DEBUG org.asynchttpclient.netty.request.NettyRequestSender - Using open Channel [id: 0x7d99420f, L:/127.0.0.1:52906 - R:localhost/127.0.0.1:62432] for POST '/session/de658a458dd22ced758da127660f97ad/element'
21:01:31.924 [AsyncHttpClient-1-4] DEBUG org.asynchttpclient.netty.handler.HttpHandler - 

Request DefaultHttpRequest(decodeResult: success, version: HTTP/1.1)
POST /session/de658a458dd22ced758da127660f97ad/element HTTP/1.1
User-Agent: selenium/4.1.2 (java windows)
Content-Length: 129
Content-Type: application/json; charset=utf-8
host: localhost:62432
accept: */*

Response DefaultHttpResponse(decodeResult: success, version: HTTP/1.1)
HTTP/1.1 200 OK
Content-Type: application/json; charset=utf-8
cache-control: no-cache
content-length: 88

21:01:31.924 [AsyncHttpClient-1-4] DEBUG org.asynchttpclient.netty.channel.ChannelManager - Adding key: http://localhost:62432 for channel [id: 0x7d99420f, L:/127.0.0.1:52906 - R:localhost/127.0.0.1:62432]
21:01:31.926 [Forwarding getElementTagName on session de658a458dd22ced758da127660f97ad to remote] DEBUG org.asynchttpclient.netty.request.NettyRequestSender - Using pooled Channel '[id: 0x7d99420f, L:/127.0.0.1:52906 - R:localhost/127.0.0.1:62432]' for 'GET' to 'http://localhost:62432/session/de658a458dd22ced758da127660f97ad/element/c387397d-5c2e-44c2-8160-f23c5fc71cf9/name'
21:01:31.926 [Forwarding getElementTagName on session de658a458dd22ced758da127660f97ad to remote] DEBUG org.asynchttpclient.netty.request.NettyRequestSender - Using open Channel [id: 0x7d99420f, L:/127.0.0.1:52906 - R:localhost/127.0.0.1:62432] for GET '/session/de658a458dd22ced758da127660f97ad/element/c387397d-5c2e-44c2-8160-f23c5fc71cf9/name'
21:01:31.931 [AsyncHttpClient-1-4] DEBUG org.asynchttpclient.netty.handler.HttpHandler - 

Request DefaultFullHttpRequest(decodeResult: success, version: HTTP/1.1, content: EmptyByteBufBE)
GET /session/de658a458dd22ced758da127660f97ad/element/c387397d-5c2e-44c2-8160-f23c5fc71cf9/name HTTP/1.1
User-Agent: selenium/4.1.2 (java windows)
Cache-Control: no-cache
Content-Type: application/json; charset=utf-8
host: localhost:62432
accept: */*

Response DefaultHttpResponse(decodeResult: success, version: HTTP/1.1)
HTTP/1.1 200 OK
Content-Type: application/json; charset=utf-8
cache-control: no-cache
content-length: 18

21:01:31.931 [AsyncHttpClient-1-4] DEBUG org.asynchttpclient.netty.channel.ChannelManager - Adding key: http://localhost:62432 for channel [id: 0x7d99420f, L:/127.0.0.1:52906 - R:localhost/127.0.0.1:62432]
21:01:31.933 [Forwarding getElementTagName on session de658a458dd22ced758da127660f97ad to remote] DEBUG org.asynchttpclient.netty.request.NettyRequestSender - Using pooled Channel '[id: 0x7d99420f, L:/127.0.0.1:52906 - R:localhost/127.0.0.1:62432]' for 'GET' to 'http://localhost:62432/session/de658a458dd22ced758da127660f97ad/element/c387397d-5c2e-44c2-8160-f23c5fc71cf9/name'
21:01:31.933 [Forwarding getElementTagName on session de658a458dd22ced758da127660f97ad to remote] DEBUG org.asynchttpclient.netty.request.NettyRequestSender - Using open Channel [id: 0x7d99420f, L:/127.0.0.1:52906 - R:localhost/127.0.0.1:62432] for GET '/session/de658a458dd22ced758da127660f97ad/element/c387397d-5c2e-44c2-8160-f23c5fc71cf9/name'
21:01:31.937 [AsyncHttpClient-1-4] DEBUG org.asynchttpclient.netty.handler.HttpHandler - 

Request DefaultFullHttpRequest(decodeResult: success, version: HTTP/1.1, content: EmptyByteBufBE)
GET /session/de658a458dd22ced758da127660f97ad/element/c387397d-5c2e-44c2-8160-f23c5fc71cf9/name HTTP/1.1
User-Agent: selenium/4.1.2 (java windows)
Cache-Control: no-cache
Content-Type: application/json; charset=utf-8
host: localhost:62432
accept: */*

Response DefaultHttpResponse(decodeResult: success, version: HTTP/1.1)
HTTP/1.1 200 OK
Content-Type: application/json; charset=utf-8
cache-control: no-cache
content-length: 18

21:01:31.937 [AsyncHttpClient-1-4] DEBUG org.asynchttpclient.netty.channel.ChannelManager - Adding key: http://localhost:62432 for channel [id: 0x7d99420f, L:/127.0.0.1:52906 - R:localhost/127.0.0.1:62432]
21:01:31.941 [Forwarding isElementEnabled on session de658a458dd22ced758da127660f97ad to remote] DEBUG org.asynchttpclient.netty.request.NettyRequestSender - Using pooled Channel '[id: 0x7d99420f, L:/127.0.0.1:52906 - R:localhost/127.0.0.1:62432]' for 'GET' to 'http://localhost:62432/session/de658a458dd22ced758da127660f97ad/element/c387397d-5c2e-44c2-8160-f23c5fc71cf9/enabled'
21:01:31.942 [Forwarding isElementEnabled on session de658a458dd22ced758da127660f97ad to remote] DEBUG org.asynchttpclient.netty.request.NettyRequestSender - Using open Channel [id: 0x7d99420f, L:/127.0.0.1:52906 - R:localhost/127.0.0.1:62432] for GET '/session/de658a458dd22ced758da127660f97ad/element/c387397d-5c2e-44c2-8160-f23c5fc71cf9/enabled'
21:01:31.951 [AsyncHttpClient-1-4] DEBUG org.asynchttpclient.netty.handler.HttpHandler - 

Request DefaultFullHttpRequest(decodeResult: success, version: HTTP/1.1, content: EmptyByteBufBE)
GET /session/de658a458dd22ced758da127660f97ad/element/c387397d-5c2e-44c2-8160-f23c5fc71cf9/enabled HTTP/1.1
User-Agent: selenium/4.1.2 (java windows)
Cache-Control: no-cache
Content-Type: application/json; charset=utf-8
host: localhost:62432
accept: */*

Response DefaultHttpResponse(decodeResult: success, version: HTTP/1.1)
HTTP/1.1 200 OK
Content-Type: application/json; charset=utf-8
cache-control: no-cache
content-length: 14

21:01:31.951 [AsyncHttpClient-1-4] DEBUG org.asynchttpclient.netty.channel.ChannelManager - Adding key: http://localhost:62432 for channel [id: 0x7d99420f, L:/127.0.0.1:52906 - R:localhost/127.0.0.1:62432]
21:01:31.953 [Forwarding isElementEnabled on session de658a458dd22ced758da127660f97ad to remote] DEBUG org.asynchttpclient.netty.request.NettyRequestSender - Using pooled Channel '[id: 0x7d99420f, L:/127.0.0.1:52906 - R:localhost/127.0.0.1:62432]' for 'GET' to 'http://localhost:62432/session/de658a458dd22ced758da127660f97ad/element/c387397d-5c2e-44c2-8160-f23c5fc71cf9/enabled'
21:01:31.953 [Forwarding isElementEnabled on session de658a458dd22ced758da127660f97ad to remote] DEBUG org.asynchttpclient.netty.request.NettyRequestSender - Using open Channel [id: 0x7d99420f, L:/127.0.0.1:52906 - R:localhost/127.0.0.1:62432] for GET '/session/de658a458dd22ced758da127660f97ad/element/c387397d-5c2e-44c2-8160-f23c5fc71cf9/enabled'
21:01:31.961 [AsyncHttpClient-1-4] DEBUG org.asynchttpclient.netty.handler.HttpHandler - 

Request DefaultFullHttpRequest(decodeResult: success, version: HTTP/1.1, content: EmptyByteBufBE)
GET /session/de658a458dd22ced758da127660f97ad/element/c387397d-5c2e-44c2-8160-f23c5fc71cf9/enabled HTTP/1.1
User-Agent: selenium/4.1.2 (java windows)
Cache-Control: no-cache
Content-Type: application/json; charset=utf-8
host: localhost:62432
accept: */*

Response DefaultHttpResponse(decodeResult: success, version: HTTP/1.1)
HTTP/1.1 200 OK
Content-Type: application/json; charset=utf-8
cache-control: no-cache
content-length: 14

21:01:31.961 [AsyncHttpClient-1-4] DEBUG org.asynchttpclient.netty.channel.ChannelManager - Adding key: http://localhost:62432 for channel [id: 0x7d99420f, L:/127.0.0.1:52906 - R:localhost/127.0.0.1:62432]
21:01:31.963 [Forwarding findElement on session de658a458dd22ced758da127660f97ad to remote] DEBUG org.asynchttpclient.netty.request.NettyRequestSender - Using pooled Channel '[id: 0x7d99420f, L:/127.0.0.1:52906 - R:localhost/127.0.0.1:62432]' for 'POST' to 'http://localhost:62432/session/de658a458dd22ced758da127660f97ad/element'
21:01:31.963 [Forwarding findElement on session de658a458dd22ced758da127660f97ad to remote] DEBUG org.asynchttpclient.netty.request.NettyRequestSender - Using open Channel [id: 0x7d99420f, L:/127.0.0.1:52906 - R:localhost/127.0.0.1:62432] for POST '/session/de658a458dd22ced758da127660f97ad/element'
21:01:31.979 [AsyncHttpClient-1-4] DEBUG org.asynchttpclient.netty.handler.HttpHandler - 

Request DefaultHttpRequest(decodeResult: success, version: HTTP/1.1)
POST /session/de658a458dd22ced758da127660f97ad/element HTTP/1.1
User-Agent: selenium/4.1.2 (java windows)
Content-Length: 129
Content-Type: application/json; charset=utf-8
host: localhost:62432
accept: */*

Response DefaultHttpResponse(decodeResult: success, version: HTTP/1.1)
HTTP/1.1 200 OK
Content-Type: application/json; charset=utf-8
cache-control: no-cache
content-length: 88

21:01:31.979 [AsyncHttpClient-1-4] DEBUG org.asynchttpclient.netty.channel.ChannelManager - Adding key: http://localhost:62432 for channel [id: 0x7d99420f, L:/127.0.0.1:52906 - R:localhost/127.0.0.1:62432]
21:01:31.980 [Forwarding clickElement on session de658a458dd22ced758da127660f97ad to remote] DEBUG org.asynchttpclient.netty.request.NettyRequestSender - Using pooled Channel '[id: 0x7d99420f, L:/127.0.0.1:52906 - R:localhost/127.0.0.1:62432]' for 'POST' to 'http://localhost:62432/session/de658a458dd22ced758da127660f97ad/element/c387397d-5c2e-44c2-8160-f23c5fc71cf9/click'
21:01:31.980 [Forwarding clickElement on session de658a458dd22ced758da127660f97ad to remote] DEBUG org.asynchttpclient.netty.request.NettyRequestSender - Using open Channel [id: 0x7d99420f, L:/127.0.0.1:52906 - R:localhost/127.0.0.1:62432] for POST '/session/de658a458dd22ced758da127660f97ad/element/c387397d-5c2e-44c2-8160-f23c5fc71cf9/click'
21:01:32.038 [AsyncHttpClient-1-4] DEBUG org.asynchttpclient.netty.handler.HttpHandler - 

Request DefaultHttpRequest(decodeResult: success, version: HTTP/1.1)
POST /session/de658a458dd22ced758da127660f97ad/element/c387397d-5c2e-44c2-8160-f23c5fc71cf9/click HTTP/1.1
User-Agent: selenium/4.1.2 (java windows)
Content-Length: 50
Content-Type: application/json; charset=utf-8
host: localhost:62432
accept: */*

Response DefaultHttpResponse(decodeResult: success, version: HTTP/1.1)
HTTP/1.1 200 OK
Content-Type: application/json; charset=utf-8
cache-control: no-cache
content-length: 14

21:01:32.038 [AsyncHttpClient-1-4] DEBUG org.asynchttpclient.netty.channel.ChannelManager - Adding key: http://localhost:62432 for channel [id: 0x7d99420f, L:/127.0.0.1:52906 - R:localhost/127.0.0.1:62432]
21:01:32.048 [Forwarding screenshot on session de658a458dd22ced758da127660f97ad to remote] DEBUG org.asynchttpclient.netty.request.NettyRequestSender - Using pooled Channel '[id: 0x7d99420f, L:/127.0.0.1:52906 - R:localhost/127.0.0.1:62432]' for 'GET' to 'http://localhost:62432/session/de658a458dd22ced758da127660f97ad/screenshot'
21:01:32.048 [Forwarding screenshot on session de658a458dd22ced758da127660f97ad to remote] DEBUG org.asynchttpclient.netty.request.NettyRequestSender - Using open Channel [id: 0x7d99420f, L:/127.0.0.1:52906 - R:localhost/127.0.0.1:62432] for GET '/session/de658a458dd22ced758da127660f97ad/screenshot'
21:01:32.633 [AsyncHttpClient-1-4] DEBUG org.asynchttpclient.netty.handler.HttpHandler - 

Request DefaultFullHttpRequest(decodeResult: success, version: HTTP/1.1, content: EmptyByteBufBE)
GET /session/de658a458dd22ced758da127660f97ad/screenshot HTTP/1.1
User-Agent: selenium/4.1.2 (java windows)
Cache-Control: no-cache
Content-Type: application/json; charset=utf-8
host: localhost:62432
accept: */*

Response DefaultHttpResponse(decodeResult: success, version: HTTP/1.1)
HTTP/1.1 200 OK
Content-Type: application/json; charset=utf-8
cache-control: no-cache
content-length: 48076

21:01:32.634 [AsyncHttpClient-1-4] DEBUG org.asynchttpclient.netty.channel.ChannelManager - Adding key: http://localhost:62432 for channel [id: 0x7d99420f, L:/127.0.0.1:52906 - R:localhost/127.0.0.1:62432]
21:01:32.639 [main] DEBUG net.serenitybdd.core.photography.Darkroom - Send negative for processing for target\site\serenity\48866b9ddb8977f02f5706b14137c59f90d3dfe263e9d3002c173ee46427fc6f.png
21:01:32.639 [main] DEBUG net.thucydides.core.steps.StepInterceptor - STEP DONE: clickIconBasket
21:01:32.639 [Darkroom Processing Line] DEBUG net.serenitybdd.core.photography.DarkroomProcessingLine - Processing screenshot image in /var/screenshots/screenshot-3864814145612311318
21:01:32.639 [Darkroom Processing Line] DEBUG net.serenitybdd.core.photography.DarkroomProcessingLine - Saving screenshot to target\site\serenity\48866b9ddb8977f02f5706b14137c59f90d3dfe263e9d3002c173ee46427fc6f.png
  &amp#27;[32mAnd &amp#27;[0m&amp#27;[32muser to basket page&amp#27;[0m                                  &amp#27;[90m# starter.stepdefenitions.ProductSteps.userToBasketPage()&amp#27;[0m
21:01:32.663 [main] DEBUG net.thucydides.core.steps.StepInterceptor - STARTING STEP: ProductSteps.userIncreasesTheNumberOfItems - clickIncreaseItems
21:01:32.668 [Forwarding findElement on session de658a458dd22ced758da127660f97ad to remote] DEBUG org.asynchttpclient.netty.request.NettyRequestSender - Using pooled Channel '[id: 0x7d99420f, L:/127.0.0.1:52906 - R:localhost/127.0.0.1:62432]' for 'POST' to 'http://localhost:62432/session/de658a458dd22ced758da127660f97ad/element'
21:01:32.668 [Forwarding findElement on session de658a458dd22ced758da127660f97ad to remote] DEBUG org.asynchttpclient.netty.request.NettyRequestSender - Using open Channel [id: 0x7d99420f, L:/127.0.0.1:52906 - R:localhost/127.0.0.1:62432] for POST '/session/de658a458dd22ced758da127660f97ad/element'
21:01:32.684 [AsyncHttpClient-1-4] DEBUG org.asynchttpclient.netty.handler.HttpHandler - 

Request DefaultHttpRequest(decodeResult: success, version: HTTP/1.1)
POST /session/de658a458dd22ced758da127660f97ad/element HTTP/1.1
User-Agent: selenium/4.1.2 (java windows)
Content-Length: 146
Content-Type: application/json; charset=utf-8
host: localhost:62432
accept: */*

Response DefaultHttpResponse(decodeResult: success, version: HTTP/1.1)
HTTP/1.1 200 OK
Content-Type: application/json; charset=utf-8
cache-control: no-cache
content-length: 88

21:01:32.684 [AsyncHttpClient-1-4] DEBUG org.asynchttpclient.netty.channel.ChannelManager - Adding key: http://localhost:62432 for channel [id: 0x7d99420f, L:/127.0.0.1:52906 - R:localhost/127.0.0.1:62432]
21:01:32.686 [Forwarding getElementTagName on session de658a458dd22ced758da127660f97ad to remote] DEBUG org.asynchttpclient.netty.request.NettyRequestSender - Using pooled Channel '[id: 0x7d99420f, L:/127.0.0.1:52906 - R:localhost/127.0.0.1:62432]' for 'GET' to 'http://localhost:62432/session/de658a458dd22ced758da127660f97ad/element/da91f5a0-79e8-4118-895e-d85571b19b7a/name'
21:01:32.686 [Forwarding getElementTagName on session de658a458dd22ced758da127660f97ad to remote] DEBUG org.asynchttpclient.netty.request.NettyRequestSender - Using open Channel [id: 0x7d99420f, L:/127.0.0.1:52906 - R:localhost/127.0.0.1:62432] for GET '/session/de658a458dd22ced758da127660f97ad/element/da91f5a0-79e8-4118-895e-d85571b19b7a/name'
21:01:32.691 [AsyncHttpClient-1-4] DEBUG org.asynchttpclient.netty.handler.HttpHandler - 

Request DefaultFullHttpRequest(decodeResult: success, version: HTTP/1.1, content: EmptyByteBufBE)
GET /session/de658a458dd22ced758da127660f97ad/element/da91f5a0-79e8-4118-895e-d85571b19b7a/name HTTP/1.1
User-Agent: selenium/4.1.2 (java windows)
Cache-Control: no-cache
Content-Type: application/json; charset=utf-8
host: localhost:62432
accept: */*

Response DefaultHttpResponse(decodeResult: success, version: HTTP/1.1)
HTTP/1.1 200 OK
Content-Type: application/json; charset=utf-8
cache-control: no-cache
content-length: 18

21:01:32.691 [AsyncHttpClient-1-4] DEBUG org.asynchttpclient.netty.channel.ChannelManager - Adding key: http://localhost:62432 for channel [id: 0x7d99420f, L:/127.0.0.1:52906 - R:localhost/127.0.0.1:62432]
21:01:32.693 [Forwarding getElementTagName on session de658a458dd22ced758da127660f97ad to remote] DEBUG org.asynchttpclient.netty.request.NettyRequestSender - Using pooled Channel '[id: 0x7d99420f, L:/127.0.0.1:52906 - R:localhost/127.0.0.1:62432]' for 'GET' to 'http://localhost:62432/session/de658a458dd22ced758da127660f97ad/element/da91f5a0-79e8-4118-895e-d85571b19b7a/name'
21:01:32.693 [Forwarding getElementTagName on session de658a458dd22ced758da127660f97ad to remote] DEBUG org.asynchttpclient.netty.request.NettyRequestSender - Using open Channel [id: 0x7d99420f, L:/127.0.0.1:52906 - R:localhost/127.0.0.1:62432] for GET '/session/de658a458dd22ced758da127660f97ad/element/da91f5a0-79e8-4118-895e-d85571b19b7a/name'
21:01:32.701 [AsyncHttpClient-1-4] DEBUG org.asynchttpclient.netty.handler.HttpHandler - 

Request DefaultFullHttpRequest(decodeResult: success, version: HTTP/1.1, content: EmptyByteBufBE)
GET /session/de658a458dd22ced758da127660f97ad/element/da91f5a0-79e8-4118-895e-d85571b19b7a/name HTTP/1.1
User-Agent: selenium/4.1.2 (java windows)
Cache-Control: no-cache
Content-Type: application/json; charset=utf-8
host: localhost:62432
accept: */*

Response DefaultHttpResponse(decodeResult: success, version: HTTP/1.1)
HTTP/1.1 200 OK
Content-Type: application/json; charset=utf-8
cache-control: no-cache
content-length: 18

21:01:32.702 [AsyncHttpClient-1-4] DEBUG org.asynchttpclient.netty.channel.ChannelManager - Adding key: http://localhost:62432 for channel [id: 0x7d99420f, L:/127.0.0.1:52906 - R:localhost/127.0.0.1:62432]
21:01:32.706 [Forwarding isElementEnabled on session de658a458dd22ced758da127660f97ad to remote] DEBUG org.asynchttpclient.netty.request.NettyRequestSender - Using pooled Channel '[id: 0x7d99420f, L:/127.0.0.1:52906 - R:localhost/127.0.0.1:62432]' for 'GET' to 'http://localhost:62432/session/de658a458dd22ced758da127660f97ad/element/da91f5a0-79e8-4118-895e-d85571b19b7a/enabled'
21:01:32.706 [Forwarding isElementEnabled on session de658a458dd22ced758da127660f97ad to remote] DEBUG org.asynchttpclient.netty.request.NettyRequestSender - Using open Channel [id: 0x7d99420f, L:/127.0.0.1:52906 - R:localhost/127.0.0.1:62432] for GET '/session/de658a458dd22ced758da127660f97ad/element/da91f5a0-79e8-4118-895e-d85571b19b7a/enabled'
21:01:32.730 [AsyncHttpClient-1-4] DEBUG org.asynchttpclient.netty.handler.HttpHandler - 

Request DefaultFullHttpRequest(decodeResult: success, version: HTTP/1.1, content: EmptyByteBufBE)
GET /session/de658a458dd22ced758da127660f97ad/element/da91f5a0-79e8-4118-895e-d85571b19b7a/enabled HTTP/1.1
User-Agent: selenium/4.1.2 (java windows)
Cache-Control: no-cache
Content-Type: application/json; charset=utf-8
host: localhost:62432
accept: */*

Response DefaultHttpResponse(decodeResult: success, version: HTTP/1.1)
HTTP/1.1 200 OK
Content-Type: application/json; charset=utf-8
cache-control: no-cache
content-length: 14

21:01:32.730 [AsyncHttpClient-1-4] DEBUG org.asynchttpclient.netty.channel.ChannelManager - Adding key: http://localhost:62432 for channel [id: 0x7d99420f, L:/127.0.0.1:52906 - R:localhost/127.0.0.1:62432]
21:01:32.734 [Forwarding isElementEnabled on session de658a458dd22ced758da127660f97ad to remote] DEBUG org.asynchttpclient.netty.request.NettyRequestSender - Using pooled Channel '[id: 0x7d99420f, L:/127.0.0.1:52906 - R:localhost/127.0.0.1:62432]' for 'GET' to 'http://localhost:62432/session/de658a458dd22ced758da127660f97ad/element/da91f5a0-79e8-4118-895e-d85571b19b7a/enabled'
21:01:32.734 [Forwarding isElementEnabled on session de658a458dd22ced758da127660f97ad to remote] DEBUG org.asynchttpclient.netty.request.NettyRequestSender - Using open Channel [id: 0x7d99420f, L:/127.0.0.1:52906 - R:localhost/127.0.0.1:62432] for GET '/session/de658a458dd22ced758da127660f97ad/element/da91f5a0-79e8-4118-895e-d85571b19b7a/enabled'
21:01:32.751 [AsyncHttpClient-1-4] DEBUG org.asynchttpclient.netty.handler.HttpHandler - 

Request DefaultFullHttpRequest(decodeResult: success, version: HTTP/1.1, content: EmptyByteBufBE)
GET /session/de658a458dd22ced758da127660f97ad/element/da91f5a0-79e8-4118-895e-d85571b19b7a/enabled HTTP/1.1
User-Agent: selenium/4.1.2 (java windows)
Cache-Control: no-cache
Content-Type: application/json; charset=utf-8
host: localhost:62432
accept: */*

Response DefaultHttpResponse(decodeResult: success, version: HTTP/1.1)
HTTP/1.1 200 OK
Content-Type: application/json; charset=utf-8
cache-control: no-cache
content-length: 14

21:01:32.752 [AsyncHttpClient-1-4] DEBUG org.asynchttpclient.netty.channel.ChannelManager - Adding key: http://localhost:62432 for channel [id: 0x7d99420f, L:/127.0.0.1:52906 - R:localhost/127.0.0.1:62432]
21:01:32.755 [Forwarding findElement on session de658a458dd22ced758da127660f97ad to remote] DEBUG org.asynchttpclient.netty.request.NettyRequestSender - Using pooled Channel '[id: 0x7d99420f, L:/127.0.0.1:52906 - R:localhost/127.0.0.1:62432]' for 'POST' to 'http://localhost:62432/session/de658a458dd22ced758da127660f97ad/element'
21:01:32.755 [Forwarding findElement on session de658a458dd22ced758da127660f97ad to remote] DEBUG org.asynchttpclient.netty.request.NettyRequestSender - Using open Channel [id: 0x7d99420f, L:/127.0.0.1:52906 - R:localhost/127.0.0.1:62432] for POST '/session/de658a458dd22ced758da127660f97ad/element'
21:01:32.766 [AsyncHttpClient-1-4] DEBUG org.asynchttpclient.netty.handler.HttpHandler - 

Request DefaultHttpRequest(decodeResult: success, version: HTTP/1.1)
POST /session/de658a458dd22ced758da127660f97ad/element HTTP/1.1
User-Agent: selenium/4.1.2 (java windows)
Content-Length: 146
Content-Type: application/json; charset=utf-8
host: localhost:62432
accept: */*

Response DefaultHttpResponse(decodeResult: success, version: HTTP/1.1)
HTTP/1.1 200 OK
Content-Type: application/json; charset=utf-8
cache-control: no-cache
content-length: 88

21:01:32.766 [AsyncHttpClient-1-4] DEBUG org.asynchttpclient.netty.channel.ChannelManager - Adding key: http://localhost:62432 for channel [id: 0x7d99420f, L:/127.0.0.1:52906 - R:localhost/127.0.0.1:62432]
21:01:32.768 [Forwarding clickElement on session de658a458dd22ced758da127660f97ad to remote] DEBUG org.asynchttpclient.netty.request.NettyRequestSender - Using pooled Channel '[id: 0x7d99420f, L:/127.0.0.1:52906 - R:localhost/127.0.0.1:62432]' for 'POST' to 'http://localhost:62432/session/de658a458dd22ced758da127660f97ad/element/da91f5a0-79e8-4118-895e-d85571b19b7a/click'
21:01:32.768 [Forwarding clickElement on session de658a458dd22ced758da127660f97ad to remote] DEBUG org.asynchttpclient.netty.request.NettyRequestSender - Using open Channel [id: 0x7d99420f, L:/127.0.0.1:52906 - R:localhost/127.0.0.1:62432] for POST '/session/de658a458dd22ced758da127660f97ad/element/da91f5a0-79e8-4118-895e-d85571b19b7a/click'
21:01:32.879 [AsyncHttpClient-1-4] DEBUG org.asynchttpclient.netty.handler.HttpHandler - 

Request DefaultHttpRequest(decodeResult: success, version: HTTP/1.1)
POST /session/de658a458dd22ced758da127660f97ad/element/da91f5a0-79e8-4118-895e-d85571b19b7a/click HTTP/1.1
User-Agent: selenium/4.1.2 (java windows)
Content-Length: 50
Content-Type: application/json; charset=utf-8
host: localhost:62432
accept: */*

Response DefaultHttpResponse(decodeResult: success, version: HTTP/1.1)
HTTP/1.1 200 OK
Content-Type: application/json; charset=utf-8
cache-control: no-cache
content-length: 14

21:01:32.879 [AsyncHttpClient-1-4] DEBUG org.asynchttpclient.netty.channel.ChannelManager - Adding key: http://localhost:62432 for channel [id: 0x7d99420f, L:/127.0.0.1:52906 - R:localhost/127.0.0.1:62432]
21:01:32.891 [Forwarding screenshot on session de658a458dd22ced758da127660f97ad to remote] DEBUG org.asynchttpclient.netty.request.NettyRequestSender - Using pooled Channel '[id: 0x7d99420f, L:/127.0.0.1:52906 - R:localhost/127.0.0.1:62432]' for 'GET' to 'http://localhost:62432/session/de658a458dd22ced758da127660f97ad/screenshot'
21:01:32.891 [Forwarding screenshot on session de658a458dd22ced758da127660f97ad to remote] DEBUG org.asynchttpclient.netty.request.NettyRequestSender - Using open Channel [id: 0x7d99420f, L:/127.0.0.1:52906 - R:localhost/127.0.0.1:62432] for GET '/session/de658a458dd22ced758da127660f97ad/screenshot'
21:01:32.895 [AsyncHttpClient-1-1] DEBUG org.asynchttpclient.netty.channel.DefaultChannelPool - Entry count for : http://localhost:52907 : 1
21:01:33.143 [AsyncHttpClient-1-4] DEBUG org.asynchttpclient.netty.handler.HttpHandler - 

Request DefaultFullHttpRequest(decodeResult: success, version: HTTP/1.1, content: EmptyByteBufBE)
GET /session/de658a458dd22ced758da127660f97ad/screenshot HTTP/1.1
User-Agent: selenium/4.1.2 (java windows)
Cache-Control: no-cache
Content-Type: application/json; charset=utf-8
host: localhost:62432
accept: */*

Response DefaultHttpResponse(decodeResult: success, version: HTTP/1.1)
HTTP/1.1 200 OK
Content-Type: application/json; charset=utf-8
cache-control: no-cache
content-length: 49568

21:01:33.143 [AsyncHttpClient-1-4] DEBUG org.asynchttpclient.netty.channel.ChannelManager - Adding key: http://localhost:62432 for channel [id: 0x7d99420f, L:/127.0.0.1:52906 - R:localhost/127.0.0.1:62432]
21:01:33.147 [main] DEBUG net.serenitybdd.core.photography.Darkroom - Send negative for processing for target\site\serenity\2b0c59e9ef331c7d57b4496c7499fecc5c14345e66fc8184aa7fb28feea0afcd.png
21:01:33.147 [main] DEBUG net.thucydides.core.steps.StepInterceptor - STEP DONE: clickIncreaseItems
21:01:33.147 [Darkroom Processing Line] DEBUG net.serenitybdd.core.photography.DarkroomProcessingLine - Processing screenshot image in /var/screenshots/screenshot-5189081825973123226
21:01:33.147 [Darkroom Processing Line] DEBUG net.serenitybdd.core.photography.DarkroomProcessingLine - Saving screenshot to target\site\serenity\2b0c59e9ef331c7d57b4496c7499fecc5c14345e66fc8184aa7fb28feea0afcd.png
21:01:33.157 [main] DEBUG net.thucydides.core.steps.StepInterceptor - STARTING STEP: ProductSteps.userIncreasesTheNumberOfItems - clickDecreaseItems
21:01:33.160 [Forwarding findElement on session de658a458dd22ced758da127660f97ad to remote] DEBUG org.asynchttpclient.netty.request.NettyRequestSender - Using pooled Channel '[id: 0x7d99420f, L:/127.0.0.1:52906 - R:localhost/127.0.0.1:62432]' for 'POST' to 'http://localhost:62432/session/de658a458dd22ced758da127660f97ad/element'
21:01:33.161 [Forwarding findElement on session de658a458dd22ced758da127660f97ad to remote] DEBUG org.asynchttpclient.netty.request.NettyRequestSender - Using open Channel [id: 0x7d99420f, L:/127.0.0.1:52906 - R:localhost/127.0.0.1:62432] for POST '/session/de658a458dd22ced758da127660f97ad/element'
21:01:33.176 [AsyncHttpClient-1-4] DEBUG org.asynchttpclient.netty.handler.HttpHandler - 

Request DefaultHttpRequest(decodeResult: success, version: HTTP/1.1)
POST /session/de658a458dd22ced758da127660f97ad/element HTTP/1.1
User-Agent: selenium/4.1.2 (java windows)
Content-Length: 146
Content-Type: application/json; charset=utf-8
host: localhost:62432
accept: */*

Response DefaultHttpResponse(decodeResult: success, version: HTTP/1.1)
HTTP/1.1 200 OK
Content-Type: application/json; charset=utf-8
cache-control: no-cache
content-length: 88

21:01:33.176 [AsyncHttpClient-1-4] DEBUG org.asynchttpclient.netty.channel.ChannelManager - Adding key: http://localhost:62432 for channel [id: 0x7d99420f, L:/127.0.0.1:52906 - R:localhost/127.0.0.1:62432]
21:01:33.178 [Forwarding getElementTagName on session de658a458dd22ced758da127660f97ad to remote] DEBUG org.asynchttpclient.netty.request.NettyRequestSender - Using pooled Channel '[id: 0x7d99420f, L:/127.0.0.1:52906 - R:localhost/127.0.0.1:62432]' for 'GET' to 'http://localhost:62432/session/de658a458dd22ced758da127660f97ad/element/b70194ec-95bf-47c6-8f2c-35fdaa10d9ec/name'
21:01:33.178 [Forwarding getElementTagName on session de658a458dd22ced758da127660f97ad to remote] DEBUG org.asynchttpclient.netty.request.NettyRequestSender - Using open Channel [id: 0x7d99420f, L:/127.0.0.1:52906 - R:localhost/127.0.0.1:62432] for GET '/session/de658a458dd22ced758da127660f97ad/element/b70194ec-95bf-47c6-8f2c-35fdaa10d9ec/name'
21:01:33.183 [AsyncHttpClient-1-4] DEBUG org.asynchttpclient.netty.handler.HttpHandler - 

Request DefaultFullHttpRequest(decodeResult: success, version: HTTP/1.1, content: EmptyByteBufBE)
GET /session/de658a458dd22ced758da127660f97ad/element/b70194ec-95bf-47c6-8f2c-35fdaa10d9ec/name HTTP/1.1
User-Agent: selenium/4.1.2 (java windows)
Cache-Control: no-cache
Content-Type: application/json; charset=utf-8
host: localhost:62432
accept: */*

Response DefaultHttpResponse(decodeResult: success, version: HTTP/1.1)
HTTP/1.1 200 OK
Content-Type: application/json; charset=utf-8
cache-control: no-cache
content-length: 18

21:01:33.183 [AsyncHttpClient-1-4] DEBUG org.asynchttpclient.netty.channel.ChannelManager - Adding key: http://localhost:62432 for channel [id: 0x7d99420f, L:/127.0.0.1:52906 - R:localhost/127.0.0.1:62432]
21:01:33.185 [Forwarding getElementTagName on session de658a458dd22ced758da127660f97ad to remote] DEBUG org.asynchttpclient.netty.request.NettyRequestSender - Using pooled Channel '[id: 0x7d99420f, L:/127.0.0.1:52906 - R:localhost/127.0.0.1:62432]' for 'GET' to 'http://localhost:62432/session/de658a458dd22ced758da127660f97ad/element/b70194ec-95bf-47c6-8f2c-35fdaa10d9ec/name'
21:01:33.185 [Forwarding getElementTagName on session de658a458dd22ced758da127660f97ad to remote] DEBUG org.asynchttpclient.netty.request.NettyRequestSender - Using open Channel [id: 0x7d99420f, L:/127.0.0.1:52906 - R:localhost/127.0.0.1:62432] for GET '/session/de658a458dd22ced758da127660f97ad/element/b70194ec-95bf-47c6-8f2c-35fdaa10d9ec/name'
21:01:33.189 [AsyncHttpClient-1-4] DEBUG org.asynchttpclient.netty.handler.HttpHandler - 

Request DefaultFullHttpRequest(decodeResult: success, version: HTTP/1.1, content: EmptyByteBufBE)
GET /session/de658a458dd22ced758da127660f97ad/element/b70194ec-95bf-47c6-8f2c-35fdaa10d9ec/name HTTP/1.1
User-Agent: selenium/4.1.2 (java windows)
Cache-Control: no-cache
Content-Type: application/json; charset=utf-8
host: localhost:62432
accept: */*

Response DefaultHttpResponse(decodeResult: success, version: HTTP/1.1)
HTTP/1.1 200 OK
Content-Type: application/json; charset=utf-8
cache-control: no-cache
content-length: 18

21:01:33.190 [AsyncHttpClient-1-4] DEBUG org.asynchttpclient.netty.channel.ChannelManager - Adding key: http://localhost:62432 for channel [id: 0x7d99420f, L:/127.0.0.1:52906 - R:localhost/127.0.0.1:62432]
21:01:33.193 [Forwarding isElementEnabled on session de658a458dd22ced758da127660f97ad to remote] DEBUG org.asynchttpclient.netty.request.NettyRequestSender - Using pooled Channel '[id: 0x7d99420f, L:/127.0.0.1:52906 - R:localhost/127.0.0.1:62432]' for 'GET' to 'http://localhost:62432/session/de658a458dd22ced758da127660f97ad/element/b70194ec-95bf-47c6-8f2c-35fdaa10d9ec/enabled'
21:01:33.193 [Forwarding isElementEnabled on session de658a458dd22ced758da127660f97ad to remote] DEBUG org.asynchttpclient.netty.request.NettyRequestSender - Using open Channel [id: 0x7d99420f, L:/127.0.0.1:52906 - R:localhost/127.0.0.1:62432] for GET '/session/de658a458dd22ced758da127660f97ad/element/b70194ec-95bf-47c6-8f2c-35fdaa10d9ec/enabled'
21:01:33.203 [AsyncHttpClient-1-4] DEBUG org.asynchttpclient.netty.handler.HttpHandler - 

Request DefaultFullHttpRequest(decodeResult: success, version: HTTP/1.1, content: EmptyByteBufBE)
GET /session/de658a458dd22ced758da127660f97ad/element/b70194ec-95bf-47c6-8f2c-35fdaa10d9ec/enabled HTTP/1.1
User-Agent: selenium/4.1.2 (java windows)
Cache-Control: no-cache
Content-Type: application/json; charset=utf-8
host: localhost:62432
accept: */*

Response DefaultHttpResponse(decodeResult: success, version: HTTP/1.1)
HTTP/1.1 200 OK
Content-Type: application/json; charset=utf-8
cache-control: no-cache
content-length: 14

21:01:33.203 [AsyncHttpClient-1-4] DEBUG org.asynchttpclient.netty.channel.ChannelManager - Adding key: http://localhost:62432 for channel [id: 0x7d99420f, L:/127.0.0.1:52906 - R:localhost/127.0.0.1:62432]
21:01:33.204 [Forwarding isElementEnabled on session de658a458dd22ced758da127660f97ad to remote] DEBUG org.asynchttpclient.netty.request.NettyRequestSender - Using pooled Channel '[id: 0x7d99420f, L:/127.0.0.1:52906 - R:localhost/127.0.0.1:62432]' for 'GET' to 'http://localhost:62432/session/de658a458dd22ced758da127660f97ad/element/b70194ec-95bf-47c6-8f2c-35fdaa10d9ec/enabled'
21:01:33.204 [Forwarding isElementEnabled on session de658a458dd22ced758da127660f97ad to remote] DEBUG org.asynchttpclient.netty.request.NettyRequestSender - Using open Channel [id: 0x7d99420f, L:/127.0.0.1:52906 - R:localhost/127.0.0.1:62432] for GET '/session/de658a458dd22ced758da127660f97ad/element/b70194ec-95bf-47c6-8f2c-35fdaa10d9ec/enabled'
21:01:33.211 [AsyncHttpClient-1-4] DEBUG org.asynchttpclient.netty.handler.HttpHandler - 

Request DefaultFullHttpRequest(decodeResult: success, version: HTTP/1.1, content: EmptyByteBufBE)
GET /session/de658a458dd22ced758da127660f97ad/element/b70194ec-95bf-47c6-8f2c-35fdaa10d9ec/enabled HTTP/1.1
User-Agent: selenium/4.1.2 (java windows)
Cache-Control: no-cache
Content-Type: application/json; charset=utf-8
host: localhost:62432
accept: */*

Response DefaultHttpResponse(decodeResult: success, version: HTTP/1.1)
HTTP/1.1 200 OK
Content-Type: application/json; charset=utf-8
cache-control: no-cache
content-length: 14

21:01:33.211 [AsyncHttpClient-1-4] DEBUG org.asynchttpclient.netty.channel.ChannelManager - Adding key: http://localhost:62432 for channel [id: 0x7d99420f, L:/127.0.0.1:52906 - R:localhost/127.0.0.1:62432]
21:01:33.213 [Forwarding findElement on session de658a458dd22ced758da127660f97ad to remote] DEBUG org.asynchttpclient.netty.request.NettyRequestSender - Using pooled Channel '[id: 0x7d99420f, L:/127.0.0.1:52906 - R:localhost/127.0.0.1:62432]' for 'POST' to 'http://localhost:62432/session/de658a458dd22ced758da127660f97ad/element'
21:01:33.213 [Forwarding findElement on session de658a458dd22ced758da127660f97ad to remote] DEBUG org.asynchttpclient.netty.request.NettyRequestSender - Using open Channel [id: 0x7d99420f, L:/127.0.0.1:52906 - R:localhost/127.0.0.1:62432] for POST '/session/de658a458dd22ced758da127660f97ad/element'
21:01:33.221 [AsyncHttpClient-1-4] DEBUG org.asynchttpclient.netty.handler.HttpHandler - 

Request DefaultHttpRequest(decodeResult: success, version: HTTP/1.1)
POST /session/de658a458dd22ced758da127660f97ad/element HTTP/1.1
User-Agent: selenium/4.1.2 (java windows)
Content-Length: 146
Content-Type: application/json; charset=utf-8
host: localhost:62432
accept: */*

Response DefaultHttpResponse(decodeResult: success, version: HTTP/1.1)
HTTP/1.1 200 OK
Content-Type: application/json; charset=utf-8
cache-control: no-cache
content-length: 88

21:01:33.222 [AsyncHttpClient-1-4] DEBUG org.asynchttpclient.netty.channel.ChannelManager - Adding key: http://localhost:62432 for channel [id: 0x7d99420f, L:/127.0.0.1:52906 - R:localhost/127.0.0.1:62432]
21:01:33.223 [Forwarding clickElement on session de658a458dd22ced758da127660f97ad to remote] DEBUG org.asynchttpclient.netty.request.NettyRequestSender - Using pooled Channel '[id: 0x7d99420f, L:/127.0.0.1:52906 - R:localhost/127.0.0.1:62432]' for 'POST' to 'http://localhost:62432/session/de658a458dd22ced758da127660f97ad/element/b70194ec-95bf-47c6-8f2c-35fdaa10d9ec/click'
21:01:33.223 [Forwarding clickElement on session de658a458dd22ced758da127660f97ad to remote] DEBUG org.asynchttpclient.netty.request.NettyRequestSender - Using open Channel [id: 0x7d99420f, L:/127.0.0.1:52906 - R:localhost/127.0.0.1:62432] for POST '/session/de658a458dd22ced758da127660f97ad/element/b70194ec-95bf-47c6-8f2c-35fdaa10d9ec/click'
21:01:33.274 [AsyncHttpClient-1-4] DEBUG org.asynchttpclient.netty.handler.HttpHandler - 

Request DefaultHttpRequest(decodeResult: success, version: HTTP/1.1)
POST /session/de658a458dd22ced758da127660f97ad/element/b70194ec-95bf-47c6-8f2c-35fdaa10d9ec/click HTTP/1.1
User-Agent: selenium/4.1.2 (java windows)
Content-Length: 50
Content-Type: application/json; charset=utf-8
host: localhost:62432
accept: */*

Response DefaultHttpResponse(decodeResult: success, version: HTTP/1.1)
HTTP/1.1 200 OK
Content-Type: application/json; charset=utf-8
cache-control: no-cache
content-length: 14

21:01:33.274 [AsyncHttpClient-1-4] DEBUG org.asynchttpclient.netty.channel.ChannelManager - Adding key: http://localhost:62432 for channel [id: 0x7d99420f, L:/127.0.0.1:52906 - R:localhost/127.0.0.1:62432]
21:01:33.280 [Forwarding screenshot on session de658a458dd22ced758da127660f97ad to remote] DEBUG org.asynchttpclient.netty.request.NettyRequestSender - Using pooled Channel '[id: 0x7d99420f, L:/127.0.0.1:52906 - R:localhost/127.0.0.1:62432]' for 'GET' to 'http://localhost:62432/session/de658a458dd22ced758da127660f97ad/screenshot'
21:01:33.280 [Forwarding screenshot on session de658a458dd22ced758da127660f97ad to remote] DEBUG org.asynchttpclient.netty.request.NettyRequestSender - Using open Channel [id: 0x7d99420f, L:/127.0.0.1:52906 - R:localhost/127.0.0.1:62432] for GET '/session/de658a458dd22ced758da127660f97ad/screenshot'
21:01:33.470 [AsyncHttpClient-1-4] DEBUG org.asynchttpclient.netty.handler.HttpHandler - 

Request DefaultFullHttpRequest(decodeResult: success, version: HTTP/1.1, content: EmptyByteBufBE)
GET /session/de658a458dd22ced758da127660f97ad/screenshot HTTP/1.1
User-Agent: selenium/4.1.2 (java windows)
Cache-Control: no-cache
Content-Type: application/json; charset=utf-8
host: localhost:62432
accept: */*

Response DefaultHttpResponse(decodeResult: success, version: HTTP/1.1)
HTTP/1.1 200 OK
Content-Type: application/json; charset=utf-8
cache-control: no-cache
content-length: 48492

21:01:33.471 [AsyncHttpClient-1-4] DEBUG org.asynchttpclient.netty.channel.ChannelManager - Adding key: http://localhost:62432 for channel [id: 0x7d99420f, L:/127.0.0.1:52906 - R:localhost/127.0.0.1:62432]
21:01:33.475 [main] DEBUG net.serenitybdd.core.photography.Darkroom - Send negative for processing for target\site\serenity\b455ffebd6505fcca32cb825be78d1e5f97f5d1c061c48bcbe8ed5fcee855fa9.png
21:01:33.475 [main] DEBUG net.thucydides.core.steps.StepInterceptor - STEP DONE: clickDecreaseItems
  &amp#27;[32mAnd &amp#27;[0m&amp#27;[32muser increases the number of items&amp#27;[0m                   &amp#27;[90m# starter.stepdefenitions.ProductSteps.userIncreasesTheNumberOfItems()&amp#27;[0m
21:01:33.475 [Darkroom Processing Line] DEBUG net.serenitybdd.core.photography.DarkroomProcessingLine - Processing screenshot image in /var/screenshots/screenshot-2007844167025545464
21:01:33.475 [Darkroom Processing Line] DEBUG net.serenitybdd.core.photography.DarkroomProcessingLine - Saving screenshot to target\site\serenity\b455ffebd6505fcca32cb825be78d1e5f97f5d1c061c48bcbe8ed5fcee855fa9.png
  &amp#27;[32mThen &amp#27;[0m&amp#27;[32muser success to increases items&amp#27;[0m                     &amp#27;[90m# starter.stepdefenitions.ProductSteps.userSuccessToIncreasesItems()&amp#27;[0m
21:01:33.511 [main] INFO  - 
  _____   ___   ___   _____     ___     _     ___   ___   ___   ___  
 |_   _| | __| / __| |_   _|   | _ \   /_\   / __| / __| | __| |   \ 
   | |   | _|  \__ \   | |     |  _/  / _ \  \__ \ \__ \ | _|  | |) |
   |_|   |___| |___/   |_|     |_|   /_/ \_\ |___/ |___/ |___| |___/ 

As user i want to verify quantity working or not
----------------------------------------------------------------------
21:01:33.512 [AsyncHttpClient-1-6] DEBUG org.asynchttpclient.netty.handler.WebSocketHandler - Channel Closed: [id: 0xf2628f6d, L:/127.0.0.1:52914 ! R:localhost/127.0.0.1:52907] with attribute NettyResponseFuture{currentRetry=5,
	isDone=1,
	isCancelled=0,
	asyncHandler=org.asynchttpclient.ws.WebSocketUpgradeHandler@15f9a085,
	nettyRequest=org.asynchttpclient.netty.request.NettyRequest@28514236,
	future=java.util.concurrent.CompletableFuture@4c1b368e[Completed normally],
	uri=ws://localhost:52907/devtools/browser/88cd518b-ab5a-4a5d-b6d9-009ed9c0ec2f,
	keepAlive=true,
	redirectCount=0,
	timeoutsHolder=null,
	inAuth=0,
	touch=1652450480576}
21:01:33.513 [AsyncHttpClient-1-6] DEBUG org.asynchttpclient.netty.channel.ChannelManager - Closing Channel [id: 0xf2628f6d, L:/127.0.0.1:52914 ! R:localhost/127.0.0.1:52907] 
21:01:33.513 [Driver Command Executor] DEBUG org.asynchttpclient.netty.request.NettyRequestSender - Using pooled Channel '[id: 0x7d99420f, L:/127.0.0.1:52906 - R:localhost/127.0.0.1:62432]' for 'DELETE' to 'http://localhost:62432/session/de658a458dd22ced758da127660f97ad'
21:01:33.514 [Driver Command Executor] DEBUG org.asynchttpclient.netty.request.NettyRequestSender - Using open Channel [id: 0x7d99420f, L:/127.0.0.1:52906 - R:localhost/127.0.0.1:62432] for DELETE '/session/de658a458dd22ced758da127660f97ad'
21:01:33.582 [AsyncHttpClient-1-5] DEBUG org.asynchttpclient.netty.handler.HttpHandler - Unexpected I/O exception on channel [id: 0x18b3baae, L:/127.0.0.1:52913 - R:localhost/127.0.0.1:52907]
java.io.IOException: An existing connection was forcibly closed by the remote host
	at sun.nio.ch.SocketDispatcher.read0(Native Method)
	at sun.nio.ch.SocketDispatcher.read(SocketDispatcher.java:43)
	at sun.nio.ch.IOUtil.readIntoNativeBuffer(IOUtil.java:223)
	at sun.nio.ch.IOUtil.read(IOUtil.java:192)
	at sun.nio.ch.SocketChannelImpl.read(SocketChannelImpl.java:378)
	at io.netty.buffer.PooledByteBuf.setBytes(PooledByteBuf.java:258)
	at io.netty.buffer.AbstractByteBuf.writeBytes(AbstractByteBuf.java:1132)
	at io.netty.channel.socket.nio.NioSocketChannel.doReadBytes(NioSocketChannel.java:350)
	at io.netty.channel.nio.AbstractNioByteChannel$NioByteUnsafe.read(AbstractNioByteChannel.java:151)
	at io.netty.channel.nio.NioEventLoop.processSelectedKey(NioEventLoop.java:722)
	at io.netty.channel.nio.NioEventLoop.processSelectedKeysOptimized(NioEventLoop.java:658)
	at io.netty.channel.nio.NioEventLoop.processSelectedKeys(NioEventLoop.java:584)
	at io.netty.channel.nio.NioEventLoop.run(NioEventLoop.java:496)
	at io.netty.util.concurrent.SingleThreadEventExecutor$4.run(SingleThreadEventExecutor.java:986)
	at io.netty.util.internal.ThreadExecutorMap$2.run(ThreadExecutorMap.java:74)
	at io.netty.util.concurrent.FastThreadLocalRunnable.run(FastThreadLocalRunnable.java:30)
	at java.lang.Thread.run(Thread.java:750)
21:01:33.582 [AsyncHttpClient-1-5] DEBUG org.asynchttpclient.netty.channel.ChannelManager - Closing Channel [id: 0x18b3baae, L:/127.0.0.1:52913 - R:localhost/127.0.0.1:52907] 
21:01:33.582 [AsyncHttpClient-1-5] DEBUG org.asynchttpclient.netty.handler.HttpHandler - Channel Closed: [id: 0x18b3baae, L:/127.0.0.1:52913 ! R:localhost/127.0.0.1:52907] with attribute DISCARD
21:01:33.621 [AsyncHttpClient-1-4] DEBUG org.asynchttpclient.netty.handler.HttpHandler - 

Request DefaultFullHttpRequest(decodeResult: success, version: HTTP/1.1, content: EmptyByteBufBE)
DELETE /session/de658a458dd22ced758da127660f97ad HTTP/1.1
User-Agent: selenium/4.1.2 (java windows)
Content-Type: application/json; charset=utf-8
host: localhost:62432
accept: */*

Response DefaultHttpResponse(decodeResult: success, version: HTTP/1.1)
HTTP/1.1 200 OK
Content-Type: application/json; charset=utf-8
cache-control: no-cache
content-length: 14

21:01:33.621 [AsyncHttpClient-1-4] DEBUG org.asynchttpclient.netty.channel.ChannelManager - Adding key: http://localhost:62432 for channel [id: 0x7d99420f, L:/127.0.0.1:52906 - R:localhost/127.0.0.1:62432]
21:01:33.731 [AsyncHttpClient-1-4] DEBUG org.asynchttpclient.netty.handler.HttpHandler - Channel Closed: [id: 0x7d99420f, L:/127.0.0.1:52906 ! R:localhost/127.0.0.1:62432] with attribute DISCARD
21:01:34.001 [AsyncHttpClient-1-1] DEBUG org.asynchttpclient.netty.channel.DefaultChannelPool - Entry count for : http://localhost:62432 : 1
21:01:34.001 [AsyncHttpClient-1-1] DEBUG org.asynchttpclient.netty.channel.DefaultChannelPool - Entry count for : http://localhost:52907 : 1
21:01:34.001 [AsyncHttpClient-1-1] DEBUG org.asynchttpclient.netty.channel.DefaultChannelPool - Adding Candidate expired Channel [id: 0x7d99420f, L:/127.0.0.1:52906 ! R:localhost/127.0.0.1:62432] isIdleTimeoutExpired=false isRemotelyClosed=true isTtlExpired=false
21:01:34.001 [AsyncHttpClient-1-1] DEBUG org.asynchttpclient.netty.channel.DefaultChannelPool - Closing Idle Channel [id: 0x7d99420f, L:/127.0.0.1:52906 ! R:localhost/127.0.0.1:62432]
21:01:34.001 [AsyncHttpClient-1-1] DEBUG org.asynchttpclient.netty.channel.DefaultChannelPool - Adding Candidate expired Channel [id: 0x18b3baae, L:/127.0.0.1:52913 ! R:localhost/127.0.0.1:52907] isIdleTimeoutExpired=false isRemotelyClosed=true isTtlExpired=false
21:01:34.001 [AsyncHttpClient-1-1] DEBUG org.asynchttpclient.netty.channel.DefaultChannelPool - Closing Idle Channel [id: 0x18b3baae, L:/127.0.0.1:52913 ! R:localhost/127.0.0.1:52907]
21:01:34.001 [AsyncHttpClient-1-1] DEBUG org.asynchttpclient.netty.channel.DefaultChannelPool - Closed 2 connections out of 2 in 0 ms
]]></system-out>
    <system-err><![CDATA[Starting ChromeDriver 100.0.4896.60 (6a5d10861ce8de5fce22564658033b43cb7de047-refs/branch-heads/4896@{#875}) on port 62432
Only local connections are allowed.
Please see https://chromedriver.chromium.org/security-considerations for suggestions on keeping ChromeDriver safe.
ChromeDriver was started successfully.
[1652450480.469][WARNING]: This version of ChromeDriver has not been tested with Chrome version 101.
May 13, 2022 9:01:20 PM org.openqa.selenium.remote.ProtocolHandshake createSession
INFO: Detected dialect: W3C
May 13, 2022 9:01:20 PM org.openqa.selenium.devtools.CdpVersionFinder findNearestMatch
WARNING: Unable to find an exact match for CDP version 101, so returning the closest version found: 97
May 13, 2022 9:01:20 PM org.openqa.selenium.devtools.CdpVersionFinder findNearestMatch
INFO: Found CDP implementation for version 101 of 97
]]></system-err>
  </testcase>
  <testcase name="As user i have be able to success crete account" classname="As user i want to create account So that i can login" time="14.85">
    <system-out><![CDATA[21:01:34.271 [main] INFO io.cucumber.core.plugin.SerenityReporter - Running feature from file:///D:/kampus%20merdeka/QE_MUHAMMAD%20ADIBASYAH/miniproject/web/src/test/resources/features/Register.feature
21:01:34.279 [main] DEBUG net.thucydides.core.steps.StepEventBus - Test suite started for story net.thucydides.core.model.Story@5074cca9
21:01:34.281 [main] INFO  - Test Suite Started: As user i want to create account So that i can login

@register
Scenario: As user i have be able to success crete account &amp#27;[90m# src/test/resources/features/Register.feature:4&amp#27;[0m
21:01:34.318 [main] INFO io.cucumber.core.plugin.SerenityReporter - Running feature from file:///D:/kampus%20merdeka/QE_MUHAMMAD%20ADIBASYAH/miniproject/web/src/test/resources/features/Register.feature
21:01:34.324 [main] INFO  - 
  _____   ___   ___   _____     ___   _____     _     ___   _____   ___   ___  
 |_   _| | __| / __| |_   _|   / __| |_   _|   /_\   | _ \ |_   _| | __| |   \ 
   | |   | _|  \__ \   | |     \__ \   | |    / _ \  |   /   | |   | _|  | |) |
   |_|   |___| |___/   |_|     |___/   |_|   /_/ \_\ |_|_\   |_|   |___| |___/ 

As user i have be able to success crete account(as-user-i-want-to-create-account-so-that-i-can-login;as-user-i-have-be-able-to-success-crete-account)
--------------------------------------------------------------------------------
21:01:34.554 [main] DEBUG net.thucydides.core.steps.StepInterceptor - STARTING STEP: RegisterSteps.onRegisterPage - openPage
21:01:34.557 [main] INFO net.serenitybdd.core.webdriver.driverproviders.ChromeDriverProvider - Using automatically driver download
21:01:34.808 [main] DEBUG io.github.bonigarcia.wdm.cache.ResolutionCache - Resolution chrome=101 in cache (valid until 21:59:22 13/05/2022 ICT)
21:01:34.815 [main] DEBUG io.github.bonigarcia.wdm.cache.ResolutionCache - Resolution chrome101=101.0.4951.41 in cache (valid until 20:59:22 14/05/2022 ICT)
21:01:34.819 [main] INFO io.github.bonigarcia.wdm.WebDriverManager - Using chromedriver 101.0.4951.41 (resolved driver for Chrome 101)
21:01:34.842 [main] DEBUG io.github.bonigarcia.wdm.WebDriverManager - Driver chromedriver 101.0.4951.41 found in cache
21:01:34.843 [main] INFO io.github.bonigarcia.wdm.WebDriverManager - Exporting webdriver.chrome.driver as C:\Users\Admin\.cache\selenium\chromedriver\win32\101.0.4951.41\chromedriver.exe
21:01:35.080 [main] DEBUG net.serenitybdd.core.webdriver.driverproviders.ProvideNewDriver - Instantiating driver
21:01:35.080 [main] DEBUG net.serenitybdd.core.webdriver.driverproviders.ProvideNewDriver - Driver capabilities: Capabilities {acceptInsecureCerts: false, base.url: https://qa.alta.id/, browserName: chrome, chrome.driver: src/test/resources/webdrive..., driver: chrome, goog:chromeOptions: {args: [], extensions: []}}
21:01:35.642 [AsyncHttpClient-1-7] DEBUG org.asynchttpclient.netty.channel.NettyConnectListener - Using new Channel '[id: 0x41d7e11c, L:/127.0.0.1:52935 - R:localhost/127.0.0.1:51892]' for 'POST' to '/session'
21:01:36.780 [AsyncHttpClient-1-7] DEBUG org.asynchttpclient.netty.handler.HttpHandler - 

Request DefaultHttpRequest(decodeResult: success, version: HTTP/1.1)
POST /session HTTP/1.1
User-Agent: selenium/4.1.2 (java windows)
Content-Length: 605
Content-Type: application/json; charset=utf-8
host: localhost:51892
accept: */*

Response DefaultHttpResponse(decodeResult: success, version: HTTP/1.1)
HTTP/1.1 200 OK
Content-Type: application/json; charset=utf-8
cache-control: no-cache
content-length: 789

21:01:36.780 [AsyncHttpClient-1-7] DEBUG org.asynchttpclient.netty.channel.ChannelManager - Adding key: http://localhost:51892 for channel [id: 0x41d7e11c, L:/127.0.0.1:52935 - R:localhost/127.0.0.1:51892]
21:01:36.854 [AsyncHttpClient-1-8] DEBUG org.asynchttpclient.netty.channel.NettyConnectListener - Using new Channel '[id: 0xe522eb24, L:/127.0.0.1:52942 - R:localhost/127.0.0.1:52936]' for 'GET' to '/json/version'
21:01:36.855 [AsyncHttpClient-1-8] DEBUG org.asynchttpclient.netty.handler.HttpHandler - 

Request DefaultFullHttpRequest(decodeResult: success, version: HTTP/1.1, content: EmptyByteBufBE)
GET /json/version HTTP/1.1
User-Agent: selenium/4.1.2 (java windows)
host: localhost:52936
accept: */*

Response DefaultHttpResponse(decodeResult: success, version: HTTP/1.1)
HTTP/1.1 200 OK
Content-Type: application/json; charset=UTF-8
content-length: 427

21:01:36.855 [AsyncHttpClient-1-8] DEBUG org.asynchttpclient.netty.channel.ChannelManager - Adding key: http://localhost:52936 for channel [id: 0xe522eb24, L:/127.0.0.1:52942 - R:localhost/127.0.0.1:52936]
21:01:36.859 [AsyncHttpClient-1-9] DEBUG org.asynchttpclient.netty.channel.NettyConnectListener - Using new Channel '[id: 0x75e7ddac, L:/127.0.0.1:52943 - R:localhost/127.0.0.1:52936]' for 'GET' to '/devtools/browser/f1e57402-c637-4553-94bc-884192e92b4c'
21:01:36.860 [AsyncHttpClient-1-9] DEBUG org.asynchttpclient.netty.handler.WebSocketHandler - 

Request DefaultFullHttpRequest(decodeResult: success, version: HTTP/1.1, content: EmptyByteBufBE)
GET /devtools/browser/f1e57402-c637-4553-94bc-884192e92b4c HTTP/1.1
upgrade: websocket
connection: upgrade
sec-websocket-key: 2942tGjldnKG61YEchVM/A==
sec-websocket-version: 13
origin: http://localhost:52936
host: localhost:52936
accept: */*
user-agent: AHC/2.1

Response DefaultHttpResponse(decodeResult: success, version: HTTP/1.1)
HTTP/1.1 101 WebSocket Protocol Handshake
Upgrade: WebSocket
Connection: Upgrade
Sec-WebSocket-Accept: TgPWmV2Ffqs9Pg1aeIg7Gdc3+Gw=

21:01:36.885 [Forwarding setCurrentWindowSize on session feec98fdad0e37c5ddf1882640d673d8 to remote] DEBUG org.asynchttpclient.netty.request.NettyRequestSender - Using pooled Channel '[id: 0x41d7e11c, L:/127.0.0.1:52935 - R:localhost/127.0.0.1:51892]' for 'POST' to 'http://localhost:51892/session/feec98fdad0e37c5ddf1882640d673d8/window/rect'
21:01:36.887 [Forwarding setCurrentWindowSize on session feec98fdad0e37c5ddf1882640d673d8 to remote] DEBUG org.asynchttpclient.netty.request.NettyRequestSender - Using open Channel [id: 0x41d7e11c, L:/127.0.0.1:52935 - R:localhost/127.0.0.1:51892] for POST '/session/feec98fdad0e37c5ddf1882640d673d8/window/rect'
21:01:37.017 [AsyncHttpClient-1-7] DEBUG org.asynchttpclient.netty.handler.HttpHandler - 

Request DefaultHttpRequest(decodeResult: success, version: HTTP/1.1)
POST /session/feec98fdad0e37c5ddf1882640d673d8/window/rect HTTP/1.1
User-Agent: selenium/4.1.2 (java windows)
Content-Length: 37
Content-Type: application/json; charset=utf-8
host: localhost:51892
accept: */*

Response DefaultHttpResponse(decodeResult: success, version: HTTP/1.1)
HTTP/1.1 200 OK
Content-Type: application/json; charset=utf-8
cache-control: no-cache
content-length: 51

21:01:37.017 [AsyncHttpClient-1-7] DEBUG org.asynchttpclient.netty.channel.ChannelManager - Adding key: http://localhost:51892 for channel [id: 0x41d7e11c, L:/127.0.0.1:52935 - R:localhost/127.0.0.1:51892]
21:01:37.019 [Forwarding setWindowPosition on session feec98fdad0e37c5ddf1882640d673d8 to remote] DEBUG org.asynchttpclient.netty.request.NettyRequestSender - Using pooled Channel '[id: 0x41d7e11c, L:/127.0.0.1:52935 - R:localhost/127.0.0.1:51892]' for 'POST' to 'http://localhost:51892/session/feec98fdad0e37c5ddf1882640d673d8/window/rect'
21:01:37.019 [Forwarding setWindowPosition on session feec98fdad0e37c5ddf1882640d673d8 to remote] DEBUG org.asynchttpclient.netty.request.NettyRequestSender - Using open Channel [id: 0x41d7e11c, L:/127.0.0.1:52935 - R:localhost/127.0.0.1:51892] for POST '/session/feec98fdad0e37c5ddf1882640d673d8/window/rect'
21:01:37.128 [AsyncHttpClient-1-7] DEBUG org.asynchttpclient.netty.handler.HttpHandler - 

Request DefaultHttpRequest(decodeResult: success, version: HTTP/1.1)
POST /session/feec98fdad0e37c5ddf1882640d673d8/window/rect HTTP/1.1
User-Agent: selenium/4.1.2 (java windows)
Content-Length: 22
Content-Type: application/json; charset=utf-8
host: localhost:51892
accept: */*

Response DefaultHttpResponse(decodeResult: success, version: HTTP/1.1)
HTTP/1.1 200 OK
Content-Type: application/json; charset=utf-8
cache-control: no-cache
content-length: 49

21:01:37.129 [AsyncHttpClient-1-7] DEBUG org.asynchttpclient.netty.channel.ChannelManager - Adding key: http://localhost:51892 for channel [id: 0x41d7e11c, L:/127.0.0.1:52935 - R:localhost/127.0.0.1:51892]
21:01:37.130 [Forwarding get on session feec98fdad0e37c5ddf1882640d673d8 to remote] DEBUG org.asynchttpclient.netty.request.NettyRequestSender - Using pooled Channel '[id: 0x41d7e11c, L:/127.0.0.1:52935 - R:localhost/127.0.0.1:51892]' for 'POST' to 'http://localhost:51892/session/feec98fdad0e37c5ddf1882640d673d8/url'
21:01:37.130 [Forwarding get on session feec98fdad0e37c5ddf1882640d673d8 to remote] DEBUG org.asynchttpclient.netty.request.NettyRequestSender - Using open Channel [id: 0x41d7e11c, L:/127.0.0.1:52935 - R:localhost/127.0.0.1:51892] for POST '/session/feec98fdad0e37c5ddf1882640d673d8/url'
21:01:37.297 [AsyncHttpClient-1-1] DEBUG org.asynchttpclient.netty.channel.DefaultChannelPool - Entry count for : http://localhost:52936 : 1
21:01:38.461 [AsyncHttpClient-1-1] DEBUG org.asynchttpclient.netty.channel.DefaultChannelPool - Entry count for : http://localhost:52936 : 1
21:01:39.009 [AsyncHttpClient-1-7] DEBUG org.asynchttpclient.netty.handler.HttpHandler - 

Request DefaultHttpRequest(decodeResult: success, version: HTTP/1.1)
POST /session/feec98fdad0e37c5ddf1882640d673d8/url HTTP/1.1
User-Agent: selenium/4.1.2 (java windows)
Content-Length: 49
Content-Type: application/json; charset=utf-8
host: localhost:51892
accept: */*

Response DefaultHttpResponse(decodeResult: success, version: HTTP/1.1)
HTTP/1.1 200 OK
Content-Type: application/json; charset=utf-8
cache-control: no-cache
content-length: 14

21:01:39.009 [AsyncHttpClient-1-7] DEBUG org.asynchttpclient.netty.channel.ChannelManager - Adding key: http://localhost:51892 for channel [id: 0x41d7e11c, L:/127.0.0.1:52935 - R:localhost/127.0.0.1:51892]
21:01:39.011 [Forwarding setTimeout on session feec98fdad0e37c5ddf1882640d673d8 to remote] DEBUG org.asynchttpclient.netty.request.NettyRequestSender - Using pooled Channel '[id: 0x41d7e11c, L:/127.0.0.1:52935 - R:localhost/127.0.0.1:51892]' for 'POST' to 'http://localhost:51892/session/feec98fdad0e37c5ddf1882640d673d8/timeouts'
21:01:39.011 [Forwarding setTimeout on session feec98fdad0e37c5ddf1882640d673d8 to remote] DEBUG org.asynchttpclient.netty.request.NettyRequestSender - Using open Channel [id: 0x41d7e11c, L:/127.0.0.1:52935 - R:localhost/127.0.0.1:51892] for POST '/session/feec98fdad0e37c5ddf1882640d673d8/timeouts'
21:01:39.022 [AsyncHttpClient-1-7] DEBUG org.asynchttpclient.netty.handler.HttpHandler - 

Request DefaultHttpRequest(decodeResult: success, version: HTTP/1.1)
POST /session/feec98fdad0e37c5ddf1882640d673d8/timeouts HTTP/1.1
User-Agent: selenium/4.1.2 (java windows)
Content-Length: 22
Content-Type: application/json; charset=utf-8
host: localhost:51892
accept: */*

Response DefaultHttpResponse(decodeResult: success, version: HTTP/1.1)
HTTP/1.1 200 OK
Content-Type: application/json; charset=utf-8
cache-control: no-cache
content-length: 14

21:01:39.022 [AsyncHttpClient-1-7] DEBUG org.asynchttpclient.netty.channel.ChannelManager - Adding key: http://localhost:51892 for channel [id: 0x41d7e11c, L:/127.0.0.1:52935 - R:localhost/127.0.0.1:51892]
21:01:39.041 [Forwarding getCurrentUrl on session feec98fdad0e37c5ddf1882640d673d8 to remote] DEBUG org.asynchttpclient.netty.request.NettyRequestSender - Using pooled Channel '[id: 0x41d7e11c, L:/127.0.0.1:52935 - R:localhost/127.0.0.1:51892]' for 'GET' to 'http://localhost:51892/session/feec98fdad0e37c5ddf1882640d673d8/url'
21:01:39.042 [Forwarding getCurrentUrl on session feec98fdad0e37c5ddf1882640d673d8 to remote] DEBUG org.asynchttpclient.netty.request.NettyRequestSender - Using open Channel [id: 0x41d7e11c, L:/127.0.0.1:52935 - R:localhost/127.0.0.1:51892] for GET '/session/feec98fdad0e37c5ddf1882640d673d8/url'
21:01:39.102 [AsyncHttpClient-1-7] DEBUG org.asynchttpclient.netty.handler.HttpHandler - 

Request DefaultFullHttpRequest(decodeResult: success, version: HTTP/1.1, content: EmptyByteBufBE)
GET /session/feec98fdad0e37c5ddf1882640d673d8/url HTTP/1.1
User-Agent: selenium/4.1.2 (java windows)
Cache-Control: no-cache
Content-Type: application/json; charset=utf-8
host: localhost:51892
accept: */*

Response DefaultHttpResponse(decodeResult: success, version: HTTP/1.1)
HTTP/1.1 200 OK
Content-Type: application/json; charset=utf-8
cache-control: no-cache
content-length: 31

21:01:39.103 [AsyncHttpClient-1-7] DEBUG org.asynchttpclient.netty.channel.ChannelManager - Adding key: http://localhost:51892 for channel [id: 0x41d7e11c, L:/127.0.0.1:52935 - R:localhost/127.0.0.1:51892]
21:01:39.121 [Forwarding getCurrentUrl on session feec98fdad0e37c5ddf1882640d673d8 to remote] DEBUG org.asynchttpclient.netty.request.NettyRequestSender - Using pooled Channel '[id: 0x41d7e11c, L:/127.0.0.1:52935 - R:localhost/127.0.0.1:51892]' for 'GET' to 'http://localhost:51892/session/feec98fdad0e37c5ddf1882640d673d8/url'
21:01:39.122 [Forwarding getCurrentUrl on session feec98fdad0e37c5ddf1882640d673d8 to remote] DEBUG org.asynchttpclient.netty.request.NettyRequestSender - Using open Channel [id: 0x41d7e11c, L:/127.0.0.1:52935 - R:localhost/127.0.0.1:51892] for GET '/session/feec98fdad0e37c5ddf1882640d673d8/url'
21:01:39.145 [AsyncHttpClient-1-7] DEBUG org.asynchttpclient.netty.handler.HttpHandler - 

Request DefaultFullHttpRequest(decodeResult: success, version: HTTP/1.1, content: EmptyByteBufBE)
GET /session/feec98fdad0e37c5ddf1882640d673d8/url HTTP/1.1
User-Agent: selenium/4.1.2 (java windows)
Cache-Control: no-cache
Content-Type: application/json; charset=utf-8
host: localhost:51892
accept: */*

Response DefaultHttpResponse(decodeResult: success, version: HTTP/1.1)
HTTP/1.1 200 OK
Content-Type: application/json; charset=utf-8
cache-control: no-cache
content-length: 31

21:01:39.145 [AsyncHttpClient-1-7] DEBUG org.asynchttpclient.netty.channel.ChannelManager - Adding key: http://localhost:51892 for channel [id: 0x41d7e11c, L:/127.0.0.1:52935 - R:localhost/127.0.0.1:51892]
21:01:39.160 [main] DEBUG net.serenitybdd.core.photography.Darkroom - Opening darkroom
21:01:39.160 [Darkroom Processing Line] DEBUG net.serenitybdd.core.photography.DarkroomProcessingLine - Darkroom processing line starting up
21:01:39.160 [Forwarding screenshot on session feec98fdad0e37c5ddf1882640d673d8 to remote] DEBUG org.asynchttpclient.netty.request.NettyRequestSender - Using pooled Channel '[id: 0x41d7e11c, L:/127.0.0.1:52935 - R:localhost/127.0.0.1:51892]' for 'GET' to 'http://localhost:51892/session/feec98fdad0e37c5ddf1882640d673d8/screenshot'
21:01:39.161 [Forwarding screenshot on session feec98fdad0e37c5ddf1882640d673d8 to remote] DEBUG org.asynchttpclient.netty.request.NettyRequestSender - Using open Channel [id: 0x41d7e11c, L:/127.0.0.1:52935 - R:localhost/127.0.0.1:51892] for GET '/session/feec98fdad0e37c5ddf1882640d673d8/screenshot'
21:01:39.501 [AsyncHttpClient-1-1] DEBUG org.asynchttpclient.netty.channel.DefaultChannelPool - Entry count for : http://localhost:52936 : 1
21:01:40.629 [AsyncHttpClient-1-1] DEBUG org.asynchttpclient.netty.channel.DefaultChannelPool - Entry count for : http://localhost:52936 : 1
21:01:41.693 [AsyncHttpClient-1-1] DEBUG org.asynchttpclient.netty.channel.DefaultChannelPool - Entry count for : http://localhost:52936 : 1
21:01:42.803 [AsyncHttpClient-1-1] DEBUG org.asynchttpclient.netty.channel.DefaultChannelPool - Entry count for : http://localhost:52936 : 1
21:01:43.899 [AsyncHttpClient-1-1] DEBUG org.asynchttpclient.netty.channel.DefaultChannelPool - Entry count for : http://localhost:52936 : 1
21:01:45.009 [AsyncHttpClient-1-1] DEBUG org.asynchttpclient.netty.channel.DefaultChannelPool - Entry count for : http://localhost:52936 : 1
21:01:45.024 [AsyncHttpClient-1-7] DEBUG org.asynchttpclient.netty.handler.HttpHandler - 

Request DefaultFullHttpRequest(decodeResult: success, version: HTTP/1.1, content: EmptyByteBufBE)
GET /session/feec98fdad0e37c5ddf1882640d673d8/screenshot HTTP/1.1
User-Agent: selenium/4.1.2 (java windows)
Cache-Control: no-cache
Content-Type: application/json; charset=utf-8
host: localhost:51892
accept: */*

Response DefaultHttpResponse(decodeResult: success, version: HTTP/1.1)
HTTP/1.1 200 OK
Content-Type: application/json; charset=utf-8
cache-control: no-cache
content-length: 30828

21:01:45.025 [AsyncHttpClient-1-7] DEBUG org.asynchttpclient.netty.channel.ChannelManager - Adding key: http://localhost:51892 for channel [id: 0x41d7e11c, L:/127.0.0.1:52935 - R:localhost/127.0.0.1:51892]
21:01:45.029 [main] DEBUG net.serenitybdd.core.photography.Darkroom - Send negative for processing for target\site\serenity\3288347bf07b5a9f327d2430d1c2ddb0b954e46b1b77a884686e7aed53593e74.png
21:01:45.030 [main] DEBUG net.thucydides.core.steps.StepInterceptor - STEP DONE: openPage
21:01:45.043 [main] DEBUG net.thucydides.core.steps.StepInterceptor - STARTING STEP: RegisterSteps.onRegisterPage - clickLoginIcon
21:01:45.048 [Forwarding findElement on session feec98fdad0e37c5ddf1882640d673d8 to remote] DEBUG org.asynchttpclient.netty.request.NettyRequestSender - Using pooled Channel '[id: 0x41d7e11c, L:/127.0.0.1:52935 - R:localhost/127.0.0.1:51892]' for 'POST' to 'http://localhost:51892/session/feec98fdad0e37c5ddf1882640d673d8/element'
21:01:45.049 [Forwarding findElement on session feec98fdad0e37c5ddf1882640d673d8 to remote] DEBUG org.asynchttpclient.netty.request.NettyRequestSender - Using open Channel [id: 0x41d7e11c, L:/127.0.0.1:52935 - R:localhost/127.0.0.1:51892] for POST '/session/feec98fdad0e37c5ddf1882640d673d8/element'
21:01:45.095 [AsyncHttpClient-1-7] DEBUG org.asynchttpclient.netty.handler.HttpHandler - 

Request DefaultHttpRequest(decodeResult: success, version: HTTP/1.1)
POST /session/feec98fdad0e37c5ddf1882640d673d8/element HTTP/1.1
User-Agent: selenium/4.1.2 (java windows)
Content-Length: 129
Content-Type: application/json; charset=utf-8
host: localhost:51892
accept: */*

Response DefaultHttpResponse(decodeResult: success, version: HTTP/1.1)
HTTP/1.1 200 OK
Content-Type: application/json; charset=utf-8
cache-control: no-cache
content-length: 88

21:01:45.095 [AsyncHttpClient-1-7] DEBUG org.asynchttpclient.netty.channel.ChannelManager - Adding key: http://localhost:51892 for channel [id: 0x41d7e11c, L:/127.0.0.1:52935 - R:localhost/127.0.0.1:51892]
21:01:45.097 [Forwarding getElementTagName on session feec98fdad0e37c5ddf1882640d673d8 to remote] DEBUG org.asynchttpclient.netty.request.NettyRequestSender - Using pooled Channel '[id: 0x41d7e11c, L:/127.0.0.1:52935 - R:localhost/127.0.0.1:51892]' for 'GET' to 'http://localhost:51892/session/feec98fdad0e37c5ddf1882640d673d8/element/2112dd91-8f83-4958-91d3-905e06e6e631/name'
21:01:45.097 [Forwarding getElementTagName on session feec98fdad0e37c5ddf1882640d673d8 to remote] DEBUG org.asynchttpclient.netty.request.NettyRequestSender - Using open Channel [id: 0x41d7e11c, L:/127.0.0.1:52935 - R:localhost/127.0.0.1:51892] for GET '/session/feec98fdad0e37c5ddf1882640d673d8/element/2112dd91-8f83-4958-91d3-905e06e6e631/name'
21:01:45.103 [AsyncHttpClient-1-7] DEBUG org.asynchttpclient.netty.handler.HttpHandler - 

Request DefaultFullHttpRequest(decodeResult: success, version: HTTP/1.1, content: EmptyByteBufBE)
GET /session/feec98fdad0e37c5ddf1882640d673d8/element/2112dd91-8f83-4958-91d3-905e06e6e631/name HTTP/1.1
User-Agent: selenium/4.1.2 (java windows)
Cache-Control: no-cache
Content-Type: application/json; charset=utf-8
host: localhost:51892
accept: */*

Response DefaultHttpResponse(decodeResult: success, version: HTTP/1.1)
HTTP/1.1 200 OK
Content-Type: application/json; charset=utf-8
cache-control: no-cache
content-length: 18

21:01:45.103 [AsyncHttpClient-1-7] DEBUG org.asynchttpclient.netty.channel.ChannelManager - Adding key: http://localhost:51892 for channel [id: 0x41d7e11c, L:/127.0.0.1:52935 - R:localhost/127.0.0.1:51892]
21:01:45.105 [Forwarding getElementTagName on session feec98fdad0e37c5ddf1882640d673d8 to remote] DEBUG org.asynchttpclient.netty.request.NettyRequestSender - Using pooled Channel '[id: 0x41d7e11c, L:/127.0.0.1:52935 - R:localhost/127.0.0.1:51892]' for 'GET' to 'http://localhost:51892/session/feec98fdad0e37c5ddf1882640d673d8/element/2112dd91-8f83-4958-91d3-905e06e6e631/name'
21:01:45.105 [Forwarding getElementTagName on session feec98fdad0e37c5ddf1882640d673d8 to remote] DEBUG org.asynchttpclient.netty.request.NettyRequestSender - Using open Channel [id: 0x41d7e11c, L:/127.0.0.1:52935 - R:localhost/127.0.0.1:51892] for GET '/session/feec98fdad0e37c5ddf1882640d673d8/element/2112dd91-8f83-4958-91d3-905e06e6e631/name'
21:01:45.108 [AsyncHttpClient-1-7] DEBUG org.asynchttpclient.netty.handler.HttpHandler - 

Request DefaultFullHttpRequest(decodeResult: success, version: HTTP/1.1, content: EmptyByteBufBE)
GET /session/feec98fdad0e37c5ddf1882640d673d8/element/2112dd91-8f83-4958-91d3-905e06e6e631/name HTTP/1.1
User-Agent: selenium/4.1.2 (java windows)
Cache-Control: no-cache
Content-Type: application/json; charset=utf-8
host: localhost:51892
accept: */*

Response DefaultHttpResponse(decodeResult: success, version: HTTP/1.1)
HTTP/1.1 200 OK
Content-Type: application/json; charset=utf-8
cache-control: no-cache
content-length: 18

21:01:45.109 [AsyncHttpClient-1-7] DEBUG org.asynchttpclient.netty.channel.ChannelManager - Adding key: http://localhost:51892 for channel [id: 0x41d7e11c, L:/127.0.0.1:52935 - R:localhost/127.0.0.1:51892]
21:01:45.111 [Forwarding isElementEnabled on session feec98fdad0e37c5ddf1882640d673d8 to remote] DEBUG org.asynchttpclient.netty.request.NettyRequestSender - Using pooled Channel '[id: 0x41d7e11c, L:/127.0.0.1:52935 - R:localhost/127.0.0.1:51892]' for 'GET' to 'http://localhost:51892/session/feec98fdad0e37c5ddf1882640d673d8/element/2112dd91-8f83-4958-91d3-905e06e6e631/enabled'
21:01:45.111 [Forwarding isElementEnabled on session feec98fdad0e37c5ddf1882640d673d8 to remote] DEBUG org.asynchttpclient.netty.request.NettyRequestSender - Using open Channel [id: 0x41d7e11c, L:/127.0.0.1:52935 - R:localhost/127.0.0.1:51892] for GET '/session/feec98fdad0e37c5ddf1882640d673d8/element/2112dd91-8f83-4958-91d3-905e06e6e631/enabled'
21:01:45.120 [AsyncHttpClient-1-7] DEBUG org.asynchttpclient.netty.handler.HttpHandler - 

Request DefaultFullHttpRequest(decodeResult: success, version: HTTP/1.1, content: EmptyByteBufBE)
GET /session/feec98fdad0e37c5ddf1882640d673d8/element/2112dd91-8f83-4958-91d3-905e06e6e631/enabled HTTP/1.1
User-Agent: selenium/4.1.2 (java windows)
Cache-Control: no-cache
Content-Type: application/json; charset=utf-8
host: localhost:51892
accept: */*

Response DefaultHttpResponse(decodeResult: success, version: HTTP/1.1)
HTTP/1.1 200 OK
Content-Type: application/json; charset=utf-8
cache-control: no-cache
content-length: 14

21:01:45.120 [AsyncHttpClient-1-7] DEBUG org.asynchttpclient.netty.channel.ChannelManager - Adding key: http://localhost:51892 for channel [id: 0x41d7e11c, L:/127.0.0.1:52935 - R:localhost/127.0.0.1:51892]
21:01:45.122 [Forwarding isElementEnabled on session feec98fdad0e37c5ddf1882640d673d8 to remote] DEBUG org.asynchttpclient.netty.request.NettyRequestSender - Using pooled Channel '[id: 0x41d7e11c, L:/127.0.0.1:52935 - R:localhost/127.0.0.1:51892]' for 'GET' to 'http://localhost:51892/session/feec98fdad0e37c5ddf1882640d673d8/element/2112dd91-8f83-4958-91d3-905e06e6e631/enabled'
21:01:45.122 [Forwarding isElementEnabled on session feec98fdad0e37c5ddf1882640d673d8 to remote] DEBUG org.asynchttpclient.netty.request.NettyRequestSender - Using open Channel [id: 0x41d7e11c, L:/127.0.0.1:52935 - R:localhost/127.0.0.1:51892] for GET '/session/feec98fdad0e37c5ddf1882640d673d8/element/2112dd91-8f83-4958-91d3-905e06e6e631/enabled'
21:01:45.128 [AsyncHttpClient-1-7] DEBUG org.asynchttpclient.netty.handler.HttpHandler - 

Request DefaultFullHttpRequest(decodeResult: success, version: HTTP/1.1, content: EmptyByteBufBE)
GET /session/feec98fdad0e37c5ddf1882640d673d8/element/2112dd91-8f83-4958-91d3-905e06e6e631/enabled HTTP/1.1
User-Agent: selenium/4.1.2 (java windows)
Cache-Control: no-cache
Content-Type: application/json; charset=utf-8
host: localhost:51892
accept: */*

Response DefaultHttpResponse(decodeResult: success, version: HTTP/1.1)
HTTP/1.1 200 OK
Content-Type: application/json; charset=utf-8
cache-control: no-cache
content-length: 14

21:01:45.128 [AsyncHttpClient-1-7] DEBUG org.asynchttpclient.netty.channel.ChannelManager - Adding key: http://localhost:51892 for channel [id: 0x41d7e11c, L:/127.0.0.1:52935 - R:localhost/127.0.0.1:51892]
21:01:45.130 [Forwarding findElement on session feec98fdad0e37c5ddf1882640d673d8 to remote] DEBUG org.asynchttpclient.netty.request.NettyRequestSender - Using pooled Channel '[id: 0x41d7e11c, L:/127.0.0.1:52935 - R:localhost/127.0.0.1:51892]' for 'POST' to 'http://localhost:51892/session/feec98fdad0e37c5ddf1882640d673d8/element'
21:01:45.130 [Forwarding findElement on session feec98fdad0e37c5ddf1882640d673d8 to remote] DEBUG org.asynchttpclient.netty.request.NettyRequestSender - Using open Channel [id: 0x41d7e11c, L:/127.0.0.1:52935 - R:localhost/127.0.0.1:51892] for POST '/session/feec98fdad0e37c5ddf1882640d673d8/element'
21:01:45.142 [AsyncHttpClient-1-7] DEBUG org.asynchttpclient.netty.handler.HttpHandler - 

Request DefaultHttpRequest(decodeResult: success, version: HTTP/1.1)
POST /session/feec98fdad0e37c5ddf1882640d673d8/element HTTP/1.1
User-Agent: selenium/4.1.2 (java windows)
Content-Length: 129
Content-Type: application/json; charset=utf-8
host: localhost:51892
accept: */*

Response DefaultHttpResponse(decodeResult: success, version: HTTP/1.1)
HTTP/1.1 200 OK
Content-Type: application/json; charset=utf-8
cache-control: no-cache
content-length: 88

21:01:45.142 [AsyncHttpClient-1-7] DEBUG org.asynchttpclient.netty.channel.ChannelManager - Adding key: http://localhost:51892 for channel [id: 0x41d7e11c, L:/127.0.0.1:52935 - R:localhost/127.0.0.1:51892]
21:01:45.143 [Forwarding clickElement on session feec98fdad0e37c5ddf1882640d673d8 to remote] DEBUG org.asynchttpclient.netty.request.NettyRequestSender - Using pooled Channel '[id: 0x41d7e11c, L:/127.0.0.1:52935 - R:localhost/127.0.0.1:51892]' for 'POST' to 'http://localhost:51892/session/feec98fdad0e37c5ddf1882640d673d8/element/2112dd91-8f83-4958-91d3-905e06e6e631/click'
21:01:45.143 [Forwarding clickElement on session feec98fdad0e37c5ddf1882640d673d8 to remote] DEBUG org.asynchttpclient.netty.request.NettyRequestSender - Using open Channel [id: 0x41d7e11c, L:/127.0.0.1:52935 - R:localhost/127.0.0.1:51892] for POST '/session/feec98fdad0e37c5ddf1882640d673d8/element/2112dd91-8f83-4958-91d3-905e06e6e631/click'
21:01:45.269 [AsyncHttpClient-1-7] DEBUG org.asynchttpclient.netty.handler.HttpHandler - 

Request DefaultHttpRequest(decodeResult: success, version: HTTP/1.1)
POST /session/feec98fdad0e37c5ddf1882640d673d8/element/2112dd91-8f83-4958-91d3-905e06e6e631/click HTTP/1.1
User-Agent: selenium/4.1.2 (java windows)
Content-Length: 50
Content-Type: application/json; charset=utf-8
host: localhost:51892
accept: */*

Response DefaultHttpResponse(decodeResult: success, version: HTTP/1.1)
HTTP/1.1 200 OK
Content-Type: application/json; charset=utf-8
cache-control: no-cache
content-length: 14

21:01:45.273 [AsyncHttpClient-1-7] DEBUG org.asynchttpclient.netty.channel.ChannelManager - Adding key: http://localhost:51892 for channel [id: 0x41d7e11c, L:/127.0.0.1:52935 - R:localhost/127.0.0.1:51892]
21:01:45.298 [Forwarding screenshot on session feec98fdad0e37c5ddf1882640d673d8 to remote] DEBUG org.asynchttpclient.netty.request.NettyRequestSender - Using pooled Channel '[id: 0x41d7e11c, L:/127.0.0.1:52935 - R:localhost/127.0.0.1:51892]' for 'GET' to 'http://localhost:51892/session/feec98fdad0e37c5ddf1882640d673d8/screenshot'
21:01:45.298 [Forwarding screenshot on session feec98fdad0e37c5ddf1882640d673d8 to remote] DEBUG org.asynchttpclient.netty.request.NettyRequestSender - Using open Channel [id: 0x41d7e11c, L:/127.0.0.1:52935 - R:localhost/127.0.0.1:51892] for GET '/session/feec98fdad0e37c5ddf1882640d673d8/screenshot'
21:01:45.779 [AsyncHttpClient-1-7] DEBUG org.asynchttpclient.netty.handler.HttpHandler - 

Request DefaultFullHttpRequest(decodeResult: success, version: HTTP/1.1, content: EmptyByteBufBE)
GET /session/feec98fdad0e37c5ddf1882640d673d8/screenshot HTTP/1.1
User-Agent: selenium/4.1.2 (java windows)
Cache-Control: no-cache
Content-Type: application/json; charset=utf-8
host: localhost:51892
accept: */*

Response DefaultHttpResponse(decodeResult: success, version: HTTP/1.1)
HTTP/1.1 200 OK
Content-Type: application/json; charset=utf-8
cache-control: no-cache
content-length: 26636

21:01:45.779 [AsyncHttpClient-1-7] DEBUG org.asynchttpclient.netty.channel.ChannelManager - Adding key: http://localhost:51892 for channel [id: 0x41d7e11c, L:/127.0.0.1:52935 - R:localhost/127.0.0.1:51892]
21:01:45.782 [main] DEBUG net.serenitybdd.core.photography.Darkroom - Send negative for processing for target\site\serenity\a858c04a38cd62c7c679ca86fc9e39cc64df5cb0a3dfa8fa06e7e3b6b2aa1244.png
21:01:45.782 [main] DEBUG net.thucydides.core.steps.StepInterceptor - STEP DONE: clickLoginIcon
21:01:45.788 [main] DEBUG net.thucydides.core.steps.StepInterceptor - STARTING STEP: RegisterSteps.onRegisterPage - clickRegisterIcon
21:01:45.791 [Forwarding findElement on session feec98fdad0e37c5ddf1882640d673d8 to remote] DEBUG org.asynchttpclient.netty.request.NettyRequestSender - Using pooled Channel '[id: 0x41d7e11c, L:/127.0.0.1:52935 - R:localhost/127.0.0.1:51892]' for 'POST' to 'http://localhost:51892/session/feec98fdad0e37c5ddf1882640d673d8/element'
21:01:45.791 [Forwarding findElement on session feec98fdad0e37c5ddf1882640d673d8 to remote] DEBUG org.asynchttpclient.netty.request.NettyRequestSender - Using open Channel [id: 0x41d7e11c, L:/127.0.0.1:52935 - R:localhost/127.0.0.1:51892] for POST '/session/feec98fdad0e37c5ddf1882640d673d8/element'
21:01:45.804 [AsyncHttpClient-1-7] DEBUG org.asynchttpclient.netty.handler.HttpHandler - 

Request DefaultHttpRequest(decodeResult: success, version: HTTP/1.1)
POST /session/feec98fdad0e37c5ddf1882640d673d8/element HTTP/1.1
User-Agent: selenium/4.1.2 (java windows)
Content-Length: 50
Content-Type: application/json; charset=utf-8
host: localhost:51892
accept: */*

Response DefaultHttpResponse(decodeResult: success, version: HTTP/1.1)
HTTP/1.1 200 OK
Content-Type: application/json; charset=utf-8
cache-control: no-cache
content-length: 88

21:01:45.804 [AsyncHttpClient-1-7] DEBUG org.asynchttpclient.netty.channel.ChannelManager - Adding key: http://localhost:51892 for channel [id: 0x41d7e11c, L:/127.0.0.1:52935 - R:localhost/127.0.0.1:51892]
21:01:45.806 [Forwarding getElementTagName on session feec98fdad0e37c5ddf1882640d673d8 to remote] DEBUG org.asynchttpclient.netty.request.NettyRequestSender - Using pooled Channel '[id: 0x41d7e11c, L:/127.0.0.1:52935 - R:localhost/127.0.0.1:51892]' for 'GET' to 'http://localhost:51892/session/feec98fdad0e37c5ddf1882640d673d8/element/54dcbec9-9cac-4854-aa93-640bbd16e253/name'
21:01:45.806 [Forwarding getElementTagName on session feec98fdad0e37c5ddf1882640d673d8 to remote] DEBUG org.asynchttpclient.netty.request.NettyRequestSender - Using open Channel [id: 0x41d7e11c, L:/127.0.0.1:52935 - R:localhost/127.0.0.1:51892] for GET '/session/feec98fdad0e37c5ddf1882640d673d8/element/54dcbec9-9cac-4854-aa93-640bbd16e253/name'
21:01:45.811 [AsyncHttpClient-1-7] DEBUG org.asynchttpclient.netty.handler.HttpHandler - 

Request DefaultFullHttpRequest(decodeResult: success, version: HTTP/1.1, content: EmptyByteBufBE)
GET /session/feec98fdad0e37c5ddf1882640d673d8/element/54dcbec9-9cac-4854-aa93-640bbd16e253/name HTTP/1.1
User-Agent: selenium/4.1.2 (java windows)
Cache-Control: no-cache
Content-Type: application/json; charset=utf-8
host: localhost:51892
accept: */*

Response DefaultHttpResponse(decodeResult: success, version: HTTP/1.1)
HTTP/1.1 200 OK
Content-Type: application/json; charset=utf-8
cache-control: no-cache
content-length: 13

21:01:45.811 [AsyncHttpClient-1-7] DEBUG org.asynchttpclient.netty.channel.ChannelManager - Adding key: http://localhost:51892 for channel [id: 0x41d7e11c, L:/127.0.0.1:52935 - R:localhost/127.0.0.1:51892]
21:01:45.812 [Forwarding getElementTagName on session feec98fdad0e37c5ddf1882640d673d8 to remote] DEBUG org.asynchttpclient.netty.request.NettyRequestSender - Using pooled Channel '[id: 0x41d7e11c, L:/127.0.0.1:52935 - R:localhost/127.0.0.1:51892]' for 'GET' to 'http://localhost:51892/session/feec98fdad0e37c5ddf1882640d673d8/element/54dcbec9-9cac-4854-aa93-640bbd16e253/name'
21:01:45.812 [Forwarding getElementTagName on session feec98fdad0e37c5ddf1882640d673d8 to remote] DEBUG org.asynchttpclient.netty.request.NettyRequestSender - Using open Channel [id: 0x41d7e11c, L:/127.0.0.1:52935 - R:localhost/127.0.0.1:51892] for GET '/session/feec98fdad0e37c5ddf1882640d673d8/element/54dcbec9-9cac-4854-aa93-640bbd16e253/name'
21:01:45.816 [AsyncHttpClient-1-7] DEBUG org.asynchttpclient.netty.handler.HttpHandler - 

Request DefaultFullHttpRequest(decodeResult: success, version: HTTP/1.1, content: EmptyByteBufBE)
GET /session/feec98fdad0e37c5ddf1882640d673d8/element/54dcbec9-9cac-4854-aa93-640bbd16e253/name HTTP/1.1
User-Agent: selenium/4.1.2 (java windows)
Cache-Control: no-cache
Content-Type: application/json; charset=utf-8
host: localhost:51892
accept: */*

Response DefaultHttpResponse(decodeResult: success, version: HTTP/1.1)
HTTP/1.1 200 OK
Content-Type: application/json; charset=utf-8
cache-control: no-cache
content-length: 13

21:01:45.817 [AsyncHttpClient-1-7] DEBUG org.asynchttpclient.netty.channel.ChannelManager - Adding key: http://localhost:51892 for channel [id: 0x41d7e11c, L:/127.0.0.1:52935 - R:localhost/127.0.0.1:51892]
21:01:45.819 [Forwarding findElement on session feec98fdad0e37c5ddf1882640d673d8 to remote] DEBUG org.asynchttpclient.netty.request.NettyRequestSender - Using pooled Channel '[id: 0x41d7e11c, L:/127.0.0.1:52935 - R:localhost/127.0.0.1:51892]' for 'POST' to 'http://localhost:51892/session/feec98fdad0e37c5ddf1882640d673d8/element'
21:01:45.819 [Forwarding findElement on session feec98fdad0e37c5ddf1882640d673d8 to remote] DEBUG org.asynchttpclient.netty.request.NettyRequestSender - Using open Channel [id: 0x41d7e11c, L:/127.0.0.1:52935 - R:localhost/127.0.0.1:51892] for POST '/session/feec98fdad0e37c5ddf1882640d673d8/element'
21:01:45.827 [AsyncHttpClient-1-7] DEBUG org.asynchttpclient.netty.handler.HttpHandler - 

Request DefaultHttpRequest(decodeResult: success, version: HTTP/1.1)
POST /session/feec98fdad0e37c5ddf1882640d673d8/element HTTP/1.1
User-Agent: selenium/4.1.2 (java windows)
Content-Length: 50
Content-Type: application/json; charset=utf-8
host: localhost:51892
accept: */*

Response DefaultHttpResponse(decodeResult: success, version: HTTP/1.1)
HTTP/1.1 200 OK
Content-Type: application/json; charset=utf-8
cache-control: no-cache
content-length: 88

21:01:45.827 [AsyncHttpClient-1-7] DEBUG org.asynchttpclient.netty.channel.ChannelManager - Adding key: http://localhost:51892 for channel [id: 0x41d7e11c, L:/127.0.0.1:52935 - R:localhost/127.0.0.1:51892]
21:01:45.829 [Forwarding clickElement on session feec98fdad0e37c5ddf1882640d673d8 to remote] DEBUG org.asynchttpclient.netty.request.NettyRequestSender - Using pooled Channel '[id: 0x41d7e11c, L:/127.0.0.1:52935 - R:localhost/127.0.0.1:51892]' for 'POST' to 'http://localhost:51892/session/feec98fdad0e37c5ddf1882640d673d8/element/54dcbec9-9cac-4854-aa93-640bbd16e253/click'
21:01:45.829 [Forwarding clickElement on session feec98fdad0e37c5ddf1882640d673d8 to remote] DEBUG org.asynchttpclient.netty.request.NettyRequestSender - Using open Channel [id: 0x41d7e11c, L:/127.0.0.1:52935 - R:localhost/127.0.0.1:51892] for POST '/session/feec98fdad0e37c5ddf1882640d673d8/element/54dcbec9-9cac-4854-aa93-640bbd16e253/click'
21:01:45.881 [AsyncHttpClient-1-7] DEBUG org.asynchttpclient.netty.handler.HttpHandler - 

Request DefaultHttpRequest(decodeResult: success, version: HTTP/1.1)
POST /session/feec98fdad0e37c5ddf1882640d673d8/element/54dcbec9-9cac-4854-aa93-640bbd16e253/click HTTP/1.1
User-Agent: selenium/4.1.2 (java windows)
Content-Length: 50
Content-Type: application/json; charset=utf-8
host: localhost:51892
accept: */*

Response DefaultHttpResponse(decodeResult: success, version: HTTP/1.1)
HTTP/1.1 200 OK
Content-Type: application/json; charset=utf-8
cache-control: no-cache
content-length: 14

21:01:45.882 [AsyncHttpClient-1-7] DEBUG org.asynchttpclient.netty.channel.ChannelManager - Adding key: http://localhost:51892 for channel [id: 0x41d7e11c, L:/127.0.0.1:52935 - R:localhost/127.0.0.1:51892]
21:01:45.896 [Forwarding screenshot on session feec98fdad0e37c5ddf1882640d673d8 to remote] DEBUG org.asynchttpclient.netty.request.NettyRequestSender - Using pooled Channel '[id: 0x41d7e11c, L:/127.0.0.1:52935 - R:localhost/127.0.0.1:51892]' for 'GET' to 'http://localhost:51892/session/feec98fdad0e37c5ddf1882640d673d8/screenshot'
21:01:45.896 [Forwarding screenshot on session feec98fdad0e37c5ddf1882640d673d8 to remote] DEBUG org.asynchttpclient.netty.request.NettyRequestSender - Using open Channel [id: 0x41d7e11c, L:/127.0.0.1:52935 - R:localhost/127.0.0.1:51892] for GET '/session/feec98fdad0e37c5ddf1882640d673d8/screenshot'
21:01:46.105 [AsyncHttpClient-1-1] DEBUG org.asynchttpclient.netty.channel.DefaultChannelPool - Entry count for : http://localhost:52936 : 1
21:01:46.183 [AsyncHttpClient-1-7] DEBUG org.asynchttpclient.netty.handler.HttpHandler - 

Request DefaultFullHttpRequest(decodeResult: success, version: HTTP/1.1, content: EmptyByteBufBE)
GET /session/feec98fdad0e37c5ddf1882640d673d8/screenshot HTTP/1.1
User-Agent: selenium/4.1.2 (java windows)
Cache-Control: no-cache
Content-Type: application/json; charset=utf-8
host: localhost:51892
accept: */*

Response DefaultHttpResponse(decodeResult: success, version: HTTP/1.1)
HTTP/1.1 200 OK
Content-Type: application/json; charset=utf-8
cache-control: no-cache
content-length: 30120

21:01:46.183 [AsyncHttpClient-1-7] DEBUG org.asynchttpclient.netty.channel.ChannelManager - Adding key: http://localhost:51892 for channel [id: 0x41d7e11c, L:/127.0.0.1:52935 - R:localhost/127.0.0.1:51892]
21:01:46.186 [main] DEBUG net.serenitybdd.core.photography.Darkroom - Send negative for processing for target\site\serenity\38314f681bb63564da5ae70667c129941c407007f1dc3fefeefc9394128480bc.png
21:01:46.186 [main] DEBUG net.thucydides.core.steps.StepInterceptor - STEP DONE: clickRegisterIcon
  &amp#27;[32mGiven &amp#27;[0m&amp#27;[32muser on the register page&amp#27;[0m                         &amp#27;[90m# starter.stepdefenitions.RegisterSteps.onRegisterPage()&amp#27;[0m
21:01:46.186 [Darkroom Processing Line] DEBUG net.serenitybdd.core.photography.DarkroomProcessingLine - Processing screenshot image in /var/screenshots/screenshot-1057041316400524210
21:01:46.186 [Darkroom Processing Line] DEBUG net.serenitybdd.core.photography.DarkroomProcessingLine - Saving screenshot to target\site\serenity\38314f681bb63564da5ae70667c129941c407007f1dc3fefeefc9394128480bc.png
21:01:46.205 [main] DEBUG net.thucydides.core.steps.StepInterceptor - STARTING STEP: RegisterSteps.userInputValidName - inputFullName
21:01:46.208 [Forwarding findElement on session feec98fdad0e37c5ddf1882640d673d8 to remote] DEBUG org.asynchttpclient.netty.request.NettyRequestSender - Using pooled Channel '[id: 0x41d7e11c, L:/127.0.0.1:52935 - R:localhost/127.0.0.1:51892]' for 'POST' to 'http://localhost:51892/session/feec98fdad0e37c5ddf1882640d673d8/element'
21:01:46.208 [Forwarding findElement on session feec98fdad0e37c5ddf1882640d673d8 to remote] DEBUG org.asynchttpclient.netty.request.NettyRequestSender - Using open Channel [id: 0x41d7e11c, L:/127.0.0.1:52935 - R:localhost/127.0.0.1:51892] for POST '/session/feec98fdad0e37c5ddf1882640d673d8/element'
21:01:46.223 [AsyncHttpClient-1-7] DEBUG org.asynchttpclient.netty.handler.HttpHandler - 

Request DefaultHttpRequest(decodeResult: success, version: HTTP/1.1)
POST /session/feec98fdad0e37c5ddf1882640d673d8/element HTTP/1.1
User-Agent: selenium/4.1.2 (java windows)
Content-Length: 123
Content-Type: application/json; charset=utf-8
host: localhost:51892
accept: */*

Response DefaultHttpResponse(decodeResult: success, version: HTTP/1.1)
HTTP/1.1 200 OK
Content-Type: application/json; charset=utf-8
cache-control: no-cache
content-length: 88

21:01:46.223 [AsyncHttpClient-1-7] DEBUG org.asynchttpclient.netty.channel.ChannelManager - Adding key: http://localhost:51892 for channel [id: 0x41d7e11c, L:/127.0.0.1:52935 - R:localhost/127.0.0.1:51892]
21:01:46.224 [Forwarding clearElement on session feec98fdad0e37c5ddf1882640d673d8 to remote] DEBUG org.asynchttpclient.netty.request.NettyRequestSender - Using pooled Channel '[id: 0x41d7e11c, L:/127.0.0.1:52935 - R:localhost/127.0.0.1:51892]' for 'POST' to 'http://localhost:51892/session/feec98fdad0e37c5ddf1882640d673d8/element/33032159-6041-4012-8781-ee909a584b01/clear'
21:01:46.224 [Forwarding clearElement on session feec98fdad0e37c5ddf1882640d673d8 to remote] DEBUG org.asynchttpclient.netty.request.NettyRequestSender - Using open Channel [id: 0x41d7e11c, L:/127.0.0.1:52935 - R:localhost/127.0.0.1:51892] for POST '/session/feec98fdad0e37c5ddf1882640d673d8/element/33032159-6041-4012-8781-ee909a584b01/clear'
21:01:46.268 [AsyncHttpClient-1-7] DEBUG org.asynchttpclient.netty.handler.HttpHandler - 

Request DefaultHttpRequest(decodeResult: success, version: HTTP/1.1)
POST /session/feec98fdad0e37c5ddf1882640d673d8/element/33032159-6041-4012-8781-ee909a584b01/clear HTTP/1.1
User-Agent: selenium/4.1.2 (java windows)
Content-Length: 50
Content-Type: application/json; charset=utf-8
host: localhost:51892
accept: */*

Response DefaultHttpResponse(decodeResult: success, version: HTTP/1.1)
HTTP/1.1 200 OK
Content-Type: application/json; charset=utf-8
cache-control: no-cache
content-length: 14

21:01:46.269 [AsyncHttpClient-1-7] DEBUG org.asynchttpclient.netty.channel.ChannelManager - Adding key: http://localhost:51892 for channel [id: 0x41d7e11c, L:/127.0.0.1:52935 - R:localhost/127.0.0.1:51892]
21:01:46.271 [Forwarding sendKeysToElement on session feec98fdad0e37c5ddf1882640d673d8 to remote] DEBUG org.asynchttpclient.netty.request.NettyRequestSender - Using pooled Channel '[id: 0x41d7e11c, L:/127.0.0.1:52935 - R:localhost/127.0.0.1:51892]' for 'POST' to 'http://localhost:51892/session/feec98fdad0e37c5ddf1882640d673d8/element/33032159-6041-4012-8781-ee909a584b01/value'
21:01:46.272 [Forwarding sendKeysToElement on session feec98fdad0e37c5ddf1882640d673d8 to remote] DEBUG org.asynchttpclient.netty.request.NettyRequestSender - Using open Channel [id: 0x41d7e11c, L:/127.0.0.1:52935 - R:localhost/127.0.0.1:51892] for POST '/session/feec98fdad0e37c5ddf1882640d673d8/element/33032159-6041-4012-8781-ee909a584b01/value'
21:01:46.418 [AsyncHttpClient-1-7] DEBUG org.asynchttpclient.netty.handler.HttpHandler - 

Request DefaultHttpRequest(decodeResult: success, version: HTTP/1.1)
POST /session/feec98fdad0e37c5ddf1882640d673d8/element/33032159-6041-4012-8781-ee909a584b01/value HTTP/1.1
User-Agent: selenium/4.1.2 (java windows)
Content-Length: 121
Content-Type: application/json; charset=utf-8
host: localhost:51892
accept: */*

Response DefaultHttpResponse(decodeResult: success, version: HTTP/1.1)
HTTP/1.1 200 OK
Content-Type: application/json; charset=utf-8
cache-control: no-cache
content-length: 14

21:01:46.418 [AsyncHttpClient-1-7] DEBUG org.asynchttpclient.netty.channel.ChannelManager - Adding key: http://localhost:51892 for channel [id: 0x41d7e11c, L:/127.0.0.1:52935 - R:localhost/127.0.0.1:51892]
21:01:46.429 [Forwarding screenshot on session feec98fdad0e37c5ddf1882640d673d8 to remote] DEBUG org.asynchttpclient.netty.request.NettyRequestSender - Using pooled Channel '[id: 0x41d7e11c, L:/127.0.0.1:52935 - R:localhost/127.0.0.1:51892]' for 'GET' to 'http://localhost:51892/session/feec98fdad0e37c5ddf1882640d673d8/screenshot'
21:01:46.429 [Forwarding screenshot on session feec98fdad0e37c5ddf1882640d673d8 to remote] DEBUG org.asynchttpclient.netty.request.NettyRequestSender - Using open Channel [id: 0x41d7e11c, L:/127.0.0.1:52935 - R:localhost/127.0.0.1:51892] for GET '/session/feec98fdad0e37c5ddf1882640d673d8/screenshot'
21:01:46.626 [AsyncHttpClient-1-7] DEBUG org.asynchttpclient.netty.handler.HttpHandler - 

Request DefaultFullHttpRequest(decodeResult: success, version: HTTP/1.1, content: EmptyByteBufBE)
GET /session/feec98fdad0e37c5ddf1882640d673d8/screenshot HTTP/1.1
User-Agent: selenium/4.1.2 (java windows)
Cache-Control: no-cache
Content-Type: application/json; charset=utf-8
host: localhost:51892
accept: */*

Response DefaultHttpResponse(decodeResult: success, version: HTTP/1.1)
HTTP/1.1 200 OK
Content-Type: application/json; charset=utf-8
cache-control: no-cache
content-length: 31832

21:01:46.627 [AsyncHttpClient-1-7] DEBUG org.asynchttpclient.netty.channel.ChannelManager - Adding key: http://localhost:51892 for channel [id: 0x41d7e11c, L:/127.0.0.1:52935 - R:localhost/127.0.0.1:51892]
21:01:46.629 [main] DEBUG net.serenitybdd.core.photography.Darkroom - Send negative for processing for target\site\serenity\09cd155e24eb57a20aaf75b26916a971889b5bf2afaf61ea1a74e6cba24c051f.png
21:01:46.629 [main] DEBUG net.thucydides.core.steps.StepInterceptor - STEP DONE: inputFullName
  &amp#27;[32mWhen &amp#27;[0m&amp#27;[32muser input valid name&amp#27;[0m                              &amp#27;[90m# starter.stepdefenitions.RegisterSteps.userInputValidName()&amp#27;[0m
21:01:46.629 [Darkroom Processing Line] DEBUG net.serenitybdd.core.photography.DarkroomProcessingLine - Processing screenshot image in /var/screenshots/screenshot-5629673393893241415
21:01:46.629 [Darkroom Processing Line] DEBUG net.serenitybdd.core.photography.DarkroomProcessingLine - Saving screenshot to target\site\serenity\09cd155e24eb57a20aaf75b26916a971889b5bf2afaf61ea1a74e6cba24c051f.png
21:01:46.650 [main] DEBUG net.thucydides.core.steps.StepInterceptor - STARTING STEP: RegisterSteps.userInputValidEmail - inputEmail
21:01:46.657 [Forwarding findElement on session feec98fdad0e37c5ddf1882640d673d8 to remote] DEBUG org.asynchttpclient.netty.request.NettyRequestSender - Using pooled Channel '[id: 0x41d7e11c, L:/127.0.0.1:52935 - R:localhost/127.0.0.1:51892]' for 'POST' to 'http://localhost:51892/session/feec98fdad0e37c5ddf1882640d673d8/element'
21:01:46.657 [Forwarding findElement on session feec98fdad0e37c5ddf1882640d673d8 to remote] DEBUG org.asynchttpclient.netty.request.NettyRequestSender - Using open Channel [id: 0x41d7e11c, L:/127.0.0.1:52935 - R:localhost/127.0.0.1:51892] for POST '/session/feec98fdad0e37c5ddf1882640d673d8/element'
21:01:46.671 [AsyncHttpClient-1-7] DEBUG org.asynchttpclient.netty.handler.HttpHandler - 

Request DefaultHttpRequest(decodeResult: success, version: HTTP/1.1)
POST /session/feec98fdad0e37c5ddf1882640d673d8/element HTTP/1.1
User-Agent: selenium/4.1.2 (java windows)
Content-Length: 116
Content-Type: application/json; charset=utf-8
host: localhost:51892
accept: */*

Response DefaultHttpResponse(decodeResult: success, version: HTTP/1.1)
HTTP/1.1 200 OK
Content-Type: application/json; charset=utf-8
cache-control: no-cache
content-length: 88

21:01:46.671 [AsyncHttpClient-1-7] DEBUG org.asynchttpclient.netty.channel.ChannelManager - Adding key: http://localhost:51892 for channel [id: 0x41d7e11c, L:/127.0.0.1:52935 - R:localhost/127.0.0.1:51892]
21:01:46.674 [Forwarding clearElement on session feec98fdad0e37c5ddf1882640d673d8 to remote] DEBUG org.asynchttpclient.netty.request.NettyRequestSender - Using pooled Channel '[id: 0x41d7e11c, L:/127.0.0.1:52935 - R:localhost/127.0.0.1:51892]' for 'POST' to 'http://localhost:51892/session/feec98fdad0e37c5ddf1882640d673d8/element/8f7dc6fd-35b2-47d1-bec9-21d84825db7d/clear'
21:01:46.674 [Forwarding clearElement on session feec98fdad0e37c5ddf1882640d673d8 to remote] DEBUG org.asynchttpclient.netty.request.NettyRequestSender - Using open Channel [id: 0x41d7e11c, L:/127.0.0.1:52935 - R:localhost/127.0.0.1:51892] for POST '/session/feec98fdad0e37c5ddf1882640d673d8/element/8f7dc6fd-35b2-47d1-bec9-21d84825db7d/clear'
21:01:46.727 [AsyncHttpClient-1-7] DEBUG org.asynchttpclient.netty.handler.HttpHandler - 

Request DefaultHttpRequest(decodeResult: success, version: HTTP/1.1)
POST /session/feec98fdad0e37c5ddf1882640d673d8/element/8f7dc6fd-35b2-47d1-bec9-21d84825db7d/clear HTTP/1.1
User-Agent: selenium/4.1.2 (java windows)
Content-Length: 50
Content-Type: application/json; charset=utf-8
host: localhost:51892
accept: */*

Response DefaultHttpResponse(decodeResult: success, version: HTTP/1.1)
HTTP/1.1 200 OK
Content-Type: application/json; charset=utf-8
cache-control: no-cache
content-length: 14

21:01:46.727 [AsyncHttpClient-1-7] DEBUG org.asynchttpclient.netty.channel.ChannelManager - Adding key: http://localhost:51892 for channel [id: 0x41d7e11c, L:/127.0.0.1:52935 - R:localhost/127.0.0.1:51892]
21:01:46.729 [Forwarding sendKeysToElement on session feec98fdad0e37c5ddf1882640d673d8 to remote] DEBUG org.asynchttpclient.netty.request.NettyRequestSender - Using pooled Channel '[id: 0x41d7e11c, L:/127.0.0.1:52935 - R:localhost/127.0.0.1:51892]' for 'POST' to 'http://localhost:51892/session/feec98fdad0e37c5ddf1882640d673d8/element/8f7dc6fd-35b2-47d1-bec9-21d84825db7d/value'
21:01:46.729 [Forwarding sendKeysToElement on session feec98fdad0e37c5ddf1882640d673d8 to remote] DEBUG org.asynchttpclient.netty.request.NettyRequestSender - Using open Channel [id: 0x41d7e11c, L:/127.0.0.1:52935 - R:localhost/127.0.0.1:51892] for POST '/session/feec98fdad0e37c5ddf1882640d673d8/element/8f7dc6fd-35b2-47d1-bec9-21d84825db7d/value'
21:01:46.878 [AsyncHttpClient-1-7] DEBUG org.asynchttpclient.netty.handler.HttpHandler - 

Request DefaultHttpRequest(decodeResult: success, version: HTTP/1.1)
POST /session/feec98fdad0e37c5ddf1882640d673d8/element/8f7dc6fd-35b2-47d1-bec9-21d84825db7d/value HTTP/1.1
User-Agent: selenium/4.1.2 (java windows)
Content-Length: 221
Content-Type: application/json; charset=utf-8
host: localhost:51892
accept: */*

Response DefaultHttpResponse(decodeResult: success, version: HTTP/1.1)
HTTP/1.1 200 OK
Content-Type: application/json; charset=utf-8
cache-control: no-cache
content-length: 14

21:01:46.879 [AsyncHttpClient-1-7] DEBUG org.asynchttpclient.netty.channel.ChannelManager - Adding key: http://localhost:51892 for channel [id: 0x41d7e11c, L:/127.0.0.1:52935 - R:localhost/127.0.0.1:51892]
21:01:46.886 [Forwarding screenshot on session feec98fdad0e37c5ddf1882640d673d8 to remote] DEBUG org.asynchttpclient.netty.request.NettyRequestSender - Using pooled Channel '[id: 0x41d7e11c, L:/127.0.0.1:52935 - R:localhost/127.0.0.1:51892]' for 'GET' to 'http://localhost:51892/session/feec98fdad0e37c5ddf1882640d673d8/screenshot'
21:01:46.887 [Forwarding screenshot on session feec98fdad0e37c5ddf1882640d673d8 to remote] DEBUG org.asynchttpclient.netty.request.NettyRequestSender - Using open Channel [id: 0x41d7e11c, L:/127.0.0.1:52935 - R:localhost/127.0.0.1:51892] for GET '/session/feec98fdad0e37c5ddf1882640d673d8/screenshot'
21:01:47.073 [AsyncHttpClient-1-7] DEBUG org.asynchttpclient.netty.handler.HttpHandler - 

Request DefaultFullHttpRequest(decodeResult: success, version: HTTP/1.1, content: EmptyByteBufBE)
GET /session/feec98fdad0e37c5ddf1882640d673d8/screenshot HTTP/1.1
User-Agent: selenium/4.1.2 (java windows)
Cache-Control: no-cache
Content-Type: application/json; charset=utf-8
host: localhost:51892
accept: */*

Response DefaultHttpResponse(decodeResult: success, version: HTTP/1.1)
HTTP/1.1 200 OK
Content-Type: application/json; charset=utf-8
cache-control: no-cache
content-length: 34472

21:01:47.074 [AsyncHttpClient-1-7] DEBUG org.asynchttpclient.netty.channel.ChannelManager - Adding key: http://localhost:51892 for channel [id: 0x41d7e11c, L:/127.0.0.1:52935 - R:localhost/127.0.0.1:51892]
21:01:47.078 [main] DEBUG net.serenitybdd.core.photography.Darkroom - Send negative for processing for target\site\serenity\46a1b0edbd4d666ced0476552417b29adaa53dc6ccf0898460c08fd121288284.png
21:01:47.079 [main] DEBUG net.thucydides.core.steps.StepInterceptor - STEP DONE: inputEmail
  &amp#27;[32mAnd &amp#27;[0m&amp#27;[32muser input valid email&amp#27;[0m                              &amp#27;[90m# starter.stepdefenitions.RegisterSteps.userInputValidEmail()&amp#27;[0m
21:01:47.083 [Darkroom Processing Line] DEBUG net.serenitybdd.core.photography.DarkroomProcessingLine - Processing screenshot image in /var/screenshots/screenshot-6192296506456897413
21:01:47.083 [Darkroom Processing Line] DEBUG net.serenitybdd.core.photography.DarkroomProcessingLine - Saving screenshot to target\site\serenity\46a1b0edbd4d666ced0476552417b29adaa53dc6ccf0898460c08fd121288284.png
21:01:47.104 [main] DEBUG net.thucydides.core.steps.StepInterceptor - STARTING STEP: RegisterSteps.userInputValidPassword - inputPassword
21:01:47.109 [Forwarding findElement on session feec98fdad0e37c5ddf1882640d673d8 to remote] DEBUG org.asynchttpclient.netty.request.NettyRequestSender - Using pooled Channel '[id: 0x41d7e11c, L:/127.0.0.1:52935 - R:localhost/127.0.0.1:51892]' for 'POST' to 'http://localhost:51892/session/feec98fdad0e37c5ddf1882640d673d8/element'
21:01:47.109 [Forwarding findElement on session feec98fdad0e37c5ddf1882640d673d8 to remote] DEBUG org.asynchttpclient.netty.request.NettyRequestSender - Using open Channel [id: 0x41d7e11c, L:/127.0.0.1:52935 - R:localhost/127.0.0.1:51892] for POST '/session/feec98fdad0e37c5ddf1882640d673d8/element'
21:01:47.128 [AsyncHttpClient-1-7] DEBUG org.asynchttpclient.netty.handler.HttpHandler - 

Request DefaultHttpRequest(decodeResult: success, version: HTTP/1.1)
POST /session/feec98fdad0e37c5ddf1882640d673d8/element HTTP/1.1
User-Agent: selenium/4.1.2 (java windows)
Content-Length: 119
Content-Type: application/json; charset=utf-8
host: localhost:51892
accept: */*

Response DefaultHttpResponse(decodeResult: success, version: HTTP/1.1)
HTTP/1.1 200 OK
Content-Type: application/json; charset=utf-8
cache-control: no-cache
content-length: 88

21:01:47.128 [AsyncHttpClient-1-7] DEBUG org.asynchttpclient.netty.channel.ChannelManager - Adding key: http://localhost:51892 for channel [id: 0x41d7e11c, L:/127.0.0.1:52935 - R:localhost/127.0.0.1:51892]
21:01:47.129 [Forwarding clearElement on session feec98fdad0e37c5ddf1882640d673d8 to remote] DEBUG org.asynchttpclient.netty.request.NettyRequestSender - Using pooled Channel '[id: 0x41d7e11c, L:/127.0.0.1:52935 - R:localhost/127.0.0.1:51892]' for 'POST' to 'http://localhost:51892/session/feec98fdad0e37c5ddf1882640d673d8/element/914a1452-2ffc-40ae-8c98-e8e604ba54ff/clear'
21:01:47.129 [Forwarding clearElement on session feec98fdad0e37c5ddf1882640d673d8 to remote] DEBUG org.asynchttpclient.netty.request.NettyRequestSender - Using open Channel [id: 0x41d7e11c, L:/127.0.0.1:52935 - R:localhost/127.0.0.1:51892] for POST '/session/feec98fdad0e37c5ddf1882640d673d8/element/914a1452-2ffc-40ae-8c98-e8e604ba54ff/clear'
21:01:47.169 [AsyncHttpClient-1-7] DEBUG org.asynchttpclient.netty.handler.HttpHandler - 

Request DefaultHttpRequest(decodeResult: success, version: HTTP/1.1)
POST /session/feec98fdad0e37c5ddf1882640d673d8/element/914a1452-2ffc-40ae-8c98-e8e604ba54ff/clear HTTP/1.1
User-Agent: selenium/4.1.2 (java windows)
Content-Length: 50
Content-Type: application/json; charset=utf-8
host: localhost:51892
accept: */*

Response DefaultHttpResponse(decodeResult: success, version: HTTP/1.1)
HTTP/1.1 200 OK
Content-Type: application/json; charset=utf-8
cache-control: no-cache
content-length: 14

21:01:47.169 [AsyncHttpClient-1-7] DEBUG org.asynchttpclient.netty.channel.ChannelManager - Adding key: http://localhost:51892 for channel [id: 0x41d7e11c, L:/127.0.0.1:52935 - R:localhost/127.0.0.1:51892]
21:01:47.171 [Forwarding sendKeysToElement on session feec98fdad0e37c5ddf1882640d673d8 to remote] DEBUG org.asynchttpclient.netty.request.NettyRequestSender - Using pooled Channel '[id: 0x41d7e11c, L:/127.0.0.1:52935 - R:localhost/127.0.0.1:51892]' for 'POST' to 'http://localhost:51892/session/feec98fdad0e37c5ddf1882640d673d8/element/914a1452-2ffc-40ae-8c98-e8e604ba54ff/value'
21:01:47.171 [Forwarding sendKeysToElement on session feec98fdad0e37c5ddf1882640d673d8 to remote] DEBUG org.asynchttpclient.netty.request.NettyRequestSender - Using open Channel [id: 0x41d7e11c, L:/127.0.0.1:52935 - R:localhost/127.0.0.1:51892] for POST '/session/feec98fdad0e37c5ddf1882640d673d8/element/914a1452-2ffc-40ae-8c98-e8e604ba54ff/value'
21:01:47.194 [AsyncHttpClient-1-1] DEBUG org.asynchttpclient.netty.channel.DefaultChannelPool - Entry count for : http://localhost:52936 : 1
21:01:47.312 [AsyncHttpClient-1-7] DEBUG org.asynchttpclient.netty.handler.HttpHandler - 

Request DefaultHttpRequest(decodeResult: success, version: HTTP/1.1)
POST /session/feec98fdad0e37c5ddf1882640d673d8/element/914a1452-2ffc-40ae-8c98-e8e604ba54ff/value HTTP/1.1
User-Agent: selenium/4.1.2 (java windows)
Content-Length: 151
Content-Type: application/json; charset=utf-8
host: localhost:51892
accept: */*

Response DefaultHttpResponse(decodeResult: success, version: HTTP/1.1)
HTTP/1.1 200 OK
Content-Type: application/json; charset=utf-8
cache-control: no-cache
content-length: 14

21:01:47.312 [AsyncHttpClient-1-7] DEBUG org.asynchttpclient.netty.channel.ChannelManager - Adding key: http://localhost:51892 for channel [id: 0x41d7e11c, L:/127.0.0.1:52935 - R:localhost/127.0.0.1:51892]
21:01:47.324 [Forwarding screenshot on session feec98fdad0e37c5ddf1882640d673d8 to remote] DEBUG org.asynchttpclient.netty.request.NettyRequestSender - Using pooled Channel '[id: 0x41d7e11c, L:/127.0.0.1:52935 - R:localhost/127.0.0.1:51892]' for 'GET' to 'http://localhost:51892/session/feec98fdad0e37c5ddf1882640d673d8/screenshot'
21:01:47.324 [Forwarding screenshot on session feec98fdad0e37c5ddf1882640d673d8 to remote] DEBUG org.asynchttpclient.netty.request.NettyRequestSender - Using open Channel [id: 0x41d7e11c, L:/127.0.0.1:52935 - R:localhost/127.0.0.1:51892] for GET '/session/feec98fdad0e37c5ddf1882640d673d8/screenshot'
21:01:47.538 [AsyncHttpClient-1-7] DEBUG org.asynchttpclient.netty.handler.HttpHandler - 

Request DefaultFullHttpRequest(decodeResult: success, version: HTTP/1.1, content: EmptyByteBufBE)
GET /session/feec98fdad0e37c5ddf1882640d673d8/screenshot HTTP/1.1
User-Agent: selenium/4.1.2 (java windows)
Cache-Control: no-cache
Content-Type: application/json; charset=utf-8
host: localhost:51892
accept: */*

Response DefaultHttpResponse(decodeResult: success, version: HTTP/1.1)
HTTP/1.1 200 OK
Content-Type: application/json; charset=utf-8
cache-control: no-cache
content-length: 36200

21:01:47.538 [AsyncHttpClient-1-7] DEBUG org.asynchttpclient.netty.channel.ChannelManager - Adding key: http://localhost:51892 for channel [id: 0x41d7e11c, L:/127.0.0.1:52935 - R:localhost/127.0.0.1:51892]
21:01:47.542 [main] DEBUG net.serenitybdd.core.photography.Darkroom - Send negative for processing for target\site\serenity\1cce55ba164c4f8748ef75482ecac197dc8de75d0204b80f790a4e089b8d3998.png
21:01:47.543 [main] DEBUG net.thucydides.core.steps.StepInterceptor - STEP DONE: inputPassword
  &amp#27;[32mAnd &amp#27;[0m&amp#27;[32muser input valid password&amp#27;[0m                           &amp#27;[90m# starter.stepdefenitions.RegisterSteps.userInputValidPassword()&amp#27;[0m
21:01:47.545 [Darkroom Processing Line] DEBUG net.serenitybdd.core.photography.DarkroomProcessingLine - Processing screenshot image in /var/screenshots/screenshot-2037860543717257912
21:01:47.545 [Darkroom Processing Line] DEBUG net.serenitybdd.core.photography.DarkroomProcessingLine - Saving screenshot to target\site\serenity\1cce55ba164c4f8748ef75482ecac197dc8de75d0204b80f790a4e089b8d3998.png
21:01:47.563 [main] DEBUG net.thucydides.core.steps.StepInterceptor - STARTING STEP: RegisterSteps.userClickRegisterButton - clickRegisterButton
21:01:47.567 [Forwarding findElement on session feec98fdad0e37c5ddf1882640d673d8 to remote] DEBUG org.asynchttpclient.netty.request.NettyRequestSender - Using pooled Channel '[id: 0x41d7e11c, L:/127.0.0.1:52935 - R:localhost/127.0.0.1:51892]' for 'POST' to 'http://localhost:51892/session/feec98fdad0e37c5ddf1882640d673d8/element'
21:01:47.567 [Forwarding findElement on session feec98fdad0e37c5ddf1882640d673d8 to remote] DEBUG org.asynchttpclient.netty.request.NettyRequestSender - Using open Channel [id: 0x41d7e11c, L:/127.0.0.1:52935 - R:localhost/127.0.0.1:51892] for POST '/session/feec98fdad0e37c5ddf1882640d673d8/element'
21:01:47.580 [AsyncHttpClient-1-7] DEBUG org.asynchttpclient.netty.handler.HttpHandler - 

Request DefaultHttpRequest(decodeResult: success, version: HTTP/1.1)
POST /session/feec98fdad0e37c5ddf1882640d673d8/element HTTP/1.1
User-Agent: selenium/4.1.2 (java windows)
Content-Length: 108
Content-Type: application/json; charset=utf-8
host: localhost:51892
accept: */*

Response DefaultHttpResponse(decodeResult: success, version: HTTP/1.1)
HTTP/1.1 200 OK
Content-Type: application/json; charset=utf-8
cache-control: no-cache
content-length: 88

21:01:47.581 [AsyncHttpClient-1-7] DEBUG org.asynchttpclient.netty.channel.ChannelManager - Adding key: http://localhost:51892 for channel [id: 0x41d7e11c, L:/127.0.0.1:52935 - R:localhost/127.0.0.1:51892]
21:01:47.584 [Forwarding getElementTagName on session feec98fdad0e37c5ddf1882640d673d8 to remote] DEBUG org.asynchttpclient.netty.request.NettyRequestSender - Using pooled Channel '[id: 0x41d7e11c, L:/127.0.0.1:52935 - R:localhost/127.0.0.1:51892]' for 'GET' to 'http://localhost:51892/session/feec98fdad0e37c5ddf1882640d673d8/element/255799f9-31ea-4165-9816-2a0f4a1f2c2b/name'
21:01:47.584 [Forwarding getElementTagName on session feec98fdad0e37c5ddf1882640d673d8 to remote] DEBUG org.asynchttpclient.netty.request.NettyRequestSender - Using open Channel [id: 0x41d7e11c, L:/127.0.0.1:52935 - R:localhost/127.0.0.1:51892] for GET '/session/feec98fdad0e37c5ddf1882640d673d8/element/255799f9-31ea-4165-9816-2a0f4a1f2c2b/name'
21:01:47.589 [AsyncHttpClient-1-7] DEBUG org.asynchttpclient.netty.handler.HttpHandler - 

Request DefaultFullHttpRequest(decodeResult: success, version: HTTP/1.1, content: EmptyByteBufBE)
GET /session/feec98fdad0e37c5ddf1882640d673d8/element/255799f9-31ea-4165-9816-2a0f4a1f2c2b/name HTTP/1.1
User-Agent: selenium/4.1.2 (java windows)
Cache-Control: no-cache
Content-Type: application/json; charset=utf-8
host: localhost:51892
accept: */*

Response DefaultHttpResponse(decodeResult: success, version: HTTP/1.1)
HTTP/1.1 200 OK
Content-Type: application/json; charset=utf-8
cache-control: no-cache
content-length: 18

21:01:47.589 [AsyncHttpClient-1-7] DEBUG org.asynchttpclient.netty.channel.ChannelManager - Adding key: http://localhost:51892 for channel [id: 0x41d7e11c, L:/127.0.0.1:52935 - R:localhost/127.0.0.1:51892]
21:01:47.590 [Forwarding getElementTagName on session feec98fdad0e37c5ddf1882640d673d8 to remote] DEBUG org.asynchttpclient.netty.request.NettyRequestSender - Using pooled Channel '[id: 0x41d7e11c, L:/127.0.0.1:52935 - R:localhost/127.0.0.1:51892]' for 'GET' to 'http://localhost:51892/session/feec98fdad0e37c5ddf1882640d673d8/element/255799f9-31ea-4165-9816-2a0f4a1f2c2b/name'
21:01:47.590 [Forwarding getElementTagName on session feec98fdad0e37c5ddf1882640d673d8 to remote] DEBUG org.asynchttpclient.netty.request.NettyRequestSender - Using open Channel [id: 0x41d7e11c, L:/127.0.0.1:52935 - R:localhost/127.0.0.1:51892] for GET '/session/feec98fdad0e37c5ddf1882640d673d8/element/255799f9-31ea-4165-9816-2a0f4a1f2c2b/name'
21:01:47.594 [AsyncHttpClient-1-7] DEBUG org.asynchttpclient.netty.handler.HttpHandler - 

Request DefaultFullHttpRequest(decodeResult: success, version: HTTP/1.1, content: EmptyByteBufBE)
GET /session/feec98fdad0e37c5ddf1882640d673d8/element/255799f9-31ea-4165-9816-2a0f4a1f2c2b/name HTTP/1.1
User-Agent: selenium/4.1.2 (java windows)
Cache-Control: no-cache
Content-Type: application/json; charset=utf-8
host: localhost:51892
accept: */*

Response DefaultHttpResponse(decodeResult: success, version: HTTP/1.1)
HTTP/1.1 200 OK
Content-Type: application/json; charset=utf-8
cache-control: no-cache
content-length: 18

21:01:47.594 [AsyncHttpClient-1-7] DEBUG org.asynchttpclient.netty.channel.ChannelManager - Adding key: http://localhost:51892 for channel [id: 0x41d7e11c, L:/127.0.0.1:52935 - R:localhost/127.0.0.1:51892]
21:01:47.596 [Forwarding isElementEnabled on session feec98fdad0e37c5ddf1882640d673d8 to remote] DEBUG org.asynchttpclient.netty.request.NettyRequestSender - Using pooled Channel '[id: 0x41d7e11c, L:/127.0.0.1:52935 - R:localhost/127.0.0.1:51892]' for 'GET' to 'http://localhost:51892/session/feec98fdad0e37c5ddf1882640d673d8/element/255799f9-31ea-4165-9816-2a0f4a1f2c2b/enabled'
21:01:47.596 [Forwarding isElementEnabled on session feec98fdad0e37c5ddf1882640d673d8 to remote] DEBUG org.asynchttpclient.netty.request.NettyRequestSender - Using open Channel [id: 0x41d7e11c, L:/127.0.0.1:52935 - R:localhost/127.0.0.1:51892] for GET '/session/feec98fdad0e37c5ddf1882640d673d8/element/255799f9-31ea-4165-9816-2a0f4a1f2c2b/enabled'
21:01:47.607 [AsyncHttpClient-1-7] DEBUG org.asynchttpclient.netty.handler.HttpHandler - 

Request DefaultFullHttpRequest(decodeResult: success, version: HTTP/1.1, content: EmptyByteBufBE)
GET /session/feec98fdad0e37c5ddf1882640d673d8/element/255799f9-31ea-4165-9816-2a0f4a1f2c2b/enabled HTTP/1.1
User-Agent: selenium/4.1.2 (java windows)
Cache-Control: no-cache
Content-Type: application/json; charset=utf-8
host: localhost:51892
accept: */*

Response DefaultHttpResponse(decodeResult: success, version: HTTP/1.1)
HTTP/1.1 200 OK
Content-Type: application/json; charset=utf-8
cache-control: no-cache
content-length: 14

21:01:47.608 [AsyncHttpClient-1-7] DEBUG org.asynchttpclient.netty.channel.ChannelManager - Adding key: http://localhost:51892 for channel [id: 0x41d7e11c, L:/127.0.0.1:52935 - R:localhost/127.0.0.1:51892]
21:01:47.609 [Forwarding isElementEnabled on session feec98fdad0e37c5ddf1882640d673d8 to remote] DEBUG org.asynchttpclient.netty.request.NettyRequestSender - Using pooled Channel '[id: 0x41d7e11c, L:/127.0.0.1:52935 - R:localhost/127.0.0.1:51892]' for 'GET' to 'http://localhost:51892/session/feec98fdad0e37c5ddf1882640d673d8/element/255799f9-31ea-4165-9816-2a0f4a1f2c2b/enabled'
21:01:47.609 [Forwarding isElementEnabled on session feec98fdad0e37c5ddf1882640d673d8 to remote] DEBUG org.asynchttpclient.netty.request.NettyRequestSender - Using open Channel [id: 0x41d7e11c, L:/127.0.0.1:52935 - R:localhost/127.0.0.1:51892] for GET '/session/feec98fdad0e37c5ddf1882640d673d8/element/255799f9-31ea-4165-9816-2a0f4a1f2c2b/enabled'
21:01:47.614 [AsyncHttpClient-1-7] DEBUG org.asynchttpclient.netty.handler.HttpHandler - 

Request DefaultFullHttpRequest(decodeResult: success, version: HTTP/1.1, content: EmptyByteBufBE)
GET /session/feec98fdad0e37c5ddf1882640d673d8/element/255799f9-31ea-4165-9816-2a0f4a1f2c2b/enabled HTTP/1.1
User-Agent: selenium/4.1.2 (java windows)
Cache-Control: no-cache
Content-Type: application/json; charset=utf-8
host: localhost:51892
accept: */*

Response DefaultHttpResponse(decodeResult: success, version: HTTP/1.1)
HTTP/1.1 200 OK
Content-Type: application/json; charset=utf-8
cache-control: no-cache
content-length: 14

21:01:47.615 [AsyncHttpClient-1-7] DEBUG org.asynchttpclient.netty.channel.ChannelManager - Adding key: http://localhost:51892 for channel [id: 0x41d7e11c, L:/127.0.0.1:52935 - R:localhost/127.0.0.1:51892]
21:01:47.616 [Forwarding findElement on session feec98fdad0e37c5ddf1882640d673d8 to remote] DEBUG org.asynchttpclient.netty.request.NettyRequestSender - Using pooled Channel '[id: 0x41d7e11c, L:/127.0.0.1:52935 - R:localhost/127.0.0.1:51892]' for 'POST' to 'http://localhost:51892/session/feec98fdad0e37c5ddf1882640d673d8/element'
21:01:47.616 [Forwarding findElement on session feec98fdad0e37c5ddf1882640d673d8 to remote] DEBUG org.asynchttpclient.netty.request.NettyRequestSender - Using open Channel [id: 0x41d7e11c, L:/127.0.0.1:52935 - R:localhost/127.0.0.1:51892] for POST '/session/feec98fdad0e37c5ddf1882640d673d8/element'
21:01:47.626 [AsyncHttpClient-1-7] DEBUG org.asynchttpclient.netty.handler.HttpHandler - 

Request DefaultHttpRequest(decodeResult: success, version: HTTP/1.1)
POST /session/feec98fdad0e37c5ddf1882640d673d8/element HTTP/1.1
User-Agent: selenium/4.1.2 (java windows)
Content-Length: 108
Content-Type: application/json; charset=utf-8
host: localhost:51892
accept: */*

Response DefaultHttpResponse(decodeResult: success, version: HTTP/1.1)
HTTP/1.1 200 OK
Content-Type: application/json; charset=utf-8
cache-control: no-cache
content-length: 88

21:01:47.627 [AsyncHttpClient-1-7] DEBUG org.asynchttpclient.netty.channel.ChannelManager - Adding key: http://localhost:51892 for channel [id: 0x41d7e11c, L:/127.0.0.1:52935 - R:localhost/127.0.0.1:51892]
21:01:47.628 [Forwarding clickElement on session feec98fdad0e37c5ddf1882640d673d8 to remote] DEBUG org.asynchttpclient.netty.request.NettyRequestSender - Using pooled Channel '[id: 0x41d7e11c, L:/127.0.0.1:52935 - R:localhost/127.0.0.1:51892]' for 'POST' to 'http://localhost:51892/session/feec98fdad0e37c5ddf1882640d673d8/element/255799f9-31ea-4165-9816-2a0f4a1f2c2b/click'
21:01:47.628 [Forwarding clickElement on session feec98fdad0e37c5ddf1882640d673d8 to remote] DEBUG org.asynchttpclient.netty.request.NettyRequestSender - Using open Channel [id: 0x41d7e11c, L:/127.0.0.1:52935 - R:localhost/127.0.0.1:51892] for POST '/session/feec98fdad0e37c5ddf1882640d673d8/element/255799f9-31ea-4165-9816-2a0f4a1f2c2b/click'
21:01:47.737 [AsyncHttpClient-1-7] DEBUG org.asynchttpclient.netty.handler.HttpHandler - 

Request DefaultHttpRequest(decodeResult: success, version: HTTP/1.1)
POST /session/feec98fdad0e37c5ddf1882640d673d8/element/255799f9-31ea-4165-9816-2a0f4a1f2c2b/click HTTP/1.1
User-Agent: selenium/4.1.2 (java windows)
Content-Length: 50
Content-Type: application/json; charset=utf-8
host: localhost:51892
accept: */*

Response DefaultHttpResponse(decodeResult: success, version: HTTP/1.1)
HTTP/1.1 200 OK
Content-Type: application/json; charset=utf-8
cache-control: no-cache
content-length: 14

21:01:47.738 [AsyncHttpClient-1-7] DEBUG org.asynchttpclient.netty.channel.ChannelManager - Adding key: http://localhost:51892 for channel [id: 0x41d7e11c, L:/127.0.0.1:52935 - R:localhost/127.0.0.1:51892]
21:01:47.753 [Forwarding screenshot on session feec98fdad0e37c5ddf1882640d673d8 to remote] DEBUG org.asynchttpclient.netty.request.NettyRequestSender - Using pooled Channel '[id: 0x41d7e11c, L:/127.0.0.1:52935 - R:localhost/127.0.0.1:51892]' for 'GET' to 'http://localhost:51892/session/feec98fdad0e37c5ddf1882640d673d8/screenshot'
21:01:47.753 [Forwarding screenshot on session feec98fdad0e37c5ddf1882640d673d8 to remote] DEBUG org.asynchttpclient.netty.request.NettyRequestSender - Using open Channel [id: 0x41d7e11c, L:/127.0.0.1:52935 - R:localhost/127.0.0.1:51892] for GET '/session/feec98fdad0e37c5ddf1882640d673d8/screenshot'
21:01:48.002 [AsyncHttpClient-1-7] DEBUG org.asynchttpclient.netty.handler.HttpHandler - 

Request DefaultFullHttpRequest(decodeResult: success, version: HTTP/1.1, content: EmptyByteBufBE)
GET /session/feec98fdad0e37c5ddf1882640d673d8/screenshot HTTP/1.1
User-Agent: selenium/4.1.2 (java windows)
Cache-Control: no-cache
Content-Type: application/json; charset=utf-8
host: localhost:51892
accept: */*

Response DefaultHttpResponse(decodeResult: success, version: HTTP/1.1)
HTTP/1.1 200 OK
Content-Type: application/json; charset=utf-8
cache-control: no-cache
content-length: 35428

21:01:48.003 [AsyncHttpClient-1-7] DEBUG org.asynchttpclient.netty.channel.ChannelManager - Adding key: http://localhost:51892 for channel [id: 0x41d7e11c, L:/127.0.0.1:52935 - R:localhost/127.0.0.1:51892]
21:01:48.008 [main] DEBUG net.serenitybdd.core.photography.Darkroom - Send negative for processing for target\site\serenity\fec093d2817de05a7ec5b826c65ef3290d5826fc0af87732002a319514b08504.png
21:01:48.008 [main] DEBUG net.thucydides.core.steps.StepInterceptor - STEP DONE: clickRegisterButton
  &amp#27;[32mAnd &amp#27;[0m&amp#27;[32muser click register button&amp#27;[0m                          &amp#27;[90m# starter.stepdefenitions.RegisterSteps.userClickRegisterButton()&amp#27;[0m
21:01:48.009 [Darkroom Processing Line] DEBUG net.serenitybdd.core.photography.DarkroomProcessingLine - Processing screenshot image in /var/screenshots/screenshot-1692987628955235640
21:01:48.009 [Darkroom Processing Line] DEBUG net.serenitybdd.core.photography.DarkroomProcessingLine - Saving screenshot to target\site\serenity\fec093d2817de05a7ec5b826c65ef3290d5826fc0af87732002a319514b08504.png
21:01:48.039 [main] DEBUG net.thucydides.core.steps.StepInterceptor - STARTING STEP: RegisterSteps.userSuccessToCreateAccount - validationSuccessRegister
21:01:48.041 [Forwarding findElement on session feec98fdad0e37c5ddf1882640d673d8 to remote] DEBUG org.asynchttpclient.netty.request.NettyRequestSender - Using pooled Channel '[id: 0x41d7e11c, L:/127.0.0.1:52935 - R:localhost/127.0.0.1:51892]' for 'POST' to 'http://localhost:51892/session/feec98fdad0e37c5ddf1882640d673d8/element'
21:01:48.041 [Forwarding findElement on session feec98fdad0e37c5ddf1882640d673d8 to remote] DEBUG org.asynchttpclient.netty.request.NettyRequestSender - Using open Channel [id: 0x41d7e11c, L:/127.0.0.1:52935 - R:localhost/127.0.0.1:51892] for POST '/session/feec98fdad0e37c5ddf1882640d673d8/element'
21:01:48.043 [AsyncHttpClient-1-7] DEBUG org.asynchttpclient.netty.handler.HttpHandler - 

Request DefaultHttpRequest(decodeResult: success, version: HTTP/1.1)
POST /session/feec98fdad0e37c5ddf1882640d673d8/element HTTP/1.1
User-Agent: selenium/4.1.2 (java windows)
Content-Length: 46
Content-Type: application/json; charset=utf-8
host: localhost:51892
accept: */*

Response DefaultHttpResponse(decodeResult: success, version: HTTP/1.1)
HTTP/1.1 400 Bad Request
Content-Type: application/json; charset=utf-8
cache-control: no-cache
content-length: 957

21:01:48.043 [AsyncHttpClient-1-7] DEBUG org.asynchttpclient.netty.channel.ChannelManager - Adding key: http://localhost:51892 for channel [id: 0x41d7e11c, L:/127.0.0.1:52935 - R:localhost/127.0.0.1:51892]
21:01:48.048 [Forwarding findElement on session feec98fdad0e37c5ddf1882640d673d8 to remote] DEBUG org.asynchttpclient.netty.request.NettyRequestSender - Using pooled Channel '[id: 0x41d7e11c, L:/127.0.0.1:52935 - R:localhost/127.0.0.1:51892]' for 'POST' to 'http://localhost:51892/session/feec98fdad0e37c5ddf1882640d673d8/element'
21:01:48.048 [Forwarding findElement on session feec98fdad0e37c5ddf1882640d673d8 to remote] DEBUG org.asynchttpclient.netty.request.NettyRequestSender - Using open Channel [id: 0x41d7e11c, L:/127.0.0.1:52935 - R:localhost/127.0.0.1:51892] for POST '/session/feec98fdad0e37c5ddf1882640d673d8/element'
21:01:48.064 [AsyncHttpClient-1-7] DEBUG org.asynchttpclient.netty.handler.HttpHandler - 

Request DefaultHttpRequest(decodeResult: success, version: HTTP/1.1)
POST /session/feec98fdad0e37c5ddf1882640d673d8/element HTTP/1.1
User-Agent: selenium/4.1.2 (java windows)
Content-Length: 54
Content-Type: application/json; charset=utf-8
host: localhost:51892
accept: */*

Response DefaultHttpResponse(decodeResult: success, version: HTTP/1.1)
HTTP/1.1 200 OK
Content-Type: application/json; charset=utf-8
cache-control: no-cache
content-length: 88

21:01:48.064 [AsyncHttpClient-1-7] DEBUG org.asynchttpclient.netty.channel.ChannelManager - Adding key: http://localhost:51892 for channel [id: 0x41d7e11c, L:/127.0.0.1:52935 - R:localhost/127.0.0.1:51892]
21:01:48.072 [Forwarding isElementDisplayed on session feec98fdad0e37c5ddf1882640d673d8 to remote] DEBUG org.asynchttpclient.netty.request.NettyRequestSender - Using pooled Channel '[id: 0x41d7e11c, L:/127.0.0.1:52935 - R:localhost/127.0.0.1:51892]' for 'POST' to 'http://localhost:51892/session/feec98fdad0e37c5ddf1882640d673d8/execute/sync'
21:01:48.072 [Forwarding isElementDisplayed on session feec98fdad0e37c5ddf1882640d673d8 to remote] DEBUG org.asynchttpclient.netty.request.NettyRequestSender - Using open Channel [id: 0x41d7e11c, L:/127.0.0.1:52935 - R:localhost/127.0.0.1:51892] for POST '/session/feec98fdad0e37c5ddf1882640d673d8/execute/sync'
21:01:48.104 [AsyncHttpClient-1-7] DEBUG org.asynchttpclient.netty.handler.HttpHandler - 

Request DefaultHttpRequest(decodeResult: success, version: HTTP/1.1)
POST /session/feec98fdad0e37c5ddf1882640d673d8/execute/sync HTTP/1.1
User-Agent: selenium/4.1.2 (java windows)
Content-Length: 48780
Content-Type: application/json; charset=utf-8
host: localhost:51892
accept: */*

Response DefaultHttpResponse(decodeResult: success, version: HTTP/1.1)
HTTP/1.1 200 OK
Content-Type: application/json; charset=utf-8
cache-control: no-cache
content-length: 14

21:01:48.104 [AsyncHttpClient-1-7] DEBUG org.asynchttpclient.netty.channel.ChannelManager - Adding key: http://localhost:51892 for channel [id: 0x41d7e11c, L:/127.0.0.1:52935 - R:localhost/127.0.0.1:51892]
21:01:48.123 [Forwarding screenshot on session feec98fdad0e37c5ddf1882640d673d8 to remote] DEBUG org.asynchttpclient.netty.request.NettyRequestSender - Using pooled Channel '[id: 0x41d7e11c, L:/127.0.0.1:52935 - R:localhost/127.0.0.1:51892]' for 'GET' to 'http://localhost:51892/session/feec98fdad0e37c5ddf1882640d673d8/screenshot'
21:01:48.124 [Forwarding screenshot on session feec98fdad0e37c5ddf1882640d673d8 to remote] DEBUG org.asynchttpclient.netty.request.NettyRequestSender - Using open Channel [id: 0x41d7e11c, L:/127.0.0.1:52935 - R:localhost/127.0.0.1:51892] for GET '/session/feec98fdad0e37c5ddf1882640d673d8/screenshot'
21:01:48.299 [AsyncHttpClient-1-1] DEBUG org.asynchttpclient.netty.channel.DefaultChannelPool - Entry count for : http://localhost:52936 : 1
21:01:48.359 [AsyncHttpClient-1-7] DEBUG org.asynchttpclient.netty.handler.HttpHandler - 

Request DefaultFullHttpRequest(decodeResult: success, version: HTTP/1.1, content: EmptyByteBufBE)
GET /session/feec98fdad0e37c5ddf1882640d673d8/screenshot HTTP/1.1
User-Agent: selenium/4.1.2 (java windows)
Cache-Control: no-cache
Content-Type: application/json; charset=utf-8
host: localhost:51892
accept: */*

Response DefaultHttpResponse(decodeResult: success, version: HTTP/1.1)
HTTP/1.1 200 OK
Content-Type: application/json; charset=utf-8
cache-control: no-cache
content-length: 37452

21:01:48.360 [AsyncHttpClient-1-7] DEBUG org.asynchttpclient.netty.channel.ChannelManager - Adding key: http://localhost:51892 for channel [id: 0x41d7e11c, L:/127.0.0.1:52935 - R:localhost/127.0.0.1:51892]
21:01:48.362 [main] DEBUG net.serenitybdd.core.photography.Darkroom - Send negative for processing for target\site\serenity\31ee696ac9d4a2368d2b6e68fb3eb4019a7ac0f67cbb540b681a170c7aa9695e.png
21:01:48.363 [main] DEBUG net.thucydides.core.steps.StepInterceptor - STEP DONE: validationSuccessRegister
21:01:48.363 [Darkroom Processing Line] DEBUG net.serenitybdd.core.photography.DarkroomProcessingLine - Processing screenshot image in /var/screenshots/screenshot-1687105904869830594
  &amp#27;[32mThen &amp#27;[0m&amp#27;[32muser success to create account&amp#27;[0m                     &amp#27;[90m# starter.stepdefenitions.RegisterSteps.userSuccessToCreateAccount()&amp#27;[0m
21:01:48.363 [Darkroom Processing Line] DEBUG net.serenitybdd.core.photography.DarkroomProcessingLine - Saving screenshot to target\site\serenity\31ee696ac9d4a2368d2b6e68fb3eb4019a7ac0f67cbb540b681a170c7aa9695e.png
21:01:48.369 [main] INFO  - 
  _____   ___   ___   _____     ___     _     ___   ___   ___   ___  
 |_   _| | __| / __| |_   _|   | _ \   /_\   / __| / __| | __| |   \ 
   | |   | _|  \__ \   | |     |  _/  / _ \  \__ \ \__ \ | _|  | |) |
   |_|   |___| |___/   |_|     |_|   /_/ \_\ |___/ |___/ |___| |___/ 

As user i have be able to success crete account
----------------------------------------------------------------------
21:01:48.370 [AsyncHttpClient-1-9] DEBUG org.asynchttpclient.netty.handler.WebSocketHandler - Channel Closed: [id: 0x75e7ddac, L:/127.0.0.1:52943 ! R:localhost/127.0.0.1:52936] with attribute NettyResponseFuture{currentRetry=5,
	isDone=1,
	isCancelled=0,
	asyncHandler=org.asynchttpclient.ws.WebSocketUpgradeHandler@467dc0b9,
	nettyRequest=org.asynchttpclient.netty.request.NettyRequest@1b8cc13a,
	future=java.util.concurrent.CompletableFuture@b7429ca[Completed normally],
	uri=ws://localhost:52936/devtools/browser/f1e57402-c637-4553-94bc-884192e92b4c,
	keepAlive=true,
	redirectCount=0,
	timeoutsHolder=null,
	inAuth=0,
	touch=1652450496860}
21:01:48.370 [AsyncHttpClient-1-9] DEBUG org.asynchttpclient.netty.channel.ChannelManager - Closing Channel [id: 0x75e7ddac, L:/127.0.0.1:52943 ! R:localhost/127.0.0.1:52936] 
21:01:48.370 [Driver Command Executor] DEBUG org.asynchttpclient.netty.request.NettyRequestSender - Using pooled Channel '[id: 0x41d7e11c, L:/127.0.0.1:52935 - R:localhost/127.0.0.1:51892]' for 'DELETE' to 'http://localhost:51892/session/feec98fdad0e37c5ddf1882640d673d8'
21:01:48.371 [Driver Command Executor] DEBUG org.asynchttpclient.netty.request.NettyRequestSender - Using open Channel [id: 0x41d7e11c, L:/127.0.0.1:52935 - R:localhost/127.0.0.1:51892] for DELETE '/session/feec98fdad0e37c5ddf1882640d673d8'
21:01:48.433 [AsyncHttpClient-1-8] DEBUG org.asynchttpclient.netty.handler.HttpHandler - Unexpected I/O exception on channel [id: 0xe522eb24, L:/127.0.0.1:52942 - R:localhost/127.0.0.1:52936]
java.io.IOException: An existing connection was forcibly closed by the remote host
	at sun.nio.ch.SocketDispatcher.read0(Native Method)
	at sun.nio.ch.SocketDispatcher.read(SocketDispatcher.java:43)
	at sun.nio.ch.IOUtil.readIntoNativeBuffer(IOUtil.java:223)
	at sun.nio.ch.IOUtil.read(IOUtil.java:192)
	at sun.nio.ch.SocketChannelImpl.read(SocketChannelImpl.java:378)
	at io.netty.buffer.PooledByteBuf.setBytes(PooledByteBuf.java:258)
	at io.netty.buffer.AbstractByteBuf.writeBytes(AbstractByteBuf.java:1132)
	at io.netty.channel.socket.nio.NioSocketChannel.doReadBytes(NioSocketChannel.java:350)
	at io.netty.channel.nio.AbstractNioByteChannel$NioByteUnsafe.read(AbstractNioByteChannel.java:151)
	at io.netty.channel.nio.NioEventLoop.processSelectedKey(NioEventLoop.java:722)
	at io.netty.channel.nio.NioEventLoop.processSelectedKeysOptimized(NioEventLoop.java:658)
	at io.netty.channel.nio.NioEventLoop.processSelectedKeys(NioEventLoop.java:584)
	at io.netty.channel.nio.NioEventLoop.run(NioEventLoop.java:496)
	at io.netty.util.concurrent.SingleThreadEventExecutor$4.run(SingleThreadEventExecutor.java:986)
	at io.netty.util.internal.ThreadExecutorMap$2.run(ThreadExecutorMap.java:74)
	at io.netty.util.concurrent.FastThreadLocalRunnable.run(FastThreadLocalRunnable.java:30)
	at java.lang.Thread.run(Thread.java:750)
21:01:48.434 [AsyncHttpClient-1-8] DEBUG org.asynchttpclient.netty.channel.ChannelManager - Closing Channel [id: 0xe522eb24, L:/127.0.0.1:52942 - R:localhost/127.0.0.1:52936] 
21:01:48.434 [AsyncHttpClient-1-8] DEBUG org.asynchttpclient.netty.handler.HttpHandler - Channel Closed: [id: 0xe522eb24, L:/127.0.0.1:52942 ! R:localhost/127.0.0.1:52936] with attribute DISCARD
21:01:48.483 [AsyncHttpClient-1-7] DEBUG org.asynchttpclient.netty.handler.HttpHandler - 

Request DefaultFullHttpRequest(decodeResult: success, version: HTTP/1.1, content: EmptyByteBufBE)
DELETE /session/feec98fdad0e37c5ddf1882640d673d8 HTTP/1.1
User-Agent: selenium/4.1.2 (java windows)
Content-Type: application/json; charset=utf-8
host: localhost:51892
accept: */*

Response DefaultHttpResponse(decodeResult: success, version: HTTP/1.1)
HTTP/1.1 200 OK
Content-Type: application/json; charset=utf-8
cache-control: no-cache
content-length: 14

21:01:48.483 [AsyncHttpClient-1-7] DEBUG org.asynchttpclient.netty.channel.ChannelManager - Adding key: http://localhost:51892 for channel [id: 0x41d7e11c, L:/127.0.0.1:52935 - R:localhost/127.0.0.1:51892]
21:01:48.596 [AsyncHttpClient-1-7] DEBUG org.asynchttpclient.netty.handler.HttpHandler - Channel Closed: [id: 0x41d7e11c, L:/127.0.0.1:52935 ! R:localhost/127.0.0.1:51892] with attribute DISCARD
]]></system-out>
    <system-err><![CDATA[Starting ChromeDriver 100.0.4896.60 (6a5d10861ce8de5fce22564658033b43cb7de047-refs/branch-heads/4896@{#875}) on port 51892
Only local connections are allowed.
Please see https://chromedriver.chromium.org/security-considerations for suggestions on keeping ChromeDriver safe.
ChromeDriver was started successfully.
[1652450496.728][WARNING]: This version of ChromeDriver has not been tested with Chrome version 101.
May 13, 2022 9:01:36 PM org.openqa.selenium.remote.ProtocolHandshake createSession
INFO: Detected dialect: W3C
May 13, 2022 9:01:36 PM org.openqa.selenium.devtools.CdpVersionFinder findNearestMatch
WARNING: Unable to find an exact match for CDP version 101, so returning the closest version found: 97
May 13, 2022 9:01:36 PM org.openqa.selenium.devtools.CdpVersionFinder findNearestMatch
INFO: Found CDP implementation for version 101 of 97
]]></system-err>
  </testcase>
  <testcase name="As user i have failed to create account with registered data" classname="As user i want to create account So that i can login" time="13.461">
    <system-out><![CDATA[
@register
Scenario: As user i have failed to create account with registered data          &amp#27;[90m# src/test/resources/features/Register.feature:12&amp#27;[0m
21:01:49.157 [main] INFO io.cucumber.core.plugin.SerenityReporter - Running feature from file:///D:/kampus%20merdeka/QE_MUHAMMAD%20ADIBASYAH/miniproject/web/src/test/resources/features/Register.feature
21:01:49.161 [main] INFO  - 
  _____   ___   ___   _____     ___   _____     _     ___   _____   ___   ___  
 |_   _| | __| / __| |_   _|   / __| |_   _|   /_\   | _ \ |_   _| | __| |   \ 
   | |   | _|  \__ \   | |     \__ \   | |    / _ \  |   /   | |   | _|  | |) |
   |_|   |___| |___/   |_|     |___/   |_|   /_/ \_\ |_|_\   |_|   |___| |___/ 

As user i have failed to create account with registered data(as-user-i-want-to-create-account-so-that-i-can-login;as-user-i-have-failed-to-create-account-with-registered-data)
--------------------------------------------------------------------------------
21:01:49.197 [main] DEBUG net.thucydides.core.steps.StepInterceptor - STARTING STEP: RegisterSteps.onRegisterPage - openPage
21:01:49.199 [main] INFO net.serenitybdd.core.webdriver.driverproviders.ChromeDriverProvider - Using automatically driver download
21:01:49.343 [main] DEBUG io.github.bonigarcia.wdm.cache.ResolutionCache - Resolution chrome=101 in cache (valid until 21:59:22 13/05/2022 ICT)
21:01:49.347 [main] DEBUG io.github.bonigarcia.wdm.cache.ResolutionCache - Resolution chrome101=101.0.4951.41 in cache (valid until 20:59:22 14/05/2022 ICT)
21:01:49.349 [main] INFO io.github.bonigarcia.wdm.WebDriverManager - Using chromedriver 101.0.4951.41 (resolved driver for Chrome 101)
21:01:49.359 [main] DEBUG io.github.bonigarcia.wdm.WebDriverManager - Driver chromedriver 101.0.4951.41 found in cache
21:01:49.360 [main] INFO io.github.bonigarcia.wdm.WebDriverManager - Exporting webdriver.chrome.driver as C:\Users\Admin\.cache\selenium\chromedriver\win32\101.0.4951.41\chromedriver.exe
21:01:49.396 [AsyncHttpClient-1-1] DEBUG org.asynchttpclient.netty.channel.DefaultChannelPool - Entry count for : http://localhost:51892 : 1
21:01:49.396 [AsyncHttpClient-1-1] DEBUG org.asynchttpclient.netty.channel.DefaultChannelPool - Entry count for : http://localhost:52936 : 1
21:01:49.396 [AsyncHttpClient-1-1] DEBUG org.asynchttpclient.netty.channel.DefaultChannelPool - Adding Candidate expired Channel [id: 0x41d7e11c, L:/127.0.0.1:52935 ! R:localhost/127.0.0.1:51892] isIdleTimeoutExpired=false isRemotelyClosed=true isTtlExpired=false
21:01:49.396 [AsyncHttpClient-1-1] DEBUG org.asynchttpclient.netty.channel.DefaultChannelPool - Closing Idle Channel [id: 0x41d7e11c, L:/127.0.0.1:52935 ! R:localhost/127.0.0.1:51892]
21:01:49.396 [AsyncHttpClient-1-1] DEBUG org.asynchttpclient.netty.channel.DefaultChannelPool - Adding Candidate expired Channel [id: 0xe522eb24, L:/127.0.0.1:52942 ! R:localhost/127.0.0.1:52936] isIdleTimeoutExpired=false isRemotelyClosed=true isTtlExpired=false
21:01:49.396 [AsyncHttpClient-1-1] DEBUG org.asynchttpclient.netty.channel.DefaultChannelPool - Closing Idle Channel [id: 0xe522eb24, L:/127.0.0.1:52942 ! R:localhost/127.0.0.1:52936]
21:01:49.396 [AsyncHttpClient-1-1] DEBUG org.asynchttpclient.netty.channel.DefaultChannelPool - Closed 2 connections out of 2 in 0 ms
21:01:49.503 [main] DEBUG net.serenitybdd.core.webdriver.driverproviders.ProvideNewDriver - Instantiating driver
21:01:49.503 [main] DEBUG net.serenitybdd.core.webdriver.driverproviders.ProvideNewDriver - Driver capabilities: Capabilities {acceptInsecureCerts: false, base.url: https://qa.alta.id/, browserName: chrome, chrome.driver: src/test/resources/webdrive..., driver: chrome, goog:chromeOptions: {args: [], extensions: []}}
21:01:50.055 [AsyncHttpClient-1-2] DEBUG org.asynchttpclient.netty.channel.NettyConnectListener - Using new Channel '[id: 0x52ea3302, L:/127.0.0.1:52965 - R:localhost/127.0.0.1:51111]' for 'POST' to '/session'
21:01:51.473 [AsyncHttpClient-1-2] DEBUG org.asynchttpclient.netty.handler.HttpHandler - 

Request DefaultHttpRequest(decodeResult: success, version: HTTP/1.1)
POST /session HTTP/1.1
User-Agent: selenium/4.1.2 (java windows)
Content-Length: 605
Content-Type: application/json; charset=utf-8
host: localhost:51111
accept: */*

Response DefaultHttpResponse(decodeResult: success, version: HTTP/1.1)
HTTP/1.1 200 OK
Content-Type: application/json; charset=utf-8
cache-control: no-cache
content-length: 789

21:01:51.473 [AsyncHttpClient-1-2] DEBUG org.asynchttpclient.netty.channel.ChannelManager - Adding key: http://localhost:51111 for channel [id: 0x52ea3302, L:/127.0.0.1:52965 - R:localhost/127.0.0.1:51111]
21:01:51.485 [AsyncHttpClient-1-3] DEBUG org.asynchttpclient.netty.channel.NettyConnectListener - Using new Channel '[id: 0x6ff5e859, L:/127.0.0.1:52973 - R:localhost/127.0.0.1:52966]' for 'GET' to '/json/version'
21:01:51.486 [AsyncHttpClient-1-3] DEBUG org.asynchttpclient.netty.handler.HttpHandler - 

Request DefaultFullHttpRequest(decodeResult: success, version: HTTP/1.1, content: EmptyByteBufBE)
GET /json/version HTTP/1.1
User-Agent: selenium/4.1.2 (java windows)
host: localhost:52966
accept: */*

Response DefaultHttpResponse(decodeResult: success, version: HTTP/1.1)
HTTP/1.1 200 OK
Content-Type: application/json; charset=UTF-8
content-length: 427

21:01:51.486 [AsyncHttpClient-1-3] DEBUG org.asynchttpclient.netty.channel.ChannelManager - Adding key: http://localhost:52966 for channel [id: 0x6ff5e859, L:/127.0.0.1:52973 - R:localhost/127.0.0.1:52966]
21:01:51.489 [AsyncHttpClient-1-4] DEBUG org.asynchttpclient.netty.channel.NettyConnectListener - Using new Channel '[id: 0x63be6e81, L:/127.0.0.1:52974 - R:localhost/127.0.0.1:52966]' for 'GET' to '/devtools/browser/5efcf535-a8df-4871-801b-e8ec6c74dfc6'
21:01:51.490 [AsyncHttpClient-1-4] DEBUG org.asynchttpclient.netty.handler.WebSocketHandler - 

Request DefaultFullHttpRequest(decodeResult: success, version: HTTP/1.1, content: EmptyByteBufBE)
GET /devtools/browser/5efcf535-a8df-4871-801b-e8ec6c74dfc6 HTTP/1.1
upgrade: websocket
connection: upgrade
sec-websocket-key: IuhnDq/BwZeM//vSe5Lw6g==
sec-websocket-version: 13
origin: http://localhost:52966
host: localhost:52966
accept: */*
user-agent: AHC/2.1

Response DefaultHttpResponse(decodeResult: success, version: HTTP/1.1)
HTTP/1.1 101 WebSocket Protocol Handshake
Upgrade: WebSocket
Connection: Upgrade
Sec-WebSocket-Accept: ngyArfrOtbXPxUnmSfHIIajT5wE=

21:01:51.495 [Forwarding setCurrentWindowSize on session 42ec559597ee682a3ec05e477441bb18 to remote] DEBUG org.asynchttpclient.netty.request.NettyRequestSender - Using pooled Channel '[id: 0x52ea3302, L:/127.0.0.1:52965 - R:localhost/127.0.0.1:51111]' for 'POST' to 'http://localhost:51111/session/42ec559597ee682a3ec05e477441bb18/window/rect'
21:01:51.495 [Forwarding setCurrentWindowSize on session 42ec559597ee682a3ec05e477441bb18 to remote] DEBUG org.asynchttpclient.netty.request.NettyRequestSender - Using open Channel [id: 0x52ea3302, L:/127.0.0.1:52965 - R:localhost/127.0.0.1:51111] for POST '/session/42ec559597ee682a3ec05e477441bb18/window/rect'
21:01:51.595 [AsyncHttpClient-1-1] DEBUG org.asynchttpclient.netty.channel.DefaultChannelPool - Entry count for : http://localhost:52966 : 1
21:01:51.628 [AsyncHttpClient-1-2] DEBUG org.asynchttpclient.netty.handler.HttpHandler - 

Request DefaultHttpRequest(decodeResult: success, version: HTTP/1.1)
POST /session/42ec559597ee682a3ec05e477441bb18/window/rect HTTP/1.1
User-Agent: selenium/4.1.2 (java windows)
Content-Length: 37
Content-Type: application/json; charset=utf-8
host: localhost:51111
accept: */*

Response DefaultHttpResponse(decodeResult: success, version: HTTP/1.1)
HTTP/1.1 200 OK
Content-Type: application/json; charset=utf-8
cache-control: no-cache
content-length: 51

21:01:51.628 [AsyncHttpClient-1-2] DEBUG org.asynchttpclient.netty.channel.ChannelManager - Adding key: http://localhost:51111 for channel [id: 0x52ea3302, L:/127.0.0.1:52965 - R:localhost/127.0.0.1:51111]
21:01:51.629 [Forwarding setWindowPosition on session 42ec559597ee682a3ec05e477441bb18 to remote] DEBUG org.asynchttpclient.netty.request.NettyRequestSender - Using pooled Channel '[id: 0x52ea3302, L:/127.0.0.1:52965 - R:localhost/127.0.0.1:51111]' for 'POST' to 'http://localhost:51111/session/42ec559597ee682a3ec05e477441bb18/window/rect'
21:01:51.629 [Forwarding setWindowPosition on session 42ec559597ee682a3ec05e477441bb18 to remote] DEBUG org.asynchttpclient.netty.request.NettyRequestSender - Using open Channel [id: 0x52ea3302, L:/127.0.0.1:52965 - R:localhost/127.0.0.1:51111] for POST '/session/42ec559597ee682a3ec05e477441bb18/window/rect'
21:01:51.744 [AsyncHttpClient-1-2] DEBUG org.asynchttpclient.netty.handler.HttpHandler - 

Request DefaultHttpRequest(decodeResult: success, version: HTTP/1.1)
POST /session/42ec559597ee682a3ec05e477441bb18/window/rect HTTP/1.1
User-Agent: selenium/4.1.2 (java windows)
Content-Length: 22
Content-Type: application/json; charset=utf-8
host: localhost:51111
accept: */*

Response DefaultHttpResponse(decodeResult: success, version: HTTP/1.1)
HTTP/1.1 200 OK
Content-Type: application/json; charset=utf-8
cache-control: no-cache
content-length: 49

21:01:51.744 [AsyncHttpClient-1-2] DEBUG org.asynchttpclient.netty.channel.ChannelManager - Adding key: http://localhost:51111 for channel [id: 0x52ea3302, L:/127.0.0.1:52965 - R:localhost/127.0.0.1:51111]
21:01:51.748 [Forwarding get on session 42ec559597ee682a3ec05e477441bb18 to remote] DEBUG org.asynchttpclient.netty.request.NettyRequestSender - Using pooled Channel '[id: 0x52ea3302, L:/127.0.0.1:52965 - R:localhost/127.0.0.1:51111]' for 'POST' to 'http://localhost:51111/session/42ec559597ee682a3ec05e477441bb18/url'
21:01:51.748 [Forwarding get on session 42ec559597ee682a3ec05e477441bb18 to remote] DEBUG org.asynchttpclient.netty.request.NettyRequestSender - Using open Channel [id: 0x52ea3302, L:/127.0.0.1:52965 - R:localhost/127.0.0.1:51111] for POST '/session/42ec559597ee682a3ec05e477441bb18/url'
21:01:52.695 [AsyncHttpClient-1-1] DEBUG org.asynchttpclient.netty.channel.DefaultChannelPool - Entry count for : http://localhost:52966 : 1
21:01:53.302 [AsyncHttpClient-1-2] DEBUG org.asynchttpclient.netty.handler.HttpHandler - 

Request DefaultHttpRequest(decodeResult: success, version: HTTP/1.1)
POST /session/42ec559597ee682a3ec05e477441bb18/url HTTP/1.1
User-Agent: selenium/4.1.2 (java windows)
Content-Length: 49
Content-Type: application/json; charset=utf-8
host: localhost:51111
accept: */*

Response DefaultHttpResponse(decodeResult: success, version: HTTP/1.1)
HTTP/1.1 200 OK
Content-Type: application/json; charset=utf-8
cache-control: no-cache
content-length: 14

21:01:53.303 [AsyncHttpClient-1-2] DEBUG org.asynchttpclient.netty.channel.ChannelManager - Adding key: http://localhost:51111 for channel [id: 0x52ea3302, L:/127.0.0.1:52965 - R:localhost/127.0.0.1:51111]
21:01:53.311 [Forwarding setTimeout on session 42ec559597ee682a3ec05e477441bb18 to remote] DEBUG org.asynchttpclient.netty.request.NettyRequestSender - Using pooled Channel '[id: 0x52ea3302, L:/127.0.0.1:52965 - R:localhost/127.0.0.1:51111]' for 'POST' to 'http://localhost:51111/session/42ec559597ee682a3ec05e477441bb18/timeouts'
21:01:53.311 [Forwarding setTimeout on session 42ec559597ee682a3ec05e477441bb18 to remote] DEBUG org.asynchttpclient.netty.request.NettyRequestSender - Using open Channel [id: 0x52ea3302, L:/127.0.0.1:52965 - R:localhost/127.0.0.1:51111] for POST '/session/42ec559597ee682a3ec05e477441bb18/timeouts'
21:01:53.342 [AsyncHttpClient-1-2] DEBUG org.asynchttpclient.netty.handler.HttpHandler - 

Request DefaultHttpRequest(decodeResult: success, version: HTTP/1.1)
POST /session/42ec559597ee682a3ec05e477441bb18/timeouts HTTP/1.1
User-Agent: selenium/4.1.2 (java windows)
Content-Length: 22
Content-Type: application/json; charset=utf-8
host: localhost:51111
accept: */*

Response DefaultHttpResponse(decodeResult: success, version: HTTP/1.1)
HTTP/1.1 200 OK
Content-Type: application/json; charset=utf-8
cache-control: no-cache
content-length: 14

21:01:53.343 [AsyncHttpClient-1-2] DEBUG org.asynchttpclient.netty.channel.ChannelManager - Adding key: http://localhost:51111 for channel [id: 0x52ea3302, L:/127.0.0.1:52965 - R:localhost/127.0.0.1:51111]
21:01:53.349 [Forwarding getCurrentUrl on session 42ec559597ee682a3ec05e477441bb18 to remote] DEBUG org.asynchttpclient.netty.request.NettyRequestSender - Using pooled Channel '[id: 0x52ea3302, L:/127.0.0.1:52965 - R:localhost/127.0.0.1:51111]' for 'GET' to 'http://localhost:51111/session/42ec559597ee682a3ec05e477441bb18/url'
21:01:53.349 [Forwarding getCurrentUrl on session 42ec559597ee682a3ec05e477441bb18 to remote] DEBUG org.asynchttpclient.netty.request.NettyRequestSender - Using open Channel [id: 0x52ea3302, L:/127.0.0.1:52965 - R:localhost/127.0.0.1:51111] for GET '/session/42ec559597ee682a3ec05e477441bb18/url'
21:01:53.428 [AsyncHttpClient-1-2] DEBUG org.asynchttpclient.netty.handler.HttpHandler - 

Request DefaultFullHttpRequest(decodeResult: success, version: HTTP/1.1, content: EmptyByteBufBE)
GET /session/42ec559597ee682a3ec05e477441bb18/url HTTP/1.1
User-Agent: selenium/4.1.2 (java windows)
Cache-Control: no-cache
Content-Type: application/json; charset=utf-8
host: localhost:51111
accept: */*

Response DefaultHttpResponse(decodeResult: success, version: HTTP/1.1)
HTTP/1.1 200 OK
Content-Type: application/json; charset=utf-8
cache-control: no-cache
content-length: 31

21:01:53.428 [AsyncHttpClient-1-2] DEBUG org.asynchttpclient.netty.channel.ChannelManager - Adding key: http://localhost:51111 for channel [id: 0x52ea3302, L:/127.0.0.1:52965 - R:localhost/127.0.0.1:51111]
21:01:53.439 [Forwarding getCurrentUrl on session 42ec559597ee682a3ec05e477441bb18 to remote] DEBUG org.asynchttpclient.netty.request.NettyRequestSender - Using pooled Channel '[id: 0x52ea3302, L:/127.0.0.1:52965 - R:localhost/127.0.0.1:51111]' for 'GET' to 'http://localhost:51111/session/42ec559597ee682a3ec05e477441bb18/url'
21:01:53.440 [Forwarding getCurrentUrl on session 42ec559597ee682a3ec05e477441bb18 to remote] DEBUG org.asynchttpclient.netty.request.NettyRequestSender - Using open Channel [id: 0x52ea3302, L:/127.0.0.1:52965 - R:localhost/127.0.0.1:51111] for GET '/session/42ec559597ee682a3ec05e477441bb18/url'
21:01:53.492 [AsyncHttpClient-1-2] DEBUG org.asynchttpclient.netty.handler.HttpHandler - 

Request DefaultFullHttpRequest(decodeResult: success, version: HTTP/1.1, content: EmptyByteBufBE)
GET /session/42ec559597ee682a3ec05e477441bb18/url HTTP/1.1
User-Agent: selenium/4.1.2 (java windows)
Cache-Control: no-cache
Content-Type: application/json; charset=utf-8
host: localhost:51111
accept: */*

Response DefaultHttpResponse(decodeResult: success, version: HTTP/1.1)
HTTP/1.1 200 OK
Content-Type: application/json; charset=utf-8
cache-control: no-cache
content-length: 31

21:01:53.493 [AsyncHttpClient-1-2] DEBUG org.asynchttpclient.netty.channel.ChannelManager - Adding key: http://localhost:51111 for channel [id: 0x52ea3302, L:/127.0.0.1:52965 - R:localhost/127.0.0.1:51111]
21:01:53.507 [Forwarding screenshot on session 42ec559597ee682a3ec05e477441bb18 to remote] DEBUG org.asynchttpclient.netty.request.NettyRequestSender - Using pooled Channel '[id: 0x52ea3302, L:/127.0.0.1:52965 - R:localhost/127.0.0.1:51111]' for 'GET' to 'http://localhost:51111/session/42ec559597ee682a3ec05e477441bb18/screenshot'
21:01:53.507 [Forwarding screenshot on session 42ec559597ee682a3ec05e477441bb18 to remote] DEBUG org.asynchttpclient.netty.request.NettyRequestSender - Using open Channel [id: 0x52ea3302, L:/127.0.0.1:52965 - R:localhost/127.0.0.1:51111] for GET '/session/42ec559597ee682a3ec05e477441bb18/screenshot'
21:01:53.799 [AsyncHttpClient-1-1] DEBUG org.asynchttpclient.netty.channel.DefaultChannelPool - Entry count for : http://localhost:52966 : 1
21:01:54.902 [AsyncHttpClient-1-1] DEBUG org.asynchttpclient.netty.channel.DefaultChannelPool - Entry count for : http://localhost:52966 : 1
21:01:56.003 [AsyncHttpClient-1-1] DEBUG org.asynchttpclient.netty.channel.DefaultChannelPool - Entry count for : http://localhost:52966 : 1
21:01:57.093 [AsyncHttpClient-1-1] DEBUG org.asynchttpclient.netty.channel.DefaultChannelPool - Entry count for : http://localhost:52966 : 1
21:01:58.193 [AsyncHttpClient-1-1] DEBUG org.asynchttpclient.netty.channel.DefaultChannelPool - Entry count for : http://localhost:52966 : 1
21:01:58.491 [AsyncHttpClient-1-2] DEBUG org.asynchttpclient.netty.handler.HttpHandler - 

Request DefaultFullHttpRequest(decodeResult: success, version: HTTP/1.1, content: EmptyByteBufBE)
GET /session/42ec559597ee682a3ec05e477441bb18/screenshot HTTP/1.1
User-Agent: selenium/4.1.2 (java windows)
Cache-Control: no-cache
Content-Type: application/json; charset=utf-8
host: localhost:51111
accept: */*

Response DefaultHttpResponse(decodeResult: success, version: HTTP/1.1)
HTTP/1.1 200 OK
Content-Type: application/json; charset=utf-8
cache-control: no-cache
content-length: 30828

21:01:58.492 [AsyncHttpClient-1-2] DEBUG org.asynchttpclient.netty.channel.ChannelManager - Adding key: http://localhost:51111 for channel [id: 0x52ea3302, L:/127.0.0.1:52965 - R:localhost/127.0.0.1:51111]
21:01:58.497 [main] DEBUG net.serenitybdd.core.photography.Darkroom - Send negative for processing for target\site\serenity\3288347bf07b5a9f327d2430d1c2ddb0b954e46b1b77a884686e7aed53593e74.png
21:01:58.497 [main] DEBUG net.thucydides.core.steps.StepInterceptor - STEP DONE: openPage
21:01:58.514 [main] DEBUG net.thucydides.core.steps.StepInterceptor - STARTING STEP: RegisterSteps.onRegisterPage - clickLoginIcon
21:01:58.519 [Forwarding findElement on session 42ec559597ee682a3ec05e477441bb18 to remote] DEBUG org.asynchttpclient.netty.request.NettyRequestSender - Using pooled Channel '[id: 0x52ea3302, L:/127.0.0.1:52965 - R:localhost/127.0.0.1:51111]' for 'POST' to 'http://localhost:51111/session/42ec559597ee682a3ec05e477441bb18/element'
21:01:58.519 [Forwarding findElement on session 42ec559597ee682a3ec05e477441bb18 to remote] DEBUG org.asynchttpclient.netty.request.NettyRequestSender - Using open Channel [id: 0x52ea3302, L:/127.0.0.1:52965 - R:localhost/127.0.0.1:51111] for POST '/session/42ec559597ee682a3ec05e477441bb18/element'
21:01:58.541 [AsyncHttpClient-1-2] DEBUG org.asynchttpclient.netty.handler.HttpHandler - 

Request DefaultHttpRequest(decodeResult: success, version: HTTP/1.1)
POST /session/42ec559597ee682a3ec05e477441bb18/element HTTP/1.1
User-Agent: selenium/4.1.2 (java windows)
Content-Length: 129
Content-Type: application/json; charset=utf-8
host: localhost:51111
accept: */*

Response DefaultHttpResponse(decodeResult: success, version: HTTP/1.1)
HTTP/1.1 200 OK
Content-Type: application/json; charset=utf-8
cache-control: no-cache
content-length: 88

21:01:58.541 [AsyncHttpClient-1-2] DEBUG org.asynchttpclient.netty.channel.ChannelManager - Adding key: http://localhost:51111 for channel [id: 0x52ea3302, L:/127.0.0.1:52965 - R:localhost/127.0.0.1:51111]
21:01:58.543 [Forwarding getElementTagName on session 42ec559597ee682a3ec05e477441bb18 to remote] DEBUG org.asynchttpclient.netty.request.NettyRequestSender - Using pooled Channel '[id: 0x52ea3302, L:/127.0.0.1:52965 - R:localhost/127.0.0.1:51111]' for 'GET' to 'http://localhost:51111/session/42ec559597ee682a3ec05e477441bb18/element/5c06b67a-0335-498a-846b-1e83b114a8b1/name'
21:01:58.543 [Forwarding getElementTagName on session 42ec559597ee682a3ec05e477441bb18 to remote] DEBUG org.asynchttpclient.netty.request.NettyRequestSender - Using open Channel [id: 0x52ea3302, L:/127.0.0.1:52965 - R:localhost/127.0.0.1:51111] for GET '/session/42ec559597ee682a3ec05e477441bb18/element/5c06b67a-0335-498a-846b-1e83b114a8b1/name'
21:01:58.547 [AsyncHttpClient-1-2] DEBUG org.asynchttpclient.netty.handler.HttpHandler - 

Request DefaultFullHttpRequest(decodeResult: success, version: HTTP/1.1, content: EmptyByteBufBE)
GET /session/42ec559597ee682a3ec05e477441bb18/element/5c06b67a-0335-498a-846b-1e83b114a8b1/name HTTP/1.1
User-Agent: selenium/4.1.2 (java windows)
Cache-Control: no-cache
Content-Type: application/json; charset=utf-8
host: localhost:51111
accept: */*

Response DefaultHttpResponse(decodeResult: success, version: HTTP/1.1)
HTTP/1.1 200 OK
Content-Type: application/json; charset=utf-8
cache-control: no-cache
content-length: 18

21:01:58.548 [AsyncHttpClient-1-2] DEBUG org.asynchttpclient.netty.channel.ChannelManager - Adding key: http://localhost:51111 for channel [id: 0x52ea3302, L:/127.0.0.1:52965 - R:localhost/127.0.0.1:51111]
21:01:58.549 [Forwarding getElementTagName on session 42ec559597ee682a3ec05e477441bb18 to remote] DEBUG org.asynchttpclient.netty.request.NettyRequestSender - Using pooled Channel '[id: 0x52ea3302, L:/127.0.0.1:52965 - R:localhost/127.0.0.1:51111]' for 'GET' to 'http://localhost:51111/session/42ec559597ee682a3ec05e477441bb18/element/5c06b67a-0335-498a-846b-1e83b114a8b1/name'
21:01:58.549 [Forwarding getElementTagName on session 42ec559597ee682a3ec05e477441bb18 to remote] DEBUG org.asynchttpclient.netty.request.NettyRequestSender - Using open Channel [id: 0x52ea3302, L:/127.0.0.1:52965 - R:localhost/127.0.0.1:51111] for GET '/session/42ec559597ee682a3ec05e477441bb18/element/5c06b67a-0335-498a-846b-1e83b114a8b1/name'
21:01:58.552 [AsyncHttpClient-1-2] DEBUG org.asynchttpclient.netty.handler.HttpHandler - 

Request DefaultFullHttpRequest(decodeResult: success, version: HTTP/1.1, content: EmptyByteBufBE)
GET /session/42ec559597ee682a3ec05e477441bb18/element/5c06b67a-0335-498a-846b-1e83b114a8b1/name HTTP/1.1
User-Agent: selenium/4.1.2 (java windows)
Cache-Control: no-cache
Content-Type: application/json; charset=utf-8
host: localhost:51111
accept: */*

Response DefaultHttpResponse(decodeResult: success, version: HTTP/1.1)
HTTP/1.1 200 OK
Content-Type: application/json; charset=utf-8
cache-control: no-cache
content-length: 18

21:01:58.552 [AsyncHttpClient-1-2] DEBUG org.asynchttpclient.netty.channel.ChannelManager - Adding key: http://localhost:51111 for channel [id: 0x52ea3302, L:/127.0.0.1:52965 - R:localhost/127.0.0.1:51111]
21:01:58.555 [Forwarding isElementEnabled on session 42ec559597ee682a3ec05e477441bb18 to remote] DEBUG org.asynchttpclient.netty.request.NettyRequestSender - Using pooled Channel '[id: 0x52ea3302, L:/127.0.0.1:52965 - R:localhost/127.0.0.1:51111]' for 'GET' to 'http://localhost:51111/session/42ec559597ee682a3ec05e477441bb18/element/5c06b67a-0335-498a-846b-1e83b114a8b1/enabled'
21:01:58.555 [Forwarding isElementEnabled on session 42ec559597ee682a3ec05e477441bb18 to remote] DEBUG org.asynchttpclient.netty.request.NettyRequestSender - Using open Channel [id: 0x52ea3302, L:/127.0.0.1:52965 - R:localhost/127.0.0.1:51111] for GET '/session/42ec559597ee682a3ec05e477441bb18/element/5c06b67a-0335-498a-846b-1e83b114a8b1/enabled'
21:01:58.564 [AsyncHttpClient-1-2] DEBUG org.asynchttpclient.netty.handler.HttpHandler - 

Request DefaultFullHttpRequest(decodeResult: success, version: HTTP/1.1, content: EmptyByteBufBE)
GET /session/42ec559597ee682a3ec05e477441bb18/element/5c06b67a-0335-498a-846b-1e83b114a8b1/enabled HTTP/1.1
User-Agent: selenium/4.1.2 (java windows)
Cache-Control: no-cache
Content-Type: application/json; charset=utf-8
host: localhost:51111
accept: */*

Response DefaultHttpResponse(decodeResult: success, version: HTTP/1.1)
HTTP/1.1 200 OK
Content-Type: application/json; charset=utf-8
cache-control: no-cache
content-length: 14

21:01:58.564 [AsyncHttpClient-1-2] DEBUG org.asynchttpclient.netty.channel.ChannelManager - Adding key: http://localhost:51111 for channel [id: 0x52ea3302, L:/127.0.0.1:52965 - R:localhost/127.0.0.1:51111]
21:01:58.565 [Forwarding isElementEnabled on session 42ec559597ee682a3ec05e477441bb18 to remote] DEBUG org.asynchttpclient.netty.request.NettyRequestSender - Using pooled Channel '[id: 0x52ea3302, L:/127.0.0.1:52965 - R:localhost/127.0.0.1:51111]' for 'GET' to 'http://localhost:51111/session/42ec559597ee682a3ec05e477441bb18/element/5c06b67a-0335-498a-846b-1e83b114a8b1/enabled'
21:01:58.565 [Forwarding isElementEnabled on session 42ec559597ee682a3ec05e477441bb18 to remote] DEBUG org.asynchttpclient.netty.request.NettyRequestSender - Using open Channel [id: 0x52ea3302, L:/127.0.0.1:52965 - R:localhost/127.0.0.1:51111] for GET '/session/42ec559597ee682a3ec05e477441bb18/element/5c06b67a-0335-498a-846b-1e83b114a8b1/enabled'
21:01:58.572 [AsyncHttpClient-1-2] DEBUG org.asynchttpclient.netty.handler.HttpHandler - 

Request DefaultFullHttpRequest(decodeResult: success, version: HTTP/1.1, content: EmptyByteBufBE)
GET /session/42ec559597ee682a3ec05e477441bb18/element/5c06b67a-0335-498a-846b-1e83b114a8b1/enabled HTTP/1.1
User-Agent: selenium/4.1.2 (java windows)
Cache-Control: no-cache
Content-Type: application/json; charset=utf-8
host: localhost:51111
accept: */*

Response DefaultHttpResponse(decodeResult: success, version: HTTP/1.1)
HTTP/1.1 200 OK
Content-Type: application/json; charset=utf-8
cache-control: no-cache
content-length: 14

21:01:58.572 [AsyncHttpClient-1-2] DEBUG org.asynchttpclient.netty.channel.ChannelManager - Adding key: http://localhost:51111 for channel [id: 0x52ea3302, L:/127.0.0.1:52965 - R:localhost/127.0.0.1:51111]
21:01:58.574 [Forwarding findElement on session 42ec559597ee682a3ec05e477441bb18 to remote] DEBUG org.asynchttpclient.netty.request.NettyRequestSender - Using pooled Channel '[id: 0x52ea3302, L:/127.0.0.1:52965 - R:localhost/127.0.0.1:51111]' for 'POST' to 'http://localhost:51111/session/42ec559597ee682a3ec05e477441bb18/element'
21:01:58.574 [Forwarding findElement on session 42ec559597ee682a3ec05e477441bb18 to remote] DEBUG org.asynchttpclient.netty.request.NettyRequestSender - Using open Channel [id: 0x52ea3302, L:/127.0.0.1:52965 - R:localhost/127.0.0.1:51111] for POST '/session/42ec559597ee682a3ec05e477441bb18/element'
21:01:58.594 [AsyncHttpClient-1-2] DEBUG org.asynchttpclient.netty.handler.HttpHandler - 

Request DefaultHttpRequest(decodeResult: success, version: HTTP/1.1)
POST /session/42ec559597ee682a3ec05e477441bb18/element HTTP/1.1
User-Agent: selenium/4.1.2 (java windows)
Content-Length: 129
Content-Type: application/json; charset=utf-8
host: localhost:51111
accept: */*

Response DefaultHttpResponse(decodeResult: success, version: HTTP/1.1)
HTTP/1.1 200 OK
Content-Type: application/json; charset=utf-8
cache-control: no-cache
content-length: 88

21:01:58.595 [AsyncHttpClient-1-2] DEBUG org.asynchttpclient.netty.channel.ChannelManager - Adding key: http://localhost:51111 for channel [id: 0x52ea3302, L:/127.0.0.1:52965 - R:localhost/127.0.0.1:51111]
21:01:58.596 [Forwarding clickElement on session 42ec559597ee682a3ec05e477441bb18 to remote] DEBUG org.asynchttpclient.netty.request.NettyRequestSender - Using pooled Channel '[id: 0x52ea3302, L:/127.0.0.1:52965 - R:localhost/127.0.0.1:51111]' for 'POST' to 'http://localhost:51111/session/42ec559597ee682a3ec05e477441bb18/element/5c06b67a-0335-498a-846b-1e83b114a8b1/click'
21:01:58.596 [Forwarding clickElement on session 42ec559597ee682a3ec05e477441bb18 to remote] DEBUG org.asynchttpclient.netty.request.NettyRequestSender - Using open Channel [id: 0x52ea3302, L:/127.0.0.1:52965 - R:localhost/127.0.0.1:51111] for POST '/session/42ec559597ee682a3ec05e477441bb18/element/5c06b67a-0335-498a-846b-1e83b114a8b1/click'
21:01:58.725 [AsyncHttpClient-1-2] DEBUG org.asynchttpclient.netty.handler.HttpHandler - 

Request DefaultHttpRequest(decodeResult: success, version: HTTP/1.1)
POST /session/42ec559597ee682a3ec05e477441bb18/element/5c06b67a-0335-498a-846b-1e83b114a8b1/click HTTP/1.1
User-Agent: selenium/4.1.2 (java windows)
Content-Length: 50
Content-Type: application/json; charset=utf-8
host: localhost:51111
accept: */*

Response DefaultHttpResponse(decodeResult: success, version: HTTP/1.1)
HTTP/1.1 200 OK
Content-Type: application/json; charset=utf-8
cache-control: no-cache
content-length: 14

21:01:58.725 [AsyncHttpClient-1-2] DEBUG org.asynchttpclient.netty.channel.ChannelManager - Adding key: http://localhost:51111 for channel [id: 0x52ea3302, L:/127.0.0.1:52965 - R:localhost/127.0.0.1:51111]
21:01:58.737 [Forwarding screenshot on session 42ec559597ee682a3ec05e477441bb18 to remote] DEBUG org.asynchttpclient.netty.request.NettyRequestSender - Using pooled Channel '[id: 0x52ea3302, L:/127.0.0.1:52965 - R:localhost/127.0.0.1:51111]' for 'GET' to 'http://localhost:51111/session/42ec559597ee682a3ec05e477441bb18/screenshot'
21:01:58.737 [Forwarding screenshot on session 42ec559597ee682a3ec05e477441bb18 to remote] DEBUG org.asynchttpclient.netty.request.NettyRequestSender - Using open Channel [id: 0x52ea3302, L:/127.0.0.1:52965 - R:localhost/127.0.0.1:51111] for GET '/session/42ec559597ee682a3ec05e477441bb18/screenshot'
21:01:59.293 [AsyncHttpClient-1-1] DEBUG org.asynchttpclient.netty.channel.DefaultChannelPool - Entry count for : http://localhost:52966 : 1
21:01:59.360 [AsyncHttpClient-1-2] DEBUG org.asynchttpclient.netty.handler.HttpHandler - 

Request DefaultFullHttpRequest(decodeResult: success, version: HTTP/1.1, content: EmptyByteBufBE)
GET /session/42ec559597ee682a3ec05e477441bb18/screenshot HTTP/1.1
User-Agent: selenium/4.1.2 (java windows)
Cache-Control: no-cache
Content-Type: application/json; charset=utf-8
host: localhost:51111
accept: */*

Response DefaultHttpResponse(decodeResult: success, version: HTTP/1.1)
HTTP/1.1 200 OK
Content-Type: application/json; charset=utf-8
cache-control: no-cache
content-length: 26636

21:01:59.360 [AsyncHttpClient-1-2] DEBUG org.asynchttpclient.netty.channel.ChannelManager - Adding key: http://localhost:51111 for channel [id: 0x52ea3302, L:/127.0.0.1:52965 - R:localhost/127.0.0.1:51111]
21:01:59.362 [main] DEBUG net.serenitybdd.core.photography.Darkroom - Send negative for processing for target\site\serenity\a858c04a38cd62c7c679ca86fc9e39cc64df5cb0a3dfa8fa06e7e3b6b2aa1244.png
21:01:59.362 [main] DEBUG net.thucydides.core.steps.StepInterceptor - STEP DONE: clickLoginIcon
21:01:59.369 [main] DEBUG net.thucydides.core.steps.StepInterceptor - STARTING STEP: RegisterSteps.onRegisterPage - clickRegisterIcon
21:01:59.372 [Forwarding findElement on session 42ec559597ee682a3ec05e477441bb18 to remote] DEBUG org.asynchttpclient.netty.request.NettyRequestSender - Using pooled Channel '[id: 0x52ea3302, L:/127.0.0.1:52965 - R:localhost/127.0.0.1:51111]' for 'POST' to 'http://localhost:51111/session/42ec559597ee682a3ec05e477441bb18/element'
21:01:59.372 [Forwarding findElement on session 42ec559597ee682a3ec05e477441bb18 to remote] DEBUG org.asynchttpclient.netty.request.NettyRequestSender - Using open Channel [id: 0x52ea3302, L:/127.0.0.1:52965 - R:localhost/127.0.0.1:51111] for POST '/session/42ec559597ee682a3ec05e477441bb18/element'
21:01:59.384 [AsyncHttpClient-1-2] DEBUG org.asynchttpclient.netty.handler.HttpHandler - 

Request DefaultHttpRequest(decodeResult: success, version: HTTP/1.1)
POST /session/42ec559597ee682a3ec05e477441bb18/element HTTP/1.1
User-Agent: selenium/4.1.2 (java windows)
Content-Length: 50
Content-Type: application/json; charset=utf-8
host: localhost:51111
accept: */*

Response DefaultHttpResponse(decodeResult: success, version: HTTP/1.1)
HTTP/1.1 200 OK
Content-Type: application/json; charset=utf-8
cache-control: no-cache
content-length: 88

21:01:59.384 [AsyncHttpClient-1-2] DEBUG org.asynchttpclient.netty.channel.ChannelManager - Adding key: http://localhost:51111 for channel [id: 0x52ea3302, L:/127.0.0.1:52965 - R:localhost/127.0.0.1:51111]
21:01:59.385 [Forwarding getElementTagName on session 42ec559597ee682a3ec05e477441bb18 to remote] DEBUG org.asynchttpclient.netty.request.NettyRequestSender - Using pooled Channel '[id: 0x52ea3302, L:/127.0.0.1:52965 - R:localhost/127.0.0.1:51111]' for 'GET' to 'http://localhost:51111/session/42ec559597ee682a3ec05e477441bb18/element/e85bdbb3-56ca-48de-93ac-d5c6584e403b/name'
21:01:59.386 [Forwarding getElementTagName on session 42ec559597ee682a3ec05e477441bb18 to remote] DEBUG org.asynchttpclient.netty.request.NettyRequestSender - Using open Channel [id: 0x52ea3302, L:/127.0.0.1:52965 - R:localhost/127.0.0.1:51111] for GET '/session/42ec559597ee682a3ec05e477441bb18/element/e85bdbb3-56ca-48de-93ac-d5c6584e403b/name'
21:01:59.390 [AsyncHttpClient-1-2] DEBUG org.asynchttpclient.netty.handler.HttpHandler - 

Request DefaultFullHttpRequest(decodeResult: success, version: HTTP/1.1, content: EmptyByteBufBE)
GET /session/42ec559597ee682a3ec05e477441bb18/element/e85bdbb3-56ca-48de-93ac-d5c6584e403b/name HTTP/1.1
User-Agent: selenium/4.1.2 (java windows)
Cache-Control: no-cache
Content-Type: application/json; charset=utf-8
host: localhost:51111
accept: */*

Response DefaultHttpResponse(decodeResult: success, version: HTTP/1.1)
HTTP/1.1 200 OK
Content-Type: application/json; charset=utf-8
cache-control: no-cache
content-length: 13

21:01:59.390 [AsyncHttpClient-1-2] DEBUG org.asynchttpclient.netty.channel.ChannelManager - Adding key: http://localhost:51111 for channel [id: 0x52ea3302, L:/127.0.0.1:52965 - R:localhost/127.0.0.1:51111]
21:01:59.391 [Forwarding getElementTagName on session 42ec559597ee682a3ec05e477441bb18 to remote] DEBUG org.asynchttpclient.netty.request.NettyRequestSender - Using pooled Channel '[id: 0x52ea3302, L:/127.0.0.1:52965 - R:localhost/127.0.0.1:51111]' for 'GET' to 'http://localhost:51111/session/42ec559597ee682a3ec05e477441bb18/element/e85bdbb3-56ca-48de-93ac-d5c6584e403b/name'
21:01:59.391 [Forwarding getElementTagName on session 42ec559597ee682a3ec05e477441bb18 to remote] DEBUG org.asynchttpclient.netty.request.NettyRequestSender - Using open Channel [id: 0x52ea3302, L:/127.0.0.1:52965 - R:localhost/127.0.0.1:51111] for GET '/session/42ec559597ee682a3ec05e477441bb18/element/e85bdbb3-56ca-48de-93ac-d5c6584e403b/name'
21:01:59.395 [AsyncHttpClient-1-2] DEBUG org.asynchttpclient.netty.handler.HttpHandler - 

Request DefaultFullHttpRequest(decodeResult: success, version: HTTP/1.1, content: EmptyByteBufBE)
GET /session/42ec559597ee682a3ec05e477441bb18/element/e85bdbb3-56ca-48de-93ac-d5c6584e403b/name HTTP/1.1
User-Agent: selenium/4.1.2 (java windows)
Cache-Control: no-cache
Content-Type: application/json; charset=utf-8
host: localhost:51111
accept: */*

Response DefaultHttpResponse(decodeResult: success, version: HTTP/1.1)
HTTP/1.1 200 OK
Content-Type: application/json; charset=utf-8
cache-control: no-cache
content-length: 13

21:01:59.395 [AsyncHttpClient-1-2] DEBUG org.asynchttpclient.netty.channel.ChannelManager - Adding key: http://localhost:51111 for channel [id: 0x52ea3302, L:/127.0.0.1:52965 - R:localhost/127.0.0.1:51111]
21:01:59.397 [Forwarding findElement on session 42ec559597ee682a3ec05e477441bb18 to remote] DEBUG org.asynchttpclient.netty.request.NettyRequestSender - Using pooled Channel '[id: 0x52ea3302, L:/127.0.0.1:52965 - R:localhost/127.0.0.1:51111]' for 'POST' to 'http://localhost:51111/session/42ec559597ee682a3ec05e477441bb18/element'
21:01:59.397 [Forwarding findElement on session 42ec559597ee682a3ec05e477441bb18 to remote] DEBUG org.asynchttpclient.netty.request.NettyRequestSender - Using open Channel [id: 0x52ea3302, L:/127.0.0.1:52965 - R:localhost/127.0.0.1:51111] for POST '/session/42ec559597ee682a3ec05e477441bb18/element'
21:01:59.404 [AsyncHttpClient-1-2] DEBUG org.asynchttpclient.netty.handler.HttpHandler - 

Request DefaultHttpRequest(decodeResult: success, version: HTTP/1.1)
POST /session/42ec559597ee682a3ec05e477441bb18/element HTTP/1.1
User-Agent: selenium/4.1.2 (java windows)
Content-Length: 50
Content-Type: application/json; charset=utf-8
host: localhost:51111
accept: */*

Response DefaultHttpResponse(decodeResult: success, version: HTTP/1.1)
HTTP/1.1 200 OK
Content-Type: application/json; charset=utf-8
cache-control: no-cache
content-length: 88

21:01:59.404 [AsyncHttpClient-1-2] DEBUG org.asynchttpclient.netty.channel.ChannelManager - Adding key: http://localhost:51111 for channel [id: 0x52ea3302, L:/127.0.0.1:52965 - R:localhost/127.0.0.1:51111]
21:01:59.406 [Forwarding clickElement on session 42ec559597ee682a3ec05e477441bb18 to remote] DEBUG org.asynchttpclient.netty.request.NettyRequestSender - Using pooled Channel '[id: 0x52ea3302, L:/127.0.0.1:52965 - R:localhost/127.0.0.1:51111]' for 'POST' to 'http://localhost:51111/session/42ec559597ee682a3ec05e477441bb18/element/e85bdbb3-56ca-48de-93ac-d5c6584e403b/click'
21:01:59.406 [Forwarding clickElement on session 42ec559597ee682a3ec05e477441bb18 to remote] DEBUG org.asynchttpclient.netty.request.NettyRequestSender - Using open Channel [id: 0x52ea3302, L:/127.0.0.1:52965 - R:localhost/127.0.0.1:51111] for POST '/session/42ec559597ee682a3ec05e477441bb18/element/e85bdbb3-56ca-48de-93ac-d5c6584e403b/click'
21:01:59.446 [AsyncHttpClient-1-2] DEBUG org.asynchttpclient.netty.handler.HttpHandler - 

Request DefaultHttpRequest(decodeResult: success, version: HTTP/1.1)
POST /session/42ec559597ee682a3ec05e477441bb18/element/e85bdbb3-56ca-48de-93ac-d5c6584e403b/click HTTP/1.1
User-Agent: selenium/4.1.2 (java windows)
Content-Length: 50
Content-Type: application/json; charset=utf-8
host: localhost:51111
accept: */*

Response DefaultHttpResponse(decodeResult: success, version: HTTP/1.1)
HTTP/1.1 200 OK
Content-Type: application/json; charset=utf-8
cache-control: no-cache
content-length: 14

21:01:59.446 [AsyncHttpClient-1-2] DEBUG org.asynchttpclient.netty.channel.ChannelManager - Adding key: http://localhost:51111 for channel [id: 0x52ea3302, L:/127.0.0.1:52965 - R:localhost/127.0.0.1:51111]
21:01:59.461 [Forwarding screenshot on session 42ec559597ee682a3ec05e477441bb18 to remote] DEBUG org.asynchttpclient.netty.request.NettyRequestSender - Using pooled Channel '[id: 0x52ea3302, L:/127.0.0.1:52965 - R:localhost/127.0.0.1:51111]' for 'GET' to 'http://localhost:51111/session/42ec559597ee682a3ec05e477441bb18/screenshot'
21:01:59.461 [Forwarding screenshot on session 42ec559597ee682a3ec05e477441bb18 to remote] DEBUG org.asynchttpclient.netty.request.NettyRequestSender - Using open Channel [id: 0x52ea3302, L:/127.0.0.1:52965 - R:localhost/127.0.0.1:51111] for GET '/session/42ec559597ee682a3ec05e477441bb18/screenshot'
21:01:59.721 [AsyncHttpClient-1-2] DEBUG org.asynchttpclient.netty.handler.HttpHandler - 

Request DefaultFullHttpRequest(decodeResult: success, version: HTTP/1.1, content: EmptyByteBufBE)
GET /session/42ec559597ee682a3ec05e477441bb18/screenshot HTTP/1.1
User-Agent: selenium/4.1.2 (java windows)
Cache-Control: no-cache
Content-Type: application/json; charset=utf-8
host: localhost:51111
accept: */*

Response DefaultHttpResponse(decodeResult: success, version: HTTP/1.1)
HTTP/1.1 200 OK
Content-Type: application/json; charset=utf-8
cache-control: no-cache
content-length: 30604

21:01:59.721 [AsyncHttpClient-1-2] DEBUG org.asynchttpclient.netty.channel.ChannelManager - Adding key: http://localhost:51111 for channel [id: 0x52ea3302, L:/127.0.0.1:52965 - R:localhost/127.0.0.1:51111]
21:01:59.723 [main] DEBUG net.serenitybdd.core.photography.Darkroom - Send negative for processing for target\site\serenity\0fccf07fd52457919cf6dc218b744673e8dc8cf98aa1fa8f084b6c5c0a7833a1.png
21:01:59.724 [main] DEBUG net.thucydides.core.steps.StepInterceptor - STEP DONE: clickRegisterIcon
  &amp#27;[32mGiven &amp#27;[0m&amp#27;[32muser on the register page&amp#27;[0m                                               &amp#27;[90m# starter.stepdefenitions.RegisterSteps.onRegisterPage()&amp#27;[0m
21:01:59.724 [Darkroom Processing Line] DEBUG net.serenitybdd.core.photography.DarkroomProcessingLine - Processing screenshot image in /var/screenshots/screenshot-944001537838847686
21:01:59.724 [Darkroom Processing Line] DEBUG net.serenitybdd.core.photography.DarkroomProcessingLine - Saving screenshot to target\site\serenity\0fccf07fd52457919cf6dc218b744673e8dc8cf98aa1fa8f084b6c5c0a7833a1.png
21:01:59.744 [main] DEBUG net.thucydides.core.steps.StepInterceptor - STARTING STEP: RegisterSteps.userInputRegisteredName - inputFullName
21:01:59.747 [Forwarding findElement on session 42ec559597ee682a3ec05e477441bb18 to remote] DEBUG org.asynchttpclient.netty.request.NettyRequestSender - Using pooled Channel '[id: 0x52ea3302, L:/127.0.0.1:52965 - R:localhost/127.0.0.1:51111]' for 'POST' to 'http://localhost:51111/session/42ec559597ee682a3ec05e477441bb18/element'
21:01:59.747 [Forwarding findElement on session 42ec559597ee682a3ec05e477441bb18 to remote] DEBUG org.asynchttpclient.netty.request.NettyRequestSender - Using open Channel [id: 0x52ea3302, L:/127.0.0.1:52965 - R:localhost/127.0.0.1:51111] for POST '/session/42ec559597ee682a3ec05e477441bb18/element'
21:01:59.763 [AsyncHttpClient-1-2] DEBUG org.asynchttpclient.netty.handler.HttpHandler - 

Request DefaultHttpRequest(decodeResult: success, version: HTTP/1.1)
POST /session/42ec559597ee682a3ec05e477441bb18/element HTTP/1.1
User-Agent: selenium/4.1.2 (java windows)
Content-Length: 123
Content-Type: application/json; charset=utf-8
host: localhost:51111
accept: */*

Response DefaultHttpResponse(decodeResult: success, version: HTTP/1.1)
HTTP/1.1 200 OK
Content-Type: application/json; charset=utf-8
cache-control: no-cache
content-length: 88

21:01:59.763 [AsyncHttpClient-1-2] DEBUG org.asynchttpclient.netty.channel.ChannelManager - Adding key: http://localhost:51111 for channel [id: 0x52ea3302, L:/127.0.0.1:52965 - R:localhost/127.0.0.1:51111]
21:01:59.764 [Forwarding clearElement on session 42ec559597ee682a3ec05e477441bb18 to remote] DEBUG org.asynchttpclient.netty.request.NettyRequestSender - Using pooled Channel '[id: 0x52ea3302, L:/127.0.0.1:52965 - R:localhost/127.0.0.1:51111]' for 'POST' to 'http://localhost:51111/session/42ec559597ee682a3ec05e477441bb18/element/64b9ba8d-822d-42a4-92e1-c86759f149ff/clear'
21:01:59.764 [Forwarding clearElement on session 42ec559597ee682a3ec05e477441bb18 to remote] DEBUG org.asynchttpclient.netty.request.NettyRequestSender - Using open Channel [id: 0x52ea3302, L:/127.0.0.1:52965 - R:localhost/127.0.0.1:51111] for POST '/session/42ec559597ee682a3ec05e477441bb18/element/64b9ba8d-822d-42a4-92e1-c86759f149ff/clear'
21:01:59.804 [AsyncHttpClient-1-2] DEBUG org.asynchttpclient.netty.handler.HttpHandler - 

Request DefaultHttpRequest(decodeResult: success, version: HTTP/1.1)
POST /session/42ec559597ee682a3ec05e477441bb18/element/64b9ba8d-822d-42a4-92e1-c86759f149ff/clear HTTP/1.1
User-Agent: selenium/4.1.2 (java windows)
Content-Length: 50
Content-Type: application/json; charset=utf-8
host: localhost:51111
accept: */*

Response DefaultHttpResponse(decodeResult: success, version: HTTP/1.1)
HTTP/1.1 200 OK
Content-Type: application/json; charset=utf-8
cache-control: no-cache
content-length: 14

21:01:59.804 [AsyncHttpClient-1-2] DEBUG org.asynchttpclient.netty.channel.ChannelManager - Adding key: http://localhost:51111 for channel [id: 0x52ea3302, L:/127.0.0.1:52965 - R:localhost/127.0.0.1:51111]
21:01:59.806 [Forwarding sendKeysToElement on session 42ec559597ee682a3ec05e477441bb18 to remote] DEBUG org.asynchttpclient.netty.request.NettyRequestSender - Using pooled Channel '[id: 0x52ea3302, L:/127.0.0.1:52965 - R:localhost/127.0.0.1:51111]' for 'POST' to 'http://localhost:51111/session/42ec559597ee682a3ec05e477441bb18/element/64b9ba8d-822d-42a4-92e1-c86759f149ff/value'
21:01:59.807 [Forwarding sendKeysToElement on session 42ec559597ee682a3ec05e477441bb18 to remote] DEBUG org.asynchttpclient.netty.request.NettyRequestSender - Using open Channel [id: 0x52ea3302, L:/127.0.0.1:52965 - R:localhost/127.0.0.1:51111] for POST '/session/42ec559597ee682a3ec05e477441bb18/element/64b9ba8d-822d-42a4-92e1-c86759f149ff/value'
21:01:59.888 [AsyncHttpClient-1-2] DEBUG org.asynchttpclient.netty.handler.HttpHandler - 

Request DefaultHttpRequest(decodeResult: success, version: HTTP/1.1)
POST /session/42ec559597ee682a3ec05e477441bb18/element/64b9ba8d-822d-42a4-92e1-c86759f149ff/value HTTP/1.1
User-Agent: selenium/4.1.2 (java windows)
Content-Length: 121
Content-Type: application/json; charset=utf-8
host: localhost:51111
accept: */*

Response DefaultHttpResponse(decodeResult: success, version: HTTP/1.1)
HTTP/1.1 200 OK
Content-Type: application/json; charset=utf-8
cache-control: no-cache
content-length: 14

21:01:59.889 [AsyncHttpClient-1-2] DEBUG org.asynchttpclient.netty.channel.ChannelManager - Adding key: http://localhost:51111 for channel [id: 0x52ea3302, L:/127.0.0.1:52965 - R:localhost/127.0.0.1:51111]
21:01:59.906 [Forwarding screenshot on session 42ec559597ee682a3ec05e477441bb18 to remote] DEBUG org.asynchttpclient.netty.request.NettyRequestSender - Using pooled Channel '[id: 0x52ea3302, L:/127.0.0.1:52965 - R:localhost/127.0.0.1:51111]' for 'GET' to 'http://localhost:51111/session/42ec559597ee682a3ec05e477441bb18/screenshot'
21:01:59.906 [Forwarding screenshot on session 42ec559597ee682a3ec05e477441bb18 to remote] DEBUG org.asynchttpclient.netty.request.NettyRequestSender - Using open Channel [id: 0x52ea3302, L:/127.0.0.1:52965 - R:localhost/127.0.0.1:51111] for GET '/session/42ec559597ee682a3ec05e477441bb18/screenshot'
21:02:00.101 [AsyncHttpClient-1-2] DEBUG org.asynchttpclient.netty.handler.HttpHandler - 

Request DefaultFullHttpRequest(decodeResult: success, version: HTTP/1.1, content: EmptyByteBufBE)
GET /session/42ec559597ee682a3ec05e477441bb18/screenshot HTTP/1.1
User-Agent: selenium/4.1.2 (java windows)
Cache-Control: no-cache
Content-Type: application/json; charset=utf-8
host: localhost:51111
accept: */*

Response DefaultHttpResponse(decodeResult: success, version: HTTP/1.1)
HTTP/1.1 200 OK
Content-Type: application/json; charset=utf-8
cache-control: no-cache
content-length: 31756

21:02:00.102 [AsyncHttpClient-1-2] DEBUG org.asynchttpclient.netty.channel.ChannelManager - Adding key: http://localhost:51111 for channel [id: 0x52ea3302, L:/127.0.0.1:52965 - R:localhost/127.0.0.1:51111]
21:02:00.105 [main] DEBUG net.serenitybdd.core.photography.Darkroom - Send negative for processing for target\site\serenity\3e4652d921b86baedd27e383fa82fc62a59c023cf3c88e8137594399d99e9baf.png
21:02:00.105 [main] DEBUG net.thucydides.core.steps.StepInterceptor - STEP DONE: inputFullName
21:02:00.105 [Darkroom Processing Line] DEBUG net.serenitybdd.core.photography.DarkroomProcessingLine - Processing screenshot image in /var/screenshots/screenshot-6432506436538127574
21:02:00.105 [Darkroom Processing Line] DEBUG net.serenitybdd.core.photography.DarkroomProcessingLine - Saving screenshot to target\site\serenity\3e4652d921b86baedd27e383fa82fc62a59c023cf3c88e8137594399d99e9baf.png
  &amp#27;[32mWhen &amp#27;[0m&amp#27;[32muser input registered name&amp#27;[0m                                               &amp#27;[90m# starter.stepdefenitions.RegisterSteps.userInputRegisteredName()&amp#27;[0m
21:02:00.125 [main] DEBUG net.thucydides.core.steps.StepInterceptor - STARTING STEP: RegisterSteps.userInputRegisteredEmail - inputEmail
21:02:00.128 [Forwarding findElement on session 42ec559597ee682a3ec05e477441bb18 to remote] DEBUG org.asynchttpclient.netty.request.NettyRequestSender - Using pooled Channel '[id: 0x52ea3302, L:/127.0.0.1:52965 - R:localhost/127.0.0.1:51111]' for 'POST' to 'http://localhost:51111/session/42ec559597ee682a3ec05e477441bb18/element'
21:02:00.128 [Forwarding findElement on session 42ec559597ee682a3ec05e477441bb18 to remote] DEBUG org.asynchttpclient.netty.request.NettyRequestSender - Using open Channel [id: 0x52ea3302, L:/127.0.0.1:52965 - R:localhost/127.0.0.1:51111] for POST '/session/42ec559597ee682a3ec05e477441bb18/element'
21:02:00.147 [AsyncHttpClient-1-2] DEBUG org.asynchttpclient.netty.handler.HttpHandler - 

Request DefaultHttpRequest(decodeResult: success, version: HTTP/1.1)
POST /session/42ec559597ee682a3ec05e477441bb18/element HTTP/1.1
User-Agent: selenium/4.1.2 (java windows)
Content-Length: 116
Content-Type: application/json; charset=utf-8
host: localhost:51111
accept: */*

Response DefaultHttpResponse(decodeResult: success, version: HTTP/1.1)
HTTP/1.1 200 OK
Content-Type: application/json; charset=utf-8
cache-control: no-cache
content-length: 88

21:02:00.147 [AsyncHttpClient-1-2] DEBUG org.asynchttpclient.netty.channel.ChannelManager - Adding key: http://localhost:51111 for channel [id: 0x52ea3302, L:/127.0.0.1:52965 - R:localhost/127.0.0.1:51111]
21:02:00.148 [Forwarding clearElement on session 42ec559597ee682a3ec05e477441bb18 to remote] DEBUG org.asynchttpclient.netty.request.NettyRequestSender - Using pooled Channel '[id: 0x52ea3302, L:/127.0.0.1:52965 - R:localhost/127.0.0.1:51111]' for 'POST' to 'http://localhost:51111/session/42ec559597ee682a3ec05e477441bb18/element/9593d7c3-4aeb-48e8-8da0-9296c76b52b3/clear'
21:02:00.148 [Forwarding clearElement on session 42ec559597ee682a3ec05e477441bb18 to remote] DEBUG org.asynchttpclient.netty.request.NettyRequestSender - Using open Channel [id: 0x52ea3302, L:/127.0.0.1:52965 - R:localhost/127.0.0.1:51111] for POST '/session/42ec559597ee682a3ec05e477441bb18/element/9593d7c3-4aeb-48e8-8da0-9296c76b52b3/clear'
21:02:00.189 [AsyncHttpClient-1-2] DEBUG org.asynchttpclient.netty.handler.HttpHandler - 

Request DefaultHttpRequest(decodeResult: success, version: HTTP/1.1)
POST /session/42ec559597ee682a3ec05e477441bb18/element/9593d7c3-4aeb-48e8-8da0-9296c76b52b3/clear HTTP/1.1
User-Agent: selenium/4.1.2 (java windows)
Content-Length: 50
Content-Type: application/json; charset=utf-8
host: localhost:51111
accept: */*

Response DefaultHttpResponse(decodeResult: success, version: HTTP/1.1)
HTTP/1.1 200 OK
Content-Type: application/json; charset=utf-8
cache-control: no-cache
content-length: 14

21:02:00.190 [AsyncHttpClient-1-2] DEBUG org.asynchttpclient.netty.channel.ChannelManager - Adding key: http://localhost:51111 for channel [id: 0x52ea3302, L:/127.0.0.1:52965 - R:localhost/127.0.0.1:51111]
21:02:00.191 [Forwarding sendKeysToElement on session 42ec559597ee682a3ec05e477441bb18 to remote] DEBUG org.asynchttpclient.netty.request.NettyRequestSender - Using pooled Channel '[id: 0x52ea3302, L:/127.0.0.1:52965 - R:localhost/127.0.0.1:51111]' for 'POST' to 'http://localhost:51111/session/42ec559597ee682a3ec05e477441bb18/element/9593d7c3-4aeb-48e8-8da0-9296c76b52b3/value'
21:02:00.191 [Forwarding sendKeysToElement on session 42ec559597ee682a3ec05e477441bb18 to remote] DEBUG org.asynchttpclient.netty.request.NettyRequestSender - Using open Channel [id: 0x52ea3302, L:/127.0.0.1:52965 - R:localhost/127.0.0.1:51111] for POST '/session/42ec559597ee682a3ec05e477441bb18/element/9593d7c3-4aeb-48e8-8da0-9296c76b52b3/value'
21:02:00.339 [AsyncHttpClient-1-2] DEBUG org.asynchttpclient.netty.handler.HttpHandler - 

Request DefaultHttpRequest(decodeResult: success, version: HTTP/1.1)
POST /session/42ec559597ee682a3ec05e477441bb18/element/9593d7c3-4aeb-48e8-8da0-9296c76b52b3/value HTTP/1.1
User-Agent: selenium/4.1.2 (java windows)
Content-Length: 221
Content-Type: application/json; charset=utf-8
host: localhost:51111
accept: */*

Response DefaultHttpResponse(decodeResult: success, version: HTTP/1.1)
HTTP/1.1 200 OK
Content-Type: application/json; charset=utf-8
cache-control: no-cache
content-length: 14

21:02:00.340 [AsyncHttpClient-1-2] DEBUG org.asynchttpclient.netty.channel.ChannelManager - Adding key: http://localhost:51111 for channel [id: 0x52ea3302, L:/127.0.0.1:52965 - R:localhost/127.0.0.1:51111]
21:02:00.347 [Forwarding screenshot on session 42ec559597ee682a3ec05e477441bb18 to remote] DEBUG org.asynchttpclient.netty.request.NettyRequestSender - Using pooled Channel '[id: 0x52ea3302, L:/127.0.0.1:52965 - R:localhost/127.0.0.1:51111]' for 'GET' to 'http://localhost:51111/session/42ec559597ee682a3ec05e477441bb18/screenshot'
21:02:00.347 [Forwarding screenshot on session 42ec559597ee682a3ec05e477441bb18 to remote] DEBUG org.asynchttpclient.netty.request.NettyRequestSender - Using open Channel [id: 0x52ea3302, L:/127.0.0.1:52965 - R:localhost/127.0.0.1:51111] for GET '/session/42ec559597ee682a3ec05e477441bb18/screenshot'
21:02:00.393 [AsyncHttpClient-1-1] DEBUG org.asynchttpclient.netty.channel.DefaultChannelPool - Entry count for : http://localhost:52966 : 1
21:02:00.538 [AsyncHttpClient-1-2] DEBUG org.asynchttpclient.netty.handler.HttpHandler - 

Request DefaultFullHttpRequest(decodeResult: success, version: HTTP/1.1, content: EmptyByteBufBE)
GET /session/42ec559597ee682a3ec05e477441bb18/screenshot HTTP/1.1
User-Agent: selenium/4.1.2 (java windows)
Cache-Control: no-cache
Content-Type: application/json; charset=utf-8
host: localhost:51111
accept: */*

Response DefaultHttpResponse(decodeResult: success, version: HTTP/1.1)
HTTP/1.1 200 OK
Content-Type: application/json; charset=utf-8
cache-control: no-cache
content-length: 34500

21:02:00.538 [AsyncHttpClient-1-2] DEBUG org.asynchttpclient.netty.channel.ChannelManager - Adding key: http://localhost:51111 for channel [id: 0x52ea3302, L:/127.0.0.1:52965 - R:localhost/127.0.0.1:51111]
21:02:00.543 [main] DEBUG net.serenitybdd.core.photography.Darkroom - Send negative for processing for target\site\serenity\bd19c87832ea1a498b3da318a12891a0cc7b9eed780c03afe4031d03a4c6fd4d.png
21:02:00.543 [main] DEBUG net.thucydides.core.steps.StepInterceptor - STEP DONE: inputEmail
  &amp#27;[32mAnd &amp#27;[0m&amp#27;[32muser input registered email&amp#27;[0m                                               &amp#27;[90m# starter.stepdefenitions.RegisterSteps.userInputRegisteredEmail()&amp#27;[0m
21:02:00.544 [Darkroom Processing Line] DEBUG net.serenitybdd.core.photography.DarkroomProcessingLine - Processing screenshot image in /var/screenshots/screenshot-3551614314169667534
21:02:00.545 [Darkroom Processing Line] DEBUG net.serenitybdd.core.photography.DarkroomProcessingLine - Saving screenshot to target\site\serenity\bd19c87832ea1a498b3da318a12891a0cc7b9eed780c03afe4031d03a4c6fd4d.png
21:02:00.569 [main] DEBUG net.thucydides.core.steps.StepInterceptor - STARTING STEP: RegisterSteps.userInputValidPassword - inputPassword
21:02:00.573 [Forwarding findElement on session 42ec559597ee682a3ec05e477441bb18 to remote] DEBUG org.asynchttpclient.netty.request.NettyRequestSender - Using pooled Channel '[id: 0x52ea3302, L:/127.0.0.1:52965 - R:localhost/127.0.0.1:51111]' for 'POST' to 'http://localhost:51111/session/42ec559597ee682a3ec05e477441bb18/element'
21:02:00.573 [Forwarding findElement on session 42ec559597ee682a3ec05e477441bb18 to remote] DEBUG org.asynchttpclient.netty.request.NettyRequestSender - Using open Channel [id: 0x52ea3302, L:/127.0.0.1:52965 - R:localhost/127.0.0.1:51111] for POST '/session/42ec559597ee682a3ec05e477441bb18/element'
21:02:00.605 [AsyncHttpClient-1-2] DEBUG org.asynchttpclient.netty.handler.HttpHandler - 

Request DefaultHttpRequest(decodeResult: success, version: HTTP/1.1)
POST /session/42ec559597ee682a3ec05e477441bb18/element HTTP/1.1
User-Agent: selenium/4.1.2 (java windows)
Content-Length: 119
Content-Type: application/json; charset=utf-8
host: localhost:51111
accept: */*

Response DefaultHttpResponse(decodeResult: success, version: HTTP/1.1)
HTTP/1.1 200 OK
Content-Type: application/json; charset=utf-8
cache-control: no-cache
content-length: 88

21:02:00.605 [AsyncHttpClient-1-2] DEBUG org.asynchttpclient.netty.channel.ChannelManager - Adding key: http://localhost:51111 for channel [id: 0x52ea3302, L:/127.0.0.1:52965 - R:localhost/127.0.0.1:51111]
21:02:00.608 [Forwarding clearElement on session 42ec559597ee682a3ec05e477441bb18 to remote] DEBUG org.asynchttpclient.netty.request.NettyRequestSender - Using pooled Channel '[id: 0x52ea3302, L:/127.0.0.1:52965 - R:localhost/127.0.0.1:51111]' for 'POST' to 'http://localhost:51111/session/42ec559597ee682a3ec05e477441bb18/element/ac03a349-47f8-4960-94fe-a943b88f1735/clear'
21:02:00.608 [Forwarding clearElement on session 42ec559597ee682a3ec05e477441bb18 to remote] DEBUG org.asynchttpclient.netty.request.NettyRequestSender - Using open Channel [id: 0x52ea3302, L:/127.0.0.1:52965 - R:localhost/127.0.0.1:51111] for POST '/session/42ec559597ee682a3ec05e477441bb18/element/ac03a349-47f8-4960-94fe-a943b88f1735/clear'
21:02:00.663 [AsyncHttpClient-1-2] DEBUG org.asynchttpclient.netty.handler.HttpHandler - 

Request DefaultHttpRequest(decodeResult: success, version: HTTP/1.1)
POST /session/42ec559597ee682a3ec05e477441bb18/element/ac03a349-47f8-4960-94fe-a943b88f1735/clear HTTP/1.1
User-Agent: selenium/4.1.2 (java windows)
Content-Length: 50
Content-Type: application/json; charset=utf-8
host: localhost:51111
accept: */*

Response DefaultHttpResponse(decodeResult: success, version: HTTP/1.1)
HTTP/1.1 200 OK
Content-Type: application/json; charset=utf-8
cache-control: no-cache
content-length: 14

21:02:00.663 [AsyncHttpClient-1-2] DEBUG org.asynchttpclient.netty.channel.ChannelManager - Adding key: http://localhost:51111 for channel [id: 0x52ea3302, L:/127.0.0.1:52965 - R:localhost/127.0.0.1:51111]
21:02:00.666 [Forwarding sendKeysToElement on session 42ec559597ee682a3ec05e477441bb18 to remote] DEBUG org.asynchttpclient.netty.request.NettyRequestSender - Using pooled Channel '[id: 0x52ea3302, L:/127.0.0.1:52965 - R:localhost/127.0.0.1:51111]' for 'POST' to 'http://localhost:51111/session/42ec559597ee682a3ec05e477441bb18/element/ac03a349-47f8-4960-94fe-a943b88f1735/value'
21:02:00.666 [Forwarding sendKeysToElement on session 42ec559597ee682a3ec05e477441bb18 to remote] DEBUG org.asynchttpclient.netty.request.NettyRequestSender - Using open Channel [id: 0x52ea3302, L:/127.0.0.1:52965 - R:localhost/127.0.0.1:51111] for POST '/session/42ec559597ee682a3ec05e477441bb18/element/ac03a349-47f8-4960-94fe-a943b88f1735/value'
21:02:00.770 [AsyncHttpClient-1-2] DEBUG org.asynchttpclient.netty.handler.HttpHandler - 

Request DefaultHttpRequest(decodeResult: success, version: HTTP/1.1)
POST /session/42ec559597ee682a3ec05e477441bb18/element/ac03a349-47f8-4960-94fe-a943b88f1735/value HTTP/1.1
User-Agent: selenium/4.1.2 (java windows)
Content-Length: 151
Content-Type: application/json; charset=utf-8
host: localhost:51111
accept: */*

Response DefaultHttpResponse(decodeResult: success, version: HTTP/1.1)
HTTP/1.1 200 OK
Content-Type: application/json; charset=utf-8
cache-control: no-cache
content-length: 14

21:02:00.770 [AsyncHttpClient-1-2] DEBUG org.asynchttpclient.netty.channel.ChannelManager - Adding key: http://localhost:51111 for channel [id: 0x52ea3302, L:/127.0.0.1:52965 - R:localhost/127.0.0.1:51111]
21:02:00.779 [Forwarding screenshot on session 42ec559597ee682a3ec05e477441bb18 to remote] DEBUG org.asynchttpclient.netty.request.NettyRequestSender - Using pooled Channel '[id: 0x52ea3302, L:/127.0.0.1:52965 - R:localhost/127.0.0.1:51111]' for 'GET' to 'http://localhost:51111/session/42ec559597ee682a3ec05e477441bb18/screenshot'
21:02:00.780 [Forwarding screenshot on session 42ec559597ee682a3ec05e477441bb18 to remote] DEBUG org.asynchttpclient.netty.request.NettyRequestSender - Using open Channel [id: 0x52ea3302, L:/127.0.0.1:52965 - R:localhost/127.0.0.1:51111] for GET '/session/42ec559597ee682a3ec05e477441bb18/screenshot'
21:02:00.979 [AsyncHttpClient-1-2] DEBUG org.asynchttpclient.netty.handler.HttpHandler - 

Request DefaultFullHttpRequest(decodeResult: success, version: HTTP/1.1, content: EmptyByteBufBE)
GET /session/42ec559597ee682a3ec05e477441bb18/screenshot HTTP/1.1
User-Agent: selenium/4.1.2 (java windows)
Cache-Control: no-cache
Content-Type: application/json; charset=utf-8
host: localhost:51111
accept: */*

Response DefaultHttpResponse(decodeResult: success, version: HTTP/1.1)
HTTP/1.1 200 OK
Content-Type: application/json; charset=utf-8
cache-control: no-cache
content-length: 36648

21:02:00.979 [AsyncHttpClient-1-2] DEBUG org.asynchttpclient.netty.channel.ChannelManager - Adding key: http://localhost:51111 for channel [id: 0x52ea3302, L:/127.0.0.1:52965 - R:localhost/127.0.0.1:51111]
21:02:00.982 [main] DEBUG net.serenitybdd.core.photography.Darkroom - Send negative for processing for target\site\serenity\04fc96bd1f22c1494bd8ec850473cc3ce24fa58b857858d0650119aaf0bfecd7.png
21:02:00.982 [main] DEBUG net.thucydides.core.steps.StepInterceptor - STEP DONE: inputPassword
  &amp#27;[32mAnd &amp#27;[0m&amp#27;[32muser input valid password&amp#27;[0m                                                 &amp#27;[90m# starter.stepdefenitions.RegisterSteps.userInputValidPassword()&amp#27;[0m
21:02:00.982 [Darkroom Processing Line] DEBUG net.serenitybdd.core.photography.DarkroomProcessingLine - Processing screenshot image in /var/screenshots/screenshot-7271916180430189904
21:02:00.982 [Darkroom Processing Line] DEBUG net.serenitybdd.core.photography.DarkroomProcessingLine - Saving screenshot to target\site\serenity\04fc96bd1f22c1494bd8ec850473cc3ce24fa58b857858d0650119aaf0bfecd7.png
21:02:01.015 [main] DEBUG net.thucydides.core.steps.StepInterceptor - STARTING STEP: RegisterSteps.userClickRegisterButton - clickRegisterButton
21:02:01.019 [Forwarding findElement on session 42ec559597ee682a3ec05e477441bb18 to remote] DEBUG org.asynchttpclient.netty.request.NettyRequestSender - Using pooled Channel '[id: 0x52ea3302, L:/127.0.0.1:52965 - R:localhost/127.0.0.1:51111]' for 'POST' to 'http://localhost:51111/session/42ec559597ee682a3ec05e477441bb18/element'
21:02:01.019 [Forwarding findElement on session 42ec559597ee682a3ec05e477441bb18 to remote] DEBUG org.asynchttpclient.netty.request.NettyRequestSender - Using open Channel [id: 0x52ea3302, L:/127.0.0.1:52965 - R:localhost/127.0.0.1:51111] for POST '/session/42ec559597ee682a3ec05e477441bb18/element'
21:02:01.038 [AsyncHttpClient-1-2] DEBUG org.asynchttpclient.netty.handler.HttpHandler - 

Request DefaultHttpRequest(decodeResult: success, version: HTTP/1.1)
POST /session/42ec559597ee682a3ec05e477441bb18/element HTTP/1.1
User-Agent: selenium/4.1.2 (java windows)
Content-Length: 108
Content-Type: application/json; charset=utf-8
host: localhost:51111
accept: */*

Response DefaultHttpResponse(decodeResult: success, version: HTTP/1.1)
HTTP/1.1 200 OK
Content-Type: application/json; charset=utf-8
cache-control: no-cache
content-length: 88

21:02:01.038 [AsyncHttpClient-1-2] DEBUG org.asynchttpclient.netty.channel.ChannelManager - Adding key: http://localhost:51111 for channel [id: 0x52ea3302, L:/127.0.0.1:52965 - R:localhost/127.0.0.1:51111]
21:02:01.039 [Forwarding getElementTagName on session 42ec559597ee682a3ec05e477441bb18 to remote] DEBUG org.asynchttpclient.netty.request.NettyRequestSender - Using pooled Channel '[id: 0x52ea3302, L:/127.0.0.1:52965 - R:localhost/127.0.0.1:51111]' for 'GET' to 'http://localhost:51111/session/42ec559597ee682a3ec05e477441bb18/element/2e2bcbe6-dcfb-47ad-aad1-ec9a7b652626/name'
21:02:01.039 [Forwarding getElementTagName on session 42ec559597ee682a3ec05e477441bb18 to remote] DEBUG org.asynchttpclient.netty.request.NettyRequestSender - Using open Channel [id: 0x52ea3302, L:/127.0.0.1:52965 - R:localhost/127.0.0.1:51111] for GET '/session/42ec559597ee682a3ec05e477441bb18/element/2e2bcbe6-dcfb-47ad-aad1-ec9a7b652626/name'
21:02:01.044 [AsyncHttpClient-1-2] DEBUG org.asynchttpclient.netty.handler.HttpHandler - 

Request DefaultFullHttpRequest(decodeResult: success, version: HTTP/1.1, content: EmptyByteBufBE)
GET /session/42ec559597ee682a3ec05e477441bb18/element/2e2bcbe6-dcfb-47ad-aad1-ec9a7b652626/name HTTP/1.1
User-Agent: selenium/4.1.2 (java windows)
Cache-Control: no-cache
Content-Type: application/json; charset=utf-8
host: localhost:51111
accept: */*

Response DefaultHttpResponse(decodeResult: success, version: HTTP/1.1)
HTTP/1.1 200 OK
Content-Type: application/json; charset=utf-8
cache-control: no-cache
content-length: 18

21:02:01.044 [AsyncHttpClient-1-2] DEBUG org.asynchttpclient.netty.channel.ChannelManager - Adding key: http://localhost:51111 for channel [id: 0x52ea3302, L:/127.0.0.1:52965 - R:localhost/127.0.0.1:51111]
21:02:01.047 [Forwarding getElementTagName on session 42ec559597ee682a3ec05e477441bb18 to remote] DEBUG org.asynchttpclient.netty.request.NettyRequestSender - Using pooled Channel '[id: 0x52ea3302, L:/127.0.0.1:52965 - R:localhost/127.0.0.1:51111]' for 'GET' to 'http://localhost:51111/session/42ec559597ee682a3ec05e477441bb18/element/2e2bcbe6-dcfb-47ad-aad1-ec9a7b652626/name'
21:02:01.047 [Forwarding getElementTagName on session 42ec559597ee682a3ec05e477441bb18 to remote] DEBUG org.asynchttpclient.netty.request.NettyRequestSender - Using open Channel [id: 0x52ea3302, L:/127.0.0.1:52965 - R:localhost/127.0.0.1:51111] for GET '/session/42ec559597ee682a3ec05e477441bb18/element/2e2bcbe6-dcfb-47ad-aad1-ec9a7b652626/name'
21:02:01.052 [AsyncHttpClient-1-2] DEBUG org.asynchttpclient.netty.handler.HttpHandler - 

Request DefaultFullHttpRequest(decodeResult: success, version: HTTP/1.1, content: EmptyByteBufBE)
GET /session/42ec559597ee682a3ec05e477441bb18/element/2e2bcbe6-dcfb-47ad-aad1-ec9a7b652626/name HTTP/1.1
User-Agent: selenium/4.1.2 (java windows)
Cache-Control: no-cache
Content-Type: application/json; charset=utf-8
host: localhost:51111
accept: */*

Response DefaultHttpResponse(decodeResult: success, version: HTTP/1.1)
HTTP/1.1 200 OK
Content-Type: application/json; charset=utf-8
cache-control: no-cache
content-length: 18

21:02:01.053 [AsyncHttpClient-1-2] DEBUG org.asynchttpclient.netty.channel.ChannelManager - Adding key: http://localhost:51111 for channel [id: 0x52ea3302, L:/127.0.0.1:52965 - R:localhost/127.0.0.1:51111]
21:02:01.055 [Forwarding isElementEnabled on session 42ec559597ee682a3ec05e477441bb18 to remote] DEBUG org.asynchttpclient.netty.request.NettyRequestSender - Using pooled Channel '[id: 0x52ea3302, L:/127.0.0.1:52965 - R:localhost/127.0.0.1:51111]' for 'GET' to 'http://localhost:51111/session/42ec559597ee682a3ec05e477441bb18/element/2e2bcbe6-dcfb-47ad-aad1-ec9a7b652626/enabled'
21:02:01.055 [Forwarding isElementEnabled on session 42ec559597ee682a3ec05e477441bb18 to remote] DEBUG org.asynchttpclient.netty.request.NettyRequestSender - Using open Channel [id: 0x52ea3302, L:/127.0.0.1:52965 - R:localhost/127.0.0.1:51111] for GET '/session/42ec559597ee682a3ec05e477441bb18/element/2e2bcbe6-dcfb-47ad-aad1-ec9a7b652626/enabled'
21:02:01.063 [AsyncHttpClient-1-2] DEBUG org.asynchttpclient.netty.handler.HttpHandler - 

Request DefaultFullHttpRequest(decodeResult: success, version: HTTP/1.1, content: EmptyByteBufBE)
GET /session/42ec559597ee682a3ec05e477441bb18/element/2e2bcbe6-dcfb-47ad-aad1-ec9a7b652626/enabled HTTP/1.1
User-Agent: selenium/4.1.2 (java windows)
Cache-Control: no-cache
Content-Type: application/json; charset=utf-8
host: localhost:51111
accept: */*

Response DefaultHttpResponse(decodeResult: success, version: HTTP/1.1)
HTTP/1.1 200 OK
Content-Type: application/json; charset=utf-8
cache-control: no-cache
content-length: 14

21:02:01.063 [AsyncHttpClient-1-2] DEBUG org.asynchttpclient.netty.channel.ChannelManager - Adding key: http://localhost:51111 for channel [id: 0x52ea3302, L:/127.0.0.1:52965 - R:localhost/127.0.0.1:51111]
21:02:01.066 [Forwarding isElementEnabled on session 42ec559597ee682a3ec05e477441bb18 to remote] DEBUG org.asynchttpclient.netty.request.NettyRequestSender - Using pooled Channel '[id: 0x52ea3302, L:/127.0.0.1:52965 - R:localhost/127.0.0.1:51111]' for 'GET' to 'http://localhost:51111/session/42ec559597ee682a3ec05e477441bb18/element/2e2bcbe6-dcfb-47ad-aad1-ec9a7b652626/enabled'
21:02:01.066 [Forwarding isElementEnabled on session 42ec559597ee682a3ec05e477441bb18 to remote] DEBUG org.asynchttpclient.netty.request.NettyRequestSender - Using open Channel [id: 0x52ea3302, L:/127.0.0.1:52965 - R:localhost/127.0.0.1:51111] for GET '/session/42ec559597ee682a3ec05e477441bb18/element/2e2bcbe6-dcfb-47ad-aad1-ec9a7b652626/enabled'
21:02:01.075 [AsyncHttpClient-1-2] DEBUG org.asynchttpclient.netty.handler.HttpHandler - 

Request DefaultFullHttpRequest(decodeResult: success, version: HTTP/1.1, content: EmptyByteBufBE)
GET /session/42ec559597ee682a3ec05e477441bb18/element/2e2bcbe6-dcfb-47ad-aad1-ec9a7b652626/enabled HTTP/1.1
User-Agent: selenium/4.1.2 (java windows)
Cache-Control: no-cache
Content-Type: application/json; charset=utf-8
host: localhost:51111
accept: */*

Response DefaultHttpResponse(decodeResult: success, version: HTTP/1.1)
HTTP/1.1 200 OK
Content-Type: application/json; charset=utf-8
cache-control: no-cache
content-length: 14

21:02:01.075 [AsyncHttpClient-1-2] DEBUG org.asynchttpclient.netty.channel.ChannelManager - Adding key: http://localhost:51111 for channel [id: 0x52ea3302, L:/127.0.0.1:52965 - R:localhost/127.0.0.1:51111]
21:02:01.077 [Forwarding findElement on session 42ec559597ee682a3ec05e477441bb18 to remote] DEBUG org.asynchttpclient.netty.request.NettyRequestSender - Using pooled Channel '[id: 0x52ea3302, L:/127.0.0.1:52965 - R:localhost/127.0.0.1:51111]' for 'POST' to 'http://localhost:51111/session/42ec559597ee682a3ec05e477441bb18/element'
21:02:01.077 [Forwarding findElement on session 42ec559597ee682a3ec05e477441bb18 to remote] DEBUG org.asynchttpclient.netty.request.NettyRequestSender - Using open Channel [id: 0x52ea3302, L:/127.0.0.1:52965 - R:localhost/127.0.0.1:51111] for POST '/session/42ec559597ee682a3ec05e477441bb18/element'
21:02:01.100 [AsyncHttpClient-1-2] DEBUG org.asynchttpclient.netty.handler.HttpHandler - 

Request DefaultHttpRequest(decodeResult: success, version: HTTP/1.1)
POST /session/42ec559597ee682a3ec05e477441bb18/element HTTP/1.1
User-Agent: selenium/4.1.2 (java windows)
Content-Length: 108
Content-Type: application/json; charset=utf-8
host: localhost:51111
accept: */*

Response DefaultHttpResponse(decodeResult: success, version: HTTP/1.1)
HTTP/1.1 200 OK
Content-Type: application/json; charset=utf-8
cache-control: no-cache
content-length: 88

21:02:01.137 [AsyncHttpClient-1-2] DEBUG org.asynchttpclient.netty.channel.ChannelManager - Adding key: http://localhost:51111 for channel [id: 0x52ea3302, L:/127.0.0.1:52965 - R:localhost/127.0.0.1:51111]
21:02:01.138 [Forwarding clickElement on session 42ec559597ee682a3ec05e477441bb18 to remote] DEBUG org.asynchttpclient.netty.request.NettyRequestSender - Using pooled Channel '[id: 0x52ea3302, L:/127.0.0.1:52965 - R:localhost/127.0.0.1:51111]' for 'POST' to 'http://localhost:51111/session/42ec559597ee682a3ec05e477441bb18/element/2e2bcbe6-dcfb-47ad-aad1-ec9a7b652626/click'
21:02:01.138 [Forwarding clickElement on session 42ec559597ee682a3ec05e477441bb18 to remote] DEBUG org.asynchttpclient.netty.request.NettyRequestSender - Using open Channel [id: 0x52ea3302, L:/127.0.0.1:52965 - R:localhost/127.0.0.1:51111] for POST '/session/42ec559597ee682a3ec05e477441bb18/element/2e2bcbe6-dcfb-47ad-aad1-ec9a7b652626/click'
21:02:01.262 [AsyncHttpClient-1-2] DEBUG org.asynchttpclient.netty.handler.HttpHandler - 

Request DefaultHttpRequest(decodeResult: success, version: HTTP/1.1)
POST /session/42ec559597ee682a3ec05e477441bb18/element/2e2bcbe6-dcfb-47ad-aad1-ec9a7b652626/click HTTP/1.1
User-Agent: selenium/4.1.2 (java windows)
Content-Length: 50
Content-Type: application/json; charset=utf-8
host: localhost:51111
accept: */*

Response DefaultHttpResponse(decodeResult: success, version: HTTP/1.1)
HTTP/1.1 200 OK
Content-Type: application/json; charset=utf-8
cache-control: no-cache
content-length: 14

21:02:01.263 [AsyncHttpClient-1-2] DEBUG org.asynchttpclient.netty.channel.ChannelManager - Adding key: http://localhost:51111 for channel [id: 0x52ea3302, L:/127.0.0.1:52965 - R:localhost/127.0.0.1:51111]
21:02:01.279 [Forwarding screenshot on session 42ec559597ee682a3ec05e477441bb18 to remote] DEBUG org.asynchttpclient.netty.request.NettyRequestSender - Using pooled Channel '[id: 0x52ea3302, L:/127.0.0.1:52965 - R:localhost/127.0.0.1:51111]' for 'GET' to 'http://localhost:51111/session/42ec559597ee682a3ec05e477441bb18/screenshot'
21:02:01.280 [Forwarding screenshot on session 42ec559597ee682a3ec05e477441bb18 to remote] DEBUG org.asynchttpclient.netty.request.NettyRequestSender - Using open Channel [id: 0x52ea3302, L:/127.0.0.1:52965 - R:localhost/127.0.0.1:51111] for GET '/session/42ec559597ee682a3ec05e477441bb18/screenshot'
21:02:01.493 [AsyncHttpClient-1-1] DEBUG org.asynchttpclient.netty.channel.DefaultChannelPool - Entry count for : http://localhost:52966 : 1
21:02:01.532 [AsyncHttpClient-1-2] DEBUG org.asynchttpclient.netty.handler.HttpHandler - 

Request DefaultFullHttpRequest(decodeResult: success, version: HTTP/1.1, content: EmptyByteBufBE)
GET /session/42ec559597ee682a3ec05e477441bb18/screenshot HTTP/1.1
User-Agent: selenium/4.1.2 (java windows)
Cache-Control: no-cache
Content-Type: application/json; charset=utf-8
host: localhost:51111
accept: */*

Response DefaultHttpResponse(decodeResult: success, version: HTTP/1.1)
HTTP/1.1 200 OK
Content-Type: application/json; charset=utf-8
cache-control: no-cache
content-length: 35516

21:02:01.533 [AsyncHttpClient-1-2] DEBUG org.asynchttpclient.netty.channel.ChannelManager - Adding key: http://localhost:51111 for channel [id: 0x52ea3302, L:/127.0.0.1:52965 - R:localhost/127.0.0.1:51111]
21:02:01.538 [main] DEBUG net.serenitybdd.core.photography.Darkroom - Send negative for processing for target\site\serenity\dd447e66eeb0af1fe1d9c37674126f11f30a73b1a224b90459b7f9b74d5ed978.png
21:02:01.539 [main] DEBUG net.thucydides.core.steps.StepInterceptor - STEP DONE: clickRegisterButton
  &amp#27;[32mAnd &amp#27;[0m&amp#27;[32muser click register button&amp#27;[0m                                                &amp#27;[90m# starter.stepdefenitions.RegisterSteps.userClickRegisterButton()&amp#27;[0m
21:02:01.542 [Darkroom Processing Line] DEBUG net.serenitybdd.core.photography.DarkroomProcessingLine - Processing screenshot image in /var/screenshots/screenshot-5173190829415714296
21:02:01.542 [Darkroom Processing Line] DEBUG net.serenitybdd.core.photography.DarkroomProcessingLine - Saving screenshot to target\site\serenity\dd447e66eeb0af1fe1d9c37674126f11f30a73b1a224b90459b7f9b74d5ed978.png
21:02:01.568 [main] DEBUG net.thucydides.core.steps.StepInterceptor - STARTING STEP: RegisterSteps.userFailToCreateAccountAndGetErrorMessage - getErrorMessage
21:02:01.572 [Forwarding findElement on session 42ec559597ee682a3ec05e477441bb18 to remote] DEBUG org.asynchttpclient.netty.request.NettyRequestSender - Using pooled Channel '[id: 0x52ea3302, L:/127.0.0.1:52965 - R:localhost/127.0.0.1:51111]' for 'POST' to 'http://localhost:51111/session/42ec559597ee682a3ec05e477441bb18/element'
21:02:01.572 [Forwarding findElement on session 42ec559597ee682a3ec05e477441bb18 to remote] DEBUG org.asynchttpclient.netty.request.NettyRequestSender - Using open Channel [id: 0x52ea3302, L:/127.0.0.1:52965 - R:localhost/127.0.0.1:51111] for POST '/session/42ec559597ee682a3ec05e477441bb18/element'
21:02:01.593 [AsyncHttpClient-1-2] DEBUG org.asynchttpclient.netty.handler.HttpHandler - 

Request DefaultHttpRequest(decodeResult: success, version: HTTP/1.1)
POST /session/42ec559597ee682a3ec05e477441bb18/element HTTP/1.1
User-Agent: selenium/4.1.2 (java windows)
Content-Length: 53
Content-Type: application/json; charset=utf-8
host: localhost:51111
accept: */*

Response DefaultHttpResponse(decodeResult: success, version: HTTP/1.1)
HTTP/1.1 400 Bad Request
Content-Type: application/json; charset=utf-8
cache-control: no-cache
content-length: 957

21:02:01.594 [AsyncHttpClient-1-2] DEBUG org.asynchttpclient.netty.channel.ChannelManager - Adding key: http://localhost:51111 for channel [id: 0x52ea3302, L:/127.0.0.1:52965 - R:localhost/127.0.0.1:51111]
21:02:01.597 [Forwarding findElement on session 42ec559597ee682a3ec05e477441bb18 to remote] DEBUG org.asynchttpclient.netty.request.NettyRequestSender - Using pooled Channel '[id: 0x52ea3302, L:/127.0.0.1:52965 - R:localhost/127.0.0.1:51111]' for 'POST' to 'http://localhost:51111/session/42ec559597ee682a3ec05e477441bb18/element'
21:02:01.597 [Forwarding findElement on session 42ec559597ee682a3ec05e477441bb18 to remote] DEBUG org.asynchttpclient.netty.request.NettyRequestSender - Using open Channel [id: 0x52ea3302, L:/127.0.0.1:52965 - R:localhost/127.0.0.1:51111] for POST '/session/42ec559597ee682a3ec05e477441bb18/element'
21:02:01.612 [AsyncHttpClient-1-2] DEBUG org.asynchttpclient.netty.handler.HttpHandler - 

Request DefaultHttpRequest(decodeResult: success, version: HTTP/1.1)
POST /session/42ec559597ee682a3ec05e477441bb18/element HTTP/1.1
User-Agent: selenium/4.1.2 (java windows)
Content-Length: 63
Content-Type: application/json; charset=utf-8
host: localhost:51111
accept: */*

Response DefaultHttpResponse(decodeResult: success, version: HTTP/1.1)
HTTP/1.1 200 OK
Content-Type: application/json; charset=utf-8
cache-control: no-cache
content-length: 88

21:02:01.613 [AsyncHttpClient-1-2] DEBUG org.asynchttpclient.netty.channel.ChannelManager - Adding key: http://localhost:51111 for channel [id: 0x52ea3302, L:/127.0.0.1:52965 - R:localhost/127.0.0.1:51111]
21:02:01.618 [Forwarding isElementDisplayed on session 42ec559597ee682a3ec05e477441bb18 to remote] DEBUG org.asynchttpclient.netty.request.NettyRequestSender - Using pooled Channel '[id: 0x52ea3302, L:/127.0.0.1:52965 - R:localhost/127.0.0.1:51111]' for 'POST' to 'http://localhost:51111/session/42ec559597ee682a3ec05e477441bb18/execute/sync'
21:02:01.618 [Forwarding isElementDisplayed on session 42ec559597ee682a3ec05e477441bb18 to remote] DEBUG org.asynchttpclient.netty.request.NettyRequestSender - Using open Channel [id: 0x52ea3302, L:/127.0.0.1:52965 - R:localhost/127.0.0.1:51111] for POST '/session/42ec559597ee682a3ec05e477441bb18/execute/sync'
21:02:01.639 [AsyncHttpClient-1-2] DEBUG org.asynchttpclient.netty.handler.HttpHandler - 

Request DefaultHttpRequest(decodeResult: success, version: HTTP/1.1)
POST /session/42ec559597ee682a3ec05e477441bb18/execute/sync HTTP/1.1
User-Agent: selenium/4.1.2 (java windows)
Content-Length: 48780
Content-Type: application/json; charset=utf-8
host: localhost:51111
accept: */*

Response DefaultHttpResponse(decodeResult: success, version: HTTP/1.1)
HTTP/1.1 200 OK
Content-Type: application/json; charset=utf-8
cache-control: no-cache
content-length: 14

21:02:01.639 [AsyncHttpClient-1-2] DEBUG org.asynchttpclient.netty.channel.ChannelManager - Adding key: http://localhost:51111 for channel [id: 0x52ea3302, L:/127.0.0.1:52965 - R:localhost/127.0.0.1:51111]
21:02:01.643 [Forwarding screenshot on session 42ec559597ee682a3ec05e477441bb18 to remote] DEBUG org.asynchttpclient.netty.request.NettyRequestSender - Using pooled Channel '[id: 0x52ea3302, L:/127.0.0.1:52965 - R:localhost/127.0.0.1:51111]' for 'GET' to 'http://localhost:51111/session/42ec559597ee682a3ec05e477441bb18/screenshot'
21:02:01.643 [Forwarding screenshot on session 42ec559597ee682a3ec05e477441bb18 to remote] DEBUG org.asynchttpclient.netty.request.NettyRequestSender - Using open Channel [id: 0x52ea3302, L:/127.0.0.1:52965 - R:localhost/127.0.0.1:51111] for GET '/session/42ec559597ee682a3ec05e477441bb18/screenshot'
21:02:01.845 [AsyncHttpClient-1-2] DEBUG org.asynchttpclient.netty.handler.HttpHandler - 

Request DefaultFullHttpRequest(decodeResult: success, version: HTTP/1.1, content: EmptyByteBufBE)
GET /session/42ec559597ee682a3ec05e477441bb18/screenshot HTTP/1.1
User-Agent: selenium/4.1.2 (java windows)
Cache-Control: no-cache
Content-Type: application/json; charset=utf-8
host: localhost:51111
accept: */*

Response DefaultHttpResponse(decodeResult: success, version: HTTP/1.1)
HTTP/1.1 200 OK
Content-Type: application/json; charset=utf-8
cache-control: no-cache
content-length: 37440

21:02:01.845 [AsyncHttpClient-1-2] DEBUG org.asynchttpclient.netty.channel.ChannelManager - Adding key: http://localhost:51111 for channel [id: 0x52ea3302, L:/127.0.0.1:52965 - R:localhost/127.0.0.1:51111]
21:02:01.847 [main] DEBUG net.serenitybdd.core.photography.Darkroom - Send negative for processing for target\site\serenity\f2ca46902fcf107c4758b1cce1b95409f33ec0a2d5c2fb201278216369e0161e.png
21:02:01.848 [main] DEBUG net.thucydides.core.steps.StepInterceptor - STEP DONE: getErrorMessage
  &amp#27;[32mThen &amp#27;[0m&amp#27;[32muser fail to create account and get error message &amp#27;[0m&amp#27;[32m&amp#27;[1m"ERROR: duplicate key"&amp#27;[0m &amp#27;[90m# starter.stepdefenitions.RegisterSteps.userFailToCreateAccountAndGetErrorMessage(java.lang.String)&amp#27;[0m
21:02:01.848 [Darkroom Processing Line] DEBUG net.serenitybdd.core.photography.DarkroomProcessingLine - Processing screenshot image in /var/screenshots/screenshot-7681219501978974091
21:02:01.848 [Darkroom Processing Line] DEBUG net.serenitybdd.core.photography.DarkroomProcessingLine - Saving screenshot to target\site\serenity\f2ca46902fcf107c4758b1cce1b95409f33ec0a2d5c2fb201278216369e0161e.png
21:02:01.855 [main] INFO  - 
  _____   ___   ___   _____     ___     _     ___   ___   ___   ___  
 |_   _| | __| / __| |_   _|   | _ \   /_\   / __| / __| | __| |   \ 
   | |   | _|  \__ \   | |     |  _/  / _ \  \__ \ \__ \ | _|  | |) |
   |_|   |___| |___/   |_|     |_|   /_/ \_\ |___/ |___/ |___| |___/ 

As user i have failed to create account with registered data
----------------------------------------------------------------------
21:02:01.856 [AsyncHttpClient-1-4] DEBUG org.asynchttpclient.netty.handler.WebSocketHandler - Channel Closed: [id: 0x63be6e81, L:/127.0.0.1:52974 ! R:localhost/127.0.0.1:52966] with attribute NettyResponseFuture{currentRetry=5,
	isDone=1,
	isCancelled=0,
	asyncHandler=org.asynchttpclient.ws.WebSocketUpgradeHandler@2fdd9a82,
	nettyRequest=org.asynchttpclient.netty.request.NettyRequest@290c9ca9,
	future=java.util.concurrent.CompletableFuture@4776fb22[Completed normally],
	uri=ws://localhost:52966/devtools/browser/5efcf535-a8df-4871-801b-e8ec6c74dfc6,
	keepAlive=true,
	redirectCount=0,
	timeoutsHolder=null,
	inAuth=0,
	touch=1652450511491}
21:02:01.856 [AsyncHttpClient-1-4] DEBUG org.asynchttpclient.netty.channel.ChannelManager - Closing Channel [id: 0x63be6e81, L:/127.0.0.1:52974 ! R:localhost/127.0.0.1:52966] 
21:02:01.856 [Driver Command Executor] DEBUG org.asynchttpclient.netty.request.NettyRequestSender - Using pooled Channel '[id: 0x52ea3302, L:/127.0.0.1:52965 - R:localhost/127.0.0.1:51111]' for 'DELETE' to 'http://localhost:51111/session/42ec559597ee682a3ec05e477441bb18'
21:02:01.856 [Driver Command Executor] DEBUG org.asynchttpclient.netty.request.NettyRequestSender - Using open Channel [id: 0x52ea3302, L:/127.0.0.1:52965 - R:localhost/127.0.0.1:51111] for DELETE '/session/42ec559597ee682a3ec05e477441bb18'
21:02:01.918 [AsyncHttpClient-1-3] DEBUG org.asynchttpclient.netty.handler.HttpHandler - Unexpected I/O exception on channel [id: 0x6ff5e859, L:/127.0.0.1:52973 - R:localhost/127.0.0.1:52966]
java.io.IOException: An existing connection was forcibly closed by the remote host
	at sun.nio.ch.SocketDispatcher.read0(Native Method)
	at sun.nio.ch.SocketDispatcher.read(SocketDispatcher.java:43)
	at sun.nio.ch.IOUtil.readIntoNativeBuffer(IOUtil.java:223)
	at sun.nio.ch.IOUtil.read(IOUtil.java:192)
	at sun.nio.ch.SocketChannelImpl.read(SocketChannelImpl.java:378)
	at io.netty.buffer.PooledByteBuf.setBytes(PooledByteBuf.java:258)
	at io.netty.buffer.AbstractByteBuf.writeBytes(AbstractByteBuf.java:1132)
	at io.netty.channel.socket.nio.NioSocketChannel.doReadBytes(NioSocketChannel.java:350)
	at io.netty.channel.nio.AbstractNioByteChannel$NioByteUnsafe.read(AbstractNioByteChannel.java:151)
	at io.netty.channel.nio.NioEventLoop.processSelectedKey(NioEventLoop.java:722)
	at io.netty.channel.nio.NioEventLoop.processSelectedKeysOptimized(NioEventLoop.java:658)
	at io.netty.channel.nio.NioEventLoop.processSelectedKeys(NioEventLoop.java:584)
	at io.netty.channel.nio.NioEventLoop.run(NioEventLoop.java:496)
	at io.netty.util.concurrent.SingleThreadEventExecutor$4.run(SingleThreadEventExecutor.java:986)
	at io.netty.util.internal.ThreadExecutorMap$2.run(ThreadExecutorMap.java:74)
	at io.netty.util.concurrent.FastThreadLocalRunnable.run(FastThreadLocalRunnable.java:30)
	at java.lang.Thread.run(Thread.java:750)
21:02:01.919 [AsyncHttpClient-1-3] DEBUG org.asynchttpclient.netty.channel.ChannelManager - Closing Channel [id: 0x6ff5e859, L:/127.0.0.1:52973 - R:localhost/127.0.0.1:52966] 
21:02:01.919 [AsyncHttpClient-1-3] DEBUG org.asynchttpclient.netty.handler.HttpHandler - Channel Closed: [id: 0x6ff5e859, L:/127.0.0.1:52973 ! R:localhost/127.0.0.1:52966] with attribute DISCARD
21:02:01.952 [AsyncHttpClient-1-2] DEBUG org.asynchttpclient.netty.handler.HttpHandler - 

Request DefaultFullHttpRequest(decodeResult: success, version: HTTP/1.1, content: EmptyByteBufBE)
DELETE /session/42ec559597ee682a3ec05e477441bb18 HTTP/1.1
User-Agent: selenium/4.1.2 (java windows)
Content-Type: application/json; charset=utf-8
host: localhost:51111
accept: */*

Response DefaultHttpResponse(decodeResult: success, version: HTTP/1.1)
HTTP/1.1 200 OK
Content-Type: application/json; charset=utf-8
cache-control: no-cache
content-length: 14

21:02:01.952 [AsyncHttpClient-1-2] DEBUG org.asynchttpclient.netty.channel.ChannelManager - Adding key: http://localhost:51111 for channel [id: 0x52ea3302, L:/127.0.0.1:52965 - R:localhost/127.0.0.1:51111]
21:02:02.065 [AsyncHttpClient-1-2] DEBUG org.asynchttpclient.netty.handler.HttpHandler - Channel Closed: [id: 0x52ea3302, L:/127.0.0.1:52965 ! R:localhost/127.0.0.1:51111] with attribute DISCARD
21:02:02.595 [AsyncHttpClient-1-1] DEBUG org.asynchttpclient.netty.channel.DefaultChannelPool - Entry count for : http://localhost:51111 : 1
21:02:02.595 [AsyncHttpClient-1-1] DEBUG org.asynchttpclient.netty.channel.DefaultChannelPool - Entry count for : http://localhost:52966 : 1
21:02:02.595 [AsyncHttpClient-1-1] DEBUG org.asynchttpclient.netty.channel.DefaultChannelPool - Adding Candidate expired Channel [id: 0x52ea3302, L:/127.0.0.1:52965 ! R:localhost/127.0.0.1:51111] isIdleTimeoutExpired=false isRemotelyClosed=true isTtlExpired=false
21:02:02.595 [AsyncHttpClient-1-1] DEBUG org.asynchttpclient.netty.channel.DefaultChannelPool - Closing Idle Channel [id: 0x52ea3302, L:/127.0.0.1:52965 ! R:localhost/127.0.0.1:51111]
21:02:02.595 [AsyncHttpClient-1-1] DEBUG org.asynchttpclient.netty.channel.DefaultChannelPool - Adding Candidate expired Channel [id: 0x6ff5e859, L:/127.0.0.1:52973 ! R:localhost/127.0.0.1:52966] isIdleTimeoutExpired=false isRemotelyClosed=true isTtlExpired=false
21:02:02.595 [AsyncHttpClient-1-1] DEBUG org.asynchttpclient.netty.channel.DefaultChannelPool - Closing Idle Channel [id: 0x6ff5e859, L:/127.0.0.1:52973 ! R:localhost/127.0.0.1:52966]
21:02:02.596 [AsyncHttpClient-1-1] DEBUG org.asynchttpclient.netty.channel.DefaultChannelPool - Closed 2 connections out of 2 in 1 ms
]]></system-out>
    <system-err><![CDATA[Starting ChromeDriver 100.0.4896.60 (6a5d10861ce8de5fce22564658033b43cb7de047-refs/branch-heads/4896@{#875}) on port 51111
Only local connections are allowed.
Please see https://chromedriver.chromium.org/security-considerations for suggestions on keeping ChromeDriver safe.
ChromeDriver was started successfully.
[1652450511.129][WARNING]: This version of ChromeDriver has not been tested with Chrome version 101.
May 13, 2022 9:01:51 PM org.openqa.selenium.remote.ProtocolHandshake createSession
INFO: Detected dialect: W3C
May 13, 2022 9:01:51 PM org.openqa.selenium.devtools.CdpVersionFinder findNearestMatch
WARNING: Unable to find an exact match for CDP version 101, so returning the closest version found: 97
May 13, 2022 9:01:51 PM org.openqa.selenium.devtools.CdpVersionFinder findNearestMatch
INFO: Found CDP implementation for version 101 of 97
]]></system-err>
  </testcase>
  <testcase name="As user i have be able to success pay all items" classname="As a user I want to pay for all items in the basket" time="23.066">
    <system-out><![CDATA[21:02:02.601 [main] INFO io.cucumber.core.plugin.SerenityReporter - Running feature from file:///D:/kampus%20merdeka/QE_MUHAMMAD%20ADIBASYAH/miniproject/web/src/test/resources/features/Transaction.feature
21:02:02.615 [main] DEBUG net.thucydides.core.steps.StepEventBus - Test suite started for story net.thucydides.core.model.Story@2fff0c52
21:02:02.616 [main] INFO  - Test Suite Started: As a user I want to pay for all items in the basket

@transaction @positive
Scenario: As user i have be able to success pay all items &amp#27;[90m# src/test/resources/features/Transaction.feature:5&amp#27;[0m
21:02:02.636 [main] INFO io.cucumber.core.plugin.SerenityReporter - Running feature from file:///D:/kampus%20merdeka/QE_MUHAMMAD%20ADIBASYAH/miniproject/web/src/test/resources/features/Transaction.feature
21:02:02.641 [main] INFO  - 
  _____   ___   ___   _____     ___   _____     _     ___   _____   ___   ___  
 |_   _| | __| / __| |_   _|   / __| |_   _|   /_\   | _ \ |_   _| | __| |   \ 
   | |   | _|  \__ \   | |     \__ \   | |    / _ \  |   /   | |   | _|  | |) |
   |_|   |___| |___/   |_|     |___/   |_|   /_/ \_\ |_|_\   |_|   |___| |___/ 

As user i have be able to success pay all items(as-a-user-i-want-to-pay-for-all-items-in-the-basket;as-user-i-have-be-able-to-success-pay-all-items)
--------------------------------------------------------------------------------
21:02:02.661 [main] DEBUG net.thucydides.core.steps.StepInterceptor - STARTING STEP: LoginSteps.onLoginPage - openPage
21:02:02.662 [main] INFO net.serenitybdd.core.webdriver.driverproviders.ChromeDriverProvider - Using automatically driver download
21:02:02.798 [main] DEBUG io.github.bonigarcia.wdm.cache.ResolutionCache - Resolution chrome=101 in cache (valid until 21:59:22 13/05/2022 ICT)
21:02:02.802 [main] DEBUG io.github.bonigarcia.wdm.cache.ResolutionCache - Resolution chrome101=101.0.4951.41 in cache (valid until 20:59:22 14/05/2022 ICT)
21:02:02.804 [main] INFO io.github.bonigarcia.wdm.WebDriverManager - Using chromedriver 101.0.4951.41 (resolved driver for Chrome 101)
21:02:02.814 [main] DEBUG io.github.bonigarcia.wdm.WebDriverManager - Driver chromedriver 101.0.4951.41 found in cache
21:02:02.815 [main] INFO io.github.bonigarcia.wdm.WebDriverManager - Exporting webdriver.chrome.driver as C:\Users\Admin\.cache\selenium\chromedriver\win32\101.0.4951.41\chromedriver.exe
21:02:02.962 [main] DEBUG net.serenitybdd.core.webdriver.driverproviders.ProvideNewDriver - Instantiating driver
21:02:02.962 [main] DEBUG net.serenitybdd.core.webdriver.driverproviders.ProvideNewDriver - Driver capabilities: Capabilities {acceptInsecureCerts: false, base.url: https://qa.alta.id/, browserName: chrome, chrome.driver: src/test/resources/webdrive..., driver: chrome, goog:chromeOptions: {args: [], extensions: []}}
21:02:03.551 [AsyncHttpClient-1-5] DEBUG org.asynchttpclient.netty.channel.NettyConnectListener - Using new Channel '[id: 0x333ca217, L:/127.0.0.1:52995 - R:localhost/127.0.0.1:62603]' for 'POST' to '/session'
21:02:04.875 [AsyncHttpClient-1-5] DEBUG org.asynchttpclient.netty.handler.HttpHandler - 

Request DefaultHttpRequest(decodeResult: success, version: HTTP/1.1)
POST /session HTTP/1.1
User-Agent: selenium/4.1.2 (java windows)
Content-Length: 605
Content-Type: application/json; charset=utf-8
host: localhost:62603
accept: */*

Response DefaultHttpResponse(decodeResult: success, version: HTTP/1.1)
HTTP/1.1 200 OK
Content-Type: application/json; charset=utf-8
cache-control: no-cache
content-length: 787

21:02:04.876 [AsyncHttpClient-1-5] DEBUG org.asynchttpclient.netty.channel.ChannelManager - Adding key: http://localhost:62603 for channel [id: 0x333ca217, L:/127.0.0.1:52995 - R:localhost/127.0.0.1:62603]
21:02:04.893 [AsyncHttpClient-1-6] DEBUG org.asynchttpclient.netty.channel.NettyConnectListener - Using new Channel '[id: 0x0bace6af, L:/127.0.0.1:53002 - R:localhost/127.0.0.1:52996]' for 'GET' to '/json/version'
21:02:04.894 [AsyncHttpClient-1-6] DEBUG org.asynchttpclient.netty.handler.HttpHandler - 

Request DefaultFullHttpRequest(decodeResult: success, version: HTTP/1.1, content: EmptyByteBufBE)
GET /json/version HTTP/1.1
User-Agent: selenium/4.1.2 (java windows)
host: localhost:52996
accept: */*

Response DefaultHttpResponse(decodeResult: success, version: HTTP/1.1)
HTTP/1.1 200 OK
Content-Type: application/json; charset=UTF-8
content-length: 427

21:02:04.894 [AsyncHttpClient-1-6] DEBUG org.asynchttpclient.netty.channel.ChannelManager - Adding key: http://localhost:52996 for channel [id: 0x0bace6af, L:/127.0.0.1:53002 - R:localhost/127.0.0.1:52996]
21:02:04.898 [AsyncHttpClient-1-7] DEBUG org.asynchttpclient.netty.channel.NettyConnectListener - Using new Channel '[id: 0x48231e7c, L:/127.0.0.1:53003 - R:localhost/127.0.0.1:52996]' for 'GET' to '/devtools/browser/ebdde776-0e3a-44ab-9fdc-a28f0c0b6305'
21:02:04.903 [AsyncHttpClient-1-7] DEBUG org.asynchttpclient.netty.handler.WebSocketHandler - 

Request DefaultFullHttpRequest(decodeResult: success, version: HTTP/1.1, content: EmptyByteBufBE)
GET /devtools/browser/ebdde776-0e3a-44ab-9fdc-a28f0c0b6305 HTTP/1.1
upgrade: websocket
connection: upgrade
sec-websocket-key: bJ2xBqeVaS05QJi8+23ybA==
sec-websocket-version: 13
origin: http://localhost:52996
host: localhost:52996
accept: */*
user-agent: AHC/2.1

Response DefaultHttpResponse(decodeResult: success, version: HTTP/1.1)
HTTP/1.1 101 WebSocket Protocol Handshake
Upgrade: WebSocket
Connection: Upgrade
Sec-WebSocket-Accept: Y7907XTHBoQZkS1+ah3ZseoqFyU=

21:02:04.911 [Forwarding setCurrentWindowSize on session 554f09e00d39e786ac0a610d64620b4a to remote] DEBUG org.asynchttpclient.netty.request.NettyRequestSender - Using pooled Channel '[id: 0x333ca217, L:/127.0.0.1:52995 - R:localhost/127.0.0.1:62603]' for 'POST' to 'http://localhost:62603/session/554f09e00d39e786ac0a610d64620b4a/window/rect'
21:02:04.911 [Forwarding setCurrentWindowSize on session 554f09e00d39e786ac0a610d64620b4a to remote] DEBUG org.asynchttpclient.netty.request.NettyRequestSender - Using open Channel [id: 0x333ca217, L:/127.0.0.1:52995 - R:localhost/127.0.0.1:62603] for POST '/session/554f09e00d39e786ac0a610d64620b4a/window/rect'
21:02:05.103 [AsyncHttpClient-1-5] DEBUG org.asynchttpclient.netty.handler.HttpHandler - 

Request DefaultHttpRequest(decodeResult: success, version: HTTP/1.1)
POST /session/554f09e00d39e786ac0a610d64620b4a/window/rect HTTP/1.1
User-Agent: selenium/4.1.2 (java windows)
Content-Length: 37
Content-Type: application/json; charset=utf-8
host: localhost:62603
accept: */*

Response DefaultHttpResponse(decodeResult: success, version: HTTP/1.1)
HTTP/1.1 200 OK
Content-Type: application/json; charset=utf-8
cache-control: no-cache
content-length: 51

21:02:05.103 [AsyncHttpClient-1-5] DEBUG org.asynchttpclient.netty.channel.ChannelManager - Adding key: http://localhost:62603 for channel [id: 0x333ca217, L:/127.0.0.1:52995 - R:localhost/127.0.0.1:62603]
21:02:05.105 [Forwarding setWindowPosition on session 554f09e00d39e786ac0a610d64620b4a to remote] DEBUG org.asynchttpclient.netty.request.NettyRequestSender - Using pooled Channel '[id: 0x333ca217, L:/127.0.0.1:52995 - R:localhost/127.0.0.1:62603]' for 'POST' to 'http://localhost:62603/session/554f09e00d39e786ac0a610d64620b4a/window/rect'
21:02:05.105 [Forwarding setWindowPosition on session 554f09e00d39e786ac0a610d64620b4a to remote] DEBUG org.asynchttpclient.netty.request.NettyRequestSender - Using open Channel [id: 0x333ca217, L:/127.0.0.1:52995 - R:localhost/127.0.0.1:62603] for POST '/session/554f09e00d39e786ac0a610d64620b4a/window/rect'
21:02:05.226 [AsyncHttpClient-1-5] DEBUG org.asynchttpclient.netty.handler.HttpHandler - 

Request DefaultHttpRequest(decodeResult: success, version: HTTP/1.1)
POST /session/554f09e00d39e786ac0a610d64620b4a/window/rect HTTP/1.1
User-Agent: selenium/4.1.2 (java windows)
Content-Length: 22
Content-Type: application/json; charset=utf-8
host: localhost:62603
accept: */*

Response DefaultHttpResponse(decodeResult: success, version: HTTP/1.1)
HTTP/1.1 200 OK
Content-Type: application/json; charset=utf-8
cache-control: no-cache
content-length: 49

21:02:05.227 [AsyncHttpClient-1-5] DEBUG org.asynchttpclient.netty.channel.ChannelManager - Adding key: http://localhost:62603 for channel [id: 0x333ca217, L:/127.0.0.1:52995 - R:localhost/127.0.0.1:62603]
21:02:05.228 [Forwarding get on session 554f09e00d39e786ac0a610d64620b4a to remote] DEBUG org.asynchttpclient.netty.request.NettyRequestSender - Using pooled Channel '[id: 0x333ca217, L:/127.0.0.1:52995 - R:localhost/127.0.0.1:62603]' for 'POST' to 'http://localhost:62603/session/554f09e00d39e786ac0a610d64620b4a/url'
21:02:05.228 [Forwarding get on session 554f09e00d39e786ac0a610d64620b4a to remote] DEBUG org.asynchttpclient.netty.request.NettyRequestSender - Using open Channel [id: 0x333ca217, L:/127.0.0.1:52995 - R:localhost/127.0.0.1:62603] for POST '/session/554f09e00d39e786ac0a610d64620b4a/url'
21:02:05.901 [AsyncHttpClient-1-1] DEBUG org.asynchttpclient.netty.channel.DefaultChannelPool - Entry count for : http://localhost:52996 : 1
21:02:06.587 [AsyncHttpClient-1-5] DEBUG org.asynchttpclient.netty.handler.HttpHandler - 

Request DefaultHttpRequest(decodeResult: success, version: HTTP/1.1)
POST /session/554f09e00d39e786ac0a610d64620b4a/url HTTP/1.1
User-Agent: selenium/4.1.2 (java windows)
Content-Length: 49
Content-Type: application/json; charset=utf-8
host: localhost:62603
accept: */*

Response DefaultHttpResponse(decodeResult: success, version: HTTP/1.1)
HTTP/1.1 200 OK
Content-Type: application/json; charset=utf-8
cache-control: no-cache
content-length: 14

21:02:06.588 [AsyncHttpClient-1-5] DEBUG org.asynchttpclient.netty.channel.ChannelManager - Adding key: http://localhost:62603 for channel [id: 0x333ca217, L:/127.0.0.1:52995 - R:localhost/127.0.0.1:62603]
21:02:06.589 [Forwarding setTimeout on session 554f09e00d39e786ac0a610d64620b4a to remote] DEBUG org.asynchttpclient.netty.request.NettyRequestSender - Using pooled Channel '[id: 0x333ca217, L:/127.0.0.1:52995 - R:localhost/127.0.0.1:62603]' for 'POST' to 'http://localhost:62603/session/554f09e00d39e786ac0a610d64620b4a/timeouts'
21:02:06.589 [Forwarding setTimeout on session 554f09e00d39e786ac0a610d64620b4a to remote] DEBUG org.asynchttpclient.netty.request.NettyRequestSender - Using open Channel [id: 0x333ca217, L:/127.0.0.1:52995 - R:localhost/127.0.0.1:62603] for POST '/session/554f09e00d39e786ac0a610d64620b4a/timeouts'
21:02:06.590 [AsyncHttpClient-1-5] DEBUG org.asynchttpclient.netty.handler.HttpHandler - 

Request DefaultHttpRequest(decodeResult: success, version: HTTP/1.1)
POST /session/554f09e00d39e786ac0a610d64620b4a/timeouts HTTP/1.1
User-Agent: selenium/4.1.2 (java windows)
Content-Length: 22
Content-Type: application/json; charset=utf-8
host: localhost:62603
accept: */*

Response DefaultHttpResponse(decodeResult: success, version: HTTP/1.1)
HTTP/1.1 200 OK
Content-Type: application/json; charset=utf-8
cache-control: no-cache
content-length: 14

21:02:06.591 [AsyncHttpClient-1-5] DEBUG org.asynchttpclient.netty.channel.ChannelManager - Adding key: http://localhost:62603 for channel [id: 0x333ca217, L:/127.0.0.1:52995 - R:localhost/127.0.0.1:62603]
21:02:06.596 [Forwarding getCurrentUrl on session 554f09e00d39e786ac0a610d64620b4a to remote] DEBUG org.asynchttpclient.netty.request.NettyRequestSender - Using pooled Channel '[id: 0x333ca217, L:/127.0.0.1:52995 - R:localhost/127.0.0.1:62603]' for 'GET' to 'http://localhost:62603/session/554f09e00d39e786ac0a610d64620b4a/url'
21:02:06.596 [Forwarding getCurrentUrl on session 554f09e00d39e786ac0a610d64620b4a to remote] DEBUG org.asynchttpclient.netty.request.NettyRequestSender - Using open Channel [id: 0x333ca217, L:/127.0.0.1:52995 - R:localhost/127.0.0.1:62603] for GET '/session/554f09e00d39e786ac0a610d64620b4a/url'
21:02:06.605 [AsyncHttpClient-1-5] DEBUG org.asynchttpclient.netty.handler.HttpHandler - 

Request DefaultFullHttpRequest(decodeResult: success, version: HTTP/1.1, content: EmptyByteBufBE)
GET /session/554f09e00d39e786ac0a610d64620b4a/url HTTP/1.1
User-Agent: selenium/4.1.2 (java windows)
Cache-Control: no-cache
Content-Type: application/json; charset=utf-8
host: localhost:62603
accept: */*

Response DefaultHttpResponse(decodeResult: success, version: HTTP/1.1)
HTTP/1.1 200 OK
Content-Type: application/json; charset=utf-8
cache-control: no-cache
content-length: 31

21:02:06.606 [AsyncHttpClient-1-5] DEBUG org.asynchttpclient.netty.channel.ChannelManager - Adding key: http://localhost:62603 for channel [id: 0x333ca217, L:/127.0.0.1:52995 - R:localhost/127.0.0.1:62603]
21:02:06.615 [Forwarding getCurrentUrl on session 554f09e00d39e786ac0a610d64620b4a to remote] DEBUG org.asynchttpclient.netty.request.NettyRequestSender - Using pooled Channel '[id: 0x333ca217, L:/127.0.0.1:52995 - R:localhost/127.0.0.1:62603]' for 'GET' to 'http://localhost:62603/session/554f09e00d39e786ac0a610d64620b4a/url'
21:02:06.615 [Forwarding getCurrentUrl on session 554f09e00d39e786ac0a610d64620b4a to remote] DEBUG org.asynchttpclient.netty.request.NettyRequestSender - Using open Channel [id: 0x333ca217, L:/127.0.0.1:52995 - R:localhost/127.0.0.1:62603] for GET '/session/554f09e00d39e786ac0a610d64620b4a/url'
21:02:06.621 [AsyncHttpClient-1-5] DEBUG org.asynchttpclient.netty.handler.HttpHandler - 

Request DefaultFullHttpRequest(decodeResult: success, version: HTTP/1.1, content: EmptyByteBufBE)
GET /session/554f09e00d39e786ac0a610d64620b4a/url HTTP/1.1
User-Agent: selenium/4.1.2 (java windows)
Cache-Control: no-cache
Content-Type: application/json; charset=utf-8
host: localhost:62603
accept: */*

Response DefaultHttpResponse(decodeResult: success, version: HTTP/1.1)
HTTP/1.1 200 OK
Content-Type: application/json; charset=utf-8
cache-control: no-cache
content-length: 31

21:02:06.622 [AsyncHttpClient-1-5] DEBUG org.asynchttpclient.netty.channel.ChannelManager - Adding key: http://localhost:62603 for channel [id: 0x333ca217, L:/127.0.0.1:52995 - R:localhost/127.0.0.1:62603]
21:02:06.638 [main] DEBUG net.serenitybdd.core.photography.Darkroom - Opening darkroom
21:02:06.639 [Darkroom Processing Line] DEBUG net.serenitybdd.core.photography.DarkroomProcessingLine - Darkroom processing line starting up
21:02:06.639 [Forwarding screenshot on session 554f09e00d39e786ac0a610d64620b4a to remote] DEBUG org.asynchttpclient.netty.request.NettyRequestSender - Using pooled Channel '[id: 0x333ca217, L:/127.0.0.1:52995 - R:localhost/127.0.0.1:62603]' for 'GET' to 'http://localhost:62603/session/554f09e00d39e786ac0a610d64620b4a/screenshot'
21:02:06.639 [Forwarding screenshot on session 554f09e00d39e786ac0a610d64620b4a to remote] DEBUG org.asynchttpclient.netty.request.NettyRequestSender - Using open Channel [id: 0x333ca217, L:/127.0.0.1:52995 - R:localhost/127.0.0.1:62603] for GET '/session/554f09e00d39e786ac0a610d64620b4a/screenshot'
21:02:06.911 [AsyncHttpClient-1-5] DEBUG org.asynchttpclient.netty.handler.HttpHandler - 

Request DefaultFullHttpRequest(decodeResult: success, version: HTTP/1.1, content: EmptyByteBufBE)
GET /session/554f09e00d39e786ac0a610d64620b4a/screenshot HTTP/1.1
User-Agent: selenium/4.1.2 (java windows)
Cache-Control: no-cache
Content-Type: application/json; charset=utf-8
host: localhost:62603
accept: */*

Response DefaultHttpResponse(decodeResult: success, version: HTTP/1.1)
HTTP/1.1 200 OK
Content-Type: application/json; charset=utf-8
cache-control: no-cache
content-length: 32152

21:02:06.913 [AsyncHttpClient-1-5] DEBUG org.asynchttpclient.netty.channel.ChannelManager - Adding key: http://localhost:62603 for channel [id: 0x333ca217, L:/127.0.0.1:52995 - R:localhost/127.0.0.1:62603]
21:02:06.915 [main] DEBUG net.serenitybdd.core.photography.Darkroom - Send negative for processing for target\site\serenity\31dc3da6bed26792d17f09a75f4537b59c8ed35b4fa530605f40e2153fcd1cad.png
21:02:06.915 [main] DEBUG net.thucydides.core.steps.StepInterceptor - STEP DONE: openPage
21:02:06.915 [Darkroom Processing Line] DEBUG net.serenitybdd.core.photography.DarkroomProcessingLine - Processing screenshot image in /var/screenshots/screenshot-5620680973243966716
21:02:06.916 [Darkroom Processing Line] DEBUG net.serenitybdd.core.photography.DarkroomProcessingLine - Saving screenshot to target\site\serenity\31dc3da6bed26792d17f09a75f4537b59c8ed35b4fa530605f40e2153fcd1cad.png
21:02:06.934 [main] DEBUG net.thucydides.core.steps.StepInterceptor - STARTING STEP: LoginSteps.onLoginPage - clickLoginIcon
21:02:06.940 [Forwarding findElement on session 554f09e00d39e786ac0a610d64620b4a to remote] DEBUG org.asynchttpclient.netty.request.NettyRequestSender - Using pooled Channel '[id: 0x333ca217, L:/127.0.0.1:52995 - R:localhost/127.0.0.1:62603]' for 'POST' to 'http://localhost:62603/session/554f09e00d39e786ac0a610d64620b4a/element'
21:02:06.941 [Forwarding findElement on session 554f09e00d39e786ac0a610d64620b4a to remote] DEBUG org.asynchttpclient.netty.request.NettyRequestSender - Using open Channel [id: 0x333ca217, L:/127.0.0.1:52995 - R:localhost/127.0.0.1:62603] for POST '/session/554f09e00d39e786ac0a610d64620b4a/element'
21:02:06.964 [AsyncHttpClient-1-5] DEBUG org.asynchttpclient.netty.handler.HttpHandler - 

Request DefaultHttpRequest(decodeResult: success, version: HTTP/1.1)
POST /session/554f09e00d39e786ac0a610d64620b4a/element HTTP/1.1
User-Agent: selenium/4.1.2 (java windows)
Content-Length: 129
Content-Type: application/json; charset=utf-8
host: localhost:62603
accept: */*

Response DefaultHttpResponse(decodeResult: success, version: HTTP/1.1)
HTTP/1.1 200 OK
Content-Type: application/json; charset=utf-8
cache-control: no-cache
content-length: 88

21:02:06.964 [AsyncHttpClient-1-5] DEBUG org.asynchttpclient.netty.channel.ChannelManager - Adding key: http://localhost:62603 for channel [id: 0x333ca217, L:/127.0.0.1:52995 - R:localhost/127.0.0.1:62603]
21:02:06.966 [Forwarding getElementTagName on session 554f09e00d39e786ac0a610d64620b4a to remote] DEBUG org.asynchttpclient.netty.request.NettyRequestSender - Using pooled Channel '[id: 0x333ca217, L:/127.0.0.1:52995 - R:localhost/127.0.0.1:62603]' for 'GET' to 'http://localhost:62603/session/554f09e00d39e786ac0a610d64620b4a/element/24d851f8-d8c7-436c-8275-d05e696deb28/name'
21:02:06.966 [Forwarding getElementTagName on session 554f09e00d39e786ac0a610d64620b4a to remote] DEBUG org.asynchttpclient.netty.request.NettyRequestSender - Using open Channel [id: 0x333ca217, L:/127.0.0.1:52995 - R:localhost/127.0.0.1:62603] for GET '/session/554f09e00d39e786ac0a610d64620b4a/element/24d851f8-d8c7-436c-8275-d05e696deb28/name'
21:02:06.975 [AsyncHttpClient-1-5] DEBUG org.asynchttpclient.netty.handler.HttpHandler - 

Request DefaultFullHttpRequest(decodeResult: success, version: HTTP/1.1, content: EmptyByteBufBE)
GET /session/554f09e00d39e786ac0a610d64620b4a/element/24d851f8-d8c7-436c-8275-d05e696deb28/name HTTP/1.1
User-Agent: selenium/4.1.2 (java windows)
Cache-Control: no-cache
Content-Type: application/json; charset=utf-8
host: localhost:62603
accept: */*

Response DefaultHttpResponse(decodeResult: success, version: HTTP/1.1)
HTTP/1.1 200 OK
Content-Type: application/json; charset=utf-8
cache-control: no-cache
content-length: 18

21:02:06.975 [AsyncHttpClient-1-5] DEBUG org.asynchttpclient.netty.channel.ChannelManager - Adding key: http://localhost:62603 for channel [id: 0x333ca217, L:/127.0.0.1:52995 - R:localhost/127.0.0.1:62603]
21:02:06.976 [Forwarding getElementTagName on session 554f09e00d39e786ac0a610d64620b4a to remote] DEBUG org.asynchttpclient.netty.request.NettyRequestSender - Using pooled Channel '[id: 0x333ca217, L:/127.0.0.1:52995 - R:localhost/127.0.0.1:62603]' for 'GET' to 'http://localhost:62603/session/554f09e00d39e786ac0a610d64620b4a/element/24d851f8-d8c7-436c-8275-d05e696deb28/name'
21:02:06.976 [Forwarding getElementTagName on session 554f09e00d39e786ac0a610d64620b4a to remote] DEBUG org.asynchttpclient.netty.request.NettyRequestSender - Using open Channel [id: 0x333ca217, L:/127.0.0.1:52995 - R:localhost/127.0.0.1:62603] for GET '/session/554f09e00d39e786ac0a610d64620b4a/element/24d851f8-d8c7-436c-8275-d05e696deb28/name'
21:02:06.983 [AsyncHttpClient-1-5] DEBUG org.asynchttpclient.netty.handler.HttpHandler - 

Request DefaultFullHttpRequest(decodeResult: success, version: HTTP/1.1, content: EmptyByteBufBE)
GET /session/554f09e00d39e786ac0a610d64620b4a/element/24d851f8-d8c7-436c-8275-d05e696deb28/name HTTP/1.1
User-Agent: selenium/4.1.2 (java windows)
Cache-Control: no-cache
Content-Type: application/json; charset=utf-8
host: localhost:62603
accept: */*

Response DefaultHttpResponse(decodeResult: success, version: HTTP/1.1)
HTTP/1.1 200 OK
Content-Type: application/json; charset=utf-8
cache-control: no-cache
content-length: 18

21:02:06.984 [AsyncHttpClient-1-5] DEBUG org.asynchttpclient.netty.channel.ChannelManager - Adding key: http://localhost:62603 for channel [id: 0x333ca217, L:/127.0.0.1:52995 - R:localhost/127.0.0.1:62603]
21:02:06.988 [Forwarding isElementEnabled on session 554f09e00d39e786ac0a610d64620b4a to remote] DEBUG org.asynchttpclient.netty.request.NettyRequestSender - Using pooled Channel '[id: 0x333ca217, L:/127.0.0.1:52995 - R:localhost/127.0.0.1:62603]' for 'GET' to 'http://localhost:62603/session/554f09e00d39e786ac0a610d64620b4a/element/24d851f8-d8c7-436c-8275-d05e696deb28/enabled'
21:02:06.988 [Forwarding isElementEnabled on session 554f09e00d39e786ac0a610d64620b4a to remote] DEBUG org.asynchttpclient.netty.request.NettyRequestSender - Using open Channel [id: 0x333ca217, L:/127.0.0.1:52995 - R:localhost/127.0.0.1:62603] for GET '/session/554f09e00d39e786ac0a610d64620b4a/element/24d851f8-d8c7-436c-8275-d05e696deb28/enabled'
21:02:06.998 [AsyncHttpClient-1-5] DEBUG org.asynchttpclient.netty.handler.HttpHandler - 

Request DefaultFullHttpRequest(decodeResult: success, version: HTTP/1.1, content: EmptyByteBufBE)
GET /session/554f09e00d39e786ac0a610d64620b4a/element/24d851f8-d8c7-436c-8275-d05e696deb28/enabled HTTP/1.1
User-Agent: selenium/4.1.2 (java windows)
Cache-Control: no-cache
Content-Type: application/json; charset=utf-8
host: localhost:62603
accept: */*

Response DefaultHttpResponse(decodeResult: success, version: HTTP/1.1)
HTTP/1.1 200 OK
Content-Type: application/json; charset=utf-8
cache-control: no-cache
content-length: 14

21:02:06.999 [AsyncHttpClient-1-1] DEBUG org.asynchttpclient.netty.channel.DefaultChannelPool - Entry count for : http://localhost:52996 : 1
21:02:06.999 [AsyncHttpClient-1-5] DEBUG org.asynchttpclient.netty.channel.ChannelManager - Adding key: http://localhost:62603 for channel [id: 0x333ca217, L:/127.0.0.1:52995 - R:localhost/127.0.0.1:62603]
21:02:07.002 [Forwarding isElementEnabled on session 554f09e00d39e786ac0a610d64620b4a to remote] DEBUG org.asynchttpclient.netty.request.NettyRequestSender - Using pooled Channel '[id: 0x333ca217, L:/127.0.0.1:52995 - R:localhost/127.0.0.1:62603]' for 'GET' to 'http://localhost:62603/session/554f09e00d39e786ac0a610d64620b4a/element/24d851f8-d8c7-436c-8275-d05e696deb28/enabled'
21:02:07.003 [Forwarding isElementEnabled on session 554f09e00d39e786ac0a610d64620b4a to remote] DEBUG org.asynchttpclient.netty.request.NettyRequestSender - Using open Channel [id: 0x333ca217, L:/127.0.0.1:52995 - R:localhost/127.0.0.1:62603] for GET '/session/554f09e00d39e786ac0a610d64620b4a/element/24d851f8-d8c7-436c-8275-d05e696deb28/enabled'
21:02:07.011 [AsyncHttpClient-1-5] DEBUG org.asynchttpclient.netty.handler.HttpHandler - 

Request DefaultFullHttpRequest(decodeResult: success, version: HTTP/1.1, content: EmptyByteBufBE)
GET /session/554f09e00d39e786ac0a610d64620b4a/element/24d851f8-d8c7-436c-8275-d05e696deb28/enabled HTTP/1.1
User-Agent: selenium/4.1.2 (java windows)
Cache-Control: no-cache
Content-Type: application/json; charset=utf-8
host: localhost:62603
accept: */*

Response DefaultHttpResponse(decodeResult: success, version: HTTP/1.1)
HTTP/1.1 200 OK
Content-Type: application/json; charset=utf-8
cache-control: no-cache
content-length: 14

21:02:07.011 [AsyncHttpClient-1-5] DEBUG org.asynchttpclient.netty.channel.ChannelManager - Adding key: http://localhost:62603 for channel [id: 0x333ca217, L:/127.0.0.1:52995 - R:localhost/127.0.0.1:62603]
21:02:07.015 [Forwarding findElement on session 554f09e00d39e786ac0a610d64620b4a to remote] DEBUG org.asynchttpclient.netty.request.NettyRequestSender - Using pooled Channel '[id: 0x333ca217, L:/127.0.0.1:52995 - R:localhost/127.0.0.1:62603]' for 'POST' to 'http://localhost:62603/session/554f09e00d39e786ac0a610d64620b4a/element'
21:02:07.015 [Forwarding findElement on session 554f09e00d39e786ac0a610d64620b4a to remote] DEBUG org.asynchttpclient.netty.request.NettyRequestSender - Using open Channel [id: 0x333ca217, L:/127.0.0.1:52995 - R:localhost/127.0.0.1:62603] for POST '/session/554f09e00d39e786ac0a610d64620b4a/element'
21:02:07.028 [AsyncHttpClient-1-5] DEBUG org.asynchttpclient.netty.handler.HttpHandler - 

Request DefaultHttpRequest(decodeResult: success, version: HTTP/1.1)
POST /session/554f09e00d39e786ac0a610d64620b4a/element HTTP/1.1
User-Agent: selenium/4.1.2 (java windows)
Content-Length: 129
Content-Type: application/json; charset=utf-8
host: localhost:62603
accept: */*

Response DefaultHttpResponse(decodeResult: success, version: HTTP/1.1)
HTTP/1.1 200 OK
Content-Type: application/json; charset=utf-8
cache-control: no-cache
content-length: 88

21:02:07.028 [AsyncHttpClient-1-5] DEBUG org.asynchttpclient.netty.channel.ChannelManager - Adding key: http://localhost:62603 for channel [id: 0x333ca217, L:/127.0.0.1:52995 - R:localhost/127.0.0.1:62603]
21:02:07.030 [Forwarding clickElement on session 554f09e00d39e786ac0a610d64620b4a to remote] DEBUG org.asynchttpclient.netty.request.NettyRequestSender - Using pooled Channel '[id: 0x333ca217, L:/127.0.0.1:52995 - R:localhost/127.0.0.1:62603]' for 'POST' to 'http://localhost:62603/session/554f09e00d39e786ac0a610d64620b4a/element/24d851f8-d8c7-436c-8275-d05e696deb28/click'
21:02:07.030 [Forwarding clickElement on session 554f09e00d39e786ac0a610d64620b4a to remote] DEBUG org.asynchttpclient.netty.request.NettyRequestSender - Using open Channel [id: 0x333ca217, L:/127.0.0.1:52995 - R:localhost/127.0.0.1:62603] for POST '/session/554f09e00d39e786ac0a610d64620b4a/element/24d851f8-d8c7-436c-8275-d05e696deb28/click'
21:02:08.111 [AsyncHttpClient-1-1] DEBUG org.asynchttpclient.netty.channel.DefaultChannelPool - Entry count for : http://localhost:52996 : 1
21:02:09.201 [AsyncHttpClient-1-1] DEBUG org.asynchttpclient.netty.channel.DefaultChannelPool - Entry count for : http://localhost:52996 : 1
21:02:10.305 [AsyncHttpClient-1-1] DEBUG org.asynchttpclient.netty.channel.DefaultChannelPool - Entry count for : http://localhost:52996 : 1
21:02:11.396 [AsyncHttpClient-1-1] DEBUG org.asynchttpclient.netty.channel.DefaultChannelPool - Entry count for : http://localhost:52996 : 1
21:02:12.398 [AsyncHttpClient-1-5] DEBUG org.asynchttpclient.netty.handler.HttpHandler - 

Request DefaultHttpRequest(decodeResult: success, version: HTTP/1.1)
POST /session/554f09e00d39e786ac0a610d64620b4a/element/24d851f8-d8c7-436c-8275-d05e696deb28/click HTTP/1.1
User-Agent: selenium/4.1.2 (java windows)
Content-Length: 50
Content-Type: application/json; charset=utf-8
host: localhost:62603
accept: */*

Response DefaultHttpResponse(decodeResult: success, version: HTTP/1.1)
HTTP/1.1 200 OK
Content-Type: application/json; charset=utf-8
cache-control: no-cache
content-length: 14

21:02:12.399 [AsyncHttpClient-1-5] DEBUG org.asynchttpclient.netty.channel.ChannelManager - Adding key: http://localhost:62603 for channel [id: 0x333ca217, L:/127.0.0.1:52995 - R:localhost/127.0.0.1:62603]
21:02:12.410 [Forwarding screenshot on session 554f09e00d39e786ac0a610d64620b4a to remote] DEBUG org.asynchttpclient.netty.request.NettyRequestSender - Using pooled Channel '[id: 0x333ca217, L:/127.0.0.1:52995 - R:localhost/127.0.0.1:62603]' for 'GET' to 'http://localhost:62603/session/554f09e00d39e786ac0a610d64620b4a/screenshot'
21:02:12.411 [Forwarding screenshot on session 554f09e00d39e786ac0a610d64620b4a to remote] DEBUG org.asynchttpclient.netty.request.NettyRequestSender - Using open Channel [id: 0x333ca217, L:/127.0.0.1:52995 - R:localhost/127.0.0.1:62603] for GET '/session/554f09e00d39e786ac0a610d64620b4a/screenshot'
21:02:12.501 [AsyncHttpClient-1-1] DEBUG org.asynchttpclient.netty.channel.DefaultChannelPool - Entry count for : http://localhost:52996 : 1
21:02:12.994 [AsyncHttpClient-1-5] DEBUG org.asynchttpclient.netty.handler.HttpHandler - 

Request DefaultFullHttpRequest(decodeResult: success, version: HTTP/1.1, content: EmptyByteBufBE)
GET /session/554f09e00d39e786ac0a610d64620b4a/screenshot HTTP/1.1
User-Agent: selenium/4.1.2 (java windows)
Cache-Control: no-cache
Content-Type: application/json; charset=utf-8
host: localhost:62603
accept: */*

Response DefaultHttpResponse(decodeResult: success, version: HTTP/1.1)
HTTP/1.1 200 OK
Content-Type: application/json; charset=utf-8
cache-control: no-cache
content-length: 26716

21:02:12.995 [AsyncHttpClient-1-5] DEBUG org.asynchttpclient.netty.channel.ChannelManager - Adding key: http://localhost:62603 for channel [id: 0x333ca217, L:/127.0.0.1:52995 - R:localhost/127.0.0.1:62603]
21:02:12.997 [main] DEBUG net.serenitybdd.core.photography.Darkroom - Send negative for processing for target\site\serenity\90223679a3100ec3e0cd8168786eb96947d1225ca87ea3becf4b6520e1f1cfc1.png
21:02:12.997 [main] DEBUG net.thucydides.core.steps.StepInterceptor - STEP DONE: clickLoginIcon
  &amp#27;[32mGiven &amp#27;[0m&amp#27;[32mi am on the login page&amp#27;[0m                            &amp#27;[90m# starter.stepdefenitions.LoginSteps.onLoginPage()&amp#27;[0m
21:02:12.997 [Darkroom Processing Line] DEBUG net.serenitybdd.core.photography.DarkroomProcessingLine - Processing screenshot image in /var/screenshots/screenshot-8274515686525409223
21:02:12.997 [Darkroom Processing Line] DEBUG net.serenitybdd.core.photography.DarkroomProcessingLine - Saving screenshot to target\site\serenity\90223679a3100ec3e0cd8168786eb96947d1225ca87ea3becf4b6520e1f1cfc1.png
21:02:13.011 [main] DEBUG net.thucydides.core.steps.StepInterceptor - STARTING STEP: LoginSteps.inputValidEmail - inputEmail
21:02:13.015 [Forwarding findElement on session 554f09e00d39e786ac0a610d64620b4a to remote] DEBUG org.asynchttpclient.netty.request.NettyRequestSender - Using pooled Channel '[id: 0x333ca217, L:/127.0.0.1:52995 - R:localhost/127.0.0.1:62603]' for 'POST' to 'http://localhost:62603/session/554f09e00d39e786ac0a610d64620b4a/element'
21:02:13.015 [Forwarding findElement on session 554f09e00d39e786ac0a610d64620b4a to remote] DEBUG org.asynchttpclient.netty.request.NettyRequestSender - Using open Channel [id: 0x333ca217, L:/127.0.0.1:52995 - R:localhost/127.0.0.1:62603] for POST '/session/554f09e00d39e786ac0a610d64620b4a/element'
21:02:13.031 [AsyncHttpClient-1-5] DEBUG org.asynchttpclient.netty.handler.HttpHandler - 

Request DefaultHttpRequest(decodeResult: success, version: HTTP/1.1)
POST /session/554f09e00d39e786ac0a610d64620b4a/element HTTP/1.1
User-Agent: selenium/4.1.2 (java windows)
Content-Length: 110
Content-Type: application/json; charset=utf-8
host: localhost:62603
accept: */*

Response DefaultHttpResponse(decodeResult: success, version: HTTP/1.1)
HTTP/1.1 200 OK
Content-Type: application/json; charset=utf-8
cache-control: no-cache
content-length: 88

21:02:13.031 [AsyncHttpClient-1-5] DEBUG org.asynchttpclient.netty.channel.ChannelManager - Adding key: http://localhost:62603 for channel [id: 0x333ca217, L:/127.0.0.1:52995 - R:localhost/127.0.0.1:62603]
21:02:13.033 [Forwarding clearElement on session 554f09e00d39e786ac0a610d64620b4a to remote] DEBUG org.asynchttpclient.netty.request.NettyRequestSender - Using pooled Channel '[id: 0x333ca217, L:/127.0.0.1:52995 - R:localhost/127.0.0.1:62603]' for 'POST' to 'http://localhost:62603/session/554f09e00d39e786ac0a610d64620b4a/element/a8af3605-2476-4b3f-a011-cd083755b8ee/clear'
21:02:13.033 [Forwarding clearElement on session 554f09e00d39e786ac0a610d64620b4a to remote] DEBUG org.asynchttpclient.netty.request.NettyRequestSender - Using open Channel [id: 0x333ca217, L:/127.0.0.1:52995 - R:localhost/127.0.0.1:62603] for POST '/session/554f09e00d39e786ac0a610d64620b4a/element/a8af3605-2476-4b3f-a011-cd083755b8ee/clear'
21:02:13.076 [AsyncHttpClient-1-5] DEBUG org.asynchttpclient.netty.handler.HttpHandler - 

Request DefaultHttpRequest(decodeResult: success, version: HTTP/1.1)
POST /session/554f09e00d39e786ac0a610d64620b4a/element/a8af3605-2476-4b3f-a011-cd083755b8ee/clear HTTP/1.1
User-Agent: selenium/4.1.2 (java windows)
Content-Length: 50
Content-Type: application/json; charset=utf-8
host: localhost:62603
accept: */*

Response DefaultHttpResponse(decodeResult: success, version: HTTP/1.1)
HTTP/1.1 200 OK
Content-Type: application/json; charset=utf-8
cache-control: no-cache
content-length: 14

21:02:13.077 [AsyncHttpClient-1-5] DEBUG org.asynchttpclient.netty.channel.ChannelManager - Adding key: http://localhost:62603 for channel [id: 0x333ca217, L:/127.0.0.1:52995 - R:localhost/127.0.0.1:62603]
21:02:13.079 [Forwarding sendKeysToElement on session 554f09e00d39e786ac0a610d64620b4a to remote] DEBUG org.asynchttpclient.netty.request.NettyRequestSender - Using pooled Channel '[id: 0x333ca217, L:/127.0.0.1:52995 - R:localhost/127.0.0.1:62603]' for 'POST' to 'http://localhost:62603/session/554f09e00d39e786ac0a610d64620b4a/element/a8af3605-2476-4b3f-a011-cd083755b8ee/value'
21:02:13.079 [Forwarding sendKeysToElement on session 554f09e00d39e786ac0a610d64620b4a to remote] DEBUG org.asynchttpclient.netty.request.NettyRequestSender - Using open Channel [id: 0x333ca217, L:/127.0.0.1:52995 - R:localhost/127.0.0.1:62603] for POST '/session/554f09e00d39e786ac0a610d64620b4a/element/a8af3605-2476-4b3f-a011-cd083755b8ee/value'
21:02:13.250 [AsyncHttpClient-1-5] DEBUG org.asynchttpclient.netty.handler.HttpHandler - 

Request DefaultHttpRequest(decodeResult: success, version: HTTP/1.1)
POST /session/554f09e00d39e786ac0a610d64620b4a/element/a8af3605-2476-4b3f-a011-cd083755b8ee/value HTTP/1.1
User-Agent: selenium/4.1.2 (java windows)
Content-Length: 231
Content-Type: application/json; charset=utf-8
host: localhost:62603
accept: */*

Response DefaultHttpResponse(decodeResult: success, version: HTTP/1.1)
HTTP/1.1 200 OK
Content-Type: application/json; charset=utf-8
cache-control: no-cache
content-length: 14

21:02:13.251 [AsyncHttpClient-1-5] DEBUG org.asynchttpclient.netty.channel.ChannelManager - Adding key: http://localhost:62603 for channel [id: 0x333ca217, L:/127.0.0.1:52995 - R:localhost/127.0.0.1:62603]
21:02:13.264 [Forwarding screenshot on session 554f09e00d39e786ac0a610d64620b4a to remote] DEBUG org.asynchttpclient.netty.request.NettyRequestSender - Using pooled Channel '[id: 0x333ca217, L:/127.0.0.1:52995 - R:localhost/127.0.0.1:62603]' for 'GET' to 'http://localhost:62603/session/554f09e00d39e786ac0a610d64620b4a/screenshot'
21:02:13.264 [Forwarding screenshot on session 554f09e00d39e786ac0a610d64620b4a to remote] DEBUG org.asynchttpclient.netty.request.NettyRequestSender - Using open Channel [id: 0x333ca217, L:/127.0.0.1:52995 - R:localhost/127.0.0.1:62603] for GET '/session/554f09e00d39e786ac0a610d64620b4a/screenshot'
21:02:13.442 [AsyncHttpClient-1-5] DEBUG org.asynchttpclient.netty.handler.HttpHandler - 

Request DefaultFullHttpRequest(decodeResult: success, version: HTTP/1.1, content: EmptyByteBufBE)
GET /session/554f09e00d39e786ac0a610d64620b4a/screenshot HTTP/1.1
User-Agent: selenium/4.1.2 (java windows)
Cache-Control: no-cache
Content-Type: application/json; charset=utf-8
host: localhost:62603
accept: */*

Response DefaultHttpResponse(decodeResult: success, version: HTTP/1.1)
HTTP/1.1 200 OK
Content-Type: application/json; charset=utf-8
cache-control: no-cache
content-length: 30464

21:02:13.442 [AsyncHttpClient-1-5] DEBUG org.asynchttpclient.netty.channel.ChannelManager - Adding key: http://localhost:62603 for channel [id: 0x333ca217, L:/127.0.0.1:52995 - R:localhost/127.0.0.1:62603]
21:02:13.444 [main] DEBUG net.serenitybdd.core.photography.Darkroom - Send negative for processing for target\site\serenity\09da81b56b4c5e7f02dc0c6aa909bb1f13f928e618d716dd6bdde36f8125ea78.png
21:02:13.445 [main] DEBUG net.thucydides.core.steps.StepInterceptor - STEP DONE: inputEmail
  &amp#27;[32mWhen &amp#27;[0m&amp#27;[32mi input valid email&amp#27;[0m                                &amp#27;[90m# starter.stepdefenitions.LoginSteps.inputValidEmail()&amp#27;[0m
21:02:13.445 [Darkroom Processing Line] DEBUG net.serenitybdd.core.photography.DarkroomProcessingLine - Processing screenshot image in /var/screenshots/screenshot-4676642333811546496
21:02:13.445 [Darkroom Processing Line] DEBUG net.serenitybdd.core.photography.DarkroomProcessingLine - Saving screenshot to target\site\serenity\09da81b56b4c5e7f02dc0c6aa909bb1f13f928e618d716dd6bdde36f8125ea78.png
21:02:13.461 [main] DEBUG net.thucydides.core.steps.StepInterceptor - STARTING STEP: LoginSteps.inputValidPassword - inputPassword
21:02:13.464 [Forwarding findElement on session 554f09e00d39e786ac0a610d64620b4a to remote] DEBUG org.asynchttpclient.netty.request.NettyRequestSender - Using pooled Channel '[id: 0x333ca217, L:/127.0.0.1:52995 - R:localhost/127.0.0.1:62603]' for 'POST' to 'http://localhost:62603/session/554f09e00d39e786ac0a610d64620b4a/element'
21:02:13.464 [Forwarding findElement on session 554f09e00d39e786ac0a610d64620b4a to remote] DEBUG org.asynchttpclient.netty.request.NettyRequestSender - Using open Channel [id: 0x333ca217, L:/127.0.0.1:52995 - R:localhost/127.0.0.1:62603] for POST '/session/554f09e00d39e786ac0a610d64620b4a/element'
21:02:13.483 [AsyncHttpClient-1-5] DEBUG org.asynchttpclient.netty.handler.HttpHandler - 

Request DefaultHttpRequest(decodeResult: success, version: HTTP/1.1)
POST /session/554f09e00d39e786ac0a610d64620b4a/element HTTP/1.1
User-Agent: selenium/4.1.2 (java windows)
Content-Length: 113
Content-Type: application/json; charset=utf-8
host: localhost:62603
accept: */*

Response DefaultHttpResponse(decodeResult: success, version: HTTP/1.1)
HTTP/1.1 200 OK
Content-Type: application/json; charset=utf-8
cache-control: no-cache
content-length: 88

21:02:13.483 [AsyncHttpClient-1-5] DEBUG org.asynchttpclient.netty.channel.ChannelManager - Adding key: http://localhost:62603 for channel [id: 0x333ca217, L:/127.0.0.1:52995 - R:localhost/127.0.0.1:62603]
21:02:13.484 [Forwarding clearElement on session 554f09e00d39e786ac0a610d64620b4a to remote] DEBUG org.asynchttpclient.netty.request.NettyRequestSender - Using pooled Channel '[id: 0x333ca217, L:/127.0.0.1:52995 - R:localhost/127.0.0.1:62603]' for 'POST' to 'http://localhost:62603/session/554f09e00d39e786ac0a610d64620b4a/element/6f40cab3-e9b4-4d7c-b059-cad4a8a8c06f/clear'
21:02:13.484 [Forwarding clearElement on session 554f09e00d39e786ac0a610d64620b4a to remote] DEBUG org.asynchttpclient.netty.request.NettyRequestSender - Using open Channel [id: 0x333ca217, L:/127.0.0.1:52995 - R:localhost/127.0.0.1:62603] for POST '/session/554f09e00d39e786ac0a610d64620b4a/element/6f40cab3-e9b4-4d7c-b059-cad4a8a8c06f/clear'
21:02:13.525 [AsyncHttpClient-1-5] DEBUG org.asynchttpclient.netty.handler.HttpHandler - 

Request DefaultHttpRequest(decodeResult: success, version: HTTP/1.1)
POST /session/554f09e00d39e786ac0a610d64620b4a/element/6f40cab3-e9b4-4d7c-b059-cad4a8a8c06f/clear HTTP/1.1
User-Agent: selenium/4.1.2 (java windows)
Content-Length: 50
Content-Type: application/json; charset=utf-8
host: localhost:62603
accept: */*

Response DefaultHttpResponse(decodeResult: success, version: HTTP/1.1)
HTTP/1.1 200 OK
Content-Type: application/json; charset=utf-8
cache-control: no-cache
content-length: 14

21:02:13.525 [AsyncHttpClient-1-5] DEBUG org.asynchttpclient.netty.channel.ChannelManager - Adding key: http://localhost:62603 for channel [id: 0x333ca217, L:/127.0.0.1:52995 - R:localhost/127.0.0.1:62603]
21:02:13.526 [Forwarding sendKeysToElement on session 554f09e00d39e786ac0a610d64620b4a to remote] DEBUG org.asynchttpclient.netty.request.NettyRequestSender - Using pooled Channel '[id: 0x333ca217, L:/127.0.0.1:52995 - R:localhost/127.0.0.1:62603]' for 'POST' to 'http://localhost:62603/session/554f09e00d39e786ac0a610d64620b4a/element/6f40cab3-e9b4-4d7c-b059-cad4a8a8c06f/value'
21:02:13.526 [Forwarding sendKeysToElement on session 554f09e00d39e786ac0a610d64620b4a to remote] DEBUG org.asynchttpclient.netty.request.NettyRequestSender - Using open Channel [id: 0x333ca217, L:/127.0.0.1:52995 - R:localhost/127.0.0.1:62603] for POST '/session/554f09e00d39e786ac0a610d64620b4a/element/6f40cab3-e9b4-4d7c-b059-cad4a8a8c06f/value'
21:02:13.601 [AsyncHttpClient-1-1] DEBUG org.asynchttpclient.netty.channel.DefaultChannelPool - Entry count for : http://localhost:52996 : 1
21:02:13.620 [AsyncHttpClient-1-5] DEBUG org.asynchttpclient.netty.handler.HttpHandler - 

Request DefaultHttpRequest(decodeResult: success, version: HTTP/1.1)
POST /session/554f09e00d39e786ac0a610d64620b4a/element/6f40cab3-e9b4-4d7c-b059-cad4a8a8c06f/value HTTP/1.1
User-Agent: selenium/4.1.2 (java windows)
Content-Length: 111
Content-Type: application/json; charset=utf-8
host: localhost:62603
accept: */*

Response DefaultHttpResponse(decodeResult: success, version: HTTP/1.1)
HTTP/1.1 200 OK
Content-Type: application/json; charset=utf-8
cache-control: no-cache
content-length: 14

21:02:13.620 [AsyncHttpClient-1-5] DEBUG org.asynchttpclient.netty.channel.ChannelManager - Adding key: http://localhost:62603 for channel [id: 0x333ca217, L:/127.0.0.1:52995 - R:localhost/127.0.0.1:62603]
21:02:13.628 [Forwarding screenshot on session 554f09e00d39e786ac0a610d64620b4a to remote] DEBUG org.asynchttpclient.netty.request.NettyRequestSender - Using pooled Channel '[id: 0x333ca217, L:/127.0.0.1:52995 - R:localhost/127.0.0.1:62603]' for 'GET' to 'http://localhost:62603/session/554f09e00d39e786ac0a610d64620b4a/screenshot'
21:02:13.628 [Forwarding screenshot on session 554f09e00d39e786ac0a610d64620b4a to remote] DEBUG org.asynchttpclient.netty.request.NettyRequestSender - Using open Channel [id: 0x333ca217, L:/127.0.0.1:52995 - R:localhost/127.0.0.1:62603] for GET '/session/554f09e00d39e786ac0a610d64620b4a/screenshot'
21:02:13.817 [AsyncHttpClient-1-5] DEBUG org.asynchttpclient.netty.handler.HttpHandler - 

Request DefaultFullHttpRequest(decodeResult: success, version: HTTP/1.1, content: EmptyByteBufBE)
GET /session/554f09e00d39e786ac0a610d64620b4a/screenshot HTTP/1.1
User-Agent: selenium/4.1.2 (java windows)
Cache-Control: no-cache
Content-Type: application/json; charset=utf-8
host: localhost:62603
accept: */*

Response DefaultHttpResponse(decodeResult: success, version: HTTP/1.1)
HTTP/1.1 200 OK
Content-Type: application/json; charset=utf-8
cache-control: no-cache
content-length: 30876

21:02:13.818 [AsyncHttpClient-1-5] DEBUG org.asynchttpclient.netty.channel.ChannelManager - Adding key: http://localhost:62603 for channel [id: 0x333ca217, L:/127.0.0.1:52995 - R:localhost/127.0.0.1:62603]
21:02:13.821 [main] DEBUG net.serenitybdd.core.photography.Darkroom - Send negative for processing for target\site\serenity\28ec1b284bb46795f3ba4c1c581fa85bb281d5dc28b4c771e514dd35043f0aa4.png
21:02:13.822 [main] DEBUG net.thucydides.core.steps.StepInterceptor - STEP DONE: inputPassword
  &amp#27;[32mAnd &amp#27;[0m&amp#27;[32mi input valid password&amp#27;[0m                              &amp#27;[90m# starter.stepdefenitions.LoginSteps.inputValidPassword()&amp#27;[0m
21:02:13.823 [Darkroom Processing Line] DEBUG net.serenitybdd.core.photography.DarkroomProcessingLine - Processing screenshot image in /var/screenshots/screenshot-4792039959556641586
21:02:13.823 [Darkroom Processing Line] DEBUG net.serenitybdd.core.photography.DarkroomProcessingLine - Saving screenshot to target\site\serenity\28ec1b284bb46795f3ba4c1c581fa85bb281d5dc28b4c771e514dd35043f0aa4.png
21:02:13.839 [main] DEBUG net.thucydides.core.steps.StepInterceptor - STARTING STEP: LoginSteps.clickLoginButton - clickLoginButton
21:02:13.847 [Forwarding findElement on session 554f09e00d39e786ac0a610d64620b4a to remote] DEBUG org.asynchttpclient.netty.request.NettyRequestSender - Using pooled Channel '[id: 0x333ca217, L:/127.0.0.1:52995 - R:localhost/127.0.0.1:62603]' for 'POST' to 'http://localhost:62603/session/554f09e00d39e786ac0a610d64620b4a/element'
21:02:13.848 [Forwarding findElement on session 554f09e00d39e786ac0a610d64620b4a to remote] DEBUG org.asynchttpclient.netty.request.NettyRequestSender - Using open Channel [id: 0x333ca217, L:/127.0.0.1:52995 - R:localhost/127.0.0.1:62603] for POST '/session/554f09e00d39e786ac0a610d64620b4a/element'
21:02:13.869 [AsyncHttpClient-1-5] DEBUG org.asynchttpclient.netty.handler.HttpHandler - 

Request DefaultHttpRequest(decodeResult: success, version: HTTP/1.1)
POST /session/554f09e00d39e786ac0a610d64620b4a/element HTTP/1.1
User-Agent: selenium/4.1.2 (java windows)
Content-Length: 83
Content-Type: application/json; charset=utf-8
host: localhost:62603
accept: */*

Response DefaultHttpResponse(decodeResult: success, version: HTTP/1.1)
HTTP/1.1 200 OK
Content-Type: application/json; charset=utf-8
cache-control: no-cache
content-length: 88

21:02:13.869 [AsyncHttpClient-1-5] DEBUG org.asynchttpclient.netty.channel.ChannelManager - Adding key: http://localhost:62603 for channel [id: 0x333ca217, L:/127.0.0.1:52995 - R:localhost/127.0.0.1:62603]
21:02:13.871 [Forwarding getElementTagName on session 554f09e00d39e786ac0a610d64620b4a to remote] DEBUG org.asynchttpclient.netty.request.NettyRequestSender - Using pooled Channel '[id: 0x333ca217, L:/127.0.0.1:52995 - R:localhost/127.0.0.1:62603]' for 'GET' to 'http://localhost:62603/session/554f09e00d39e786ac0a610d64620b4a/element/e6de61e3-987d-4d46-b630-5bec121d4ff2/name'
21:02:13.871 [Forwarding getElementTagName on session 554f09e00d39e786ac0a610d64620b4a to remote] DEBUG org.asynchttpclient.netty.request.NettyRequestSender - Using open Channel [id: 0x333ca217, L:/127.0.0.1:52995 - R:localhost/127.0.0.1:62603] for GET '/session/554f09e00d39e786ac0a610d64620b4a/element/e6de61e3-987d-4d46-b630-5bec121d4ff2/name'
21:02:13.877 [AsyncHttpClient-1-5] DEBUG org.asynchttpclient.netty.handler.HttpHandler - 

Request DefaultFullHttpRequest(decodeResult: success, version: HTTP/1.1, content: EmptyByteBufBE)
GET /session/554f09e00d39e786ac0a610d64620b4a/element/e6de61e3-987d-4d46-b630-5bec121d4ff2/name HTTP/1.1
User-Agent: selenium/4.1.2 (java windows)
Cache-Control: no-cache
Content-Type: application/json; charset=utf-8
host: localhost:62603
accept: */*

Response DefaultHttpResponse(decodeResult: success, version: HTTP/1.1)
HTTP/1.1 200 OK
Content-Type: application/json; charset=utf-8
cache-control: no-cache
content-length: 16

21:02:13.877 [AsyncHttpClient-1-5] DEBUG org.asynchttpclient.netty.channel.ChannelManager - Adding key: http://localhost:62603 for channel [id: 0x333ca217, L:/127.0.0.1:52995 - R:localhost/127.0.0.1:62603]
21:02:13.878 [Forwarding getElementTagName on session 554f09e00d39e786ac0a610d64620b4a to remote] DEBUG org.asynchttpclient.netty.request.NettyRequestSender - Using pooled Channel '[id: 0x333ca217, L:/127.0.0.1:52995 - R:localhost/127.0.0.1:62603]' for 'GET' to 'http://localhost:62603/session/554f09e00d39e786ac0a610d64620b4a/element/e6de61e3-987d-4d46-b630-5bec121d4ff2/name'
21:02:13.879 [Forwarding getElementTagName on session 554f09e00d39e786ac0a610d64620b4a to remote] DEBUG org.asynchttpclient.netty.request.NettyRequestSender - Using open Channel [id: 0x333ca217, L:/127.0.0.1:52995 - R:localhost/127.0.0.1:62603] for GET '/session/554f09e00d39e786ac0a610d64620b4a/element/e6de61e3-987d-4d46-b630-5bec121d4ff2/name'
21:02:13.892 [AsyncHttpClient-1-5] DEBUG org.asynchttpclient.netty.handler.HttpHandler - 

Request DefaultFullHttpRequest(decodeResult: success, version: HTTP/1.1, content: EmptyByteBufBE)
GET /session/554f09e00d39e786ac0a610d64620b4a/element/e6de61e3-987d-4d46-b630-5bec121d4ff2/name HTTP/1.1
User-Agent: selenium/4.1.2 (java windows)
Cache-Control: no-cache
Content-Type: application/json; charset=utf-8
host: localhost:62603
accept: */*

Response DefaultHttpResponse(decodeResult: success, version: HTTP/1.1)
HTTP/1.1 200 OK
Content-Type: application/json; charset=utf-8
cache-control: no-cache
content-length: 16

21:02:13.892 [AsyncHttpClient-1-5] DEBUG org.asynchttpclient.netty.channel.ChannelManager - Adding key: http://localhost:62603 for channel [id: 0x333ca217, L:/127.0.0.1:52995 - R:localhost/127.0.0.1:62603]
21:02:13.894 [Forwarding findElement on session 554f09e00d39e786ac0a610d64620b4a to remote] DEBUG org.asynchttpclient.netty.request.NettyRequestSender - Using pooled Channel '[id: 0x333ca217, L:/127.0.0.1:52995 - R:localhost/127.0.0.1:62603]' for 'POST' to 'http://localhost:62603/session/554f09e00d39e786ac0a610d64620b4a/element'
21:02:13.894 [Forwarding findElement on session 554f09e00d39e786ac0a610d64620b4a to remote] DEBUG org.asynchttpclient.netty.request.NettyRequestSender - Using open Channel [id: 0x333ca217, L:/127.0.0.1:52995 - R:localhost/127.0.0.1:62603] for POST '/session/554f09e00d39e786ac0a610d64620b4a/element'
21:02:13.909 [AsyncHttpClient-1-5] DEBUG org.asynchttpclient.netty.handler.HttpHandler - 

Request DefaultHttpRequest(decodeResult: success, version: HTTP/1.1)
POST /session/554f09e00d39e786ac0a610d64620b4a/element HTTP/1.1
User-Agent: selenium/4.1.2 (java windows)
Content-Length: 83
Content-Type: application/json; charset=utf-8
host: localhost:62603
accept: */*

Response DefaultHttpResponse(decodeResult: success, version: HTTP/1.1)
HTTP/1.1 200 OK
Content-Type: application/json; charset=utf-8
cache-control: no-cache
content-length: 88

21:02:13.909 [AsyncHttpClient-1-5] DEBUG org.asynchttpclient.netty.channel.ChannelManager - Adding key: http://localhost:62603 for channel [id: 0x333ca217, L:/127.0.0.1:52995 - R:localhost/127.0.0.1:62603]
21:02:13.910 [Forwarding clickElement on session 554f09e00d39e786ac0a610d64620b4a to remote] DEBUG org.asynchttpclient.netty.request.NettyRequestSender - Using pooled Channel '[id: 0x333ca217, L:/127.0.0.1:52995 - R:localhost/127.0.0.1:62603]' for 'POST' to 'http://localhost:62603/session/554f09e00d39e786ac0a610d64620b4a/element/e6de61e3-987d-4d46-b630-5bec121d4ff2/click'
21:02:13.910 [Forwarding clickElement on session 554f09e00d39e786ac0a610d64620b4a to remote] DEBUG org.asynchttpclient.netty.request.NettyRequestSender - Using open Channel [id: 0x333ca217, L:/127.0.0.1:52995 - R:localhost/127.0.0.1:62603] for POST '/session/554f09e00d39e786ac0a610d64620b4a/element/e6de61e3-987d-4d46-b630-5bec121d4ff2/click'
21:02:13.974 [AsyncHttpClient-1-5] DEBUG org.asynchttpclient.netty.handler.HttpHandler - 

Request DefaultHttpRequest(decodeResult: success, version: HTTP/1.1)
POST /session/554f09e00d39e786ac0a610d64620b4a/element/e6de61e3-987d-4d46-b630-5bec121d4ff2/click HTTP/1.1
User-Agent: selenium/4.1.2 (java windows)
Content-Length: 50
Content-Type: application/json; charset=utf-8
host: localhost:62603
accept: */*

Response DefaultHttpResponse(decodeResult: success, version: HTTP/1.1)
HTTP/1.1 200 OK
Content-Type: application/json; charset=utf-8
cache-control: no-cache
content-length: 14

21:02:13.974 [AsyncHttpClient-1-5] DEBUG org.asynchttpclient.netty.channel.ChannelManager - Adding key: http://localhost:62603 for channel [id: 0x333ca217, L:/127.0.0.1:52995 - R:localhost/127.0.0.1:62603]
21:02:13.979 [Forwarding screenshot on session 554f09e00d39e786ac0a610d64620b4a to remote] DEBUG org.asynchttpclient.netty.request.NettyRequestSender - Using pooled Channel '[id: 0x333ca217, L:/127.0.0.1:52995 - R:localhost/127.0.0.1:62603]' for 'GET' to 'http://localhost:62603/session/554f09e00d39e786ac0a610d64620b4a/screenshot'
21:02:13.979 [Forwarding screenshot on session 554f09e00d39e786ac0a610d64620b4a to remote] DEBUG org.asynchttpclient.netty.request.NettyRequestSender - Using open Channel [id: 0x333ca217, L:/127.0.0.1:52995 - R:localhost/127.0.0.1:62603] for GET '/session/554f09e00d39e786ac0a610d64620b4a/screenshot'
21:02:14.191 [AsyncHttpClient-1-5] DEBUG org.asynchttpclient.netty.handler.HttpHandler - 

Request DefaultFullHttpRequest(decodeResult: success, version: HTTP/1.1, content: EmptyByteBufBE)
GET /session/554f09e00d39e786ac0a610d64620b4a/screenshot HTTP/1.1
User-Agent: selenium/4.1.2 (java windows)
Cache-Control: no-cache
Content-Type: application/json; charset=utf-8
host: localhost:62603
accept: */*

Response DefaultHttpResponse(decodeResult: success, version: HTTP/1.1)
HTTP/1.1 200 OK
Content-Type: application/json; charset=utf-8
cache-control: no-cache
content-length: 30344

21:02:14.191 [AsyncHttpClient-1-5] DEBUG org.asynchttpclient.netty.channel.ChannelManager - Adding key: http://localhost:62603 for channel [id: 0x333ca217, L:/127.0.0.1:52995 - R:localhost/127.0.0.1:62603]
21:02:14.193 [main] DEBUG net.serenitybdd.core.photography.Darkroom - Send negative for processing for target\site\serenity\a973a253588f9b6e4d16f2a2da7c7e459135949ac6f4bfe16313498a31bce40b.png
21:02:14.193 [main] DEBUG net.thucydides.core.steps.StepInterceptor - STEP DONE: clickLoginButton
  &amp#27;[32mAnd &amp#27;[0m&amp#27;[32mi click login button&amp#27;[0m                                &amp#27;[90m# starter.stepdefenitions.LoginSteps.clickLoginButton()&amp#27;[0m
21:02:14.194 [Darkroom Processing Line] DEBUG net.serenitybdd.core.photography.DarkroomProcessingLine - Processing screenshot image in /var/screenshots/screenshot-660285019270582006
21:02:14.194 [Darkroom Processing Line] DEBUG net.serenitybdd.core.photography.DarkroomProcessingLine - Saving screenshot to target\site\serenity\a973a253588f9b6e4d16f2a2da7c7e459135949ac6f4bfe16313498a31bce40b.png
21:02:14.219 [main] DEBUG net.thucydides.core.steps.StepInterceptor - STARTING STEP: TransactionSteps.userClickItems - clickItems
21:02:14.222 [Forwarding findElement on session 554f09e00d39e786ac0a610d64620b4a to remote] DEBUG org.asynchttpclient.netty.request.NettyRequestSender - Using pooled Channel '[id: 0x333ca217, L:/127.0.0.1:52995 - R:localhost/127.0.0.1:62603]' for 'POST' to 'http://localhost:62603/session/554f09e00d39e786ac0a610d64620b4a/element'
21:02:14.222 [Forwarding findElement on session 554f09e00d39e786ac0a610d64620b4a to remote] DEBUG org.asynchttpclient.netty.request.NettyRequestSender - Using open Channel [id: 0x333ca217, L:/127.0.0.1:52995 - R:localhost/127.0.0.1:62603] for POST '/session/554f09e00d39e786ac0a610d64620b4a/element'
21:02:14.700 [AsyncHttpClient-1-1] DEBUG org.asynchttpclient.netty.channel.DefaultChannelPool - Entry count for : http://localhost:52996 : 1
21:02:15.795 [AsyncHttpClient-1-1] DEBUG org.asynchttpclient.netty.channel.DefaultChannelPool - Entry count for : http://localhost:52996 : 1
21:02:16.501 [AsyncHttpClient-1-5] DEBUG org.asynchttpclient.netty.handler.HttpHandler - 

Request DefaultHttpRequest(decodeResult: success, version: HTTP/1.1)
POST /session/554f09e00d39e786ac0a610d64620b4a/element HTTP/1.1
User-Agent: selenium/4.1.2 (java windows)
Content-Length: 150
Content-Type: application/json; charset=utf-8
host: localhost:62603
accept: */*

Response DefaultHttpResponse(decodeResult: success, version: HTTP/1.1)
HTTP/1.1 404 Not Found
Content-Type: application/json; charset=utf-8
cache-control: no-cache
content-length: 1109

21:02:16.501 [AsyncHttpClient-1-5] DEBUG org.asynchttpclient.netty.channel.ChannelManager - Adding key: http://localhost:62603 for channel [id: 0x333ca217, L:/127.0.0.1:52995 - R:localhost/127.0.0.1:62603]
21:02:16.651 [Forwarding findElement on session 554f09e00d39e786ac0a610d64620b4a to remote] DEBUG org.asynchttpclient.netty.request.NettyRequestSender - Using pooled Channel '[id: 0x333ca217, L:/127.0.0.1:52995 - R:localhost/127.0.0.1:62603]' for 'POST' to 'http://localhost:62603/session/554f09e00d39e786ac0a610d64620b4a/element'
21:02:16.651 [Forwarding findElement on session 554f09e00d39e786ac0a610d64620b4a to remote] DEBUG org.asynchttpclient.netty.request.NettyRequestSender - Using open Channel [id: 0x333ca217, L:/127.0.0.1:52995 - R:localhost/127.0.0.1:62603] for POST '/session/554f09e00d39e786ac0a610d64620b4a/element'
21:02:16.902 [AsyncHttpClient-1-1] DEBUG org.asynchttpclient.netty.channel.DefaultChannelPool - Entry count for : http://localhost:52996 : 1
21:02:18.006 [AsyncHttpClient-1-1] DEBUG org.asynchttpclient.netty.channel.DefaultChannelPool - Entry count for : http://localhost:52996 : 1
21:02:19.099 [AsyncHttpClient-1-1] DEBUG org.asynchttpclient.netty.channel.DefaultChannelPool - Entry count for : http://localhost:52996 : 1
21:02:20.205 [AsyncHttpClient-1-1] DEBUG org.asynchttpclient.netty.channel.DefaultChannelPool - Entry count for : http://localhost:52996 : 1
21:02:20.332 [AsyncHttpClient-1-5] DEBUG org.asynchttpclient.netty.handler.HttpHandler - 

Request DefaultHttpRequest(decodeResult: success, version: HTTP/1.1)
POST /session/554f09e00d39e786ac0a610d64620b4a/element HTTP/1.1
User-Agent: selenium/4.1.2 (java windows)
Content-Length: 150
Content-Type: application/json; charset=utf-8
host: localhost:62603
accept: */*

Response DefaultHttpResponse(decodeResult: success, version: HTTP/1.1)
HTTP/1.1 200 OK
Content-Type: application/json; charset=utf-8
cache-control: no-cache
content-length: 88

21:02:20.332 [AsyncHttpClient-1-5] DEBUG org.asynchttpclient.netty.channel.ChannelManager - Adding key: http://localhost:62603 for channel [id: 0x333ca217, L:/127.0.0.1:52995 - R:localhost/127.0.0.1:62603]
21:02:20.333 [Forwarding getElementTagName on session 554f09e00d39e786ac0a610d64620b4a to remote] DEBUG org.asynchttpclient.netty.request.NettyRequestSender - Using pooled Channel '[id: 0x333ca217, L:/127.0.0.1:52995 - R:localhost/127.0.0.1:62603]' for 'GET' to 'http://localhost:62603/session/554f09e00d39e786ac0a610d64620b4a/element/be618481-24dc-4438-9771-50162ad57d23/name'
21:02:20.333 [Forwarding getElementTagName on session 554f09e00d39e786ac0a610d64620b4a to remote] DEBUG org.asynchttpclient.netty.request.NettyRequestSender - Using open Channel [id: 0x333ca217, L:/127.0.0.1:52995 - R:localhost/127.0.0.1:62603] for GET '/session/554f09e00d39e786ac0a610d64620b4a/element/be618481-24dc-4438-9771-50162ad57d23/name'
21:02:20.337 [AsyncHttpClient-1-5] DEBUG org.asynchttpclient.netty.handler.HttpHandler - 

Request DefaultFullHttpRequest(decodeResult: success, version: HTTP/1.1, content: EmptyByteBufBE)
GET /session/554f09e00d39e786ac0a610d64620b4a/element/be618481-24dc-4438-9771-50162ad57d23/name HTTP/1.1
User-Agent: selenium/4.1.2 (java windows)
Cache-Control: no-cache
Content-Type: application/json; charset=utf-8
host: localhost:62603
accept: */*

Response DefaultHttpResponse(decodeResult: success, version: HTTP/1.1)
HTTP/1.1 200 OK
Content-Type: application/json; charset=utf-8
cache-control: no-cache
content-length: 18

21:02:20.338 [AsyncHttpClient-1-5] DEBUG org.asynchttpclient.netty.channel.ChannelManager - Adding key: http://localhost:62603 for channel [id: 0x333ca217, L:/127.0.0.1:52995 - R:localhost/127.0.0.1:62603]
21:02:20.339 [Forwarding getElementTagName on session 554f09e00d39e786ac0a610d64620b4a to remote] DEBUG org.asynchttpclient.netty.request.NettyRequestSender - Using pooled Channel '[id: 0x333ca217, L:/127.0.0.1:52995 - R:localhost/127.0.0.1:62603]' for 'GET' to 'http://localhost:62603/session/554f09e00d39e786ac0a610d64620b4a/element/be618481-24dc-4438-9771-50162ad57d23/name'
21:02:20.339 [Forwarding getElementTagName on session 554f09e00d39e786ac0a610d64620b4a to remote] DEBUG org.asynchttpclient.netty.request.NettyRequestSender - Using open Channel [id: 0x333ca217, L:/127.0.0.1:52995 - R:localhost/127.0.0.1:62603] for GET '/session/554f09e00d39e786ac0a610d64620b4a/element/be618481-24dc-4438-9771-50162ad57d23/name'
21:02:20.343 [AsyncHttpClient-1-5] DEBUG org.asynchttpclient.netty.handler.HttpHandler - 

Request DefaultFullHttpRequest(decodeResult: success, version: HTTP/1.1, content: EmptyByteBufBE)
GET /session/554f09e00d39e786ac0a610d64620b4a/element/be618481-24dc-4438-9771-50162ad57d23/name HTTP/1.1
User-Agent: selenium/4.1.2 (java windows)
Cache-Control: no-cache
Content-Type: application/json; charset=utf-8
host: localhost:62603
accept: */*

Response DefaultHttpResponse(decodeResult: success, version: HTTP/1.1)
HTTP/1.1 200 OK
Content-Type: application/json; charset=utf-8
cache-control: no-cache
content-length: 18

21:02:20.343 [AsyncHttpClient-1-5] DEBUG org.asynchttpclient.netty.channel.ChannelManager - Adding key: http://localhost:62603 for channel [id: 0x333ca217, L:/127.0.0.1:52995 - R:localhost/127.0.0.1:62603]
21:02:20.345 [Forwarding isElementEnabled on session 554f09e00d39e786ac0a610d64620b4a to remote] DEBUG org.asynchttpclient.netty.request.NettyRequestSender - Using pooled Channel '[id: 0x333ca217, L:/127.0.0.1:52995 - R:localhost/127.0.0.1:62603]' for 'GET' to 'http://localhost:62603/session/554f09e00d39e786ac0a610d64620b4a/element/be618481-24dc-4438-9771-50162ad57d23/enabled'
21:02:20.345 [Forwarding isElementEnabled on session 554f09e00d39e786ac0a610d64620b4a to remote] DEBUG org.asynchttpclient.netty.request.NettyRequestSender - Using open Channel [id: 0x333ca217, L:/127.0.0.1:52995 - R:localhost/127.0.0.1:62603] for GET '/session/554f09e00d39e786ac0a610d64620b4a/element/be618481-24dc-4438-9771-50162ad57d23/enabled'
21:02:20.355 [AsyncHttpClient-1-5] DEBUG org.asynchttpclient.netty.handler.HttpHandler - 

Request DefaultFullHttpRequest(decodeResult: success, version: HTTP/1.1, content: EmptyByteBufBE)
GET /session/554f09e00d39e786ac0a610d64620b4a/element/be618481-24dc-4438-9771-50162ad57d23/enabled HTTP/1.1
User-Agent: selenium/4.1.2 (java windows)
Cache-Control: no-cache
Content-Type: application/json; charset=utf-8
host: localhost:62603
accept: */*

Response DefaultHttpResponse(decodeResult: success, version: HTTP/1.1)
HTTP/1.1 200 OK
Content-Type: application/json; charset=utf-8
cache-control: no-cache
content-length: 14

21:02:20.355 [AsyncHttpClient-1-5] DEBUG org.asynchttpclient.netty.channel.ChannelManager - Adding key: http://localhost:62603 for channel [id: 0x333ca217, L:/127.0.0.1:52995 - R:localhost/127.0.0.1:62603]
21:02:20.356 [Forwarding isElementEnabled on session 554f09e00d39e786ac0a610d64620b4a to remote] DEBUG org.asynchttpclient.netty.request.NettyRequestSender - Using pooled Channel '[id: 0x333ca217, L:/127.0.0.1:52995 - R:localhost/127.0.0.1:62603]' for 'GET' to 'http://localhost:62603/session/554f09e00d39e786ac0a610d64620b4a/element/be618481-24dc-4438-9771-50162ad57d23/enabled'
21:02:20.356 [Forwarding isElementEnabled on session 554f09e00d39e786ac0a610d64620b4a to remote] DEBUG org.asynchttpclient.netty.request.NettyRequestSender - Using open Channel [id: 0x333ca217, L:/127.0.0.1:52995 - R:localhost/127.0.0.1:62603] for GET '/session/554f09e00d39e786ac0a610d64620b4a/element/be618481-24dc-4438-9771-50162ad57d23/enabled'
21:02:20.362 [AsyncHttpClient-1-5] DEBUG org.asynchttpclient.netty.handler.HttpHandler - 

Request DefaultFullHttpRequest(decodeResult: success, version: HTTP/1.1, content: EmptyByteBufBE)
GET /session/554f09e00d39e786ac0a610d64620b4a/element/be618481-24dc-4438-9771-50162ad57d23/enabled HTTP/1.1
User-Agent: selenium/4.1.2 (java windows)
Cache-Control: no-cache
Content-Type: application/json; charset=utf-8
host: localhost:62603
accept: */*

Response DefaultHttpResponse(decodeResult: success, version: HTTP/1.1)
HTTP/1.1 200 OK
Content-Type: application/json; charset=utf-8
cache-control: no-cache
content-length: 14

21:02:20.362 [AsyncHttpClient-1-5] DEBUG org.asynchttpclient.netty.channel.ChannelManager - Adding key: http://localhost:62603 for channel [id: 0x333ca217, L:/127.0.0.1:52995 - R:localhost/127.0.0.1:62603]
21:02:20.364 [Forwarding findElement on session 554f09e00d39e786ac0a610d64620b4a to remote] DEBUG org.asynchttpclient.netty.request.NettyRequestSender - Using pooled Channel '[id: 0x333ca217, L:/127.0.0.1:52995 - R:localhost/127.0.0.1:62603]' for 'POST' to 'http://localhost:62603/session/554f09e00d39e786ac0a610d64620b4a/element'
21:02:20.364 [Forwarding findElement on session 554f09e00d39e786ac0a610d64620b4a to remote] DEBUG org.asynchttpclient.netty.request.NettyRequestSender - Using open Channel [id: 0x333ca217, L:/127.0.0.1:52995 - R:localhost/127.0.0.1:62603] for POST '/session/554f09e00d39e786ac0a610d64620b4a/element'
21:02:20.377 [AsyncHttpClient-1-5] DEBUG org.asynchttpclient.netty.handler.HttpHandler - 

Request DefaultHttpRequest(decodeResult: success, version: HTTP/1.1)
POST /session/554f09e00d39e786ac0a610d64620b4a/element HTTP/1.1
User-Agent: selenium/4.1.2 (java windows)
Content-Length: 150
Content-Type: application/json; charset=utf-8
host: localhost:62603
accept: */*

Response DefaultHttpResponse(decodeResult: success, version: HTTP/1.1)
HTTP/1.1 200 OK
Content-Type: application/json; charset=utf-8
cache-control: no-cache
content-length: 88

21:02:20.378 [AsyncHttpClient-1-5] DEBUG org.asynchttpclient.netty.channel.ChannelManager - Adding key: http://localhost:62603 for channel [id: 0x333ca217, L:/127.0.0.1:52995 - R:localhost/127.0.0.1:62603]
21:02:20.379 [Forwarding clickElement on session 554f09e00d39e786ac0a610d64620b4a to remote] DEBUG org.asynchttpclient.netty.request.NettyRequestSender - Using pooled Channel '[id: 0x333ca217, L:/127.0.0.1:52995 - R:localhost/127.0.0.1:62603]' for 'POST' to 'http://localhost:62603/session/554f09e00d39e786ac0a610d64620b4a/element/be618481-24dc-4438-9771-50162ad57d23/click'
21:02:20.379 [Forwarding clickElement on session 554f09e00d39e786ac0a610d64620b4a to remote] DEBUG org.asynchttpclient.netty.request.NettyRequestSender - Using open Channel [id: 0x333ca217, L:/127.0.0.1:52995 - R:localhost/127.0.0.1:62603] for POST '/session/554f09e00d39e786ac0a610d64620b4a/element/be618481-24dc-4438-9771-50162ad57d23/click'
21:02:20.493 [AsyncHttpClient-1-5] DEBUG org.asynchttpclient.netty.handler.HttpHandler - 

Request DefaultHttpRequest(decodeResult: success, version: HTTP/1.1)
POST /session/554f09e00d39e786ac0a610d64620b4a/element/be618481-24dc-4438-9771-50162ad57d23/click HTTP/1.1
User-Agent: selenium/4.1.2 (java windows)
Content-Length: 50
Content-Type: application/json; charset=utf-8
host: localhost:62603
accept: */*

Response DefaultHttpResponse(decodeResult: success, version: HTTP/1.1)
HTTP/1.1 200 OK
Content-Type: application/json; charset=utf-8
cache-control: no-cache
content-length: 14

21:02:20.493 [AsyncHttpClient-1-5] DEBUG org.asynchttpclient.netty.channel.ChannelManager - Adding key: http://localhost:62603 for channel [id: 0x333ca217, L:/127.0.0.1:52995 - R:localhost/127.0.0.1:62603]
21:02:20.498 [Forwarding screenshot on session 554f09e00d39e786ac0a610d64620b4a to remote] DEBUG org.asynchttpclient.netty.request.NettyRequestSender - Using pooled Channel '[id: 0x333ca217, L:/127.0.0.1:52995 - R:localhost/127.0.0.1:62603]' for 'GET' to 'http://localhost:62603/session/554f09e00d39e786ac0a610d64620b4a/screenshot'
21:02:20.498 [Forwarding screenshot on session 554f09e00d39e786ac0a610d64620b4a to remote] DEBUG org.asynchttpclient.netty.request.NettyRequestSender - Using open Channel [id: 0x333ca217, L:/127.0.0.1:52995 - R:localhost/127.0.0.1:62603] for GET '/session/554f09e00d39e786ac0a610d64620b4a/screenshot'
21:02:20.724 [AsyncHttpClient-1-5] DEBUG org.asynchttpclient.netty.handler.HttpHandler - 

Request DefaultFullHttpRequest(decodeResult: success, version: HTTP/1.1, content: EmptyByteBufBE)
GET /session/554f09e00d39e786ac0a610d64620b4a/screenshot HTTP/1.1
User-Agent: selenium/4.1.2 (java windows)
Cache-Control: no-cache
Content-Type: application/json; charset=utf-8
host: localhost:62603
accept: */*

Response DefaultHttpResponse(decodeResult: success, version: HTTP/1.1)
HTTP/1.1 200 OK
Content-Type: application/json; charset=utf-8
cache-control: no-cache
content-length: 101728

21:02:20.725 [AsyncHttpClient-1-5] DEBUG org.asynchttpclient.netty.channel.ChannelManager - Adding key: http://localhost:62603 for channel [id: 0x333ca217, L:/127.0.0.1:52995 - R:localhost/127.0.0.1:62603]
21:02:20.730 [main] DEBUG net.serenitybdd.core.photography.Darkroom - Send negative for processing for target\site\serenity\9a0472f398f0d181e8281487dd8dd788ad65aec7cb680ccedc9106a3f5eb924f.png
21:02:20.731 [main] DEBUG net.thucydides.core.steps.StepInterceptor - STEP DONE: clickItems
21:02:20.731 [Darkroom Processing Line] DEBUG net.serenitybdd.core.photography.DarkroomProcessingLine - Processing screenshot image in /var/screenshots/screenshot-5947556054340172626
21:02:20.731 [Darkroom Processing Line] DEBUG net.serenitybdd.core.photography.DarkroomProcessingLine - Saving screenshot to target\site\serenity\9a0472f398f0d181e8281487dd8dd788ad65aec7cb680ccedc9106a3f5eb924f.png
21:02:20.737 [main] DEBUG net.thucydides.core.steps.StepInterceptor - STARTING STEP: TransactionSteps.userClickItems - clickItems
21:02:20.740 [Forwarding findElement on session 554f09e00d39e786ac0a610d64620b4a to remote] DEBUG org.asynchttpclient.netty.request.NettyRequestSender - Using pooled Channel '[id: 0x333ca217, L:/127.0.0.1:52995 - R:localhost/127.0.0.1:62603]' for 'POST' to 'http://localhost:62603/session/554f09e00d39e786ac0a610d64620b4a/element'
21:02:20.740 [Forwarding findElement on session 554f09e00d39e786ac0a610d64620b4a to remote] DEBUG org.asynchttpclient.netty.request.NettyRequestSender - Using open Channel [id: 0x333ca217, L:/127.0.0.1:52995 - R:localhost/127.0.0.1:62603] for POST '/session/554f09e00d39e786ac0a610d64620b4a/element'
21:02:20.765 [AsyncHttpClient-1-5] DEBUG org.asynchttpclient.netty.handler.HttpHandler - 

Request DefaultHttpRequest(decodeResult: success, version: HTTP/1.1)
POST /session/554f09e00d39e786ac0a610d64620b4a/element HTTP/1.1
User-Agent: selenium/4.1.2 (java windows)
Content-Length: 150
Content-Type: application/json; charset=utf-8
host: localhost:62603
accept: */*

Response DefaultHttpResponse(decodeResult: success, version: HTTP/1.1)
HTTP/1.1 200 OK
Content-Type: application/json; charset=utf-8
cache-control: no-cache
content-length: 88

21:02:20.766 [AsyncHttpClient-1-5] DEBUG org.asynchttpclient.netty.channel.ChannelManager - Adding key: http://localhost:62603 for channel [id: 0x333ca217, L:/127.0.0.1:52995 - R:localhost/127.0.0.1:62603]
21:02:20.768 [Forwarding getElementTagName on session 554f09e00d39e786ac0a610d64620b4a to remote] DEBUG org.asynchttpclient.netty.request.NettyRequestSender - Using pooled Channel '[id: 0x333ca217, L:/127.0.0.1:52995 - R:localhost/127.0.0.1:62603]' for 'GET' to 'http://localhost:62603/session/554f09e00d39e786ac0a610d64620b4a/element/be618481-24dc-4438-9771-50162ad57d23/name'
21:02:20.768 [Forwarding getElementTagName on session 554f09e00d39e786ac0a610d64620b4a to remote] DEBUG org.asynchttpclient.netty.request.NettyRequestSender - Using open Channel [id: 0x333ca217, L:/127.0.0.1:52995 - R:localhost/127.0.0.1:62603] for GET '/session/554f09e00d39e786ac0a610d64620b4a/element/be618481-24dc-4438-9771-50162ad57d23/name'
21:02:20.774 [AsyncHttpClient-1-5] DEBUG org.asynchttpclient.netty.handler.HttpHandler - 

Request DefaultFullHttpRequest(decodeResult: success, version: HTTP/1.1, content: EmptyByteBufBE)
GET /session/554f09e00d39e786ac0a610d64620b4a/element/be618481-24dc-4438-9771-50162ad57d23/name HTTP/1.1
User-Agent: selenium/4.1.2 (java windows)
Cache-Control: no-cache
Content-Type: application/json; charset=utf-8
host: localhost:62603
accept: */*

Response DefaultHttpResponse(decodeResult: success, version: HTTP/1.1)
HTTP/1.1 200 OK
Content-Type: application/json; charset=utf-8
cache-control: no-cache
content-length: 18

21:02:20.774 [AsyncHttpClient-1-5] DEBUG org.asynchttpclient.netty.channel.ChannelManager - Adding key: http://localhost:62603 for channel [id: 0x333ca217, L:/127.0.0.1:52995 - R:localhost/127.0.0.1:62603]
21:02:20.776 [Forwarding getElementTagName on session 554f09e00d39e786ac0a610d64620b4a to remote] DEBUG org.asynchttpclient.netty.request.NettyRequestSender - Using pooled Channel '[id: 0x333ca217, L:/127.0.0.1:52995 - R:localhost/127.0.0.1:62603]' for 'GET' to 'http://localhost:62603/session/554f09e00d39e786ac0a610d64620b4a/element/be618481-24dc-4438-9771-50162ad57d23/name'
21:02:20.776 [Forwarding getElementTagName on session 554f09e00d39e786ac0a610d64620b4a to remote] DEBUG org.asynchttpclient.netty.request.NettyRequestSender - Using open Channel [id: 0x333ca217, L:/127.0.0.1:52995 - R:localhost/127.0.0.1:62603] for GET '/session/554f09e00d39e786ac0a610d64620b4a/element/be618481-24dc-4438-9771-50162ad57d23/name'
21:02:20.781 [AsyncHttpClient-1-5] DEBUG org.asynchttpclient.netty.handler.HttpHandler - 

Request DefaultFullHttpRequest(decodeResult: success, version: HTTP/1.1, content: EmptyByteBufBE)
GET /session/554f09e00d39e786ac0a610d64620b4a/element/be618481-24dc-4438-9771-50162ad57d23/name HTTP/1.1
User-Agent: selenium/4.1.2 (java windows)
Cache-Control: no-cache
Content-Type: application/json; charset=utf-8
host: localhost:62603
accept: */*

Response DefaultHttpResponse(decodeResult: success, version: HTTP/1.1)
HTTP/1.1 200 OK
Content-Type: application/json; charset=utf-8
cache-control: no-cache
content-length: 18

21:02:20.781 [AsyncHttpClient-1-5] DEBUG org.asynchttpclient.netty.channel.ChannelManager - Adding key: http://localhost:62603 for channel [id: 0x333ca217, L:/127.0.0.1:52995 - R:localhost/127.0.0.1:62603]
21:02:20.784 [Forwarding isElementEnabled on session 554f09e00d39e786ac0a610d64620b4a to remote] DEBUG org.asynchttpclient.netty.request.NettyRequestSender - Using pooled Channel '[id: 0x333ca217, L:/127.0.0.1:52995 - R:localhost/127.0.0.1:62603]' for 'GET' to 'http://localhost:62603/session/554f09e00d39e786ac0a610d64620b4a/element/be618481-24dc-4438-9771-50162ad57d23/enabled'
21:02:20.784 [Forwarding isElementEnabled on session 554f09e00d39e786ac0a610d64620b4a to remote] DEBUG org.asynchttpclient.netty.request.NettyRequestSender - Using open Channel [id: 0x333ca217, L:/127.0.0.1:52995 - R:localhost/127.0.0.1:62603] for GET '/session/554f09e00d39e786ac0a610d64620b4a/element/be618481-24dc-4438-9771-50162ad57d23/enabled'
21:02:20.797 [AsyncHttpClient-1-5] DEBUG org.asynchttpclient.netty.handler.HttpHandler - 

Request DefaultFullHttpRequest(decodeResult: success, version: HTTP/1.1, content: EmptyByteBufBE)
GET /session/554f09e00d39e786ac0a610d64620b4a/element/be618481-24dc-4438-9771-50162ad57d23/enabled HTTP/1.1
User-Agent: selenium/4.1.2 (java windows)
Cache-Control: no-cache
Content-Type: application/json; charset=utf-8
host: localhost:62603
accept: */*

Response DefaultHttpResponse(decodeResult: success, version: HTTP/1.1)
HTTP/1.1 200 OK
Content-Type: application/json; charset=utf-8
cache-control: no-cache
content-length: 14

21:02:20.797 [AsyncHttpClient-1-5] DEBUG org.asynchttpclient.netty.channel.ChannelManager - Adding key: http://localhost:62603 for channel [id: 0x333ca217, L:/127.0.0.1:52995 - R:localhost/127.0.0.1:62603]
21:02:20.799 [Forwarding isElementEnabled on session 554f09e00d39e786ac0a610d64620b4a to remote] DEBUG org.asynchttpclient.netty.request.NettyRequestSender - Using pooled Channel '[id: 0x333ca217, L:/127.0.0.1:52995 - R:localhost/127.0.0.1:62603]' for 'GET' to 'http://localhost:62603/session/554f09e00d39e786ac0a610d64620b4a/element/be618481-24dc-4438-9771-50162ad57d23/enabled'
21:02:20.799 [Forwarding isElementEnabled on session 554f09e00d39e786ac0a610d64620b4a to remote] DEBUG org.asynchttpclient.netty.request.NettyRequestSender - Using open Channel [id: 0x333ca217, L:/127.0.0.1:52995 - R:localhost/127.0.0.1:62603] for GET '/session/554f09e00d39e786ac0a610d64620b4a/element/be618481-24dc-4438-9771-50162ad57d23/enabled'
21:02:20.846 [AsyncHttpClient-1-5] DEBUG org.asynchttpclient.netty.handler.HttpHandler - 

Request DefaultFullHttpRequest(decodeResult: success, version: HTTP/1.1, content: EmptyByteBufBE)
GET /session/554f09e00d39e786ac0a610d64620b4a/element/be618481-24dc-4438-9771-50162ad57d23/enabled HTTP/1.1
User-Agent: selenium/4.1.2 (java windows)
Cache-Control: no-cache
Content-Type: application/json; charset=utf-8
host: localhost:62603
accept: */*

Response DefaultHttpResponse(decodeResult: success, version: HTTP/1.1)
HTTP/1.1 200 OK
Content-Type: application/json; charset=utf-8
cache-control: no-cache
content-length: 14

21:02:20.846 [AsyncHttpClient-1-5] DEBUG org.asynchttpclient.netty.channel.ChannelManager - Adding key: http://localhost:62603 for channel [id: 0x333ca217, L:/127.0.0.1:52995 - R:localhost/127.0.0.1:62603]
21:02:20.849 [Forwarding findElement on session 554f09e00d39e786ac0a610d64620b4a to remote] DEBUG org.asynchttpclient.netty.request.NettyRequestSender - Using pooled Channel '[id: 0x333ca217, L:/127.0.0.1:52995 - R:localhost/127.0.0.1:62603]' for 'POST' to 'http://localhost:62603/session/554f09e00d39e786ac0a610d64620b4a/element'
21:02:20.849 [Forwarding findElement on session 554f09e00d39e786ac0a610d64620b4a to remote] DEBUG org.asynchttpclient.netty.request.NettyRequestSender - Using open Channel [id: 0x333ca217, L:/127.0.0.1:52995 - R:localhost/127.0.0.1:62603] for POST '/session/554f09e00d39e786ac0a610d64620b4a/element'
21:02:20.864 [AsyncHttpClient-1-5] DEBUG org.asynchttpclient.netty.handler.HttpHandler - 

Request DefaultHttpRequest(decodeResult: success, version: HTTP/1.1)
POST /session/554f09e00d39e786ac0a610d64620b4a/element HTTP/1.1
User-Agent: selenium/4.1.2 (java windows)
Content-Length: 150
Content-Type: application/json; charset=utf-8
host: localhost:62603
accept: */*

Response DefaultHttpResponse(decodeResult: success, version: HTTP/1.1)
HTTP/1.1 200 OK
Content-Type: application/json; charset=utf-8
cache-control: no-cache
content-length: 88

21:02:20.864 [AsyncHttpClient-1-5] DEBUG org.asynchttpclient.netty.channel.ChannelManager - Adding key: http://localhost:62603 for channel [id: 0x333ca217, L:/127.0.0.1:52995 - R:localhost/127.0.0.1:62603]
21:02:20.866 [Forwarding clickElement on session 554f09e00d39e786ac0a610d64620b4a to remote] DEBUG org.asynchttpclient.netty.request.NettyRequestSender - Using pooled Channel '[id: 0x333ca217, L:/127.0.0.1:52995 - R:localhost/127.0.0.1:62603]' for 'POST' to 'http://localhost:62603/session/554f09e00d39e786ac0a610d64620b4a/element/be618481-24dc-4438-9771-50162ad57d23/click'
21:02:20.866 [Forwarding clickElement on session 554f09e00d39e786ac0a610d64620b4a to remote] DEBUG org.asynchttpclient.netty.request.NettyRequestSender - Using open Channel [id: 0x333ca217, L:/127.0.0.1:52995 - R:localhost/127.0.0.1:62603] for POST '/session/554f09e00d39e786ac0a610d64620b4a/element/be618481-24dc-4438-9771-50162ad57d23/click'
21:02:20.972 [AsyncHttpClient-1-5] DEBUG org.asynchttpclient.netty.handler.HttpHandler - 

Request DefaultHttpRequest(decodeResult: success, version: HTTP/1.1)
POST /session/554f09e00d39e786ac0a610d64620b4a/element/be618481-24dc-4438-9771-50162ad57d23/click HTTP/1.1
User-Agent: selenium/4.1.2 (java windows)
Content-Length: 50
Content-Type: application/json; charset=utf-8
host: localhost:62603
accept: */*

Response DefaultHttpResponse(decodeResult: success, version: HTTP/1.1)
HTTP/1.1 200 OK
Content-Type: application/json; charset=utf-8
cache-control: no-cache
content-length: 14

21:02:20.972 [AsyncHttpClient-1-5] DEBUG org.asynchttpclient.netty.channel.ChannelManager - Adding key: http://localhost:62603 for channel [id: 0x333ca217, L:/127.0.0.1:52995 - R:localhost/127.0.0.1:62603]
21:02:20.977 [Forwarding screenshot on session 554f09e00d39e786ac0a610d64620b4a to remote] DEBUG org.asynchttpclient.netty.request.NettyRequestSender - Using pooled Channel '[id: 0x333ca217, L:/127.0.0.1:52995 - R:localhost/127.0.0.1:62603]' for 'GET' to 'http://localhost:62603/session/554f09e00d39e786ac0a610d64620b4a/screenshot'
21:02:20.978 [Forwarding screenshot on session 554f09e00d39e786ac0a610d64620b4a to remote] DEBUG org.asynchttpclient.netty.request.NettyRequestSender - Using open Channel [id: 0x333ca217, L:/127.0.0.1:52995 - R:localhost/127.0.0.1:62603] for GET '/session/554f09e00d39e786ac0a610d64620b4a/screenshot'
21:02:21.207 [AsyncHttpClient-1-5] DEBUG org.asynchttpclient.netty.handler.HttpHandler - 

Request DefaultFullHttpRequest(decodeResult: success, version: HTTP/1.1, content: EmptyByteBufBE)
GET /session/554f09e00d39e786ac0a610d64620b4a/screenshot HTTP/1.1
User-Agent: selenium/4.1.2 (java windows)
Cache-Control: no-cache
Content-Type: application/json; charset=utf-8
host: localhost:62603
accept: */*

Response DefaultHttpResponse(decodeResult: success, version: HTTP/1.1)
HTTP/1.1 200 OK
Content-Type: application/json; charset=utf-8
cache-control: no-cache
content-length: 101608

21:02:21.207 [AsyncHttpClient-1-5] DEBUG org.asynchttpclient.netty.channel.ChannelManager - Adding key: http://localhost:62603 for channel [id: 0x333ca217, L:/127.0.0.1:52995 - R:localhost/127.0.0.1:62603]
21:02:21.213 [main] DEBUG net.serenitybdd.core.photography.Darkroom - Send negative for processing for target\site\serenity\c485e1142625bd69714e44aa6c495c987f1953721702a4b6f16c8634cfccb613.png
21:02:21.214 [main] DEBUG net.thucydides.core.steps.StepInterceptor - STEP DONE: clickItems
21:02:21.214 [Darkroom Processing Line] DEBUG net.serenitybdd.core.photography.DarkroomProcessingLine - Processing screenshot image in /var/screenshots/screenshot-8896249887268607381
21:02:21.214 [Darkroom Processing Line] DEBUG net.serenitybdd.core.photography.DarkroomProcessingLine - Saving screenshot to target\site\serenity\c485e1142625bd69714e44aa6c495c987f1953721702a4b6f16c8634cfccb613.png
21:02:21.221 [main] DEBUG net.thucydides.core.steps.StepInterceptor - STARTING STEP: TransactionSteps.userClickItems - clickItems2
21:02:21.224 [Forwarding findElement on session 554f09e00d39e786ac0a610d64620b4a to remote] DEBUG org.asynchttpclient.netty.request.NettyRequestSender - Using pooled Channel '[id: 0x333ca217, L:/127.0.0.1:52995 - R:localhost/127.0.0.1:62603]' for 'POST' to 'http://localhost:62603/session/554f09e00d39e786ac0a610d64620b4a/element'
21:02:21.224 [Forwarding findElement on session 554f09e00d39e786ac0a610d64620b4a to remote] DEBUG org.asynchttpclient.netty.request.NettyRequestSender - Using open Channel [id: 0x333ca217, L:/127.0.0.1:52995 - R:localhost/127.0.0.1:62603] for POST '/session/554f09e00d39e786ac0a610d64620b4a/element'
21:02:21.246 [AsyncHttpClient-1-5] DEBUG org.asynchttpclient.netty.handler.HttpHandler - 

Request DefaultHttpRequest(decodeResult: success, version: HTTP/1.1)
POST /session/554f09e00d39e786ac0a610d64620b4a/element HTTP/1.1
User-Agent: selenium/4.1.2 (java windows)
Content-Length: 150
Content-Type: application/json; charset=utf-8
host: localhost:62603
accept: */*

Response DefaultHttpResponse(decodeResult: success, version: HTTP/1.1)
HTTP/1.1 200 OK
Content-Type: application/json; charset=utf-8
cache-control: no-cache
content-length: 88

21:02:21.246 [AsyncHttpClient-1-5] DEBUG org.asynchttpclient.netty.channel.ChannelManager - Adding key: http://localhost:62603 for channel [id: 0x333ca217, L:/127.0.0.1:52995 - R:localhost/127.0.0.1:62603]
21:02:21.248 [Forwarding getElementTagName on session 554f09e00d39e786ac0a610d64620b4a to remote] DEBUG org.asynchttpclient.netty.request.NettyRequestSender - Using pooled Channel '[id: 0x333ca217, L:/127.0.0.1:52995 - R:localhost/127.0.0.1:62603]' for 'GET' to 'http://localhost:62603/session/554f09e00d39e786ac0a610d64620b4a/element/1e8159d9-c685-4826-85ff-ec50fc7309fe/name'
21:02:21.248 [Forwarding getElementTagName on session 554f09e00d39e786ac0a610d64620b4a to remote] DEBUG org.asynchttpclient.netty.request.NettyRequestSender - Using open Channel [id: 0x333ca217, L:/127.0.0.1:52995 - R:localhost/127.0.0.1:62603] for GET '/session/554f09e00d39e786ac0a610d64620b4a/element/1e8159d9-c685-4826-85ff-ec50fc7309fe/name'
21:02:21.253 [AsyncHttpClient-1-5] DEBUG org.asynchttpclient.netty.handler.HttpHandler - 

Request DefaultFullHttpRequest(decodeResult: success, version: HTTP/1.1, content: EmptyByteBufBE)
GET /session/554f09e00d39e786ac0a610d64620b4a/element/1e8159d9-c685-4826-85ff-ec50fc7309fe/name HTTP/1.1
User-Agent: selenium/4.1.2 (java windows)
Cache-Control: no-cache
Content-Type: application/json; charset=utf-8
host: localhost:62603
accept: */*

Response DefaultHttpResponse(decodeResult: success, version: HTTP/1.1)
HTTP/1.1 200 OK
Content-Type: application/json; charset=utf-8
cache-control: no-cache
content-length: 18

21:02:21.253 [AsyncHttpClient-1-5] DEBUG org.asynchttpclient.netty.channel.ChannelManager - Adding key: http://localhost:62603 for channel [id: 0x333ca217, L:/127.0.0.1:52995 - R:localhost/127.0.0.1:62603]
21:02:21.254 [Forwarding getElementTagName on session 554f09e00d39e786ac0a610d64620b4a to remote] DEBUG org.asynchttpclient.netty.request.NettyRequestSender - Using pooled Channel '[id: 0x333ca217, L:/127.0.0.1:52995 - R:localhost/127.0.0.1:62603]' for 'GET' to 'http://localhost:62603/session/554f09e00d39e786ac0a610d64620b4a/element/1e8159d9-c685-4826-85ff-ec50fc7309fe/name'
21:02:21.254 [Forwarding getElementTagName on session 554f09e00d39e786ac0a610d64620b4a to remote] DEBUG org.asynchttpclient.netty.request.NettyRequestSender - Using open Channel [id: 0x333ca217, L:/127.0.0.1:52995 - R:localhost/127.0.0.1:62603] for GET '/session/554f09e00d39e786ac0a610d64620b4a/element/1e8159d9-c685-4826-85ff-ec50fc7309fe/name'
21:02:21.258 [AsyncHttpClient-1-5] DEBUG org.asynchttpclient.netty.handler.HttpHandler - 

Request DefaultFullHttpRequest(decodeResult: success, version: HTTP/1.1, content: EmptyByteBufBE)
GET /session/554f09e00d39e786ac0a610d64620b4a/element/1e8159d9-c685-4826-85ff-ec50fc7309fe/name HTTP/1.1
User-Agent: selenium/4.1.2 (java windows)
Cache-Control: no-cache
Content-Type: application/json; charset=utf-8
host: localhost:62603
accept: */*

Response DefaultHttpResponse(decodeResult: success, version: HTTP/1.1)
HTTP/1.1 200 OK
Content-Type: application/json; charset=utf-8
cache-control: no-cache
content-length: 18

21:02:21.258 [AsyncHttpClient-1-5] DEBUG org.asynchttpclient.netty.channel.ChannelManager - Adding key: http://localhost:62603 for channel [id: 0x333ca217, L:/127.0.0.1:52995 - R:localhost/127.0.0.1:62603]
21:02:21.260 [Forwarding isElementEnabled on session 554f09e00d39e786ac0a610d64620b4a to remote] DEBUG org.asynchttpclient.netty.request.NettyRequestSender - Using pooled Channel '[id: 0x333ca217, L:/127.0.0.1:52995 - R:localhost/127.0.0.1:62603]' for 'GET' to 'http://localhost:62603/session/554f09e00d39e786ac0a610d64620b4a/element/1e8159d9-c685-4826-85ff-ec50fc7309fe/enabled'
21:02:21.260 [Forwarding isElementEnabled on session 554f09e00d39e786ac0a610d64620b4a to remote] DEBUG org.asynchttpclient.netty.request.NettyRequestSender - Using open Channel [id: 0x333ca217, L:/127.0.0.1:52995 - R:localhost/127.0.0.1:62603] for GET '/session/554f09e00d39e786ac0a610d64620b4a/element/1e8159d9-c685-4826-85ff-ec50fc7309fe/enabled'
21:02:21.271 [AsyncHttpClient-1-5] DEBUG org.asynchttpclient.netty.handler.HttpHandler - 

Request DefaultFullHttpRequest(decodeResult: success, version: HTTP/1.1, content: EmptyByteBufBE)
GET /session/554f09e00d39e786ac0a610d64620b4a/element/1e8159d9-c685-4826-85ff-ec50fc7309fe/enabled HTTP/1.1
User-Agent: selenium/4.1.2 (java windows)
Cache-Control: no-cache
Content-Type: application/json; charset=utf-8
host: localhost:62603
accept: */*

Response DefaultHttpResponse(decodeResult: success, version: HTTP/1.1)
HTTP/1.1 200 OK
Content-Type: application/json; charset=utf-8
cache-control: no-cache
content-length: 14

21:02:21.271 [AsyncHttpClient-1-5] DEBUG org.asynchttpclient.netty.channel.ChannelManager - Adding key: http://localhost:62603 for channel [id: 0x333ca217, L:/127.0.0.1:52995 - R:localhost/127.0.0.1:62603]
21:02:21.272 [Forwarding isElementEnabled on session 554f09e00d39e786ac0a610d64620b4a to remote] DEBUG org.asynchttpclient.netty.request.NettyRequestSender - Using pooled Channel '[id: 0x333ca217, L:/127.0.0.1:52995 - R:localhost/127.0.0.1:62603]' for 'GET' to 'http://localhost:62603/session/554f09e00d39e786ac0a610d64620b4a/element/1e8159d9-c685-4826-85ff-ec50fc7309fe/enabled'
21:02:21.272 [Forwarding isElementEnabled on session 554f09e00d39e786ac0a610d64620b4a to remote] DEBUG org.asynchttpclient.netty.request.NettyRequestSender - Using open Channel [id: 0x333ca217, L:/127.0.0.1:52995 - R:localhost/127.0.0.1:62603] for GET '/session/554f09e00d39e786ac0a610d64620b4a/element/1e8159d9-c685-4826-85ff-ec50fc7309fe/enabled'
21:02:21.279 [AsyncHttpClient-1-5] DEBUG org.asynchttpclient.netty.handler.HttpHandler - 

Request DefaultFullHttpRequest(decodeResult: success, version: HTTP/1.1, content: EmptyByteBufBE)
GET /session/554f09e00d39e786ac0a610d64620b4a/element/1e8159d9-c685-4826-85ff-ec50fc7309fe/enabled HTTP/1.1
User-Agent: selenium/4.1.2 (java windows)
Cache-Control: no-cache
Content-Type: application/json; charset=utf-8
host: localhost:62603
accept: */*

Response DefaultHttpResponse(decodeResult: success, version: HTTP/1.1)
HTTP/1.1 200 OK
Content-Type: application/json; charset=utf-8
cache-control: no-cache
content-length: 14

21:02:21.279 [AsyncHttpClient-1-5] DEBUG org.asynchttpclient.netty.channel.ChannelManager - Adding key: http://localhost:62603 for channel [id: 0x333ca217, L:/127.0.0.1:52995 - R:localhost/127.0.0.1:62603]
21:02:21.280 [Forwarding findElement on session 554f09e00d39e786ac0a610d64620b4a to remote] DEBUG org.asynchttpclient.netty.request.NettyRequestSender - Using pooled Channel '[id: 0x333ca217, L:/127.0.0.1:52995 - R:localhost/127.0.0.1:62603]' for 'POST' to 'http://localhost:62603/session/554f09e00d39e786ac0a610d64620b4a/element'
21:02:21.280 [Forwarding findElement on session 554f09e00d39e786ac0a610d64620b4a to remote] DEBUG org.asynchttpclient.netty.request.NettyRequestSender - Using open Channel [id: 0x333ca217, L:/127.0.0.1:52995 - R:localhost/127.0.0.1:62603] for POST '/session/554f09e00d39e786ac0a610d64620b4a/element'
21:02:21.294 [AsyncHttpClient-1-1] DEBUG org.asynchttpclient.netty.channel.DefaultChannelPool - Entry count for : http://localhost:52996 : 1
21:02:21.294 [AsyncHttpClient-1-5] DEBUG org.asynchttpclient.netty.handler.HttpHandler - 

Request DefaultHttpRequest(decodeResult: success, version: HTTP/1.1)
POST /session/554f09e00d39e786ac0a610d64620b4a/element HTTP/1.1
User-Agent: selenium/4.1.2 (java windows)
Content-Length: 150
Content-Type: application/json; charset=utf-8
host: localhost:62603
accept: */*

Response DefaultHttpResponse(decodeResult: success, version: HTTP/1.1)
HTTP/1.1 200 OK
Content-Type: application/json; charset=utf-8
cache-control: no-cache
content-length: 88

21:02:21.294 [AsyncHttpClient-1-5] DEBUG org.asynchttpclient.netty.channel.ChannelManager - Adding key: http://localhost:62603 for channel [id: 0x333ca217, L:/127.0.0.1:52995 - R:localhost/127.0.0.1:62603]
21:02:21.295 [Forwarding clickElement on session 554f09e00d39e786ac0a610d64620b4a to remote] DEBUG org.asynchttpclient.netty.request.NettyRequestSender - Using pooled Channel '[id: 0x333ca217, L:/127.0.0.1:52995 - R:localhost/127.0.0.1:62603]' for 'POST' to 'http://localhost:62603/session/554f09e00d39e786ac0a610d64620b4a/element/1e8159d9-c685-4826-85ff-ec50fc7309fe/click'
21:02:21.295 [Forwarding clickElement on session 554f09e00d39e786ac0a610d64620b4a to remote] DEBUG org.asynchttpclient.netty.request.NettyRequestSender - Using open Channel [id: 0x333ca217, L:/127.0.0.1:52995 - R:localhost/127.0.0.1:62603] for POST '/session/554f09e00d39e786ac0a610d64620b4a/element/1e8159d9-c685-4826-85ff-ec50fc7309fe/click'
21:02:21.424 [AsyncHttpClient-1-5] DEBUG org.asynchttpclient.netty.handler.HttpHandler - 

Request DefaultHttpRequest(decodeResult: success, version: HTTP/1.1)
POST /session/554f09e00d39e786ac0a610d64620b4a/element/1e8159d9-c685-4826-85ff-ec50fc7309fe/click HTTP/1.1
User-Agent: selenium/4.1.2 (java windows)
Content-Length: 50
Content-Type: application/json; charset=utf-8
host: localhost:62603
accept: */*

Response DefaultHttpResponse(decodeResult: success, version: HTTP/1.1)
HTTP/1.1 200 OK
Content-Type: application/json; charset=utf-8
cache-control: no-cache
content-length: 14

21:02:21.424 [AsyncHttpClient-1-5] DEBUG org.asynchttpclient.netty.channel.ChannelManager - Adding key: http://localhost:62603 for channel [id: 0x333ca217, L:/127.0.0.1:52995 - R:localhost/127.0.0.1:62603]
21:02:21.429 [Forwarding screenshot on session 554f09e00d39e786ac0a610d64620b4a to remote] DEBUG org.asynchttpclient.netty.request.NettyRequestSender - Using pooled Channel '[id: 0x333ca217, L:/127.0.0.1:52995 - R:localhost/127.0.0.1:62603]' for 'GET' to 'http://localhost:62603/session/554f09e00d39e786ac0a610d64620b4a/screenshot'
21:02:21.429 [Forwarding screenshot on session 554f09e00d39e786ac0a610d64620b4a to remote] DEBUG org.asynchttpclient.netty.request.NettyRequestSender - Using open Channel [id: 0x333ca217, L:/127.0.0.1:52995 - R:localhost/127.0.0.1:62603] for GET '/session/554f09e00d39e786ac0a610d64620b4a/screenshot'
21:02:21.665 [AsyncHttpClient-1-5] DEBUG org.asynchttpclient.netty.handler.HttpHandler - 

Request DefaultFullHttpRequest(decodeResult: success, version: HTTP/1.1, content: EmptyByteBufBE)
GET /session/554f09e00d39e786ac0a610d64620b4a/screenshot HTTP/1.1
User-Agent: selenium/4.1.2 (java windows)
Cache-Control: no-cache
Content-Type: application/json; charset=utf-8
host: localhost:62603
accept: */*

Response DefaultHttpResponse(decodeResult: success, version: HTTP/1.1)
HTTP/1.1 200 OK
Content-Type: application/json; charset=utf-8
cache-control: no-cache
content-length: 102120

21:02:21.665 [AsyncHttpClient-1-5] DEBUG org.asynchttpclient.netty.channel.ChannelManager - Adding key: http://localhost:62603 for channel [id: 0x333ca217, L:/127.0.0.1:52995 - R:localhost/127.0.0.1:62603]
21:02:21.671 [main] DEBUG net.serenitybdd.core.photography.Darkroom - Send negative for processing for target\site\serenity\c9dcabd24f43664f2ca60976c7497ee35dae8d84d39bac135d173fcef9d68c9f.png
21:02:21.671 [main] DEBUG net.thucydides.core.steps.StepInterceptor - STEP DONE: clickItems2
21:02:21.672 [Darkroom Processing Line] DEBUG net.serenitybdd.core.photography.DarkroomProcessingLine - Processing screenshot image in /var/screenshots/screenshot-7835826334026171079
21:02:21.672 [Darkroom Processing Line] DEBUG net.serenitybdd.core.photography.DarkroomProcessingLine - Saving screenshot to target\site\serenity\c9dcabd24f43664f2ca60976c7497ee35dae8d84d39bac135d173fcef9d68c9f.png
21:02:21.681 [main] DEBUG net.thucydides.core.steps.StepInterceptor - STARTING STEP: TransactionSteps.userClickItems - clickItems2
21:02:21.685 [Forwarding findElement on session 554f09e00d39e786ac0a610d64620b4a to remote] DEBUG org.asynchttpclient.netty.request.NettyRequestSender - Using pooled Channel '[id: 0x333ca217, L:/127.0.0.1:52995 - R:localhost/127.0.0.1:62603]' for 'POST' to 'http://localhost:62603/session/554f09e00d39e786ac0a610d64620b4a/element'
21:02:21.685 [Forwarding findElement on session 554f09e00d39e786ac0a610d64620b4a to remote] DEBUG org.asynchttpclient.netty.request.NettyRequestSender - Using open Channel [id: 0x333ca217, L:/127.0.0.1:52995 - R:localhost/127.0.0.1:62603] for POST '/session/554f09e00d39e786ac0a610d64620b4a/element'
21:02:21.698 [AsyncHttpClient-1-5] DEBUG org.asynchttpclient.netty.handler.HttpHandler - 

Request DefaultHttpRequest(decodeResult: success, version: HTTP/1.1)
POST /session/554f09e00d39e786ac0a610d64620b4a/element HTTP/1.1
User-Agent: selenium/4.1.2 (java windows)
Content-Length: 150
Content-Type: application/json; charset=utf-8
host: localhost:62603
accept: */*

Response DefaultHttpResponse(decodeResult: success, version: HTTP/1.1)
HTTP/1.1 200 OK
Content-Type: application/json; charset=utf-8
cache-control: no-cache
content-length: 88

21:02:21.698 [AsyncHttpClient-1-5] DEBUG org.asynchttpclient.netty.channel.ChannelManager - Adding key: http://localhost:62603 for channel [id: 0x333ca217, L:/127.0.0.1:52995 - R:localhost/127.0.0.1:62603]
21:02:21.700 [Forwarding getElementTagName on session 554f09e00d39e786ac0a610d64620b4a to remote] DEBUG org.asynchttpclient.netty.request.NettyRequestSender - Using pooled Channel '[id: 0x333ca217, L:/127.0.0.1:52995 - R:localhost/127.0.0.1:62603]' for 'GET' to 'http://localhost:62603/session/554f09e00d39e786ac0a610d64620b4a/element/1e8159d9-c685-4826-85ff-ec50fc7309fe/name'
21:02:21.700 [Forwarding getElementTagName on session 554f09e00d39e786ac0a610d64620b4a to remote] DEBUG org.asynchttpclient.netty.request.NettyRequestSender - Using open Channel [id: 0x333ca217, L:/127.0.0.1:52995 - R:localhost/127.0.0.1:62603] for GET '/session/554f09e00d39e786ac0a610d64620b4a/element/1e8159d9-c685-4826-85ff-ec50fc7309fe/name'
21:02:21.703 [AsyncHttpClient-1-5] DEBUG org.asynchttpclient.netty.handler.HttpHandler - 

Request DefaultFullHttpRequest(decodeResult: success, version: HTTP/1.1, content: EmptyByteBufBE)
GET /session/554f09e00d39e786ac0a610d64620b4a/element/1e8159d9-c685-4826-85ff-ec50fc7309fe/name HTTP/1.1
User-Agent: selenium/4.1.2 (java windows)
Cache-Control: no-cache
Content-Type: application/json; charset=utf-8
host: localhost:62603
accept: */*

Response DefaultHttpResponse(decodeResult: success, version: HTTP/1.1)
HTTP/1.1 200 OK
Content-Type: application/json; charset=utf-8
cache-control: no-cache
content-length: 18

21:02:21.704 [AsyncHttpClient-1-5] DEBUG org.asynchttpclient.netty.channel.ChannelManager - Adding key: http://localhost:62603 for channel [id: 0x333ca217, L:/127.0.0.1:52995 - R:localhost/127.0.0.1:62603]
21:02:21.705 [Forwarding getElementTagName on session 554f09e00d39e786ac0a610d64620b4a to remote] DEBUG org.asynchttpclient.netty.request.NettyRequestSender - Using pooled Channel '[id: 0x333ca217, L:/127.0.0.1:52995 - R:localhost/127.0.0.1:62603]' for 'GET' to 'http://localhost:62603/session/554f09e00d39e786ac0a610d64620b4a/element/1e8159d9-c685-4826-85ff-ec50fc7309fe/name'
21:02:21.705 [Forwarding getElementTagName on session 554f09e00d39e786ac0a610d64620b4a to remote] DEBUG org.asynchttpclient.netty.request.NettyRequestSender - Using open Channel [id: 0x333ca217, L:/127.0.0.1:52995 - R:localhost/127.0.0.1:62603] for GET '/session/554f09e00d39e786ac0a610d64620b4a/element/1e8159d9-c685-4826-85ff-ec50fc7309fe/name'
21:02:21.709 [AsyncHttpClient-1-5] DEBUG org.asynchttpclient.netty.handler.HttpHandler - 

Request DefaultFullHttpRequest(decodeResult: success, version: HTTP/1.1, content: EmptyByteBufBE)
GET /session/554f09e00d39e786ac0a610d64620b4a/element/1e8159d9-c685-4826-85ff-ec50fc7309fe/name HTTP/1.1
User-Agent: selenium/4.1.2 (java windows)
Cache-Control: no-cache
Content-Type: application/json; charset=utf-8
host: localhost:62603
accept: */*

Response DefaultHttpResponse(decodeResult: success, version: HTTP/1.1)
HTTP/1.1 200 OK
Content-Type: application/json; charset=utf-8
cache-control: no-cache
content-length: 18

21:02:21.709 [AsyncHttpClient-1-5] DEBUG org.asynchttpclient.netty.channel.ChannelManager - Adding key: http://localhost:62603 for channel [id: 0x333ca217, L:/127.0.0.1:52995 - R:localhost/127.0.0.1:62603]
21:02:21.711 [Forwarding isElementEnabled on session 554f09e00d39e786ac0a610d64620b4a to remote] DEBUG org.asynchttpclient.netty.request.NettyRequestSender - Using pooled Channel '[id: 0x333ca217, L:/127.0.0.1:52995 - R:localhost/127.0.0.1:62603]' for 'GET' to 'http://localhost:62603/session/554f09e00d39e786ac0a610d64620b4a/element/1e8159d9-c685-4826-85ff-ec50fc7309fe/enabled'
21:02:21.711 [Forwarding isElementEnabled on session 554f09e00d39e786ac0a610d64620b4a to remote] DEBUG org.asynchttpclient.netty.request.NettyRequestSender - Using open Channel [id: 0x333ca217, L:/127.0.0.1:52995 - R:localhost/127.0.0.1:62603] for GET '/session/554f09e00d39e786ac0a610d64620b4a/element/1e8159d9-c685-4826-85ff-ec50fc7309fe/enabled'
21:02:21.717 [AsyncHttpClient-1-5] DEBUG org.asynchttpclient.netty.handler.HttpHandler - 

Request DefaultFullHttpRequest(decodeResult: success, version: HTTP/1.1, content: EmptyByteBufBE)
GET /session/554f09e00d39e786ac0a610d64620b4a/element/1e8159d9-c685-4826-85ff-ec50fc7309fe/enabled HTTP/1.1
User-Agent: selenium/4.1.2 (java windows)
Cache-Control: no-cache
Content-Type: application/json; charset=utf-8
host: localhost:62603
accept: */*

Response DefaultHttpResponse(decodeResult: success, version: HTTP/1.1)
HTTP/1.1 200 OK
Content-Type: application/json; charset=utf-8
cache-control: no-cache
content-length: 14

21:02:21.717 [AsyncHttpClient-1-5] DEBUG org.asynchttpclient.netty.channel.ChannelManager - Adding key: http://localhost:62603 for channel [id: 0x333ca217, L:/127.0.0.1:52995 - R:localhost/127.0.0.1:62603]
21:02:21.719 [Forwarding isElementEnabled on session 554f09e00d39e786ac0a610d64620b4a to remote] DEBUG org.asynchttpclient.netty.request.NettyRequestSender - Using pooled Channel '[id: 0x333ca217, L:/127.0.0.1:52995 - R:localhost/127.0.0.1:62603]' for 'GET' to 'http://localhost:62603/session/554f09e00d39e786ac0a610d64620b4a/element/1e8159d9-c685-4826-85ff-ec50fc7309fe/enabled'
21:02:21.719 [Forwarding isElementEnabled on session 554f09e00d39e786ac0a610d64620b4a to remote] DEBUG org.asynchttpclient.netty.request.NettyRequestSender - Using open Channel [id: 0x333ca217, L:/127.0.0.1:52995 - R:localhost/127.0.0.1:62603] for GET '/session/554f09e00d39e786ac0a610d64620b4a/element/1e8159d9-c685-4826-85ff-ec50fc7309fe/enabled'
21:02:21.724 [AsyncHttpClient-1-5] DEBUG org.asynchttpclient.netty.handler.HttpHandler - 

Request DefaultFullHttpRequest(decodeResult: success, version: HTTP/1.1, content: EmptyByteBufBE)
GET /session/554f09e00d39e786ac0a610d64620b4a/element/1e8159d9-c685-4826-85ff-ec50fc7309fe/enabled HTTP/1.1
User-Agent: selenium/4.1.2 (java windows)
Cache-Control: no-cache
Content-Type: application/json; charset=utf-8
host: localhost:62603
accept: */*

Response DefaultHttpResponse(decodeResult: success, version: HTTP/1.1)
HTTP/1.1 200 OK
Content-Type: application/json; charset=utf-8
cache-control: no-cache
content-length: 14

21:02:21.724 [AsyncHttpClient-1-5] DEBUG org.asynchttpclient.netty.channel.ChannelManager - Adding key: http://localhost:62603 for channel [id: 0x333ca217, L:/127.0.0.1:52995 - R:localhost/127.0.0.1:62603]
21:02:21.726 [Forwarding findElement on session 554f09e00d39e786ac0a610d64620b4a to remote] DEBUG org.asynchttpclient.netty.request.NettyRequestSender - Using pooled Channel '[id: 0x333ca217, L:/127.0.0.1:52995 - R:localhost/127.0.0.1:62603]' for 'POST' to 'http://localhost:62603/session/554f09e00d39e786ac0a610d64620b4a/element'
21:02:21.726 [Forwarding findElement on session 554f09e00d39e786ac0a610d64620b4a to remote] DEBUG org.asynchttpclient.netty.request.NettyRequestSender - Using open Channel [id: 0x333ca217, L:/127.0.0.1:52995 - R:localhost/127.0.0.1:62603] for POST '/session/554f09e00d39e786ac0a610d64620b4a/element'
21:02:21.738 [AsyncHttpClient-1-5] DEBUG org.asynchttpclient.netty.handler.HttpHandler - 

Request DefaultHttpRequest(decodeResult: success, version: HTTP/1.1)
POST /session/554f09e00d39e786ac0a610d64620b4a/element HTTP/1.1
User-Agent: selenium/4.1.2 (java windows)
Content-Length: 150
Content-Type: application/json; charset=utf-8
host: localhost:62603
accept: */*

Response DefaultHttpResponse(decodeResult: success, version: HTTP/1.1)
HTTP/1.1 200 OK
Content-Type: application/json; charset=utf-8
cache-control: no-cache
content-length: 88

21:02:21.738 [AsyncHttpClient-1-5] DEBUG org.asynchttpclient.netty.channel.ChannelManager - Adding key: http://localhost:62603 for channel [id: 0x333ca217, L:/127.0.0.1:52995 - R:localhost/127.0.0.1:62603]
21:02:21.739 [Forwarding clickElement on session 554f09e00d39e786ac0a610d64620b4a to remote] DEBUG org.asynchttpclient.netty.request.NettyRequestSender - Using pooled Channel '[id: 0x333ca217, L:/127.0.0.1:52995 - R:localhost/127.0.0.1:62603]' for 'POST' to 'http://localhost:62603/session/554f09e00d39e786ac0a610d64620b4a/element/1e8159d9-c685-4826-85ff-ec50fc7309fe/click'
21:02:21.739 [Forwarding clickElement on session 554f09e00d39e786ac0a610d64620b4a to remote] DEBUG org.asynchttpclient.netty.request.NettyRequestSender - Using open Channel [id: 0x333ca217, L:/127.0.0.1:52995 - R:localhost/127.0.0.1:62603] for POST '/session/554f09e00d39e786ac0a610d64620b4a/element/1e8159d9-c685-4826-85ff-ec50fc7309fe/click'
21:02:21.819 [AsyncHttpClient-1-5] DEBUG org.asynchttpclient.netty.handler.HttpHandler - 

Request DefaultHttpRequest(decodeResult: success, version: HTTP/1.1)
POST /session/554f09e00d39e786ac0a610d64620b4a/element/1e8159d9-c685-4826-85ff-ec50fc7309fe/click HTTP/1.1
User-Agent: selenium/4.1.2 (java windows)
Content-Length: 50
Content-Type: application/json; charset=utf-8
host: localhost:62603
accept: */*

Response DefaultHttpResponse(decodeResult: success, version: HTTP/1.1)
HTTP/1.1 200 OK
Content-Type: application/json; charset=utf-8
cache-control: no-cache
content-length: 14

21:02:21.820 [AsyncHttpClient-1-5] DEBUG org.asynchttpclient.netty.channel.ChannelManager - Adding key: http://localhost:62603 for channel [id: 0x333ca217, L:/127.0.0.1:52995 - R:localhost/127.0.0.1:62603]
21:02:21.825 [Forwarding screenshot on session 554f09e00d39e786ac0a610d64620b4a to remote] DEBUG org.asynchttpclient.netty.request.NettyRequestSender - Using pooled Channel '[id: 0x333ca217, L:/127.0.0.1:52995 - R:localhost/127.0.0.1:62603]' for 'GET' to 'http://localhost:62603/session/554f09e00d39e786ac0a610d64620b4a/screenshot'
21:02:21.825 [Forwarding screenshot on session 554f09e00d39e786ac0a610d64620b4a to remote] DEBUG org.asynchttpclient.netty.request.NettyRequestSender - Using open Channel [id: 0x333ca217, L:/127.0.0.1:52995 - R:localhost/127.0.0.1:62603] for GET '/session/554f09e00d39e786ac0a610d64620b4a/screenshot'
21:02:22.016 [AsyncHttpClient-1-5] DEBUG org.asynchttpclient.netty.handler.HttpHandler - 

Request DefaultFullHttpRequest(decodeResult: success, version: HTTP/1.1, content: EmptyByteBufBE)
GET /session/554f09e00d39e786ac0a610d64620b4a/screenshot HTTP/1.1
User-Agent: selenium/4.1.2 (java windows)
Cache-Control: no-cache
Content-Type: application/json; charset=utf-8
host: localhost:62603
accept: */*

Response DefaultHttpResponse(decodeResult: success, version: HTTP/1.1)
HTTP/1.1 200 OK
Content-Type: application/json; charset=utf-8
cache-control: no-cache
content-length: 101940

21:02:22.017 [AsyncHttpClient-1-5] DEBUG org.asynchttpclient.netty.channel.ChannelManager - Adding key: http://localhost:62603 for channel [id: 0x333ca217, L:/127.0.0.1:52995 - R:localhost/127.0.0.1:62603]
21:02:22.022 [main] DEBUG net.serenitybdd.core.photography.Darkroom - Send negative for processing for target\site\serenity\c4b6ff3bd601b4859052f49f2f3093fade6f4c93a244073437e18b15a02dacff.png
21:02:22.022 [main] DEBUG net.thucydides.core.steps.StepInterceptor - STEP DONE: clickItems2
21:02:22.022 [Darkroom Processing Line] DEBUG net.serenitybdd.core.photography.DarkroomProcessingLine - Processing screenshot image in /var/screenshots/screenshot-5289299525250378573
21:02:22.022 [Darkroom Processing Line] DEBUG net.serenitybdd.core.photography.DarkroomProcessingLine - Saving screenshot to target\site\serenity\c4b6ff3bd601b4859052f49f2f3093fade6f4c93a244073437e18b15a02dacff.png
21:02:22.029 [main] DEBUG net.thucydides.core.steps.StepInterceptor - STARTING STEP: TransactionSteps.userClickItems - clickItems3
21:02:22.031 [Forwarding findElement on session 554f09e00d39e786ac0a610d64620b4a to remote] DEBUG org.asynchttpclient.netty.request.NettyRequestSender - Using pooled Channel '[id: 0x333ca217, L:/127.0.0.1:52995 - R:localhost/127.0.0.1:62603]' for 'POST' to 'http://localhost:62603/session/554f09e00d39e786ac0a610d64620b4a/element'
21:02:22.032 [Forwarding findElement on session 554f09e00d39e786ac0a610d64620b4a to remote] DEBUG org.asynchttpclient.netty.request.NettyRequestSender - Using open Channel [id: 0x333ca217, L:/127.0.0.1:52995 - R:localhost/127.0.0.1:62603] for POST '/session/554f09e00d39e786ac0a610d64620b4a/element'
21:02:22.054 [AsyncHttpClient-1-5] DEBUG org.asynchttpclient.netty.handler.HttpHandler - 

Request DefaultHttpRequest(decodeResult: success, version: HTTP/1.1)
POST /session/554f09e00d39e786ac0a610d64620b4a/element HTTP/1.1
User-Agent: selenium/4.1.2 (java windows)
Content-Length: 150
Content-Type: application/json; charset=utf-8
host: localhost:62603
accept: */*

Response DefaultHttpResponse(decodeResult: success, version: HTTP/1.1)
HTTP/1.1 200 OK
Content-Type: application/json; charset=utf-8
cache-control: no-cache
content-length: 88

21:02:22.054 [AsyncHttpClient-1-5] DEBUG org.asynchttpclient.netty.channel.ChannelManager - Adding key: http://localhost:62603 for channel [id: 0x333ca217, L:/127.0.0.1:52995 - R:localhost/127.0.0.1:62603]
21:02:22.056 [Forwarding getElementTagName on session 554f09e00d39e786ac0a610d64620b4a to remote] DEBUG org.asynchttpclient.netty.request.NettyRequestSender - Using pooled Channel '[id: 0x333ca217, L:/127.0.0.1:52995 - R:localhost/127.0.0.1:62603]' for 'GET' to 'http://localhost:62603/session/554f09e00d39e786ac0a610d64620b4a/element/70889eaa-6e72-4729-81ea-c3a53e6b4da5/name'
21:02:22.056 [Forwarding getElementTagName on session 554f09e00d39e786ac0a610d64620b4a to remote] DEBUG org.asynchttpclient.netty.request.NettyRequestSender - Using open Channel [id: 0x333ca217, L:/127.0.0.1:52995 - R:localhost/127.0.0.1:62603] for GET '/session/554f09e00d39e786ac0a610d64620b4a/element/70889eaa-6e72-4729-81ea-c3a53e6b4da5/name'
21:02:22.064 [AsyncHttpClient-1-5] DEBUG org.asynchttpclient.netty.handler.HttpHandler - 

Request DefaultFullHttpRequest(decodeResult: success, version: HTTP/1.1, content: EmptyByteBufBE)
GET /session/554f09e00d39e786ac0a610d64620b4a/element/70889eaa-6e72-4729-81ea-c3a53e6b4da5/name HTTP/1.1
User-Agent: selenium/4.1.2 (java windows)
Cache-Control: no-cache
Content-Type: application/json; charset=utf-8
host: localhost:62603
accept: */*

Response DefaultHttpResponse(decodeResult: success, version: HTTP/1.1)
HTTP/1.1 200 OK
Content-Type: application/json; charset=utf-8
cache-control: no-cache
content-length: 18

21:02:22.064 [AsyncHttpClient-1-5] DEBUG org.asynchttpclient.netty.channel.ChannelManager - Adding key: http://localhost:62603 for channel [id: 0x333ca217, L:/127.0.0.1:52995 - R:localhost/127.0.0.1:62603]
21:02:22.065 [Forwarding getElementTagName on session 554f09e00d39e786ac0a610d64620b4a to remote] DEBUG org.asynchttpclient.netty.request.NettyRequestSender - Using pooled Channel '[id: 0x333ca217, L:/127.0.0.1:52995 - R:localhost/127.0.0.1:62603]' for 'GET' to 'http://localhost:62603/session/554f09e00d39e786ac0a610d64620b4a/element/70889eaa-6e72-4729-81ea-c3a53e6b4da5/name'
21:02:22.065 [Forwarding getElementTagName on session 554f09e00d39e786ac0a610d64620b4a to remote] DEBUG org.asynchttpclient.netty.request.NettyRequestSender - Using open Channel [id: 0x333ca217, L:/127.0.0.1:52995 - R:localhost/127.0.0.1:62603] for GET '/session/554f09e00d39e786ac0a610d64620b4a/element/70889eaa-6e72-4729-81ea-c3a53e6b4da5/name'
21:02:22.069 [AsyncHttpClient-1-5] DEBUG org.asynchttpclient.netty.handler.HttpHandler - 

Request DefaultFullHttpRequest(decodeResult: success, version: HTTP/1.1, content: EmptyByteBufBE)
GET /session/554f09e00d39e786ac0a610d64620b4a/element/70889eaa-6e72-4729-81ea-c3a53e6b4da5/name HTTP/1.1
User-Agent: selenium/4.1.2 (java windows)
Cache-Control: no-cache
Content-Type: application/json; charset=utf-8
host: localhost:62603
accept: */*

Response DefaultHttpResponse(decodeResult: success, version: HTTP/1.1)
HTTP/1.1 200 OK
Content-Type: application/json; charset=utf-8
cache-control: no-cache
content-length: 18

21:02:22.069 [AsyncHttpClient-1-5] DEBUG org.asynchttpclient.netty.channel.ChannelManager - Adding key: http://localhost:62603 for channel [id: 0x333ca217, L:/127.0.0.1:52995 - R:localhost/127.0.0.1:62603]
21:02:22.072 [Forwarding isElementEnabled on session 554f09e00d39e786ac0a610d64620b4a to remote] DEBUG org.asynchttpclient.netty.request.NettyRequestSender - Using pooled Channel '[id: 0x333ca217, L:/127.0.0.1:52995 - R:localhost/127.0.0.1:62603]' for 'GET' to 'http://localhost:62603/session/554f09e00d39e786ac0a610d64620b4a/element/70889eaa-6e72-4729-81ea-c3a53e6b4da5/enabled'
21:02:22.072 [Forwarding isElementEnabled on session 554f09e00d39e786ac0a610d64620b4a to remote] DEBUG org.asynchttpclient.netty.request.NettyRequestSender - Using open Channel [id: 0x333ca217, L:/127.0.0.1:52995 - R:localhost/127.0.0.1:62603] for GET '/session/554f09e00d39e786ac0a610d64620b4a/element/70889eaa-6e72-4729-81ea-c3a53e6b4da5/enabled'
21:02:22.081 [AsyncHttpClient-1-5] DEBUG org.asynchttpclient.netty.handler.HttpHandler - 

Request DefaultFullHttpRequest(decodeResult: success, version: HTTP/1.1, content: EmptyByteBufBE)
GET /session/554f09e00d39e786ac0a610d64620b4a/element/70889eaa-6e72-4729-81ea-c3a53e6b4da5/enabled HTTP/1.1
User-Agent: selenium/4.1.2 (java windows)
Cache-Control: no-cache
Content-Type: application/json; charset=utf-8
host: localhost:62603
accept: */*

Response DefaultHttpResponse(decodeResult: success, version: HTTP/1.1)
HTTP/1.1 200 OK
Content-Type: application/json; charset=utf-8
cache-control: no-cache
content-length: 14

21:02:22.081 [AsyncHttpClient-1-5] DEBUG org.asynchttpclient.netty.channel.ChannelManager - Adding key: http://localhost:62603 for channel [id: 0x333ca217, L:/127.0.0.1:52995 - R:localhost/127.0.0.1:62603]
21:02:22.083 [Forwarding isElementEnabled on session 554f09e00d39e786ac0a610d64620b4a to remote] DEBUG org.asynchttpclient.netty.request.NettyRequestSender - Using pooled Channel '[id: 0x333ca217, L:/127.0.0.1:52995 - R:localhost/127.0.0.1:62603]' for 'GET' to 'http://localhost:62603/session/554f09e00d39e786ac0a610d64620b4a/element/70889eaa-6e72-4729-81ea-c3a53e6b4da5/enabled'
21:02:22.083 [Forwarding isElementEnabled on session 554f09e00d39e786ac0a610d64620b4a to remote] DEBUG org.asynchttpclient.netty.request.NettyRequestSender - Using open Channel [id: 0x333ca217, L:/127.0.0.1:52995 - R:localhost/127.0.0.1:62603] for GET '/session/554f09e00d39e786ac0a610d64620b4a/element/70889eaa-6e72-4729-81ea-c3a53e6b4da5/enabled'
21:02:22.101 [AsyncHttpClient-1-5] DEBUG org.asynchttpclient.netty.handler.HttpHandler - 

Request DefaultFullHttpRequest(decodeResult: success, version: HTTP/1.1, content: EmptyByteBufBE)
GET /session/554f09e00d39e786ac0a610d64620b4a/element/70889eaa-6e72-4729-81ea-c3a53e6b4da5/enabled HTTP/1.1
User-Agent: selenium/4.1.2 (java windows)
Cache-Control: no-cache
Content-Type: application/json; charset=utf-8
host: localhost:62603
accept: */*

Response DefaultHttpResponse(decodeResult: success, version: HTTP/1.1)
HTTP/1.1 200 OK
Content-Type: application/json; charset=utf-8
cache-control: no-cache
content-length: 14

21:02:22.101 [AsyncHttpClient-1-5] DEBUG org.asynchttpclient.netty.channel.ChannelManager - Adding key: http://localhost:62603 for channel [id: 0x333ca217, L:/127.0.0.1:52995 - R:localhost/127.0.0.1:62603]
21:02:22.103 [Forwarding findElement on session 554f09e00d39e786ac0a610d64620b4a to remote] DEBUG org.asynchttpclient.netty.request.NettyRequestSender - Using pooled Channel '[id: 0x333ca217, L:/127.0.0.1:52995 - R:localhost/127.0.0.1:62603]' for 'POST' to 'http://localhost:62603/session/554f09e00d39e786ac0a610d64620b4a/element'
21:02:22.103 [Forwarding findElement on session 554f09e00d39e786ac0a610d64620b4a to remote] DEBUG org.asynchttpclient.netty.request.NettyRequestSender - Using open Channel [id: 0x333ca217, L:/127.0.0.1:52995 - R:localhost/127.0.0.1:62603] for POST '/session/554f09e00d39e786ac0a610d64620b4a/element'
21:02:22.121 [AsyncHttpClient-1-5] DEBUG org.asynchttpclient.netty.handler.HttpHandler - 

Request DefaultHttpRequest(decodeResult: success, version: HTTP/1.1)
POST /session/554f09e00d39e786ac0a610d64620b4a/element HTTP/1.1
User-Agent: selenium/4.1.2 (java windows)
Content-Length: 150
Content-Type: application/json; charset=utf-8
host: localhost:62603
accept: */*

Response DefaultHttpResponse(decodeResult: success, version: HTTP/1.1)
HTTP/1.1 200 OK
Content-Type: application/json; charset=utf-8
cache-control: no-cache
content-length: 88

21:02:22.121 [AsyncHttpClient-1-5] DEBUG org.asynchttpclient.netty.channel.ChannelManager - Adding key: http://localhost:62603 for channel [id: 0x333ca217, L:/127.0.0.1:52995 - R:localhost/127.0.0.1:62603]
21:02:22.123 [Forwarding clickElement on session 554f09e00d39e786ac0a610d64620b4a to remote] DEBUG org.asynchttpclient.netty.request.NettyRequestSender - Using pooled Channel '[id: 0x333ca217, L:/127.0.0.1:52995 - R:localhost/127.0.0.1:62603]' for 'POST' to 'http://localhost:62603/session/554f09e00d39e786ac0a610d64620b4a/element/70889eaa-6e72-4729-81ea-c3a53e6b4da5/click'
21:02:22.124 [Forwarding clickElement on session 554f09e00d39e786ac0a610d64620b4a to remote] DEBUG org.asynchttpclient.netty.request.NettyRequestSender - Using open Channel [id: 0x333ca217, L:/127.0.0.1:52995 - R:localhost/127.0.0.1:62603] for POST '/session/554f09e00d39e786ac0a610d64620b4a/element/70889eaa-6e72-4729-81ea-c3a53e6b4da5/click'
21:02:22.428 [AsyncHttpClient-1-1] DEBUG org.asynchttpclient.netty.channel.DefaultChannelPool - Entry count for : http://localhost:52996 : 1
21:02:22.429 [AsyncHttpClient-1-5] DEBUG org.asynchttpclient.netty.handler.HttpHandler - 

Request DefaultHttpRequest(decodeResult: success, version: HTTP/1.1)
POST /session/554f09e00d39e786ac0a610d64620b4a/element/70889eaa-6e72-4729-81ea-c3a53e6b4da5/click HTTP/1.1
User-Agent: selenium/4.1.2 (java windows)
Content-Length: 50
Content-Type: application/json; charset=utf-8
host: localhost:62603
accept: */*

Response DefaultHttpResponse(decodeResult: success, version: HTTP/1.1)
HTTP/1.1 200 OK
Content-Type: application/json; charset=utf-8
cache-control: no-cache
content-length: 14

21:02:22.429 [AsyncHttpClient-1-5] DEBUG org.asynchttpclient.netty.channel.ChannelManager - Adding key: http://localhost:62603 for channel [id: 0x333ca217, L:/127.0.0.1:52995 - R:localhost/127.0.0.1:62603]
21:02:22.441 [Forwarding screenshot on session 554f09e00d39e786ac0a610d64620b4a to remote] DEBUG org.asynchttpclient.netty.request.NettyRequestSender - Using pooled Channel '[id: 0x333ca217, L:/127.0.0.1:52995 - R:localhost/127.0.0.1:62603]' for 'GET' to 'http://localhost:62603/session/554f09e00d39e786ac0a610d64620b4a/screenshot'
21:02:22.441 [Forwarding screenshot on session 554f09e00d39e786ac0a610d64620b4a to remote] DEBUG org.asynchttpclient.netty.request.NettyRequestSender - Using open Channel [id: 0x333ca217, L:/127.0.0.1:52995 - R:localhost/127.0.0.1:62603] for GET '/session/554f09e00d39e786ac0a610d64620b4a/screenshot'
21:02:22.737 [AsyncHttpClient-1-5] DEBUG org.asynchttpclient.netty.handler.HttpHandler - 

Request DefaultFullHttpRequest(decodeResult: success, version: HTTP/1.1, content: EmptyByteBufBE)
GET /session/554f09e00d39e786ac0a610d64620b4a/screenshot HTTP/1.1
User-Agent: selenium/4.1.2 (java windows)
Cache-Control: no-cache
Content-Type: application/json; charset=utf-8
host: localhost:62603
accept: */*

Response DefaultHttpResponse(decodeResult: success, version: HTTP/1.1)
HTTP/1.1 200 OK
Content-Type: application/json; charset=utf-8
cache-control: no-cache
content-length: 101544

21:02:22.737 [AsyncHttpClient-1-5] DEBUG org.asynchttpclient.netty.channel.ChannelManager - Adding key: http://localhost:62603 for channel [id: 0x333ca217, L:/127.0.0.1:52995 - R:localhost/127.0.0.1:62603]
21:02:22.743 [main] DEBUG net.serenitybdd.core.photography.Darkroom - Send negative for processing for target\site\serenity\c551fcfc4bdbb7cac5230a07e21106a55983c695f0c14546c77add81c2a1065f.png
21:02:22.743 [main] DEBUG net.thucydides.core.steps.StepInterceptor - STEP DONE: clickItems3
21:02:22.744 [Darkroom Processing Line] DEBUG net.serenitybdd.core.photography.DarkroomProcessingLine - Processing screenshot image in /var/screenshots/screenshot-7831656645357029442
21:02:22.744 [Darkroom Processing Line] DEBUG net.serenitybdd.core.photography.DarkroomProcessingLine - Saving screenshot to target\site\serenity\c551fcfc4bdbb7cac5230a07e21106a55983c695f0c14546c77add81c2a1065f.png
21:02:22.753 [main] DEBUG net.thucydides.core.steps.StepInterceptor - STARTING STEP: TransactionSteps.userClickItems - clickItems3
21:02:22.756 [Forwarding findElement on session 554f09e00d39e786ac0a610d64620b4a to remote] DEBUG org.asynchttpclient.netty.request.NettyRequestSender - Using pooled Channel '[id: 0x333ca217, L:/127.0.0.1:52995 - R:localhost/127.0.0.1:62603]' for 'POST' to 'http://localhost:62603/session/554f09e00d39e786ac0a610d64620b4a/element'
21:02:22.756 [Forwarding findElement on session 554f09e00d39e786ac0a610d64620b4a to remote] DEBUG org.asynchttpclient.netty.request.NettyRequestSender - Using open Channel [id: 0x333ca217, L:/127.0.0.1:52995 - R:localhost/127.0.0.1:62603] for POST '/session/554f09e00d39e786ac0a610d64620b4a/element'
21:02:22.774 [AsyncHttpClient-1-5] DEBUG org.asynchttpclient.netty.handler.HttpHandler - 

Request DefaultHttpRequest(decodeResult: success, version: HTTP/1.1)
POST /session/554f09e00d39e786ac0a610d64620b4a/element HTTP/1.1
User-Agent: selenium/4.1.2 (java windows)
Content-Length: 150
Content-Type: application/json; charset=utf-8
host: localhost:62603
accept: */*

Response DefaultHttpResponse(decodeResult: success, version: HTTP/1.1)
HTTP/1.1 200 OK
Content-Type: application/json; charset=utf-8
cache-control: no-cache
content-length: 88

21:02:22.774 [AsyncHttpClient-1-5] DEBUG org.asynchttpclient.netty.channel.ChannelManager - Adding key: http://localhost:62603 for channel [id: 0x333ca217, L:/127.0.0.1:52995 - R:localhost/127.0.0.1:62603]
21:02:22.775 [Forwarding getElementTagName on session 554f09e00d39e786ac0a610d64620b4a to remote] DEBUG org.asynchttpclient.netty.request.NettyRequestSender - Using pooled Channel '[id: 0x333ca217, L:/127.0.0.1:52995 - R:localhost/127.0.0.1:62603]' for 'GET' to 'http://localhost:62603/session/554f09e00d39e786ac0a610d64620b4a/element/70889eaa-6e72-4729-81ea-c3a53e6b4da5/name'
21:02:22.776 [Forwarding getElementTagName on session 554f09e00d39e786ac0a610d64620b4a to remote] DEBUG org.asynchttpclient.netty.request.NettyRequestSender - Using open Channel [id: 0x333ca217, L:/127.0.0.1:52995 - R:localhost/127.0.0.1:62603] for GET '/session/554f09e00d39e786ac0a610d64620b4a/element/70889eaa-6e72-4729-81ea-c3a53e6b4da5/name'
21:02:22.780 [AsyncHttpClient-1-5] DEBUG org.asynchttpclient.netty.handler.HttpHandler - 

Request DefaultFullHttpRequest(decodeResult: success, version: HTTP/1.1, content: EmptyByteBufBE)
GET /session/554f09e00d39e786ac0a610d64620b4a/element/70889eaa-6e72-4729-81ea-c3a53e6b4da5/name HTTP/1.1
User-Agent: selenium/4.1.2 (java windows)
Cache-Control: no-cache
Content-Type: application/json; charset=utf-8
host: localhost:62603
accept: */*

Response DefaultHttpResponse(decodeResult: success, version: HTTP/1.1)
HTTP/1.1 200 OK
Content-Type: application/json; charset=utf-8
cache-control: no-cache
content-length: 18

21:02:22.780 [AsyncHttpClient-1-5] DEBUG org.asynchttpclient.netty.channel.ChannelManager - Adding key: http://localhost:62603 for channel [id: 0x333ca217, L:/127.0.0.1:52995 - R:localhost/127.0.0.1:62603]
21:02:22.782 [Forwarding getElementTagName on session 554f09e00d39e786ac0a610d64620b4a to remote] DEBUG org.asynchttpclient.netty.request.NettyRequestSender - Using pooled Channel '[id: 0x333ca217, L:/127.0.0.1:52995 - R:localhost/127.0.0.1:62603]' for 'GET' to 'http://localhost:62603/session/554f09e00d39e786ac0a610d64620b4a/element/70889eaa-6e72-4729-81ea-c3a53e6b4da5/name'
21:02:22.782 [Forwarding getElementTagName on session 554f09e00d39e786ac0a610d64620b4a to remote] DEBUG org.asynchttpclient.netty.request.NettyRequestSender - Using open Channel [id: 0x333ca217, L:/127.0.0.1:52995 - R:localhost/127.0.0.1:62603] for GET '/session/554f09e00d39e786ac0a610d64620b4a/element/70889eaa-6e72-4729-81ea-c3a53e6b4da5/name'
21:02:22.787 [AsyncHttpClient-1-5] DEBUG org.asynchttpclient.netty.handler.HttpHandler - 

Request DefaultFullHttpRequest(decodeResult: success, version: HTTP/1.1, content: EmptyByteBufBE)
GET /session/554f09e00d39e786ac0a610d64620b4a/element/70889eaa-6e72-4729-81ea-c3a53e6b4da5/name HTTP/1.1
User-Agent: selenium/4.1.2 (java windows)
Cache-Control: no-cache
Content-Type: application/json; charset=utf-8
host: localhost:62603
accept: */*

Response DefaultHttpResponse(decodeResult: success, version: HTTP/1.1)
HTTP/1.1 200 OK
Content-Type: application/json; charset=utf-8
cache-control: no-cache
content-length: 18

21:02:22.787 [AsyncHttpClient-1-5] DEBUG org.asynchttpclient.netty.channel.ChannelManager - Adding key: http://localhost:62603 for channel [id: 0x333ca217, L:/127.0.0.1:52995 - R:localhost/127.0.0.1:62603]
21:02:22.789 [Forwarding isElementEnabled on session 554f09e00d39e786ac0a610d64620b4a to remote] DEBUG org.asynchttpclient.netty.request.NettyRequestSender - Using pooled Channel '[id: 0x333ca217, L:/127.0.0.1:52995 - R:localhost/127.0.0.1:62603]' for 'GET' to 'http://localhost:62603/session/554f09e00d39e786ac0a610d64620b4a/element/70889eaa-6e72-4729-81ea-c3a53e6b4da5/enabled'
21:02:22.789 [Forwarding isElementEnabled on session 554f09e00d39e786ac0a610d64620b4a to remote] DEBUG org.asynchttpclient.netty.request.NettyRequestSender - Using open Channel [id: 0x333ca217, L:/127.0.0.1:52995 - R:localhost/127.0.0.1:62603] for GET '/session/554f09e00d39e786ac0a610d64620b4a/element/70889eaa-6e72-4729-81ea-c3a53e6b4da5/enabled'
21:02:22.797 [AsyncHttpClient-1-5] DEBUG org.asynchttpclient.netty.handler.HttpHandler - 

Request DefaultFullHttpRequest(decodeResult: success, version: HTTP/1.1, content: EmptyByteBufBE)
GET /session/554f09e00d39e786ac0a610d64620b4a/element/70889eaa-6e72-4729-81ea-c3a53e6b4da5/enabled HTTP/1.1
User-Agent: selenium/4.1.2 (java windows)
Cache-Control: no-cache
Content-Type: application/json; charset=utf-8
host: localhost:62603
accept: */*

Response DefaultHttpResponse(decodeResult: success, version: HTTP/1.1)
HTTP/1.1 200 OK
Content-Type: application/json; charset=utf-8
cache-control: no-cache
content-length: 14

21:02:22.797 [AsyncHttpClient-1-5] DEBUG org.asynchttpclient.netty.channel.ChannelManager - Adding key: http://localhost:62603 for channel [id: 0x333ca217, L:/127.0.0.1:52995 - R:localhost/127.0.0.1:62603]
21:02:22.798 [Forwarding isElementEnabled on session 554f09e00d39e786ac0a610d64620b4a to remote] DEBUG org.asynchttpclient.netty.request.NettyRequestSender - Using pooled Channel '[id: 0x333ca217, L:/127.0.0.1:52995 - R:localhost/127.0.0.1:62603]' for 'GET' to 'http://localhost:62603/session/554f09e00d39e786ac0a610d64620b4a/element/70889eaa-6e72-4729-81ea-c3a53e6b4da5/enabled'
21:02:22.798 [Forwarding isElementEnabled on session 554f09e00d39e786ac0a610d64620b4a to remote] DEBUG org.asynchttpclient.netty.request.NettyRequestSender - Using open Channel [id: 0x333ca217, L:/127.0.0.1:52995 - R:localhost/127.0.0.1:62603] for GET '/session/554f09e00d39e786ac0a610d64620b4a/element/70889eaa-6e72-4729-81ea-c3a53e6b4da5/enabled'
21:02:22.804 [AsyncHttpClient-1-5] DEBUG org.asynchttpclient.netty.handler.HttpHandler - 

Request DefaultFullHttpRequest(decodeResult: success, version: HTTP/1.1, content: EmptyByteBufBE)
GET /session/554f09e00d39e786ac0a610d64620b4a/element/70889eaa-6e72-4729-81ea-c3a53e6b4da5/enabled HTTP/1.1
User-Agent: selenium/4.1.2 (java windows)
Cache-Control: no-cache
Content-Type: application/json; charset=utf-8
host: localhost:62603
accept: */*

Response DefaultHttpResponse(decodeResult: success, version: HTTP/1.1)
HTTP/1.1 200 OK
Content-Type: application/json; charset=utf-8
cache-control: no-cache
content-length: 14

21:02:22.804 [AsyncHttpClient-1-5] DEBUG org.asynchttpclient.netty.channel.ChannelManager - Adding key: http://localhost:62603 for channel [id: 0x333ca217, L:/127.0.0.1:52995 - R:localhost/127.0.0.1:62603]
21:02:22.806 [Forwarding findElement on session 554f09e00d39e786ac0a610d64620b4a to remote] DEBUG org.asynchttpclient.netty.request.NettyRequestSender - Using pooled Channel '[id: 0x333ca217, L:/127.0.0.1:52995 - R:localhost/127.0.0.1:62603]' for 'POST' to 'http://localhost:62603/session/554f09e00d39e786ac0a610d64620b4a/element'
21:02:22.806 [Forwarding findElement on session 554f09e00d39e786ac0a610d64620b4a to remote] DEBUG org.asynchttpclient.netty.request.NettyRequestSender - Using open Channel [id: 0x333ca217, L:/127.0.0.1:52995 - R:localhost/127.0.0.1:62603] for POST '/session/554f09e00d39e786ac0a610d64620b4a/element'
21:02:22.818 [AsyncHttpClient-1-5] DEBUG org.asynchttpclient.netty.handler.HttpHandler - 

Request DefaultHttpRequest(decodeResult: success, version: HTTP/1.1)
POST /session/554f09e00d39e786ac0a610d64620b4a/element HTTP/1.1
User-Agent: selenium/4.1.2 (java windows)
Content-Length: 150
Content-Type: application/json; charset=utf-8
host: localhost:62603
accept: */*

Response DefaultHttpResponse(decodeResult: success, version: HTTP/1.1)
HTTP/1.1 200 OK
Content-Type: application/json; charset=utf-8
cache-control: no-cache
content-length: 88

21:02:22.818 [AsyncHttpClient-1-5] DEBUG org.asynchttpclient.netty.channel.ChannelManager - Adding key: http://localhost:62603 for channel [id: 0x333ca217, L:/127.0.0.1:52995 - R:localhost/127.0.0.1:62603]
21:02:22.819 [Forwarding clickElement on session 554f09e00d39e786ac0a610d64620b4a to remote] DEBUG org.asynchttpclient.netty.request.NettyRequestSender - Using pooled Channel '[id: 0x333ca217, L:/127.0.0.1:52995 - R:localhost/127.0.0.1:62603]' for 'POST' to 'http://localhost:62603/session/554f09e00d39e786ac0a610d64620b4a/element/70889eaa-6e72-4729-81ea-c3a53e6b4da5/click'
21:02:22.819 [Forwarding clickElement on session 554f09e00d39e786ac0a610d64620b4a to remote] DEBUG org.asynchttpclient.netty.request.NettyRequestSender - Using open Channel [id: 0x333ca217, L:/127.0.0.1:52995 - R:localhost/127.0.0.1:62603] for POST '/session/554f09e00d39e786ac0a610d64620b4a/element/70889eaa-6e72-4729-81ea-c3a53e6b4da5/click'
21:02:22.910 [AsyncHttpClient-1-5] DEBUG org.asynchttpclient.netty.handler.HttpHandler - 

Request DefaultHttpRequest(decodeResult: success, version: HTTP/1.1)
POST /session/554f09e00d39e786ac0a610d64620b4a/element/70889eaa-6e72-4729-81ea-c3a53e6b4da5/click HTTP/1.1
User-Agent: selenium/4.1.2 (java windows)
Content-Length: 50
Content-Type: application/json; charset=utf-8
host: localhost:62603
accept: */*

Response DefaultHttpResponse(decodeResult: success, version: HTTP/1.1)
HTTP/1.1 200 OK
Content-Type: application/json; charset=utf-8
cache-control: no-cache
content-length: 14

21:02:22.911 [AsyncHttpClient-1-5] DEBUG org.asynchttpclient.netty.channel.ChannelManager - Adding key: http://localhost:62603 for channel [id: 0x333ca217, L:/127.0.0.1:52995 - R:localhost/127.0.0.1:62603]
21:02:22.915 [Forwarding screenshot on session 554f09e00d39e786ac0a610d64620b4a to remote] DEBUG org.asynchttpclient.netty.request.NettyRequestSender - Using pooled Channel '[id: 0x333ca217, L:/127.0.0.1:52995 - R:localhost/127.0.0.1:62603]' for 'GET' to 'http://localhost:62603/session/554f09e00d39e786ac0a610d64620b4a/screenshot'
21:02:22.915 [Forwarding screenshot on session 554f09e00d39e786ac0a610d64620b4a to remote] DEBUG org.asynchttpclient.netty.request.NettyRequestSender - Using open Channel [id: 0x333ca217, L:/127.0.0.1:52995 - R:localhost/127.0.0.1:62603] for GET '/session/554f09e00d39e786ac0a610d64620b4a/screenshot'
21:02:23.123 [AsyncHttpClient-1-5] DEBUG org.asynchttpclient.netty.handler.HttpHandler - 

Request DefaultFullHttpRequest(decodeResult: success, version: HTTP/1.1, content: EmptyByteBufBE)
GET /session/554f09e00d39e786ac0a610d64620b4a/screenshot HTTP/1.1
User-Agent: selenium/4.1.2 (java windows)
Cache-Control: no-cache
Content-Type: application/json; charset=utf-8
host: localhost:62603
accept: */*

Response DefaultHttpResponse(decodeResult: success, version: HTTP/1.1)
HTTP/1.1 200 OK
Content-Type: application/json; charset=utf-8
cache-control: no-cache
content-length: 101884

21:02:23.123 [AsyncHttpClient-1-5] DEBUG org.asynchttpclient.netty.channel.ChannelManager - Adding key: http://localhost:62603 for channel [id: 0x333ca217, L:/127.0.0.1:52995 - R:localhost/127.0.0.1:62603]
21:02:23.129 [main] DEBUG net.serenitybdd.core.photography.Darkroom - Send negative for processing for target\site\serenity\4d3fab370f276380b1773230f8c734248a1984b1b5032528597a57a50266a07d.png
21:02:23.129 [main] DEBUG net.thucydides.core.steps.StepInterceptor - STEP DONE: clickItems3
21:02:23.129 [Darkroom Processing Line] DEBUG net.serenitybdd.core.photography.DarkroomProcessingLine - Processing screenshot image in /var/screenshots/screenshot-1392708233946854595
  &amp#27;[32mAnd &amp#27;[0m&amp#27;[32muser click items&amp#27;[0m                                    &amp#27;[90m# starter.stepdefenitions.TransactionSteps.userClickItems()&amp#27;[0m
21:02:23.129 [Darkroom Processing Line] DEBUG net.serenitybdd.core.photography.DarkroomProcessingLine - Saving screenshot to target\site\serenity\4d3fab370f276380b1773230f8c734248a1984b1b5032528597a57a50266a07d.png
21:02:23.143 [main] DEBUG net.thucydides.core.steps.StepInterceptor - STARTING STEP: TransactionSteps.userClickIconBasket - clickIconBasket
21:02:23.149 [Forwarding findElement on session 554f09e00d39e786ac0a610d64620b4a to remote] DEBUG org.asynchttpclient.netty.request.NettyRequestSender - Using pooled Channel '[id: 0x333ca217, L:/127.0.0.1:52995 - R:localhost/127.0.0.1:62603]' for 'POST' to 'http://localhost:62603/session/554f09e00d39e786ac0a610d64620b4a/element'
21:02:23.149 [Forwarding findElement on session 554f09e00d39e786ac0a610d64620b4a to remote] DEBUG org.asynchttpclient.netty.request.NettyRequestSender - Using open Channel [id: 0x333ca217, L:/127.0.0.1:52995 - R:localhost/127.0.0.1:62603] for POST '/session/554f09e00d39e786ac0a610d64620b4a/element'
21:02:23.171 [AsyncHttpClient-1-5] DEBUG org.asynchttpclient.netty.handler.HttpHandler - 

Request DefaultHttpRequest(decodeResult: success, version: HTTP/1.1)
POST /session/554f09e00d39e786ac0a610d64620b4a/element HTTP/1.1
User-Agent: selenium/4.1.2 (java windows)
Content-Length: 129
Content-Type: application/json; charset=utf-8
host: localhost:62603
accept: */*

Response DefaultHttpResponse(decodeResult: success, version: HTTP/1.1)
HTTP/1.1 200 OK
Content-Type: application/json; charset=utf-8
cache-control: no-cache
content-length: 88

21:02:23.172 [AsyncHttpClient-1-5] DEBUG org.asynchttpclient.netty.channel.ChannelManager - Adding key: http://localhost:62603 for channel [id: 0x333ca217, L:/127.0.0.1:52995 - R:localhost/127.0.0.1:62603]
21:02:23.173 [Forwarding getElementTagName on session 554f09e00d39e786ac0a610d64620b4a to remote] DEBUG org.asynchttpclient.netty.request.NettyRequestSender - Using pooled Channel '[id: 0x333ca217, L:/127.0.0.1:52995 - R:localhost/127.0.0.1:62603]' for 'GET' to 'http://localhost:62603/session/554f09e00d39e786ac0a610d64620b4a/element/a2f623e0-1e95-4877-8954-290f9134d3b1/name'
21:02:23.173 [Forwarding getElementTagName on session 554f09e00d39e786ac0a610d64620b4a to remote] DEBUG org.asynchttpclient.netty.request.NettyRequestSender - Using open Channel [id: 0x333ca217, L:/127.0.0.1:52995 - R:localhost/127.0.0.1:62603] for GET '/session/554f09e00d39e786ac0a610d64620b4a/element/a2f623e0-1e95-4877-8954-290f9134d3b1/name'
21:02:23.178 [AsyncHttpClient-1-5] DEBUG org.asynchttpclient.netty.handler.HttpHandler - 

Request DefaultFullHttpRequest(decodeResult: success, version: HTTP/1.1, content: EmptyByteBufBE)
GET /session/554f09e00d39e786ac0a610d64620b4a/element/a2f623e0-1e95-4877-8954-290f9134d3b1/name HTTP/1.1
User-Agent: selenium/4.1.2 (java windows)
Cache-Control: no-cache
Content-Type: application/json; charset=utf-8
host: localhost:62603
accept: */*

Response DefaultHttpResponse(decodeResult: success, version: HTTP/1.1)
HTTP/1.1 200 OK
Content-Type: application/json; charset=utf-8
cache-control: no-cache
content-length: 18

21:02:23.179 [AsyncHttpClient-1-5] DEBUG org.asynchttpclient.netty.channel.ChannelManager - Adding key: http://localhost:62603 for channel [id: 0x333ca217, L:/127.0.0.1:52995 - R:localhost/127.0.0.1:62603]
21:02:23.180 [Forwarding getElementTagName on session 554f09e00d39e786ac0a610d64620b4a to remote] DEBUG org.asynchttpclient.netty.request.NettyRequestSender - Using pooled Channel '[id: 0x333ca217, L:/127.0.0.1:52995 - R:localhost/127.0.0.1:62603]' for 'GET' to 'http://localhost:62603/session/554f09e00d39e786ac0a610d64620b4a/element/a2f623e0-1e95-4877-8954-290f9134d3b1/name'
21:02:23.180 [Forwarding getElementTagName on session 554f09e00d39e786ac0a610d64620b4a to remote] DEBUG org.asynchttpclient.netty.request.NettyRequestSender - Using open Channel [id: 0x333ca217, L:/127.0.0.1:52995 - R:localhost/127.0.0.1:62603] for GET '/session/554f09e00d39e786ac0a610d64620b4a/element/a2f623e0-1e95-4877-8954-290f9134d3b1/name'
21:02:23.184 [AsyncHttpClient-1-5] DEBUG org.asynchttpclient.netty.handler.HttpHandler - 

Request DefaultFullHttpRequest(decodeResult: success, version: HTTP/1.1, content: EmptyByteBufBE)
GET /session/554f09e00d39e786ac0a610d64620b4a/element/a2f623e0-1e95-4877-8954-290f9134d3b1/name HTTP/1.1
User-Agent: selenium/4.1.2 (java windows)
Cache-Control: no-cache
Content-Type: application/json; charset=utf-8
host: localhost:62603
accept: */*

Response DefaultHttpResponse(decodeResult: success, version: HTTP/1.1)
HTTP/1.1 200 OK
Content-Type: application/json; charset=utf-8
cache-control: no-cache
content-length: 18

21:02:23.184 [AsyncHttpClient-1-5] DEBUG org.asynchttpclient.netty.channel.ChannelManager - Adding key: http://localhost:62603 for channel [id: 0x333ca217, L:/127.0.0.1:52995 - R:localhost/127.0.0.1:62603]
21:02:23.188 [Forwarding isElementEnabled on session 554f09e00d39e786ac0a610d64620b4a to remote] DEBUG org.asynchttpclient.netty.request.NettyRequestSender - Using pooled Channel '[id: 0x333ca217, L:/127.0.0.1:52995 - R:localhost/127.0.0.1:62603]' for 'GET' to 'http://localhost:62603/session/554f09e00d39e786ac0a610d64620b4a/element/a2f623e0-1e95-4877-8954-290f9134d3b1/enabled'
21:02:23.188 [Forwarding isElementEnabled on session 554f09e00d39e786ac0a610d64620b4a to remote] DEBUG org.asynchttpclient.netty.request.NettyRequestSender - Using open Channel [id: 0x333ca217, L:/127.0.0.1:52995 - R:localhost/127.0.0.1:62603] for GET '/session/554f09e00d39e786ac0a610d64620b4a/element/a2f623e0-1e95-4877-8954-290f9134d3b1/enabled'
21:02:23.200 [AsyncHttpClient-1-5] DEBUG org.asynchttpclient.netty.handler.HttpHandler - 

Request DefaultFullHttpRequest(decodeResult: success, version: HTTP/1.1, content: EmptyByteBufBE)
GET /session/554f09e00d39e786ac0a610d64620b4a/element/a2f623e0-1e95-4877-8954-290f9134d3b1/enabled HTTP/1.1
User-Agent: selenium/4.1.2 (java windows)
Cache-Control: no-cache
Content-Type: application/json; charset=utf-8
host: localhost:62603
accept: */*

Response DefaultHttpResponse(decodeResult: success, version: HTTP/1.1)
HTTP/1.1 200 OK
Content-Type: application/json; charset=utf-8
cache-control: no-cache
content-length: 14

21:02:23.201 [AsyncHttpClient-1-5] DEBUG org.asynchttpclient.netty.channel.ChannelManager - Adding key: http://localhost:62603 for channel [id: 0x333ca217, L:/127.0.0.1:52995 - R:localhost/127.0.0.1:62603]
21:02:23.203 [Forwarding isElementEnabled on session 554f09e00d39e786ac0a610d64620b4a to remote] DEBUG org.asynchttpclient.netty.request.NettyRequestSender - Using pooled Channel '[id: 0x333ca217, L:/127.0.0.1:52995 - R:localhost/127.0.0.1:62603]' for 'GET' to 'http://localhost:62603/session/554f09e00d39e786ac0a610d64620b4a/element/a2f623e0-1e95-4877-8954-290f9134d3b1/enabled'
21:02:23.203 [Forwarding isElementEnabled on session 554f09e00d39e786ac0a610d64620b4a to remote] DEBUG org.asynchttpclient.netty.request.NettyRequestSender - Using open Channel [id: 0x333ca217, L:/127.0.0.1:52995 - R:localhost/127.0.0.1:62603] for GET '/session/554f09e00d39e786ac0a610d64620b4a/element/a2f623e0-1e95-4877-8954-290f9134d3b1/enabled'
21:02:23.212 [AsyncHttpClient-1-5] DEBUG org.asynchttpclient.netty.handler.HttpHandler - 

Request DefaultFullHttpRequest(decodeResult: success, version: HTTP/1.1, content: EmptyByteBufBE)
GET /session/554f09e00d39e786ac0a610d64620b4a/element/a2f623e0-1e95-4877-8954-290f9134d3b1/enabled HTTP/1.1
User-Agent: selenium/4.1.2 (java windows)
Cache-Control: no-cache
Content-Type: application/json; charset=utf-8
host: localhost:62603
accept: */*

Response DefaultHttpResponse(decodeResult: success, version: HTTP/1.1)
HTTP/1.1 200 OK
Content-Type: application/json; charset=utf-8
cache-control: no-cache
content-length: 14

21:02:23.212 [AsyncHttpClient-1-5] DEBUG org.asynchttpclient.netty.channel.ChannelManager - Adding key: http://localhost:62603 for channel [id: 0x333ca217, L:/127.0.0.1:52995 - R:localhost/127.0.0.1:62603]
21:02:23.214 [Forwarding findElement on session 554f09e00d39e786ac0a610d64620b4a to remote] DEBUG org.asynchttpclient.netty.request.NettyRequestSender - Using pooled Channel '[id: 0x333ca217, L:/127.0.0.1:52995 - R:localhost/127.0.0.1:62603]' for 'POST' to 'http://localhost:62603/session/554f09e00d39e786ac0a610d64620b4a/element'
21:02:23.214 [Forwarding findElement on session 554f09e00d39e786ac0a610d64620b4a to remote] DEBUG org.asynchttpclient.netty.request.NettyRequestSender - Using open Channel [id: 0x333ca217, L:/127.0.0.1:52995 - R:localhost/127.0.0.1:62603] for POST '/session/554f09e00d39e786ac0a610d64620b4a/element'
21:02:23.229 [AsyncHttpClient-1-5] DEBUG org.asynchttpclient.netty.handler.HttpHandler - 

Request DefaultHttpRequest(decodeResult: success, version: HTTP/1.1)
POST /session/554f09e00d39e786ac0a610d64620b4a/element HTTP/1.1
User-Agent: selenium/4.1.2 (java windows)
Content-Length: 129
Content-Type: application/json; charset=utf-8
host: localhost:62603
accept: */*

Response DefaultHttpResponse(decodeResult: success, version: HTTP/1.1)
HTTP/1.1 200 OK
Content-Type: application/json; charset=utf-8
cache-control: no-cache
content-length: 88

21:02:23.229 [AsyncHttpClient-1-5] DEBUG org.asynchttpclient.netty.channel.ChannelManager - Adding key: http://localhost:62603 for channel [id: 0x333ca217, L:/127.0.0.1:52995 - R:localhost/127.0.0.1:62603]
21:02:23.230 [Forwarding clickElement on session 554f09e00d39e786ac0a610d64620b4a to remote] DEBUG org.asynchttpclient.netty.request.NettyRequestSender - Using pooled Channel '[id: 0x333ca217, L:/127.0.0.1:52995 - R:localhost/127.0.0.1:62603]' for 'POST' to 'http://localhost:62603/session/554f09e00d39e786ac0a610d64620b4a/element/a2f623e0-1e95-4877-8954-290f9134d3b1/click'
21:02:23.230 [Forwarding clickElement on session 554f09e00d39e786ac0a610d64620b4a to remote] DEBUG org.asynchttpclient.netty.request.NettyRequestSender - Using open Channel [id: 0x333ca217, L:/127.0.0.1:52995 - R:localhost/127.0.0.1:62603] for POST '/session/554f09e00d39e786ac0a610d64620b4a/element/a2f623e0-1e95-4877-8954-290f9134d3b1/click'
21:02:23.284 [AsyncHttpClient-1-5] DEBUG org.asynchttpclient.netty.handler.HttpHandler - 

Request DefaultHttpRequest(decodeResult: success, version: HTTP/1.1)
POST /session/554f09e00d39e786ac0a610d64620b4a/element/a2f623e0-1e95-4877-8954-290f9134d3b1/click HTTP/1.1
User-Agent: selenium/4.1.2 (java windows)
Content-Length: 50
Content-Type: application/json; charset=utf-8
host: localhost:62603
accept: */*

Response DefaultHttpResponse(decodeResult: success, version: HTTP/1.1)
HTTP/1.1 200 OK
Content-Type: application/json; charset=utf-8
cache-control: no-cache
content-length: 14

21:02:23.285 [AsyncHttpClient-1-5] DEBUG org.asynchttpclient.netty.channel.ChannelManager - Adding key: http://localhost:62603 for channel [id: 0x333ca217, L:/127.0.0.1:52995 - R:localhost/127.0.0.1:62603]
21:02:23.294 [Forwarding screenshot on session 554f09e00d39e786ac0a610d64620b4a to remote] DEBUG org.asynchttpclient.netty.request.NettyRequestSender - Using pooled Channel '[id: 0x333ca217, L:/127.0.0.1:52995 - R:localhost/127.0.0.1:62603]' for 'GET' to 'http://localhost:62603/session/554f09e00d39e786ac0a610d64620b4a/screenshot'
21:02:23.294 [Forwarding screenshot on session 554f09e00d39e786ac0a610d64620b4a to remote] DEBUG org.asynchttpclient.netty.request.NettyRequestSender - Using open Channel [id: 0x333ca217, L:/127.0.0.1:52995 - R:localhost/127.0.0.1:62603] for GET '/session/554f09e00d39e786ac0a610d64620b4a/screenshot'
21:02:23.494 [AsyncHttpClient-1-1] DEBUG org.asynchttpclient.netty.channel.DefaultChannelPool - Entry count for : http://localhost:52996 : 1
21:02:23.727 [AsyncHttpClient-1-5] DEBUG org.asynchttpclient.netty.handler.HttpHandler - 

Request DefaultFullHttpRequest(decodeResult: success, version: HTTP/1.1, content: EmptyByteBufBE)
GET /session/554f09e00d39e786ac0a610d64620b4a/screenshot HTTP/1.1
User-Agent: selenium/4.1.2 (java windows)
Cache-Control: no-cache
Content-Type: application/json; charset=utf-8
host: localhost:62603
accept: */*

Response DefaultHttpResponse(decodeResult: success, version: HTTP/1.1)
HTTP/1.1 200 OK
Content-Type: application/json; charset=utf-8
cache-control: no-cache
content-length: 47996

21:02:23.727 [AsyncHttpClient-1-5] DEBUG org.asynchttpclient.netty.channel.ChannelManager - Adding key: http://localhost:62603 for channel [id: 0x333ca217, L:/127.0.0.1:52995 - R:localhost/127.0.0.1:62603]
21:02:23.732 [main] DEBUG net.serenitybdd.core.photography.Darkroom - Send negative for processing for target\site\serenity\35903d6156ac15d33b6d49e8114d05c0facb4bb7e7b079e617d42595ab26a5c5.png
21:02:23.732 [main] DEBUG net.thucydides.core.steps.StepInterceptor - STEP DONE: clickIconBasket
  &amp#27;[32mAnd &amp#27;[0m&amp#27;[32muser click icon basket&amp#27;[0m                              &amp#27;[90m# starter.stepdefenitions.TransactionSteps.userClickIconBasket()&amp#27;[0m
21:02:23.732 [Darkroom Processing Line] DEBUG net.serenitybdd.core.photography.DarkroomProcessingLine - Processing screenshot image in /var/screenshots/screenshot-5912446460092999710
21:02:23.732 [Darkroom Processing Line] DEBUG net.serenitybdd.core.photography.DarkroomProcessingLine - Saving screenshot to target\site\serenity\35903d6156ac15d33b6d49e8114d05c0facb4bb7e7b079e617d42595ab26a5c5.png
21:02:23.748 [main] DEBUG net.thucydides.core.steps.StepInterceptor - STARTING STEP: TransactionSteps.userClickPayButton - clickPayButton
21:02:23.752 [Forwarding findElement on session 554f09e00d39e786ac0a610d64620b4a to remote] DEBUG org.asynchttpclient.netty.request.NettyRequestSender - Using pooled Channel '[id: 0x333ca217, L:/127.0.0.1:52995 - R:localhost/127.0.0.1:62603]' for 'POST' to 'http://localhost:62603/session/554f09e00d39e786ac0a610d64620b4a/element'
21:02:23.752 [Forwarding findElement on session 554f09e00d39e786ac0a610d64620b4a to remote] DEBUG org.asynchttpclient.netty.request.NettyRequestSender - Using open Channel [id: 0x333ca217, L:/127.0.0.1:52995 - R:localhost/127.0.0.1:62603] for POST '/session/554f09e00d39e786ac0a610d64620b4a/element'
21:02:23.765 [AsyncHttpClient-1-5] DEBUG org.asynchttpclient.netty.handler.HttpHandler - 

Request DefaultHttpRequest(decodeResult: success, version: HTTP/1.1)
POST /session/554f09e00d39e786ac0a610d64620b4a/element HTTP/1.1
User-Agent: selenium/4.1.2 (java windows)
Content-Length: 59
Content-Type: application/json; charset=utf-8
host: localhost:62603
accept: */*

Response DefaultHttpResponse(decodeResult: success, version: HTTP/1.1)
HTTP/1.1 200 OK
Content-Type: application/json; charset=utf-8
cache-control: no-cache
content-length: 88

21:02:23.765 [AsyncHttpClient-1-5] DEBUG org.asynchttpclient.netty.channel.ChannelManager - Adding key: http://localhost:62603 for channel [id: 0x333ca217, L:/127.0.0.1:52995 - R:localhost/127.0.0.1:62603]
21:02:23.767 [Forwarding getElementTagName on session 554f09e00d39e786ac0a610d64620b4a to remote] DEBUG org.asynchttpclient.netty.request.NettyRequestSender - Using pooled Channel '[id: 0x333ca217, L:/127.0.0.1:52995 - R:localhost/127.0.0.1:62603]' for 'GET' to 'http://localhost:62603/session/554f09e00d39e786ac0a610d64620b4a/element/d478b8b5-b115-41f8-93d2-d546cb4a07b6/name'
21:02:23.767 [Forwarding getElementTagName on session 554f09e00d39e786ac0a610d64620b4a to remote] DEBUG org.asynchttpclient.netty.request.NettyRequestSender - Using open Channel [id: 0x333ca217, L:/127.0.0.1:52995 - R:localhost/127.0.0.1:62603] for GET '/session/554f09e00d39e786ac0a610d64620b4a/element/d478b8b5-b115-41f8-93d2-d546cb4a07b6/name'
21:02:23.772 [AsyncHttpClient-1-5] DEBUG org.asynchttpclient.netty.handler.HttpHandler - 

Request DefaultFullHttpRequest(decodeResult: success, version: HTTP/1.1, content: EmptyByteBufBE)
GET /session/554f09e00d39e786ac0a610d64620b4a/element/d478b8b5-b115-41f8-93d2-d546cb4a07b6/name HTTP/1.1
User-Agent: selenium/4.1.2 (java windows)
Cache-Control: no-cache
Content-Type: application/json; charset=utf-8
host: localhost:62603
accept: */*

Response DefaultHttpResponse(decodeResult: success, version: HTTP/1.1)
HTTP/1.1 200 OK
Content-Type: application/json; charset=utf-8
cache-control: no-cache
content-length: 18

21:02:23.772 [AsyncHttpClient-1-5] DEBUG org.asynchttpclient.netty.channel.ChannelManager - Adding key: http://localhost:62603 for channel [id: 0x333ca217, L:/127.0.0.1:52995 - R:localhost/127.0.0.1:62603]
21:02:23.773 [Forwarding getElementTagName on session 554f09e00d39e786ac0a610d64620b4a to remote] DEBUG org.asynchttpclient.netty.request.NettyRequestSender - Using pooled Channel '[id: 0x333ca217, L:/127.0.0.1:52995 - R:localhost/127.0.0.1:62603]' for 'GET' to 'http://localhost:62603/session/554f09e00d39e786ac0a610d64620b4a/element/d478b8b5-b115-41f8-93d2-d546cb4a07b6/name'
21:02:23.773 [Forwarding getElementTagName on session 554f09e00d39e786ac0a610d64620b4a to remote] DEBUG org.asynchttpclient.netty.request.NettyRequestSender - Using open Channel [id: 0x333ca217, L:/127.0.0.1:52995 - R:localhost/127.0.0.1:62603] for GET '/session/554f09e00d39e786ac0a610d64620b4a/element/d478b8b5-b115-41f8-93d2-d546cb4a07b6/name'
21:02:23.777 [AsyncHttpClient-1-5] DEBUG org.asynchttpclient.netty.handler.HttpHandler - 

Request DefaultFullHttpRequest(decodeResult: success, version: HTTP/1.1, content: EmptyByteBufBE)
GET /session/554f09e00d39e786ac0a610d64620b4a/element/d478b8b5-b115-41f8-93d2-d546cb4a07b6/name HTTP/1.1
User-Agent: selenium/4.1.2 (java windows)
Cache-Control: no-cache
Content-Type: application/json; charset=utf-8
host: localhost:62603
accept: */*

Response DefaultHttpResponse(decodeResult: success, version: HTTP/1.1)
HTTP/1.1 200 OK
Content-Type: application/json; charset=utf-8
cache-control: no-cache
content-length: 18

21:02:23.777 [AsyncHttpClient-1-5] DEBUG org.asynchttpclient.netty.channel.ChannelManager - Adding key: http://localhost:62603 for channel [id: 0x333ca217, L:/127.0.0.1:52995 - R:localhost/127.0.0.1:62603]
21:02:23.779 [Forwarding isElementEnabled on session 554f09e00d39e786ac0a610d64620b4a to remote] DEBUG org.asynchttpclient.netty.request.NettyRequestSender - Using pooled Channel '[id: 0x333ca217, L:/127.0.0.1:52995 - R:localhost/127.0.0.1:62603]' for 'GET' to 'http://localhost:62603/session/554f09e00d39e786ac0a610d64620b4a/element/d478b8b5-b115-41f8-93d2-d546cb4a07b6/enabled'
21:02:23.779 [Forwarding isElementEnabled on session 554f09e00d39e786ac0a610d64620b4a to remote] DEBUG org.asynchttpclient.netty.request.NettyRequestSender - Using open Channel [id: 0x333ca217, L:/127.0.0.1:52995 - R:localhost/127.0.0.1:62603] for GET '/session/554f09e00d39e786ac0a610d64620b4a/element/d478b8b5-b115-41f8-93d2-d546cb4a07b6/enabled'
21:02:23.787 [AsyncHttpClient-1-5] DEBUG org.asynchttpclient.netty.handler.HttpHandler - 

Request DefaultFullHttpRequest(decodeResult: success, version: HTTP/1.1, content: EmptyByteBufBE)
GET /session/554f09e00d39e786ac0a610d64620b4a/element/d478b8b5-b115-41f8-93d2-d546cb4a07b6/enabled HTTP/1.1
User-Agent: selenium/4.1.2 (java windows)
Cache-Control: no-cache
Content-Type: application/json; charset=utf-8
host: localhost:62603
accept: */*

Response DefaultHttpResponse(decodeResult: success, version: HTTP/1.1)
HTTP/1.1 200 OK
Content-Type: application/json; charset=utf-8
cache-control: no-cache
content-length: 14

21:02:23.788 [AsyncHttpClient-1-5] DEBUG org.asynchttpclient.netty.channel.ChannelManager - Adding key: http://localhost:62603 for channel [id: 0x333ca217, L:/127.0.0.1:52995 - R:localhost/127.0.0.1:62603]
21:02:23.789 [Forwarding isElementEnabled on session 554f09e00d39e786ac0a610d64620b4a to remote] DEBUG org.asynchttpclient.netty.request.NettyRequestSender - Using pooled Channel '[id: 0x333ca217, L:/127.0.0.1:52995 - R:localhost/127.0.0.1:62603]' for 'GET' to 'http://localhost:62603/session/554f09e00d39e786ac0a610d64620b4a/element/d478b8b5-b115-41f8-93d2-d546cb4a07b6/enabled'
21:02:23.789 [Forwarding isElementEnabled on session 554f09e00d39e786ac0a610d64620b4a to remote] DEBUG org.asynchttpclient.netty.request.NettyRequestSender - Using open Channel [id: 0x333ca217, L:/127.0.0.1:52995 - R:localhost/127.0.0.1:62603] for GET '/session/554f09e00d39e786ac0a610d64620b4a/element/d478b8b5-b115-41f8-93d2-d546cb4a07b6/enabled'
21:02:23.795 [AsyncHttpClient-1-5] DEBUG org.asynchttpclient.netty.handler.HttpHandler - 

Request DefaultFullHttpRequest(decodeResult: success, version: HTTP/1.1, content: EmptyByteBufBE)
GET /session/554f09e00d39e786ac0a610d64620b4a/element/d478b8b5-b115-41f8-93d2-d546cb4a07b6/enabled HTTP/1.1
User-Agent: selenium/4.1.2 (java windows)
Cache-Control: no-cache
Content-Type: application/json; charset=utf-8
host: localhost:62603
accept: */*

Response DefaultHttpResponse(decodeResult: success, version: HTTP/1.1)
HTTP/1.1 200 OK
Content-Type: application/json; charset=utf-8
cache-control: no-cache
content-length: 14

21:02:23.795 [AsyncHttpClient-1-5] DEBUG org.asynchttpclient.netty.channel.ChannelManager - Adding key: http://localhost:62603 for channel [id: 0x333ca217, L:/127.0.0.1:52995 - R:localhost/127.0.0.1:62603]
21:02:23.797 [Forwarding findElement on session 554f09e00d39e786ac0a610d64620b4a to remote] DEBUG org.asynchttpclient.netty.request.NettyRequestSender - Using pooled Channel '[id: 0x333ca217, L:/127.0.0.1:52995 - R:localhost/127.0.0.1:62603]' for 'POST' to 'http://localhost:62603/session/554f09e00d39e786ac0a610d64620b4a/element'
21:02:23.798 [Forwarding findElement on session 554f09e00d39e786ac0a610d64620b4a to remote] DEBUG org.asynchttpclient.netty.request.NettyRequestSender - Using open Channel [id: 0x333ca217, L:/127.0.0.1:52995 - R:localhost/127.0.0.1:62603] for POST '/session/554f09e00d39e786ac0a610d64620b4a/element'
21:02:23.805 [AsyncHttpClient-1-5] DEBUG org.asynchttpclient.netty.handler.HttpHandler - 

Request DefaultHttpRequest(decodeResult: success, version: HTTP/1.1)
POST /session/554f09e00d39e786ac0a610d64620b4a/element HTTP/1.1
User-Agent: selenium/4.1.2 (java windows)
Content-Length: 59
Content-Type: application/json; charset=utf-8
host: localhost:62603
accept: */*

Response DefaultHttpResponse(decodeResult: success, version: HTTP/1.1)
HTTP/1.1 200 OK
Content-Type: application/json; charset=utf-8
cache-control: no-cache
content-length: 88

21:02:23.805 [AsyncHttpClient-1-5] DEBUG org.asynchttpclient.netty.channel.ChannelManager - Adding key: http://localhost:62603 for channel [id: 0x333ca217, L:/127.0.0.1:52995 - R:localhost/127.0.0.1:62603]
21:02:23.807 [Forwarding clickElement on session 554f09e00d39e786ac0a610d64620b4a to remote] DEBUG org.asynchttpclient.netty.request.NettyRequestSender - Using pooled Channel '[id: 0x333ca217, L:/127.0.0.1:52995 - R:localhost/127.0.0.1:62603]' for 'POST' to 'http://localhost:62603/session/554f09e00d39e786ac0a610d64620b4a/element/d478b8b5-b115-41f8-93d2-d546cb4a07b6/click'
21:02:23.807 [Forwarding clickElement on session 554f09e00d39e786ac0a610d64620b4a to remote] DEBUG org.asynchttpclient.netty.request.NettyRequestSender - Using open Channel [id: 0x333ca217, L:/127.0.0.1:52995 - R:localhost/127.0.0.1:62603] for POST '/session/554f09e00d39e786ac0a610d64620b4a/element/d478b8b5-b115-41f8-93d2-d546cb4a07b6/click'
21:02:23.858 [AsyncHttpClient-1-5] DEBUG org.asynchttpclient.netty.handler.HttpHandler - 

Request DefaultHttpRequest(decodeResult: success, version: HTTP/1.1)
POST /session/554f09e00d39e786ac0a610d64620b4a/element/d478b8b5-b115-41f8-93d2-d546cb4a07b6/click HTTP/1.1
User-Agent: selenium/4.1.2 (java windows)
Content-Length: 50
Content-Type: application/json; charset=utf-8
host: localhost:62603
accept: */*

Response DefaultHttpResponse(decodeResult: success, version: HTTP/1.1)
HTTP/1.1 200 OK
Content-Type: application/json; charset=utf-8
cache-control: no-cache
content-length: 14

21:02:23.858 [AsyncHttpClient-1-5] DEBUG org.asynchttpclient.netty.channel.ChannelManager - Adding key: http://localhost:62603 for channel [id: 0x333ca217, L:/127.0.0.1:52995 - R:localhost/127.0.0.1:62603]
21:02:23.871 [Forwarding screenshot on session 554f09e00d39e786ac0a610d64620b4a to remote] DEBUG org.asynchttpclient.netty.request.NettyRequestSender - Using pooled Channel '[id: 0x333ca217, L:/127.0.0.1:52995 - R:localhost/127.0.0.1:62603]' for 'GET' to 'http://localhost:62603/session/554f09e00d39e786ac0a610d64620b4a/screenshot'
21:02:23.871 [Forwarding screenshot on session 554f09e00d39e786ac0a610d64620b4a to remote] DEBUG org.asynchttpclient.netty.request.NettyRequestSender - Using open Channel [id: 0x333ca217, L:/127.0.0.1:52995 - R:localhost/127.0.0.1:62603] for GET '/session/554f09e00d39e786ac0a610d64620b4a/screenshot'
21:02:24.596 [AsyncHttpClient-1-1] DEBUG org.asynchttpclient.netty.channel.DefaultChannelPool - Entry count for : http://localhost:52996 : 1
21:02:24.632 [AsyncHttpClient-1-5] DEBUG org.asynchttpclient.netty.handler.HttpHandler - 

Request DefaultFullHttpRequest(decodeResult: success, version: HTTP/1.1, content: EmptyByteBufBE)
GET /session/554f09e00d39e786ac0a610d64620b4a/screenshot HTTP/1.1
User-Agent: selenium/4.1.2 (java windows)
Cache-Control: no-cache
Content-Type: application/json; charset=utf-8
host: localhost:62603
accept: */*

Response DefaultHttpResponse(decodeResult: success, version: HTTP/1.1)
HTTP/1.1 200 OK
Content-Type: application/json; charset=utf-8
cache-control: no-cache
content-length: 31012

21:02:24.632 [AsyncHttpClient-1-5] DEBUG org.asynchttpclient.netty.channel.ChannelManager - Adding key: http://localhost:62603 for channel [id: 0x333ca217, L:/127.0.0.1:52995 - R:localhost/127.0.0.1:62603]
21:02:24.634 [main] DEBUG net.serenitybdd.core.photography.Darkroom - Send negative for processing for target\site\serenity\6f546ae3d62de92ee305fa7b0069472eaf8c0ca335f2506a20262ba7c56da9c2.png
21:02:24.634 [main] DEBUG net.thucydides.core.steps.StepInterceptor - STEP DONE: clickPayButton
  &amp#27;[32mAnd &amp#27;[0m&amp#27;[32muser click pay button&amp#27;[0m                               &amp#27;[90m# starter.stepdefenitions.TransactionSteps.userClickPayButton()&amp#27;[0m
21:02:24.635 [Darkroom Processing Line] DEBUG net.serenitybdd.core.photography.DarkroomProcessingLine - Processing screenshot image in /var/screenshots/screenshot-1559374767185380322
21:02:24.635 [Darkroom Processing Line] DEBUG net.serenitybdd.core.photography.DarkroomProcessingLine - Saving screenshot to target\site\serenity\6f546ae3d62de92ee305fa7b0069472eaf8c0ca335f2506a20262ba7c56da9c2.png
21:02:24.657 [main] DEBUG net.thucydides.core.steps.StepInterceptor - STARTING STEP: TransactionSteps.userSuccessToPayAllItems - successPay
21:02:24.660 [Forwarding findElement on session 554f09e00d39e786ac0a610d64620b4a to remote] DEBUG org.asynchttpclient.netty.request.NettyRequestSender - Using pooled Channel '[id: 0x333ca217, L:/127.0.0.1:52995 - R:localhost/127.0.0.1:62603]' for 'POST' to 'http://localhost:62603/session/554f09e00d39e786ac0a610d64620b4a/element'
21:02:24.661 [Forwarding findElement on session 554f09e00d39e786ac0a610d64620b4a to remote] DEBUG org.asynchttpclient.netty.request.NettyRequestSender - Using open Channel [id: 0x333ca217, L:/127.0.0.1:52995 - R:localhost/127.0.0.1:62603] for POST '/session/554f09e00d39e786ac0a610d64620b4a/element'
21:02:24.665 [AsyncHttpClient-1-5] DEBUG org.asynchttpclient.netty.handler.HttpHandler - 

Request DefaultHttpRequest(decodeResult: success, version: HTTP/1.1)
POST /session/554f09e00d39e786ac0a610d64620b4a/element HTTP/1.1
User-Agent: selenium/4.1.2 (java windows)
Content-Length: 46
Content-Type: application/json; charset=utf-8
host: localhost:62603
accept: */*

Response DefaultHttpResponse(decodeResult: success, version: HTTP/1.1)
HTTP/1.1 400 Bad Request
Content-Type: application/json; charset=utf-8
cache-control: no-cache
content-length: 957

21:02:24.665 [AsyncHttpClient-1-5] DEBUG org.asynchttpclient.netty.channel.ChannelManager - Adding key: http://localhost:62603 for channel [id: 0x333ca217, L:/127.0.0.1:52995 - R:localhost/127.0.0.1:62603]
21:02:24.667 [Forwarding findElement on session 554f09e00d39e786ac0a610d64620b4a to remote] DEBUG org.asynchttpclient.netty.request.NettyRequestSender - Using pooled Channel '[id: 0x333ca217, L:/127.0.0.1:52995 - R:localhost/127.0.0.1:62603]' for 'POST' to 'http://localhost:62603/session/554f09e00d39e786ac0a610d64620b4a/element'
21:02:24.667 [Forwarding findElement on session 554f09e00d39e786ac0a610d64620b4a to remote] DEBUG org.asynchttpclient.netty.request.NettyRequestSender - Using open Channel [id: 0x333ca217, L:/127.0.0.1:52995 - R:localhost/127.0.0.1:62603] for POST '/session/554f09e00d39e786ac0a610d64620b4a/element'
21:02:24.680 [AsyncHttpClient-1-5] DEBUG org.asynchttpclient.netty.handler.HttpHandler - 

Request DefaultHttpRequest(decodeResult: success, version: HTTP/1.1)
POST /session/554f09e00d39e786ac0a610d64620b4a/element HTTP/1.1
User-Agent: selenium/4.1.2 (java windows)
Content-Length: 54
Content-Type: application/json; charset=utf-8
host: localhost:62603
accept: */*

Response DefaultHttpResponse(decodeResult: success, version: HTTP/1.1)
HTTP/1.1 200 OK
Content-Type: application/json; charset=utf-8
cache-control: no-cache
content-length: 88

21:02:24.680 [AsyncHttpClient-1-5] DEBUG org.asynchttpclient.netty.channel.ChannelManager - Adding key: http://localhost:62603 for channel [id: 0x333ca217, L:/127.0.0.1:52995 - R:localhost/127.0.0.1:62603]
21:02:24.686 [Forwarding isElementDisplayed on session 554f09e00d39e786ac0a610d64620b4a to remote] DEBUG org.asynchttpclient.netty.request.NettyRequestSender - Using pooled Channel '[id: 0x333ca217, L:/127.0.0.1:52995 - R:localhost/127.0.0.1:62603]' for 'POST' to 'http://localhost:62603/session/554f09e00d39e786ac0a610d64620b4a/execute/sync'
21:02:24.686 [Forwarding isElementDisplayed on session 554f09e00d39e786ac0a610d64620b4a to remote] DEBUG org.asynchttpclient.netty.request.NettyRequestSender - Using open Channel [id: 0x333ca217, L:/127.0.0.1:52995 - R:localhost/127.0.0.1:62603] for POST '/session/554f09e00d39e786ac0a610d64620b4a/execute/sync'
21:02:24.709 [AsyncHttpClient-1-5] DEBUG org.asynchttpclient.netty.handler.HttpHandler - 

Request DefaultHttpRequest(decodeResult: success, version: HTTP/1.1)
POST /session/554f09e00d39e786ac0a610d64620b4a/execute/sync HTTP/1.1
User-Agent: selenium/4.1.2 (java windows)
Content-Length: 48780
Content-Type: application/json; charset=utf-8
host: localhost:62603
accept: */*

Response DefaultHttpResponse(decodeResult: success, version: HTTP/1.1)
HTTP/1.1 200 OK
Content-Type: application/json; charset=utf-8
cache-control: no-cache
content-length: 14

21:02:24.709 [AsyncHttpClient-1-5] DEBUG org.asynchttpclient.netty.channel.ChannelManager - Adding key: http://localhost:62603 for channel [id: 0x333ca217, L:/127.0.0.1:52995 - R:localhost/127.0.0.1:62603]
21:02:24.714 [Forwarding screenshot on session 554f09e00d39e786ac0a610d64620b4a to remote] DEBUG org.asynchttpclient.netty.request.NettyRequestSender - Using pooled Channel '[id: 0x333ca217, L:/127.0.0.1:52995 - R:localhost/127.0.0.1:62603]' for 'GET' to 'http://localhost:62603/session/554f09e00d39e786ac0a610d64620b4a/screenshot'
21:02:24.714 [Forwarding screenshot on session 554f09e00d39e786ac0a610d64620b4a to remote] DEBUG org.asynchttpclient.netty.request.NettyRequestSender - Using open Channel [id: 0x333ca217, L:/127.0.0.1:52995 - R:localhost/127.0.0.1:62603] for GET '/session/554f09e00d39e786ac0a610d64620b4a/screenshot'
21:02:24.929 [AsyncHttpClient-1-5] DEBUG org.asynchttpclient.netty.handler.HttpHandler - 

Request DefaultFullHttpRequest(decodeResult: success, version: HTTP/1.1, content: EmptyByteBufBE)
GET /session/554f09e00d39e786ac0a610d64620b4a/screenshot HTTP/1.1
User-Agent: selenium/4.1.2 (java windows)
Cache-Control: no-cache
Content-Type: application/json; charset=utf-8
host: localhost:62603
accept: */*

Response DefaultHttpResponse(decodeResult: success, version: HTTP/1.1)
HTTP/1.1 200 OK
Content-Type: application/json; charset=utf-8
cache-control: no-cache
content-length: 30376

21:02:24.930 [AsyncHttpClient-1-5] DEBUG org.asynchttpclient.netty.channel.ChannelManager - Adding key: http://localhost:62603 for channel [id: 0x333ca217, L:/127.0.0.1:52995 - R:localhost/127.0.0.1:62603]
21:02:24.933 [main] DEBUG net.serenitybdd.core.photography.Darkroom - Send negative for processing for target\site\serenity\3352080462ca08a1fa87d8e88853fb70e2f51881e7da74c1a1da56eae877d711.png
21:02:24.933 [main] DEBUG net.thucydides.core.steps.StepInterceptor - STEP DONE: successPay
  &amp#27;[32mThen &amp#27;[0m&amp#27;[32muser success to pay all items&amp#27;[0m                      &amp#27;[90m# starter.stepdefenitions.TransactionSteps.userSuccessToPayAllItems()&amp#27;[0m
21:02:24.933 [Darkroom Processing Line] DEBUG net.serenitybdd.core.photography.DarkroomProcessingLine - Processing screenshot image in /var/screenshots/screenshot-8088655726815641295
21:02:24.933 [Darkroom Processing Line] DEBUG net.serenitybdd.core.photography.DarkroomProcessingLine - Saving screenshot to target\site\serenity\3352080462ca08a1fa87d8e88853fb70e2f51881e7da74c1a1da56eae877d711.png
21:02:24.940 [main] INFO  - 
  _____   ___   ___   _____     ___     _     ___   ___   ___   ___  
 |_   _| | __| / __| |_   _|   | _ \   /_\   / __| / __| | __| |   \ 
   | |   | _|  \__ \   | |     |  _/  / _ \  \__ \ \__ \ | _|  | |) |
   |_|   |___| |___/   |_|     |_|   /_/ \_\ |___/ |___/ |___| |___/ 

As user i have be able to success pay all items
----------------------------------------------------------------------
21:02:24.943 [AsyncHttpClient-1-7] DEBUG org.asynchttpclient.netty.handler.WebSocketHandler - Channel Closed: [id: 0x48231e7c, L:/127.0.0.1:53003 ! R:localhost/127.0.0.1:52996] with attribute NettyResponseFuture{currentRetry=5,
	isDone=1,
	isCancelled=0,
	asyncHandler=org.asynchttpclient.ws.WebSocketUpgradeHandler@54a5fcdb,
	nettyRequest=org.asynchttpclient.netty.request.NettyRequest@845829f,
	future=java.util.concurrent.CompletableFuture@2597ef3[Completed normally],
	uri=ws://localhost:52996/devtools/browser/ebdde776-0e3a-44ab-9fdc-a28f0c0b6305,
	keepAlive=true,
	redirectCount=0,
	timeoutsHolder=null,
	inAuth=0,
	touch=1652450524903}
21:02:24.943 [AsyncHttpClient-1-7] DEBUG org.asynchttpclient.netty.channel.ChannelManager - Closing Channel [id: 0x48231e7c, L:/127.0.0.1:53003 ! R:localhost/127.0.0.1:52996] 
21:02:24.943 [Driver Command Executor] DEBUG org.asynchttpclient.netty.request.NettyRequestSender - Using pooled Channel '[id: 0x333ca217, L:/127.0.0.1:52995 - R:localhost/127.0.0.1:62603]' for 'DELETE' to 'http://localhost:62603/session/554f09e00d39e786ac0a610d64620b4a'
21:02:24.943 [Driver Command Executor] DEBUG org.asynchttpclient.netty.request.NettyRequestSender - Using open Channel [id: 0x333ca217, L:/127.0.0.1:52995 - R:localhost/127.0.0.1:62603] for DELETE '/session/554f09e00d39e786ac0a610d64620b4a'
21:02:25.016 [AsyncHttpClient-1-6] DEBUG org.asynchttpclient.netty.handler.HttpHandler - Unexpected I/O exception on channel [id: 0x0bace6af, L:/127.0.0.1:53002 - R:localhost/127.0.0.1:52996]
java.io.IOException: An existing connection was forcibly closed by the remote host
	at sun.nio.ch.SocketDispatcher.read0(Native Method)
	at sun.nio.ch.SocketDispatcher.read(SocketDispatcher.java:43)
	at sun.nio.ch.IOUtil.readIntoNativeBuffer(IOUtil.java:223)
	at sun.nio.ch.IOUtil.read(IOUtil.java:192)
	at sun.nio.ch.SocketChannelImpl.read(SocketChannelImpl.java:378)
	at io.netty.buffer.PooledByteBuf.setBytes(PooledByteBuf.java:258)
	at io.netty.buffer.AbstractByteBuf.writeBytes(AbstractByteBuf.java:1132)
	at io.netty.channel.socket.nio.NioSocketChannel.doReadBytes(NioSocketChannel.java:350)
	at io.netty.channel.nio.AbstractNioByteChannel$NioByteUnsafe.read(AbstractNioByteChannel.java:151)
	at io.netty.channel.nio.NioEventLoop.processSelectedKey(NioEventLoop.java:722)
	at io.netty.channel.nio.NioEventLoop.processSelectedKeysOptimized(NioEventLoop.java:658)
	at io.netty.channel.nio.NioEventLoop.processSelectedKeys(NioEventLoop.java:584)
	at io.netty.channel.nio.NioEventLoop.run(NioEventLoop.java:496)
	at io.netty.util.concurrent.SingleThreadEventExecutor$4.run(SingleThreadEventExecutor.java:986)
	at io.netty.util.internal.ThreadExecutorMap$2.run(ThreadExecutorMap.java:74)
	at io.netty.util.concurrent.FastThreadLocalRunnable.run(FastThreadLocalRunnable.java:30)
	at java.lang.Thread.run(Thread.java:750)
21:02:25.016 [AsyncHttpClient-1-6] DEBUG org.asynchttpclient.netty.channel.ChannelManager - Closing Channel [id: 0x0bace6af, L:/127.0.0.1:53002 - R:localhost/127.0.0.1:52996] 
21:02:25.016 [AsyncHttpClient-1-6] DEBUG org.asynchttpclient.netty.handler.HttpHandler - Channel Closed: [id: 0x0bace6af, L:/127.0.0.1:53002 ! R:localhost/127.0.0.1:52996] with attribute DISCARD
21:02:25.054 [AsyncHttpClient-1-5] DEBUG org.asynchttpclient.netty.handler.HttpHandler - 

Request DefaultFullHttpRequest(decodeResult: success, version: HTTP/1.1, content: EmptyByteBufBE)
DELETE /session/554f09e00d39e786ac0a610d64620b4a HTTP/1.1
User-Agent: selenium/4.1.2 (java windows)
Content-Type: application/json; charset=utf-8
host: localhost:62603
accept: */*

Response DefaultHttpResponse(decodeResult: success, version: HTTP/1.1)
HTTP/1.1 200 OK
Content-Type: application/json; charset=utf-8
cache-control: no-cache
content-length: 14

21:02:25.055 [AsyncHttpClient-1-5] DEBUG org.asynchttpclient.netty.channel.ChannelManager - Adding key: http://localhost:62603 for channel [id: 0x333ca217, L:/127.0.0.1:52995 - R:localhost/127.0.0.1:62603]
21:02:25.151 [AsyncHttpClient-1-5] DEBUG org.asynchttpclient.netty.handler.HttpHandler - Channel Closed: [id: 0x333ca217, L:/127.0.0.1:52995 ! R:localhost/127.0.0.1:62603] with attribute DISCARD
]]></system-out>
    <system-err><![CDATA[Starting ChromeDriver 100.0.4896.60 (6a5d10861ce8de5fce22564658033b43cb7de047-refs/branch-heads/4896@{#875}) on port 62603
Only local connections are allowed.
Please see https://chromedriver.chromium.org/security-considerations for suggestions on keeping ChromeDriver safe.
ChromeDriver was started successfully.
[1652450524.771][WARNING]: This version of ChromeDriver has not been tested with Chrome version 101.
May 13, 2022 9:02:04 PM org.openqa.selenium.remote.ProtocolHandshake createSession
INFO: Detected dialect: W3C
May 13, 2022 9:02:04 PM org.openqa.selenium.devtools.CdpVersionFinder findNearestMatch
WARNING: Unable to find an exact match for CDP version 101, so returning the closest version found: 97
May 13, 2022 9:02:04 PM org.openqa.selenium.devtools.CdpVersionFinder findNearestMatch
INFO: Found CDP implementation for version 101 of 97
]]></system-err>
  </testcase>
  <testcase name="As user i have fail to pay all items with not login" classname="As a user I want to pay for all items in the basket" time="15.049">
    <system-out><![CDATA[21:02:25.696 [AsyncHttpClient-1-1] DEBUG org.asynchttpclient.netty.channel.DefaultChannelPool - Entry count for : http://localhost:52996 : 1
21:02:25.697 [AsyncHttpClient-1-1] DEBUG org.asynchttpclient.netty.channel.DefaultChannelPool - Entry count for : http://localhost:62603 : 1
21:02:25.697 [AsyncHttpClient-1-1] DEBUG org.asynchttpclient.netty.channel.DefaultChannelPool - Adding Candidate expired Channel [id: 0x0bace6af, L:/127.0.0.1:53002 ! R:localhost/127.0.0.1:52996] isIdleTimeoutExpired=false isRemotelyClosed=true isTtlExpired=false

@transaction @negative
21:02:25.716 [AsyncHttpClient-1-1] DEBUG org.asynchttpclient.netty.channel.DefaultChannelPool - Closing Idle Channel [id: 0x0bace6af, L:/127.0.0.1:53002 ! R:localhost/127.0.0.1:52996]
21:02:25.716 [AsyncHttpClient-1-1] DEBUG org.asynchttpclient.netty.channel.DefaultChannelPool - Adding Candidate expired Channel [id: 0x333ca217, L:/127.0.0.1:52995 ! R:localhost/127.0.0.1:62603] isIdleTimeoutExpired=false isRemotelyClosed=true isTtlExpired=false
21:02:25.716 [AsyncHttpClient-1-1] DEBUG org.asynchttpclient.netty.channel.DefaultChannelPool - Closing Idle Channel [id: 0x333ca217, L:/127.0.0.1:52995 ! R:localhost/127.0.0.1:62603]
21:02:25.716 [AsyncHttpClient-1-1] DEBUG org.asynchttpclient.netty.channel.DefaultChannelPool - Closed 2 connections out of 2 in 19 ms
Scenario: As user i have fail to pay all items with not login &amp#27;[90m# src/test/resources/features/Transaction.feature:16&amp#27;[0m
21:02:25.717 [main] INFO io.cucumber.core.plugin.SerenityReporter - Running feature from file:///D:/kampus%20merdeka/QE_MUHAMMAD%20ADIBASYAH/miniproject/web/src/test/resources/features/Transaction.feature
21:02:25.720 [main] INFO  - 
  _____   ___   ___   _____     ___   _____     _     ___   _____   ___   ___  
 |_   _| | __| / __| |_   _|   / __| |_   _|   /_\   | _ \ |_   _| | __| |   \ 
   | |   | _|  \__ \   | |     \__ \   | |    / _ \  |   /   | |   | _|  | |) |
   |_|   |___| |___/   |_|     |___/   |_|   /_/ \_\ |_|_\   |_|   |___| |___/ 

As user i have fail to pay all items with not login(as-a-user-i-want-to-pay-for-all-items-in-the-basket;as-user-i-have-fail-to-pay-all-items-with-not-login)
--------------------------------------------------------------------------------
21:02:25.750 [main] DEBUG net.thucydides.core.steps.StepInterceptor - STARTING STEP: TransactionSteps.iAmOnHomePage - openPage
21:02:25.752 [main] INFO net.serenitybdd.core.webdriver.driverproviders.ChromeDriverProvider - Using automatically driver download
21:02:25.882 [main] DEBUG io.github.bonigarcia.wdm.cache.ResolutionCache - Resolution chrome=101 in cache (valid until 21:59:22 13/05/2022 ICT)
21:02:25.888 [main] DEBUG io.github.bonigarcia.wdm.cache.ResolutionCache - Resolution chrome101=101.0.4951.41 in cache (valid until 20:59:22 14/05/2022 ICT)
21:02:25.890 [main] INFO io.github.bonigarcia.wdm.WebDriverManager - Using chromedriver 101.0.4951.41 (resolved driver for Chrome 101)
21:02:25.902 [main] DEBUG io.github.bonigarcia.wdm.WebDriverManager - Driver chromedriver 101.0.4951.41 found in cache
21:02:25.903 [main] INFO io.github.bonigarcia.wdm.WebDriverManager - Exporting webdriver.chrome.driver as C:\Users\Admin\.cache\selenium\chromedriver\win32\101.0.4951.41\chromedriver.exe
21:02:26.047 [main] DEBUG net.serenitybdd.core.webdriver.driverproviders.ProvideNewDriver - Instantiating driver
21:02:26.047 [main] DEBUG net.serenitybdd.core.webdriver.driverproviders.ProvideNewDriver - Driver capabilities: Capabilities {acceptInsecureCerts: false, base.url: https://qa.alta.id/, browserName: chrome, chrome.driver: src/test/resources/webdrive..., driver: chrome, goog:chromeOptions: {args: [], extensions: []}}
21:02:26.600 [AsyncHttpClient-1-8] DEBUG org.asynchttpclient.netty.channel.NettyConnectListener - Using new Channel '[id: 0x9bab48d6, L:/127.0.0.1:53032 - R:localhost/127.0.0.1:60295]' for 'POST' to '/session'
21:02:28.076 [AsyncHttpClient-1-8] DEBUG org.asynchttpclient.netty.handler.HttpHandler - 

Request DefaultHttpRequest(decodeResult: success, version: HTTP/1.1)
POST /session HTTP/1.1
User-Agent: selenium/4.1.2 (java windows)
Content-Length: 605
Content-Type: application/json; charset=utf-8
host: localhost:60295
accept: */*

Response DefaultHttpResponse(decodeResult: success, version: HTTP/1.1)
HTTP/1.1 200 OK
Content-Type: application/json; charset=utf-8
cache-control: no-cache
content-length: 789

21:02:28.077 [AsyncHttpClient-1-8] DEBUG org.asynchttpclient.netty.channel.ChannelManager - Adding key: http://localhost:60295 for channel [id: 0x9bab48d6, L:/127.0.0.1:53032 - R:localhost/127.0.0.1:60295]
21:02:28.094 [AsyncHttpClient-1-9] DEBUG org.asynchttpclient.netty.channel.NettyConnectListener - Using new Channel '[id: 0xf22293c6, L:/127.0.0.1:53039 - R:localhost/127.0.0.1:53033]' for 'GET' to '/json/version'
21:02:28.095 [AsyncHttpClient-1-9] DEBUG org.asynchttpclient.netty.handler.HttpHandler - 

Request DefaultFullHttpRequest(decodeResult: success, version: HTTP/1.1, content: EmptyByteBufBE)
GET /json/version HTTP/1.1
User-Agent: selenium/4.1.2 (java windows)
host: localhost:53033
accept: */*

Response DefaultHttpResponse(decodeResult: success, version: HTTP/1.1)
HTTP/1.1 200 OK
Content-Type: application/json; charset=UTF-8
content-length: 427

21:02:28.095 [AsyncHttpClient-1-9] DEBUG org.asynchttpclient.netty.channel.ChannelManager - Adding key: http://localhost:53033 for channel [id: 0xf22293c6, L:/127.0.0.1:53039 - R:localhost/127.0.0.1:53033]
21:02:28.100 [AsyncHttpClient-1-2] DEBUG org.asynchttpclient.netty.channel.NettyConnectListener - Using new Channel '[id: 0xcdf29632, L:/127.0.0.1:53040 - R:localhost/127.0.0.1:53033]' for 'GET' to '/devtools/browser/974ca86f-7369-4be1-b874-d5f3cebedfd1'
21:02:28.101 [AsyncHttpClient-1-2] DEBUG org.asynchttpclient.netty.handler.WebSocketHandler - 

Request DefaultFullHttpRequest(decodeResult: success, version: HTTP/1.1, content: EmptyByteBufBE)
GET /devtools/browser/974ca86f-7369-4be1-b874-d5f3cebedfd1 HTTP/1.1
upgrade: websocket
connection: upgrade
sec-websocket-key: yNEJdxfejdo1T5QZAbPkSA==
sec-websocket-version: 13
origin: http://localhost:53033
host: localhost:53033
accept: */*
user-agent: AHC/2.1

Response DefaultHttpResponse(decodeResult: success, version: HTTP/1.1)
HTTP/1.1 101 WebSocket Protocol Handshake
Upgrade: WebSocket
Connection: Upgrade
Sec-WebSocket-Accept: je4rtvvHNcPsThP3RGBKQA0Gzfw=

21:02:28.114 [Forwarding setCurrentWindowSize on session 993060230e5493f91d63a91565b86d77 to remote] DEBUG org.asynchttpclient.netty.request.NettyRequestSender - Using pooled Channel '[id: 0x9bab48d6, L:/127.0.0.1:53032 - R:localhost/127.0.0.1:60295]' for 'POST' to 'http://localhost:60295/session/993060230e5493f91d63a91565b86d77/window/rect'
21:02:28.114 [Forwarding setCurrentWindowSize on session 993060230e5493f91d63a91565b86d77 to remote] DEBUG org.asynchttpclient.netty.request.NettyRequestSender - Using open Channel [id: 0x9bab48d6, L:/127.0.0.1:53032 - R:localhost/127.0.0.1:60295] for POST '/session/993060230e5493f91d63a91565b86d77/window/rect'
21:02:28.249 [AsyncHttpClient-1-8] DEBUG org.asynchttpclient.netty.handler.HttpHandler - 

Request DefaultHttpRequest(decodeResult: success, version: HTTP/1.1)
POST /session/993060230e5493f91d63a91565b86d77/window/rect HTTP/1.1
User-Agent: selenium/4.1.2 (java windows)
Content-Length: 37
Content-Type: application/json; charset=utf-8
host: localhost:60295
accept: */*

Response DefaultHttpResponse(decodeResult: success, version: HTTP/1.1)
HTTP/1.1 200 OK
Content-Type: application/json; charset=utf-8
cache-control: no-cache
content-length: 51

21:02:28.249 [AsyncHttpClient-1-8] DEBUG org.asynchttpclient.netty.channel.ChannelManager - Adding key: http://localhost:60295 for channel [id: 0x9bab48d6, L:/127.0.0.1:53032 - R:localhost/127.0.0.1:60295]
21:02:28.250 [Forwarding setWindowPosition on session 993060230e5493f91d63a91565b86d77 to remote] DEBUG org.asynchttpclient.netty.request.NettyRequestSender - Using pooled Channel '[id: 0x9bab48d6, L:/127.0.0.1:53032 - R:localhost/127.0.0.1:60295]' for 'POST' to 'http://localhost:60295/session/993060230e5493f91d63a91565b86d77/window/rect'
21:02:28.251 [Forwarding setWindowPosition on session 993060230e5493f91d63a91565b86d77 to remote] DEBUG org.asynchttpclient.netty.request.NettyRequestSender - Using open Channel [id: 0x9bab48d6, L:/127.0.0.1:53032 - R:localhost/127.0.0.1:60295] for POST '/session/993060230e5493f91d63a91565b86d77/window/rect'
21:02:28.373 [AsyncHttpClient-1-8] DEBUG org.asynchttpclient.netty.handler.HttpHandler - 

Request DefaultHttpRequest(decodeResult: success, version: HTTP/1.1)
POST /session/993060230e5493f91d63a91565b86d77/window/rect HTTP/1.1
User-Agent: selenium/4.1.2 (java windows)
Content-Length: 22
Content-Type: application/json; charset=utf-8
host: localhost:60295
accept: */*

Response DefaultHttpResponse(decodeResult: success, version: HTTP/1.1)
HTTP/1.1 200 OK
Content-Type: application/json; charset=utf-8
cache-control: no-cache
content-length: 49

21:02:28.373 [AsyncHttpClient-1-8] DEBUG org.asynchttpclient.netty.channel.ChannelManager - Adding key: http://localhost:60295 for channel [id: 0x9bab48d6, L:/127.0.0.1:53032 - R:localhost/127.0.0.1:60295]
21:02:28.375 [Forwarding get on session 993060230e5493f91d63a91565b86d77 to remote] DEBUG org.asynchttpclient.netty.request.NettyRequestSender - Using pooled Channel '[id: 0x9bab48d6, L:/127.0.0.1:53032 - R:localhost/127.0.0.1:60295]' for 'POST' to 'http://localhost:60295/session/993060230e5493f91d63a91565b86d77/url'
21:02:28.375 [Forwarding get on session 993060230e5493f91d63a91565b86d77 to remote] DEBUG org.asynchttpclient.netty.request.NettyRequestSender - Using open Channel [id: 0x9bab48d6, L:/127.0.0.1:53032 - R:localhost/127.0.0.1:60295] for POST '/session/993060230e5493f91d63a91565b86d77/url'
21:02:28.993 [AsyncHttpClient-1-1] DEBUG org.asynchttpclient.netty.channel.DefaultChannelPool - Entry count for : http://localhost:53033 : 1
21:02:30.166 [AsyncHttpClient-1-1] DEBUG org.asynchttpclient.netty.channel.DefaultChannelPool - Entry count for : http://localhost:53033 : 1
21:02:30.394 [AsyncHttpClient-1-8] DEBUG org.asynchttpclient.netty.handler.HttpHandler - 

Request DefaultHttpRequest(decodeResult: success, version: HTTP/1.1)
POST /session/993060230e5493f91d63a91565b86d77/url HTTP/1.1
User-Agent: selenium/4.1.2 (java windows)
Content-Length: 49
Content-Type: application/json; charset=utf-8
host: localhost:60295
accept: */*

Response DefaultHttpResponse(decodeResult: success, version: HTTP/1.1)
HTTP/1.1 200 OK
Content-Type: application/json; charset=utf-8
cache-control: no-cache
content-length: 14

21:02:30.394 [AsyncHttpClient-1-8] DEBUG org.asynchttpclient.netty.channel.ChannelManager - Adding key: http://localhost:60295 for channel [id: 0x9bab48d6, L:/127.0.0.1:53032 - R:localhost/127.0.0.1:60295]
21:02:30.395 [Forwarding setTimeout on session 993060230e5493f91d63a91565b86d77 to remote] DEBUG org.asynchttpclient.netty.request.NettyRequestSender - Using pooled Channel '[id: 0x9bab48d6, L:/127.0.0.1:53032 - R:localhost/127.0.0.1:60295]' for 'POST' to 'http://localhost:60295/session/993060230e5493f91d63a91565b86d77/timeouts'
21:02:30.395 [Forwarding setTimeout on session 993060230e5493f91d63a91565b86d77 to remote] DEBUG org.asynchttpclient.netty.request.NettyRequestSender - Using open Channel [id: 0x9bab48d6, L:/127.0.0.1:53032 - R:localhost/127.0.0.1:60295] for POST '/session/993060230e5493f91d63a91565b86d77/timeouts'
21:02:30.425 [AsyncHttpClient-1-8] DEBUG org.asynchttpclient.netty.handler.HttpHandler - 

Request DefaultHttpRequest(decodeResult: success, version: HTTP/1.1)
POST /session/993060230e5493f91d63a91565b86d77/timeouts HTTP/1.1
User-Agent: selenium/4.1.2 (java windows)
Content-Length: 22
Content-Type: application/json; charset=utf-8
host: localhost:60295
accept: */*

Response DefaultHttpResponse(decodeResult: success, version: HTTP/1.1)
HTTP/1.1 200 OK
Content-Type: application/json; charset=utf-8
cache-control: no-cache
content-length: 14

21:02:30.425 [AsyncHttpClient-1-8] DEBUG org.asynchttpclient.netty.channel.ChannelManager - Adding key: http://localhost:60295 for channel [id: 0x9bab48d6, L:/127.0.0.1:53032 - R:localhost/127.0.0.1:60295]
21:02:30.432 [Forwarding getCurrentUrl on session 993060230e5493f91d63a91565b86d77 to remote] DEBUG org.asynchttpclient.netty.request.NettyRequestSender - Using pooled Channel '[id: 0x9bab48d6, L:/127.0.0.1:53032 - R:localhost/127.0.0.1:60295]' for 'GET' to 'http://localhost:60295/session/993060230e5493f91d63a91565b86d77/url'
21:02:30.432 [Forwarding getCurrentUrl on session 993060230e5493f91d63a91565b86d77 to remote] DEBUG org.asynchttpclient.netty.request.NettyRequestSender - Using open Channel [id: 0x9bab48d6, L:/127.0.0.1:53032 - R:localhost/127.0.0.1:60295] for GET '/session/993060230e5493f91d63a91565b86d77/url'
21:02:30.450 [AsyncHttpClient-1-8] DEBUG org.asynchttpclient.netty.handler.HttpHandler - 

Request DefaultFullHttpRequest(decodeResult: success, version: HTTP/1.1, content: EmptyByteBufBE)
GET /session/993060230e5493f91d63a91565b86d77/url HTTP/1.1
User-Agent: selenium/4.1.2 (java windows)
Cache-Control: no-cache
Content-Type: application/json; charset=utf-8
host: localhost:60295
accept: */*

Response DefaultHttpResponse(decodeResult: success, version: HTTP/1.1)
HTTP/1.1 200 OK
Content-Type: application/json; charset=utf-8
cache-control: no-cache
content-length: 31

21:02:30.450 [AsyncHttpClient-1-8] DEBUG org.asynchttpclient.netty.channel.ChannelManager - Adding key: http://localhost:60295 for channel [id: 0x9bab48d6, L:/127.0.0.1:53032 - R:localhost/127.0.0.1:60295]
21:02:30.460 [Forwarding getCurrentUrl on session 993060230e5493f91d63a91565b86d77 to remote] DEBUG org.asynchttpclient.netty.request.NettyRequestSender - Using pooled Channel '[id: 0x9bab48d6, L:/127.0.0.1:53032 - R:localhost/127.0.0.1:60295]' for 'GET' to 'http://localhost:60295/session/993060230e5493f91d63a91565b86d77/url'
21:02:30.460 [Forwarding getCurrentUrl on session 993060230e5493f91d63a91565b86d77 to remote] DEBUG org.asynchttpclient.netty.request.NettyRequestSender - Using open Channel [id: 0x9bab48d6, L:/127.0.0.1:53032 - R:localhost/127.0.0.1:60295] for GET '/session/993060230e5493f91d63a91565b86d77/url'
21:02:30.498 [AsyncHttpClient-1-8] DEBUG org.asynchttpclient.netty.handler.HttpHandler - 

Request DefaultFullHttpRequest(decodeResult: success, version: HTTP/1.1, content: EmptyByteBufBE)
GET /session/993060230e5493f91d63a91565b86d77/url HTTP/1.1
User-Agent: selenium/4.1.2 (java windows)
Cache-Control: no-cache
Content-Type: application/json; charset=utf-8
host: localhost:60295
accept: */*

Response DefaultHttpResponse(decodeResult: success, version: HTTP/1.1)
HTTP/1.1 200 OK
Content-Type: application/json; charset=utf-8
cache-control: no-cache
content-length: 31

21:02:30.499 [AsyncHttpClient-1-8] DEBUG org.asynchttpclient.netty.channel.ChannelManager - Adding key: http://localhost:60295 for channel [id: 0x9bab48d6, L:/127.0.0.1:53032 - R:localhost/127.0.0.1:60295]
21:02:30.508 [Forwarding screenshot on session 993060230e5493f91d63a91565b86d77 to remote] DEBUG org.asynchttpclient.netty.request.NettyRequestSender - Using pooled Channel '[id: 0x9bab48d6, L:/127.0.0.1:53032 - R:localhost/127.0.0.1:60295]' for 'GET' to 'http://localhost:60295/session/993060230e5493f91d63a91565b86d77/screenshot'
21:02:30.508 [Forwarding screenshot on session 993060230e5493f91d63a91565b86d77 to remote] DEBUG org.asynchttpclient.netty.request.NettyRequestSender - Using open Channel [id: 0x9bab48d6, L:/127.0.0.1:53032 - R:localhost/127.0.0.1:60295] for GET '/session/993060230e5493f91d63a91565b86d77/screenshot'
21:02:31.194 [AsyncHttpClient-1-1] DEBUG org.asynchttpclient.netty.channel.DefaultChannelPool - Entry count for : http://localhost:53033 : 1
21:02:32.299 [AsyncHttpClient-1-1] DEBUG org.asynchttpclient.netty.channel.DefaultChannelPool - Entry count for : http://localhost:53033 : 1
21:02:33.404 [AsyncHttpClient-1-1] DEBUG org.asynchttpclient.netty.channel.DefaultChannelPool - Entry count for : http://localhost:53033 : 1
21:02:34.494 [AsyncHttpClient-1-1] DEBUG org.asynchttpclient.netty.channel.DefaultChannelPool - Entry count for : http://localhost:53033 : 1
21:02:35.595 [AsyncHttpClient-1-1] DEBUG org.asynchttpclient.netty.channel.DefaultChannelPool - Entry count for : http://localhost:53033 : 1
21:02:35.699 [AsyncHttpClient-1-8] DEBUG org.asynchttpclient.netty.handler.HttpHandler - 

Request DefaultFullHttpRequest(decodeResult: success, version: HTTP/1.1, content: EmptyByteBufBE)
GET /session/993060230e5493f91d63a91565b86d77/screenshot HTTP/1.1
User-Agent: selenium/4.1.2 (java windows)
Cache-Control: no-cache
Content-Type: application/json; charset=utf-8
host: localhost:60295
accept: */*

Response DefaultHttpResponse(decodeResult: success, version: HTTP/1.1)
HTTP/1.1 200 OK
Content-Type: application/json; charset=utf-8
cache-control: no-cache
content-length: 31812

21:02:35.700 [AsyncHttpClient-1-8] DEBUG org.asynchttpclient.netty.channel.ChannelManager - Adding key: http://localhost:60295 for channel [id: 0x9bab48d6, L:/127.0.0.1:53032 - R:localhost/127.0.0.1:60295]
21:02:35.704 [main] DEBUG net.serenitybdd.core.photography.Darkroom - Send negative for processing for target\site\serenity\89b5958b415a38f8640fe9e8292707f71434b91d0a8e3ee5a70319f4076c9e82.png
21:02:35.704 [main] DEBUG net.thucydides.core.steps.StepInterceptor - STEP DONE: openPage
21:02:35.707 [Darkroom Processing Line] DEBUG net.serenitybdd.core.photography.DarkroomProcessingLine - Processing screenshot image in /var/screenshots/screenshot-5987165772018194758
21:02:35.707 [Darkroom Processing Line] DEBUG net.serenitybdd.core.photography.DarkroomProcessingLine - Saving screenshot to target\site\serenity\89b5958b415a38f8640fe9e8292707f71434b91d0a8e3ee5a70319f4076c9e82.png
21:02:35.715 [main] DEBUG net.thucydides.core.steps.StepInterceptor - STARTING STEP: TransactionSteps.iAmOnHomePage - onHome
21:02:35.718 [Forwarding findElement on session 993060230e5493f91d63a91565b86d77 to remote] DEBUG org.asynchttpclient.netty.request.NettyRequestSender - Using pooled Channel '[id: 0x9bab48d6, L:/127.0.0.1:53032 - R:localhost/127.0.0.1:60295]' for 'POST' to 'http://localhost:60295/session/993060230e5493f91d63a91565b86d77/element'
21:02:35.718 [Forwarding findElement on session 993060230e5493f91d63a91565b86d77 to remote] DEBUG org.asynchttpclient.netty.request.NettyRequestSender - Using open Channel [id: 0x9bab48d6, L:/127.0.0.1:53032 - R:localhost/127.0.0.1:60295] for POST '/session/993060230e5493f91d63a91565b86d77/element'
21:02:35.775 [AsyncHttpClient-1-8] DEBUG org.asynchttpclient.netty.handler.HttpHandler - 

Request DefaultHttpRequest(decodeResult: success, version: HTTP/1.1)
POST /session/993060230e5493f91d63a91565b86d77/element HTTP/1.1
User-Agent: selenium/4.1.2 (java windows)
Content-Length: 46
Content-Type: application/json; charset=utf-8
host: localhost:60295
accept: */*

Response DefaultHttpResponse(decodeResult: success, version: HTTP/1.1)
HTTP/1.1 400 Bad Request
Content-Type: application/json; charset=utf-8
cache-control: no-cache
content-length: 957

21:02:35.775 [AsyncHttpClient-1-8] DEBUG org.asynchttpclient.netty.channel.ChannelManager - Adding key: http://localhost:60295 for channel [id: 0x9bab48d6, L:/127.0.0.1:53032 - R:localhost/127.0.0.1:60295]
21:02:35.777 [Forwarding findElement on session 993060230e5493f91d63a91565b86d77 to remote] DEBUG org.asynchttpclient.netty.request.NettyRequestSender - Using pooled Channel '[id: 0x9bab48d6, L:/127.0.0.1:53032 - R:localhost/127.0.0.1:60295]' for 'POST' to 'http://localhost:60295/session/993060230e5493f91d63a91565b86d77/element'
21:02:35.777 [Forwarding findElement on session 993060230e5493f91d63a91565b86d77 to remote] DEBUG org.asynchttpclient.netty.request.NettyRequestSender - Using open Channel [id: 0x9bab48d6, L:/127.0.0.1:53032 - R:localhost/127.0.0.1:60295] for POST '/session/993060230e5493f91d63a91565b86d77/element'
21:02:35.847 [AsyncHttpClient-1-8] DEBUG org.asynchttpclient.netty.handler.HttpHandler - 

Request DefaultHttpRequest(decodeResult: success, version: HTTP/1.1)
POST /session/993060230e5493f91d63a91565b86d77/element HTTP/1.1
User-Agent: selenium/4.1.2 (java windows)
Content-Length: 54
Content-Type: application/json; charset=utf-8
host: localhost:60295
accept: */*

Response DefaultHttpResponse(decodeResult: success, version: HTTP/1.1)
HTTP/1.1 200 OK
Content-Type: application/json; charset=utf-8
cache-control: no-cache
content-length: 88

21:02:35.848 [AsyncHttpClient-1-8] DEBUG org.asynchttpclient.netty.channel.ChannelManager - Adding key: http://localhost:60295 for channel [id: 0x9bab48d6, L:/127.0.0.1:53032 - R:localhost/127.0.0.1:60295]
21:02:35.853 [Forwarding isElementDisplayed on session 993060230e5493f91d63a91565b86d77 to remote] DEBUG org.asynchttpclient.netty.request.NettyRequestSender - Using pooled Channel '[id: 0x9bab48d6, L:/127.0.0.1:53032 - R:localhost/127.0.0.1:60295]' for 'POST' to 'http://localhost:60295/session/993060230e5493f91d63a91565b86d77/execute/sync'
21:02:35.853 [Forwarding isElementDisplayed on session 993060230e5493f91d63a91565b86d77 to remote] DEBUG org.asynchttpclient.netty.request.NettyRequestSender - Using open Channel [id: 0x9bab48d6, L:/127.0.0.1:53032 - R:localhost/127.0.0.1:60295] for POST '/session/993060230e5493f91d63a91565b86d77/execute/sync'
21:02:35.871 [AsyncHttpClient-1-8] DEBUG org.asynchttpclient.netty.handler.HttpHandler - 

Request DefaultHttpRequest(decodeResult: success, version: HTTP/1.1)
POST /session/993060230e5493f91d63a91565b86d77/execute/sync HTTP/1.1
User-Agent: selenium/4.1.2 (java windows)
Content-Length: 48780
Content-Type: application/json; charset=utf-8
host: localhost:60295
accept: */*

Response DefaultHttpResponse(decodeResult: success, version: HTTP/1.1)
HTTP/1.1 200 OK
Content-Type: application/json; charset=utf-8
cache-control: no-cache
content-length: 14

21:02:35.871 [AsyncHttpClient-1-8] DEBUG org.asynchttpclient.netty.channel.ChannelManager - Adding key: http://localhost:60295 for channel [id: 0x9bab48d6, L:/127.0.0.1:53032 - R:localhost/127.0.0.1:60295]
21:02:35.875 [Forwarding screenshot on session 993060230e5493f91d63a91565b86d77 to remote] DEBUG org.asynchttpclient.netty.request.NettyRequestSender - Using pooled Channel '[id: 0x9bab48d6, L:/127.0.0.1:53032 - R:localhost/127.0.0.1:60295]' for 'GET' to 'http://localhost:60295/session/993060230e5493f91d63a91565b86d77/screenshot'
21:02:35.875 [Forwarding screenshot on session 993060230e5493f91d63a91565b86d77 to remote] DEBUG org.asynchttpclient.netty.request.NettyRequestSender - Using open Channel [id: 0x9bab48d6, L:/127.0.0.1:53032 - R:localhost/127.0.0.1:60295] for GET '/session/993060230e5493f91d63a91565b86d77/screenshot'
21:02:36.045 [AsyncHttpClient-1-8] DEBUG org.asynchttpclient.netty.handler.HttpHandler - 

Request DefaultFullHttpRequest(decodeResult: success, version: HTTP/1.1, content: EmptyByteBufBE)
GET /session/993060230e5493f91d63a91565b86d77/screenshot HTTP/1.1
User-Agent: selenium/4.1.2 (java windows)
Cache-Control: no-cache
Content-Type: application/json; charset=utf-8
host: localhost:60295
accept: */*

Response DefaultHttpResponse(decodeResult: success, version: HTTP/1.1)
HTTP/1.1 200 OK
Content-Type: application/json; charset=utf-8
cache-control: no-cache
content-length: 100200

21:02:36.046 [AsyncHttpClient-1-8] DEBUG org.asynchttpclient.netty.channel.ChannelManager - Adding key: http://localhost:60295 for channel [id: 0x9bab48d6, L:/127.0.0.1:53032 - R:localhost/127.0.0.1:60295]
21:02:36.052 [main] DEBUG net.serenitybdd.core.photography.Darkroom - Send negative for processing for target\site\serenity\39f69aed50a3c7258327b4626ccf24231b01f84378f2ee974866aafff5b808cf.png
21:02:36.052 [main] DEBUG net.thucydides.core.steps.StepInterceptor - STEP DONE: onHome
  &amp#27;[32mGiven &amp#27;[0m&amp#27;[32mi am on home page&amp#27;[0m                                     &amp#27;[90m# starter.stepdefenitions.TransactionSteps.iAmOnHomePage()&amp#27;[0m
21:02:36.074 [main] DEBUG net.thucydides.core.steps.StepInterceptor - STARTING STEP: TransactionSteps.userClickItems - clickItems
21:02:36.077 [Forwarding findElement on session 993060230e5493f91d63a91565b86d77 to remote] DEBUG org.asynchttpclient.netty.request.NettyRequestSender - Using pooled Channel '[id: 0x9bab48d6, L:/127.0.0.1:53032 - R:localhost/127.0.0.1:60295]' for 'POST' to 'http://localhost:60295/session/993060230e5493f91d63a91565b86d77/element'
21:02:36.077 [Forwarding findElement on session 993060230e5493f91d63a91565b86d77 to remote] DEBUG org.asynchttpclient.netty.request.NettyRequestSender - Using open Channel [id: 0x9bab48d6, L:/127.0.0.1:53032 - R:localhost/127.0.0.1:60295] for POST '/session/993060230e5493f91d63a91565b86d77/element'
21:02:36.110 [AsyncHttpClient-1-8] DEBUG org.asynchttpclient.netty.handler.HttpHandler - 

Request DefaultHttpRequest(decodeResult: success, version: HTTP/1.1)
POST /session/993060230e5493f91d63a91565b86d77/element HTTP/1.1
User-Agent: selenium/4.1.2 (java windows)
Content-Length: 150
Content-Type: application/json; charset=utf-8
host: localhost:60295
accept: */*

Response DefaultHttpResponse(decodeResult: success, version: HTTP/1.1)
HTTP/1.1 200 OK
Content-Type: application/json; charset=utf-8
cache-control: no-cache
content-length: 88

21:02:36.110 [AsyncHttpClient-1-8] DEBUG org.asynchttpclient.netty.channel.ChannelManager - Adding key: http://localhost:60295 for channel [id: 0x9bab48d6, L:/127.0.0.1:53032 - R:localhost/127.0.0.1:60295]
21:02:36.112 [Forwarding getElementTagName on session 993060230e5493f91d63a91565b86d77 to remote] DEBUG org.asynchttpclient.netty.request.NettyRequestSender - Using pooled Channel '[id: 0x9bab48d6, L:/127.0.0.1:53032 - R:localhost/127.0.0.1:60295]' for 'GET' to 'http://localhost:60295/session/993060230e5493f91d63a91565b86d77/element/68e3fbfa-8546-43f4-a6ac-0e583d571127/name'
21:02:36.112 [Forwarding getElementTagName on session 993060230e5493f91d63a91565b86d77 to remote] DEBUG org.asynchttpclient.netty.request.NettyRequestSender - Using open Channel [id: 0x9bab48d6, L:/127.0.0.1:53032 - R:localhost/127.0.0.1:60295] for GET '/session/993060230e5493f91d63a91565b86d77/element/68e3fbfa-8546-43f4-a6ac-0e583d571127/name'
21:02:36.118 [AsyncHttpClient-1-8] DEBUG org.asynchttpclient.netty.handler.HttpHandler - 

Request DefaultFullHttpRequest(decodeResult: success, version: HTTP/1.1, content: EmptyByteBufBE)
GET /session/993060230e5493f91d63a91565b86d77/element/68e3fbfa-8546-43f4-a6ac-0e583d571127/name HTTP/1.1
User-Agent: selenium/4.1.2 (java windows)
Cache-Control: no-cache
Content-Type: application/json; charset=utf-8
host: localhost:60295
accept: */*

Response DefaultHttpResponse(decodeResult: success, version: HTTP/1.1)
HTTP/1.1 200 OK
Content-Type: application/json; charset=utf-8
cache-control: no-cache
content-length: 18

21:02:36.119 [AsyncHttpClient-1-8] DEBUG org.asynchttpclient.netty.channel.ChannelManager - Adding key: http://localhost:60295 for channel [id: 0x9bab48d6, L:/127.0.0.1:53032 - R:localhost/127.0.0.1:60295]
21:02:36.120 [Forwarding getElementTagName on session 993060230e5493f91d63a91565b86d77 to remote] DEBUG org.asynchttpclient.netty.request.NettyRequestSender - Using pooled Channel '[id: 0x9bab48d6, L:/127.0.0.1:53032 - R:localhost/127.0.0.1:60295]' for 'GET' to 'http://localhost:60295/session/993060230e5493f91d63a91565b86d77/element/68e3fbfa-8546-43f4-a6ac-0e583d571127/name'
21:02:36.120 [Forwarding getElementTagName on session 993060230e5493f91d63a91565b86d77 to remote] DEBUG org.asynchttpclient.netty.request.NettyRequestSender - Using open Channel [id: 0x9bab48d6, L:/127.0.0.1:53032 - R:localhost/127.0.0.1:60295] for GET '/session/993060230e5493f91d63a91565b86d77/element/68e3fbfa-8546-43f4-a6ac-0e583d571127/name'
21:02:36.126 [AsyncHttpClient-1-8] DEBUG org.asynchttpclient.netty.handler.HttpHandler - 

Request DefaultFullHttpRequest(decodeResult: success, version: HTTP/1.1, content: EmptyByteBufBE)
GET /session/993060230e5493f91d63a91565b86d77/element/68e3fbfa-8546-43f4-a6ac-0e583d571127/name HTTP/1.1
User-Agent: selenium/4.1.2 (java windows)
Cache-Control: no-cache
Content-Type: application/json; charset=utf-8
host: localhost:60295
accept: */*

Response DefaultHttpResponse(decodeResult: success, version: HTTP/1.1)
HTTP/1.1 200 OK
Content-Type: application/json; charset=utf-8
cache-control: no-cache
content-length: 18

21:02:36.126 [AsyncHttpClient-1-8] DEBUG org.asynchttpclient.netty.channel.ChannelManager - Adding key: http://localhost:60295 for channel [id: 0x9bab48d6, L:/127.0.0.1:53032 - R:localhost/127.0.0.1:60295]
21:02:36.129 [Forwarding isElementEnabled on session 993060230e5493f91d63a91565b86d77 to remote] DEBUG org.asynchttpclient.netty.request.NettyRequestSender - Using pooled Channel '[id: 0x9bab48d6, L:/127.0.0.1:53032 - R:localhost/127.0.0.1:60295]' for 'GET' to 'http://localhost:60295/session/993060230e5493f91d63a91565b86d77/element/68e3fbfa-8546-43f4-a6ac-0e583d571127/enabled'
21:02:36.129 [Forwarding isElementEnabled on session 993060230e5493f91d63a91565b86d77 to remote] DEBUG org.asynchttpclient.netty.request.NettyRequestSender - Using open Channel [id: 0x9bab48d6, L:/127.0.0.1:53032 - R:localhost/127.0.0.1:60295] for GET '/session/993060230e5493f91d63a91565b86d77/element/68e3fbfa-8546-43f4-a6ac-0e583d571127/enabled'
21:02:36.143 [AsyncHttpClient-1-8] DEBUG org.asynchttpclient.netty.handler.HttpHandler - 

Request DefaultFullHttpRequest(decodeResult: success, version: HTTP/1.1, content: EmptyByteBufBE)
GET /session/993060230e5493f91d63a91565b86d77/element/68e3fbfa-8546-43f4-a6ac-0e583d571127/enabled HTTP/1.1
User-Agent: selenium/4.1.2 (java windows)
Cache-Control: no-cache
Content-Type: application/json; charset=utf-8
host: localhost:60295
accept: */*

Response DefaultHttpResponse(decodeResult: success, version: HTTP/1.1)
HTTP/1.1 200 OK
Content-Type: application/json; charset=utf-8
cache-control: no-cache
content-length: 14

21:02:36.144 [AsyncHttpClient-1-8] DEBUG org.asynchttpclient.netty.channel.ChannelManager - Adding key: http://localhost:60295 for channel [id: 0x9bab48d6, L:/127.0.0.1:53032 - R:localhost/127.0.0.1:60295]
21:02:36.146 [Forwarding isElementEnabled on session 993060230e5493f91d63a91565b86d77 to remote] DEBUG org.asynchttpclient.netty.request.NettyRequestSender - Using pooled Channel '[id: 0x9bab48d6, L:/127.0.0.1:53032 - R:localhost/127.0.0.1:60295]' for 'GET' to 'http://localhost:60295/session/993060230e5493f91d63a91565b86d77/element/68e3fbfa-8546-43f4-a6ac-0e583d571127/enabled'
21:02:36.146 [Forwarding isElementEnabled on session 993060230e5493f91d63a91565b86d77 to remote] DEBUG org.asynchttpclient.netty.request.NettyRequestSender - Using open Channel [id: 0x9bab48d6, L:/127.0.0.1:53032 - R:localhost/127.0.0.1:60295] for GET '/session/993060230e5493f91d63a91565b86d77/element/68e3fbfa-8546-43f4-a6ac-0e583d571127/enabled'
21:02:36.156 [AsyncHttpClient-1-8] DEBUG org.asynchttpclient.netty.handler.HttpHandler - 

Request DefaultFullHttpRequest(decodeResult: success, version: HTTP/1.1, content: EmptyByteBufBE)
GET /session/993060230e5493f91d63a91565b86d77/element/68e3fbfa-8546-43f4-a6ac-0e583d571127/enabled HTTP/1.1
User-Agent: selenium/4.1.2 (java windows)
Cache-Control: no-cache
Content-Type: application/json; charset=utf-8
host: localhost:60295
accept: */*

Response DefaultHttpResponse(decodeResult: success, version: HTTP/1.1)
HTTP/1.1 200 OK
Content-Type: application/json; charset=utf-8
cache-control: no-cache
content-length: 14

21:02:36.156 [AsyncHttpClient-1-8] DEBUG org.asynchttpclient.netty.channel.ChannelManager - Adding key: http://localhost:60295 for channel [id: 0x9bab48d6, L:/127.0.0.1:53032 - R:localhost/127.0.0.1:60295]
21:02:36.159 [Forwarding findElement on session 993060230e5493f91d63a91565b86d77 to remote] DEBUG org.asynchttpclient.netty.request.NettyRequestSender - Using pooled Channel '[id: 0x9bab48d6, L:/127.0.0.1:53032 - R:localhost/127.0.0.1:60295]' for 'POST' to 'http://localhost:60295/session/993060230e5493f91d63a91565b86d77/element'
21:02:36.159 [Forwarding findElement on session 993060230e5493f91d63a91565b86d77 to remote] DEBUG org.asynchttpclient.netty.request.NettyRequestSender - Using open Channel [id: 0x9bab48d6, L:/127.0.0.1:53032 - R:localhost/127.0.0.1:60295] for POST '/session/993060230e5493f91d63a91565b86d77/element'
21:02:36.181 [AsyncHttpClient-1-8] DEBUG org.asynchttpclient.netty.handler.HttpHandler - 

Request DefaultHttpRequest(decodeResult: success, version: HTTP/1.1)
POST /session/993060230e5493f91d63a91565b86d77/element HTTP/1.1
User-Agent: selenium/4.1.2 (java windows)
Content-Length: 150
Content-Type: application/json; charset=utf-8
host: localhost:60295
accept: */*

Response DefaultHttpResponse(decodeResult: success, version: HTTP/1.1)
HTTP/1.1 200 OK
Content-Type: application/json; charset=utf-8
cache-control: no-cache
content-length: 88

21:02:36.182 [AsyncHttpClient-1-8] DEBUG org.asynchttpclient.netty.channel.ChannelManager - Adding key: http://localhost:60295 for channel [id: 0x9bab48d6, L:/127.0.0.1:53032 - R:localhost/127.0.0.1:60295]
21:02:36.184 [Forwarding clickElement on session 993060230e5493f91d63a91565b86d77 to remote] DEBUG org.asynchttpclient.netty.request.NettyRequestSender - Using pooled Channel '[id: 0x9bab48d6, L:/127.0.0.1:53032 - R:localhost/127.0.0.1:60295]' for 'POST' to 'http://localhost:60295/session/993060230e5493f91d63a91565b86d77/element/68e3fbfa-8546-43f4-a6ac-0e583d571127/click'
21:02:36.184 [Forwarding clickElement on session 993060230e5493f91d63a91565b86d77 to remote] DEBUG org.asynchttpclient.netty.request.NettyRequestSender - Using open Channel [id: 0x9bab48d6, L:/127.0.0.1:53032 - R:localhost/127.0.0.1:60295] for POST '/session/993060230e5493f91d63a91565b86d77/element/68e3fbfa-8546-43f4-a6ac-0e583d571127/click'
21:02:36.355 [AsyncHttpClient-1-8] DEBUG org.asynchttpclient.netty.handler.HttpHandler - 

Request DefaultHttpRequest(decodeResult: success, version: HTTP/1.1)
POST /session/993060230e5493f91d63a91565b86d77/element/68e3fbfa-8546-43f4-a6ac-0e583d571127/click HTTP/1.1
User-Agent: selenium/4.1.2 (java windows)
Content-Length: 50
Content-Type: application/json; charset=utf-8
host: localhost:60295
accept: */*

Response DefaultHttpResponse(decodeResult: success, version: HTTP/1.1)
HTTP/1.1 200 OK
Content-Type: application/json; charset=utf-8
cache-control: no-cache
content-length: 14

21:02:36.355 [AsyncHttpClient-1-8] DEBUG org.asynchttpclient.netty.channel.ChannelManager - Adding key: http://localhost:60295 for channel [id: 0x9bab48d6, L:/127.0.0.1:53032 - R:localhost/127.0.0.1:60295]
21:02:36.361 [Forwarding screenshot on session 993060230e5493f91d63a91565b86d77 to remote] DEBUG org.asynchttpclient.netty.request.NettyRequestSender - Using pooled Channel '[id: 0x9bab48d6, L:/127.0.0.1:53032 - R:localhost/127.0.0.1:60295]' for 'GET' to 'http://localhost:60295/session/993060230e5493f91d63a91565b86d77/screenshot'
21:02:36.361 [Forwarding screenshot on session 993060230e5493f91d63a91565b86d77 to remote] DEBUG org.asynchttpclient.netty.request.NettyRequestSender - Using open Channel [id: 0x9bab48d6, L:/127.0.0.1:53032 - R:localhost/127.0.0.1:60295] for GET '/session/993060230e5493f91d63a91565b86d77/screenshot'
21:02:36.583 [AsyncHttpClient-1-8] DEBUG org.asynchttpclient.netty.handler.HttpHandler - 

Request DefaultFullHttpRequest(decodeResult: success, version: HTTP/1.1, content: EmptyByteBufBE)
GET /session/993060230e5493f91d63a91565b86d77/screenshot HTTP/1.1
User-Agent: selenium/4.1.2 (java windows)
Cache-Control: no-cache
Content-Type: application/json; charset=utf-8
host: localhost:60295
accept: */*

Response DefaultHttpResponse(decodeResult: success, version: HTTP/1.1)
HTTP/1.1 200 OK
Content-Type: application/json; charset=utf-8
cache-control: no-cache
content-length: 101800

21:02:36.584 [AsyncHttpClient-1-8] DEBUG org.asynchttpclient.netty.channel.ChannelManager - Adding key: http://localhost:60295 for channel [id: 0x9bab48d6, L:/127.0.0.1:53032 - R:localhost/127.0.0.1:60295]
21:02:36.590 [main] DEBUG net.serenitybdd.core.photography.Darkroom - Send negative for processing for target\site\serenity\41285e62b6b805d8d3d49ac3caee5f7ec53638a5ea57de01d57691e844b8f5e9.png
21:02:36.591 [main] DEBUG net.thucydides.core.steps.StepInterceptor - STEP DONE: clickItems
21:02:36.591 [Darkroom Processing Line] DEBUG net.serenitybdd.core.photography.DarkroomProcessingLine - Processing screenshot image in /var/screenshots/screenshot-3024835425047467608
21:02:36.591 [Darkroom Processing Line] DEBUG net.serenitybdd.core.photography.DarkroomProcessingLine - Saving screenshot to target\site\serenity\41285e62b6b805d8d3d49ac3caee5f7ec53638a5ea57de01d57691e844b8f5e9.png
21:02:36.598 [main] DEBUG net.thucydides.core.steps.StepInterceptor - STARTING STEP: TransactionSteps.userClickItems - clickItems
21:02:36.601 [Forwarding findElement on session 993060230e5493f91d63a91565b86d77 to remote] DEBUG org.asynchttpclient.netty.request.NettyRequestSender - Using pooled Channel '[id: 0x9bab48d6, L:/127.0.0.1:53032 - R:localhost/127.0.0.1:60295]' for 'POST' to 'http://localhost:60295/session/993060230e5493f91d63a91565b86d77/element'
21:02:36.601 [Forwarding findElement on session 993060230e5493f91d63a91565b86d77 to remote] DEBUG org.asynchttpclient.netty.request.NettyRequestSender - Using open Channel [id: 0x9bab48d6, L:/127.0.0.1:53032 - R:localhost/127.0.0.1:60295] for POST '/session/993060230e5493f91d63a91565b86d77/element'
21:02:36.615 [AsyncHttpClient-1-8] DEBUG org.asynchttpclient.netty.handler.HttpHandler - 

Request DefaultHttpRequest(decodeResult: success, version: HTTP/1.1)
POST /session/993060230e5493f91d63a91565b86d77/element HTTP/1.1
User-Agent: selenium/4.1.2 (java windows)
Content-Length: 150
Content-Type: application/json; charset=utf-8
host: localhost:60295
accept: */*

Response DefaultHttpResponse(decodeResult: success, version: HTTP/1.1)
HTTP/1.1 200 OK
Content-Type: application/json; charset=utf-8
cache-control: no-cache
content-length: 88

21:02:36.615 [AsyncHttpClient-1-8] DEBUG org.asynchttpclient.netty.channel.ChannelManager - Adding key: http://localhost:60295 for channel [id: 0x9bab48d6, L:/127.0.0.1:53032 - R:localhost/127.0.0.1:60295]
21:02:36.617 [Forwarding getElementTagName on session 993060230e5493f91d63a91565b86d77 to remote] DEBUG org.asynchttpclient.netty.request.NettyRequestSender - Using pooled Channel '[id: 0x9bab48d6, L:/127.0.0.1:53032 - R:localhost/127.0.0.1:60295]' for 'GET' to 'http://localhost:60295/session/993060230e5493f91d63a91565b86d77/element/68e3fbfa-8546-43f4-a6ac-0e583d571127/name'
21:02:36.617 [Forwarding getElementTagName on session 993060230e5493f91d63a91565b86d77 to remote] DEBUG org.asynchttpclient.netty.request.NettyRequestSender - Using open Channel [id: 0x9bab48d6, L:/127.0.0.1:53032 - R:localhost/127.0.0.1:60295] for GET '/session/993060230e5493f91d63a91565b86d77/element/68e3fbfa-8546-43f4-a6ac-0e583d571127/name'
21:02:36.621 [AsyncHttpClient-1-8] DEBUG org.asynchttpclient.netty.handler.HttpHandler - 

Request DefaultFullHttpRequest(decodeResult: success, version: HTTP/1.1, content: EmptyByteBufBE)
GET /session/993060230e5493f91d63a91565b86d77/element/68e3fbfa-8546-43f4-a6ac-0e583d571127/name HTTP/1.1
User-Agent: selenium/4.1.2 (java windows)
Cache-Control: no-cache
Content-Type: application/json; charset=utf-8
host: localhost:60295
accept: */*

Response DefaultHttpResponse(decodeResult: success, version: HTTP/1.1)
HTTP/1.1 200 OK
Content-Type: application/json; charset=utf-8
cache-control: no-cache
content-length: 18

21:02:36.621 [AsyncHttpClient-1-8] DEBUG org.asynchttpclient.netty.channel.ChannelManager - Adding key: http://localhost:60295 for channel [id: 0x9bab48d6, L:/127.0.0.1:53032 - R:localhost/127.0.0.1:60295]
21:02:36.622 [Forwarding getElementTagName on session 993060230e5493f91d63a91565b86d77 to remote] DEBUG org.asynchttpclient.netty.request.NettyRequestSender - Using pooled Channel '[id: 0x9bab48d6, L:/127.0.0.1:53032 - R:localhost/127.0.0.1:60295]' for 'GET' to 'http://localhost:60295/session/993060230e5493f91d63a91565b86d77/element/68e3fbfa-8546-43f4-a6ac-0e583d571127/name'
21:02:36.622 [Forwarding getElementTagName on session 993060230e5493f91d63a91565b86d77 to remote] DEBUG org.asynchttpclient.netty.request.NettyRequestSender - Using open Channel [id: 0x9bab48d6, L:/127.0.0.1:53032 - R:localhost/127.0.0.1:60295] for GET '/session/993060230e5493f91d63a91565b86d77/element/68e3fbfa-8546-43f4-a6ac-0e583d571127/name'
21:02:36.625 [AsyncHttpClient-1-8] DEBUG org.asynchttpclient.netty.handler.HttpHandler - 

Request DefaultFullHttpRequest(decodeResult: success, version: HTTP/1.1, content: EmptyByteBufBE)
GET /session/993060230e5493f91d63a91565b86d77/element/68e3fbfa-8546-43f4-a6ac-0e583d571127/name HTTP/1.1
User-Agent: selenium/4.1.2 (java windows)
Cache-Control: no-cache
Content-Type: application/json; charset=utf-8
host: localhost:60295
accept: */*

Response DefaultHttpResponse(decodeResult: success, version: HTTP/1.1)
HTTP/1.1 200 OK
Content-Type: application/json; charset=utf-8
cache-control: no-cache
content-length: 18

21:02:36.625 [AsyncHttpClient-1-8] DEBUG org.asynchttpclient.netty.channel.ChannelManager - Adding key: http://localhost:60295 for channel [id: 0x9bab48d6, L:/127.0.0.1:53032 - R:localhost/127.0.0.1:60295]
21:02:36.628 [Forwarding isElementEnabled on session 993060230e5493f91d63a91565b86d77 to remote] DEBUG org.asynchttpclient.netty.request.NettyRequestSender - Using pooled Channel '[id: 0x9bab48d6, L:/127.0.0.1:53032 - R:localhost/127.0.0.1:60295]' for 'GET' to 'http://localhost:60295/session/993060230e5493f91d63a91565b86d77/element/68e3fbfa-8546-43f4-a6ac-0e583d571127/enabled'
21:02:36.628 [Forwarding isElementEnabled on session 993060230e5493f91d63a91565b86d77 to remote] DEBUG org.asynchttpclient.netty.request.NettyRequestSender - Using open Channel [id: 0x9bab48d6, L:/127.0.0.1:53032 - R:localhost/127.0.0.1:60295] for GET '/session/993060230e5493f91d63a91565b86d77/element/68e3fbfa-8546-43f4-a6ac-0e583d571127/enabled'
21:02:36.654 [AsyncHttpClient-1-8] DEBUG org.asynchttpclient.netty.handler.HttpHandler - 

Request DefaultFullHttpRequest(decodeResult: success, version: HTTP/1.1, content: EmptyByteBufBE)
GET /session/993060230e5493f91d63a91565b86d77/element/68e3fbfa-8546-43f4-a6ac-0e583d571127/enabled HTTP/1.1
User-Agent: selenium/4.1.2 (java windows)
Cache-Control: no-cache
Content-Type: application/json; charset=utf-8
host: localhost:60295
accept: */*

Response DefaultHttpResponse(decodeResult: success, version: HTTP/1.1)
HTTP/1.1 200 OK
Content-Type: application/json; charset=utf-8
cache-control: no-cache
content-length: 14

21:02:36.654 [AsyncHttpClient-1-8] DEBUG org.asynchttpclient.netty.channel.ChannelManager - Adding key: http://localhost:60295 for channel [id: 0x9bab48d6, L:/127.0.0.1:53032 - R:localhost/127.0.0.1:60295]
21:02:36.656 [Forwarding isElementEnabled on session 993060230e5493f91d63a91565b86d77 to remote] DEBUG org.asynchttpclient.netty.request.NettyRequestSender - Using pooled Channel '[id: 0x9bab48d6, L:/127.0.0.1:53032 - R:localhost/127.0.0.1:60295]' for 'GET' to 'http://localhost:60295/session/993060230e5493f91d63a91565b86d77/element/68e3fbfa-8546-43f4-a6ac-0e583d571127/enabled'
21:02:36.656 [Forwarding isElementEnabled on session 993060230e5493f91d63a91565b86d77 to remote] DEBUG org.asynchttpclient.netty.request.NettyRequestSender - Using open Channel [id: 0x9bab48d6, L:/127.0.0.1:53032 - R:localhost/127.0.0.1:60295] for GET '/session/993060230e5493f91d63a91565b86d77/element/68e3fbfa-8546-43f4-a6ac-0e583d571127/enabled'
21:02:36.661 [AsyncHttpClient-1-8] DEBUG org.asynchttpclient.netty.handler.HttpHandler - 

Request DefaultFullHttpRequest(decodeResult: success, version: HTTP/1.1, content: EmptyByteBufBE)
GET /session/993060230e5493f91d63a91565b86d77/element/68e3fbfa-8546-43f4-a6ac-0e583d571127/enabled HTTP/1.1
User-Agent: selenium/4.1.2 (java windows)
Cache-Control: no-cache
Content-Type: application/json; charset=utf-8
host: localhost:60295
accept: */*

Response DefaultHttpResponse(decodeResult: success, version: HTTP/1.1)
HTTP/1.1 200 OK
Content-Type: application/json; charset=utf-8
cache-control: no-cache
content-length: 14

21:02:36.662 [AsyncHttpClient-1-8] DEBUG org.asynchttpclient.netty.channel.ChannelManager - Adding key: http://localhost:60295 for channel [id: 0x9bab48d6, L:/127.0.0.1:53032 - R:localhost/127.0.0.1:60295]
21:02:36.664 [Forwarding findElement on session 993060230e5493f91d63a91565b86d77 to remote] DEBUG org.asynchttpclient.netty.request.NettyRequestSender - Using pooled Channel '[id: 0x9bab48d6, L:/127.0.0.1:53032 - R:localhost/127.0.0.1:60295]' for 'POST' to 'http://localhost:60295/session/993060230e5493f91d63a91565b86d77/element'
21:02:36.664 [Forwarding findElement on session 993060230e5493f91d63a91565b86d77 to remote] DEBUG org.asynchttpclient.netty.request.NettyRequestSender - Using open Channel [id: 0x9bab48d6, L:/127.0.0.1:53032 - R:localhost/127.0.0.1:60295] for POST '/session/993060230e5493f91d63a91565b86d77/element'
21:02:36.690 [AsyncHttpClient-1-8] DEBUG org.asynchttpclient.netty.handler.HttpHandler - 

Request DefaultHttpRequest(decodeResult: success, version: HTTP/1.1)
POST /session/993060230e5493f91d63a91565b86d77/element HTTP/1.1
User-Agent: selenium/4.1.2 (java windows)
Content-Length: 150
Content-Type: application/json; charset=utf-8
host: localhost:60295
accept: */*

Response DefaultHttpResponse(decodeResult: success, version: HTTP/1.1)
HTTP/1.1 200 OK
Content-Type: application/json; charset=utf-8
cache-control: no-cache
content-length: 88

21:02:36.691 [AsyncHttpClient-1-8] DEBUG org.asynchttpclient.netty.channel.ChannelManager - Adding key: http://localhost:60295 for channel [id: 0x9bab48d6, L:/127.0.0.1:53032 - R:localhost/127.0.0.1:60295]
21:02:36.692 [Forwarding clickElement on session 993060230e5493f91d63a91565b86d77 to remote] DEBUG org.asynchttpclient.netty.request.NettyRequestSender - Using pooled Channel '[id: 0x9bab48d6, L:/127.0.0.1:53032 - R:localhost/127.0.0.1:60295]' for 'POST' to 'http://localhost:60295/session/993060230e5493f91d63a91565b86d77/element/68e3fbfa-8546-43f4-a6ac-0e583d571127/click'
21:02:36.692 [Forwarding clickElement on session 993060230e5493f91d63a91565b86d77 to remote] DEBUG org.asynchttpclient.netty.request.NettyRequestSender - Using open Channel [id: 0x9bab48d6, L:/127.0.0.1:53032 - R:localhost/127.0.0.1:60295] for POST '/session/993060230e5493f91d63a91565b86d77/element/68e3fbfa-8546-43f4-a6ac-0e583d571127/click'
21:02:36.695 [AsyncHttpClient-1-1] DEBUG org.asynchttpclient.netty.channel.DefaultChannelPool - Entry count for : http://localhost:53033 : 1
21:02:36.807 [AsyncHttpClient-1-8] DEBUG org.asynchttpclient.netty.handler.HttpHandler - 

Request DefaultHttpRequest(decodeResult: success, version: HTTP/1.1)
POST /session/993060230e5493f91d63a91565b86d77/element/68e3fbfa-8546-43f4-a6ac-0e583d571127/click HTTP/1.1
User-Agent: selenium/4.1.2 (java windows)
Content-Length: 50
Content-Type: application/json; charset=utf-8
host: localhost:60295
accept: */*

Response DefaultHttpResponse(decodeResult: success, version: HTTP/1.1)
HTTP/1.1 200 OK
Content-Type: application/json; charset=utf-8
cache-control: no-cache
content-length: 14

21:02:36.807 [AsyncHttpClient-1-8] DEBUG org.asynchttpclient.netty.channel.ChannelManager - Adding key: http://localhost:60295 for channel [id: 0x9bab48d6, L:/127.0.0.1:53032 - R:localhost/127.0.0.1:60295]
21:02:36.814 [Forwarding screenshot on session 993060230e5493f91d63a91565b86d77 to remote] DEBUG org.asynchttpclient.netty.request.NettyRequestSender - Using pooled Channel '[id: 0x9bab48d6, L:/127.0.0.1:53032 - R:localhost/127.0.0.1:60295]' for 'GET' to 'http://localhost:60295/session/993060230e5493f91d63a91565b86d77/screenshot'
21:02:36.814 [Forwarding screenshot on session 993060230e5493f91d63a91565b86d77 to remote] DEBUG org.asynchttpclient.netty.request.NettyRequestSender - Using open Channel [id: 0x9bab48d6, L:/127.0.0.1:53032 - R:localhost/127.0.0.1:60295] for GET '/session/993060230e5493f91d63a91565b86d77/screenshot'
21:02:37.022 [AsyncHttpClient-1-8] DEBUG org.asynchttpclient.netty.handler.HttpHandler - 

Request DefaultFullHttpRequest(decodeResult: success, version: HTTP/1.1, content: EmptyByteBufBE)
GET /session/993060230e5493f91d63a91565b86d77/screenshot HTTP/1.1
User-Agent: selenium/4.1.2 (java windows)
Cache-Control: no-cache
Content-Type: application/json; charset=utf-8
host: localhost:60295
accept: */*

Response DefaultHttpResponse(decodeResult: success, version: HTTP/1.1)
HTTP/1.1 200 OK
Content-Type: application/json; charset=utf-8
cache-control: no-cache
content-length: 101720

21:02:37.023 [AsyncHttpClient-1-8] DEBUG org.asynchttpclient.netty.channel.ChannelManager - Adding key: http://localhost:60295 for channel [id: 0x9bab48d6, L:/127.0.0.1:53032 - R:localhost/127.0.0.1:60295]
21:02:37.028 [main] DEBUG net.serenitybdd.core.photography.Darkroom - Send negative for processing for target\site\serenity\b693631a11b75fd231a85c8a3f11087bf5c8d46b442a56b4a7f98131c8f6b1aa.png
21:02:37.028 [main] DEBUG net.thucydides.core.steps.StepInterceptor - STEP DONE: clickItems
21:02:37.028 [Darkroom Processing Line] DEBUG net.serenitybdd.core.photography.DarkroomProcessingLine - Processing screenshot image in /var/screenshots/screenshot-7799414107577003328
21:02:37.028 [Darkroom Processing Line] DEBUG net.serenitybdd.core.photography.DarkroomProcessingLine - Saving screenshot to target\site\serenity\b693631a11b75fd231a85c8a3f11087bf5c8d46b442a56b4a7f98131c8f6b1aa.png
21:02:37.038 [main] DEBUG net.thucydides.core.steps.StepInterceptor - STARTING STEP: TransactionSteps.userClickItems - clickItems2
21:02:37.042 [Forwarding findElement on session 993060230e5493f91d63a91565b86d77 to remote] DEBUG org.asynchttpclient.netty.request.NettyRequestSender - Using pooled Channel '[id: 0x9bab48d6, L:/127.0.0.1:53032 - R:localhost/127.0.0.1:60295]' for 'POST' to 'http://localhost:60295/session/993060230e5493f91d63a91565b86d77/element'
21:02:37.042 [Forwarding findElement on session 993060230e5493f91d63a91565b86d77 to remote] DEBUG org.asynchttpclient.netty.request.NettyRequestSender - Using open Channel [id: 0x9bab48d6, L:/127.0.0.1:53032 - R:localhost/127.0.0.1:60295] for POST '/session/993060230e5493f91d63a91565b86d77/element'
21:02:37.062 [AsyncHttpClient-1-8] DEBUG org.asynchttpclient.netty.handler.HttpHandler - 

Request DefaultHttpRequest(decodeResult: success, version: HTTP/1.1)
POST /session/993060230e5493f91d63a91565b86d77/element HTTP/1.1
User-Agent: selenium/4.1.2 (java windows)
Content-Length: 150
Content-Type: application/json; charset=utf-8
host: localhost:60295
accept: */*

Response DefaultHttpResponse(decodeResult: success, version: HTTP/1.1)
HTTP/1.1 200 OK
Content-Type: application/json; charset=utf-8
cache-control: no-cache
content-length: 88

21:02:37.062 [AsyncHttpClient-1-8] DEBUG org.asynchttpclient.netty.channel.ChannelManager - Adding key: http://localhost:60295 for channel [id: 0x9bab48d6, L:/127.0.0.1:53032 - R:localhost/127.0.0.1:60295]
21:02:37.063 [Forwarding getElementTagName on session 993060230e5493f91d63a91565b86d77 to remote] DEBUG org.asynchttpclient.netty.request.NettyRequestSender - Using pooled Channel '[id: 0x9bab48d6, L:/127.0.0.1:53032 - R:localhost/127.0.0.1:60295]' for 'GET' to 'http://localhost:60295/session/993060230e5493f91d63a91565b86d77/element/6ca0802c-3d56-4b8a-a81e-8352970af27c/name'
21:02:37.063 [Forwarding getElementTagName on session 993060230e5493f91d63a91565b86d77 to remote] DEBUG org.asynchttpclient.netty.request.NettyRequestSender - Using open Channel [id: 0x9bab48d6, L:/127.0.0.1:53032 - R:localhost/127.0.0.1:60295] for GET '/session/993060230e5493f91d63a91565b86d77/element/6ca0802c-3d56-4b8a-a81e-8352970af27c/name'
21:02:37.068 [AsyncHttpClient-1-8] DEBUG org.asynchttpclient.netty.handler.HttpHandler - 

Request DefaultFullHttpRequest(decodeResult: success, version: HTTP/1.1, content: EmptyByteBufBE)
GET /session/993060230e5493f91d63a91565b86d77/element/6ca0802c-3d56-4b8a-a81e-8352970af27c/name HTTP/1.1
User-Agent: selenium/4.1.2 (java windows)
Cache-Control: no-cache
Content-Type: application/json; charset=utf-8
host: localhost:60295
accept: */*

Response DefaultHttpResponse(decodeResult: success, version: HTTP/1.1)
HTTP/1.1 200 OK
Content-Type: application/json; charset=utf-8
cache-control: no-cache
content-length: 18

21:02:37.068 [AsyncHttpClient-1-8] DEBUG org.asynchttpclient.netty.channel.ChannelManager - Adding key: http://localhost:60295 for channel [id: 0x9bab48d6, L:/127.0.0.1:53032 - R:localhost/127.0.0.1:60295]
21:02:37.069 [Forwarding getElementTagName on session 993060230e5493f91d63a91565b86d77 to remote] DEBUG org.asynchttpclient.netty.request.NettyRequestSender - Using pooled Channel '[id: 0x9bab48d6, L:/127.0.0.1:53032 - R:localhost/127.0.0.1:60295]' for 'GET' to 'http://localhost:60295/session/993060230e5493f91d63a91565b86d77/element/6ca0802c-3d56-4b8a-a81e-8352970af27c/name'
21:02:37.069 [Forwarding getElementTagName on session 993060230e5493f91d63a91565b86d77 to remote] DEBUG org.asynchttpclient.netty.request.NettyRequestSender - Using open Channel [id: 0x9bab48d6, L:/127.0.0.1:53032 - R:localhost/127.0.0.1:60295] for GET '/session/993060230e5493f91d63a91565b86d77/element/6ca0802c-3d56-4b8a-a81e-8352970af27c/name'
21:02:37.073 [AsyncHttpClient-1-8] DEBUG org.asynchttpclient.netty.handler.HttpHandler - 

Request DefaultFullHttpRequest(decodeResult: success, version: HTTP/1.1, content: EmptyByteBufBE)
GET /session/993060230e5493f91d63a91565b86d77/element/6ca0802c-3d56-4b8a-a81e-8352970af27c/name HTTP/1.1
User-Agent: selenium/4.1.2 (java windows)
Cache-Control: no-cache
Content-Type: application/json; charset=utf-8
host: localhost:60295
accept: */*

Response DefaultHttpResponse(decodeResult: success, version: HTTP/1.1)
HTTP/1.1 200 OK
Content-Type: application/json; charset=utf-8
cache-control: no-cache
content-length: 18

21:02:37.073 [AsyncHttpClient-1-8] DEBUG org.asynchttpclient.netty.channel.ChannelManager - Adding key: http://localhost:60295 for channel [id: 0x9bab48d6, L:/127.0.0.1:53032 - R:localhost/127.0.0.1:60295]
21:02:37.075 [Forwarding isElementEnabled on session 993060230e5493f91d63a91565b86d77 to remote] DEBUG org.asynchttpclient.netty.request.NettyRequestSender - Using pooled Channel '[id: 0x9bab48d6, L:/127.0.0.1:53032 - R:localhost/127.0.0.1:60295]' for 'GET' to 'http://localhost:60295/session/993060230e5493f91d63a91565b86d77/element/6ca0802c-3d56-4b8a-a81e-8352970af27c/enabled'
21:02:37.075 [Forwarding isElementEnabled on session 993060230e5493f91d63a91565b86d77 to remote] DEBUG org.asynchttpclient.netty.request.NettyRequestSender - Using open Channel [id: 0x9bab48d6, L:/127.0.0.1:53032 - R:localhost/127.0.0.1:60295] for GET '/session/993060230e5493f91d63a91565b86d77/element/6ca0802c-3d56-4b8a-a81e-8352970af27c/enabled'
21:02:37.085 [AsyncHttpClient-1-8] DEBUG org.asynchttpclient.netty.handler.HttpHandler - 

Request DefaultFullHttpRequest(decodeResult: success, version: HTTP/1.1, content: EmptyByteBufBE)
GET /session/993060230e5493f91d63a91565b86d77/element/6ca0802c-3d56-4b8a-a81e-8352970af27c/enabled HTTP/1.1
User-Agent: selenium/4.1.2 (java windows)
Cache-Control: no-cache
Content-Type: application/json; charset=utf-8
host: localhost:60295
accept: */*

Response DefaultHttpResponse(decodeResult: success, version: HTTP/1.1)
HTTP/1.1 200 OK
Content-Type: application/json; charset=utf-8
cache-control: no-cache
content-length: 14

21:02:37.085 [AsyncHttpClient-1-8] DEBUG org.asynchttpclient.netty.channel.ChannelManager - Adding key: http://localhost:60295 for channel [id: 0x9bab48d6, L:/127.0.0.1:53032 - R:localhost/127.0.0.1:60295]
21:02:37.086 [Forwarding isElementEnabled on session 993060230e5493f91d63a91565b86d77 to remote] DEBUG org.asynchttpclient.netty.request.NettyRequestSender - Using pooled Channel '[id: 0x9bab48d6, L:/127.0.0.1:53032 - R:localhost/127.0.0.1:60295]' for 'GET' to 'http://localhost:60295/session/993060230e5493f91d63a91565b86d77/element/6ca0802c-3d56-4b8a-a81e-8352970af27c/enabled'
21:02:37.086 [Forwarding isElementEnabled on session 993060230e5493f91d63a91565b86d77 to remote] DEBUG org.asynchttpclient.netty.request.NettyRequestSender - Using open Channel [id: 0x9bab48d6, L:/127.0.0.1:53032 - R:localhost/127.0.0.1:60295] for GET '/session/993060230e5493f91d63a91565b86d77/element/6ca0802c-3d56-4b8a-a81e-8352970af27c/enabled'
21:02:37.093 [AsyncHttpClient-1-8] DEBUG org.asynchttpclient.netty.handler.HttpHandler - 

Request DefaultFullHttpRequest(decodeResult: success, version: HTTP/1.1, content: EmptyByteBufBE)
GET /session/993060230e5493f91d63a91565b86d77/element/6ca0802c-3d56-4b8a-a81e-8352970af27c/enabled HTTP/1.1
User-Agent: selenium/4.1.2 (java windows)
Cache-Control: no-cache
Content-Type: application/json; charset=utf-8
host: localhost:60295
accept: */*

Response DefaultHttpResponse(decodeResult: success, version: HTTP/1.1)
HTTP/1.1 200 OK
Content-Type: application/json; charset=utf-8
cache-control: no-cache
content-length: 14

21:02:37.093 [AsyncHttpClient-1-8] DEBUG org.asynchttpclient.netty.channel.ChannelManager - Adding key: http://localhost:60295 for channel [id: 0x9bab48d6, L:/127.0.0.1:53032 - R:localhost/127.0.0.1:60295]
21:02:37.095 [Forwarding findElement on session 993060230e5493f91d63a91565b86d77 to remote] DEBUG org.asynchttpclient.netty.request.NettyRequestSender - Using pooled Channel '[id: 0x9bab48d6, L:/127.0.0.1:53032 - R:localhost/127.0.0.1:60295]' for 'POST' to 'http://localhost:60295/session/993060230e5493f91d63a91565b86d77/element'
21:02:37.095 [Forwarding findElement on session 993060230e5493f91d63a91565b86d77 to remote] DEBUG org.asynchttpclient.netty.request.NettyRequestSender - Using open Channel [id: 0x9bab48d6, L:/127.0.0.1:53032 - R:localhost/127.0.0.1:60295] for POST '/session/993060230e5493f91d63a91565b86d77/element'
21:02:37.108 [AsyncHttpClient-1-8] DEBUG org.asynchttpclient.netty.handler.HttpHandler - 

Request DefaultHttpRequest(decodeResult: success, version: HTTP/1.1)
POST /session/993060230e5493f91d63a91565b86d77/element HTTP/1.1
User-Agent: selenium/4.1.2 (java windows)
Content-Length: 150
Content-Type: application/json; charset=utf-8
host: localhost:60295
accept: */*

Response DefaultHttpResponse(decodeResult: success, version: HTTP/1.1)
HTTP/1.1 200 OK
Content-Type: application/json; charset=utf-8
cache-control: no-cache
content-length: 88

21:02:37.108 [AsyncHttpClient-1-8] DEBUG org.asynchttpclient.netty.channel.ChannelManager - Adding key: http://localhost:60295 for channel [id: 0x9bab48d6, L:/127.0.0.1:53032 - R:localhost/127.0.0.1:60295]
21:02:37.109 [Forwarding clickElement on session 993060230e5493f91d63a91565b86d77 to remote] DEBUG org.asynchttpclient.netty.request.NettyRequestSender - Using pooled Channel '[id: 0x9bab48d6, L:/127.0.0.1:53032 - R:localhost/127.0.0.1:60295]' for 'POST' to 'http://localhost:60295/session/993060230e5493f91d63a91565b86d77/element/6ca0802c-3d56-4b8a-a81e-8352970af27c/click'
21:02:37.109 [Forwarding clickElement on session 993060230e5493f91d63a91565b86d77 to remote] DEBUG org.asynchttpclient.netty.request.NettyRequestSender - Using open Channel [id: 0x9bab48d6, L:/127.0.0.1:53032 - R:localhost/127.0.0.1:60295] for POST '/session/993060230e5493f91d63a91565b86d77/element/6ca0802c-3d56-4b8a-a81e-8352970af27c/click'
21:02:37.225 [AsyncHttpClient-1-8] DEBUG org.asynchttpclient.netty.handler.HttpHandler - 

Request DefaultHttpRequest(decodeResult: success, version: HTTP/1.1)
POST /session/993060230e5493f91d63a91565b86d77/element/6ca0802c-3d56-4b8a-a81e-8352970af27c/click HTTP/1.1
User-Agent: selenium/4.1.2 (java windows)
Content-Length: 50
Content-Type: application/json; charset=utf-8
host: localhost:60295
accept: */*

Response DefaultHttpResponse(decodeResult: success, version: HTTP/1.1)
HTTP/1.1 200 OK
Content-Type: application/json; charset=utf-8
cache-control: no-cache
content-length: 14

21:02:37.225 [AsyncHttpClient-1-8] DEBUG org.asynchttpclient.netty.channel.ChannelManager - Adding key: http://localhost:60295 for channel [id: 0x9bab48d6, L:/127.0.0.1:53032 - R:localhost/127.0.0.1:60295]
21:02:37.231 [Forwarding screenshot on session 993060230e5493f91d63a91565b86d77 to remote] DEBUG org.asynchttpclient.netty.request.NettyRequestSender - Using pooled Channel '[id: 0x9bab48d6, L:/127.0.0.1:53032 - R:localhost/127.0.0.1:60295]' for 'GET' to 'http://localhost:60295/session/993060230e5493f91d63a91565b86d77/screenshot'
21:02:37.231 [Forwarding screenshot on session 993060230e5493f91d63a91565b86d77 to remote] DEBUG org.asynchttpclient.netty.request.NettyRequestSender - Using open Channel [id: 0x9bab48d6, L:/127.0.0.1:53032 - R:localhost/127.0.0.1:60295] for GET '/session/993060230e5493f91d63a91565b86d77/screenshot'
21:02:37.456 [AsyncHttpClient-1-8] DEBUG org.asynchttpclient.netty.handler.HttpHandler - 

Request DefaultFullHttpRequest(decodeResult: success, version: HTTP/1.1, content: EmptyByteBufBE)
GET /session/993060230e5493f91d63a91565b86d77/screenshot HTTP/1.1
User-Agent: selenium/4.1.2 (java windows)
Cache-Control: no-cache
Content-Type: application/json; charset=utf-8
host: localhost:60295
accept: */*

Response DefaultHttpResponse(decodeResult: success, version: HTTP/1.1)
HTTP/1.1 200 OK
Content-Type: application/json; charset=utf-8
cache-control: no-cache
content-length: 102240

21:02:37.456 [AsyncHttpClient-1-8] DEBUG org.asynchttpclient.netty.channel.ChannelManager - Adding key: http://localhost:60295 for channel [id: 0x9bab48d6, L:/127.0.0.1:53032 - R:localhost/127.0.0.1:60295]
21:02:37.463 [main] DEBUG net.serenitybdd.core.photography.Darkroom - Send negative for processing for target\site\serenity\8fd84a07cbe69bc711d695f4797a6446f25db8dbd326a178395f5715181ef9dc.png
21:02:37.463 [main] DEBUG net.thucydides.core.steps.StepInterceptor - STEP DONE: clickItems2
21:02:37.464 [Darkroom Processing Line] DEBUG net.serenitybdd.core.photography.DarkroomProcessingLine - Processing screenshot image in /var/screenshots/screenshot-8037034169019177155
21:02:37.464 [Darkroom Processing Line] DEBUG net.serenitybdd.core.photography.DarkroomProcessingLine - Saving screenshot to target\site\serenity\8fd84a07cbe69bc711d695f4797a6446f25db8dbd326a178395f5715181ef9dc.png
21:02:37.469 [main] DEBUG net.thucydides.core.steps.StepInterceptor - STARTING STEP: TransactionSteps.userClickItems - clickItems2
21:02:37.472 [Forwarding findElement on session 993060230e5493f91d63a91565b86d77 to remote] DEBUG org.asynchttpclient.netty.request.NettyRequestSender - Using pooled Channel '[id: 0x9bab48d6, L:/127.0.0.1:53032 - R:localhost/127.0.0.1:60295]' for 'POST' to 'http://localhost:60295/session/993060230e5493f91d63a91565b86d77/element'
21:02:37.472 [Forwarding findElement on session 993060230e5493f91d63a91565b86d77 to remote] DEBUG org.asynchttpclient.netty.request.NettyRequestSender - Using open Channel [id: 0x9bab48d6, L:/127.0.0.1:53032 - R:localhost/127.0.0.1:60295] for POST '/session/993060230e5493f91d63a91565b86d77/element'
21:02:37.485 [AsyncHttpClient-1-8] DEBUG org.asynchttpclient.netty.handler.HttpHandler - 

Request DefaultHttpRequest(decodeResult: success, version: HTTP/1.1)
POST /session/993060230e5493f91d63a91565b86d77/element HTTP/1.1
User-Agent: selenium/4.1.2 (java windows)
Content-Length: 150
Content-Type: application/json; charset=utf-8
host: localhost:60295
accept: */*

Response DefaultHttpResponse(decodeResult: success, version: HTTP/1.1)
HTTP/1.1 200 OK
Content-Type: application/json; charset=utf-8
cache-control: no-cache
content-length: 88

21:02:37.485 [AsyncHttpClient-1-8] DEBUG org.asynchttpclient.netty.channel.ChannelManager - Adding key: http://localhost:60295 for channel [id: 0x9bab48d6, L:/127.0.0.1:53032 - R:localhost/127.0.0.1:60295]
21:02:37.487 [Forwarding getElementTagName on session 993060230e5493f91d63a91565b86d77 to remote] DEBUG org.asynchttpclient.netty.request.NettyRequestSender - Using pooled Channel '[id: 0x9bab48d6, L:/127.0.0.1:53032 - R:localhost/127.0.0.1:60295]' for 'GET' to 'http://localhost:60295/session/993060230e5493f91d63a91565b86d77/element/6ca0802c-3d56-4b8a-a81e-8352970af27c/name'
21:02:37.487 [Forwarding getElementTagName on session 993060230e5493f91d63a91565b86d77 to remote] DEBUG org.asynchttpclient.netty.request.NettyRequestSender - Using open Channel [id: 0x9bab48d6, L:/127.0.0.1:53032 - R:localhost/127.0.0.1:60295] for GET '/session/993060230e5493f91d63a91565b86d77/element/6ca0802c-3d56-4b8a-a81e-8352970af27c/name'
21:02:37.490 [AsyncHttpClient-1-8] DEBUG org.asynchttpclient.netty.handler.HttpHandler - 

Request DefaultFullHttpRequest(decodeResult: success, version: HTTP/1.1, content: EmptyByteBufBE)
GET /session/993060230e5493f91d63a91565b86d77/element/6ca0802c-3d56-4b8a-a81e-8352970af27c/name HTTP/1.1
User-Agent: selenium/4.1.2 (java windows)
Cache-Control: no-cache
Content-Type: application/json; charset=utf-8
host: localhost:60295
accept: */*

Response DefaultHttpResponse(decodeResult: success, version: HTTP/1.1)
HTTP/1.1 200 OK
Content-Type: application/json; charset=utf-8
cache-control: no-cache
content-length: 18

21:02:37.490 [AsyncHttpClient-1-8] DEBUG org.asynchttpclient.netty.channel.ChannelManager - Adding key: http://localhost:60295 for channel [id: 0x9bab48d6, L:/127.0.0.1:53032 - R:localhost/127.0.0.1:60295]
21:02:37.491 [Forwarding getElementTagName on session 993060230e5493f91d63a91565b86d77 to remote] DEBUG org.asynchttpclient.netty.request.NettyRequestSender - Using pooled Channel '[id: 0x9bab48d6, L:/127.0.0.1:53032 - R:localhost/127.0.0.1:60295]' for 'GET' to 'http://localhost:60295/session/993060230e5493f91d63a91565b86d77/element/6ca0802c-3d56-4b8a-a81e-8352970af27c/name'
21:02:37.492 [Forwarding getElementTagName on session 993060230e5493f91d63a91565b86d77 to remote] DEBUG org.asynchttpclient.netty.request.NettyRequestSender - Using open Channel [id: 0x9bab48d6, L:/127.0.0.1:53032 - R:localhost/127.0.0.1:60295] for GET '/session/993060230e5493f91d63a91565b86d77/element/6ca0802c-3d56-4b8a-a81e-8352970af27c/name'
21:02:37.495 [AsyncHttpClient-1-8] DEBUG org.asynchttpclient.netty.handler.HttpHandler - 

Request DefaultFullHttpRequest(decodeResult: success, version: HTTP/1.1, content: EmptyByteBufBE)
GET /session/993060230e5493f91d63a91565b86d77/element/6ca0802c-3d56-4b8a-a81e-8352970af27c/name HTTP/1.1
User-Agent: selenium/4.1.2 (java windows)
Cache-Control: no-cache
Content-Type: application/json; charset=utf-8
host: localhost:60295
accept: */*

Response DefaultHttpResponse(decodeResult: success, version: HTTP/1.1)
HTTP/1.1 200 OK
Content-Type: application/json; charset=utf-8
cache-control: no-cache
content-length: 18

21:02:37.495 [AsyncHttpClient-1-8] DEBUG org.asynchttpclient.netty.channel.ChannelManager - Adding key: http://localhost:60295 for channel [id: 0x9bab48d6, L:/127.0.0.1:53032 - R:localhost/127.0.0.1:60295]
21:02:37.498 [Forwarding isElementEnabled on session 993060230e5493f91d63a91565b86d77 to remote] DEBUG org.asynchttpclient.netty.request.NettyRequestSender - Using pooled Channel '[id: 0x9bab48d6, L:/127.0.0.1:53032 - R:localhost/127.0.0.1:60295]' for 'GET' to 'http://localhost:60295/session/993060230e5493f91d63a91565b86d77/element/6ca0802c-3d56-4b8a-a81e-8352970af27c/enabled'
21:02:37.498 [Forwarding isElementEnabled on session 993060230e5493f91d63a91565b86d77 to remote] DEBUG org.asynchttpclient.netty.request.NettyRequestSender - Using open Channel [id: 0x9bab48d6, L:/127.0.0.1:53032 - R:localhost/127.0.0.1:60295] for GET '/session/993060230e5493f91d63a91565b86d77/element/6ca0802c-3d56-4b8a-a81e-8352970af27c/enabled'
21:02:37.503 [AsyncHttpClient-1-8] DEBUG org.asynchttpclient.netty.handler.HttpHandler - 

Request DefaultFullHttpRequest(decodeResult: success, version: HTTP/1.1, content: EmptyByteBufBE)
GET /session/993060230e5493f91d63a91565b86d77/element/6ca0802c-3d56-4b8a-a81e-8352970af27c/enabled HTTP/1.1
User-Agent: selenium/4.1.2 (java windows)
Cache-Control: no-cache
Content-Type: application/json; charset=utf-8
host: localhost:60295
accept: */*

Response DefaultHttpResponse(decodeResult: success, version: HTTP/1.1)
HTTP/1.1 200 OK
Content-Type: application/json; charset=utf-8
cache-control: no-cache
content-length: 14

21:02:37.504 [AsyncHttpClient-1-8] DEBUG org.asynchttpclient.netty.channel.ChannelManager - Adding key: http://localhost:60295 for channel [id: 0x9bab48d6, L:/127.0.0.1:53032 - R:localhost/127.0.0.1:60295]
21:02:37.505 [Forwarding isElementEnabled on session 993060230e5493f91d63a91565b86d77 to remote] DEBUG org.asynchttpclient.netty.request.NettyRequestSender - Using pooled Channel '[id: 0x9bab48d6, L:/127.0.0.1:53032 - R:localhost/127.0.0.1:60295]' for 'GET' to 'http://localhost:60295/session/993060230e5493f91d63a91565b86d77/element/6ca0802c-3d56-4b8a-a81e-8352970af27c/enabled'
21:02:37.505 [Forwarding isElementEnabled on session 993060230e5493f91d63a91565b86d77 to remote] DEBUG org.asynchttpclient.netty.request.NettyRequestSender - Using open Channel [id: 0x9bab48d6, L:/127.0.0.1:53032 - R:localhost/127.0.0.1:60295] for GET '/session/993060230e5493f91d63a91565b86d77/element/6ca0802c-3d56-4b8a-a81e-8352970af27c/enabled'
21:02:37.514 [AsyncHttpClient-1-8] DEBUG org.asynchttpclient.netty.handler.HttpHandler - 

Request DefaultFullHttpRequest(decodeResult: success, version: HTTP/1.1, content: EmptyByteBufBE)
GET /session/993060230e5493f91d63a91565b86d77/element/6ca0802c-3d56-4b8a-a81e-8352970af27c/enabled HTTP/1.1
User-Agent: selenium/4.1.2 (java windows)
Cache-Control: no-cache
Content-Type: application/json; charset=utf-8
host: localhost:60295
accept: */*

Response DefaultHttpResponse(decodeResult: success, version: HTTP/1.1)
HTTP/1.1 200 OK
Content-Type: application/json; charset=utf-8
cache-control: no-cache
content-length: 14

21:02:37.514 [AsyncHttpClient-1-8] DEBUG org.asynchttpclient.netty.channel.ChannelManager - Adding key: http://localhost:60295 for channel [id: 0x9bab48d6, L:/127.0.0.1:53032 - R:localhost/127.0.0.1:60295]
21:02:37.518 [Forwarding findElement on session 993060230e5493f91d63a91565b86d77 to remote] DEBUG org.asynchttpclient.netty.request.NettyRequestSender - Using pooled Channel '[id: 0x9bab48d6, L:/127.0.0.1:53032 - R:localhost/127.0.0.1:60295]' for 'POST' to 'http://localhost:60295/session/993060230e5493f91d63a91565b86d77/element'
21:02:37.518 [Forwarding findElement on session 993060230e5493f91d63a91565b86d77 to remote] DEBUG org.asynchttpclient.netty.request.NettyRequestSender - Using open Channel [id: 0x9bab48d6, L:/127.0.0.1:53032 - R:localhost/127.0.0.1:60295] for POST '/session/993060230e5493f91d63a91565b86d77/element'
21:02:37.537 [AsyncHttpClient-1-8] DEBUG org.asynchttpclient.netty.handler.HttpHandler - 

Request DefaultHttpRequest(decodeResult: success, version: HTTP/1.1)
POST /session/993060230e5493f91d63a91565b86d77/element HTTP/1.1
User-Agent: selenium/4.1.2 (java windows)
Content-Length: 150
Content-Type: application/json; charset=utf-8
host: localhost:60295
accept: */*

Response DefaultHttpResponse(decodeResult: success, version: HTTP/1.1)
HTTP/1.1 200 OK
Content-Type: application/json; charset=utf-8
cache-control: no-cache
content-length: 88

21:02:37.537 [AsyncHttpClient-1-8] DEBUG org.asynchttpclient.netty.channel.ChannelManager - Adding key: http://localhost:60295 for channel [id: 0x9bab48d6, L:/127.0.0.1:53032 - R:localhost/127.0.0.1:60295]
21:02:37.539 [Forwarding clickElement on session 993060230e5493f91d63a91565b86d77 to remote] DEBUG org.asynchttpclient.netty.request.NettyRequestSender - Using pooled Channel '[id: 0x9bab48d6, L:/127.0.0.1:53032 - R:localhost/127.0.0.1:60295]' for 'POST' to 'http://localhost:60295/session/993060230e5493f91d63a91565b86d77/element/6ca0802c-3d56-4b8a-a81e-8352970af27c/click'
21:02:37.539 [Forwarding clickElement on session 993060230e5493f91d63a91565b86d77 to remote] DEBUG org.asynchttpclient.netty.request.NettyRequestSender - Using open Channel [id: 0x9bab48d6, L:/127.0.0.1:53032 - R:localhost/127.0.0.1:60295] for POST '/session/993060230e5493f91d63a91565b86d77/element/6ca0802c-3d56-4b8a-a81e-8352970af27c/click'
21:02:37.659 [AsyncHttpClient-1-8] DEBUG org.asynchttpclient.netty.handler.HttpHandler - 

Request DefaultHttpRequest(decodeResult: success, version: HTTP/1.1)
POST /session/993060230e5493f91d63a91565b86d77/element/6ca0802c-3d56-4b8a-a81e-8352970af27c/click HTTP/1.1
User-Agent: selenium/4.1.2 (java windows)
Content-Length: 50
Content-Type: application/json; charset=utf-8
host: localhost:60295
accept: */*

Response DefaultHttpResponse(decodeResult: success, version: HTTP/1.1)
HTTP/1.1 200 OK
Content-Type: application/json; charset=utf-8
cache-control: no-cache
content-length: 14

21:02:37.659 [AsyncHttpClient-1-8] DEBUG org.asynchttpclient.netty.channel.ChannelManager - Adding key: http://localhost:60295 for channel [id: 0x9bab48d6, L:/127.0.0.1:53032 - R:localhost/127.0.0.1:60295]
21:02:37.665 [Forwarding screenshot on session 993060230e5493f91d63a91565b86d77 to remote] DEBUG org.asynchttpclient.netty.request.NettyRequestSender - Using pooled Channel '[id: 0x9bab48d6, L:/127.0.0.1:53032 - R:localhost/127.0.0.1:60295]' for 'GET' to 'http://localhost:60295/session/993060230e5493f91d63a91565b86d77/screenshot'
21:02:37.665 [Forwarding screenshot on session 993060230e5493f91d63a91565b86d77 to remote] DEBUG org.asynchttpclient.netty.request.NettyRequestSender - Using open Channel [id: 0x9bab48d6, L:/127.0.0.1:53032 - R:localhost/127.0.0.1:60295] for GET '/session/993060230e5493f91d63a91565b86d77/screenshot'
21:02:37.794 [AsyncHttpClient-1-1] DEBUG org.asynchttpclient.netty.channel.DefaultChannelPool - Entry count for : http://localhost:53033 : 1
21:02:37.874 [AsyncHttpClient-1-8] DEBUG org.asynchttpclient.netty.handler.HttpHandler - 

Request DefaultFullHttpRequest(decodeResult: success, version: HTTP/1.1, content: EmptyByteBufBE)
GET /session/993060230e5493f91d63a91565b86d77/screenshot HTTP/1.1
User-Agent: selenium/4.1.2 (java windows)
Cache-Control: no-cache
Content-Type: application/json; charset=utf-8
host: localhost:60295
accept: */*

Response DefaultHttpResponse(decodeResult: success, version: HTTP/1.1)
HTTP/1.1 200 OK
Content-Type: application/json; charset=utf-8
cache-control: no-cache
content-length: 102016

21:02:37.874 [AsyncHttpClient-1-8] DEBUG org.asynchttpclient.netty.channel.ChannelManager - Adding key: http://localhost:60295 for channel [id: 0x9bab48d6, L:/127.0.0.1:53032 - R:localhost/127.0.0.1:60295]
21:02:37.879 [main] DEBUG net.serenitybdd.core.photography.Darkroom - Send negative for processing for target\site\serenity\ad0188f7a29561bf41dc69e6af90eab79edff1da98866be4f6c13840da36e3ca.png
21:02:37.880 [main] DEBUG net.thucydides.core.steps.StepInterceptor - STEP DONE: clickItems2
21:02:37.880 [Darkroom Processing Line] DEBUG net.serenitybdd.core.photography.DarkroomProcessingLine - Processing screenshot image in /var/screenshots/screenshot-8867910384007107063
21:02:37.880 [Darkroom Processing Line] DEBUG net.serenitybdd.core.photography.DarkroomProcessingLine - Saving screenshot to target\site\serenity\ad0188f7a29561bf41dc69e6af90eab79edff1da98866be4f6c13840da36e3ca.png
21:02:37.887 [main] DEBUG net.thucydides.core.steps.StepInterceptor - STARTING STEP: TransactionSteps.userClickItems - clickItems3
21:02:37.890 [Forwarding findElement on session 993060230e5493f91d63a91565b86d77 to remote] DEBUG org.asynchttpclient.netty.request.NettyRequestSender - Using pooled Channel '[id: 0x9bab48d6, L:/127.0.0.1:53032 - R:localhost/127.0.0.1:60295]' for 'POST' to 'http://localhost:60295/session/993060230e5493f91d63a91565b86d77/element'
21:02:37.890 [Forwarding findElement on session 993060230e5493f91d63a91565b86d77 to remote] DEBUG org.asynchttpclient.netty.request.NettyRequestSender - Using open Channel [id: 0x9bab48d6, L:/127.0.0.1:53032 - R:localhost/127.0.0.1:60295] for POST '/session/993060230e5493f91d63a91565b86d77/element'
21:02:37.913 [AsyncHttpClient-1-8] DEBUG org.asynchttpclient.netty.handler.HttpHandler - 

Request DefaultHttpRequest(decodeResult: success, version: HTTP/1.1)
POST /session/993060230e5493f91d63a91565b86d77/element HTTP/1.1
User-Agent: selenium/4.1.2 (java windows)
Content-Length: 150
Content-Type: application/json; charset=utf-8
host: localhost:60295
accept: */*

Response DefaultHttpResponse(decodeResult: success, version: HTTP/1.1)
HTTP/1.1 200 OK
Content-Type: application/json; charset=utf-8
cache-control: no-cache
content-length: 88

21:02:37.913 [AsyncHttpClient-1-8] DEBUG org.asynchttpclient.netty.channel.ChannelManager - Adding key: http://localhost:60295 for channel [id: 0x9bab48d6, L:/127.0.0.1:53032 - R:localhost/127.0.0.1:60295]
21:02:37.915 [Forwarding getElementTagName on session 993060230e5493f91d63a91565b86d77 to remote] DEBUG org.asynchttpclient.netty.request.NettyRequestSender - Using pooled Channel '[id: 0x9bab48d6, L:/127.0.0.1:53032 - R:localhost/127.0.0.1:60295]' for 'GET' to 'http://localhost:60295/session/993060230e5493f91d63a91565b86d77/element/dd6b4a7d-ce40-4089-9301-9c92d5940ca0/name'
21:02:37.915 [Forwarding getElementTagName on session 993060230e5493f91d63a91565b86d77 to remote] DEBUG org.asynchttpclient.netty.request.NettyRequestSender - Using open Channel [id: 0x9bab48d6, L:/127.0.0.1:53032 - R:localhost/127.0.0.1:60295] for GET '/session/993060230e5493f91d63a91565b86d77/element/dd6b4a7d-ce40-4089-9301-9c92d5940ca0/name'
21:02:37.919 [AsyncHttpClient-1-8] DEBUG org.asynchttpclient.netty.handler.HttpHandler - 

Request DefaultFullHttpRequest(decodeResult: success, version: HTTP/1.1, content: EmptyByteBufBE)
GET /session/993060230e5493f91d63a91565b86d77/element/dd6b4a7d-ce40-4089-9301-9c92d5940ca0/name HTTP/1.1
User-Agent: selenium/4.1.2 (java windows)
Cache-Control: no-cache
Content-Type: application/json; charset=utf-8
host: localhost:60295
accept: */*

Response DefaultHttpResponse(decodeResult: success, version: HTTP/1.1)
HTTP/1.1 200 OK
Content-Type: application/json; charset=utf-8
cache-control: no-cache
content-length: 18

21:02:37.919 [AsyncHttpClient-1-8] DEBUG org.asynchttpclient.netty.channel.ChannelManager - Adding key: http://localhost:60295 for channel [id: 0x9bab48d6, L:/127.0.0.1:53032 - R:localhost/127.0.0.1:60295]
21:02:37.921 [Forwarding getElementTagName on session 993060230e5493f91d63a91565b86d77 to remote] DEBUG org.asynchttpclient.netty.request.NettyRequestSender - Using pooled Channel '[id: 0x9bab48d6, L:/127.0.0.1:53032 - R:localhost/127.0.0.1:60295]' for 'GET' to 'http://localhost:60295/session/993060230e5493f91d63a91565b86d77/element/dd6b4a7d-ce40-4089-9301-9c92d5940ca0/name'
21:02:37.921 [Forwarding getElementTagName on session 993060230e5493f91d63a91565b86d77 to remote] DEBUG org.asynchttpclient.netty.request.NettyRequestSender - Using open Channel [id: 0x9bab48d6, L:/127.0.0.1:53032 - R:localhost/127.0.0.1:60295] for GET '/session/993060230e5493f91d63a91565b86d77/element/dd6b4a7d-ce40-4089-9301-9c92d5940ca0/name'
21:02:37.925 [AsyncHttpClient-1-8] DEBUG org.asynchttpclient.netty.handler.HttpHandler - 

Request DefaultFullHttpRequest(decodeResult: success, version: HTTP/1.1, content: EmptyByteBufBE)
GET /session/993060230e5493f91d63a91565b86d77/element/dd6b4a7d-ce40-4089-9301-9c92d5940ca0/name HTTP/1.1
User-Agent: selenium/4.1.2 (java windows)
Cache-Control: no-cache
Content-Type: application/json; charset=utf-8
host: localhost:60295
accept: */*

Response DefaultHttpResponse(decodeResult: success, version: HTTP/1.1)
HTTP/1.1 200 OK
Content-Type: application/json; charset=utf-8
cache-control: no-cache
content-length: 18

21:02:37.926 [AsyncHttpClient-1-8] DEBUG org.asynchttpclient.netty.channel.ChannelManager - Adding key: http://localhost:60295 for channel [id: 0x9bab48d6, L:/127.0.0.1:53032 - R:localhost/127.0.0.1:60295]
21:02:37.928 [Forwarding isElementEnabled on session 993060230e5493f91d63a91565b86d77 to remote] DEBUG org.asynchttpclient.netty.request.NettyRequestSender - Using pooled Channel '[id: 0x9bab48d6, L:/127.0.0.1:53032 - R:localhost/127.0.0.1:60295]' for 'GET' to 'http://localhost:60295/session/993060230e5493f91d63a91565b86d77/element/dd6b4a7d-ce40-4089-9301-9c92d5940ca0/enabled'
21:02:37.928 [Forwarding isElementEnabled on session 993060230e5493f91d63a91565b86d77 to remote] DEBUG org.asynchttpclient.netty.request.NettyRequestSender - Using open Channel [id: 0x9bab48d6, L:/127.0.0.1:53032 - R:localhost/127.0.0.1:60295] for GET '/session/993060230e5493f91d63a91565b86d77/element/dd6b4a7d-ce40-4089-9301-9c92d5940ca0/enabled'
21:02:37.937 [AsyncHttpClient-1-8] DEBUG org.asynchttpclient.netty.handler.HttpHandler - 

Request DefaultFullHttpRequest(decodeResult: success, version: HTTP/1.1, content: EmptyByteBufBE)
GET /session/993060230e5493f91d63a91565b86d77/element/dd6b4a7d-ce40-4089-9301-9c92d5940ca0/enabled HTTP/1.1
User-Agent: selenium/4.1.2 (java windows)
Cache-Control: no-cache
Content-Type: application/json; charset=utf-8
host: localhost:60295
accept: */*

Response DefaultHttpResponse(decodeResult: success, version: HTTP/1.1)
HTTP/1.1 200 OK
Content-Type: application/json; charset=utf-8
cache-control: no-cache
content-length: 14

21:02:37.937 [AsyncHttpClient-1-8] DEBUG org.asynchttpclient.netty.channel.ChannelManager - Adding key: http://localhost:60295 for channel [id: 0x9bab48d6, L:/127.0.0.1:53032 - R:localhost/127.0.0.1:60295]
21:02:37.938 [Forwarding isElementEnabled on session 993060230e5493f91d63a91565b86d77 to remote] DEBUG org.asynchttpclient.netty.request.NettyRequestSender - Using pooled Channel '[id: 0x9bab48d6, L:/127.0.0.1:53032 - R:localhost/127.0.0.1:60295]' for 'GET' to 'http://localhost:60295/session/993060230e5493f91d63a91565b86d77/element/dd6b4a7d-ce40-4089-9301-9c92d5940ca0/enabled'
21:02:37.939 [Forwarding isElementEnabled on session 993060230e5493f91d63a91565b86d77 to remote] DEBUG org.asynchttpclient.netty.request.NettyRequestSender - Using open Channel [id: 0x9bab48d6, L:/127.0.0.1:53032 - R:localhost/127.0.0.1:60295] for GET '/session/993060230e5493f91d63a91565b86d77/element/dd6b4a7d-ce40-4089-9301-9c92d5940ca0/enabled'
21:02:37.946 [AsyncHttpClient-1-8] DEBUG org.asynchttpclient.netty.handler.HttpHandler - 

Request DefaultFullHttpRequest(decodeResult: success, version: HTTP/1.1, content: EmptyByteBufBE)
GET /session/993060230e5493f91d63a91565b86d77/element/dd6b4a7d-ce40-4089-9301-9c92d5940ca0/enabled HTTP/1.1
User-Agent: selenium/4.1.2 (java windows)
Cache-Control: no-cache
Content-Type: application/json; charset=utf-8
host: localhost:60295
accept: */*

Response DefaultHttpResponse(decodeResult: success, version: HTTP/1.1)
HTTP/1.1 200 OK
Content-Type: application/json; charset=utf-8
cache-control: no-cache
content-length: 14

21:02:37.946 [AsyncHttpClient-1-8] DEBUG org.asynchttpclient.netty.channel.ChannelManager - Adding key: http://localhost:60295 for channel [id: 0x9bab48d6, L:/127.0.0.1:53032 - R:localhost/127.0.0.1:60295]
21:02:37.948 [Forwarding findElement on session 993060230e5493f91d63a91565b86d77 to remote] DEBUG org.asynchttpclient.netty.request.NettyRequestSender - Using pooled Channel '[id: 0x9bab48d6, L:/127.0.0.1:53032 - R:localhost/127.0.0.1:60295]' for 'POST' to 'http://localhost:60295/session/993060230e5493f91d63a91565b86d77/element'
21:02:37.948 [Forwarding findElement on session 993060230e5493f91d63a91565b86d77 to remote] DEBUG org.asynchttpclient.netty.request.NettyRequestSender - Using open Channel [id: 0x9bab48d6, L:/127.0.0.1:53032 - R:localhost/127.0.0.1:60295] for POST '/session/993060230e5493f91d63a91565b86d77/element'
21:02:37.960 [AsyncHttpClient-1-8] DEBUG org.asynchttpclient.netty.handler.HttpHandler - 

Request DefaultHttpRequest(decodeResult: success, version: HTTP/1.1)
POST /session/993060230e5493f91d63a91565b86d77/element HTTP/1.1
User-Agent: selenium/4.1.2 (java windows)
Content-Length: 150
Content-Type: application/json; charset=utf-8
host: localhost:60295
accept: */*

Response DefaultHttpResponse(decodeResult: success, version: HTTP/1.1)
HTTP/1.1 200 OK
Content-Type: application/json; charset=utf-8
cache-control: no-cache
content-length: 88

21:02:37.961 [AsyncHttpClient-1-8] DEBUG org.asynchttpclient.netty.channel.ChannelManager - Adding key: http://localhost:60295 for channel [id: 0x9bab48d6, L:/127.0.0.1:53032 - R:localhost/127.0.0.1:60295]
21:02:37.962 [Forwarding clickElement on session 993060230e5493f91d63a91565b86d77 to remote] DEBUG org.asynchttpclient.netty.request.NettyRequestSender - Using pooled Channel '[id: 0x9bab48d6, L:/127.0.0.1:53032 - R:localhost/127.0.0.1:60295]' for 'POST' to 'http://localhost:60295/session/993060230e5493f91d63a91565b86d77/element/dd6b4a7d-ce40-4089-9301-9c92d5940ca0/click'
21:02:37.962 [Forwarding clickElement on session 993060230e5493f91d63a91565b86d77 to remote] DEBUG org.asynchttpclient.netty.request.NettyRequestSender - Using open Channel [id: 0x9bab48d6, L:/127.0.0.1:53032 - R:localhost/127.0.0.1:60295] for POST '/session/993060230e5493f91d63a91565b86d77/element/dd6b4a7d-ce40-4089-9301-9c92d5940ca0/click'
21:02:38.068 [AsyncHttpClient-1-8] DEBUG org.asynchttpclient.netty.handler.HttpHandler - 

Request DefaultHttpRequest(decodeResult: success, version: HTTP/1.1)
POST /session/993060230e5493f91d63a91565b86d77/element/dd6b4a7d-ce40-4089-9301-9c92d5940ca0/click HTTP/1.1
User-Agent: selenium/4.1.2 (java windows)
Content-Length: 50
Content-Type: application/json; charset=utf-8
host: localhost:60295
accept: */*

Response DefaultHttpResponse(decodeResult: success, version: HTTP/1.1)
HTTP/1.1 200 OK
Content-Type: application/json; charset=utf-8
cache-control: no-cache
content-length: 14

21:02:38.068 [AsyncHttpClient-1-8] DEBUG org.asynchttpclient.netty.channel.ChannelManager - Adding key: http://localhost:60295 for channel [id: 0x9bab48d6, L:/127.0.0.1:53032 - R:localhost/127.0.0.1:60295]
21:02:38.076 [Forwarding screenshot on session 993060230e5493f91d63a91565b86d77 to remote] DEBUG org.asynchttpclient.netty.request.NettyRequestSender - Using pooled Channel '[id: 0x9bab48d6, L:/127.0.0.1:53032 - R:localhost/127.0.0.1:60295]' for 'GET' to 'http://localhost:60295/session/993060230e5493f91d63a91565b86d77/screenshot'
21:02:38.076 [Forwarding screenshot on session 993060230e5493f91d63a91565b86d77 to remote] DEBUG org.asynchttpclient.netty.request.NettyRequestSender - Using open Channel [id: 0x9bab48d6, L:/127.0.0.1:53032 - R:localhost/127.0.0.1:60295] for GET '/session/993060230e5493f91d63a91565b86d77/screenshot'
21:02:38.304 [AsyncHttpClient-1-8] DEBUG org.asynchttpclient.netty.handler.HttpHandler - 

Request DefaultFullHttpRequest(decodeResult: success, version: HTTP/1.1, content: EmptyByteBufBE)
GET /session/993060230e5493f91d63a91565b86d77/screenshot HTTP/1.1
User-Agent: selenium/4.1.2 (java windows)
Cache-Control: no-cache
Content-Type: application/json; charset=utf-8
host: localhost:60295
accept: */*

Response DefaultHttpResponse(decodeResult: success, version: HTTP/1.1)
HTTP/1.1 200 OK
Content-Type: application/json; charset=utf-8
cache-control: no-cache
content-length: 102460

21:02:38.305 [AsyncHttpClient-1-8] DEBUG org.asynchttpclient.netty.channel.ChannelManager - Adding key: http://localhost:60295 for channel [id: 0x9bab48d6, L:/127.0.0.1:53032 - R:localhost/127.0.0.1:60295]
21:02:38.310 [main] DEBUG net.serenitybdd.core.photography.Darkroom - Send negative for processing for target\site\serenity\67aea7f2721a4679f32267b3b359d2d38c60fb2b20559fbf409e08fe803e2e0c.png
21:02:38.310 [main] DEBUG net.thucydides.core.steps.StepInterceptor - STEP DONE: clickItems3
21:02:38.311 [Darkroom Processing Line] DEBUG net.serenitybdd.core.photography.DarkroomProcessingLine - Processing screenshot image in /var/screenshots/screenshot-1821968961943841158
21:02:38.311 [Darkroom Processing Line] DEBUG net.serenitybdd.core.photography.DarkroomProcessingLine - Saving screenshot to target\site\serenity\67aea7f2721a4679f32267b3b359d2d38c60fb2b20559fbf409e08fe803e2e0c.png
21:02:38.316 [main] DEBUG net.thucydides.core.steps.StepInterceptor - STARTING STEP: TransactionSteps.userClickItems - clickItems3
21:02:38.319 [Forwarding findElement on session 993060230e5493f91d63a91565b86d77 to remote] DEBUG org.asynchttpclient.netty.request.NettyRequestSender - Using pooled Channel '[id: 0x9bab48d6, L:/127.0.0.1:53032 - R:localhost/127.0.0.1:60295]' for 'POST' to 'http://localhost:60295/session/993060230e5493f91d63a91565b86d77/element'
21:02:38.319 [Forwarding findElement on session 993060230e5493f91d63a91565b86d77 to remote] DEBUG org.asynchttpclient.netty.request.NettyRequestSender - Using open Channel [id: 0x9bab48d6, L:/127.0.0.1:53032 - R:localhost/127.0.0.1:60295] for POST '/session/993060230e5493f91d63a91565b86d77/element'
21:02:38.332 [AsyncHttpClient-1-8] DEBUG org.asynchttpclient.netty.handler.HttpHandler - 

Request DefaultHttpRequest(decodeResult: success, version: HTTP/1.1)
POST /session/993060230e5493f91d63a91565b86d77/element HTTP/1.1
User-Agent: selenium/4.1.2 (java windows)
Content-Length: 150
Content-Type: application/json; charset=utf-8
host: localhost:60295
accept: */*

Response DefaultHttpResponse(decodeResult: success, version: HTTP/1.1)
HTTP/1.1 200 OK
Content-Type: application/json; charset=utf-8
cache-control: no-cache
content-length: 88

21:02:38.333 [AsyncHttpClient-1-8] DEBUG org.asynchttpclient.netty.channel.ChannelManager - Adding key: http://localhost:60295 for channel [id: 0x9bab48d6, L:/127.0.0.1:53032 - R:localhost/127.0.0.1:60295]
21:02:38.334 [Forwarding getElementTagName on session 993060230e5493f91d63a91565b86d77 to remote] DEBUG org.asynchttpclient.netty.request.NettyRequestSender - Using pooled Channel '[id: 0x9bab48d6, L:/127.0.0.1:53032 - R:localhost/127.0.0.1:60295]' for 'GET' to 'http://localhost:60295/session/993060230e5493f91d63a91565b86d77/element/dd6b4a7d-ce40-4089-9301-9c92d5940ca0/name'
21:02:38.334 [Forwarding getElementTagName on session 993060230e5493f91d63a91565b86d77 to remote] DEBUG org.asynchttpclient.netty.request.NettyRequestSender - Using open Channel [id: 0x9bab48d6, L:/127.0.0.1:53032 - R:localhost/127.0.0.1:60295] for GET '/session/993060230e5493f91d63a91565b86d77/element/dd6b4a7d-ce40-4089-9301-9c92d5940ca0/name'
21:02:38.337 [AsyncHttpClient-1-8] DEBUG org.asynchttpclient.netty.handler.HttpHandler - 

Request DefaultFullHttpRequest(decodeResult: success, version: HTTP/1.1, content: EmptyByteBufBE)
GET /session/993060230e5493f91d63a91565b86d77/element/dd6b4a7d-ce40-4089-9301-9c92d5940ca0/name HTTP/1.1
User-Agent: selenium/4.1.2 (java windows)
Cache-Control: no-cache
Content-Type: application/json; charset=utf-8
host: localhost:60295
accept: */*

Response DefaultHttpResponse(decodeResult: success, version: HTTP/1.1)
HTTP/1.1 200 OK
Content-Type: application/json; charset=utf-8
cache-control: no-cache
content-length: 18

21:02:38.338 [AsyncHttpClient-1-8] DEBUG org.asynchttpclient.netty.channel.ChannelManager - Adding key: http://localhost:60295 for channel [id: 0x9bab48d6, L:/127.0.0.1:53032 - R:localhost/127.0.0.1:60295]
21:02:38.339 [Forwarding getElementTagName on session 993060230e5493f91d63a91565b86d77 to remote] DEBUG org.asynchttpclient.netty.request.NettyRequestSender - Using pooled Channel '[id: 0x9bab48d6, L:/127.0.0.1:53032 - R:localhost/127.0.0.1:60295]' for 'GET' to 'http://localhost:60295/session/993060230e5493f91d63a91565b86d77/element/dd6b4a7d-ce40-4089-9301-9c92d5940ca0/name'
21:02:38.339 [Forwarding getElementTagName on session 993060230e5493f91d63a91565b86d77 to remote] DEBUG org.asynchttpclient.netty.request.NettyRequestSender - Using open Channel [id: 0x9bab48d6, L:/127.0.0.1:53032 - R:localhost/127.0.0.1:60295] for GET '/session/993060230e5493f91d63a91565b86d77/element/dd6b4a7d-ce40-4089-9301-9c92d5940ca0/name'
21:02:38.342 [AsyncHttpClient-1-8] DEBUG org.asynchttpclient.netty.handler.HttpHandler - 

Request DefaultFullHttpRequest(decodeResult: success, version: HTTP/1.1, content: EmptyByteBufBE)
GET /session/993060230e5493f91d63a91565b86d77/element/dd6b4a7d-ce40-4089-9301-9c92d5940ca0/name HTTP/1.1
User-Agent: selenium/4.1.2 (java windows)
Cache-Control: no-cache
Content-Type: application/json; charset=utf-8
host: localhost:60295
accept: */*

Response DefaultHttpResponse(decodeResult: success, version: HTTP/1.1)
HTTP/1.1 200 OK
Content-Type: application/json; charset=utf-8
cache-control: no-cache
content-length: 18

21:02:38.342 [AsyncHttpClient-1-8] DEBUG org.asynchttpclient.netty.channel.ChannelManager - Adding key: http://localhost:60295 for channel [id: 0x9bab48d6, L:/127.0.0.1:53032 - R:localhost/127.0.0.1:60295]
21:02:38.345 [Forwarding isElementEnabled on session 993060230e5493f91d63a91565b86d77 to remote] DEBUG org.asynchttpclient.netty.request.NettyRequestSender - Using pooled Channel '[id: 0x9bab48d6, L:/127.0.0.1:53032 - R:localhost/127.0.0.1:60295]' for 'GET' to 'http://localhost:60295/session/993060230e5493f91d63a91565b86d77/element/dd6b4a7d-ce40-4089-9301-9c92d5940ca0/enabled'
21:02:38.345 [Forwarding isElementEnabled on session 993060230e5493f91d63a91565b86d77 to remote] DEBUG org.asynchttpclient.netty.request.NettyRequestSender - Using open Channel [id: 0x9bab48d6, L:/127.0.0.1:53032 - R:localhost/127.0.0.1:60295] for GET '/session/993060230e5493f91d63a91565b86d77/element/dd6b4a7d-ce40-4089-9301-9c92d5940ca0/enabled'
21:02:38.352 [AsyncHttpClient-1-8] DEBUG org.asynchttpclient.netty.handler.HttpHandler - 

Request DefaultFullHttpRequest(decodeResult: success, version: HTTP/1.1, content: EmptyByteBufBE)
GET /session/993060230e5493f91d63a91565b86d77/element/dd6b4a7d-ce40-4089-9301-9c92d5940ca0/enabled HTTP/1.1
User-Agent: selenium/4.1.2 (java windows)
Cache-Control: no-cache
Content-Type: application/json; charset=utf-8
host: localhost:60295
accept: */*

Response DefaultHttpResponse(decodeResult: success, version: HTTP/1.1)
HTTP/1.1 200 OK
Content-Type: application/json; charset=utf-8
cache-control: no-cache
content-length: 14

21:02:38.352 [AsyncHttpClient-1-8] DEBUG org.asynchttpclient.netty.channel.ChannelManager - Adding key: http://localhost:60295 for channel [id: 0x9bab48d6, L:/127.0.0.1:53032 - R:localhost/127.0.0.1:60295]
21:02:38.353 [Forwarding isElementEnabled on session 993060230e5493f91d63a91565b86d77 to remote] DEBUG org.asynchttpclient.netty.request.NettyRequestSender - Using pooled Channel '[id: 0x9bab48d6, L:/127.0.0.1:53032 - R:localhost/127.0.0.1:60295]' for 'GET' to 'http://localhost:60295/session/993060230e5493f91d63a91565b86d77/element/dd6b4a7d-ce40-4089-9301-9c92d5940ca0/enabled'
21:02:38.353 [Forwarding isElementEnabled on session 993060230e5493f91d63a91565b86d77 to remote] DEBUG org.asynchttpclient.netty.request.NettyRequestSender - Using open Channel [id: 0x9bab48d6, L:/127.0.0.1:53032 - R:localhost/127.0.0.1:60295] for GET '/session/993060230e5493f91d63a91565b86d77/element/dd6b4a7d-ce40-4089-9301-9c92d5940ca0/enabled'
21:02:38.359 [AsyncHttpClient-1-8] DEBUG org.asynchttpclient.netty.handler.HttpHandler - 

Request DefaultFullHttpRequest(decodeResult: success, version: HTTP/1.1, content: EmptyByteBufBE)
GET /session/993060230e5493f91d63a91565b86d77/element/dd6b4a7d-ce40-4089-9301-9c92d5940ca0/enabled HTTP/1.1
User-Agent: selenium/4.1.2 (java windows)
Cache-Control: no-cache
Content-Type: application/json; charset=utf-8
host: localhost:60295
accept: */*

Response DefaultHttpResponse(decodeResult: success, version: HTTP/1.1)
HTTP/1.1 200 OK
Content-Type: application/json; charset=utf-8
cache-control: no-cache
content-length: 14

21:02:38.360 [AsyncHttpClient-1-8] DEBUG org.asynchttpclient.netty.channel.ChannelManager - Adding key: http://localhost:60295 for channel [id: 0x9bab48d6, L:/127.0.0.1:53032 - R:localhost/127.0.0.1:60295]
21:02:38.361 [Forwarding findElement on session 993060230e5493f91d63a91565b86d77 to remote] DEBUG org.asynchttpclient.netty.request.NettyRequestSender - Using pooled Channel '[id: 0x9bab48d6, L:/127.0.0.1:53032 - R:localhost/127.0.0.1:60295]' for 'POST' to 'http://localhost:60295/session/993060230e5493f91d63a91565b86d77/element'
21:02:38.361 [Forwarding findElement on session 993060230e5493f91d63a91565b86d77 to remote] DEBUG org.asynchttpclient.netty.request.NettyRequestSender - Using open Channel [id: 0x9bab48d6, L:/127.0.0.1:53032 - R:localhost/127.0.0.1:60295] for POST '/session/993060230e5493f91d63a91565b86d77/element'
21:02:38.374 [AsyncHttpClient-1-8] DEBUG org.asynchttpclient.netty.handler.HttpHandler - 

Request DefaultHttpRequest(decodeResult: success, version: HTTP/1.1)
POST /session/993060230e5493f91d63a91565b86d77/element HTTP/1.1
User-Agent: selenium/4.1.2 (java windows)
Content-Length: 150
Content-Type: application/json; charset=utf-8
host: localhost:60295
accept: */*

Response DefaultHttpResponse(decodeResult: success, version: HTTP/1.1)
HTTP/1.1 200 OK
Content-Type: application/json; charset=utf-8
cache-control: no-cache
content-length: 88

21:02:38.374 [AsyncHttpClient-1-8] DEBUG org.asynchttpclient.netty.channel.ChannelManager - Adding key: http://localhost:60295 for channel [id: 0x9bab48d6, L:/127.0.0.1:53032 - R:localhost/127.0.0.1:60295]
21:02:38.375 [Forwarding clickElement on session 993060230e5493f91d63a91565b86d77 to remote] DEBUG org.asynchttpclient.netty.request.NettyRequestSender - Using pooled Channel '[id: 0x9bab48d6, L:/127.0.0.1:53032 - R:localhost/127.0.0.1:60295]' for 'POST' to 'http://localhost:60295/session/993060230e5493f91d63a91565b86d77/element/dd6b4a7d-ce40-4089-9301-9c92d5940ca0/click'
21:02:38.375 [Forwarding clickElement on session 993060230e5493f91d63a91565b86d77 to remote] DEBUG org.asynchttpclient.netty.request.NettyRequestSender - Using open Channel [id: 0x9bab48d6, L:/127.0.0.1:53032 - R:localhost/127.0.0.1:60295] for POST '/session/993060230e5493f91d63a91565b86d77/element/dd6b4a7d-ce40-4089-9301-9c92d5940ca0/click'
21:02:38.460 [AsyncHttpClient-1-8] DEBUG org.asynchttpclient.netty.handler.HttpHandler - 

Request DefaultHttpRequest(decodeResult: success, version: HTTP/1.1)
POST /session/993060230e5493f91d63a91565b86d77/element/dd6b4a7d-ce40-4089-9301-9c92d5940ca0/click HTTP/1.1
User-Agent: selenium/4.1.2 (java windows)
Content-Length: 50
Content-Type: application/json; charset=utf-8
host: localhost:60295
accept: */*

Response DefaultHttpResponse(decodeResult: success, version: HTTP/1.1)
HTTP/1.1 200 OK
Content-Type: application/json; charset=utf-8
cache-control: no-cache
content-length: 14

21:02:38.460 [AsyncHttpClient-1-8] DEBUG org.asynchttpclient.netty.channel.ChannelManager - Adding key: http://localhost:60295 for channel [id: 0x9bab48d6, L:/127.0.0.1:53032 - R:localhost/127.0.0.1:60295]
21:02:38.467 [Forwarding screenshot on session 993060230e5493f91d63a91565b86d77 to remote] DEBUG org.asynchttpclient.netty.request.NettyRequestSender - Using pooled Channel '[id: 0x9bab48d6, L:/127.0.0.1:53032 - R:localhost/127.0.0.1:60295]' for 'GET' to 'http://localhost:60295/session/993060230e5493f91d63a91565b86d77/screenshot'
21:02:38.467 [Forwarding screenshot on session 993060230e5493f91d63a91565b86d77 to remote] DEBUG org.asynchttpclient.netty.request.NettyRequestSender - Using open Channel [id: 0x9bab48d6, L:/127.0.0.1:53032 - R:localhost/127.0.0.1:60295] for GET '/session/993060230e5493f91d63a91565b86d77/screenshot'
21:02:38.725 [AsyncHttpClient-1-8] DEBUG org.asynchttpclient.netty.handler.HttpHandler - 

Request DefaultFullHttpRequest(decodeResult: success, version: HTTP/1.1, content: EmptyByteBufBE)
GET /session/993060230e5493f91d63a91565b86d77/screenshot HTTP/1.1
User-Agent: selenium/4.1.2 (java windows)
Cache-Control: no-cache
Content-Type: application/json; charset=utf-8
host: localhost:60295
accept: */*

Response DefaultHttpResponse(decodeResult: success, version: HTTP/1.1)
HTTP/1.1 200 OK
Content-Type: application/json; charset=utf-8
cache-control: no-cache
content-length: 102024

21:02:38.726 [AsyncHttpClient-1-8] DEBUG org.asynchttpclient.netty.channel.ChannelManager - Adding key: http://localhost:60295 for channel [id: 0x9bab48d6, L:/127.0.0.1:53032 - R:localhost/127.0.0.1:60295]
21:02:38.732 [main] DEBUG net.serenitybdd.core.photography.Darkroom - Send negative for processing for target\site\serenity\10f843560805f5b90c5f07d4ff91e748a9d6338b43d1040e3a2b4a201bb4b954.png
21:02:38.732 [main] DEBUG net.thucydides.core.steps.StepInterceptor - STEP DONE: clickItems3
  &amp#27;[32mWhen &amp#27;[0m&amp#27;[32muser click items&amp#27;[0m                                       &amp#27;[90m# starter.stepdefenitions.TransactionSteps.userClickItems()&amp#27;[0m
21:02:38.732 [Darkroom Processing Line] DEBUG net.serenitybdd.core.photography.DarkroomProcessingLine - Processing screenshot image in /var/screenshots/screenshot-8652316434821219452
21:02:38.732 [Darkroom Processing Line] DEBUG net.serenitybdd.core.photography.DarkroomProcessingLine - Saving screenshot to target\site\serenity\10f843560805f5b90c5f07d4ff91e748a9d6338b43d1040e3a2b4a201bb4b954.png
21:02:38.747 [main] DEBUG net.thucydides.core.steps.StepInterceptor - STARTING STEP: TransactionSteps.userClickIconBasket - clickIconBasket
21:02:38.750 [Forwarding findElement on session 993060230e5493f91d63a91565b86d77 to remote] DEBUG org.asynchttpclient.netty.request.NettyRequestSender - Using pooled Channel '[id: 0x9bab48d6, L:/127.0.0.1:53032 - R:localhost/127.0.0.1:60295]' for 'POST' to 'http://localhost:60295/session/993060230e5493f91d63a91565b86d77/element'
21:02:38.750 [Forwarding findElement on session 993060230e5493f91d63a91565b86d77 to remote] DEBUG org.asynchttpclient.netty.request.NettyRequestSender - Using open Channel [id: 0x9bab48d6, L:/127.0.0.1:53032 - R:localhost/127.0.0.1:60295] for POST '/session/993060230e5493f91d63a91565b86d77/element'
21:02:38.767 [AsyncHttpClient-1-8] DEBUG org.asynchttpclient.netty.handler.HttpHandler - 

Request DefaultHttpRequest(decodeResult: success, version: HTTP/1.1)
POST /session/993060230e5493f91d63a91565b86d77/element HTTP/1.1
User-Agent: selenium/4.1.2 (java windows)
Content-Length: 129
Content-Type: application/json; charset=utf-8
host: localhost:60295
accept: */*

Response DefaultHttpResponse(decodeResult: success, version: HTTP/1.1)
HTTP/1.1 200 OK
Content-Type: application/json; charset=utf-8
cache-control: no-cache
content-length: 88

21:02:38.767 [AsyncHttpClient-1-8] DEBUG org.asynchttpclient.netty.channel.ChannelManager - Adding key: http://localhost:60295 for channel [id: 0x9bab48d6, L:/127.0.0.1:53032 - R:localhost/127.0.0.1:60295]
21:02:38.769 [Forwarding getElementTagName on session 993060230e5493f91d63a91565b86d77 to remote] DEBUG org.asynchttpclient.netty.request.NettyRequestSender - Using pooled Channel '[id: 0x9bab48d6, L:/127.0.0.1:53032 - R:localhost/127.0.0.1:60295]' for 'GET' to 'http://localhost:60295/session/993060230e5493f91d63a91565b86d77/element/446d6f5a-8a4c-4a19-b97e-cc17bc19d2d3/name'
21:02:38.769 [Forwarding getElementTagName on session 993060230e5493f91d63a91565b86d77 to remote] DEBUG org.asynchttpclient.netty.request.NettyRequestSender - Using open Channel [id: 0x9bab48d6, L:/127.0.0.1:53032 - R:localhost/127.0.0.1:60295] for GET '/session/993060230e5493f91d63a91565b86d77/element/446d6f5a-8a4c-4a19-b97e-cc17bc19d2d3/name'
21:02:38.774 [AsyncHttpClient-1-8] DEBUG org.asynchttpclient.netty.handler.HttpHandler - 

Request DefaultFullHttpRequest(decodeResult: success, version: HTTP/1.1, content: EmptyByteBufBE)
GET /session/993060230e5493f91d63a91565b86d77/element/446d6f5a-8a4c-4a19-b97e-cc17bc19d2d3/name HTTP/1.1
User-Agent: selenium/4.1.2 (java windows)
Cache-Control: no-cache
Content-Type: application/json; charset=utf-8
host: localhost:60295
accept: */*

Response DefaultHttpResponse(decodeResult: success, version: HTTP/1.1)
HTTP/1.1 200 OK
Content-Type: application/json; charset=utf-8
cache-control: no-cache
content-length: 18

21:02:38.774 [AsyncHttpClient-1-8] DEBUG org.asynchttpclient.netty.channel.ChannelManager - Adding key: http://localhost:60295 for channel [id: 0x9bab48d6, L:/127.0.0.1:53032 - R:localhost/127.0.0.1:60295]
21:02:38.775 [Forwarding getElementTagName on session 993060230e5493f91d63a91565b86d77 to remote] DEBUG org.asynchttpclient.netty.request.NettyRequestSender - Using pooled Channel '[id: 0x9bab48d6, L:/127.0.0.1:53032 - R:localhost/127.0.0.1:60295]' for 'GET' to 'http://localhost:60295/session/993060230e5493f91d63a91565b86d77/element/446d6f5a-8a4c-4a19-b97e-cc17bc19d2d3/name'
21:02:38.775 [Forwarding getElementTagName on session 993060230e5493f91d63a91565b86d77 to remote] DEBUG org.asynchttpclient.netty.request.NettyRequestSender - Using open Channel [id: 0x9bab48d6, L:/127.0.0.1:53032 - R:localhost/127.0.0.1:60295] for GET '/session/993060230e5493f91d63a91565b86d77/element/446d6f5a-8a4c-4a19-b97e-cc17bc19d2d3/name'
21:02:38.780 [AsyncHttpClient-1-8] DEBUG org.asynchttpclient.netty.handler.HttpHandler - 

Request DefaultFullHttpRequest(decodeResult: success, version: HTTP/1.1, content: EmptyByteBufBE)
GET /session/993060230e5493f91d63a91565b86d77/element/446d6f5a-8a4c-4a19-b97e-cc17bc19d2d3/name HTTP/1.1
User-Agent: selenium/4.1.2 (java windows)
Cache-Control: no-cache
Content-Type: application/json; charset=utf-8
host: localhost:60295
accept: */*

Response DefaultHttpResponse(decodeResult: success, version: HTTP/1.1)
HTTP/1.1 200 OK
Content-Type: application/json; charset=utf-8
cache-control: no-cache
content-length: 18

21:02:38.780 [AsyncHttpClient-1-8] DEBUG org.asynchttpclient.netty.channel.ChannelManager - Adding key: http://localhost:60295 for channel [id: 0x9bab48d6, L:/127.0.0.1:53032 - R:localhost/127.0.0.1:60295]
21:02:38.782 [Forwarding isElementEnabled on session 993060230e5493f91d63a91565b86d77 to remote] DEBUG org.asynchttpclient.netty.request.NettyRequestSender - Using pooled Channel '[id: 0x9bab48d6, L:/127.0.0.1:53032 - R:localhost/127.0.0.1:60295]' for 'GET' to 'http://localhost:60295/session/993060230e5493f91d63a91565b86d77/element/446d6f5a-8a4c-4a19-b97e-cc17bc19d2d3/enabled'
21:02:38.782 [Forwarding isElementEnabled on session 993060230e5493f91d63a91565b86d77 to remote] DEBUG org.asynchttpclient.netty.request.NettyRequestSender - Using open Channel [id: 0x9bab48d6, L:/127.0.0.1:53032 - R:localhost/127.0.0.1:60295] for GET '/session/993060230e5493f91d63a91565b86d77/element/446d6f5a-8a4c-4a19-b97e-cc17bc19d2d3/enabled'
21:02:38.792 [AsyncHttpClient-1-8] DEBUG org.asynchttpclient.netty.handler.HttpHandler - 

Request DefaultFullHttpRequest(decodeResult: success, version: HTTP/1.1, content: EmptyByteBufBE)
GET /session/993060230e5493f91d63a91565b86d77/element/446d6f5a-8a4c-4a19-b97e-cc17bc19d2d3/enabled HTTP/1.1
User-Agent: selenium/4.1.2 (java windows)
Cache-Control: no-cache
Content-Type: application/json; charset=utf-8
host: localhost:60295
accept: */*

Response DefaultHttpResponse(decodeResult: success, version: HTTP/1.1)
HTTP/1.1 200 OK
Content-Type: application/json; charset=utf-8
cache-control: no-cache
content-length: 14

21:02:38.792 [AsyncHttpClient-1-8] DEBUG org.asynchttpclient.netty.channel.ChannelManager - Adding key: http://localhost:60295 for channel [id: 0x9bab48d6, L:/127.0.0.1:53032 - R:localhost/127.0.0.1:60295]
21:02:38.793 [Forwarding isElementEnabled on session 993060230e5493f91d63a91565b86d77 to remote] DEBUG org.asynchttpclient.netty.request.NettyRequestSender - Using pooled Channel '[id: 0x9bab48d6, L:/127.0.0.1:53032 - R:localhost/127.0.0.1:60295]' for 'GET' to 'http://localhost:60295/session/993060230e5493f91d63a91565b86d77/element/446d6f5a-8a4c-4a19-b97e-cc17bc19d2d3/enabled'
21:02:38.793 [Forwarding isElementEnabled on session 993060230e5493f91d63a91565b86d77 to remote] DEBUG org.asynchttpclient.netty.request.NettyRequestSender - Using open Channel [id: 0x9bab48d6, L:/127.0.0.1:53032 - R:localhost/127.0.0.1:60295] for GET '/session/993060230e5493f91d63a91565b86d77/element/446d6f5a-8a4c-4a19-b97e-cc17bc19d2d3/enabled'
21:02:38.799 [AsyncHttpClient-1-8] DEBUG org.asynchttpclient.netty.handler.HttpHandler - 

Request DefaultFullHttpRequest(decodeResult: success, version: HTTP/1.1, content: EmptyByteBufBE)
GET /session/993060230e5493f91d63a91565b86d77/element/446d6f5a-8a4c-4a19-b97e-cc17bc19d2d3/enabled HTTP/1.1
User-Agent: selenium/4.1.2 (java windows)
Cache-Control: no-cache
Content-Type: application/json; charset=utf-8
host: localhost:60295
accept: */*

Response DefaultHttpResponse(decodeResult: success, version: HTTP/1.1)
HTTP/1.1 200 OK
Content-Type: application/json; charset=utf-8
cache-control: no-cache
content-length: 14

21:02:38.799 [AsyncHttpClient-1-8] DEBUG org.asynchttpclient.netty.channel.ChannelManager - Adding key: http://localhost:60295 for channel [id: 0x9bab48d6, L:/127.0.0.1:53032 - R:localhost/127.0.0.1:60295]
21:02:38.800 [Forwarding findElement on session 993060230e5493f91d63a91565b86d77 to remote] DEBUG org.asynchttpclient.netty.request.NettyRequestSender - Using pooled Channel '[id: 0x9bab48d6, L:/127.0.0.1:53032 - R:localhost/127.0.0.1:60295]' for 'POST' to 'http://localhost:60295/session/993060230e5493f91d63a91565b86d77/element'
21:02:38.800 [Forwarding findElement on session 993060230e5493f91d63a91565b86d77 to remote] DEBUG org.asynchttpclient.netty.request.NettyRequestSender - Using open Channel [id: 0x9bab48d6, L:/127.0.0.1:53032 - R:localhost/127.0.0.1:60295] for POST '/session/993060230e5493f91d63a91565b86d77/element'
21:02:38.813 [AsyncHttpClient-1-8] DEBUG org.asynchttpclient.netty.handler.HttpHandler - 

Request DefaultHttpRequest(decodeResult: success, version: HTTP/1.1)
POST /session/993060230e5493f91d63a91565b86d77/element HTTP/1.1
User-Agent: selenium/4.1.2 (java windows)
Content-Length: 129
Content-Type: application/json; charset=utf-8
host: localhost:60295
accept: */*

Response DefaultHttpResponse(decodeResult: success, version: HTTP/1.1)
HTTP/1.1 200 OK
Content-Type: application/json; charset=utf-8
cache-control: no-cache
content-length: 88

21:02:38.813 [AsyncHttpClient-1-8] DEBUG org.asynchttpclient.netty.channel.ChannelManager - Adding key: http://localhost:60295 for channel [id: 0x9bab48d6, L:/127.0.0.1:53032 - R:localhost/127.0.0.1:60295]
21:02:38.814 [Forwarding clickElement on session 993060230e5493f91d63a91565b86d77 to remote] DEBUG org.asynchttpclient.netty.request.NettyRequestSender - Using pooled Channel '[id: 0x9bab48d6, L:/127.0.0.1:53032 - R:localhost/127.0.0.1:60295]' for 'POST' to 'http://localhost:60295/session/993060230e5493f91d63a91565b86d77/element/446d6f5a-8a4c-4a19-b97e-cc17bc19d2d3/click'
21:02:38.814 [Forwarding clickElement on session 993060230e5493f91d63a91565b86d77 to remote] DEBUG org.asynchttpclient.netty.request.NettyRequestSender - Using open Channel [id: 0x9bab48d6, L:/127.0.0.1:53032 - R:localhost/127.0.0.1:60295] for POST '/session/993060230e5493f91d63a91565b86d77/element/446d6f5a-8a4c-4a19-b97e-cc17bc19d2d3/click'
21:02:38.862 [AsyncHttpClient-1-8] DEBUG org.asynchttpclient.netty.handler.HttpHandler - 

Request DefaultHttpRequest(decodeResult: success, version: HTTP/1.1)
POST /session/993060230e5493f91d63a91565b86d77/element/446d6f5a-8a4c-4a19-b97e-cc17bc19d2d3/click HTTP/1.1
User-Agent: selenium/4.1.2 (java windows)
Content-Length: 50
Content-Type: application/json; charset=utf-8
host: localhost:60295
accept: */*

Response DefaultHttpResponse(decodeResult: success, version: HTTP/1.1)
HTTP/1.1 200 OK
Content-Type: application/json; charset=utf-8
cache-control: no-cache
content-length: 14

21:02:38.862 [AsyncHttpClient-1-8] DEBUG org.asynchttpclient.netty.channel.ChannelManager - Adding key: http://localhost:60295 for channel [id: 0x9bab48d6, L:/127.0.0.1:53032 - R:localhost/127.0.0.1:60295]
21:02:38.871 [Forwarding screenshot on session 993060230e5493f91d63a91565b86d77 to remote] DEBUG org.asynchttpclient.netty.request.NettyRequestSender - Using pooled Channel '[id: 0x9bab48d6, L:/127.0.0.1:53032 - R:localhost/127.0.0.1:60295]' for 'GET' to 'http://localhost:60295/session/993060230e5493f91d63a91565b86d77/screenshot'
21:02:38.871 [Forwarding screenshot on session 993060230e5493f91d63a91565b86d77 to remote] DEBUG org.asynchttpclient.netty.request.NettyRequestSender - Using open Channel [id: 0x9bab48d6, L:/127.0.0.1:53032 - R:localhost/127.0.0.1:60295] for GET '/session/993060230e5493f91d63a91565b86d77/screenshot'
21:02:38.898 [AsyncHttpClient-1-1] DEBUG org.asynchttpclient.netty.channel.DefaultChannelPool - Entry count for : http://localhost:53033 : 1
21:02:39.390 [AsyncHttpClient-1-8] DEBUG org.asynchttpclient.netty.handler.HttpHandler - 

Request DefaultFullHttpRequest(decodeResult: success, version: HTTP/1.1, content: EmptyByteBufBE)
GET /session/993060230e5493f91d63a91565b86d77/screenshot HTTP/1.1
User-Agent: selenium/4.1.2 (java windows)
Cache-Control: no-cache
Content-Type: application/json; charset=utf-8
host: localhost:60295
accept: */*

Response DefaultHttpResponse(decodeResult: success, version: HTTP/1.1)
HTTP/1.1 200 OK
Content-Type: application/json; charset=utf-8
cache-control: no-cache
content-length: 47828

21:02:39.390 [AsyncHttpClient-1-8] DEBUG org.asynchttpclient.netty.channel.ChannelManager - Adding key: http://localhost:60295 for channel [id: 0x9bab48d6, L:/127.0.0.1:53032 - R:localhost/127.0.0.1:60295]
21:02:39.395 [main] DEBUG net.serenitybdd.core.photography.Darkroom - Send negative for processing for target\site\serenity\a0115a4ceceee1304f9649411f64e593b1932162338db702bcffdff90e3b5329.png
21:02:39.395 [main] DEBUG net.thucydides.core.steps.StepInterceptor - STEP DONE: clickIconBasket
  &amp#27;[32mAnd &amp#27;[0m&amp#27;[32muser click icon basket&amp#27;[0m                                  &amp#27;[90m# starter.stepdefenitions.TransactionSteps.userClickIconBasket()&amp#27;[0m
21:02:39.410 [main] DEBUG net.thucydides.core.steps.StepInterceptor - STARTING STEP: TransactionSteps.userClickPayButton - clickPayButton
21:02:39.413 [Forwarding findElement on session 993060230e5493f91d63a91565b86d77 to remote] DEBUG org.asynchttpclient.netty.request.NettyRequestSender - Using pooled Channel '[id: 0x9bab48d6, L:/127.0.0.1:53032 - R:localhost/127.0.0.1:60295]' for 'POST' to 'http://localhost:60295/session/993060230e5493f91d63a91565b86d77/element'
21:02:39.413 [Forwarding findElement on session 993060230e5493f91d63a91565b86d77 to remote] DEBUG org.asynchttpclient.netty.request.NettyRequestSender - Using open Channel [id: 0x9bab48d6, L:/127.0.0.1:53032 - R:localhost/127.0.0.1:60295] for POST '/session/993060230e5493f91d63a91565b86d77/element'
21:02:39.426 [AsyncHttpClient-1-8] DEBUG org.asynchttpclient.netty.handler.HttpHandler - 

Request DefaultHttpRequest(decodeResult: success, version: HTTP/1.1)
POST /session/993060230e5493f91d63a91565b86d77/element HTTP/1.1
User-Agent: selenium/4.1.2 (java windows)
Content-Length: 59
Content-Type: application/json; charset=utf-8
host: localhost:60295
accept: */*

Response DefaultHttpResponse(decodeResult: success, version: HTTP/1.1)
HTTP/1.1 200 OK
Content-Type: application/json; charset=utf-8
cache-control: no-cache
content-length: 88

21:02:39.426 [AsyncHttpClient-1-8] DEBUG org.asynchttpclient.netty.channel.ChannelManager - Adding key: http://localhost:60295 for channel [id: 0x9bab48d6, L:/127.0.0.1:53032 - R:localhost/127.0.0.1:60295]
21:02:39.427 [Forwarding getElementTagName on session 993060230e5493f91d63a91565b86d77 to remote] DEBUG org.asynchttpclient.netty.request.NettyRequestSender - Using pooled Channel '[id: 0x9bab48d6, L:/127.0.0.1:53032 - R:localhost/127.0.0.1:60295]' for 'GET' to 'http://localhost:60295/session/993060230e5493f91d63a91565b86d77/element/c69ed8ec-c172-47e0-ae4f-0b7a110600dd/name'
21:02:39.427 [Forwarding getElementTagName on session 993060230e5493f91d63a91565b86d77 to remote] DEBUG org.asynchttpclient.netty.request.NettyRequestSender - Using open Channel [id: 0x9bab48d6, L:/127.0.0.1:53032 - R:localhost/127.0.0.1:60295] for GET '/session/993060230e5493f91d63a91565b86d77/element/c69ed8ec-c172-47e0-ae4f-0b7a110600dd/name'
21:02:39.431 [AsyncHttpClient-1-8] DEBUG org.asynchttpclient.netty.handler.HttpHandler - 

Request DefaultFullHttpRequest(decodeResult: success, version: HTTP/1.1, content: EmptyByteBufBE)
GET /session/993060230e5493f91d63a91565b86d77/element/c69ed8ec-c172-47e0-ae4f-0b7a110600dd/name HTTP/1.1
User-Agent: selenium/4.1.2 (java windows)
Cache-Control: no-cache
Content-Type: application/json; charset=utf-8
host: localhost:60295
accept: */*

Response DefaultHttpResponse(decodeResult: success, version: HTTP/1.1)
HTTP/1.1 200 OK
Content-Type: application/json; charset=utf-8
cache-control: no-cache
content-length: 18

21:02:39.431 [AsyncHttpClient-1-8] DEBUG org.asynchttpclient.netty.channel.ChannelManager - Adding key: http://localhost:60295 for channel [id: 0x9bab48d6, L:/127.0.0.1:53032 - R:localhost/127.0.0.1:60295]
21:02:39.432 [Forwarding getElementTagName on session 993060230e5493f91d63a91565b86d77 to remote] DEBUG org.asynchttpclient.netty.request.NettyRequestSender - Using pooled Channel '[id: 0x9bab48d6, L:/127.0.0.1:53032 - R:localhost/127.0.0.1:60295]' for 'GET' to 'http://localhost:60295/session/993060230e5493f91d63a91565b86d77/element/c69ed8ec-c172-47e0-ae4f-0b7a110600dd/name'
21:02:39.432 [Forwarding getElementTagName on session 993060230e5493f91d63a91565b86d77 to remote] DEBUG org.asynchttpclient.netty.request.NettyRequestSender - Using open Channel [id: 0x9bab48d6, L:/127.0.0.1:53032 - R:localhost/127.0.0.1:60295] for GET '/session/993060230e5493f91d63a91565b86d77/element/c69ed8ec-c172-47e0-ae4f-0b7a110600dd/name'
21:02:39.435 [AsyncHttpClient-1-8] DEBUG org.asynchttpclient.netty.handler.HttpHandler - 

Request DefaultFullHttpRequest(decodeResult: success, version: HTTP/1.1, content: EmptyByteBufBE)
GET /session/993060230e5493f91d63a91565b86d77/element/c69ed8ec-c172-47e0-ae4f-0b7a110600dd/name HTTP/1.1
User-Agent: selenium/4.1.2 (java windows)
Cache-Control: no-cache
Content-Type: application/json; charset=utf-8
host: localhost:60295
accept: */*

Response DefaultHttpResponse(decodeResult: success, version: HTTP/1.1)
HTTP/1.1 200 OK
Content-Type: application/json; charset=utf-8
cache-control: no-cache
content-length: 18

21:02:39.436 [AsyncHttpClient-1-8] DEBUG org.asynchttpclient.netty.channel.ChannelManager - Adding key: http://localhost:60295 for channel [id: 0x9bab48d6, L:/127.0.0.1:53032 - R:localhost/127.0.0.1:60295]
21:02:39.437 [Forwarding isElementEnabled on session 993060230e5493f91d63a91565b86d77 to remote] DEBUG org.asynchttpclient.netty.request.NettyRequestSender - Using pooled Channel '[id: 0x9bab48d6, L:/127.0.0.1:53032 - R:localhost/127.0.0.1:60295]' for 'GET' to 'http://localhost:60295/session/993060230e5493f91d63a91565b86d77/element/c69ed8ec-c172-47e0-ae4f-0b7a110600dd/enabled'
21:02:39.437 [Forwarding isElementEnabled on session 993060230e5493f91d63a91565b86d77 to remote] DEBUG org.asynchttpclient.netty.request.NettyRequestSender - Using open Channel [id: 0x9bab48d6, L:/127.0.0.1:53032 - R:localhost/127.0.0.1:60295] for GET '/session/993060230e5493f91d63a91565b86d77/element/c69ed8ec-c172-47e0-ae4f-0b7a110600dd/enabled'
21:02:39.446 [AsyncHttpClient-1-8] DEBUG org.asynchttpclient.netty.handler.HttpHandler - 

Request DefaultFullHttpRequest(decodeResult: success, version: HTTP/1.1, content: EmptyByteBufBE)
GET /session/993060230e5493f91d63a91565b86d77/element/c69ed8ec-c172-47e0-ae4f-0b7a110600dd/enabled HTTP/1.1
User-Agent: selenium/4.1.2 (java windows)
Cache-Control: no-cache
Content-Type: application/json; charset=utf-8
host: localhost:60295
accept: */*

Response DefaultHttpResponse(decodeResult: success, version: HTTP/1.1)
HTTP/1.1 200 OK
Content-Type: application/json; charset=utf-8
cache-control: no-cache
content-length: 14

21:02:39.446 [AsyncHttpClient-1-8] DEBUG org.asynchttpclient.netty.channel.ChannelManager - Adding key: http://localhost:60295 for channel [id: 0x9bab48d6, L:/127.0.0.1:53032 - R:localhost/127.0.0.1:60295]
21:02:39.447 [Forwarding isElementEnabled on session 993060230e5493f91d63a91565b86d77 to remote] DEBUG org.asynchttpclient.netty.request.NettyRequestSender - Using pooled Channel '[id: 0x9bab48d6, L:/127.0.0.1:53032 - R:localhost/127.0.0.1:60295]' for 'GET' to 'http://localhost:60295/session/993060230e5493f91d63a91565b86d77/element/c69ed8ec-c172-47e0-ae4f-0b7a110600dd/enabled'
21:02:39.447 [Forwarding isElementEnabled on session 993060230e5493f91d63a91565b86d77 to remote] DEBUG org.asynchttpclient.netty.request.NettyRequestSender - Using open Channel [id: 0x9bab48d6, L:/127.0.0.1:53032 - R:localhost/127.0.0.1:60295] for GET '/session/993060230e5493f91d63a91565b86d77/element/c69ed8ec-c172-47e0-ae4f-0b7a110600dd/enabled'
21:02:39.453 [AsyncHttpClient-1-8] DEBUG org.asynchttpclient.netty.handler.HttpHandler - 

Request DefaultFullHttpRequest(decodeResult: success, version: HTTP/1.1, content: EmptyByteBufBE)
GET /session/993060230e5493f91d63a91565b86d77/element/c69ed8ec-c172-47e0-ae4f-0b7a110600dd/enabled HTTP/1.1
User-Agent: selenium/4.1.2 (java windows)
Cache-Control: no-cache
Content-Type: application/json; charset=utf-8
host: localhost:60295
accept: */*

Response DefaultHttpResponse(decodeResult: success, version: HTTP/1.1)
HTTP/1.1 200 OK
Content-Type: application/json; charset=utf-8
cache-control: no-cache
content-length: 14

21:02:39.453 [AsyncHttpClient-1-8] DEBUG org.asynchttpclient.netty.channel.ChannelManager - Adding key: http://localhost:60295 for channel [id: 0x9bab48d6, L:/127.0.0.1:53032 - R:localhost/127.0.0.1:60295]
21:02:39.455 [Forwarding findElement on session 993060230e5493f91d63a91565b86d77 to remote] DEBUG org.asynchttpclient.netty.request.NettyRequestSender - Using pooled Channel '[id: 0x9bab48d6, L:/127.0.0.1:53032 - R:localhost/127.0.0.1:60295]' for 'POST' to 'http://localhost:60295/session/993060230e5493f91d63a91565b86d77/element'
21:02:39.455 [Forwarding findElement on session 993060230e5493f91d63a91565b86d77 to remote] DEBUG org.asynchttpclient.netty.request.NettyRequestSender - Using open Channel [id: 0x9bab48d6, L:/127.0.0.1:53032 - R:localhost/127.0.0.1:60295] for POST '/session/993060230e5493f91d63a91565b86d77/element'
21:02:39.461 [AsyncHttpClient-1-8] DEBUG org.asynchttpclient.netty.handler.HttpHandler - 

Request DefaultHttpRequest(decodeResult: success, version: HTTP/1.1)
POST /session/993060230e5493f91d63a91565b86d77/element HTTP/1.1
User-Agent: selenium/4.1.2 (java windows)
Content-Length: 59
Content-Type: application/json; charset=utf-8
host: localhost:60295
accept: */*

Response DefaultHttpResponse(decodeResult: success, version: HTTP/1.1)
HTTP/1.1 200 OK
Content-Type: application/json; charset=utf-8
cache-control: no-cache
content-length: 88

21:02:39.462 [AsyncHttpClient-1-8] DEBUG org.asynchttpclient.netty.channel.ChannelManager - Adding key: http://localhost:60295 for channel [id: 0x9bab48d6, L:/127.0.0.1:53032 - R:localhost/127.0.0.1:60295]
21:02:39.463 [Forwarding clickElement on session 993060230e5493f91d63a91565b86d77 to remote] DEBUG org.asynchttpclient.netty.request.NettyRequestSender - Using pooled Channel '[id: 0x9bab48d6, L:/127.0.0.1:53032 - R:localhost/127.0.0.1:60295]' for 'POST' to 'http://localhost:60295/session/993060230e5493f91d63a91565b86d77/element/c69ed8ec-c172-47e0-ae4f-0b7a110600dd/click'
21:02:39.463 [Forwarding clickElement on session 993060230e5493f91d63a91565b86d77 to remote] DEBUG org.asynchttpclient.netty.request.NettyRequestSender - Using open Channel [id: 0x9bab48d6, L:/127.0.0.1:53032 - R:localhost/127.0.0.1:60295] for POST '/session/993060230e5493f91d63a91565b86d77/element/c69ed8ec-c172-47e0-ae4f-0b7a110600dd/click'
21:02:39.507 [AsyncHttpClient-1-8] DEBUG org.asynchttpclient.netty.handler.HttpHandler - 

Request DefaultHttpRequest(decodeResult: success, version: HTTP/1.1)
POST /session/993060230e5493f91d63a91565b86d77/element/c69ed8ec-c172-47e0-ae4f-0b7a110600dd/click HTTP/1.1
User-Agent: selenium/4.1.2 (java windows)
Content-Length: 50
Content-Type: application/json; charset=utf-8
host: localhost:60295
accept: */*

Response DefaultHttpResponse(decodeResult: success, version: HTTP/1.1)
HTTP/1.1 200 OK
Content-Type: application/json; charset=utf-8
cache-control: no-cache
content-length: 14

21:02:39.507 [AsyncHttpClient-1-8] DEBUG org.asynchttpclient.netty.channel.ChannelManager - Adding key: http://localhost:60295 for channel [id: 0x9bab48d6, L:/127.0.0.1:53032 - R:localhost/127.0.0.1:60295]
21:02:39.519 [Forwarding screenshot on session 993060230e5493f91d63a91565b86d77 to remote] DEBUG org.asynchttpclient.netty.request.NettyRequestSender - Using pooled Channel '[id: 0x9bab48d6, L:/127.0.0.1:53032 - R:localhost/127.0.0.1:60295]' for 'GET' to 'http://localhost:60295/session/993060230e5493f91d63a91565b86d77/screenshot'
21:02:39.519 [Forwarding screenshot on session 993060230e5493f91d63a91565b86d77 to remote] DEBUG org.asynchttpclient.netty.request.NettyRequestSender - Using open Channel [id: 0x9bab48d6, L:/127.0.0.1:53032 - R:localhost/127.0.0.1:60295] for GET '/session/993060230e5493f91d63a91565b86d77/screenshot'
21:02:39.795 [AsyncHttpClient-1-8] DEBUG org.asynchttpclient.netty.handler.HttpHandler - 

Request DefaultFullHttpRequest(decodeResult: success, version: HTTP/1.1, content: EmptyByteBufBE)
GET /session/993060230e5493f91d63a91565b86d77/screenshot HTTP/1.1
User-Agent: selenium/4.1.2 (java windows)
Cache-Control: no-cache
Content-Type: application/json; charset=utf-8
host: localhost:60295
accept: */*

Response DefaultHttpResponse(decodeResult: success, version: HTTP/1.1)
HTTP/1.1 200 OK
Content-Type: application/json; charset=utf-8
cache-control: no-cache
content-length: 26648

21:02:39.795 [AsyncHttpClient-1-8] DEBUG org.asynchttpclient.netty.channel.ChannelManager - Adding key: http://localhost:60295 for channel [id: 0x9bab48d6, L:/127.0.0.1:53032 - R:localhost/127.0.0.1:60295]
21:02:39.797 [main] DEBUG net.serenitybdd.core.photography.Darkroom - Send negative for processing for target\site\serenity\d776e0531847b58a1f0a3f1bd3d4c9c7e33aa38a7f8c8bec025de08171ba9014.png
21:02:39.798 [main] DEBUG net.thucydides.core.steps.StepInterceptor - STEP DONE: clickPayButton
  &amp#27;[32mAnd &amp#27;[0m&amp#27;[32muser click pay button&amp#27;[0m                                   &amp#27;[90m# starter.stepdefenitions.TransactionSteps.userClickPayButton()&amp#27;[0m
21:02:39.798 [Darkroom Processing Line] DEBUG net.serenitybdd.core.photography.DarkroomProcessingLine - Processing screenshot image in /var/screenshots/screenshot-1555498304676964104
21:02:39.798 [Darkroom Processing Line] DEBUG net.serenitybdd.core.photography.DarkroomProcessingLine - Saving screenshot to target\site\serenity\d776e0531847b58a1f0a3f1bd3d4c9c7e33aa38a7f8c8bec025de08171ba9014.png
21:02:39.814 [main] DEBUG net.thucydides.core.steps.StepInterceptor - STARTING STEP: TransactionSteps.thenUserIsMovedToTheLoginPage - moveToLoginPage
21:02:39.816 [Forwarding findElement on session 993060230e5493f91d63a91565b86d77 to remote] DEBUG org.asynchttpclient.netty.request.NettyRequestSender - Using pooled Channel '[id: 0x9bab48d6, L:/127.0.0.1:53032 - R:localhost/127.0.0.1:60295]' for 'POST' to 'http://localhost:60295/session/993060230e5493f91d63a91565b86d77/element'
21:02:39.816 [Forwarding findElement on session 993060230e5493f91d63a91565b86d77 to remote] DEBUG org.asynchttpclient.netty.request.NettyRequestSender - Using open Channel [id: 0x9bab48d6, L:/127.0.0.1:53032 - R:localhost/127.0.0.1:60295] for POST '/session/993060230e5493f91d63a91565b86d77/element'
21:02:39.831 [AsyncHttpClient-1-8] DEBUG org.asynchttpclient.netty.handler.HttpHandler - 

Request DefaultHttpRequest(decodeResult: success, version: HTTP/1.1)
POST /session/993060230e5493f91d63a91565b86d77/element HTTP/1.1
User-Agent: selenium/4.1.2 (java windows)
Content-Length: 60
Content-Type: application/json; charset=utf-8
host: localhost:60295
accept: */*

Response DefaultHttpResponse(decodeResult: success, version: HTTP/1.1)
HTTP/1.1 200 OK
Content-Type: application/json; charset=utf-8
cache-control: no-cache
content-length: 88

21:02:39.831 [AsyncHttpClient-1-8] DEBUG org.asynchttpclient.netty.channel.ChannelManager - Adding key: http://localhost:60295 for channel [id: 0x9bab48d6, L:/127.0.0.1:53032 - R:localhost/127.0.0.1:60295]
21:02:39.834 [Forwarding isElementDisplayed on session 993060230e5493f91d63a91565b86d77 to remote] DEBUG org.asynchttpclient.netty.request.NettyRequestSender - Using pooled Channel '[id: 0x9bab48d6, L:/127.0.0.1:53032 - R:localhost/127.0.0.1:60295]' for 'POST' to 'http://localhost:60295/session/993060230e5493f91d63a91565b86d77/execute/sync'
21:02:39.834 [Forwarding isElementDisplayed on session 993060230e5493f91d63a91565b86d77 to remote] DEBUG org.asynchttpclient.netty.request.NettyRequestSender - Using open Channel [id: 0x9bab48d6, L:/127.0.0.1:53032 - R:localhost/127.0.0.1:60295] for POST '/session/993060230e5493f91d63a91565b86d77/execute/sync'
21:02:39.852 [AsyncHttpClient-1-8] DEBUG org.asynchttpclient.netty.handler.HttpHandler - 

Request DefaultHttpRequest(decodeResult: success, version: HTTP/1.1)
POST /session/993060230e5493f91d63a91565b86d77/execute/sync HTTP/1.1
User-Agent: selenium/4.1.2 (java windows)
Content-Length: 48780
Content-Type: application/json; charset=utf-8
host: localhost:60295
accept: */*

Response DefaultHttpResponse(decodeResult: success, version: HTTP/1.1)
HTTP/1.1 200 OK
Content-Type: application/json; charset=utf-8
cache-control: no-cache
content-length: 14

21:02:39.852 [AsyncHttpClient-1-8] DEBUG org.asynchttpclient.netty.channel.ChannelManager - Adding key: http://localhost:60295 for channel [id: 0x9bab48d6, L:/127.0.0.1:53032 - R:localhost/127.0.0.1:60295]
21:02:39.856 [Forwarding screenshot on session 993060230e5493f91d63a91565b86d77 to remote] DEBUG org.asynchttpclient.netty.request.NettyRequestSender - Using pooled Channel '[id: 0x9bab48d6, L:/127.0.0.1:53032 - R:localhost/127.0.0.1:60295]' for 'GET' to 'http://localhost:60295/session/993060230e5493f91d63a91565b86d77/screenshot'
21:02:39.856 [Forwarding screenshot on session 993060230e5493f91d63a91565b86d77 to remote] DEBUG org.asynchttpclient.netty.request.NettyRequestSender - Using open Channel [id: 0x9bab48d6, L:/127.0.0.1:53032 - R:localhost/127.0.0.1:60295] for GET '/session/993060230e5493f91d63a91565b86d77/screenshot'
21:02:39.992 [AsyncHttpClient-1-8] DEBUG org.asynchttpclient.netty.handler.HttpHandler - 

Request DefaultFullHttpRequest(decodeResult: success, version: HTTP/1.1, content: EmptyByteBufBE)
GET /session/993060230e5493f91d63a91565b86d77/screenshot HTTP/1.1
User-Agent: selenium/4.1.2 (java windows)
Cache-Control: no-cache
Content-Type: application/json; charset=utf-8
host: localhost:60295
accept: */*

Response DefaultHttpResponse(decodeResult: success, version: HTTP/1.1)
HTTP/1.1 200 OK
Content-Type: application/json; charset=utf-8
cache-control: no-cache
content-length: 26072

21:02:39.992 [AsyncHttpClient-1-8] DEBUG org.asynchttpclient.netty.channel.ChannelManager - Adding key: http://localhost:60295 for channel [id: 0x9bab48d6, L:/127.0.0.1:53032 - R:localhost/127.0.0.1:60295]
21:02:39.993 [AsyncHttpClient-1-1] DEBUG org.asynchttpclient.netty.channel.DefaultChannelPool - Entry count for : http://localhost:60295 : 1
21:02:39.993 [AsyncHttpClient-1-1] DEBUG org.asynchttpclient.netty.channel.DefaultChannelPool - Entry count for : http://localhost:53033 : 1
21:02:39.994 [main] DEBUG net.serenitybdd.core.photography.Darkroom - Send negative for processing for target\site\serenity\0641a669f2477655d585dd9e02bb3d1dd7842c292ae97a05e9695b02e6bc648f.png
21:02:39.995 [main] DEBUG net.thucydides.core.steps.StepInterceptor - STEP DONE: moveToLoginPage
  &amp#27;[32mThen &amp#27;[0m&amp#27;[32mThen user is moved to the login page&amp#27;[0m                   &amp#27;[90m# starter.stepdefenitions.TransactionSteps.thenUserIsMovedToTheLoginPage()&amp#27;[0m
21:02:39.995 [Darkroom Processing Line] DEBUG net.serenitybdd.core.photography.DarkroomProcessingLine - Processing screenshot image in /var/screenshots/screenshot-5929817411186016188
21:02:39.995 [Darkroom Processing Line] DEBUG net.serenitybdd.core.photography.DarkroomProcessingLine - Saving screenshot to target\site\serenity\0641a669f2477655d585dd9e02bb3d1dd7842c292ae97a05e9695b02e6bc648f.png
21:02:40.000 [main] INFO  - 
  _____   ___   ___   _____     ___     _     ___   ___   ___   ___  
 |_   _| | __| / __| |_   _|   | _ \   /_\   / __| / __| | __| |   \ 
   | |   | _|  \__ \   | |     |  _/  / _ \  \__ \ \__ \ | _|  | |) |
   |_|   |___| |___/   |_|     |_|   /_/ \_\ |___/ |___/ |___| |___/ 

As user i have fail to pay all items with not login
----------------------------------------------------------------------
21:02:40.001 [AsyncHttpClient-1-2] DEBUG org.asynchttpclient.netty.handler.WebSocketHandler - Channel Closed: [id: 0xcdf29632, L:/127.0.0.1:53040 ! R:localhost/127.0.0.1:53033] with attribute NettyResponseFuture{currentRetry=5,
	isDone=1,
	isCancelled=0,
	asyncHandler=org.asynchttpclient.ws.WebSocketUpgradeHandler@29537b78,
	nettyRequest=org.asynchttpclient.netty.request.NettyRequest@1c523d27,
	future=java.util.concurrent.CompletableFuture@2baca7ae[Completed normally],
	uri=ws://localhost:53033/devtools/browser/974ca86f-7369-4be1-b874-d5f3cebedfd1,
	keepAlive=true,
	redirectCount=0,
	timeoutsHolder=null,
	inAuth=0,
	touch=1652450548101}
21:02:40.002 [AsyncHttpClient-1-2] DEBUG org.asynchttpclient.netty.channel.ChannelManager - Closing Channel [id: 0xcdf29632, L:/127.0.0.1:53040 ! R:localhost/127.0.0.1:53033] 
21:02:40.002 [Driver Command Executor] DEBUG org.asynchttpclient.netty.request.NettyRequestSender - Using pooled Channel '[id: 0x9bab48d6, L:/127.0.0.1:53032 - R:localhost/127.0.0.1:60295]' for 'DELETE' to 'http://localhost:60295/session/993060230e5493f91d63a91565b86d77'
21:02:40.002 [Driver Command Executor] DEBUG org.asynchttpclient.netty.request.NettyRequestSender - Using open Channel [id: 0x9bab48d6, L:/127.0.0.1:53032 - R:localhost/127.0.0.1:60295] for DELETE '/session/993060230e5493f91d63a91565b86d77'
21:02:40.068 [AsyncHttpClient-1-9] DEBUG org.asynchttpclient.netty.handler.HttpHandler - Unexpected I/O exception on channel [id: 0xf22293c6, L:/127.0.0.1:53039 - R:localhost/127.0.0.1:53033]
java.io.IOException: An existing connection was forcibly closed by the remote host
	at sun.nio.ch.SocketDispatcher.read0(Native Method)
	at sun.nio.ch.SocketDispatcher.read(SocketDispatcher.java:43)
	at sun.nio.ch.IOUtil.readIntoNativeBuffer(IOUtil.java:223)
	at sun.nio.ch.IOUtil.read(IOUtil.java:192)
	at sun.nio.ch.SocketChannelImpl.read(SocketChannelImpl.java:378)
	at io.netty.buffer.PooledByteBuf.setBytes(PooledByteBuf.java:258)
	at io.netty.buffer.AbstractByteBuf.writeBytes(AbstractByteBuf.java:1132)
	at io.netty.channel.socket.nio.NioSocketChannel.doReadBytes(NioSocketChannel.java:350)
	at io.netty.channel.nio.AbstractNioByteChannel$NioByteUnsafe.read(AbstractNioByteChannel.java:151)
	at io.netty.channel.nio.NioEventLoop.processSelectedKey(NioEventLoop.java:722)
	at io.netty.channel.nio.NioEventLoop.processSelectedKeysOptimized(NioEventLoop.java:658)
	at io.netty.channel.nio.NioEventLoop.processSelectedKeys(NioEventLoop.java:584)
	at io.netty.channel.nio.NioEventLoop.run(NioEventLoop.java:496)
	at io.netty.util.concurrent.SingleThreadEventExecutor$4.run(SingleThreadEventExecutor.java:986)
	at io.netty.util.internal.ThreadExecutorMap$2.run(ThreadExecutorMap.java:74)
	at io.netty.util.concurrent.FastThreadLocalRunnable.run(FastThreadLocalRunnable.java:30)
	at java.lang.Thread.run(Thread.java:750)
21:02:40.068 [AsyncHttpClient-1-9] DEBUG org.asynchttpclient.netty.channel.ChannelManager - Closing Channel [id: 0xf22293c6, L:/127.0.0.1:53039 - R:localhost/127.0.0.1:53033] 
21:02:40.068 [AsyncHttpClient-1-9] DEBUG org.asynchttpclient.netty.handler.HttpHandler - Channel Closed: [id: 0xf22293c6, L:/127.0.0.1:53039 ! R:localhost/127.0.0.1:53033] with attribute DISCARD
21:02:40.107 [AsyncHttpClient-1-8] DEBUG org.asynchttpclient.netty.handler.HttpHandler - 

Request DefaultFullHttpRequest(decodeResult: success, version: HTTP/1.1, content: EmptyByteBufBE)
DELETE /session/993060230e5493f91d63a91565b86d77 HTTP/1.1
User-Agent: selenium/4.1.2 (java windows)
Content-Type: application/json; charset=utf-8
host: localhost:60295
accept: */*

Response DefaultHttpResponse(decodeResult: success, version: HTTP/1.1)
HTTP/1.1 200 OK
Content-Type: application/json; charset=utf-8
cache-control: no-cache
content-length: 14

21:02:40.107 [AsyncHttpClient-1-8] DEBUG org.asynchttpclient.netty.channel.ChannelManager - Adding key: http://localhost:60295 for channel [id: 0x9bab48d6, L:/127.0.0.1:53032 - R:localhost/127.0.0.1:60295]
21:02:40.196 [AsyncHttpClient-1-8] DEBUG org.asynchttpclient.netty.handler.HttpHandler - Channel Closed: [id: 0x9bab48d6, L:/127.0.0.1:53032 ! R:localhost/127.0.0.1:60295] with attribute DISCARD
]]></system-out>
    <system-err><![CDATA[Starting ChromeDriver 100.0.4896.60 (6a5d10861ce8de5fce22564658033b43cb7de047-refs/branch-heads/4896@{#875}) on port 60295
Only local connections are allowed.
Please see https://chromedriver.chromium.org/security-considerations for suggestions on keeping ChromeDriver safe.
ChromeDriver was started successfully.
[1652450548.018][WARNING]: This version of ChromeDriver has not been tested with Chrome version 101.
May 13, 2022 9:02:28 PM org.openqa.selenium.remote.ProtocolHandshake createSession
INFO: Detected dialect: W3C
May 13, 2022 9:02:28 PM org.openqa.selenium.devtools.CdpVersionFinder findNearestMatch
WARNING: Unable to find an exact match for CDP version 101, so returning the closest version found: 97
May 13, 2022 9:02:28 PM org.openqa.selenium.devtools.CdpVersionFinder findNearestMatch
INFO: Found CDP implementation for version 101 of 97
]]></system-err>
  </testcase>
</testsuite>