<?xml version="1.0" encoding="UTF-8"?>
<testsuite xmlns:xsi="http://www.w3.org/2001/XMLSchema-instance" xsi:noNamespaceSchemaLocation="https://maven.apache.org/surefire/maven-failsafe-plugin/xsd/failsafe-test-report-3.0.xsd" version="3.0" name="starter.CucumberTestSuite" time="58.07" tests="4" errors="0" skipped="0" failures="0">
  <properties>
    <property name="sun.desktop" value="windows"/>
    <property name="awt.toolkit" value="sun.awt.windows.WToolkit"/>
    <property name="java.specification.version" value="1.8"/>
    <property name="file.encoding.pkg" value="sun.io"/>
    <property name="webdriver.chrome.driver" value="D:\kampus merdeka\Intelij\miniproject\web\src\test\resources\webdriver\chromedriver.exe"/>
    <property name="sun.cpu.isalist" value="amd64"/>
    <property name="sun.jnu.encoding" value="Cp1252"/>
    <property name="java.class.path" value="D:\kampus merdeka\Intelij\miniproject\web\target\test-classes;D:\kampus merdeka\Intelij\miniproject\web\target\web-1.0-SNAPSHOT.jar;C:\Users\Admin\.m2\repository\net\serenity-bdd\serenity-core\3.2.1\serenity-core-3.2.1.jar;C:\Users\Admin\.m2\repository\net\serenity-bdd\serenity-model\3.2.1\serenity-model-3.2.1.jar;C:\Users\Admin\.m2\repository\org\apache\commons\commons-text\1.9\commons-text-1.9.jar;C:\Users\Admin\.m2\repository\commons-net\commons-net\3.8.0\commons-net-3.8.0.jar;C:\Users\Admin\.m2\repository\com\google\guava\guava\31.1-jre\guava-31.1-jre.jar;C:\Users\Admin\.m2\repository\com\google\guava\failureaccess\1.0.1\failureaccess-1.0.1.jar;C:\Users\Admin\.m2\repository\com\google\guava\listenablefuture\9999.0-empty-to-avoid-conflict-with-guava\listenablefuture-9999.0-empty-to-avoid-conflict-with-guava.jar;C:\Users\Admin\.m2\repository\com\google\code\findbugs\jsr305\3.0.2\jsr305-3.0.2.jar;C:\Users\Admin\.m2\repository\org\checkerframework\checker-qual\3.12.0\checker-qual-3.12.0.jar;C:\Users\Admin\.m2\repository\com\google\errorprone\error_prone_annotations\2.11.0\error_prone_annotations-2.11.0.jar;C:\Users\Admin\.m2\repository\com\google\j2objc\j2objc-annotations\1.3\j2objc-annotations-1.3.jar;C:\Users\Admin\.m2\repository\com\google\inject\guice\5.1.0\guice-5.1.0.jar;C:\Users\Admin\.m2\repository\javax\inject\javax.inject\1\javax.inject-1.jar;C:\Users\Admin\.m2\repository\aopalliance\aopalliance\1.0\aopalliance-1.0.jar;C:\Users\Admin\.m2\repository\org\jsoup\jsoup\1.14.3\jsoup-1.14.3.jar;C:\Users\Admin\.m2\repository\com\thoughtworks\xstream\xstream\1.4.19\xstream-1.4.19.jar;C:\Users\Admin\.m2\repository\io\github\x-stream\mxparser\1.2.2\mxparser-1.2.2.jar;C:\Users\Admin\.m2\repository\xmlpull\xmlpull\1.1.3.1\xmlpull-1.1.3.1.jar;C:\Users\Admin\.m2\repository\io\cucumber\cucumber-java\7.2.3\cucumber-java-7.2.3.jar;C:\Users\Admin\.m2\repository\com\typesafe\config\1.4.2\config-1.4.2.jar;C:\Users\Admin\.m2\repository\org\imgscalr\imgscalr-lib\4.2\imgscalr-lib-4.2.jar;C:\Users\Admin\.m2\repository\org\awaitility\awaitility\4.2.0\awaitility-4.2.0.jar;C:\Users\Admin\.m2\repository\org\freemarker\freemarker\2.3.31\freemarker-2.3.31.jar;C:\Users\Admin\.m2\repository\io\github\classgraph\classgraph\4.8.138\classgraph-4.8.138.jar;C:\Users\Admin\.m2\repository\net\sourceforge\jexcelapi\jxl\2.6.12\jxl-2.6.12.jar;C:\Users\Admin\.m2\repository\net\bytebuddy\byte-buddy\1.12.8\byte-buddy-1.12.8.jar;C:\Users\Admin\.m2\repository\net\bytebuddy\byte-buddy-agent\1.12.8\byte-buddy-agent-1.12.8.jar;C:\Users\Admin\.m2\repository\org\objenesis\objenesis\3.1\objenesis-3.1.jar;C:\Users\Admin\.m2\repository\net\serenity-bdd\serenity-reports\3.2.1\serenity-reports-3.2.1.jar;C:\Users\Admin\.m2\repository\net\serenity-bdd\serenity-stats\3.2.1\serenity-stats-3.2.1.jar;C:\Users\Admin\.m2\repository\net\serenity-bdd\serenity-reports-configuration\3.2.1\serenity-reports-configuration-3.2.1.jar;C:\Users\Admin\.m2\repository\com\vladsch\flexmark\flexmark-all\0.34.30\flexmark-all-0.34.30.jar;C:\Users\Admin\.m2\repository\com\vladsch\flexmark\flexmark\0.34.30\flexmark-0.34.30.jar;C:\Users\Admin\.m2\repository\com\vladsch\flexmark\flexmark-ext-abbreviation\0.34.30\flexmark-ext-abbreviation-0.34.30.jar;C:\Users\Admin\.m2\repository\com\vladsch\flexmark\flexmark-ext-admonition\0.34.30\flexmark-ext-admonition-0.34.30.jar;C:\Users\Admin\.m2\repository\com\vladsch\flexmark\flexmark-ext-anchorlink\0.34.30\flexmark-ext-anchorlink-0.34.30.jar;C:\Users\Admin\.m2\repository\com\vladsch\flexmark\flexmark-ext-aside\0.34.30\flexmark-ext-aside-0.34.30.jar;C:\Users\Admin\.m2\repository\com\vladsch\flexmark\flexmark-ext-attributes\0.34.30\flexmark-ext-attributes-0.34.30.jar;C:\Users\Admin\.m2\repository\com\vladsch\flexmark\flexmark-ext-autolink\0.34.30\flexmark-ext-autolink-0.34.30.jar;C:\Users\Admin\.m2\repository\org\nibor\autolink\autolink\0.6.0\autolink-0.6.0.jar;C:\Users\Admin\.m2\repository\com\vladsch\flexmark\flexmark-ext-definition\0.34.30\flexmark-ext-definition-0.34.30.jar;C:\Users\Admin\.m2\repository\com\vladsch\flexmark\flexmark-ext-emoji\0.34.30\flexmark-ext-emoji-0.34.30.jar;C:\Users\Admin\.m2\repository\com\vladsch\flexmark\flexmark-ext-enumerated-reference\0.34.30\flexmark-ext-enumerated-reference-0.34.30.jar;C:\Users\Admin\.m2\repository\com\vladsch\flexmark\flexmark-ext-escaped-character\0.34.30\flexmark-ext-escaped-character-0.34.30.jar;C:\Users\Admin\.m2\repository\com\vladsch\flexmark\flexmark-ext-footnotes\0.34.30\flexmark-ext-footnotes-0.34.30.jar;C:\Users\Admin\.m2\repository\com\vladsch\flexmark\flexmark-ext-gfm-issues\0.34.30\flexmark-ext-gfm-issues-0.34.30.jar;C:\Users\Admin\.m2\repository\com\vladsch\flexmark\flexmark-ext-gfm-strikethrough\0.34.30\flexmark-ext-gfm-strikethrough-0.34.30.jar;C:\Users\Admin\.m2\repository\com\vladsch\flexmark\flexmark-ext-gfm-tables\0.34.30\flexmark-ext-gfm-tables-0.34.30.jar;C:\Users\Admin\.m2\repository\com\vladsch\flexmark\flexmark-ext-gfm-tasklist\0.34.30\flexmark-ext-gfm-tasklist-0.34.30.jar;C:\Users\Admin\.m2\repository\com\vladsch\flexmark\flexmark-ext-gfm-users\0.34.30\flexmark-ext-gfm-users-0.34.30.jar;C:\Users\Admin\.m2\repository\com\vladsch\flexmark\flexmark-ext-gitlab\0.34.30\flexmark-ext-gitlab-0.34.30.jar;C:\Users\Admin\.m2\repository\com\vladsch\flexmark\flexmark-ext-jekyll-front-matter\0.34.30\flexmark-ext-jekyll-front-matter-0.34.30.jar;C:\Users\Admin\.m2\repository\com\vladsch\flexmark\flexmark-ext-jekyll-tag\0.34.30\flexmark-ext-jekyll-tag-0.34.30.jar;C:\Users\Admin\.m2\repository\com\vladsch\flexmark\flexmark-ext-media-tags\0.34.30\flexmark-ext-media-tags-0.34.30.jar;C:\Users\Admin\.m2\repository\com\vladsch\flexmark\flexmark-test-util\0.34.30\flexmark-test-util-0.34.30.jar;C:\Users\Admin\.m2\repository\com\vladsch\flexmark\flexmark-ext-ins\0.34.30\flexmark-ext-ins-0.34.30.jar;C:\Users\Admin\.m2\repository\com\vladsch\flexmark\flexmark-ext-xwiki-macros\0.34.30\flexmark-ext-xwiki-macros-0.34.30.jar;C:\Users\Admin\.m2\repository\com\vladsch\flexmark\flexmark-ext-superscript\0.34.30\flexmark-ext-superscript-0.34.30.jar;C:\Users\Admin\.m2\repository\com\vladsch\flexmark\flexmark-ext-tables\0.34.30\flexmark-ext-tables-0.34.30.jar;C:\Users\Admin\.m2\repository\com\vladsch\flexmark\flexmark-ext-toc\0.34.30\flexmark-ext-toc-0.34.30.jar;C:\Users\Admin\.m2\repository\com\vladsch\flexmark\flexmark-ext-typographic\0.34.30\flexmark-ext-typographic-0.34.30.jar;C:\Users\Admin\.m2\repository\com\vladsch\flexmark\flexmark-ext-wikilink\0.34.30\flexmark-ext-wikilink-0.34.30.jar;C:\Users\Admin\.m2\repository\com\vladsch\flexmark\flexmark-ext-yaml-front-matter\0.34.30\flexmark-ext-yaml-front-matter-0.34.30.jar;C:\Users\Admin\.m2\repository\com\vladsch\flexmark\flexmark-ext-youtube-embedded\0.34.30\flexmark-ext-youtube-embedded-0.34.30.jar;C:\Users\Admin\.m2\repository\com\vladsch\flexmark\flexmark-formatter\0.34.30\flexmark-formatter-0.34.30.jar;C:\Users\Admin\.m2\repository\com\vladsch\flexmark\flexmark-html-parser\0.34.30\flexmark-html-parser-0.34.30.jar;C:\Users\Admin\.m2\repository\com\vladsch\flexmark\flexmark-jira-converter\0.34.30\flexmark-jira-converter-0.34.30.jar;C:\Users\Admin\.m2\repository\com\vladsch\flexmark\flexmark-pdf-converter\0.34.30\flexmark-pdf-converter-0.34.30.jar;C:\Users\Admin\.m2\repository\com\openhtmltopdf\openhtmltopdf-core\0.0.1-RC13\openhtmltopdf-core-0.0.1-RC13.jar;C:\Users\Admin\.m2\repository\com\openhtmltopdf\openhtmltopdf-pdfbox\0.0.1-RC13\openhtmltopdf-pdfbox-0.0.1-RC13.jar;C:\Users\Admin\.m2\repository\org\apache\pdfbox\pdfbox\2.0.8\pdfbox-2.0.8.jar;C:\Users\Admin\.m2\repository\org\apache\pdfbox\fontbox\2.0.8\fontbox-2.0.8.jar;C:\Users\Admin\.m2\repository\commons-logging\commons-logging\1.2\commons-logging-1.2.jar;C:\Users\Admin\.m2\repository\org\apache\pdfbox\xmpbox\2.0.8\xmpbox-2.0.8.jar;C:\Users\Admin\.m2\repository\de\rototor\pdfbox\graphics2d\0.12\graphics2d-0.12.jar;C:\Users\Admin\.m2\repository\com\openhtmltopdf\openhtmltopdf-rtl-support\0.0.1-RC13\openhtmltopdf-rtl-support-0.0.1-RC13.jar;C:\Users\Admin\.m2\repository\com\ibm\icu\icu4j\59.1\icu4j-59.1.jar;C:\Users\Admin\.m2\repository\com\openhtmltopdf\openhtmltopdf-jsoup-dom-converter\0.0.1-RC13\openhtmltopdf-jsoup-dom-converter-0.0.1-RC13.jar;C:\Users\Admin\.m2\repository\com\vladsch\flexmark\flexmark-profile-pegdown\0.34.30\flexmark-profile-pegdown-0.34.30.jar;C:\Users\Admin\.m2\repository\com\vladsch\flexmark\flexmark-util\0.34.30\flexmark-util-0.34.30.jar;C:\Users\Admin\.m2\repository\com\vladsch\flexmark\flexmark-youtrack-converter\0.34.30\flexmark-youtrack-converter-0.34.30.jar;C:\Users\Admin\.m2\repository\es\nitaur\markdown\txtmark\0.16\txtmark-0.16.jar;C:\Users\Admin\.m2\repository\net\serenity-bdd\serenity-report-resources\3.2.1\serenity-report-resources-3.2.1.jar;C:\Users\Admin\.m2\repository\com\google\code\gson\gson\2.9.0\gson-2.9.0.jar;C:\Users\Admin\.m2\repository\com\fasterxml\jackson\core\jackson-core\2.13.2\jackson-core-2.13.2.jar;C:\Users\Admin\.m2\repository\com\fasterxml\jackson\core\jackson-databind\2.13.2\jackson-databind-2.13.2.jar;C:\Users\Admin\.m2\repository\com\fasterxml\jackson\core\jackson-annotations\2.13.2\jackson-annotations-2.13.2.jar;C:\Users\Admin\.m2\repository\commons-codec\commons-codec\1.15\commons-codec-1.15.jar;C:\Users\Admin\.m2\repository\commons-io\commons-io\2.11.0\commons-io-2.11.0.jar;C:\Users\Admin\.m2\repository\org\seleniumhq\selenium\selenium-java\4.1.2\selenium-java-4.1.2.jar;C:\Users\Admin\.m2\repository\org\seleniumhq\selenium\selenium-devtools-v85\4.1.2\selenium-devtools-v85-4.1.2.jar;C:\Users\Admin\.m2\repository\org\seleniumhq\selenium\selenium-devtools-v95\4.1.2\selenium-devtools-v95-4.1.2.jar;C:\Users\Admin\.m2\repository\org\seleniumhq\selenium\selenium-devtools-v96\4.1.2\selenium-devtools-v96-4.1.2.jar;C:\Users\Admin\.m2\repository\org\seleniumhq\selenium\selenium-devtools-v97\4.1.2\selenium-devtools-v97-4.1.2.jar;C:\Users\Admin\.m2\repository\org\seleniumhq\selenium\selenium-firefox-xpi-driver\4.1.2\selenium-firefox-xpi-driver-4.1.2.jar;C:\Users\Admin\.m2\repository\org\seleniumhq\selenium\selenium-opera-driver\4.1.2\selenium-opera-driver-4.1.2.jar;C:\Users\Admin\.m2\repository\org\seleniumhq\selenium\selenium-remote-driver\4.1.2\selenium-remote-driver-4.1.2.jar;C:\Users\Admin\.m2\repository\com\beust\jcommander\1.82\jcommander-1.82.jar;C:\Users\Admin\.m2\repository\io\netty\netty-buffer\4.1.73.Final\netty-buffer-4.1.73.Final.jar;C:\Users\Admin\.m2\repository\io\netty\netty-codec-http\4.1.73.Final\netty-codec-http-4.1.73.Final.jar;C:\Users\Admin\.m2\repository\io\netty\netty-codec\4.1.73.Final\netty-codec-4.1.73.Final.jar;C:\Users\Admin\.m2\repository\io\netty\netty-handler\4.1.73.Final\netty-handler-4.1.73.Final.jar;C:\Users\Admin\.m2\repository\io\netty\netty-tcnative-classes\2.0.46.Final\netty-tcnative-classes-2.0.46.Final.jar;C:\Users\Admin\.m2\repository\io\netty\netty-common\4.1.73.Final\netty-common-4.1.73.Final.jar;C:\Users\Admin\.m2\repository\io\netty\netty-transport-classes-epoll\4.1.73.Final\netty-transport-classes-epoll-4.1.73.Final.jar;C:\Users\Admin\.m2\repository\io\netty\netty-transport-classes-kqueue\4.1.73.Final\netty-transport-classes-kqueue-4.1.73.Final.jar;C:\Users\Admin\.m2\repository\io\netty\netty-transport-native-epoll\4.1.73.Final\netty-transport-native-epoll-4.1.73.Final.jar;C:\Users\Admin\.m2\repository\io\netty\netty-transport-native-kqueue\4.1.73.Final\netty-transport-native-kqueue-4.1.73.Final.jar;C:\Users\Admin\.m2\repository\io\netty\netty-transport-native-unix-common\4.1.73.Final\netty-transport-native-unix-common-4.1.73.Final.jar;C:\Users\Admin\.m2\repository\io\netty\netty-transport\4.1.73.Final\netty-transport-4.1.73.Final.jar;C:\Users\Admin\.m2\repository\io\netty\netty-resolver\4.1.73.Final\netty-resolver-4.1.73.Final.jar;C:\Users\Admin\.m2\repository\io\opentelemetry\opentelemetry-api\1.10.1\opentelemetry-api-1.10.1.jar;C:\Users\Admin\.m2\repository\io\opentelemetry\opentelemetry-context\1.10.1\opentelemetry-context-1.10.1.jar;C:\Users\Admin\.m2\repository\io\opentelemetry\opentelemetry-exporter-logging\1.10.1\opentelemetry-exporter-logging-1.10.1.jar;C:\Users\Admin\.m2\repository\io\opentelemetry\opentelemetry-sdk-metrics\1.10.1-alpha\opentelemetry-sdk-metrics-1.10.1-alpha.jar;C:\Users\Admin\.m2\repository\io\opentelemetry\opentelemetry-sdk-logs\1.10.1-alpha\opentelemetry-sdk-logs-1.10.1-alpha.jar;C:\Users\Admin\.m2\repository\io\opentelemetry\opentelemetry-sdk-common\1.10.1\opentelemetry-sdk-common-1.10.1.jar;C:\Users\Admin\.m2\repository\io\opentelemetry\opentelemetry-sdk-extension-autoconfigure-spi\1.10.1\opentelemetry-sdk-extension-autoconfigure-spi-1.10.1.jar;C:\Users\Admin\.m2\repository\io\opentelemetry\opentelemetry-sdk-extension-autoconfigure\1.10.1-alpha\opentelemetry-sdk-extension-autoconfigure-1.10.1-alpha.jar;C:\Users\Admin\.m2\repository\io\opentelemetry\opentelemetry-sdk-trace\1.10.1\opentelemetry-sdk-trace-1.10.1.jar;C:\Users\Admin\.m2\repository\io\opentelemetry\opentelemetry-sdk\1.10.1\opentelemetry-sdk-1.10.1.jar;C:\Users\Admin\.m2\repository\io\opentelemetry\opentelemetry-semconv\1.10.1-alpha\opentelemetry-semconv-1.10.1-alpha.jar;C:\Users\Admin\.m2\repository\io\ous\jtoml\2.0.0\jtoml-2.0.0.jar;C:\Users\Admin\.m2\repository\org\apache\commons\commons-exec\1.3\commons-exec-1.3.jar;C:\Users\Admin\.m2\repository\org\asynchttpclient\async-http-client\2.12.3\async-http-client-2.12.3.jar;C:\Users\Admin\.m2\repository\org\asynchttpclient\async-http-client-netty-utils\2.12.3\async-http-client-netty-utils-2.12.3.jar;C:\Users\Admin\.m2\repository\io\netty\netty-codec-socks\4.1.60.Final\netty-codec-socks-4.1.60.Final.jar;C:\Users\Admin\.m2\repository\io\netty\netty-handler-proxy\4.1.60.Final\netty-handler-proxy-4.1.60.Final.jar;C:\Users\Admin\.m2\repository\io\netty\netty-transport-native-epoll\4.1.60.Final\netty-transport-native-epoll-4.1.60.Final-linux-x86_64.jar;C:\Users\Admin\.m2\repository\io\netty\netty-transport-native-kqueue\4.1.60.Final\netty-transport-native-kqueue-4.1.60.Final-osx-x86_64.jar;C:\Users\Admin\.m2\repository\org\reactivestreams\reactive-streams\1.0.3\reactive-streams-1.0.3.jar;C:\Users\Admin\.m2\repository\com\typesafe\netty\netty-reactive-streams\2.0.4\netty-reactive-streams-2.0.4.jar;C:\Users\Admin\.m2\repository\org\seleniumhq\selenium\selenium-http\4.1.2\selenium-http-4.1.2.jar;C:\Users\Admin\.m2\repository\net\jodah\failsafe\2.4.4\failsafe-2.4.4.jar;C:\Users\Admin\.m2\repository\org\seleniumhq\selenium\selenium-safari-driver\4.1.2\selenium-safari-driver-4.1.2.jar;C:\Users\Admin\.m2\repository\org\seleniumhq\selenium\selenium-api\4.1.2\selenium-api-4.1.2.jar;C:\Users\Admin\.m2\repository\org\seleniumhq\selenium\selenium-support\4.1.2\selenium-support-4.1.2.jar;C:\Users\Admin\.m2\repository\com\google\auto\service\auto-service-annotations\1.0.1\auto-service-annotations-1.0.1.jar;C:\Users\Admin\.m2\repository\com\google\auto\service\auto-service\1.0.1\auto-service-1.0.1.jar;C:\Users\Admin\.m2\repository\com\google\auto\auto-common\1.2\auto-common-1.2.jar;C:\Users\Admin\.m2\repository\org\seleniumhq\selenium\selenium-json\4.1.2\selenium-json-4.1.2.jar;C:\Users\Admin\.m2\repository\org\seleniumhq\selenium\selenium-chrome-driver\4.1.2\selenium-chrome-driver-4.1.2.jar;C:\Users\Admin\.m2\repository\org\seleniumhq\selenium\selenium-chromium-driver\4.1.2\selenium-chromium-driver-4.1.2.jar;C:\Users\Admin\.m2\repository\org\seleniumhq\selenium\selenium-firefox-driver\4.1.2\selenium-firefox-driver-4.1.2.jar;C:\Users\Admin\.m2\repository\org\seleniumhq\selenium\selenium-edge-driver\4.1.2\selenium-edge-driver-4.1.2.jar;C:\Users\Admin\.m2\repository\org\seleniumhq\selenium\selenium-ie-driver\4.1.2\selenium-ie-driver-4.1.2.jar;C:\Users\Admin\.m2\repository\org\projectlombok\lombok\1.18.20\lombok-1.18.20.jar;C:\Users\Admin\.m2\repository\io\appium\java-client\8.0.0\java-client-8.0.0.jar;C:\Users\Admin\.m2\repository\commons-validator\commons-validator\1.7\commons-validator-1.7.jar;C:\Users\Admin\.m2\repository\commons-digester\commons-digester\2.1\commons-digester-2.1.jar;C:\Users\Admin\.m2\repository\org\aspectj\aspectjweaver\1.9.8\aspectjweaver-1.9.8.jar;C:\Users\Admin\.m2\repository\org\codehaus\groovy\groovy\3.0.10\groovy-3.0.10.jar;C:\Users\Admin\.m2\repository\net\sf\opencsv\opencsv\2.0\opencsv-2.0.jar;C:\Users\Admin\.m2\repository\commons-beanutils\commons-beanutils\1.9.4\commons-beanutils-1.9.4.jar;C:\Users\Admin\.m2\repository\org\apache\commons\commons-lang3\3.12.0\commons-lang3-3.12.0.jar;C:\Users\Admin\.m2\repository\commons-collections\commons-collections\3.2.2\commons-collections-3.2.2.jar;C:\Users\Admin\.m2\repository\org\fluentlenium\fluentlenium-core\0.10.2\fluentlenium-core-0.10.2.jar;C:\Users\Admin\.m2\repository\io\github\bonigarcia\webdrivermanager\5.1.0\webdrivermanager-5.1.0.jar;C:\Users\Admin\.m2\repository\com\github\docker-java\docker-java\3.2.13\docker-java-3.2.13.jar;C:\Users\Admin\.m2\repository\com\github\docker-java\docker-java-core\3.2.13\docker-java-core-3.2.13.jar;C:\Users\Admin\.m2\repository\com\github\docker-java\docker-java-api\3.2.13\docker-java-api-3.2.13.jar;C:\Users\Admin\.m2\repository\org\apache\commons\commons-compress\1.21\commons-compress-1.21.jar;C:\Users\Admin\.m2\repository\org\bouncycastle\bcpkix-jdk15on\1.64\bcpkix-jdk15on-1.64.jar;C:\Users\Admin\.m2\repository\org\bouncycastle\bcprov-jdk15on\1.64\bcprov-jdk15on-1.64.jar;C:\Users\Admin\.m2\repository\org\slf4j\jcl-over-slf4j\1.7.30\jcl-over-slf4j-1.7.30.jar;C:\Users\Admin\.m2\repository\com\github\docker-java\docker-java-transport-httpclient5\3.2.13\docker-java-transport-httpclient5-3.2.13.jar;C:\Users\Admin\.m2\repository\com\github\docker-java\docker-java-transport\3.2.13\docker-java-transport-3.2.13.jar;C:\Users\Admin\.m2\repository\org\apache\httpcomponents\client5\httpclient5\5.0.3\httpclient5-5.0.3.jar;C:\Users\Admin\.m2\repository\org\apache\httpcomponents\core5\httpcore5\5.0.2\httpcore5-5.0.2.jar;C:\Users\Admin\.m2\repository\net\java\dev\jna\jna\5.8.0\jna-5.8.0.jar;C:\Users\Admin\.m2\repository\org\brotli\dec\0.1.2\dec-0.1.2.jar;C:\Users\Admin\.m2\repository\com\jhlabs\filters\2.0.235\filters-2.0.235.jar;C:\Users\Admin\.m2\repository\com\paulhammant\ngwebdriver\1.1.6\ngwebdriver-1.1.6.jar;C:\Users\Admin\.m2\repository\joda-time\joda-time\2.8.2\joda-time-2.8.2.jar;C:\Users\Admin\.m2\repository\org\hamcrest\hamcrest\2.2\hamcrest-2.2.jar;C:\Users\Admin\.m2\repository\com\google\jimfs\jimfs\1.2\jimfs-1.2.jar;C:\Users\Admin\.m2\repository\org\mockito\mockito-core\3.3.3\mockito-core-3.3.3.jar;C:\Users\Admin\.m2\repository\javax\xml\bind\jaxb-api\2.3.1\jaxb-api-2.3.1.jar;C:\Users\Admin\.m2\repository\javax\activation\javax.activation-api\1.2.0\javax.activation-api-1.2.0.jar;C:\Users\Admin\.m2\repository\com\sun\xml\bind\jaxb-core\2.3.0.1\jaxb-core-2.3.0.1.jar;C:\Users\Admin\.m2\repository\com\sun\xml\bind\jaxb-impl\2.3.3\jaxb-impl-2.3.3.jar;C:\Users\Admin\.m2\repository\jakarta\xml\bind\jakarta.xml.bind-api\2.3.3\jakarta.xml.bind-api-2.3.3.jar;C:\Users\Admin\.m2\repository\com\sun\activation\jakarta.activation\1.2.2\jakarta.activation-1.2.2.jar;C:\Users\Admin\.m2\repository\javax\activation\activation\1.1.1\activation-1.1.1.jar;C:\Users\Admin\.m2\repository\net\serenity-bdd\serenity-cucumber\3.2.1\serenity-cucumber-3.2.1.jar;C:\Users\Admin\.m2\repository\io\cucumber\cucumber-core\7.2.3\cucumber-core-7.2.3.jar;C:\Users\Admin\.m2\repository\io\cucumber\cucumber-gherkin\7.2.3\cucumber-gherkin-7.2.3.jar;C:\Users\Admin\.m2\repository\io\cucumber\cucumber-gherkin-messages\7.2.3\cucumber-gherkin-messages-7.2.3.jar;C:\Users\Admin\.m2\repository\io\cucumber\messages\17.1.1\messages-17.1.1.jar;C:\Users\Admin\.m2\repository\io\cucumber\tag-expressions\4.1.0\tag-expressions-4.1.0.jar;C:\Users\Admin\.m2\repository\io\cucumber\cucumber-expressions\15.0.1\cucumber-expressions-15.0.1.jar;C:\Users\Admin\.m2\repository\io\cucumber\datatable\7.2.3\datatable-7.2.3.jar;C:\Users\Admin\.m2\repository\io\cucumber\cucumber-plugin\7.2.3\cucumber-plugin-7.2.3.jar;C:\Users\Admin\.m2\repository\io\cucumber\docstring\7.2.3\docstring-7.2.3.jar;C:\Users\Admin\.m2\repository\io\cucumber\html-formatter\17.0.0\html-formatter-17.0.0.jar;C:\Users\Admin\.m2\repository\io\cucumber\ci-environment\8.1.0\ci-environment-8.1.0.jar;C:\Users\Admin\.m2\repository\io\cucumber\cucumber-junit\7.2.3\cucumber-junit-7.2.3.jar;C:\Users\Admin\.m2\repository\org\apache\commons\commons-csv\1.5\commons-csv-1.5.jar;C:\Users\Admin\.m2\repository\net\serenity-bdd\serenity-screenplay\3.2.1\serenity-screenplay-3.2.1.jar;C:\Users\Admin\.m2\repository\net\serenity-bdd\serenity-screenplay-webdriver\3.2.1\serenity-screenplay-webdriver-3.2.1.jar;C:\Users\Admin\.m2\repository\net\serenity-bdd\serenity-ensure\3.2.1\serenity-ensure-3.2.1.jar;C:\Users\Admin\.m2\repository\net\serenity-bdd\serenity-junit\3.2.1\serenity-junit-3.2.1.jar;C:\Users\Admin\.m2\repository\org\jetbrains\kotlin\kotlin-stdlib\1.6.0\kotlin-stdlib-1.6.0.jar;C:\Users\Admin\.m2\repository\org\jetbrains\annotations\13.0\annotations-13.0.jar;C:\Users\Admin\.m2\repository\org\jetbrains\kotlin\kotlin-stdlib-common\1.6.0\kotlin-stdlib-common-1.6.0.jar;C:\Users\Admin\.m2\repository\org\junit\platform\junit-platform-launcher\1.8.1\junit-platform-launcher-1.8.1.jar;C:\Users\Admin\.m2\repository\org\junit\platform\junit-platform-engine\1.8.1\junit-platform-engine-1.8.1.jar;C:\Users\Admin\.m2\repository\org\opentest4j\opentest4j\1.2.0\opentest4j-1.2.0.jar;C:\Users\Admin\.m2\repository\org\junit\platform\junit-platform-commons\1.8.1\junit-platform-commons-1.8.1.jar;C:\Users\Admin\.m2\repository\org\apiguardian\apiguardian-api\1.1.2\apiguardian-api-1.1.2.jar;C:\Users\Admin\.m2\repository\org\junit\jupiter\junit-jupiter-engine\5.8.2\junit-jupiter-engine-5.8.2.jar;C:\Users\Admin\.m2\repository\org\junit\jupiter\junit-jupiter-api\5.8.2\junit-jupiter-api-5.8.2.jar;C:\Users\Admin\.m2\repository\org\junit\vintage\junit-vintage-engine\5.8.2\junit-vintage-engine-5.8.2.jar;C:\Users\Admin\.m2\repository\junit\junit\4.13.2\junit-4.13.2.jar;C:\Users\Admin\.m2\repository\org\hamcrest\hamcrest-core\1.3\hamcrest-core-1.3.jar;C:\Users\Admin\.m2\repository\ch\qos\logback\logback-classic\1.2.10\logback-classic-1.2.10.jar;C:\Users\Admin\.m2\repository\ch\qos\logback\logback-core\1.2.10\logback-core-1.2.10.jar;C:\Users\Admin\.m2\repository\org\slf4j\slf4j-api\1.7.32\slf4j-api-1.7.32.jar;C:\Users\Admin\.m2\repository\org\assertj\assertj-core\3.6.2\assertj-core-3.6.2.jar;"/>
    <property name="java.vm.vendor" value="Oracle Corporation"/>
    <property name="sun.arch.data.model" value="64"/>
    <property name="user.variant" value=""/>
    <property name="java.vendor.url" value="http://java.oracle.com/"/>
    <property name="user.timezone" value="Asia/Bangkok"/>
    <property name="java.vm.specification.version" value="1.8"/>
    <property name="os.name" value="Windows 10"/>
    <property name="user.country" value="US"/>
    <property name="sun.java.launcher" value="SUN_STANDARD"/>
    <property name="sun.boot.library.path" value="C:\Program Files\Java\jdk1.8.0_321\jre\bin"/>
    <property name="sun.java.command" value="C:\Users\Admin\AppData\Local\Temp\surefire3622415666675452875\surefirebooter2187791896361543671.jar C:\Users\Admin\AppData\Local\Temp\surefire3622415666675452875 2022-04-27T23-33-45_277-jvmRun1 surefire7494922022383854467tmp surefire_02430500695462536403tmp"/>
    <property name="surefire.test.class.path" value="D:\kampus merdeka\Intelij\miniproject\web\target\test-classes;D:\kampus merdeka\Intelij\miniproject\web\target\web-1.0-SNAPSHOT.jar;C:\Users\Admin\.m2\repository\net\serenity-bdd\serenity-core\3.2.1\serenity-core-3.2.1.jar;C:\Users\Admin\.m2\repository\net\serenity-bdd\serenity-model\3.2.1\serenity-model-3.2.1.jar;C:\Users\Admin\.m2\repository\org\apache\commons\commons-text\1.9\commons-text-1.9.jar;C:\Users\Admin\.m2\repository\commons-net\commons-net\3.8.0\commons-net-3.8.0.jar;C:\Users\Admin\.m2\repository\com\google\guava\guava\31.1-jre\guava-31.1-jre.jar;C:\Users\Admin\.m2\repository\com\google\guava\failureaccess\1.0.1\failureaccess-1.0.1.jar;C:\Users\Admin\.m2\repository\com\google\guava\listenablefuture\9999.0-empty-to-avoid-conflict-with-guava\listenablefuture-9999.0-empty-to-avoid-conflict-with-guava.jar;C:\Users\Admin\.m2\repository\com\google\code\findbugs\jsr305\3.0.2\jsr305-3.0.2.jar;C:\Users\Admin\.m2\repository\org\checkerframework\checker-qual\3.12.0\checker-qual-3.12.0.jar;C:\Users\Admin\.m2\repository\com\google\errorprone\error_prone_annotations\2.11.0\error_prone_annotations-2.11.0.jar;C:\Users\Admin\.m2\repository\com\google\j2objc\j2objc-annotations\1.3\j2objc-annotations-1.3.jar;C:\Users\Admin\.m2\repository\com\google\inject\guice\5.1.0\guice-5.1.0.jar;C:\Users\Admin\.m2\repository\javax\inject\javax.inject\1\javax.inject-1.jar;C:\Users\Admin\.m2\repository\aopalliance\aopalliance\1.0\aopalliance-1.0.jar;C:\Users\Admin\.m2\repository\org\jsoup\jsoup\1.14.3\jsoup-1.14.3.jar;C:\Users\Admin\.m2\repository\com\thoughtworks\xstream\xstream\1.4.19\xstream-1.4.19.jar;C:\Users\Admin\.m2\repository\io\github\x-stream\mxparser\1.2.2\mxparser-1.2.2.jar;C:\Users\Admin\.m2\repository\xmlpull\xmlpull\1.1.3.1\xmlpull-1.1.3.1.jar;C:\Users\Admin\.m2\repository\io\cucumber\cucumber-java\7.2.3\cucumber-java-7.2.3.jar;C:\Users\Admin\.m2\repository\com\typesafe\config\1.4.2\config-1.4.2.jar;C:\Users\Admin\.m2\repository\org\imgscalr\imgscalr-lib\4.2\imgscalr-lib-4.2.jar;C:\Users\Admin\.m2\repository\org\awaitility\awaitility\4.2.0\awaitility-4.2.0.jar;C:\Users\Admin\.m2\repository\org\freemarker\freemarker\2.3.31\freemarker-2.3.31.jar;C:\Users\Admin\.m2\repository\io\github\classgraph\classgraph\4.8.138\classgraph-4.8.138.jar;C:\Users\Admin\.m2\repository\net\sourceforge\jexcelapi\jxl\2.6.12\jxl-2.6.12.jar;C:\Users\Admin\.m2\repository\net\bytebuddy\byte-buddy\1.12.8\byte-buddy-1.12.8.jar;C:\Users\Admin\.m2\repository\net\bytebuddy\byte-buddy-agent\1.12.8\byte-buddy-agent-1.12.8.jar;C:\Users\Admin\.m2\repository\org\objenesis\objenesis\3.1\objenesis-3.1.jar;C:\Users\Admin\.m2\repository\net\serenity-bdd\serenity-reports\3.2.1\serenity-reports-3.2.1.jar;C:\Users\Admin\.m2\repository\net\serenity-bdd\serenity-stats\3.2.1\serenity-stats-3.2.1.jar;C:\Users\Admin\.m2\repository\net\serenity-bdd\serenity-reports-configuration\3.2.1\serenity-reports-configuration-3.2.1.jar;C:\Users\Admin\.m2\repository\com\vladsch\flexmark\flexmark-all\0.34.30\flexmark-all-0.34.30.jar;C:\Users\Admin\.m2\repository\com\vladsch\flexmark\flexmark\0.34.30\flexmark-0.34.30.jar;C:\Users\Admin\.m2\repository\com\vladsch\flexmark\flexmark-ext-abbreviation\0.34.30\flexmark-ext-abbreviation-0.34.30.jar;C:\Users\Admin\.m2\repository\com\vladsch\flexmark\flexmark-ext-admonition\0.34.30\flexmark-ext-admonition-0.34.30.jar;C:\Users\Admin\.m2\repository\com\vladsch\flexmark\flexmark-ext-anchorlink\0.34.30\flexmark-ext-anchorlink-0.34.30.jar;C:\Users\Admin\.m2\repository\com\vladsch\flexmark\flexmark-ext-aside\0.34.30\flexmark-ext-aside-0.34.30.jar;C:\Users\Admin\.m2\repository\com\vladsch\flexmark\flexmark-ext-attributes\0.34.30\flexmark-ext-attributes-0.34.30.jar;C:\Users\Admin\.m2\repository\com\vladsch\flexmark\flexmark-ext-autolink\0.34.30\flexmark-ext-autolink-0.34.30.jar;C:\Users\Admin\.m2\repository\org\nibor\autolink\autolink\0.6.0\autolink-0.6.0.jar;C:\Users\Admin\.m2\repository\com\vladsch\flexmark\flexmark-ext-definition\0.34.30\flexmark-ext-definition-0.34.30.jar;C:\Users\Admin\.m2\repository\com\vladsch\flexmark\flexmark-ext-emoji\0.34.30\flexmark-ext-emoji-0.34.30.jar;C:\Users\Admin\.m2\repository\com\vladsch\flexmark\flexmark-ext-enumerated-reference\0.34.30\flexmark-ext-enumerated-reference-0.34.30.jar;C:\Users\Admin\.m2\repository\com\vladsch\flexmark\flexmark-ext-escaped-character\0.34.30\flexmark-ext-escaped-character-0.34.30.jar;C:\Users\Admin\.m2\repository\com\vladsch\flexmark\flexmark-ext-footnotes\0.34.30\flexmark-ext-footnotes-0.34.30.jar;C:\Users\Admin\.m2\repository\com\vladsch\flexmark\flexmark-ext-gfm-issues\0.34.30\flexmark-ext-gfm-issues-0.34.30.jar;C:\Users\Admin\.m2\repository\com\vladsch\flexmark\flexmark-ext-gfm-strikethrough\0.34.30\flexmark-ext-gfm-strikethrough-0.34.30.jar;C:\Users\Admin\.m2\repository\com\vladsch\flexmark\flexmark-ext-gfm-tables\0.34.30\flexmark-ext-gfm-tables-0.34.30.jar;C:\Users\Admin\.m2\repository\com\vladsch\flexmark\flexmark-ext-gfm-tasklist\0.34.30\flexmark-ext-gfm-tasklist-0.34.30.jar;C:\Users\Admin\.m2\repository\com\vladsch\flexmark\flexmark-ext-gfm-users\0.34.30\flexmark-ext-gfm-users-0.34.30.jar;C:\Users\Admin\.m2\repository\com\vladsch\flexmark\flexmark-ext-gitlab\0.34.30\flexmark-ext-gitlab-0.34.30.jar;C:\Users\Admin\.m2\repository\com\vladsch\flexmark\flexmark-ext-jekyll-front-matter\0.34.30\flexmark-ext-jekyll-front-matter-0.34.30.jar;C:\Users\Admin\.m2\repository\com\vladsch\flexmark\flexmark-ext-jekyll-tag\0.34.30\flexmark-ext-jekyll-tag-0.34.30.jar;C:\Users\Admin\.m2\repository\com\vladsch\flexmark\flexmark-ext-media-tags\0.34.30\flexmark-ext-media-tags-0.34.30.jar;C:\Users\Admin\.m2\repository\com\vladsch\flexmark\flexmark-test-util\0.34.30\flexmark-test-util-0.34.30.jar;C:\Users\Admin\.m2\repository\com\vladsch\flexmark\flexmark-ext-ins\0.34.30\flexmark-ext-ins-0.34.30.jar;C:\Users\Admin\.m2\repository\com\vladsch\flexmark\flexmark-ext-xwiki-macros\0.34.30\flexmark-ext-xwiki-macros-0.34.30.jar;C:\Users\Admin\.m2\repository\com\vladsch\flexmark\flexmark-ext-superscript\0.34.30\flexmark-ext-superscript-0.34.30.jar;C:\Users\Admin\.m2\repository\com\vladsch\flexmark\flexmark-ext-tables\0.34.30\flexmark-ext-tables-0.34.30.jar;C:\Users\Admin\.m2\repository\com\vladsch\flexmark\flexmark-ext-toc\0.34.30\flexmark-ext-toc-0.34.30.jar;C:\Users\Admin\.m2\repository\com\vladsch\flexmark\flexmark-ext-typographic\0.34.30\flexmark-ext-typographic-0.34.30.jar;C:\Users\Admin\.m2\repository\com\vladsch\flexmark\flexmark-ext-wikilink\0.34.30\flexmark-ext-wikilink-0.34.30.jar;C:\Users\Admin\.m2\repository\com\vladsch\flexmark\flexmark-ext-yaml-front-matter\0.34.30\flexmark-ext-yaml-front-matter-0.34.30.jar;C:\Users\Admin\.m2\repository\com\vladsch\flexmark\flexmark-ext-youtube-embedded\0.34.30\flexmark-ext-youtube-embedded-0.34.30.jar;C:\Users\Admin\.m2\repository\com\vladsch\flexmark\flexmark-formatter\0.34.30\flexmark-formatter-0.34.30.jar;C:\Users\Admin\.m2\repository\com\vladsch\flexmark\flexmark-html-parser\0.34.30\flexmark-html-parser-0.34.30.jar;C:\Users\Admin\.m2\repository\com\vladsch\flexmark\flexmark-jira-converter\0.34.30\flexmark-jira-converter-0.34.30.jar;C:\Users\Admin\.m2\repository\com\vladsch\flexmark\flexmark-pdf-converter\0.34.30\flexmark-pdf-converter-0.34.30.jar;C:\Users\Admin\.m2\repository\com\openhtmltopdf\openhtmltopdf-core\0.0.1-RC13\openhtmltopdf-core-0.0.1-RC13.jar;C:\Users\Admin\.m2\repository\com\openhtmltopdf\openhtmltopdf-pdfbox\0.0.1-RC13\openhtmltopdf-pdfbox-0.0.1-RC13.jar;C:\Users\Admin\.m2\repository\org\apache\pdfbox\pdfbox\2.0.8\pdfbox-2.0.8.jar;C:\Users\Admin\.m2\repository\org\apache\pdfbox\fontbox\2.0.8\fontbox-2.0.8.jar;C:\Users\Admin\.m2\repository\commons-logging\commons-logging\1.2\commons-logging-1.2.jar;C:\Users\Admin\.m2\repository\org\apache\pdfbox\xmpbox\2.0.8\xmpbox-2.0.8.jar;C:\Users\Admin\.m2\repository\de\rototor\pdfbox\graphics2d\0.12\graphics2d-0.12.jar;C:\Users\Admin\.m2\repository\com\openhtmltopdf\openhtmltopdf-rtl-support\0.0.1-RC13\openhtmltopdf-rtl-support-0.0.1-RC13.jar;C:\Users\Admin\.m2\repository\com\ibm\icu\icu4j\59.1\icu4j-59.1.jar;C:\Users\Admin\.m2\repository\com\openhtmltopdf\openhtmltopdf-jsoup-dom-converter\0.0.1-RC13\openhtmltopdf-jsoup-dom-converter-0.0.1-RC13.jar;C:\Users\Admin\.m2\repository\com\vladsch\flexmark\flexmark-profile-pegdown\0.34.30\flexmark-profile-pegdown-0.34.30.jar;C:\Users\Admin\.m2\repository\com\vladsch\flexmark\flexmark-util\0.34.30\flexmark-util-0.34.30.jar;C:\Users\Admin\.m2\repository\com\vladsch\flexmark\flexmark-youtrack-converter\0.34.30\flexmark-youtrack-converter-0.34.30.jar;C:\Users\Admin\.m2\repository\es\nitaur\markdown\txtmark\0.16\txtmark-0.16.jar;C:\Users\Admin\.m2\repository\net\serenity-bdd\serenity-report-resources\3.2.1\serenity-report-resources-3.2.1.jar;C:\Users\Admin\.m2\repository\com\google\code\gson\gson\2.9.0\gson-2.9.0.jar;C:\Users\Admin\.m2\repository\com\fasterxml\jackson\core\jackson-core\2.13.2\jackson-core-2.13.2.jar;C:\Users\Admin\.m2\repository\com\fasterxml\jackson\core\jackson-databind\2.13.2\jackson-databind-2.13.2.jar;C:\Users\Admin\.m2\repository\com\fasterxml\jackson\core\jackson-annotations\2.13.2\jackson-annotations-2.13.2.jar;C:\Users\Admin\.m2\repository\commons-codec\commons-codec\1.15\commons-codec-1.15.jar;C:\Users\Admin\.m2\repository\commons-io\commons-io\2.11.0\commons-io-2.11.0.jar;C:\Users\Admin\.m2\repository\org\seleniumhq\selenium\selenium-java\4.1.2\selenium-java-4.1.2.jar;C:\Users\Admin\.m2\repository\org\seleniumhq\selenium\selenium-devtools-v85\4.1.2\selenium-devtools-v85-4.1.2.jar;C:\Users\Admin\.m2\repository\org\seleniumhq\selenium\selenium-devtools-v95\4.1.2\selenium-devtools-v95-4.1.2.jar;C:\Users\Admin\.m2\repository\org\seleniumhq\selenium\selenium-devtools-v96\4.1.2\selenium-devtools-v96-4.1.2.jar;C:\Users\Admin\.m2\repository\org\seleniumhq\selenium\selenium-devtools-v97\4.1.2\selenium-devtools-v97-4.1.2.jar;C:\Users\Admin\.m2\repository\org\seleniumhq\selenium\selenium-firefox-xpi-driver\4.1.2\selenium-firefox-xpi-driver-4.1.2.jar;C:\Users\Admin\.m2\repository\org\seleniumhq\selenium\selenium-opera-driver\4.1.2\selenium-opera-driver-4.1.2.jar;C:\Users\Admin\.m2\repository\org\seleniumhq\selenium\selenium-remote-driver\4.1.2\selenium-remote-driver-4.1.2.jar;C:\Users\Admin\.m2\repository\com\beust\jcommander\1.82\jcommander-1.82.jar;C:\Users\Admin\.m2\repository\io\netty\netty-buffer\4.1.73.Final\netty-buffer-4.1.73.Final.jar;C:\Users\Admin\.m2\repository\io\netty\netty-codec-http\4.1.73.Final\netty-codec-http-4.1.73.Final.jar;C:\Users\Admin\.m2\repository\io\netty\netty-codec\4.1.73.Final\netty-codec-4.1.73.Final.jar;C:\Users\Admin\.m2\repository\io\netty\netty-handler\4.1.73.Final\netty-handler-4.1.73.Final.jar;C:\Users\Admin\.m2\repository\io\netty\netty-tcnative-classes\2.0.46.Final\netty-tcnative-classes-2.0.46.Final.jar;C:\Users\Admin\.m2\repository\io\netty\netty-common\4.1.73.Final\netty-common-4.1.73.Final.jar;C:\Users\Admin\.m2\repository\io\netty\netty-transport-classes-epoll\4.1.73.Final\netty-transport-classes-epoll-4.1.73.Final.jar;C:\Users\Admin\.m2\repository\io\netty\netty-transport-classes-kqueue\4.1.73.Final\netty-transport-classes-kqueue-4.1.73.Final.jar;C:\Users\Admin\.m2\repository\io\netty\netty-transport-native-epoll\4.1.73.Final\netty-transport-native-epoll-4.1.73.Final.jar;C:\Users\Admin\.m2\repository\io\netty\netty-transport-native-kqueue\4.1.73.Final\netty-transport-native-kqueue-4.1.73.Final.jar;C:\Users\Admin\.m2\repository\io\netty\netty-transport-native-unix-common\4.1.73.Final\netty-transport-native-unix-common-4.1.73.Final.jar;C:\Users\Admin\.m2\repository\io\netty\netty-transport\4.1.73.Final\netty-transport-4.1.73.Final.jar;C:\Users\Admin\.m2\repository\io\netty\netty-resolver\4.1.73.Final\netty-resolver-4.1.73.Final.jar;C:\Users\Admin\.m2\repository\io\opentelemetry\opentelemetry-api\1.10.1\opentelemetry-api-1.10.1.jar;C:\Users\Admin\.m2\repository\io\opentelemetry\opentelemetry-context\1.10.1\opentelemetry-context-1.10.1.jar;C:\Users\Admin\.m2\repository\io\opentelemetry\opentelemetry-exporter-logging\1.10.1\opentelemetry-exporter-logging-1.10.1.jar;C:\Users\Admin\.m2\repository\io\opentelemetry\opentelemetry-sdk-metrics\1.10.1-alpha\opentelemetry-sdk-metrics-1.10.1-alpha.jar;C:\Users\Admin\.m2\repository\io\opentelemetry\opentelemetry-sdk-logs\1.10.1-alpha\opentelemetry-sdk-logs-1.10.1-alpha.jar;C:\Users\Admin\.m2\repository\io\opentelemetry\opentelemetry-sdk-common\1.10.1\opentelemetry-sdk-common-1.10.1.jar;C:\Users\Admin\.m2\repository\io\opentelemetry\opentelemetry-sdk-extension-autoconfigure-spi\1.10.1\opentelemetry-sdk-extension-autoconfigure-spi-1.10.1.jar;C:\Users\Admin\.m2\repository\io\opentelemetry\opentelemetry-sdk-extension-autoconfigure\1.10.1-alpha\opentelemetry-sdk-extension-autoconfigure-1.10.1-alpha.jar;C:\Users\Admin\.m2\repository\io\opentelemetry\opentelemetry-sdk-trace\1.10.1\opentelemetry-sdk-trace-1.10.1.jar;C:\Users\Admin\.m2\repository\io\opentelemetry\opentelemetry-sdk\1.10.1\opentelemetry-sdk-1.10.1.jar;C:\Users\Admin\.m2\repository\io\opentelemetry\opentelemetry-semconv\1.10.1-alpha\opentelemetry-semconv-1.10.1-alpha.jar;C:\Users\Admin\.m2\repository\io\ous\jtoml\2.0.0\jtoml-2.0.0.jar;C:\Users\Admin\.m2\repository\org\apache\commons\commons-exec\1.3\commons-exec-1.3.jar;C:\Users\Admin\.m2\repository\org\asynchttpclient\async-http-client\2.12.3\async-http-client-2.12.3.jar;C:\Users\Admin\.m2\repository\org\asynchttpclient\async-http-client-netty-utils\2.12.3\async-http-client-netty-utils-2.12.3.jar;C:\Users\Admin\.m2\repository\io\netty\netty-codec-socks\4.1.60.Final\netty-codec-socks-4.1.60.Final.jar;C:\Users\Admin\.m2\repository\io\netty\netty-handler-proxy\4.1.60.Final\netty-handler-proxy-4.1.60.Final.jar;C:\Users\Admin\.m2\repository\io\netty\netty-transport-native-epoll\4.1.60.Final\netty-transport-native-epoll-4.1.60.Final-linux-x86_64.jar;C:\Users\Admin\.m2\repository\io\netty\netty-transport-native-kqueue\4.1.60.Final\netty-transport-native-kqueue-4.1.60.Final-osx-x86_64.jar;C:\Users\Admin\.m2\repository\org\reactivestreams\reactive-streams\1.0.3\reactive-streams-1.0.3.jar;C:\Users\Admin\.m2\repository\com\typesafe\netty\netty-reactive-streams\2.0.4\netty-reactive-streams-2.0.4.jar;C:\Users\Admin\.m2\repository\org\seleniumhq\selenium\selenium-http\4.1.2\selenium-http-4.1.2.jar;C:\Users\Admin\.m2\repository\net\jodah\failsafe\2.4.4\failsafe-2.4.4.jar;C:\Users\Admin\.m2\repository\org\seleniumhq\selenium\selenium-safari-driver\4.1.2\selenium-safari-driver-4.1.2.jar;C:\Users\Admin\.m2\repository\org\seleniumhq\selenium\selenium-api\4.1.2\selenium-api-4.1.2.jar;C:\Users\Admin\.m2\repository\org\seleniumhq\selenium\selenium-support\4.1.2\selenium-support-4.1.2.jar;C:\Users\Admin\.m2\repository\com\google\auto\service\auto-service-annotations\1.0.1\auto-service-annotations-1.0.1.jar;C:\Users\Admin\.m2\repository\com\google\auto\service\auto-service\1.0.1\auto-service-1.0.1.jar;C:\Users\Admin\.m2\repository\com\google\auto\auto-common\1.2\auto-common-1.2.jar;C:\Users\Admin\.m2\repository\org\seleniumhq\selenium\selenium-json\4.1.2\selenium-json-4.1.2.jar;C:\Users\Admin\.m2\repository\org\seleniumhq\selenium\selenium-chrome-driver\4.1.2\selenium-chrome-driver-4.1.2.jar;C:\Users\Admin\.m2\repository\org\seleniumhq\selenium\selenium-chromium-driver\4.1.2\selenium-chromium-driver-4.1.2.jar;C:\Users\Admin\.m2\repository\org\seleniumhq\selenium\selenium-firefox-driver\4.1.2\selenium-firefox-driver-4.1.2.jar;C:\Users\Admin\.m2\repository\org\seleniumhq\selenium\selenium-edge-driver\4.1.2\selenium-edge-driver-4.1.2.jar;C:\Users\Admin\.m2\repository\org\seleniumhq\selenium\selenium-ie-driver\4.1.2\selenium-ie-driver-4.1.2.jar;C:\Users\Admin\.m2\repository\org\projectlombok\lombok\1.18.20\lombok-1.18.20.jar;C:\Users\Admin\.m2\repository\io\appium\java-client\8.0.0\java-client-8.0.0.jar;C:\Users\Admin\.m2\repository\commons-validator\commons-validator\1.7\commons-validator-1.7.jar;C:\Users\Admin\.m2\repository\commons-digester\commons-digester\2.1\commons-digester-2.1.jar;C:\Users\Admin\.m2\repository\org\aspectj\aspectjweaver\1.9.8\aspectjweaver-1.9.8.jar;C:\Users\Admin\.m2\repository\org\codehaus\groovy\groovy\3.0.10\groovy-3.0.10.jar;C:\Users\Admin\.m2\repository\net\sf\opencsv\opencsv\2.0\opencsv-2.0.jar;C:\Users\Admin\.m2\repository\commons-beanutils\commons-beanutils\1.9.4\commons-beanutils-1.9.4.jar;C:\Users\Admin\.m2\repository\org\apache\commons\commons-lang3\3.12.0\commons-lang3-3.12.0.jar;C:\Users\Admin\.m2\repository\commons-collections\commons-collections\3.2.2\commons-collections-3.2.2.jar;C:\Users\Admin\.m2\repository\org\fluentlenium\fluentlenium-core\0.10.2\fluentlenium-core-0.10.2.jar;C:\Users\Admin\.m2\repository\io\github\bonigarcia\webdrivermanager\5.1.0\webdrivermanager-5.1.0.jar;C:\Users\Admin\.m2\repository\com\github\docker-java\docker-java\3.2.13\docker-java-3.2.13.jar;C:\Users\Admin\.m2\repository\com\github\docker-java\docker-java-core\3.2.13\docker-java-core-3.2.13.jar;C:\Users\Admin\.m2\repository\com\github\docker-java\docker-java-api\3.2.13\docker-java-api-3.2.13.jar;C:\Users\Admin\.m2\repository\org\apache\commons\commons-compress\1.21\commons-compress-1.21.jar;C:\Users\Admin\.m2\repository\org\bouncycastle\bcpkix-jdk15on\1.64\bcpkix-jdk15on-1.64.jar;C:\Users\Admin\.m2\repository\org\bouncycastle\bcprov-jdk15on\1.64\bcprov-jdk15on-1.64.jar;C:\Users\Admin\.m2\repository\org\slf4j\jcl-over-slf4j\1.7.30\jcl-over-slf4j-1.7.30.jar;C:\Users\Admin\.m2\repository\com\github\docker-java\docker-java-transport-httpclient5\3.2.13\docker-java-transport-httpclient5-3.2.13.jar;C:\Users\Admin\.m2\repository\com\github\docker-java\docker-java-transport\3.2.13\docker-java-transport-3.2.13.jar;C:\Users\Admin\.m2\repository\org\apache\httpcomponents\client5\httpclient5\5.0.3\httpclient5-5.0.3.jar;C:\Users\Admin\.m2\repository\org\apache\httpcomponents\core5\httpcore5\5.0.2\httpcore5-5.0.2.jar;C:\Users\Admin\.m2\repository\net\java\dev\jna\jna\5.8.0\jna-5.8.0.jar;C:\Users\Admin\.m2\repository\org\brotli\dec\0.1.2\dec-0.1.2.jar;C:\Users\Admin\.m2\repository\com\jhlabs\filters\2.0.235\filters-2.0.235.jar;C:\Users\Admin\.m2\repository\com\paulhammant\ngwebdriver\1.1.6\ngwebdriver-1.1.6.jar;C:\Users\Admin\.m2\repository\joda-time\joda-time\2.8.2\joda-time-2.8.2.jar;C:\Users\Admin\.m2\repository\org\hamcrest\hamcrest\2.2\hamcrest-2.2.jar;C:\Users\Admin\.m2\repository\com\google\jimfs\jimfs\1.2\jimfs-1.2.jar;C:\Users\Admin\.m2\repository\org\mockito\mockito-core\3.3.3\mockito-core-3.3.3.jar;C:\Users\Admin\.m2\repository\javax\xml\bind\jaxb-api\2.3.1\jaxb-api-2.3.1.jar;C:\Users\Admin\.m2\repository\javax\activation\javax.activation-api\1.2.0\javax.activation-api-1.2.0.jar;C:\Users\Admin\.m2\repository\com\sun\xml\bind\jaxb-core\2.3.0.1\jaxb-core-2.3.0.1.jar;C:\Users\Admin\.m2\repository\com\sun\xml\bind\jaxb-impl\2.3.3\jaxb-impl-2.3.3.jar;C:\Users\Admin\.m2\repository\jakarta\xml\bind\jakarta.xml.bind-api\2.3.3\jakarta.xml.bind-api-2.3.3.jar;C:\Users\Admin\.m2\repository\com\sun\activation\jakarta.activation\1.2.2\jakarta.activation-1.2.2.jar;C:\Users\Admin\.m2\repository\javax\activation\activation\1.1.1\activation-1.1.1.jar;C:\Users\Admin\.m2\repository\net\serenity-bdd\serenity-cucumber\3.2.1\serenity-cucumber-3.2.1.jar;C:\Users\Admin\.m2\repository\io\cucumber\cucumber-core\7.2.3\cucumber-core-7.2.3.jar;C:\Users\Admin\.m2\repository\io\cucumber\cucumber-gherkin\7.2.3\cucumber-gherkin-7.2.3.jar;C:\Users\Admin\.m2\repository\io\cucumber\cucumber-gherkin-messages\7.2.3\cucumber-gherkin-messages-7.2.3.jar;C:\Users\Admin\.m2\repository\io\cucumber\messages\17.1.1\messages-17.1.1.jar;C:\Users\Admin\.m2\repository\io\cucumber\tag-expressions\4.1.0\tag-expressions-4.1.0.jar;C:\Users\Admin\.m2\repository\io\cucumber\cucumber-expressions\15.0.1\cucumber-expressions-15.0.1.jar;C:\Users\Admin\.m2\repository\io\cucumber\datatable\7.2.3\datatable-7.2.3.jar;C:\Users\Admin\.m2\repository\io\cucumber\cucumber-plugin\7.2.3\cucumber-plugin-7.2.3.jar;C:\Users\Admin\.m2\repository\io\cucumber\docstring\7.2.3\docstring-7.2.3.jar;C:\Users\Admin\.m2\repository\io\cucumber\html-formatter\17.0.0\html-formatter-17.0.0.jar;C:\Users\Admin\.m2\repository\io\cucumber\ci-environment\8.1.0\ci-environment-8.1.0.jar;C:\Users\Admin\.m2\repository\io\cucumber\cucumber-junit\7.2.3\cucumber-junit-7.2.3.jar;C:\Users\Admin\.m2\repository\org\apache\commons\commons-csv\1.5\commons-csv-1.5.jar;C:\Users\Admin\.m2\repository\net\serenity-bdd\serenity-screenplay\3.2.1\serenity-screenplay-3.2.1.jar;C:\Users\Admin\.m2\repository\net\serenity-bdd\serenity-screenplay-webdriver\3.2.1\serenity-screenplay-webdriver-3.2.1.jar;C:\Users\Admin\.m2\repository\net\serenity-bdd\serenity-ensure\3.2.1\serenity-ensure-3.2.1.jar;C:\Users\Admin\.m2\repository\net\serenity-bdd\serenity-junit\3.2.1\serenity-junit-3.2.1.jar;C:\Users\Admin\.m2\repository\org\jetbrains\kotlin\kotlin-stdlib\1.6.0\kotlin-stdlib-1.6.0.jar;C:\Users\Admin\.m2\repository\org\jetbrains\annotations\13.0\annotations-13.0.jar;C:\Users\Admin\.m2\repository\org\jetbrains\kotlin\kotlin-stdlib-common\1.6.0\kotlin-stdlib-common-1.6.0.jar;C:\Users\Admin\.m2\repository\org\junit\platform\junit-platform-launcher\1.8.1\junit-platform-launcher-1.8.1.jar;C:\Users\Admin\.m2\repository\org\junit\platform\junit-platform-engine\1.8.1\junit-platform-engine-1.8.1.jar;C:\Users\Admin\.m2\repository\org\opentest4j\opentest4j\1.2.0\opentest4j-1.2.0.jar;C:\Users\Admin\.m2\repository\org\junit\platform\junit-platform-commons\1.8.1\junit-platform-commons-1.8.1.jar;C:\Users\Admin\.m2\repository\org\apiguardian\apiguardian-api\1.1.2\apiguardian-api-1.1.2.jar;C:\Users\Admin\.m2\repository\org\junit\jupiter\junit-jupiter-engine\5.8.2\junit-jupiter-engine-5.8.2.jar;C:\Users\Admin\.m2\repository\org\junit\jupiter\junit-jupiter-api\5.8.2\junit-jupiter-api-5.8.2.jar;C:\Users\Admin\.m2\repository\org\junit\vintage\junit-vintage-engine\5.8.2\junit-vintage-engine-5.8.2.jar;C:\Users\Admin\.m2\repository\junit\junit\4.13.2\junit-4.13.2.jar;C:\Users\Admin\.m2\repository\org\hamcrest\hamcrest-core\1.3\hamcrest-core-1.3.jar;C:\Users\Admin\.m2\repository\ch\qos\logback\logback-classic\1.2.10\logback-classic-1.2.10.jar;C:\Users\Admin\.m2\repository\ch\qos\logback\logback-core\1.2.10\logback-core-1.2.10.jar;C:\Users\Admin\.m2\repository\org\slf4j\slf4j-api\1.7.32\slf4j-api-1.7.32.jar;C:\Users\Admin\.m2\repository\org\assertj\assertj-core\3.6.2\assertj-core-3.6.2.jar;"/>
    <property name="sun.cpu.endian" value="little"/>
    <property name="user.home" value="C:\Users\Admin"/>
    <property name="user.language" value="en"/>
    <property name="java.specification.vendor" value="Oracle Corporation"/>
    <property name="java.home" value="C:\Program Files\Java\jdk1.8.0_321\jre"/>
    <property name="tags" value="@login"/>
    <property name="basedir" value="D:\kampus merdeka\Intelij\miniproject\web"/>
    <property name="file.separator" value="\"/>
    <property name="line.separator" value="&#10;"/>
    <property name="java.vm.specification.vendor" value="Oracle Corporation"/>
    <property name="java.specification.name" value="Java Platform API Specification"/>
    <property name="java.awt.graphicsenv" value="sun.awt.Win32GraphicsEnvironment"/>
    <property name="surefire.real.class.path" value="C:\Users\Admin\AppData\Local\Temp\surefire3622415666675452875\surefirebooter2187791896361543671.jar"/>
    <property name="sun.boot.class.path" value="C:\Program Files\Java\jdk1.8.0_321\jre\lib\resources.jar;C:\Program Files\Java\jdk1.8.0_321\jre\lib\rt.jar;C:\Program Files\Java\jdk1.8.0_321\jre\lib\sunrsasign.jar;C:\Program Files\Java\jdk1.8.0_321\jre\lib\jsse.jar;C:\Program Files\Java\jdk1.8.0_321\jre\lib\jce.jar;C:\Program Files\Java\jdk1.8.0_321\jre\lib\charsets.jar;C:\Program Files\Java\jdk1.8.0_321\jre\lib\jfr.jar;C:\Program Files\Java\jdk1.8.0_321\jre\classes"/>
    <property name="user.script" value=""/>
    <property name="java.protocol.handler.pkgs" value="com.google.common"/>
    <property name="sun.management.compiler" value="HotSpot 64-Bit Tiered Compilers"/>
    <property name="java.runtime.version" value="1.8.0_321-b07"/>
    <property name="user.name" value="Admin"/>
    <property name="path.separator" value=";"/>
    <property name="os.version" value="10.0"/>
    <property name="java.endorsed.dirs" value="C:\Program Files\Java\jdk1.8.0_321\jre\lib\endorsed"/>
    <property name="java.runtime.name" value="Java(TM) SE Runtime Environment"/>
    <property name="file.encoding" value="Cp1252"/>
    <property name="webdriver.base.url" value=""/>
    <property name="java.vm.name" value="Java HotSpot(TM) 64-Bit Server VM"/>
    <property name="localRepository" value="C:\Users\Admin\.m2\repository"/>
    <property name="java.vendor.url.bug" value="http://bugreport.sun.com/bugreport/"/>
    <property name="java.io.tmpdir" value="C:\Users\Admin\AppData\Local\Temp\"/>
    <property name="java.version" value="1.8.0_321"/>
    <property name="user.dir" value="D:\kampus merdeka\Intelij\miniproject\web"/>
    <property name="os.arch" value="amd64"/>
    <property name="java.vm.specification.name" value="Java Virtual Machine Specification"/>
    <property name="java.awt.printerjob" value="sun.awt.windows.WPrinterJob"/>
    <property name="sun.os.patch.level" value=""/>
    <property name="java.library.path" value="C:\Program Files\Java\jdk1.8.0_321\jre\bin;C:\Windows\Sun\Java\bin;C:\Windows\system32;C:\Windows;C:\Program Files (x86)\Common Files\Oracle\Java\javapath;C:\Windows\system32;C:\Windows;C:\Windows\System32\Wbem;C:\Windows\System32\WindowsPowerShell\v1.0\;C:\Windows\System32\OpenSSH\;C:\Program Files\MATLAB\R2016a\runtime\win64;C:\Program Files\MATLAB\R2016a\bin;C:\Program Files\MATLAB\R2016a\polyspace\bin;C:\Program Files\Git\cmd;C:\Program Files\Git\mingw64\bin;C:\Program Files\Git\usr\bin;C:\Program Files (x86)\dotnet\;C:\OPT\apache-maven-3.8.5\bin;%M2_HOME%\bin;D:\Program Files\;C:\Users\Admin\AppData\Local\Android\Sdk\platform-tools;%ANDROID_HOME%;C:\Users\Admin\AppData\Local\Microsoft\WindowsApps;;C:\Users\Admin\AppData\Local\Programs\Microsoft VS Code\bin;C:\Users\Admin\AppData\Roaming\npm;."/>
    <property name="java.vm.info" value="mixed mode"/>
    <property name="java.vendor" value="Oracle Corporation"/>
    <property name="java.vm.version" value="25.321-b07"/>
    <property name="java.ext.dirs" value="C:\Program Files\Java\jdk1.8.0_321\jre\lib\ext;C:\Windows\Sun\Java\lib\ext"/>
    <property name="sun.io.unicode.encoding" value="UnicodeLittle"/>
    <property name="java.class.version" value="52.0"/>
  </properties>
  <testcase name="As user i have be able to success login" classname="As user I want to login So that i can see home page" time="20.87">
    <system-out><![CDATA[23:33:49.420 [main] INFO io.cucumber.core.plugin.SerenityReporter - Running feature from file:///D:/kampus%20merdeka/Intelij/miniproject/web/src/test/resources/features/Bookstore.feature
23:33:49.826 [main] INFO  - 

-------------------------------------------------------------------------------------
     _______. _______ .______       _______ .__   __.  __  .___________.____    ____ 
    /       ||   ____||   _  \     |   ____||  \ |  | |  | |           |\   \  /   / 
   |   (----`|  |__   |  |_)  |    |  |__   |   \|  | |  | `---|  |----` \   \/   /  
    \   \    |   __|  |      /     |   __|  |  . `  | |  |     |  |       \_    _/   
.----)   |   |  |____ |  |\  \----.|  |____ |  |\   | |  |     |  |         |  |     
|_______/    |_______|| _| `._____||_______||__| \__| |__|     |__|         |__|    
                                                                                     
 News and tutorials at http://www.serenity-bdd.info                                  
 Documentation at https://wakaleo.gitbooks.io/the-serenity-book/content/             
 Join the Serenity Community on Gitter: https://gitter.im/serenity-bdd/serenity-core 
 Serenity BDD Support and Training at http://serenity-bdd.info/#/trainingandsupport  
-------------------------------------------------------------------------------------

23:33:49.831 [main] DEBUG net.thucydides.core.steps.StepEventBus - Test suite started for story net.thucydides.core.model.Story@73942bea
23:33:49.835 [main] INFO  - Test Suite Started: As a user I want to visit bookstore So that i can see existing book in store
23:33:49.923 [main] INFO io.cucumber.core.plugin.SerenityReporter - Running feature from file:///D:/kampus%20merdeka/Intelij/miniproject/web/src/test/resources/features/Login.feature
23:33:49.932 [main] DEBUG net.thucydides.core.steps.StepEventBus - Test suite started for story net.thucydides.core.model.Story@ce9267e8
23:33:49.932 [main] INFO  - Test Suite Started: As user I want to login So that i can see home page
23:33:49.933 [main] INFO io.cucumber.core.plugin.SerenityReporter - Running feature from file:///D:/kampus%20merdeka/Intelij/miniproject/web/src/test/resources/features/Login.feature
23:33:49.938 [main] DEBUG net.thucydides.core.steps.StepEventBus - Test suite started for story net.thucydides.core.model.Story@ce9267e8
23:33:49.940 [main] INFO  - Test Suite Started: As user I want to login So that i can see home page

@login @positive
Scenario: As user i have be able to success login &amp#27;[90m# src/test/resources/features/Login.feature:8&amp#27;[0m
23:33:50.140 [main] INFO io.cucumber.core.plugin.SerenityReporter - Running feature from file:///D:/kampus%20merdeka/Intelij/miniproject/web/src/test/resources/features/Login.feature
23:33:50.340 [main] INFO  - 
  _____   ___   ___   _____     ___   _____     _     ___   _____   ___   ___  
 |_   _| | __| / __| |_   _|   / __| |_   _|   /_\   | _ \ |_   _| | __| |   \ 
   | |   | _|  \__ \   | |     \__ \   | |    / _ \  |   /   | |   | _|  | |) |
   |_|   |___| |___/   |_|     |___/   |_|   /_/ \_\ |_|_\   |_|   |___| |___/ 

As user i have be able to success login(as-user-i-want-to-login-so-that-i-can-see-home-page;as-user-i-have-be-able-to-success-login)
--------------------------------------------------------------------------------
23:33:51.578 [main] DEBUG net.thucydides.core.steps.StepInterceptor - STARTING STEP: LoginSteps.onLoginPage - openPage
23:33:51.672 [main] INFO net.serenitybdd.core.webdriver.driverproviders.ChromeDriverProvider - Using automatically driver download
23:33:53.244 [main] DEBUG io.github.bonigarcia.wdm.cache.ResolutionCache - Resolution chrome=100 in cache (valid until 23:45:51 27/04/2022 ICT)
23:33:53.258 [main] DEBUG io.github.bonigarcia.wdm.cache.ResolutionCache - Resolution chrome100=100.0.4896.60 in cache (valid until 22:45:51 28/04/2022 ICT)
23:33:53.263 [main] INFO io.github.bonigarcia.wdm.WebDriverManager - Using chromedriver 100.0.4896.60 (resolved driver for Chrome 100)
23:33:53.288 [main] DEBUG io.github.bonigarcia.wdm.WebDriverManager - Driver chromedriver 100.0.4896.60 found in cache
23:33:53.289 [main] INFO io.github.bonigarcia.wdm.WebDriverManager - Exporting webdriver.chrome.driver as C:\Users\Admin\.cache\selenium\chromedriver\win32\100.0.4896.60\chromedriver.exe
23:33:53.470 [main] DEBUG net.thucydides.core.reflection.ClassFinder - Could not load class .starter.CucumberTestSuite
23:33:53.470 [main] DEBUG net.thucydides.core.reflection.ClassFinder - Could not load class .starter.pages.BookstorePage
23:33:53.470 [main] DEBUG net.thucydides.core.reflection.ClassFinder - Could not load class .starter.pages.HomePage
23:33:53.470 [main] DEBUG net.thucydides.core.reflection.ClassFinder - Could not load class .starter.pages.LoginPage
23:33:53.471 [main] DEBUG net.thucydides.core.reflection.ClassFinder - Could not load class .starter.stepdefenitions.BookstoreSteps
23:33:53.471 [main] DEBUG net.thucydides.core.reflection.ClassFinder - Could not load class .starter.stepdefenitions.LoginSteps
23:33:53.622 [main] DEBUG net.serenitybdd.core.webdriver.driverproviders.ProvideNewDriver - Instantiating driver
23:33:53.622 [main] DEBUG net.serenitybdd.core.webdriver.driverproviders.ProvideNewDriver - Driver capabilities: Capabilities {acceptInsecureCerts: false, base.url: https://qa.alta.id/, browserName: chrome, chrome.driver: src/test/resources/webdrive..., driver: chrome, goog:chromeOptions: {args: [], extensions: []}}
23:33:53.752 [main] DEBUG io.netty.util.internal.logging.InternalLoggerFactory - Using SLF4J as the default logging framework
23:33:53.758 [main] DEBUG io.netty.util.ResourceLeakDetector - -Dio.netty.leakDetection.level: simple
23:33:53.759 [main] DEBUG io.netty.util.ResourceLeakDetector - -Dio.netty.leakDetection.targetRecords: 4
23:33:53.766 [main] DEBUG io.netty.util.ResourceLeakDetectorFactory - Loaded default ResourceLeakDetector: io.netty.util.ResourceLeakDetector@4bb147ec
23:33:53.807 [main] DEBUG io.netty.util.internal.PlatformDependent0 - -Dio.netty.noUnsafe: false
23:33:53.807 [main] DEBUG io.netty.util.internal.PlatformDependent0 - Java version: 8
23:33:53.809 [main] DEBUG io.netty.util.internal.PlatformDependent0 - sun.misc.Unsafe.theUnsafe: available
23:33:53.810 [main] DEBUG io.netty.util.internal.PlatformDependent0 - sun.misc.Unsafe.copyMemory: available
23:33:53.811 [main] DEBUG io.netty.util.internal.PlatformDependent0 - java.nio.Buffer.address: available
23:33:53.812 [main] DEBUG io.netty.util.internal.PlatformDependent0 - direct buffer constructor: available
23:33:53.813 [main] DEBUG io.netty.util.internal.PlatformDependent0 - java.nio.Bits.unaligned: available, true
23:33:53.813 [main] DEBUG io.netty.util.internal.PlatformDependent0 - jdk.internal.misc.Unsafe.allocateUninitializedArray(int): unavailable prior to Java9
23:33:53.813 [main] DEBUG io.netty.util.internal.PlatformDependent0 - java.nio.DirectByteBuffer.<init>(long, int): available
23:33:53.813 [main] DEBUG io.netty.util.internal.PlatformDependent - sun.misc.Unsafe: available
23:33:53.814 [main] DEBUG io.netty.util.internal.PlatformDependent - -Dio.netty.tmpdir: C:\Users\Admin\AppData\Local\Temp (java.io.tmpdir)
23:33:53.814 [main] DEBUG io.netty.util.internal.PlatformDependent - -Dio.netty.bitMode: 64 (sun.arch.data.model)
23:33:53.815 [main] DEBUG io.netty.util.internal.PlatformDependent - Platform: Windows
23:33:53.816 [main] DEBUG io.netty.util.internal.PlatformDependent - -Dio.netty.maxDirectMemory: 928514048 bytes
23:33:53.816 [main] DEBUG io.netty.util.internal.PlatformDependent - -Dio.netty.uninitializedArrayAllocationThreshold: -1
23:33:53.819 [main] DEBUG io.netty.util.internal.CleanerJava6 - java.nio.ByteBuffer.cleaner(): available
23:33:53.819 [main] DEBUG io.netty.util.internal.PlatformDependent - -Dio.netty.noPreferDirect: false
23:33:53.834 [main] DEBUG io.netty.util.internal.PlatformDependent - org.jctools-core.MpscChunkedArrayQueue: available
23:33:53.872 [main] DEBUG io.netty.util.internal.InternalThreadLocalMap - -Dio.netty.threadLocalMap.stringBuilder.initialSize: 1024
23:33:53.872 [main] DEBUG io.netty.util.internal.InternalThreadLocalMap - -Dio.netty.threadLocalMap.stringBuilder.maxSize: 4096
23:33:53.908 [main] DEBUG io.netty.handler.ssl.JdkSslContext - Default protocols (JDK): [TLSv1.2] 
23:33:53.908 [main] DEBUG io.netty.handler.ssl.JdkSslContext - Default cipher suites (JDK): [TLS_ECDHE_ECDSA_WITH_AES_256_GCM_SHA384, TLS_ECDHE_ECDSA_WITH_AES_128_GCM_SHA256, TLS_ECDHE_RSA_WITH_AES_128_GCM_SHA256, TLS_ECDHE_RSA_WITH_AES_256_GCM_SHA384, TLS_ECDHE_RSA_WITH_AES_128_CBC_SHA, TLS_ECDHE_RSA_WITH_AES_256_CBC_SHA, TLS_RSA_WITH_AES_128_GCM_SHA256, TLS_RSA_WITH_AES_128_CBC_SHA, TLS_RSA_WITH_AES_256_CBC_SHA, TLS_AES_128_GCM_SHA256, TLS_AES_256_GCM_SHA384]
23:33:53.960 [main] DEBUG io.netty.channel.MultithreadEventLoopGroup - -Dio.netty.eventLoopThreads: 8
23:33:53.974 [main] DEBUG io.netty.channel.nio.NioEventLoop - -Dio.netty.noKeySetOptimization: false
23:33:53.974 [main] DEBUG io.netty.channel.nio.NioEventLoop - -Dio.netty.selectorAutoRebuildThreshold: 512
23:33:54.024 [main] DEBUG io.netty.buffer.PooledByteBufAllocator - -Dio.netty.allocator.numHeapArenas: 8
23:33:54.024 [main] DEBUG io.netty.buffer.PooledByteBufAllocator - -Dio.netty.allocator.numDirectArenas: 8
23:33:54.024 [main] DEBUG io.netty.buffer.PooledByteBufAllocator - -Dio.netty.allocator.pageSize: 8192
23:33:54.024 [main] DEBUG io.netty.buffer.PooledByteBufAllocator - -Dio.netty.allocator.maxOrder: 11
23:33:54.025 [main] DEBUG io.netty.buffer.PooledByteBufAllocator - -Dio.netty.allocator.chunkSize: 16777216
23:33:54.025 [main] DEBUG io.netty.buffer.PooledByteBufAllocator - -Dio.netty.allocator.smallCacheSize: 256
23:33:54.025 [main] DEBUG io.netty.buffer.PooledByteBufAllocator - -Dio.netty.allocator.normalCacheSize: 64
23:33:54.025 [main] DEBUG io.netty.buffer.PooledByteBufAllocator - -Dio.netty.allocator.maxCachedBufferCapacity: 32768
23:33:54.025 [main] DEBUG io.netty.buffer.PooledByteBufAllocator - -Dio.netty.allocator.cacheTrimInterval: 8192
23:33:54.025 [main] DEBUG io.netty.buffer.PooledByteBufAllocator - -Dio.netty.allocator.cacheTrimIntervalMillis: 0
23:33:54.025 [main] DEBUG io.netty.buffer.PooledByteBufAllocator - -Dio.netty.allocator.useCacheForAllThreads: true
23:33:54.025 [main] DEBUG io.netty.buffer.PooledByteBufAllocator - -Dio.netty.allocator.maxCachedByteBuffersPerChunk: 1023
23:33:54.038 [main] DEBUG io.netty.buffer.ByteBufUtil - -Dio.netty.allocator.type: pooled
23:33:54.038 [main] DEBUG io.netty.buffer.ByteBufUtil - -Dio.netty.threadLocalDirectBufferSize: 0
23:33:54.038 [main] DEBUG io.netty.buffer.ByteBufUtil - -Dio.netty.maxThreadLocalCharBufferSize: 16384
23:33:55.042 [Forwarding newSession on session null to remote] DEBUG io.netty.channel.DefaultChannelId - -Dio.netty.processId: 13052 (auto-detected)
23:33:55.045 [Forwarding newSession on session null to remote] DEBUG io.netty.util.NetUtil - -Djava.net.preferIPv4Stack: false
23:33:55.046 [Forwarding newSession on session null to remote] DEBUG io.netty.util.NetUtil - -Djava.net.preferIPv6Addresses: false
23:33:55.269 [Forwarding newSession on session null to remote] DEBUG io.netty.util.NetUtilInitializations - Loopback interface: lo (Software Loopback Interface 1, 127.0.0.1)
23:33:55.270 [Forwarding newSession on session null to remote] DEBUG io.netty.util.NetUtil - Failed to get SOMAXCONN from sysctl and file \proc\sys\net\core\somaxconn. Default: 200
23:33:55.443 [Forwarding newSession on session null to remote] DEBUG io.netty.channel.DefaultChannelId - -Dio.netty.machineId: 10:0b:a9:ff:fe:13:bd:20 (auto-detected)
23:33:55.535 [AsyncHttpClient-1-2] DEBUG io.netty.buffer.AbstractByteBuf - -Dio.netty.buffer.checkAccessible: true
23:33:55.536 [AsyncHttpClient-1-2] DEBUG io.netty.buffer.AbstractByteBuf - -Dio.netty.buffer.checkBounds: true
23:33:55.536 [AsyncHttpClient-1-2] DEBUG io.netty.util.ResourceLeakDetectorFactory - Loaded default ResourceLeakDetector: io.netty.util.ResourceLeakDetector@585550c4
23:33:55.557 [AsyncHttpClient-1-2] DEBUG org.asynchttpclient.netty.channel.NettyConnectListener - Using new Channel '[id: 0xadf65b88, L:/127.0.0.1:62930 - R:localhost/127.0.0.1:51484]' for 'POST' to '/session'
23:33:55.586 [AsyncHttpClient-1-2] DEBUG io.netty.util.Recycler - -Dio.netty.recycler.maxCapacityPerThread: 4096
23:33:55.586 [AsyncHttpClient-1-2] DEBUG io.netty.util.Recycler - -Dio.netty.recycler.ratio: 8
23:33:55.587 [AsyncHttpClient-1-2] DEBUG io.netty.util.Recycler - -Dio.netty.recycler.chunkSize: 32
23:33:55.587 [AsyncHttpClient-1-2] DEBUG io.netty.util.Recycler - -Dio.netty.recycler.blocking: false
23:33:57.740 [AsyncHttpClient-1-2] DEBUG io.netty.handler.codec.compression.Brotli - brotli4j not in the classpath; Brotli support will be unavailable.
23:33:57.741 [AsyncHttpClient-1-2] DEBUG org.asynchttpclient.netty.handler.HttpHandler - 

Request DefaultHttpRequest(decodeResult: success, version: HTTP/1.1)
POST /session HTTP/1.1
User-Agent: selenium/4.1.2 (java windows)
Content-Length: 605
Content-Type: application/json; charset=utf-8
host: localhost:51484
accept: */*

Response DefaultHttpResponse(decodeResult: success, version: HTTP/1.1)
HTTP/1.1 200 OK
Content-Type: application/json; charset=utf-8
cache-control: no-cache
content-length: 791

23:33:57.774 [AsyncHttpClient-1-2] DEBUG org.asynchttpclient.netty.channel.ChannelManager - Adding key: http://localhost:51484 for channel [id: 0xadf65b88, L:/127.0.0.1:62930 - R:localhost/127.0.0.1:51484]
23:33:58.044 [AsyncHttpClient-1-3] DEBUG org.asynchttpclient.netty.channel.NettyConnectListener - Using new Channel '[id: 0x0dea69ba, L:/127.0.0.1:62939 - R:localhost/127.0.0.1:62931]' for 'GET' to '/json/version'
23:33:58.048 [AsyncHttpClient-1-3] DEBUG org.asynchttpclient.netty.handler.HttpHandler - 

Request DefaultFullHttpRequest(decodeResult: success, version: HTTP/1.1, content: EmptyByteBufBE)
GET /json/version HTTP/1.1
User-Agent: selenium/4.1.2 (java windows)
host: localhost:62931
accept: */*

Response DefaultHttpResponse(decodeResult: success, version: HTTP/1.1)
HTTP/1.1 200 OK
Content-Type: application/json; charset=UTF-8
content-length: 429

23:33:58.049 [AsyncHttpClient-1-3] DEBUG org.asynchttpclient.netty.channel.ChannelManager - Adding key: http://localhost:62931 for channel [id: 0x0dea69ba, L:/127.0.0.1:62939 - R:localhost/127.0.0.1:62931]
23:33:58.069 [main] DEBUG io.netty.util.internal.ThreadLocalRandom - -Dio.netty.initialSeedUniquifier: 0x78bb41ac34dc4cdf
23:33:58.094 [AsyncHttpClient-1-4] DEBUG org.asynchttpclient.netty.channel.NettyConnectListener - Using new Channel '[id: 0xec4a2eb3, L:/127.0.0.1:62940 - R:localhost/127.0.0.1:62931]' for 'GET' to '/devtools/browser/73949600-c661-417d-ae7f-30614dd1aa8d'
23:33:58.097 [AsyncHttpClient-1-4] DEBUG org.asynchttpclient.netty.handler.WebSocketHandler - 

Request DefaultFullHttpRequest(decodeResult: success, version: HTTP/1.1, content: EmptyByteBufBE)
GET /devtools/browser/73949600-c661-417d-ae7f-30614dd1aa8d HTTP/1.1
upgrade: websocket
connection: upgrade
sec-websocket-key: BHUdev5ndsf/C6J3lo7GvA==
sec-websocket-version: 13
origin: http://localhost:62931
host: localhost:62931
accept: */*
user-agent: AHC/2.1

Response DefaultHttpResponse(decodeResult: success, version: HTTP/1.1)
HTTP/1.1 101 WebSocket Protocol Handshake
Upgrade: WebSocket
Connection: Upgrade
Sec-WebSocket-Accept: xDXWNPi1rTdpWYIz1x1GM+lt7mU=

23:33:58.246 [AsyncHttpClient-1-1] DEBUG org.asynchttpclient.netty.channel.DefaultChannelPool - Entry count for : http://localhost:51484 : 1
23:33:58.246 [AsyncHttpClient-1-1] DEBUG org.asynchttpclient.netty.channel.DefaultChannelPool - Entry count for : http://localhost:62931 : 1
23:33:58.260 [Forwarding setCurrentWindowSize on session 4163dbc6d0b2fc00ddf9c5c093c45af7 to remote] DEBUG org.asynchttpclient.netty.request.NettyRequestSender - Using pooled Channel '[id: 0xadf65b88, L:/127.0.0.1:62930 - R:localhost/127.0.0.1:51484]' for 'POST' to 'http://localhost:51484/session/4163dbc6d0b2fc00ddf9c5c093c45af7/window/rect'
23:33:58.260 [Forwarding setCurrentWindowSize on session 4163dbc6d0b2fc00ddf9c5c093c45af7 to remote] DEBUG org.asynchttpclient.netty.request.NettyRequestSender - Using open Channel [id: 0xadf65b88, L:/127.0.0.1:62930 - R:localhost/127.0.0.1:51484] for POST '/session/4163dbc6d0b2fc00ddf9c5c093c45af7/window/rect'
23:33:58.392 [AsyncHttpClient-1-2] DEBUG org.asynchttpclient.netty.handler.HttpHandler - 

Request DefaultHttpRequest(decodeResult: success, version: HTTP/1.1)
POST /session/4163dbc6d0b2fc00ddf9c5c093c45af7/window/rect HTTP/1.1
User-Agent: selenium/4.1.2 (java windows)
Content-Length: 37
Content-Type: application/json; charset=utf-8
host: localhost:51484
accept: */*

Response DefaultHttpResponse(decodeResult: success, version: HTTP/1.1)
HTTP/1.1 200 OK
Content-Type: application/json; charset=utf-8
cache-control: no-cache
content-length: 51

23:33:58.393 [AsyncHttpClient-1-2] DEBUG org.asynchttpclient.netty.channel.ChannelManager - Adding key: http://localhost:51484 for channel [id: 0xadf65b88, L:/127.0.0.1:62930 - R:localhost/127.0.0.1:51484]
23:33:58.400 [Forwarding setWindowPosition on session 4163dbc6d0b2fc00ddf9c5c093c45af7 to remote] DEBUG org.asynchttpclient.netty.request.NettyRequestSender - Using pooled Channel '[id: 0xadf65b88, L:/127.0.0.1:62930 - R:localhost/127.0.0.1:51484]' for 'POST' to 'http://localhost:51484/session/4163dbc6d0b2fc00ddf9c5c093c45af7/window/rect'
23:33:58.401 [Forwarding setWindowPosition on session 4163dbc6d0b2fc00ddf9c5c093c45af7 to remote] DEBUG org.asynchttpclient.netty.request.NettyRequestSender - Using open Channel [id: 0xadf65b88, L:/127.0.0.1:62930 - R:localhost/127.0.0.1:51484] for POST '/session/4163dbc6d0b2fc00ddf9c5c093c45af7/window/rect'
23:33:58.520 [AsyncHttpClient-1-2] DEBUG org.asynchttpclient.netty.handler.HttpHandler - 

Request DefaultHttpRequest(decodeResult: success, version: HTTP/1.1)
POST /session/4163dbc6d0b2fc00ddf9c5c093c45af7/window/rect HTTP/1.1
User-Agent: selenium/4.1.2 (java windows)
Content-Length: 22
Content-Type: application/json; charset=utf-8
host: localhost:51484
accept: */*

Response DefaultHttpResponse(decodeResult: success, version: HTTP/1.1)
HTTP/1.1 200 OK
Content-Type: application/json; charset=utf-8
cache-control: no-cache
content-length: 49

23:33:58.521 [AsyncHttpClient-1-2] DEBUG org.asynchttpclient.netty.channel.ChannelManager - Adding key: http://localhost:51484 for channel [id: 0xadf65b88, L:/127.0.0.1:62930 - R:localhost/127.0.0.1:51484]
23:33:58.799 [main] DEBUG net.thucydides.core.reflection.ClassFinder - Could not load class .starter.CucumberTestSuite
23:33:58.799 [main] DEBUG net.thucydides.core.reflection.ClassFinder - Could not load class .starter.pages.BookstorePage
23:33:58.799 [main] DEBUG net.thucydides.core.reflection.ClassFinder - Could not load class .starter.pages.HomePage
23:33:58.799 [main] DEBUG net.thucydides.core.reflection.ClassFinder - Could not load class .starter.pages.LoginPage
23:33:58.800 [main] DEBUG net.thucydides.core.reflection.ClassFinder - Could not load class .starter.stepdefenitions.BookstoreSteps
23:33:58.800 [main] DEBUG net.thucydides.core.reflection.ClassFinder - Could not load class .starter.stepdefenitions.LoginSteps
23:33:58.804 [Forwarding get on session 4163dbc6d0b2fc00ddf9c5c093c45af7 to remote] DEBUG org.asynchttpclient.netty.request.NettyRequestSender - Using pooled Channel '[id: 0xadf65b88, L:/127.0.0.1:62930 - R:localhost/127.0.0.1:51484]' for 'POST' to 'http://localhost:51484/session/4163dbc6d0b2fc00ddf9c5c093c45af7/url'
23:33:58.805 [Forwarding get on session 4163dbc6d0b2fc00ddf9c5c093c45af7 to remote] DEBUG org.asynchttpclient.netty.request.NettyRequestSender - Using open Channel [id: 0xadf65b88, L:/127.0.0.1:62930 - R:localhost/127.0.0.1:51484] for POST '/session/4163dbc6d0b2fc00ddf9c5c093c45af7/url'
23:33:59.349 [AsyncHttpClient-1-1] DEBUG org.asynchttpclient.netty.channel.DefaultChannelPool - Entry count for : http://localhost:62931 : 1
23:34:00.443 [AsyncHttpClient-1-1] DEBUG org.asynchttpclient.netty.channel.DefaultChannelPool - Entry count for : http://localhost:62931 : 1
23:34:01.588 [AsyncHttpClient-1-1] DEBUG org.asynchttpclient.netty.channel.DefaultChannelPool - Entry count for : http://localhost:62931 : 1
23:34:02.656 [AsyncHttpClient-1-1] DEBUG org.asynchttpclient.netty.channel.DefaultChannelPool - Entry count for : http://localhost:62931 : 1
23:34:03.742 [AsyncHttpClient-1-1] DEBUG org.asynchttpclient.netty.channel.DefaultChannelPool - Entry count for : http://localhost:62931 : 1
23:34:04.851 [AsyncHttpClient-1-1] DEBUG org.asynchttpclient.netty.channel.DefaultChannelPool - Entry count for : http://localhost:62931 : 1
23:34:05.947 [AsyncHttpClient-1-1] DEBUG org.asynchttpclient.netty.channel.DefaultChannelPool - Entry count for : http://localhost:62931 : 1
23:34:06.170 [AsyncHttpClient-1-2] DEBUG org.asynchttpclient.netty.handler.HttpHandler - 

Request DefaultHttpRequest(decodeResult: success, version: HTTP/1.1)
POST /session/4163dbc6d0b2fc00ddf9c5c093c45af7/url HTTP/1.1
User-Agent: selenium/4.1.2 (java windows)
Content-Length: 49
Content-Type: application/json; charset=utf-8
host: localhost:51484
accept: */*

Response DefaultHttpResponse(decodeResult: success, version: HTTP/1.1)
HTTP/1.1 200 OK
Content-Type: application/json; charset=utf-8
cache-control: no-cache
content-length: 14

23:34:06.171 [AsyncHttpClient-1-2] DEBUG org.asynchttpclient.netty.channel.ChannelManager - Adding key: http://localhost:51484 for channel [id: 0xadf65b88, L:/127.0.0.1:62930 - R:localhost/127.0.0.1:51484]
23:34:06.181 [Forwarding setTimeout on session 4163dbc6d0b2fc00ddf9c5c093c45af7 to remote] DEBUG org.asynchttpclient.netty.request.NettyRequestSender - Using pooled Channel '[id: 0xadf65b88, L:/127.0.0.1:62930 - R:localhost/127.0.0.1:51484]' for 'POST' to 'http://localhost:51484/session/4163dbc6d0b2fc00ddf9c5c093c45af7/timeouts'
23:34:06.182 [Forwarding setTimeout on session 4163dbc6d0b2fc00ddf9c5c093c45af7 to remote] DEBUG org.asynchttpclient.netty.request.NettyRequestSender - Using open Channel [id: 0xadf65b88, L:/127.0.0.1:62930 - R:localhost/127.0.0.1:51484] for POST '/session/4163dbc6d0b2fc00ddf9c5c093c45af7/timeouts'
23:34:06.220 [AsyncHttpClient-1-2] DEBUG org.asynchttpclient.netty.handler.HttpHandler - 

Request DefaultHttpRequest(decodeResult: success, version: HTTP/1.1)
POST /session/4163dbc6d0b2fc00ddf9c5c093c45af7/timeouts HTTP/1.1
User-Agent: selenium/4.1.2 (java windows)
Content-Length: 22
Content-Type: application/json; charset=utf-8
host: localhost:51484
accept: */*

Response DefaultHttpResponse(decodeResult: success, version: HTTP/1.1)
HTTP/1.1 200 OK
Content-Type: application/json; charset=utf-8
cache-control: no-cache
content-length: 14

23:34:06.221 [AsyncHttpClient-1-2] DEBUG org.asynchttpclient.netty.channel.ChannelManager - Adding key: http://localhost:51484 for channel [id: 0xadf65b88, L:/127.0.0.1:62930 - R:localhost/127.0.0.1:51484]
23:34:06.234 [Forwarding getCurrentUrl on session 4163dbc6d0b2fc00ddf9c5c093c45af7 to remote] DEBUG org.asynchttpclient.netty.request.NettyRequestSender - Using pooled Channel '[id: 0xadf65b88, L:/127.0.0.1:62930 - R:localhost/127.0.0.1:51484]' for 'GET' to 'http://localhost:51484/session/4163dbc6d0b2fc00ddf9c5c093c45af7/url'
23:34:06.235 [Forwarding getCurrentUrl on session 4163dbc6d0b2fc00ddf9c5c093c45af7 to remote] DEBUG org.asynchttpclient.netty.request.NettyRequestSender - Using open Channel [id: 0xadf65b88, L:/127.0.0.1:62930 - R:localhost/127.0.0.1:51484] for GET '/session/4163dbc6d0b2fc00ddf9c5c093c45af7/url'
23:34:06.245 [AsyncHttpClient-1-2] DEBUG org.asynchttpclient.netty.handler.HttpHandler - 

Request DefaultFullHttpRequest(decodeResult: success, version: HTTP/1.1, content: EmptyByteBufBE)
GET /session/4163dbc6d0b2fc00ddf9c5c093c45af7/url HTTP/1.1
User-Agent: selenium/4.1.2 (java windows)
Cache-Control: no-cache
Content-Type: application/json; charset=utf-8
host: localhost:51484
accept: */*

Response DefaultHttpResponse(decodeResult: success, version: HTTP/1.1)
HTTP/1.1 200 OK
Content-Type: application/json; charset=utf-8
cache-control: no-cache
content-length: 31

23:34:06.246 [AsyncHttpClient-1-2] DEBUG org.asynchttpclient.netty.channel.ChannelManager - Adding key: http://localhost:51484 for channel [id: 0xadf65b88, L:/127.0.0.1:62930 - R:localhost/127.0.0.1:51484]
23:34:06.254 [Forwarding getCurrentUrl on session 4163dbc6d0b2fc00ddf9c5c093c45af7 to remote] DEBUG org.asynchttpclient.netty.request.NettyRequestSender - Using pooled Channel '[id: 0xadf65b88, L:/127.0.0.1:62930 - R:localhost/127.0.0.1:51484]' for 'GET' to 'http://localhost:51484/session/4163dbc6d0b2fc00ddf9c5c093c45af7/url'
23:34:06.255 [Forwarding getCurrentUrl on session 4163dbc6d0b2fc00ddf9c5c093c45af7 to remote] DEBUG org.asynchttpclient.netty.request.NettyRequestSender - Using open Channel [id: 0xadf65b88, L:/127.0.0.1:62930 - R:localhost/127.0.0.1:51484] for GET '/session/4163dbc6d0b2fc00ddf9c5c093c45af7/url'
23:34:06.259 [AsyncHttpClient-1-2] DEBUG org.asynchttpclient.netty.handler.HttpHandler - 

Request DefaultFullHttpRequest(decodeResult: success, version: HTTP/1.1, content: EmptyByteBufBE)
GET /session/4163dbc6d0b2fc00ddf9c5c093c45af7/url HTTP/1.1
User-Agent: selenium/4.1.2 (java windows)
Cache-Control: no-cache
Content-Type: application/json; charset=utf-8
host: localhost:51484
accept: */*

Response DefaultHttpResponse(decodeResult: success, version: HTTP/1.1)
HTTP/1.1 200 OK
Content-Type: application/json; charset=utf-8
cache-control: no-cache
content-length: 31

23:34:06.259 [AsyncHttpClient-1-2] DEBUG org.asynchttpclient.netty.channel.ChannelManager - Adding key: http://localhost:51484 for channel [id: 0xadf65b88, L:/127.0.0.1:62930 - R:localhost/127.0.0.1:51484]
23:34:06.283 [main] DEBUG net.serenitybdd.core.photography.Darkroom - Opening darkroom
23:34:06.284 [Darkroom Processing Line] DEBUG net.serenitybdd.core.photography.DarkroomProcessingLine - Darkroom processing line starting up
23:34:06.287 [Forwarding screenshot on session 4163dbc6d0b2fc00ddf9c5c093c45af7 to remote] DEBUG org.asynchttpclient.netty.request.NettyRequestSender - Using pooled Channel '[id: 0xadf65b88, L:/127.0.0.1:62930 - R:localhost/127.0.0.1:51484]' for 'GET' to 'http://localhost:51484/session/4163dbc6d0b2fc00ddf9c5c093c45af7/screenshot'
23:34:06.287 [Forwarding screenshot on session 4163dbc6d0b2fc00ddf9c5c093c45af7 to remote] DEBUG org.asynchttpclient.netty.request.NettyRequestSender - Using open Channel [id: 0xadf65b88, L:/127.0.0.1:62930 - R:localhost/127.0.0.1:51484] for GET '/session/4163dbc6d0b2fc00ddf9c5c093c45af7/screenshot'
23:34:06.435 [AsyncHttpClient-1-2] DEBUG org.asynchttpclient.netty.handler.HttpHandler - 

Request DefaultFullHttpRequest(decodeResult: success, version: HTTP/1.1, content: EmptyByteBufBE)
GET /session/4163dbc6d0b2fc00ddf9c5c093c45af7/screenshot HTTP/1.1
User-Agent: selenium/4.1.2 (java windows)
Cache-Control: no-cache
Content-Type: application/json; charset=utf-8
host: localhost:51484
accept: */*

Response DefaultHttpResponse(decodeResult: success, version: HTTP/1.1)
HTTP/1.1 200 OK
Content-Type: application/json; charset=utf-8
cache-control: no-cache
content-length: 82764

23:34:06.437 [AsyncHttpClient-1-2] DEBUG org.asynchttpclient.netty.channel.ChannelManager - Adding key: http://localhost:51484 for channel [id: 0xadf65b88, L:/127.0.0.1:62930 - R:localhost/127.0.0.1:51484]
23:34:06.606 [main] DEBUG net.serenitybdd.core.photography.Darkroom - Send negative for processing for target\site\serenity\5645f7ccc64863b1b17a01a688e66547948f2716c193c298fa2722d42ca08574.png
23:34:06.606 [Darkroom Processing Line] DEBUG net.serenitybdd.core.photography.DarkroomProcessingLine - Processing screenshot image in /var/screenshots/screenshot-2953909346844124040
23:34:06.607 [Darkroom Processing Line] DEBUG net.serenitybdd.core.photography.DarkroomProcessingLine - Saving screenshot to target\site\serenity\5645f7ccc64863b1b17a01a688e66547948f2716c193c298fa2722d42ca08574.png
23:34:06.621 [main] DEBUG net.thucydides.core.steps.StepInterceptor - STEP DONE: openPage
23:34:06.637 [main] DEBUG net.thucydides.core.steps.StepInterceptor - STARTING STEP: LoginSteps.onLoginPage - clickLoginIcon
23:34:06.650 [Forwarding findElement on session 4163dbc6d0b2fc00ddf9c5c093c45af7 to remote] DEBUG org.asynchttpclient.netty.request.NettyRequestSender - Using pooled Channel '[id: 0xadf65b88, L:/127.0.0.1:62930 - R:localhost/127.0.0.1:51484]' for 'POST' to 'http://localhost:51484/session/4163dbc6d0b2fc00ddf9c5c093c45af7/element'
23:34:06.651 [Forwarding findElement on session 4163dbc6d0b2fc00ddf9c5c093c45af7 to remote] DEBUG org.asynchttpclient.netty.request.NettyRequestSender - Using open Channel [id: 0xadf65b88, L:/127.0.0.1:62930 - R:localhost/127.0.0.1:51484] for POST '/session/4163dbc6d0b2fc00ddf9c5c093c45af7/element'
23:34:06.687 [AsyncHttpClient-1-2] DEBUG org.asynchttpclient.netty.handler.HttpHandler - 

Request DefaultHttpRequest(decodeResult: success, version: HTTP/1.1)
POST /session/4163dbc6d0b2fc00ddf9c5c093c45af7/element HTTP/1.1
User-Agent: selenium/4.1.2 (java windows)
Content-Length: 129
Content-Type: application/json; charset=utf-8
host: localhost:51484
accept: */*

Response DefaultHttpResponse(decodeResult: success, version: HTTP/1.1)
HTTP/1.1 200 OK
Content-Type: application/json; charset=utf-8
cache-control: no-cache
content-length: 88

23:34:06.688 [AsyncHttpClient-1-2] DEBUG org.asynchttpclient.netty.channel.ChannelManager - Adding key: http://localhost:51484 for channel [id: 0xadf65b88, L:/127.0.0.1:62930 - R:localhost/127.0.0.1:51484]
23:34:06.693 [Forwarding getElementTagName on session 4163dbc6d0b2fc00ddf9c5c093c45af7 to remote] DEBUG org.asynchttpclient.netty.request.NettyRequestSender - Using pooled Channel '[id: 0xadf65b88, L:/127.0.0.1:62930 - R:localhost/127.0.0.1:51484]' for 'GET' to 'http://localhost:51484/session/4163dbc6d0b2fc00ddf9c5c093c45af7/element/63fc5ba9-194a-4ea4-bf8f-c6762500a08e/name'
23:34:06.693 [Forwarding getElementTagName on session 4163dbc6d0b2fc00ddf9c5c093c45af7 to remote] DEBUG org.asynchttpclient.netty.request.NettyRequestSender - Using open Channel [id: 0xadf65b88, L:/127.0.0.1:62930 - R:localhost/127.0.0.1:51484] for GET '/session/4163dbc6d0b2fc00ddf9c5c093c45af7/element/63fc5ba9-194a-4ea4-bf8f-c6762500a08e/name'
23:34:06.699 [AsyncHttpClient-1-2] DEBUG org.asynchttpclient.netty.handler.HttpHandler - 

Request DefaultFullHttpRequest(decodeResult: success, version: HTTP/1.1, content: EmptyByteBufBE)
GET /session/4163dbc6d0b2fc00ddf9c5c093c45af7/element/63fc5ba9-194a-4ea4-bf8f-c6762500a08e/name HTTP/1.1
User-Agent: selenium/4.1.2 (java windows)
Cache-Control: no-cache
Content-Type: application/json; charset=utf-8
host: localhost:51484
accept: */*

Response DefaultHttpResponse(decodeResult: success, version: HTTP/1.1)
HTTP/1.1 200 OK
Content-Type: application/json; charset=utf-8
cache-control: no-cache
content-length: 18

23:34:06.700 [AsyncHttpClient-1-2] DEBUG org.asynchttpclient.netty.channel.ChannelManager - Adding key: http://localhost:51484 for channel [id: 0xadf65b88, L:/127.0.0.1:62930 - R:localhost/127.0.0.1:51484]
23:34:06.706 [Forwarding getElementTagName on session 4163dbc6d0b2fc00ddf9c5c093c45af7 to remote] DEBUG org.asynchttpclient.netty.request.NettyRequestSender - Using pooled Channel '[id: 0xadf65b88, L:/127.0.0.1:62930 - R:localhost/127.0.0.1:51484]' for 'GET' to 'http://localhost:51484/session/4163dbc6d0b2fc00ddf9c5c093c45af7/element/63fc5ba9-194a-4ea4-bf8f-c6762500a08e/name'
23:34:06.706 [Forwarding getElementTagName on session 4163dbc6d0b2fc00ddf9c5c093c45af7 to remote] DEBUG org.asynchttpclient.netty.request.NettyRequestSender - Using open Channel [id: 0xadf65b88, L:/127.0.0.1:62930 - R:localhost/127.0.0.1:51484] for GET '/session/4163dbc6d0b2fc00ddf9c5c093c45af7/element/63fc5ba9-194a-4ea4-bf8f-c6762500a08e/name'
23:34:06.743 [AsyncHttpClient-1-2] DEBUG org.asynchttpclient.netty.handler.HttpHandler - 

Request DefaultFullHttpRequest(decodeResult: success, version: HTTP/1.1, content: EmptyByteBufBE)
GET /session/4163dbc6d0b2fc00ddf9c5c093c45af7/element/63fc5ba9-194a-4ea4-bf8f-c6762500a08e/name HTTP/1.1
User-Agent: selenium/4.1.2 (java windows)
Cache-Control: no-cache
Content-Type: application/json; charset=utf-8
host: localhost:51484
accept: */*

Response DefaultHttpResponse(decodeResult: success, version: HTTP/1.1)
HTTP/1.1 200 OK
Content-Type: application/json; charset=utf-8
cache-control: no-cache
content-length: 18

23:34:06.743 [AsyncHttpClient-1-2] DEBUG org.asynchttpclient.netty.channel.ChannelManager - Adding key: http://localhost:51484 for channel [id: 0xadf65b88, L:/127.0.0.1:62930 - R:localhost/127.0.0.1:51484]
23:34:06.755 [Forwarding isElementEnabled on session 4163dbc6d0b2fc00ddf9c5c093c45af7 to remote] DEBUG org.asynchttpclient.netty.request.NettyRequestSender - Using pooled Channel '[id: 0xadf65b88, L:/127.0.0.1:62930 - R:localhost/127.0.0.1:51484]' for 'GET' to 'http://localhost:51484/session/4163dbc6d0b2fc00ddf9c5c093c45af7/element/63fc5ba9-194a-4ea4-bf8f-c6762500a08e/enabled'
23:34:06.755 [Forwarding isElementEnabled on session 4163dbc6d0b2fc00ddf9c5c093c45af7 to remote] DEBUG org.asynchttpclient.netty.request.NettyRequestSender - Using open Channel [id: 0xadf65b88, L:/127.0.0.1:62930 - R:localhost/127.0.0.1:51484] for GET '/session/4163dbc6d0b2fc00ddf9c5c093c45af7/element/63fc5ba9-194a-4ea4-bf8f-c6762500a08e/enabled'
23:34:06.777 [AsyncHttpClient-1-2] DEBUG org.asynchttpclient.netty.handler.HttpHandler - 

Request DefaultFullHttpRequest(decodeResult: success, version: HTTP/1.1, content: EmptyByteBufBE)
GET /session/4163dbc6d0b2fc00ddf9c5c093c45af7/element/63fc5ba9-194a-4ea4-bf8f-c6762500a08e/enabled HTTP/1.1
User-Agent: selenium/4.1.2 (java windows)
Cache-Control: no-cache
Content-Type: application/json; charset=utf-8
host: localhost:51484
accept: */*

Response DefaultHttpResponse(decodeResult: success, version: HTTP/1.1)
HTTP/1.1 200 OK
Content-Type: application/json; charset=utf-8
cache-control: no-cache
content-length: 14

23:34:06.777 [AsyncHttpClient-1-2] DEBUG org.asynchttpclient.netty.channel.ChannelManager - Adding key: http://localhost:51484 for channel [id: 0xadf65b88, L:/127.0.0.1:62930 - R:localhost/127.0.0.1:51484]
23:34:06.783 [Forwarding isElementEnabled on session 4163dbc6d0b2fc00ddf9c5c093c45af7 to remote] DEBUG org.asynchttpclient.netty.request.NettyRequestSender - Using pooled Channel '[id: 0xadf65b88, L:/127.0.0.1:62930 - R:localhost/127.0.0.1:51484]' for 'GET' to 'http://localhost:51484/session/4163dbc6d0b2fc00ddf9c5c093c45af7/element/63fc5ba9-194a-4ea4-bf8f-c6762500a08e/enabled'
23:34:06.783 [Forwarding isElementEnabled on session 4163dbc6d0b2fc00ddf9c5c093c45af7 to remote] DEBUG org.asynchttpclient.netty.request.NettyRequestSender - Using open Channel [id: 0xadf65b88, L:/127.0.0.1:62930 - R:localhost/127.0.0.1:51484] for GET '/session/4163dbc6d0b2fc00ddf9c5c093c45af7/element/63fc5ba9-194a-4ea4-bf8f-c6762500a08e/enabled'
23:34:06.791 [AsyncHttpClient-1-2] DEBUG org.asynchttpclient.netty.handler.HttpHandler - 

Request DefaultFullHttpRequest(decodeResult: success, version: HTTP/1.1, content: EmptyByteBufBE)
GET /session/4163dbc6d0b2fc00ddf9c5c093c45af7/element/63fc5ba9-194a-4ea4-bf8f-c6762500a08e/enabled HTTP/1.1
User-Agent: selenium/4.1.2 (java windows)
Cache-Control: no-cache
Content-Type: application/json; charset=utf-8
host: localhost:51484
accept: */*

Response DefaultHttpResponse(decodeResult: success, version: HTTP/1.1)
HTTP/1.1 200 OK
Content-Type: application/json; charset=utf-8
cache-control: no-cache
content-length: 14

23:34:06.792 [AsyncHttpClient-1-2] DEBUG org.asynchttpclient.netty.channel.ChannelManager - Adding key: http://localhost:51484 for channel [id: 0xadf65b88, L:/127.0.0.1:62930 - R:localhost/127.0.0.1:51484]
23:34:06.798 [Forwarding findElement on session 4163dbc6d0b2fc00ddf9c5c093c45af7 to remote] DEBUG org.asynchttpclient.netty.request.NettyRequestSender - Using pooled Channel '[id: 0xadf65b88, L:/127.0.0.1:62930 - R:localhost/127.0.0.1:51484]' for 'POST' to 'http://localhost:51484/session/4163dbc6d0b2fc00ddf9c5c093c45af7/element'
23:34:06.798 [Forwarding findElement on session 4163dbc6d0b2fc00ddf9c5c093c45af7 to remote] DEBUG org.asynchttpclient.netty.request.NettyRequestSender - Using open Channel [id: 0xadf65b88, L:/127.0.0.1:62930 - R:localhost/127.0.0.1:51484] for POST '/session/4163dbc6d0b2fc00ddf9c5c093c45af7/element'
23:34:06.812 [AsyncHttpClient-1-2] DEBUG org.asynchttpclient.netty.handler.HttpHandler - 

Request DefaultHttpRequest(decodeResult: success, version: HTTP/1.1)
POST /session/4163dbc6d0b2fc00ddf9c5c093c45af7/element HTTP/1.1
User-Agent: selenium/4.1.2 (java windows)
Content-Length: 129
Content-Type: application/json; charset=utf-8
host: localhost:51484
accept: */*

Response DefaultHttpResponse(decodeResult: success, version: HTTP/1.1)
HTTP/1.1 200 OK
Content-Type: application/json; charset=utf-8
cache-control: no-cache
content-length: 88

23:34:06.812 [AsyncHttpClient-1-2] DEBUG org.asynchttpclient.netty.channel.ChannelManager - Adding key: http://localhost:51484 for channel [id: 0xadf65b88, L:/127.0.0.1:62930 - R:localhost/127.0.0.1:51484]
23:34:06.816 [Forwarding clickElement on session 4163dbc6d0b2fc00ddf9c5c093c45af7 to remote] DEBUG org.asynchttpclient.netty.request.NettyRequestSender - Using pooled Channel '[id: 0xadf65b88, L:/127.0.0.1:62930 - R:localhost/127.0.0.1:51484]' for 'POST' to 'http://localhost:51484/session/4163dbc6d0b2fc00ddf9c5c093c45af7/element/63fc5ba9-194a-4ea4-bf8f-c6762500a08e/click'
23:34:06.816 [Forwarding clickElement on session 4163dbc6d0b2fc00ddf9c5c093c45af7 to remote] DEBUG org.asynchttpclient.netty.request.NettyRequestSender - Using open Channel [id: 0xadf65b88, L:/127.0.0.1:62930 - R:localhost/127.0.0.1:51484] for POST '/session/4163dbc6d0b2fc00ddf9c5c093c45af7/element/63fc5ba9-194a-4ea4-bf8f-c6762500a08e/click'
23:34:06.888 [AsyncHttpClient-1-2] DEBUG org.asynchttpclient.netty.handler.HttpHandler - 

Request DefaultHttpRequest(decodeResult: success, version: HTTP/1.1)
POST /session/4163dbc6d0b2fc00ddf9c5c093c45af7/element/63fc5ba9-194a-4ea4-bf8f-c6762500a08e/click HTTP/1.1
User-Agent: selenium/4.1.2 (java windows)
Content-Length: 50
Content-Type: application/json; charset=utf-8
host: localhost:51484
accept: */*

Response DefaultHttpResponse(decodeResult: success, version: HTTP/1.1)
HTTP/1.1 200 OK
Content-Type: application/json; charset=utf-8
cache-control: no-cache
content-length: 14

23:34:06.889 [AsyncHttpClient-1-2] DEBUG org.asynchttpclient.netty.channel.ChannelManager - Adding key: http://localhost:51484 for channel [id: 0xadf65b88, L:/127.0.0.1:62930 - R:localhost/127.0.0.1:51484]
23:34:06.910 [Forwarding screenshot on session 4163dbc6d0b2fc00ddf9c5c093c45af7 to remote] DEBUG org.asynchttpclient.netty.request.NettyRequestSender - Using pooled Channel '[id: 0xadf65b88, L:/127.0.0.1:62930 - R:localhost/127.0.0.1:51484]' for 'GET' to 'http://localhost:51484/session/4163dbc6d0b2fc00ddf9c5c093c45af7/screenshot'
23:34:06.910 [Forwarding screenshot on session 4163dbc6d0b2fc00ddf9c5c093c45af7 to remote] DEBUG org.asynchttpclient.netty.request.NettyRequestSender - Using open Channel [id: 0xadf65b88, L:/127.0.0.1:62930 - R:localhost/127.0.0.1:51484] for GET '/session/4163dbc6d0b2fc00ddf9c5c093c45af7/screenshot'
23:34:07.045 [AsyncHttpClient-1-1] DEBUG org.asynchttpclient.netty.channel.DefaultChannelPool - Entry count for : http://localhost:62931 : 1
23:34:07.153 [AsyncHttpClient-1-2] DEBUG org.asynchttpclient.netty.handler.HttpHandler - 

Request DefaultFullHttpRequest(decodeResult: success, version: HTTP/1.1, content: EmptyByteBufBE)
GET /session/4163dbc6d0b2fc00ddf9c5c093c45af7/screenshot HTTP/1.1
User-Agent: selenium/4.1.2 (java windows)
Cache-Control: no-cache
Content-Type: application/json; charset=utf-8
host: localhost:51484
accept: */*

Response DefaultHttpResponse(decodeResult: success, version: HTTP/1.1)
HTTP/1.1 200 OK
Content-Type: application/json; charset=utf-8
cache-control: no-cache
content-length: 27000

23:34:07.154 [AsyncHttpClient-1-2] DEBUG org.asynchttpclient.netty.channel.ChannelManager - Adding key: http://localhost:51484 for channel [id: 0xadf65b88, L:/127.0.0.1:62930 - R:localhost/127.0.0.1:51484]
23:34:07.169 [main] DEBUG net.serenitybdd.core.photography.Darkroom - Send negative for processing for target\site\serenity\9d7d92d94401292272a17ec1f83424c9783e6c07f3e1d31a396a7304f730ae45.png
23:34:07.173 [main] DEBUG net.thucydides.core.steps.StepInterceptor - STEP DONE: clickLoginIcon
23:34:07.176 [Darkroom Processing Line] DEBUG net.serenitybdd.core.photography.DarkroomProcessingLine - Processing screenshot image in /var/screenshots/screenshot-7004672253018241075
23:34:07.176 [Darkroom Processing Line] DEBUG net.serenitybdd.core.photography.DarkroomProcessingLine - Saving screenshot to target\site\serenity\9d7d92d94401292272a17ec1f83424c9783e6c07f3e1d31a396a7304f730ae45.png
  &amp#27;[32mGiven &amp#27;[0m&amp#27;[32mi am on the login page&amp#27;[0m                    &amp#27;[90m# starter.stepdefenitions.LoginSteps.onLoginPage()&amp#27;[0m
23:34:07.216 [main] DEBUG net.thucydides.core.steps.StepInterceptor - STARTING STEP: LoginSteps.inputValidEmail - inputEmail
23:34:07.228 [Forwarding findElement on session 4163dbc6d0b2fc00ddf9c5c093c45af7 to remote] DEBUG org.asynchttpclient.netty.request.NettyRequestSender - Using pooled Channel '[id: 0xadf65b88, L:/127.0.0.1:62930 - R:localhost/127.0.0.1:51484]' for 'POST' to 'http://localhost:51484/session/4163dbc6d0b2fc00ddf9c5c093c45af7/element'
23:34:07.228 [Forwarding findElement on session 4163dbc6d0b2fc00ddf9c5c093c45af7 to remote] DEBUG org.asynchttpclient.netty.request.NettyRequestSender - Using open Channel [id: 0xadf65b88, L:/127.0.0.1:62930 - R:localhost/127.0.0.1:51484] for POST '/session/4163dbc6d0b2fc00ddf9c5c093c45af7/element'
23:34:07.255 [AsyncHttpClient-1-2] DEBUG org.asynchttpclient.netty.handler.HttpHandler - 

Request DefaultHttpRequest(decodeResult: success, version: HTTP/1.1)
POST /session/4163dbc6d0b2fc00ddf9c5c093c45af7/element HTTP/1.1
User-Agent: selenium/4.1.2 (java windows)
Content-Length: 110
Content-Type: application/json; charset=utf-8
host: localhost:51484
accept: */*

Response DefaultHttpResponse(decodeResult: success, version: HTTP/1.1)
HTTP/1.1 200 OK
Content-Type: application/json; charset=utf-8
cache-control: no-cache
content-length: 88

23:34:07.256 [AsyncHttpClient-1-2] DEBUG org.asynchttpclient.netty.channel.ChannelManager - Adding key: http://localhost:51484 for channel [id: 0xadf65b88, L:/127.0.0.1:62930 - R:localhost/127.0.0.1:51484]
23:34:07.259 [Forwarding clearElement on session 4163dbc6d0b2fc00ddf9c5c093c45af7 to remote] DEBUG org.asynchttpclient.netty.request.NettyRequestSender - Using pooled Channel '[id: 0xadf65b88, L:/127.0.0.1:62930 - R:localhost/127.0.0.1:51484]' for 'POST' to 'http://localhost:51484/session/4163dbc6d0b2fc00ddf9c5c093c45af7/element/42c1242c-c453-48f9-ab46-0e5bae2e2a54/clear'
23:34:07.260 [Forwarding clearElement on session 4163dbc6d0b2fc00ddf9c5c093c45af7 to remote] DEBUG org.asynchttpclient.netty.request.NettyRequestSender - Using open Channel [id: 0xadf65b88, L:/127.0.0.1:62930 - R:localhost/127.0.0.1:51484] for POST '/session/4163dbc6d0b2fc00ddf9c5c093c45af7/element/42c1242c-c453-48f9-ab46-0e5bae2e2a54/clear'
23:34:07.328 [AsyncHttpClient-1-2] DEBUG org.asynchttpclient.netty.handler.HttpHandler - 

Request DefaultHttpRequest(decodeResult: success, version: HTTP/1.1)
POST /session/4163dbc6d0b2fc00ddf9c5c093c45af7/element/42c1242c-c453-48f9-ab46-0e5bae2e2a54/clear HTTP/1.1
User-Agent: selenium/4.1.2 (java windows)
Content-Length: 50
Content-Type: application/json; charset=utf-8
host: localhost:51484
accept: */*

Response DefaultHttpResponse(decodeResult: success, version: HTTP/1.1)
HTTP/1.1 200 OK
Content-Type: application/json; charset=utf-8
cache-control: no-cache
content-length: 14

23:34:07.329 [AsyncHttpClient-1-2] DEBUG org.asynchttpclient.netty.channel.ChannelManager - Adding key: http://localhost:51484 for channel [id: 0xadf65b88, L:/127.0.0.1:62930 - R:localhost/127.0.0.1:51484]
23:34:07.338 [Forwarding sendKeysToElement on session 4163dbc6d0b2fc00ddf9c5c093c45af7 to remote] DEBUG org.asynchttpclient.netty.request.NettyRequestSender - Using pooled Channel '[id: 0xadf65b88, L:/127.0.0.1:62930 - R:localhost/127.0.0.1:51484]' for 'POST' to 'http://localhost:51484/session/4163dbc6d0b2fc00ddf9c5c093c45af7/element/42c1242c-c453-48f9-ab46-0e5bae2e2a54/value'
23:34:07.339 [Forwarding sendKeysToElement on session 4163dbc6d0b2fc00ddf9c5c093c45af7 to remote] DEBUG org.asynchttpclient.netty.request.NettyRequestSender - Using open Channel [id: 0xadf65b88, L:/127.0.0.1:62930 - R:localhost/127.0.0.1:51484] for POST '/session/4163dbc6d0b2fc00ddf9c5c093c45af7/element/42c1242c-c453-48f9-ab46-0e5bae2e2a54/value'
23:34:07.543 [AsyncHttpClient-1-2] DEBUG org.asynchttpclient.netty.handler.HttpHandler - 

Request DefaultHttpRequest(decodeResult: success, version: HTTP/1.1)
POST /session/4163dbc6d0b2fc00ddf9c5c093c45af7/element/42c1242c-c453-48f9-ab46-0e5bae2e2a54/value HTTP/1.1
User-Agent: selenium/4.1.2 (java windows)
Content-Length: 231
Content-Type: application/json; charset=utf-8
host: localhost:51484
accept: */*

Response DefaultHttpResponse(decodeResult: success, version: HTTP/1.1)
HTTP/1.1 200 OK
Content-Type: application/json; charset=utf-8
cache-control: no-cache
content-length: 14

23:34:07.544 [AsyncHttpClient-1-2] DEBUG org.asynchttpclient.netty.channel.ChannelManager - Adding key: http://localhost:51484 for channel [id: 0xadf65b88, L:/127.0.0.1:62930 - R:localhost/127.0.0.1:51484]
23:34:07.552 [Forwarding screenshot on session 4163dbc6d0b2fc00ddf9c5c093c45af7 to remote] DEBUG org.asynchttpclient.netty.request.NettyRequestSender - Using pooled Channel '[id: 0xadf65b88, L:/127.0.0.1:62930 - R:localhost/127.0.0.1:51484]' for 'GET' to 'http://localhost:51484/session/4163dbc6d0b2fc00ddf9c5c093c45af7/screenshot'
23:34:07.553 [Forwarding screenshot on session 4163dbc6d0b2fc00ddf9c5c093c45af7 to remote] DEBUG org.asynchttpclient.netty.request.NettyRequestSender - Using open Channel [id: 0xadf65b88, L:/127.0.0.1:62930 - R:localhost/127.0.0.1:51484] for GET '/session/4163dbc6d0b2fc00ddf9c5c093c45af7/screenshot'
23:34:07.747 [AsyncHttpClient-1-2] DEBUG org.asynchttpclient.netty.handler.HttpHandler - 

Request DefaultFullHttpRequest(decodeResult: success, version: HTTP/1.1, content: EmptyByteBufBE)
GET /session/4163dbc6d0b2fc00ddf9c5c093c45af7/screenshot HTTP/1.1
User-Agent: selenium/4.1.2 (java windows)
Cache-Control: no-cache
Content-Type: application/json; charset=utf-8
host: localhost:51484
accept: */*

Response DefaultHttpResponse(decodeResult: success, version: HTTP/1.1)
HTTP/1.1 200 OK
Content-Type: application/json; charset=utf-8
cache-control: no-cache
content-length: 30308

23:34:07.748 [AsyncHttpClient-1-2] DEBUG org.asynchttpclient.netty.channel.ChannelManager - Adding key: http://localhost:51484 for channel [id: 0xadf65b88, L:/127.0.0.1:62930 - R:localhost/127.0.0.1:51484]
23:34:07.752 [main] DEBUG net.serenitybdd.core.photography.Darkroom - Send negative for processing for target\site\serenity\99a2d37adfbf35477000a7833521f959527525425f4d5773009f4b63c34c7e4d.png
23:34:07.752 [main] DEBUG net.thucydides.core.steps.StepInterceptor - STEP DONE: inputEmail
23:34:07.752 [Darkroom Processing Line] DEBUG net.serenitybdd.core.photography.DarkroomProcessingLine - Processing screenshot image in /var/screenshots/screenshot-7514694414392529435
23:34:07.752 [Darkroom Processing Line] DEBUG net.serenitybdd.core.photography.DarkroomProcessingLine - Saving screenshot to target\site\serenity\99a2d37adfbf35477000a7833521f959527525425f4d5773009f4b63c34c7e4d.png
  &amp#27;[32mWhen &amp#27;[0m&amp#27;[32mi input valid email&amp#27;[0m                        &amp#27;[90m# starter.stepdefenitions.LoginSteps.inputValidEmail()&amp#27;[0m
23:34:07.787 [main] DEBUG net.thucydides.core.steps.StepInterceptor - STARTING STEP: LoginSteps.inputValidPassword - inputPassword
23:34:07.800 [Forwarding findElement on session 4163dbc6d0b2fc00ddf9c5c093c45af7 to remote] DEBUG org.asynchttpclient.netty.request.NettyRequestSender - Using pooled Channel '[id: 0xadf65b88, L:/127.0.0.1:62930 - R:localhost/127.0.0.1:51484]' for 'POST' to 'http://localhost:51484/session/4163dbc6d0b2fc00ddf9c5c093c45af7/element'
23:34:07.800 [Forwarding findElement on session 4163dbc6d0b2fc00ddf9c5c093c45af7 to remote] DEBUG org.asynchttpclient.netty.request.NettyRequestSender - Using open Channel [id: 0xadf65b88, L:/127.0.0.1:62930 - R:localhost/127.0.0.1:51484] for POST '/session/4163dbc6d0b2fc00ddf9c5c093c45af7/element'
23:34:07.815 [AsyncHttpClient-1-2] DEBUG org.asynchttpclient.netty.handler.HttpHandler - 

Request DefaultHttpRequest(decodeResult: success, version: HTTP/1.1)
POST /session/4163dbc6d0b2fc00ddf9c5c093c45af7/element HTTP/1.1
User-Agent: selenium/4.1.2 (java windows)
Content-Length: 113
Content-Type: application/json; charset=utf-8
host: localhost:51484
accept: */*

Response DefaultHttpResponse(decodeResult: success, version: HTTP/1.1)
HTTP/1.1 200 OK
Content-Type: application/json; charset=utf-8
cache-control: no-cache
content-length: 88

23:34:07.816 [AsyncHttpClient-1-2] DEBUG org.asynchttpclient.netty.channel.ChannelManager - Adding key: http://localhost:51484 for channel [id: 0xadf65b88, L:/127.0.0.1:62930 - R:localhost/127.0.0.1:51484]
23:34:07.818 [Forwarding clearElement on session 4163dbc6d0b2fc00ddf9c5c093c45af7 to remote] DEBUG org.asynchttpclient.netty.request.NettyRequestSender - Using pooled Channel '[id: 0xadf65b88, L:/127.0.0.1:62930 - R:localhost/127.0.0.1:51484]' for 'POST' to 'http://localhost:51484/session/4163dbc6d0b2fc00ddf9c5c093c45af7/element/f17593e8-d482-4343-a750-32de8e1f5295/clear'
23:34:07.818 [Forwarding clearElement on session 4163dbc6d0b2fc00ddf9c5c093c45af7 to remote] DEBUG org.asynchttpclient.netty.request.NettyRequestSender - Using open Channel [id: 0xadf65b88, L:/127.0.0.1:62930 - R:localhost/127.0.0.1:51484] for POST '/session/4163dbc6d0b2fc00ddf9c5c093c45af7/element/f17593e8-d482-4343-a750-32de8e1f5295/clear'
23:34:07.861 [AsyncHttpClient-1-2] DEBUG org.asynchttpclient.netty.handler.HttpHandler - 

Request DefaultHttpRequest(decodeResult: success, version: HTTP/1.1)
POST /session/4163dbc6d0b2fc00ddf9c5c093c45af7/element/f17593e8-d482-4343-a750-32de8e1f5295/clear HTTP/1.1
User-Agent: selenium/4.1.2 (java windows)
Content-Length: 50
Content-Type: application/json; charset=utf-8
host: localhost:51484
accept: */*

Response DefaultHttpResponse(decodeResult: success, version: HTTP/1.1)
HTTP/1.1 200 OK
Content-Type: application/json; charset=utf-8
cache-control: no-cache
content-length: 14

23:34:07.861 [AsyncHttpClient-1-2] DEBUG org.asynchttpclient.netty.channel.ChannelManager - Adding key: http://localhost:51484 for channel [id: 0xadf65b88, L:/127.0.0.1:62930 - R:localhost/127.0.0.1:51484]
23:34:07.865 [Forwarding sendKeysToElement on session 4163dbc6d0b2fc00ddf9c5c093c45af7 to remote] DEBUG org.asynchttpclient.netty.request.NettyRequestSender - Using pooled Channel '[id: 0xadf65b88, L:/127.0.0.1:62930 - R:localhost/127.0.0.1:51484]' for 'POST' to 'http://localhost:51484/session/4163dbc6d0b2fc00ddf9c5c093c45af7/element/f17593e8-d482-4343-a750-32de8e1f5295/value'
23:34:07.865 [Forwarding sendKeysToElement on session 4163dbc6d0b2fc00ddf9c5c093c45af7 to remote] DEBUG org.asynchttpclient.netty.request.NettyRequestSender - Using open Channel [id: 0xadf65b88, L:/127.0.0.1:62930 - R:localhost/127.0.0.1:51484] for POST '/session/4163dbc6d0b2fc00ddf9c5c093c45af7/element/f17593e8-d482-4343-a750-32de8e1f5295/value'
23:34:07.963 [AsyncHttpClient-1-2] DEBUG org.asynchttpclient.netty.handler.HttpHandler - 

Request DefaultHttpRequest(decodeResult: success, version: HTTP/1.1)
POST /session/4163dbc6d0b2fc00ddf9c5c093c45af7/element/f17593e8-d482-4343-a750-32de8e1f5295/value HTTP/1.1
User-Agent: selenium/4.1.2 (java windows)
Content-Length: 111
Content-Type: application/json; charset=utf-8
host: localhost:51484
accept: */*

Response DefaultHttpResponse(decodeResult: success, version: HTTP/1.1)
HTTP/1.1 200 OK
Content-Type: application/json; charset=utf-8
cache-control: no-cache
content-length: 14

23:34:07.963 [AsyncHttpClient-1-2] DEBUG org.asynchttpclient.netty.channel.ChannelManager - Adding key: http://localhost:51484 for channel [id: 0xadf65b88, L:/127.0.0.1:62930 - R:localhost/127.0.0.1:51484]
23:34:07.975 [Forwarding screenshot on session 4163dbc6d0b2fc00ddf9c5c093c45af7 to remote] DEBUG org.asynchttpclient.netty.request.NettyRequestSender - Using pooled Channel '[id: 0xadf65b88, L:/127.0.0.1:62930 - R:localhost/127.0.0.1:51484]' for 'GET' to 'http://localhost:51484/session/4163dbc6d0b2fc00ddf9c5c093c45af7/screenshot'
23:34:07.975 [Forwarding screenshot on session 4163dbc6d0b2fc00ddf9c5c093c45af7 to remote] DEBUG org.asynchttpclient.netty.request.NettyRequestSender - Using open Channel [id: 0xadf65b88, L:/127.0.0.1:62930 - R:localhost/127.0.0.1:51484] for GET '/session/4163dbc6d0b2fc00ddf9c5c093c45af7/screenshot'
23:34:08.142 [AsyncHttpClient-1-1] DEBUG org.asynchttpclient.netty.channel.DefaultChannelPool - Entry count for : http://localhost:62931 : 1
23:34:08.203 [AsyncHttpClient-1-2] DEBUG org.asynchttpclient.netty.handler.HttpHandler - 

Request DefaultFullHttpRequest(decodeResult: success, version: HTTP/1.1, content: EmptyByteBufBE)
GET /session/4163dbc6d0b2fc00ddf9c5c093c45af7/screenshot HTTP/1.1
User-Agent: selenium/4.1.2 (java windows)
Cache-Control: no-cache
Content-Type: application/json; charset=utf-8
host: localhost:51484
accept: */*

Response DefaultHttpResponse(decodeResult: success, version: HTTP/1.1)
HTTP/1.1 200 OK
Content-Type: application/json; charset=utf-8
cache-control: no-cache
content-length: 30704

23:34:08.203 [AsyncHttpClient-1-2] DEBUG org.asynchttpclient.netty.channel.ChannelManager - Adding key: http://localhost:51484 for channel [id: 0xadf65b88, L:/127.0.0.1:62930 - R:localhost/127.0.0.1:51484]
23:34:08.206 [main] DEBUG net.serenitybdd.core.photography.Darkroom - Send negative for processing for target\site\serenity\654868bb0c186e2842309f5dd118c8604cfe24a4b0288c830420db56a10fae38.png
23:34:08.206 [main] DEBUG net.thucydides.core.steps.StepInterceptor - STEP DONE: inputPassword
  &amp#27;[32mAnd &amp#27;[0m&amp#27;[32mi input valid password&amp#27;[0m                      &amp#27;[90m# starter.stepdefenitions.LoginSteps.inputValidPassword()&amp#27;[0m
23:34:08.206 [Darkroom Processing Line] DEBUG net.serenitybdd.core.photography.DarkroomProcessingLine - Processing screenshot image in /var/screenshots/screenshot-6570374756160969833
23:34:08.206 [Darkroom Processing Line] DEBUG net.serenitybdd.core.photography.DarkroomProcessingLine - Saving screenshot to target\site\serenity\654868bb0c186e2842309f5dd118c8604cfe24a4b0288c830420db56a10fae38.png
23:34:08.233 [main] DEBUG net.thucydides.core.steps.StepInterceptor - STARTING STEP: LoginSteps.clickLoginButton - clickLoginButton
23:34:08.241 [Forwarding findElement on session 4163dbc6d0b2fc00ddf9c5c093c45af7 to remote] DEBUG org.asynchttpclient.netty.request.NettyRequestSender - Using pooled Channel '[id: 0xadf65b88, L:/127.0.0.1:62930 - R:localhost/127.0.0.1:51484]' for 'POST' to 'http://localhost:51484/session/4163dbc6d0b2fc00ddf9c5c093c45af7/element'
23:34:08.241 [Forwarding findElement on session 4163dbc6d0b2fc00ddf9c5c093c45af7 to remote] DEBUG org.asynchttpclient.netty.request.NettyRequestSender - Using open Channel [id: 0xadf65b88, L:/127.0.0.1:62930 - R:localhost/127.0.0.1:51484] for POST '/session/4163dbc6d0b2fc00ddf9c5c093c45af7/element'
23:34:08.264 [AsyncHttpClient-1-2] DEBUG org.asynchttpclient.netty.handler.HttpHandler - 

Request DefaultHttpRequest(decodeResult: success, version: HTTP/1.1)
POST /session/4163dbc6d0b2fc00ddf9c5c093c45af7/element HTTP/1.1
User-Agent: selenium/4.1.2 (java windows)
Content-Length: 83
Content-Type: application/json; charset=utf-8
host: localhost:51484
accept: */*

Response DefaultHttpResponse(decodeResult: success, version: HTTP/1.1)
HTTP/1.1 200 OK
Content-Type: application/json; charset=utf-8
cache-control: no-cache
content-length: 88

23:34:08.265 [AsyncHttpClient-1-2] DEBUG org.asynchttpclient.netty.channel.ChannelManager - Adding key: http://localhost:51484 for channel [id: 0xadf65b88, L:/127.0.0.1:62930 - R:localhost/127.0.0.1:51484]
23:34:08.270 [Forwarding getElementTagName on session 4163dbc6d0b2fc00ddf9c5c093c45af7 to remote] DEBUG org.asynchttpclient.netty.request.NettyRequestSender - Using pooled Channel '[id: 0xadf65b88, L:/127.0.0.1:62930 - R:localhost/127.0.0.1:51484]' for 'GET' to 'http://localhost:51484/session/4163dbc6d0b2fc00ddf9c5c093c45af7/element/16e1d2af-f872-4913-b831-3ccfa6a40105/name'
23:34:08.270 [Forwarding getElementTagName on session 4163dbc6d0b2fc00ddf9c5c093c45af7 to remote] DEBUG org.asynchttpclient.netty.request.NettyRequestSender - Using open Channel [id: 0xadf65b88, L:/127.0.0.1:62930 - R:localhost/127.0.0.1:51484] for GET '/session/4163dbc6d0b2fc00ddf9c5c093c45af7/element/16e1d2af-f872-4913-b831-3ccfa6a40105/name'
23:34:08.275 [AsyncHttpClient-1-2] DEBUG org.asynchttpclient.netty.handler.HttpHandler - 

Request DefaultFullHttpRequest(decodeResult: success, version: HTTP/1.1, content: EmptyByteBufBE)
GET /session/4163dbc6d0b2fc00ddf9c5c093c45af7/element/16e1d2af-f872-4913-b831-3ccfa6a40105/name HTTP/1.1
User-Agent: selenium/4.1.2 (java windows)
Cache-Control: no-cache
Content-Type: application/json; charset=utf-8
host: localhost:51484
accept: */*

Response DefaultHttpResponse(decodeResult: success, version: HTTP/1.1)
HTTP/1.1 200 OK
Content-Type: application/json; charset=utf-8
cache-control: no-cache
content-length: 16

23:34:08.276 [AsyncHttpClient-1-2] DEBUG org.asynchttpclient.netty.channel.ChannelManager - Adding key: http://localhost:51484 for channel [id: 0xadf65b88, L:/127.0.0.1:62930 - R:localhost/127.0.0.1:51484]
23:34:08.282 [Forwarding getElementTagName on session 4163dbc6d0b2fc00ddf9c5c093c45af7 to remote] DEBUG org.asynchttpclient.netty.request.NettyRequestSender - Using pooled Channel '[id: 0xadf65b88, L:/127.0.0.1:62930 - R:localhost/127.0.0.1:51484]' for 'GET' to 'http://localhost:51484/session/4163dbc6d0b2fc00ddf9c5c093c45af7/element/16e1d2af-f872-4913-b831-3ccfa6a40105/name'
23:34:08.283 [Forwarding getElementTagName on session 4163dbc6d0b2fc00ddf9c5c093c45af7 to remote] DEBUG org.asynchttpclient.netty.request.NettyRequestSender - Using open Channel [id: 0xadf65b88, L:/127.0.0.1:62930 - R:localhost/127.0.0.1:51484] for GET '/session/4163dbc6d0b2fc00ddf9c5c093c45af7/element/16e1d2af-f872-4913-b831-3ccfa6a40105/name'
23:34:08.292 [AsyncHttpClient-1-2] DEBUG org.asynchttpclient.netty.handler.HttpHandler - 

Request DefaultFullHttpRequest(decodeResult: success, version: HTTP/1.1, content: EmptyByteBufBE)
GET /session/4163dbc6d0b2fc00ddf9c5c093c45af7/element/16e1d2af-f872-4913-b831-3ccfa6a40105/name HTTP/1.1
User-Agent: selenium/4.1.2 (java windows)
Cache-Control: no-cache
Content-Type: application/json; charset=utf-8
host: localhost:51484
accept: */*

Response DefaultHttpResponse(decodeResult: success, version: HTTP/1.1)
HTTP/1.1 200 OK
Content-Type: application/json; charset=utf-8
cache-control: no-cache
content-length: 16

23:34:08.292 [AsyncHttpClient-1-2] DEBUG org.asynchttpclient.netty.channel.ChannelManager - Adding key: http://localhost:51484 for channel [id: 0xadf65b88, L:/127.0.0.1:62930 - R:localhost/127.0.0.1:51484]
23:34:08.300 [Forwarding findElement on session 4163dbc6d0b2fc00ddf9c5c093c45af7 to remote] DEBUG org.asynchttpclient.netty.request.NettyRequestSender - Using pooled Channel '[id: 0xadf65b88, L:/127.0.0.1:62930 - R:localhost/127.0.0.1:51484]' for 'POST' to 'http://localhost:51484/session/4163dbc6d0b2fc00ddf9c5c093c45af7/element'
23:34:08.300 [Forwarding findElement on session 4163dbc6d0b2fc00ddf9c5c093c45af7 to remote] DEBUG org.asynchttpclient.netty.request.NettyRequestSender - Using open Channel [id: 0xadf65b88, L:/127.0.0.1:62930 - R:localhost/127.0.0.1:51484] for POST '/session/4163dbc6d0b2fc00ddf9c5c093c45af7/element'
23:34:08.310 [AsyncHttpClient-1-2] DEBUG org.asynchttpclient.netty.handler.HttpHandler - 

Request DefaultHttpRequest(decodeResult: success, version: HTTP/1.1)
POST /session/4163dbc6d0b2fc00ddf9c5c093c45af7/element HTTP/1.1
User-Agent: selenium/4.1.2 (java windows)
Content-Length: 83
Content-Type: application/json; charset=utf-8
host: localhost:51484
accept: */*

Response DefaultHttpResponse(decodeResult: success, version: HTTP/1.1)
HTTP/1.1 200 OK
Content-Type: application/json; charset=utf-8
cache-control: no-cache
content-length: 88

23:34:08.310 [AsyncHttpClient-1-2] DEBUG org.asynchttpclient.netty.channel.ChannelManager - Adding key: http://localhost:51484 for channel [id: 0xadf65b88, L:/127.0.0.1:62930 - R:localhost/127.0.0.1:51484]
23:34:08.314 [Forwarding clickElement on session 4163dbc6d0b2fc00ddf9c5c093c45af7 to remote] DEBUG org.asynchttpclient.netty.request.NettyRequestSender - Using pooled Channel '[id: 0xadf65b88, L:/127.0.0.1:62930 - R:localhost/127.0.0.1:51484]' for 'POST' to 'http://localhost:51484/session/4163dbc6d0b2fc00ddf9c5c093c45af7/element/16e1d2af-f872-4913-b831-3ccfa6a40105/click'
23:34:08.315 [Forwarding clickElement on session 4163dbc6d0b2fc00ddf9c5c093c45af7 to remote] DEBUG org.asynchttpclient.netty.request.NettyRequestSender - Using open Channel [id: 0xadf65b88, L:/127.0.0.1:62930 - R:localhost/127.0.0.1:51484] for POST '/session/4163dbc6d0b2fc00ddf9c5c093c45af7/element/16e1d2af-f872-4913-b831-3ccfa6a40105/click'
23:34:08.382 [AsyncHttpClient-1-2] DEBUG org.asynchttpclient.netty.handler.HttpHandler - 

Request DefaultHttpRequest(decodeResult: success, version: HTTP/1.1)
POST /session/4163dbc6d0b2fc00ddf9c5c093c45af7/element/16e1d2af-f872-4913-b831-3ccfa6a40105/click HTTP/1.1
User-Agent: selenium/4.1.2 (java windows)
Content-Length: 50
Content-Type: application/json; charset=utf-8
host: localhost:51484
accept: */*

Response DefaultHttpResponse(decodeResult: success, version: HTTP/1.1)
HTTP/1.1 200 OK
Content-Type: application/json; charset=utf-8
cache-control: no-cache
content-length: 14

23:34:08.383 [AsyncHttpClient-1-2] DEBUG org.asynchttpclient.netty.channel.ChannelManager - Adding key: http://localhost:51484 for channel [id: 0xadf65b88, L:/127.0.0.1:62930 - R:localhost/127.0.0.1:51484]
23:34:08.394 [Forwarding screenshot on session 4163dbc6d0b2fc00ddf9c5c093c45af7 to remote] DEBUG org.asynchttpclient.netty.request.NettyRequestSender - Using pooled Channel '[id: 0xadf65b88, L:/127.0.0.1:62930 - R:localhost/127.0.0.1:51484]' for 'GET' to 'http://localhost:51484/session/4163dbc6d0b2fc00ddf9c5c093c45af7/screenshot'
23:34:08.394 [Forwarding screenshot on session 4163dbc6d0b2fc00ddf9c5c093c45af7 to remote] DEBUG org.asynchttpclient.netty.request.NettyRequestSender - Using open Channel [id: 0xadf65b88, L:/127.0.0.1:62930 - R:localhost/127.0.0.1:51484] for GET '/session/4163dbc6d0b2fc00ddf9c5c093c45af7/screenshot'
23:34:08.818 [AsyncHttpClient-1-2] DEBUG org.asynchttpclient.netty.handler.HttpHandler - 

Request DefaultFullHttpRequest(decodeResult: success, version: HTTP/1.1, content: EmptyByteBufBE)
GET /session/4163dbc6d0b2fc00ddf9c5c093c45af7/screenshot HTTP/1.1
User-Agent: selenium/4.1.2 (java windows)
Cache-Control: no-cache
Content-Type: application/json; charset=utf-8
host: localhost:51484
accept: */*

Response DefaultHttpResponse(decodeResult: success, version: HTTP/1.1)
HTTP/1.1 200 OK
Content-Type: application/json; charset=utf-8
cache-control: no-cache
content-length: 30276

23:34:08.820 [AsyncHttpClient-1-2] DEBUG org.asynchttpclient.netty.channel.ChannelManager - Adding key: http://localhost:51484 for channel [id: 0xadf65b88, L:/127.0.0.1:62930 - R:localhost/127.0.0.1:51484]
23:34:08.826 [main] DEBUG net.serenitybdd.core.photography.Darkroom - Send negative for processing for target\site\serenity\20973a6a66c7cb661d81bce95524aaac00812aad735853a0a2943e0744437d28.png
23:34:08.827 [main] DEBUG net.thucydides.core.steps.StepInterceptor - STEP DONE: clickLoginButton
  &amp#27;[32mAnd &amp#27;[0m&amp#27;[32mi click login button&amp#27;[0m                        &amp#27;[90m# starter.stepdefenitions.LoginSteps.clickLoginButton()&amp#27;[0m
23:34:08.829 [Darkroom Processing Line] DEBUG net.serenitybdd.core.photography.DarkroomProcessingLine - Processing screenshot image in /var/screenshots/screenshot-3300029002164990291
23:34:08.830 [Darkroom Processing Line] DEBUG net.serenitybdd.core.photography.DarkroomProcessingLine - Saving screenshot to target\site\serenity\20973a6a66c7cb661d81bce95524aaac00812aad735853a0a2943e0744437d28.png
23:34:08.893 [Forwarding screenshot on session 4163dbc6d0b2fc00ddf9c5c093c45af7 to remote] DEBUG org.asynchttpclient.netty.request.NettyRequestSender - Using pooled Channel '[id: 0xadf65b88, L:/127.0.0.1:62930 - R:localhost/127.0.0.1:51484]' for 'GET' to 'http://localhost:51484/session/4163dbc6d0b2fc00ddf9c5c093c45af7/screenshot'
23:34:08.894 [Forwarding screenshot on session 4163dbc6d0b2fc00ddf9c5c093c45af7 to remote] DEBUG org.asynchttpclient.netty.request.NettyRequestSender - Using open Channel [id: 0xadf65b88, L:/127.0.0.1:62930 - R:localhost/127.0.0.1:51484] for GET '/session/4163dbc6d0b2fc00ddf9c5c093c45af7/screenshot'
23:34:09.249 [AsyncHttpClient-1-1] DEBUG org.asynchttpclient.netty.channel.DefaultChannelPool - Entry count for : http://localhost:62931 : 1
23:34:09.370 [AsyncHttpClient-1-2] DEBUG org.asynchttpclient.netty.handler.HttpHandler - 

Request DefaultFullHttpRequest(decodeResult: success, version: HTTP/1.1, content: EmptyByteBufBE)
GET /session/4163dbc6d0b2fc00ddf9c5c093c45af7/screenshot HTTP/1.1
User-Agent: selenium/4.1.2 (java windows)
Cache-Control: no-cache
Content-Type: application/json; charset=utf-8
host: localhost:51484
accept: */*

Response DefaultHttpResponse(decodeResult: success, version: HTTP/1.1)
HTTP/1.1 200 OK
Content-Type: application/json; charset=utf-8
cache-control: no-cache
content-length: 82724

23:34:09.371 [AsyncHttpClient-1-2] DEBUG org.asynchttpclient.netty.channel.ChannelManager - Adding key: http://localhost:51484 for channel [id: 0xadf65b88, L:/127.0.0.1:62930 - R:localhost/127.0.0.1:51484]
23:34:09.378 [main] DEBUG net.serenitybdd.core.photography.Darkroom - Send negative for processing for target\site\serenity\9e3663d92ea7c686f26424f1ea6d53e03a34f82fd53a81064936430d7aa938dd.png
23:34:09.378 [Darkroom Processing Line] DEBUG net.serenitybdd.core.photography.DarkroomProcessingLine - Processing screenshot image in /var/screenshots/screenshot-187586845123958536
23:34:09.378 [Darkroom Processing Line] DEBUG net.serenitybdd.core.photography.DarkroomProcessingLine - Saving screenshot to target\site\serenity\9e3663d92ea7c686f26424f1ea6d53e03a34f82fd53a81064936430d7aa938dd.png
23:34:09.378 [main] DEBUG net.thucydides.core.steps.StepInterceptor - STARTING STEP: LoginSteps.successLogin - validationOnHomepage
23:34:09.383 [Forwarding findElement on session 4163dbc6d0b2fc00ddf9c5c093c45af7 to remote] DEBUG org.asynchttpclient.netty.request.NettyRequestSender - Using pooled Channel '[id: 0xadf65b88, L:/127.0.0.1:62930 - R:localhost/127.0.0.1:51484]' for 'POST' to 'http://localhost:51484/session/4163dbc6d0b2fc00ddf9c5c093c45af7/element'
23:34:09.383 [Forwarding findElement on session 4163dbc6d0b2fc00ddf9c5c093c45af7 to remote] DEBUG org.asynchttpclient.netty.request.NettyRequestSender - Using open Channel [id: 0xadf65b88, L:/127.0.0.1:62930 - R:localhost/127.0.0.1:51484] for POST '/session/4163dbc6d0b2fc00ddf9c5c093c45af7/element'
23:34:09.386 [AsyncHttpClient-1-2] DEBUG org.asynchttpclient.netty.handler.HttpHandler - 

Request DefaultHttpRequest(decodeResult: success, version: HTTP/1.1)
POST /session/4163dbc6d0b2fc00ddf9c5c093c45af7/element HTTP/1.1
User-Agent: selenium/4.1.2 (java windows)
Content-Length: 53
Content-Type: application/json; charset=utf-8
host: localhost:51484
accept: */*

Response DefaultHttpResponse(decodeResult: success, version: HTTP/1.1)
HTTP/1.1 400 Bad Request
Content-Type: application/json; charset=utf-8
cache-control: no-cache
content-length: 958

23:34:09.387 [AsyncHttpClient-1-2] DEBUG org.asynchttpclient.netty.channel.ChannelManager - Adding key: http://localhost:51484 for channel [id: 0xadf65b88, L:/127.0.0.1:62930 - R:localhost/127.0.0.1:51484]
23:34:09.398 [Forwarding findElement on session 4163dbc6d0b2fc00ddf9c5c093c45af7 to remote] DEBUG org.asynchttpclient.netty.request.NettyRequestSender - Using pooled Channel '[id: 0xadf65b88, L:/127.0.0.1:62930 - R:localhost/127.0.0.1:51484]' for 'POST' to 'http://localhost:51484/session/4163dbc6d0b2fc00ddf9c5c093c45af7/element'
23:34:09.398 [Forwarding findElement on session 4163dbc6d0b2fc00ddf9c5c093c45af7 to remote] DEBUG org.asynchttpclient.netty.request.NettyRequestSender - Using open Channel [id: 0xadf65b88, L:/127.0.0.1:62930 - R:localhost/127.0.0.1:51484] for POST '/session/4163dbc6d0b2fc00ddf9c5c093c45af7/element'
23:34:09.411 [AsyncHttpClient-1-2] DEBUG org.asynchttpclient.netty.handler.HttpHandler - 

Request DefaultHttpRequest(decodeResult: success, version: HTTP/1.1)
POST /session/4163dbc6d0b2fc00ddf9c5c093c45af7/element HTTP/1.1
User-Agent: selenium/4.1.2 (java windows)
Content-Length: 63
Content-Type: application/json; charset=utf-8
host: localhost:51484
accept: */*

Response DefaultHttpResponse(decodeResult: success, version: HTTP/1.1)
HTTP/1.1 200 OK
Content-Type: application/json; charset=utf-8
cache-control: no-cache
content-length: 88

23:34:09.411 [AsyncHttpClient-1-2] DEBUG org.asynchttpclient.netty.channel.ChannelManager - Adding key: http://localhost:51484 for channel [id: 0xadf65b88, L:/127.0.0.1:62930 - R:localhost/127.0.0.1:51484]
23:34:09.432 [Forwarding isElementDisplayed on session 4163dbc6d0b2fc00ddf9c5c093c45af7 to remote] DEBUG org.asynchttpclient.netty.request.NettyRequestSender - Using pooled Channel '[id: 0xadf65b88, L:/127.0.0.1:62930 - R:localhost/127.0.0.1:51484]' for 'POST' to 'http://localhost:51484/session/4163dbc6d0b2fc00ddf9c5c093c45af7/execute/sync'
23:34:09.432 [Forwarding isElementDisplayed on session 4163dbc6d0b2fc00ddf9c5c093c45af7 to remote] DEBUG org.asynchttpclient.netty.request.NettyRequestSender - Using open Channel [id: 0xadf65b88, L:/127.0.0.1:62930 - R:localhost/127.0.0.1:51484] for POST '/session/4163dbc6d0b2fc00ddf9c5c093c45af7/execute/sync'
23:34:09.451 [AsyncHttpClient-1-2] DEBUG org.asynchttpclient.netty.handler.HttpHandler - 

Request DefaultHttpRequest(decodeResult: success, version: HTTP/1.1)
POST /session/4163dbc6d0b2fc00ddf9c5c093c45af7/execute/sync HTTP/1.1
User-Agent: selenium/4.1.2 (java windows)
Content-Length: 48780
Content-Type: application/json; charset=utf-8
host: localhost:51484
accept: */*

Response DefaultHttpResponse(decodeResult: success, version: HTTP/1.1)
HTTP/1.1 200 OK
Content-Type: application/json; charset=utf-8
cache-control: no-cache
content-length: 14

23:34:09.452 [AsyncHttpClient-1-2] DEBUG org.asynchttpclient.netty.channel.ChannelManager - Adding key: http://localhost:51484 for channel [id: 0xadf65b88, L:/127.0.0.1:62930 - R:localhost/127.0.0.1:51484]
23:34:09.458 [Forwarding screenshot on session 4163dbc6d0b2fc00ddf9c5c093c45af7 to remote] DEBUG org.asynchttpclient.netty.request.NettyRequestSender - Using pooled Channel '[id: 0xadf65b88, L:/127.0.0.1:62930 - R:localhost/127.0.0.1:51484]' for 'GET' to 'http://localhost:51484/session/4163dbc6d0b2fc00ddf9c5c093c45af7/screenshot'
23:34:09.458 [Forwarding screenshot on session 4163dbc6d0b2fc00ddf9c5c093c45af7 to remote] DEBUG org.asynchttpclient.netty.request.NettyRequestSender - Using open Channel [id: 0xadf65b88, L:/127.0.0.1:62930 - R:localhost/127.0.0.1:51484] for GET '/session/4163dbc6d0b2fc00ddf9c5c093c45af7/screenshot'
23:34:09.585 [AsyncHttpClient-1-2] DEBUG org.asynchttpclient.netty.handler.HttpHandler - 

Request DefaultFullHttpRequest(decodeResult: success, version: HTTP/1.1, content: EmptyByteBufBE)
GET /session/4163dbc6d0b2fc00ddf9c5c093c45af7/screenshot HTTP/1.1
User-Agent: selenium/4.1.2 (java windows)
Cache-Control: no-cache
Content-Type: application/json; charset=utf-8
host: localhost:51484
accept: */*

Response DefaultHttpResponse(decodeResult: success, version: HTTP/1.1)
HTTP/1.1 200 OK
Content-Type: application/json; charset=utf-8
cache-control: no-cache
content-length: 82724

23:34:09.586 [AsyncHttpClient-1-2] DEBUG org.asynchttpclient.netty.channel.ChannelManager - Adding key: http://localhost:51484 for channel [id: 0xadf65b88, L:/127.0.0.1:62930 - R:localhost/127.0.0.1:51484]
23:34:09.591 [main] DEBUG net.serenitybdd.core.photography.Darkroom - Send negative for processing for target\site\serenity\9e3663d92ea7c686f26424f1ea6d53e03a34f82fd53a81064936430d7aa938dd.png
23:34:09.592 [main] DEBUG net.thucydides.core.steps.StepInterceptor - STEP DONE: validationOnHomepage
  &amp#27;[32mThen &amp#27;[0m&amp#27;[32mi success login&amp#27;[0m                            &amp#27;[90m# starter.stepdefenitions.LoginSteps.successLogin()&amp#27;[0m
23:34:09.603 [main] INFO  - 
  _____   ___   ___   _____     ___     _     ___   ___   ___   ___  
 |_   _| | __| / __| |_   _|   | _ \   /_\   / __| / __| | __| |   \ 
   | |   | _|  \__ \   | |     |  _/  / _ \  \__ \ \__ \ | _|  | |) |
   |_|   |___| |___/   |_|     |_|   /_/ \_\ |___/ |___/ |___| |___/ 

As user i have be able to success login
----------------------------------------------------------------------
23:34:09.729 [Driver Command Executor] DEBUG org.asynchttpclient.netty.request.NettyRequestSender - Using pooled Channel '[id: 0xadf65b88, L:/127.0.0.1:62930 - R:localhost/127.0.0.1:51484]' for 'DELETE' to 'http://localhost:51484/session/4163dbc6d0b2fc00ddf9c5c093c45af7'
23:34:09.730 [Driver Command Executor] DEBUG org.asynchttpclient.netty.request.NettyRequestSender - Using open Channel [id: 0xadf65b88, L:/127.0.0.1:62930 - R:localhost/127.0.0.1:51484] for DELETE '/session/4163dbc6d0b2fc00ddf9c5c093c45af7'
23:34:09.732 [AsyncHttpClient-1-4] DEBUG org.asynchttpclient.netty.handler.WebSocketHandler - Channel Closed: [id: 0xec4a2eb3, L:/127.0.0.1:62940 ! R:localhost/127.0.0.1:62931] with attribute NettyResponseFuture{currentRetry=5,
	isDone=1,
	isCancelled=0,
	asyncHandler=org.asynchttpclient.ws.WebSocketUpgradeHandler@49d5622a,
	nettyRequest=org.asynchttpclient.netty.request.NettyRequest@470f0683,
	future=java.util.concurrent.CompletableFuture@4871bb0b[Completed normally],
	uri=ws://localhost:62931/devtools/browser/73949600-c661-417d-ae7f-30614dd1aa8d,
	keepAlive=true,
	redirectCount=0,
	timeoutsHolder=null,
	inAuth=0,
	touch=1651077238134}
23:34:09.732 [AsyncHttpClient-1-4] DEBUG org.asynchttpclient.netty.channel.ChannelManager - Closing Channel [id: 0xec4a2eb3, L:/127.0.0.1:62940 ! R:localhost/127.0.0.1:62931] 
23:34:10.058 [AsyncHttpClient-1-3] DEBUG org.asynchttpclient.netty.handler.HttpHandler - Unexpected I/O exception on channel [id: 0x0dea69ba, L:/127.0.0.1:62939 - R:localhost/127.0.0.1:62931]
java.io.IOException: An existing connection was forcibly closed by the remote host
	at sun.nio.ch.SocketDispatcher.read0(Native Method)
	at sun.nio.ch.SocketDispatcher.read(SocketDispatcher.java:43)
	at sun.nio.ch.IOUtil.readIntoNativeBuffer(IOUtil.java:223)
	at sun.nio.ch.IOUtil.read(IOUtil.java:192)
	at sun.nio.ch.SocketChannelImpl.read(SocketChannelImpl.java:378)
	at io.netty.buffer.PooledByteBuf.setBytes(PooledByteBuf.java:258)
	at io.netty.buffer.AbstractByteBuf.writeBytes(AbstractByteBuf.java:1132)
	at io.netty.channel.socket.nio.NioSocketChannel.doReadBytes(NioSocketChannel.java:350)
	at io.netty.channel.nio.AbstractNioByteChannel$NioByteUnsafe.read(AbstractNioByteChannel.java:151)
	at io.netty.channel.nio.NioEventLoop.processSelectedKey(NioEventLoop.java:722)
	at io.netty.channel.nio.NioEventLoop.processSelectedKeysOptimized(NioEventLoop.java:658)
	at io.netty.channel.nio.NioEventLoop.processSelectedKeys(NioEventLoop.java:584)
	at io.netty.channel.nio.NioEventLoop.run(NioEventLoop.java:496)
	at io.netty.util.concurrent.SingleThreadEventExecutor$4.run(SingleThreadEventExecutor.java:986)
	at io.netty.util.internal.ThreadExecutorMap$2.run(ThreadExecutorMap.java:74)
	at io.netty.util.concurrent.FastThreadLocalRunnable.run(FastThreadLocalRunnable.java:30)
	at java.lang.Thread.run(Thread.java:750)
23:34:10.058 [AsyncHttpClient-1-3] DEBUG org.asynchttpclient.netty.channel.ChannelManager - Closing Channel [id: 0x0dea69ba, L:/127.0.0.1:62939 - R:localhost/127.0.0.1:62931] 
23:34:10.065 [AsyncHttpClient-1-3] DEBUG org.asynchttpclient.netty.handler.HttpHandler - Channel Closed: [id: 0x0dea69ba, L:/127.0.0.1:62939 ! R:localhost/127.0.0.1:62931] with attribute DISCARD
23:34:10.135 [AsyncHttpClient-1-2] DEBUG org.asynchttpclient.netty.handler.HttpHandler - 

Request DefaultFullHttpRequest(decodeResult: success, version: HTTP/1.1, content: EmptyByteBufBE)
DELETE /session/4163dbc6d0b2fc00ddf9c5c093c45af7 HTTP/1.1
User-Agent: selenium/4.1.2 (java windows)
Content-Type: application/json; charset=utf-8
host: localhost:51484
accept: */*

Response DefaultHttpResponse(decodeResult: success, version: HTTP/1.1)
HTTP/1.1 200 OK
Content-Type: application/json; charset=utf-8
cache-control: no-cache
content-length: 14

23:34:10.135 [AsyncHttpClient-1-2] DEBUG org.asynchttpclient.netty.channel.ChannelManager - Adding key: http://localhost:51484 for channel [id: 0xadf65b88, L:/127.0.0.1:62930 - R:localhost/127.0.0.1:51484]
23:34:10.269 [AsyncHttpClient-1-2] DEBUG org.asynchttpclient.netty.handler.HttpHandler - Channel Closed: [id: 0xadf65b88, L:/127.0.0.1:62930 ! R:localhost/127.0.0.1:51484] with attribute DISCARD
23:34:10.347 [AsyncHttpClient-1-1] DEBUG org.asynchttpclient.netty.channel.DefaultChannelPool - Entry count for : http://localhost:51484 : 1
23:34:10.347 [AsyncHttpClient-1-1] DEBUG org.asynchttpclient.netty.channel.DefaultChannelPool - Entry count for : http://localhost:62931 : 1
23:34:10.347 [AsyncHttpClient-1-1] DEBUG org.asynchttpclient.netty.channel.DefaultChannelPool - Adding Candidate expired Channel [id: 0xadf65b88, L:/127.0.0.1:62930 ! R:localhost/127.0.0.1:51484] isIdleTimeoutExpired=false isRemotelyClosed=true isTtlExpired=false
23:34:10.348 [AsyncHttpClient-1-1] DEBUG org.asynchttpclient.netty.channel.DefaultChannelPool - Closing Idle Channel [id: 0xadf65b88, L:/127.0.0.1:62930 ! R:localhost/127.0.0.1:51484]
23:34:10.348 [AsyncHttpClient-1-1] DEBUG org.asynchttpclient.netty.channel.DefaultChannelPool - Adding Candidate expired Channel [id: 0x0dea69ba, L:/127.0.0.1:62939 ! R:localhost/127.0.0.1:62931] isIdleTimeoutExpired=false isRemotelyClosed=true isTtlExpired=false
23:34:10.348 [AsyncHttpClient-1-1] DEBUG org.asynchttpclient.netty.channel.DefaultChannelPool - Closing Idle Channel [id: 0x0dea69ba, L:/127.0.0.1:62939 ! R:localhost/127.0.0.1:62931]
23:34:10.348 [AsyncHttpClient-1-1] DEBUG org.asynchttpclient.netty.channel.DefaultChannelPool - Closed 2 connections out of 2 in 1 ms
]]></system-out>
    <system-err><![CDATA[Starting ChromeDriver 100.0.4896.60 (6a5d10861ce8de5fce22564658033b43cb7de047-refs/branch-heads/4896@{#875}) on port 51484
Only local connections are allowed.
Please see https://chromedriver.chromium.org/security-considerations for suggestions on keeping ChromeDriver safe.
ChromeDriver was started successfully.
Apr 27, 2022 11:33:57 PM org.openqa.selenium.remote.ProtocolHandshake createSession
INFO: Detected dialect: W3C
Apr 27, 2022 11:33:58 PM org.openqa.selenium.devtools.CdpVersionFinder findNearestMatch
WARNING: Unable to find an exact match for CDP version 100, so returning the closest version found: 97
Apr 27, 2022 11:33:58 PM org.openqa.selenium.devtools.CdpVersionFinder findNearestMatch
INFO: Found CDP implementation for version 100 of 97
]]></system-err>
  </testcase>
  <testcase name="As user i have failed to login with invalid password" classname="As user I want to login So that i can see home page" time="10.995">
    <system-out><![CDATA[
@login @negative
Scenario: As user i have failed to login with invalid password             &amp#27;[90m# src/test/resources/features/Login.feature:15&amp#27;[0m
23:34:10.892 [main] INFO io.cucumber.core.plugin.SerenityReporter - Running feature from file:///D:/kampus%20merdeka/Intelij/miniproject/web/src/test/resources/features/Login.feature
23:34:10.959 [main] INFO  - 
  _____   ___   ___   _____     ___   _____     _     ___   _____   ___   ___  
 |_   _| | __| / __| |_   _|   / __| |_   _|   /_\   | _ \ |_   _| | __| |   \ 
   | |   | _|  \__ \   | |     \__ \   | |    / _ \  |   /   | |   | _|  | |) |
   |_|   |___| |___/   |_|     |___/   |_|   /_/ \_\ |_|_\   |_|   |___| |___/ 

As user i have failed to login with invalid password(as-user-i-want-to-login-so-that-i-can-see-home-page;as-user-i-have-failed-to-login-with-invalid-password)
--------------------------------------------------------------------------------
23:34:11.243 [main] DEBUG net.thucydides.core.steps.StepInterceptor - STARTING STEP: LoginSteps.onLoginPage - openPage
23:34:11.259 [main] INFO net.serenitybdd.core.webdriver.driverproviders.ChromeDriverProvider - Using automatically driver download
23:34:11.612 [main] DEBUG io.github.bonigarcia.wdm.cache.ResolutionCache - Resolution chrome=100 in cache (valid until 23:45:51 27/04/2022 ICT)
23:34:11.621 [main] DEBUG io.github.bonigarcia.wdm.cache.ResolutionCache - Resolution chrome100=100.0.4896.60 in cache (valid until 22:45:51 28/04/2022 ICT)
23:34:11.628 [main] INFO io.github.bonigarcia.wdm.WebDriverManager - Using chromedriver 100.0.4896.60 (resolved driver for Chrome 100)
23:34:11.719 [main] DEBUG io.github.bonigarcia.wdm.WebDriverManager - Driver chromedriver 100.0.4896.60 found in cache
23:34:11.726 [main] INFO io.github.bonigarcia.wdm.WebDriverManager - Exporting webdriver.chrome.driver as C:\Users\Admin\.cache\selenium\chromedriver\win32\100.0.4896.60\chromedriver.exe
23:34:11.965 [main] DEBUG net.serenitybdd.core.webdriver.driverproviders.ProvideNewDriver - Instantiating driver
23:34:11.965 [main] DEBUG net.serenitybdd.core.webdriver.driverproviders.ProvideNewDriver - Driver capabilities: Capabilities {acceptInsecureCerts: false, base.url: https://qa.alta.id/, browserName: chrome, chrome.driver: src/test/resources/webdrive..., driver: chrome, goog:chromeOptions: {args: [], extensions: []}}
23:34:12.527 [AsyncHttpClient-1-5] DEBUG org.asynchttpclient.netty.channel.NettyConnectListener - Using new Channel '[id: 0x21953d2c, L:/127.0.0.1:62975 - R:localhost/127.0.0.1:59364]' for 'POST' to '/session'
23:34:13.941 [AsyncHttpClient-1-5] DEBUG org.asynchttpclient.netty.handler.HttpHandler - 

Request DefaultHttpRequest(decodeResult: success, version: HTTP/1.1)
POST /session HTTP/1.1
User-Agent: selenium/4.1.2 (java windows)
Content-Length: 605
Content-Type: application/json; charset=utf-8
host: localhost:59364
accept: */*

Response DefaultHttpResponse(decodeResult: success, version: HTTP/1.1)
HTTP/1.1 200 OK
Content-Type: application/json; charset=utf-8
cache-control: no-cache
content-length: 790

23:34:13.942 [AsyncHttpClient-1-5] DEBUG org.asynchttpclient.netty.channel.ChannelManager - Adding key: http://localhost:59364 for channel [id: 0x21953d2c, L:/127.0.0.1:62975 - R:localhost/127.0.0.1:59364]
23:34:13.959 [AsyncHttpClient-1-6] DEBUG org.asynchttpclient.netty.channel.NettyConnectListener - Using new Channel '[id: 0x2de2d4c6, L:/127.0.0.1:62985 - R:localhost/127.0.0.1:62976]' for 'GET' to '/json/version'
23:34:13.961 [AsyncHttpClient-1-6] DEBUG org.asynchttpclient.netty.handler.HttpHandler - 

Request DefaultFullHttpRequest(decodeResult: success, version: HTTP/1.1, content: EmptyByteBufBE)
GET /json/version HTTP/1.1
User-Agent: selenium/4.1.2 (java windows)
host: localhost:62976
accept: */*

Response DefaultHttpResponse(decodeResult: success, version: HTTP/1.1)
HTTP/1.1 200 OK
Content-Type: application/json; charset=UTF-8
content-length: 429

23:34:13.961 [AsyncHttpClient-1-6] DEBUG org.asynchttpclient.netty.channel.ChannelManager - Adding key: http://localhost:62976 for channel [id: 0x2de2d4c6, L:/127.0.0.1:62985 - R:localhost/127.0.0.1:62976]
23:34:13.969 [AsyncHttpClient-1-7] DEBUG org.asynchttpclient.netty.channel.NettyConnectListener - Using new Channel '[id: 0xfc1c0dbc, L:/127.0.0.1:62986 - R:localhost/127.0.0.1:62976]' for 'GET' to '/devtools/browser/5c98aa8b-511f-4321-a922-1c6ba7bf08d4'
23:34:13.972 [AsyncHttpClient-1-7] DEBUG org.asynchttpclient.netty.handler.WebSocketHandler - 

Request DefaultFullHttpRequest(decodeResult: success, version: HTTP/1.1, content: EmptyByteBufBE)
GET /devtools/browser/5c98aa8b-511f-4321-a922-1c6ba7bf08d4 HTTP/1.1
upgrade: websocket
connection: upgrade
sec-websocket-key: oKEdPXvwn9qchG8UenIZCQ==
sec-websocket-version: 13
origin: http://localhost:62976
host: localhost:62976
accept: */*
user-agent: AHC/2.1

Response DefaultHttpResponse(decodeResult: success, version: HTTP/1.1)
HTTP/1.1 101 WebSocket Protocol Handshake
Upgrade: WebSocket
Connection: Upgrade
Sec-WebSocket-Accept: mnzVvgA/8LCAcCsmSEXgpvV/LKA=

23:34:13.981 [Forwarding setCurrentWindowSize on session 5db0ab7ce05fa05b71f49d6970f35da9 to remote] DEBUG org.asynchttpclient.netty.request.NettyRequestSender - Using pooled Channel '[id: 0x21953d2c, L:/127.0.0.1:62975 - R:localhost/127.0.0.1:59364]' for 'POST' to 'http://localhost:59364/session/5db0ab7ce05fa05b71f49d6970f35da9/window/rect'
23:34:13.982 [Forwarding setCurrentWindowSize on session 5db0ab7ce05fa05b71f49d6970f35da9 to remote] DEBUG org.asynchttpclient.netty.request.NettyRequestSender - Using open Channel [id: 0x21953d2c, L:/127.0.0.1:62975 - R:localhost/127.0.0.1:59364] for POST '/session/5db0ab7ce05fa05b71f49d6970f35da9/window/rect'
23:34:14.118 [AsyncHttpClient-1-5] DEBUG org.asynchttpclient.netty.handler.HttpHandler - 

Request DefaultHttpRequest(decodeResult: success, version: HTTP/1.1)
POST /session/5db0ab7ce05fa05b71f49d6970f35da9/window/rect HTTP/1.1
User-Agent: selenium/4.1.2 (java windows)
Content-Length: 37
Content-Type: application/json; charset=utf-8
host: localhost:59364
accept: */*

Response DefaultHttpResponse(decodeResult: success, version: HTTP/1.1)
HTTP/1.1 200 OK
Content-Type: application/json; charset=utf-8
cache-control: no-cache
content-length: 51

23:34:14.119 [AsyncHttpClient-1-5] DEBUG org.asynchttpclient.netty.channel.ChannelManager - Adding key: http://localhost:59364 for channel [id: 0x21953d2c, L:/127.0.0.1:62975 - R:localhost/127.0.0.1:59364]
23:34:14.122 [Forwarding setWindowPosition on session 5db0ab7ce05fa05b71f49d6970f35da9 to remote] DEBUG org.asynchttpclient.netty.request.NettyRequestSender - Using pooled Channel '[id: 0x21953d2c, L:/127.0.0.1:62975 - R:localhost/127.0.0.1:59364]' for 'POST' to 'http://localhost:59364/session/5db0ab7ce05fa05b71f49d6970f35da9/window/rect'
23:34:14.122 [Forwarding setWindowPosition on session 5db0ab7ce05fa05b71f49d6970f35da9 to remote] DEBUG org.asynchttpclient.netty.request.NettyRequestSender - Using open Channel [id: 0x21953d2c, L:/127.0.0.1:62975 - R:localhost/127.0.0.1:59364] for POST '/session/5db0ab7ce05fa05b71f49d6970f35da9/window/rect'
23:34:14.230 [AsyncHttpClient-1-5] DEBUG org.asynchttpclient.netty.handler.HttpHandler - 

Request DefaultHttpRequest(decodeResult: success, version: HTTP/1.1)
POST /session/5db0ab7ce05fa05b71f49d6970f35da9/window/rect HTTP/1.1
User-Agent: selenium/4.1.2 (java windows)
Content-Length: 22
Content-Type: application/json; charset=utf-8
host: localhost:59364
accept: */*

Response DefaultHttpResponse(decodeResult: success, version: HTTP/1.1)
HTTP/1.1 200 OK
Content-Type: application/json; charset=utf-8
cache-control: no-cache
content-length: 49

23:34:14.231 [AsyncHttpClient-1-5] DEBUG org.asynchttpclient.netty.channel.ChannelManager - Adding key: http://localhost:59364 for channel [id: 0x21953d2c, L:/127.0.0.1:62975 - R:localhost/127.0.0.1:59364]
23:34:14.233 [Forwarding get on session 5db0ab7ce05fa05b71f49d6970f35da9 to remote] DEBUG org.asynchttpclient.netty.request.NettyRequestSender - Using pooled Channel '[id: 0x21953d2c, L:/127.0.0.1:62975 - R:localhost/127.0.0.1:59364]' for 'POST' to 'http://localhost:59364/session/5db0ab7ce05fa05b71f49d6970f35da9/url'
23:34:14.234 [Forwarding get on session 5db0ab7ce05fa05b71f49d6970f35da9 to remote] DEBUG org.asynchttpclient.netty.request.NettyRequestSender - Using open Channel [id: 0x21953d2c, L:/127.0.0.1:62975 - R:localhost/127.0.0.1:59364] for POST '/session/5db0ab7ce05fa05b71f49d6970f35da9/url'
23:34:14.742 [AsyncHttpClient-1-1] DEBUG org.asynchttpclient.netty.channel.DefaultChannelPool - Entry count for : http://localhost:62976 : 1
23:34:15.847 [AsyncHttpClient-1-1] DEBUG org.asynchttpclient.netty.channel.DefaultChannelPool - Entry count for : http://localhost:62976 : 1
23:34:16.943 [AsyncHttpClient-1-1] DEBUG org.asynchttpclient.netty.channel.DefaultChannelPool - Entry count for : http://localhost:62976 : 1
23:34:17.516 [AsyncHttpClient-1-5] DEBUG org.asynchttpclient.netty.handler.HttpHandler - 

Request DefaultHttpRequest(decodeResult: success, version: HTTP/1.1)
POST /session/5db0ab7ce05fa05b71f49d6970f35da9/url HTTP/1.1
User-Agent: selenium/4.1.2 (java windows)
Content-Length: 49
Content-Type: application/json; charset=utf-8
host: localhost:59364
accept: */*

Response DefaultHttpResponse(decodeResult: success, version: HTTP/1.1)
HTTP/1.1 200 OK
Content-Type: application/json; charset=utf-8
cache-control: no-cache
content-length: 14

23:34:17.517 [AsyncHttpClient-1-5] DEBUG org.asynchttpclient.netty.channel.ChannelManager - Adding key: http://localhost:59364 for channel [id: 0x21953d2c, L:/127.0.0.1:62975 - R:localhost/127.0.0.1:59364]
23:34:17.525 [Forwarding setTimeout on session 5db0ab7ce05fa05b71f49d6970f35da9 to remote] DEBUG org.asynchttpclient.netty.request.NettyRequestSender - Using pooled Channel '[id: 0x21953d2c, L:/127.0.0.1:62975 - R:localhost/127.0.0.1:59364]' for 'POST' to 'http://localhost:59364/session/5db0ab7ce05fa05b71f49d6970f35da9/timeouts'
23:34:17.525 [Forwarding setTimeout on session 5db0ab7ce05fa05b71f49d6970f35da9 to remote] DEBUG org.asynchttpclient.netty.request.NettyRequestSender - Using open Channel [id: 0x21953d2c, L:/127.0.0.1:62975 - R:localhost/127.0.0.1:59364] for POST '/session/5db0ab7ce05fa05b71f49d6970f35da9/timeouts'
23:34:17.530 [AsyncHttpClient-1-5] DEBUG org.asynchttpclient.netty.handler.HttpHandler - 

Request DefaultHttpRequest(decodeResult: success, version: HTTP/1.1)
POST /session/5db0ab7ce05fa05b71f49d6970f35da9/timeouts HTTP/1.1
User-Agent: selenium/4.1.2 (java windows)
Content-Length: 22
Content-Type: application/json; charset=utf-8
host: localhost:59364
accept: */*

Response DefaultHttpResponse(decodeResult: success, version: HTTP/1.1)
HTTP/1.1 200 OK
Content-Type: application/json; charset=utf-8
cache-control: no-cache
content-length: 14

23:34:17.531 [AsyncHttpClient-1-5] DEBUG org.asynchttpclient.netty.channel.ChannelManager - Adding key: http://localhost:59364 for channel [id: 0x21953d2c, L:/127.0.0.1:62975 - R:localhost/127.0.0.1:59364]
23:34:17.550 [Forwarding getCurrentUrl on session 5db0ab7ce05fa05b71f49d6970f35da9 to remote] DEBUG org.asynchttpclient.netty.request.NettyRequestSender - Using pooled Channel '[id: 0x21953d2c, L:/127.0.0.1:62975 - R:localhost/127.0.0.1:59364]' for 'GET' to 'http://localhost:59364/session/5db0ab7ce05fa05b71f49d6970f35da9/url'
23:34:17.550 [Forwarding getCurrentUrl on session 5db0ab7ce05fa05b71f49d6970f35da9 to remote] DEBUG org.asynchttpclient.netty.request.NettyRequestSender - Using open Channel [id: 0x21953d2c, L:/127.0.0.1:62975 - R:localhost/127.0.0.1:59364] for GET '/session/5db0ab7ce05fa05b71f49d6970f35da9/url'
23:34:17.570 [AsyncHttpClient-1-5] DEBUG org.asynchttpclient.netty.handler.HttpHandler - 

Request DefaultFullHttpRequest(decodeResult: success, version: HTTP/1.1, content: EmptyByteBufBE)
GET /session/5db0ab7ce05fa05b71f49d6970f35da9/url HTTP/1.1
User-Agent: selenium/4.1.2 (java windows)
Cache-Control: no-cache
Content-Type: application/json; charset=utf-8
host: localhost:59364
accept: */*

Response DefaultHttpResponse(decodeResult: success, version: HTTP/1.1)
HTTP/1.1 200 OK
Content-Type: application/json; charset=utf-8
cache-control: no-cache
content-length: 31

23:34:17.571 [AsyncHttpClient-1-5] DEBUG org.asynchttpclient.netty.channel.ChannelManager - Adding key: http://localhost:59364 for channel [id: 0x21953d2c, L:/127.0.0.1:62975 - R:localhost/127.0.0.1:59364]
23:34:17.583 [Forwarding getCurrentUrl on session 5db0ab7ce05fa05b71f49d6970f35da9 to remote] DEBUG org.asynchttpclient.netty.request.NettyRequestSender - Using pooled Channel '[id: 0x21953d2c, L:/127.0.0.1:62975 - R:localhost/127.0.0.1:59364]' for 'GET' to 'http://localhost:59364/session/5db0ab7ce05fa05b71f49d6970f35da9/url'
23:34:17.583 [Forwarding getCurrentUrl on session 5db0ab7ce05fa05b71f49d6970f35da9 to remote] DEBUG org.asynchttpclient.netty.request.NettyRequestSender - Using open Channel [id: 0x21953d2c, L:/127.0.0.1:62975 - R:localhost/127.0.0.1:59364] for GET '/session/5db0ab7ce05fa05b71f49d6970f35da9/url'
23:34:17.592 [AsyncHttpClient-1-5] DEBUG org.asynchttpclient.netty.handler.HttpHandler - 

Request DefaultFullHttpRequest(decodeResult: success, version: HTTP/1.1, content: EmptyByteBufBE)
GET /session/5db0ab7ce05fa05b71f49d6970f35da9/url HTTP/1.1
User-Agent: selenium/4.1.2 (java windows)
Cache-Control: no-cache
Content-Type: application/json; charset=utf-8
host: localhost:59364
accept: */*

Response DefaultHttpResponse(decodeResult: success, version: HTTP/1.1)
HTTP/1.1 200 OK
Content-Type: application/json; charset=utf-8
cache-control: no-cache
content-length: 31

23:34:17.593 [AsyncHttpClient-1-5] DEBUG org.asynchttpclient.netty.channel.ChannelManager - Adding key: http://localhost:59364 for channel [id: 0x21953d2c, L:/127.0.0.1:62975 - R:localhost/127.0.0.1:59364]
23:34:17.607 [Forwarding screenshot on session 5db0ab7ce05fa05b71f49d6970f35da9 to remote] DEBUG org.asynchttpclient.netty.request.NettyRequestSender - Using pooled Channel '[id: 0x21953d2c, L:/127.0.0.1:62975 - R:localhost/127.0.0.1:59364]' for 'GET' to 'http://localhost:59364/session/5db0ab7ce05fa05b71f49d6970f35da9/screenshot'
23:34:17.608 [Forwarding screenshot on session 5db0ab7ce05fa05b71f49d6970f35da9 to remote] DEBUG org.asynchttpclient.netty.request.NettyRequestSender - Using open Channel [id: 0x21953d2c, L:/127.0.0.1:62975 - R:localhost/127.0.0.1:59364] for GET '/session/5db0ab7ce05fa05b71f49d6970f35da9/screenshot'
23:34:17.822 [AsyncHttpClient-1-5] DEBUG org.asynchttpclient.netty.handler.HttpHandler - 

Request DefaultFullHttpRequest(decodeResult: success, version: HTTP/1.1, content: EmptyByteBufBE)
GET /session/5db0ab7ce05fa05b71f49d6970f35da9/screenshot HTTP/1.1
User-Agent: selenium/4.1.2 (java windows)
Cache-Control: no-cache
Content-Type: application/json; charset=utf-8
host: localhost:59364
accept: */*

Response DefaultHttpResponse(decodeResult: success, version: HTTP/1.1)
HTTP/1.1 200 OK
Content-Type: application/json; charset=utf-8
cache-control: no-cache
content-length: 82764

23:34:17.825 [AsyncHttpClient-1-5] DEBUG org.asynchttpclient.netty.channel.ChannelManager - Adding key: http://localhost:59364 for channel [id: 0x21953d2c, L:/127.0.0.1:62975 - R:localhost/127.0.0.1:59364]
23:34:18.056 [AsyncHttpClient-1-1] DEBUG org.asynchttpclient.netty.channel.DefaultChannelPool - Entry count for : http://localhost:59364 : 1
23:34:18.056 [AsyncHttpClient-1-1] DEBUG org.asynchttpclient.netty.channel.DefaultChannelPool - Entry count for : http://localhost:62976 : 1
23:34:18.071 [main] DEBUG net.serenitybdd.core.photography.Darkroom - Send negative for processing for target\site\serenity\5645f7ccc64863b1b17a01a688e66547948f2716c193c298fa2722d42ca08574.png
23:34:18.071 [main] DEBUG net.thucydides.core.steps.StepInterceptor - STEP DONE: openPage
23:34:18.086 [main] DEBUG net.thucydides.core.steps.StepInterceptor - STARTING STEP: LoginSteps.onLoginPage - clickLoginIcon
23:34:18.095 [Forwarding findElement on session 5db0ab7ce05fa05b71f49d6970f35da9 to remote] DEBUG org.asynchttpclient.netty.request.NettyRequestSender - Using pooled Channel '[id: 0x21953d2c, L:/127.0.0.1:62975 - R:localhost/127.0.0.1:59364]' for 'POST' to 'http://localhost:59364/session/5db0ab7ce05fa05b71f49d6970f35da9/element'
23:34:18.096 [Forwarding findElement on session 5db0ab7ce05fa05b71f49d6970f35da9 to remote] DEBUG org.asynchttpclient.netty.request.NettyRequestSender - Using open Channel [id: 0x21953d2c, L:/127.0.0.1:62975 - R:localhost/127.0.0.1:59364] for POST '/session/5db0ab7ce05fa05b71f49d6970f35da9/element'
23:34:18.139 [AsyncHttpClient-1-5] DEBUG org.asynchttpclient.netty.handler.HttpHandler - 

Request DefaultHttpRequest(decodeResult: success, version: HTTP/1.1)
POST /session/5db0ab7ce05fa05b71f49d6970f35da9/element HTTP/1.1
User-Agent: selenium/4.1.2 (java windows)
Content-Length: 129
Content-Type: application/json; charset=utf-8
host: localhost:59364
accept: */*

Response DefaultHttpResponse(decodeResult: success, version: HTTP/1.1)
HTTP/1.1 200 OK
Content-Type: application/json; charset=utf-8
cache-control: no-cache
content-length: 88

23:34:18.139 [AsyncHttpClient-1-5] DEBUG org.asynchttpclient.netty.channel.ChannelManager - Adding key: http://localhost:59364 for channel [id: 0x21953d2c, L:/127.0.0.1:62975 - R:localhost/127.0.0.1:59364]
23:34:18.145 [Forwarding getElementTagName on session 5db0ab7ce05fa05b71f49d6970f35da9 to remote] DEBUG org.asynchttpclient.netty.request.NettyRequestSender - Using pooled Channel '[id: 0x21953d2c, L:/127.0.0.1:62975 - R:localhost/127.0.0.1:59364]' for 'GET' to 'http://localhost:59364/session/5db0ab7ce05fa05b71f49d6970f35da9/element/67e352e9-c799-4ca4-831d-e5f3b2f10eab/name'
23:34:18.145 [Forwarding getElementTagName on session 5db0ab7ce05fa05b71f49d6970f35da9 to remote] DEBUG org.asynchttpclient.netty.request.NettyRequestSender - Using open Channel [id: 0x21953d2c, L:/127.0.0.1:62975 - R:localhost/127.0.0.1:59364] for GET '/session/5db0ab7ce05fa05b71f49d6970f35da9/element/67e352e9-c799-4ca4-831d-e5f3b2f10eab/name'
23:34:18.153 [AsyncHttpClient-1-5] DEBUG org.asynchttpclient.netty.handler.HttpHandler - 

Request DefaultFullHttpRequest(decodeResult: success, version: HTTP/1.1, content: EmptyByteBufBE)
GET /session/5db0ab7ce05fa05b71f49d6970f35da9/element/67e352e9-c799-4ca4-831d-e5f3b2f10eab/name HTTP/1.1
User-Agent: selenium/4.1.2 (java windows)
Cache-Control: no-cache
Content-Type: application/json; charset=utf-8
host: localhost:59364
accept: */*

Response DefaultHttpResponse(decodeResult: success, version: HTTP/1.1)
HTTP/1.1 200 OK
Content-Type: application/json; charset=utf-8
cache-control: no-cache
content-length: 18

23:34:18.153 [AsyncHttpClient-1-5] DEBUG org.asynchttpclient.netty.channel.ChannelManager - Adding key: http://localhost:59364 for channel [id: 0x21953d2c, L:/127.0.0.1:62975 - R:localhost/127.0.0.1:59364]
23:34:18.156 [Forwarding getElementTagName on session 5db0ab7ce05fa05b71f49d6970f35da9 to remote] DEBUG org.asynchttpclient.netty.request.NettyRequestSender - Using pooled Channel '[id: 0x21953d2c, L:/127.0.0.1:62975 - R:localhost/127.0.0.1:59364]' for 'GET' to 'http://localhost:59364/session/5db0ab7ce05fa05b71f49d6970f35da9/element/67e352e9-c799-4ca4-831d-e5f3b2f10eab/name'
23:34:18.156 [Forwarding getElementTagName on session 5db0ab7ce05fa05b71f49d6970f35da9 to remote] DEBUG org.asynchttpclient.netty.request.NettyRequestSender - Using open Channel [id: 0x21953d2c, L:/127.0.0.1:62975 - R:localhost/127.0.0.1:59364] for GET '/session/5db0ab7ce05fa05b71f49d6970f35da9/element/67e352e9-c799-4ca4-831d-e5f3b2f10eab/name'
23:34:18.165 [AsyncHttpClient-1-5] DEBUG org.asynchttpclient.netty.handler.HttpHandler - 

Request DefaultFullHttpRequest(decodeResult: success, version: HTTP/1.1, content: EmptyByteBufBE)
GET /session/5db0ab7ce05fa05b71f49d6970f35da9/element/67e352e9-c799-4ca4-831d-e5f3b2f10eab/name HTTP/1.1
User-Agent: selenium/4.1.2 (java windows)
Cache-Control: no-cache
Content-Type: application/json; charset=utf-8
host: localhost:59364
accept: */*

Response DefaultHttpResponse(decodeResult: success, version: HTTP/1.1)
HTTP/1.1 200 OK
Content-Type: application/json; charset=utf-8
cache-control: no-cache
content-length: 18

23:34:18.165 [AsyncHttpClient-1-5] DEBUG org.asynchttpclient.netty.channel.ChannelManager - Adding key: http://localhost:59364 for channel [id: 0x21953d2c, L:/127.0.0.1:62975 - R:localhost/127.0.0.1:59364]
23:34:18.172 [Forwarding isElementEnabled on session 5db0ab7ce05fa05b71f49d6970f35da9 to remote] DEBUG org.asynchttpclient.netty.request.NettyRequestSender - Using pooled Channel '[id: 0x21953d2c, L:/127.0.0.1:62975 - R:localhost/127.0.0.1:59364]' for 'GET' to 'http://localhost:59364/session/5db0ab7ce05fa05b71f49d6970f35da9/element/67e352e9-c799-4ca4-831d-e5f3b2f10eab/enabled'
23:34:18.172 [Forwarding isElementEnabled on session 5db0ab7ce05fa05b71f49d6970f35da9 to remote] DEBUG org.asynchttpclient.netty.request.NettyRequestSender - Using open Channel [id: 0x21953d2c, L:/127.0.0.1:62975 - R:localhost/127.0.0.1:59364] for GET '/session/5db0ab7ce05fa05b71f49d6970f35da9/element/67e352e9-c799-4ca4-831d-e5f3b2f10eab/enabled'
23:34:18.196 [AsyncHttpClient-1-5] DEBUG org.asynchttpclient.netty.handler.HttpHandler - 

Request DefaultFullHttpRequest(decodeResult: success, version: HTTP/1.1, content: EmptyByteBufBE)
GET /session/5db0ab7ce05fa05b71f49d6970f35da9/element/67e352e9-c799-4ca4-831d-e5f3b2f10eab/enabled HTTP/1.1
User-Agent: selenium/4.1.2 (java windows)
Cache-Control: no-cache
Content-Type: application/json; charset=utf-8
host: localhost:59364
accept: */*

Response DefaultHttpResponse(decodeResult: success, version: HTTP/1.1)
HTTP/1.1 200 OK
Content-Type: application/json; charset=utf-8
cache-control: no-cache
content-length: 14

23:34:18.196 [AsyncHttpClient-1-5] DEBUG org.asynchttpclient.netty.channel.ChannelManager - Adding key: http://localhost:59364 for channel [id: 0x21953d2c, L:/127.0.0.1:62975 - R:localhost/127.0.0.1:59364]
23:34:18.201 [Forwarding isElementEnabled on session 5db0ab7ce05fa05b71f49d6970f35da9 to remote] DEBUG org.asynchttpclient.netty.request.NettyRequestSender - Using pooled Channel '[id: 0x21953d2c, L:/127.0.0.1:62975 - R:localhost/127.0.0.1:59364]' for 'GET' to 'http://localhost:59364/session/5db0ab7ce05fa05b71f49d6970f35da9/element/67e352e9-c799-4ca4-831d-e5f3b2f10eab/enabled'
23:34:18.201 [Forwarding isElementEnabled on session 5db0ab7ce05fa05b71f49d6970f35da9 to remote] DEBUG org.asynchttpclient.netty.request.NettyRequestSender - Using open Channel [id: 0x21953d2c, L:/127.0.0.1:62975 - R:localhost/127.0.0.1:59364] for GET '/session/5db0ab7ce05fa05b71f49d6970f35da9/element/67e352e9-c799-4ca4-831d-e5f3b2f10eab/enabled'
23:34:18.212 [AsyncHttpClient-1-5] DEBUG org.asynchttpclient.netty.handler.HttpHandler - 

Request DefaultFullHttpRequest(decodeResult: success, version: HTTP/1.1, content: EmptyByteBufBE)
GET /session/5db0ab7ce05fa05b71f49d6970f35da9/element/67e352e9-c799-4ca4-831d-e5f3b2f10eab/enabled HTTP/1.1
User-Agent: selenium/4.1.2 (java windows)
Cache-Control: no-cache
Content-Type: application/json; charset=utf-8
host: localhost:59364
accept: */*

Response DefaultHttpResponse(decodeResult: success, version: HTTP/1.1)
HTTP/1.1 200 OK
Content-Type: application/json; charset=utf-8
cache-control: no-cache
content-length: 14

23:34:18.213 [AsyncHttpClient-1-5] DEBUG org.asynchttpclient.netty.channel.ChannelManager - Adding key: http://localhost:59364 for channel [id: 0x21953d2c, L:/127.0.0.1:62975 - R:localhost/127.0.0.1:59364]
23:34:18.219 [Forwarding findElement on session 5db0ab7ce05fa05b71f49d6970f35da9 to remote] DEBUG org.asynchttpclient.netty.request.NettyRequestSender - Using pooled Channel '[id: 0x21953d2c, L:/127.0.0.1:62975 - R:localhost/127.0.0.1:59364]' for 'POST' to 'http://localhost:59364/session/5db0ab7ce05fa05b71f49d6970f35da9/element'
23:34:18.220 [Forwarding findElement on session 5db0ab7ce05fa05b71f49d6970f35da9 to remote] DEBUG org.asynchttpclient.netty.request.NettyRequestSender - Using open Channel [id: 0x21953d2c, L:/127.0.0.1:62975 - R:localhost/127.0.0.1:59364] for POST '/session/5db0ab7ce05fa05b71f49d6970f35da9/element'
23:34:18.231 [AsyncHttpClient-1-5] DEBUG org.asynchttpclient.netty.handler.HttpHandler - 

Request DefaultHttpRequest(decodeResult: success, version: HTTP/1.1)
POST /session/5db0ab7ce05fa05b71f49d6970f35da9/element HTTP/1.1
User-Agent: selenium/4.1.2 (java windows)
Content-Length: 129
Content-Type: application/json; charset=utf-8
host: localhost:59364
accept: */*

Response DefaultHttpResponse(decodeResult: success, version: HTTP/1.1)
HTTP/1.1 200 OK
Content-Type: application/json; charset=utf-8
cache-control: no-cache
content-length: 88

23:34:18.232 [AsyncHttpClient-1-5] DEBUG org.asynchttpclient.netty.channel.ChannelManager - Adding key: http://localhost:59364 for channel [id: 0x21953d2c, L:/127.0.0.1:62975 - R:localhost/127.0.0.1:59364]
23:34:18.235 [Forwarding clickElement on session 5db0ab7ce05fa05b71f49d6970f35da9 to remote] DEBUG org.asynchttpclient.netty.request.NettyRequestSender - Using pooled Channel '[id: 0x21953d2c, L:/127.0.0.1:62975 - R:localhost/127.0.0.1:59364]' for 'POST' to 'http://localhost:59364/session/5db0ab7ce05fa05b71f49d6970f35da9/element/67e352e9-c799-4ca4-831d-e5f3b2f10eab/click'
23:34:18.236 [Forwarding clickElement on session 5db0ab7ce05fa05b71f49d6970f35da9 to remote] DEBUG org.asynchttpclient.netty.request.NettyRequestSender - Using open Channel [id: 0x21953d2c, L:/127.0.0.1:62975 - R:localhost/127.0.0.1:59364] for POST '/session/5db0ab7ce05fa05b71f49d6970f35da9/element/67e352e9-c799-4ca4-831d-e5f3b2f10eab/click'
23:34:18.377 [AsyncHttpClient-1-5] DEBUG org.asynchttpclient.netty.handler.HttpHandler - 

Request DefaultHttpRequest(decodeResult: success, version: HTTP/1.1)
POST /session/5db0ab7ce05fa05b71f49d6970f35da9/element/67e352e9-c799-4ca4-831d-e5f3b2f10eab/click HTTP/1.1
User-Agent: selenium/4.1.2 (java windows)
Content-Length: 50
Content-Type: application/json; charset=utf-8
host: localhost:59364
accept: */*

Response DefaultHttpResponse(decodeResult: success, version: HTTP/1.1)
HTTP/1.1 200 OK
Content-Type: application/json; charset=utf-8
cache-control: no-cache
content-length: 14

23:34:18.377 [AsyncHttpClient-1-5] DEBUG org.asynchttpclient.netty.channel.ChannelManager - Adding key: http://localhost:59364 for channel [id: 0x21953d2c, L:/127.0.0.1:62975 - R:localhost/127.0.0.1:59364]
23:34:18.408 [Forwarding screenshot on session 5db0ab7ce05fa05b71f49d6970f35da9 to remote] DEBUG org.asynchttpclient.netty.request.NettyRequestSender - Using pooled Channel '[id: 0x21953d2c, L:/127.0.0.1:62975 - R:localhost/127.0.0.1:59364]' for 'GET' to 'http://localhost:59364/session/5db0ab7ce05fa05b71f49d6970f35da9/screenshot'
23:34:18.408 [Forwarding screenshot on session 5db0ab7ce05fa05b71f49d6970f35da9 to remote] DEBUG org.asynchttpclient.netty.request.NettyRequestSender - Using open Channel [id: 0x21953d2c, L:/127.0.0.1:62975 - R:localhost/127.0.0.1:59364] for GET '/session/5db0ab7ce05fa05b71f49d6970f35da9/screenshot'
23:34:18.895 [AsyncHttpClient-1-5] DEBUG org.asynchttpclient.netty.handler.HttpHandler - 

Request DefaultFullHttpRequest(decodeResult: success, version: HTTP/1.1, content: EmptyByteBufBE)
GET /session/5db0ab7ce05fa05b71f49d6970f35da9/screenshot HTTP/1.1
User-Agent: selenium/4.1.2 (java windows)
Cache-Control: no-cache
Content-Type: application/json; charset=utf-8
host: localhost:59364
accept: */*

Response DefaultHttpResponse(decodeResult: success, version: HTTP/1.1)
HTTP/1.1 200 OK
Content-Type: application/json; charset=utf-8
cache-control: no-cache
content-length: 26636

23:34:18.896 [AsyncHttpClient-1-5] DEBUG org.asynchttpclient.netty.channel.ChannelManager - Adding key: http://localhost:59364 for channel [id: 0x21953d2c, L:/127.0.0.1:62975 - R:localhost/127.0.0.1:59364]
23:34:18.900 [main] DEBUG net.serenitybdd.core.photography.Darkroom - Send negative for processing for target\site\serenity\a858c04a38cd62c7c679ca86fc9e39cc64df5cb0a3dfa8fa06e7e3b6b2aa1244.png
23:34:18.900 [main] DEBUG net.thucydides.core.steps.StepInterceptor - STEP DONE: clickLoginIcon
23:34:18.900 [Darkroom Processing Line] DEBUG net.serenitybdd.core.photography.DarkroomProcessingLine - Processing screenshot image in /var/screenshots/screenshot-6711675111620507048
23:34:18.901 [Darkroom Processing Line] DEBUG net.serenitybdd.core.photography.DarkroomProcessingLine - Saving screenshot to target\site\serenity\a858c04a38cd62c7c679ca86fc9e39cc64df5cb0a3dfa8fa06e7e3b6b2aa1244.png
  &amp#27;[32mGiven &amp#27;[0m&amp#27;[32mi am on the login page&amp#27;[0m                                             &amp#27;[90m# starter.stepdefenitions.LoginSteps.onLoginPage()&amp#27;[0m
23:34:18.924 [main] DEBUG net.thucydides.core.steps.StepInterceptor - STARTING STEP: LoginSteps.inputValidEmail - inputEmail
23:34:18.930 [Forwarding findElement on session 5db0ab7ce05fa05b71f49d6970f35da9 to remote] DEBUG org.asynchttpclient.netty.request.NettyRequestSender - Using pooled Channel '[id: 0x21953d2c, L:/127.0.0.1:62975 - R:localhost/127.0.0.1:59364]' for 'POST' to 'http://localhost:59364/session/5db0ab7ce05fa05b71f49d6970f35da9/element'
23:34:18.930 [Forwarding findElement on session 5db0ab7ce05fa05b71f49d6970f35da9 to remote] DEBUG org.asynchttpclient.netty.request.NettyRequestSender - Using open Channel [id: 0x21953d2c, L:/127.0.0.1:62975 - R:localhost/127.0.0.1:59364] for POST '/session/5db0ab7ce05fa05b71f49d6970f35da9/element'
23:34:18.949 [AsyncHttpClient-1-5] DEBUG org.asynchttpclient.netty.handler.HttpHandler - 

Request DefaultHttpRequest(decodeResult: success, version: HTTP/1.1)
POST /session/5db0ab7ce05fa05b71f49d6970f35da9/element HTTP/1.1
User-Agent: selenium/4.1.2 (java windows)
Content-Length: 110
Content-Type: application/json; charset=utf-8
host: localhost:59364
accept: */*

Response DefaultHttpResponse(decodeResult: success, version: HTTP/1.1)
HTTP/1.1 200 OK
Content-Type: application/json; charset=utf-8
cache-control: no-cache
content-length: 88

23:34:18.950 [AsyncHttpClient-1-5] DEBUG org.asynchttpclient.netty.channel.ChannelManager - Adding key: http://localhost:59364 for channel [id: 0x21953d2c, L:/127.0.0.1:62975 - R:localhost/127.0.0.1:59364]
23:34:18.955 [Forwarding clearElement on session 5db0ab7ce05fa05b71f49d6970f35da9 to remote] DEBUG org.asynchttpclient.netty.request.NettyRequestSender - Using pooled Channel '[id: 0x21953d2c, L:/127.0.0.1:62975 - R:localhost/127.0.0.1:59364]' for 'POST' to 'http://localhost:59364/session/5db0ab7ce05fa05b71f49d6970f35da9/element/f099c3d0-5996-44c4-9640-d4644b039b70/clear'
23:34:18.956 [Forwarding clearElement on session 5db0ab7ce05fa05b71f49d6970f35da9 to remote] DEBUG org.asynchttpclient.netty.request.NettyRequestSender - Using open Channel [id: 0x21953d2c, L:/127.0.0.1:62975 - R:localhost/127.0.0.1:59364] for POST '/session/5db0ab7ce05fa05b71f49d6970f35da9/element/f099c3d0-5996-44c4-9640-d4644b039b70/clear'
23:34:19.036 [AsyncHttpClient-1-5] DEBUG org.asynchttpclient.netty.handler.HttpHandler - 

Request DefaultHttpRequest(decodeResult: success, version: HTTP/1.1)
POST /session/5db0ab7ce05fa05b71f49d6970f35da9/element/f099c3d0-5996-44c4-9640-d4644b039b70/clear HTTP/1.1
User-Agent: selenium/4.1.2 (java windows)
Content-Length: 50
Content-Type: application/json; charset=utf-8
host: localhost:59364
accept: */*

Response DefaultHttpResponse(decodeResult: success, version: HTTP/1.1)
HTTP/1.1 200 OK
Content-Type: application/json; charset=utf-8
cache-control: no-cache
content-length: 14

23:34:19.036 [AsyncHttpClient-1-5] DEBUG org.asynchttpclient.netty.channel.ChannelManager - Adding key: http://localhost:59364 for channel [id: 0x21953d2c, L:/127.0.0.1:62975 - R:localhost/127.0.0.1:59364]
23:34:19.041 [Forwarding sendKeysToElement on session 5db0ab7ce05fa05b71f49d6970f35da9 to remote] DEBUG org.asynchttpclient.netty.request.NettyRequestSender - Using pooled Channel '[id: 0x21953d2c, L:/127.0.0.1:62975 - R:localhost/127.0.0.1:59364]' for 'POST' to 'http://localhost:59364/session/5db0ab7ce05fa05b71f49d6970f35da9/element/f099c3d0-5996-44c4-9640-d4644b039b70/value'
23:34:19.042 [Forwarding sendKeysToElement on session 5db0ab7ce05fa05b71f49d6970f35da9 to remote] DEBUG org.asynchttpclient.netty.request.NettyRequestSender - Using open Channel [id: 0x21953d2c, L:/127.0.0.1:62975 - R:localhost/127.0.0.1:59364] for POST '/session/5db0ab7ce05fa05b71f49d6970f35da9/element/f099c3d0-5996-44c4-9640-d4644b039b70/value'
23:34:19.155 [AsyncHttpClient-1-1] DEBUG org.asynchttpclient.netty.channel.DefaultChannelPool - Entry count for : http://localhost:62976 : 1
23:34:19.344 [AsyncHttpClient-1-5] DEBUG org.asynchttpclient.netty.handler.HttpHandler - 

Request DefaultHttpRequest(decodeResult: success, version: HTTP/1.1)
POST /session/5db0ab7ce05fa05b71f49d6970f35da9/element/f099c3d0-5996-44c4-9640-d4644b039b70/value HTTP/1.1
User-Agent: selenium/4.1.2 (java windows)
Content-Length: 231
Content-Type: application/json; charset=utf-8
host: localhost:59364
accept: */*

Response DefaultHttpResponse(decodeResult: success, version: HTTP/1.1)
HTTP/1.1 200 OK
Content-Type: application/json; charset=utf-8
cache-control: no-cache
content-length: 14

23:34:19.344 [AsyncHttpClient-1-5] DEBUG org.asynchttpclient.netty.channel.ChannelManager - Adding key: http://localhost:59364 for channel [id: 0x21953d2c, L:/127.0.0.1:62975 - R:localhost/127.0.0.1:59364]
23:34:19.357 [Forwarding screenshot on session 5db0ab7ce05fa05b71f49d6970f35da9 to remote] DEBUG org.asynchttpclient.netty.request.NettyRequestSender - Using pooled Channel '[id: 0x21953d2c, L:/127.0.0.1:62975 - R:localhost/127.0.0.1:59364]' for 'GET' to 'http://localhost:59364/session/5db0ab7ce05fa05b71f49d6970f35da9/screenshot'
23:34:19.357 [Forwarding screenshot on session 5db0ab7ce05fa05b71f49d6970f35da9 to remote] DEBUG org.asynchttpclient.netty.request.NettyRequestSender - Using open Channel [id: 0x21953d2c, L:/127.0.0.1:62975 - R:localhost/127.0.0.1:59364] for GET '/session/5db0ab7ce05fa05b71f49d6970f35da9/screenshot'
23:34:19.533 [AsyncHttpClient-1-5] DEBUG org.asynchttpclient.netty.handler.HttpHandler - 

Request DefaultFullHttpRequest(decodeResult: success, version: HTTP/1.1, content: EmptyByteBufBE)
GET /session/5db0ab7ce05fa05b71f49d6970f35da9/screenshot HTTP/1.1
User-Agent: selenium/4.1.2 (java windows)
Cache-Control: no-cache
Content-Type: application/json; charset=utf-8
host: localhost:59364
accept: */*

Response DefaultHttpResponse(decodeResult: success, version: HTTP/1.1)
HTTP/1.1 200 OK
Content-Type: application/json; charset=utf-8
cache-control: no-cache
content-length: 30236

23:34:19.534 [AsyncHttpClient-1-5] DEBUG org.asynchttpclient.netty.channel.ChannelManager - Adding key: http://localhost:59364 for channel [id: 0x21953d2c, L:/127.0.0.1:62975 - R:localhost/127.0.0.1:59364]
23:34:19.537 [main] DEBUG net.serenitybdd.core.photography.Darkroom - Send negative for processing for target\site\serenity\5ea104ff4a4a9b9f238e12e36aef52a84ac8a3a7a0d8b2c8edfcade17e05ba53.png
23:34:19.537 [main] DEBUG net.thucydides.core.steps.StepInterceptor - STEP DONE: inputEmail
23:34:19.538 [Darkroom Processing Line] DEBUG net.serenitybdd.core.photography.DarkroomProcessingLine - Processing screenshot image in /var/screenshots/screenshot-5842376780934930554
23:34:19.538 [Darkroom Processing Line] DEBUG net.serenitybdd.core.photography.DarkroomProcessingLine - Saving screenshot to target\site\serenity\5ea104ff4a4a9b9f238e12e36aef52a84ac8a3a7a0d8b2c8edfcade17e05ba53.png
  &amp#27;[32mWhen &amp#27;[0m&amp#27;[32mi input valid email&amp#27;[0m                                                 &amp#27;[90m# starter.stepdefenitions.LoginSteps.inputValidEmail()&amp#27;[0m
23:34:19.559 [main] DEBUG net.thucydides.core.steps.StepInterceptor - STARTING STEP: LoginSteps.inputInvalidPassword - inputPassword
23:34:19.562 [Forwarding findElement on session 5db0ab7ce05fa05b71f49d6970f35da9 to remote] DEBUG org.asynchttpclient.netty.request.NettyRequestSender - Using pooled Channel '[id: 0x21953d2c, L:/127.0.0.1:62975 - R:localhost/127.0.0.1:59364]' for 'POST' to 'http://localhost:59364/session/5db0ab7ce05fa05b71f49d6970f35da9/element'
23:34:19.562 [Forwarding findElement on session 5db0ab7ce05fa05b71f49d6970f35da9 to remote] DEBUG org.asynchttpclient.netty.request.NettyRequestSender - Using open Channel [id: 0x21953d2c, L:/127.0.0.1:62975 - R:localhost/127.0.0.1:59364] for POST '/session/5db0ab7ce05fa05b71f49d6970f35da9/element'
23:34:19.581 [AsyncHttpClient-1-5] DEBUG org.asynchttpclient.netty.handler.HttpHandler - 

Request DefaultHttpRequest(decodeResult: success, version: HTTP/1.1)
POST /session/5db0ab7ce05fa05b71f49d6970f35da9/element HTTP/1.1
User-Agent: selenium/4.1.2 (java windows)
Content-Length: 113
Content-Type: application/json; charset=utf-8
host: localhost:59364
accept: */*

Response DefaultHttpResponse(decodeResult: success, version: HTTP/1.1)
HTTP/1.1 200 OK
Content-Type: application/json; charset=utf-8
cache-control: no-cache
content-length: 88

23:34:19.582 [AsyncHttpClient-1-5] DEBUG org.asynchttpclient.netty.channel.ChannelManager - Adding key: http://localhost:59364 for channel [id: 0x21953d2c, L:/127.0.0.1:62975 - R:localhost/127.0.0.1:59364]
23:34:19.586 [Forwarding clearElement on session 5db0ab7ce05fa05b71f49d6970f35da9 to remote] DEBUG org.asynchttpclient.netty.request.NettyRequestSender - Using pooled Channel '[id: 0x21953d2c, L:/127.0.0.1:62975 - R:localhost/127.0.0.1:59364]' for 'POST' to 'http://localhost:59364/session/5db0ab7ce05fa05b71f49d6970f35da9/element/8b9bcff8-03f5-4901-b334-d170512a4ea8/clear'
23:34:19.586 [Forwarding clearElement on session 5db0ab7ce05fa05b71f49d6970f35da9 to remote] DEBUG org.asynchttpclient.netty.request.NettyRequestSender - Using open Channel [id: 0x21953d2c, L:/127.0.0.1:62975 - R:localhost/127.0.0.1:59364] for POST '/session/5db0ab7ce05fa05b71f49d6970f35da9/element/8b9bcff8-03f5-4901-b334-d170512a4ea8/clear'
23:34:19.636 [AsyncHttpClient-1-5] DEBUG org.asynchttpclient.netty.handler.HttpHandler - 

Request DefaultHttpRequest(decodeResult: success, version: HTTP/1.1)
POST /session/5db0ab7ce05fa05b71f49d6970f35da9/element/8b9bcff8-03f5-4901-b334-d170512a4ea8/clear HTTP/1.1
User-Agent: selenium/4.1.2 (java windows)
Content-Length: 50
Content-Type: application/json; charset=utf-8
host: localhost:59364
accept: */*

Response DefaultHttpResponse(decodeResult: success, version: HTTP/1.1)
HTTP/1.1 200 OK
Content-Type: application/json; charset=utf-8
cache-control: no-cache
content-length: 14

23:34:19.637 [AsyncHttpClient-1-5] DEBUG org.asynchttpclient.netty.channel.ChannelManager - Adding key: http://localhost:59364 for channel [id: 0x21953d2c, L:/127.0.0.1:62975 - R:localhost/127.0.0.1:59364]
23:34:19.640 [Forwarding sendKeysToElement on session 5db0ab7ce05fa05b71f49d6970f35da9 to remote] DEBUG org.asynchttpclient.netty.request.NettyRequestSender - Using pooled Channel '[id: 0x21953d2c, L:/127.0.0.1:62975 - R:localhost/127.0.0.1:59364]' for 'POST' to 'http://localhost:59364/session/5db0ab7ce05fa05b71f49d6970f35da9/element/8b9bcff8-03f5-4901-b334-d170512a4ea8/value'
23:34:19.641 [Forwarding sendKeysToElement on session 5db0ab7ce05fa05b71f49d6970f35da9 to remote] DEBUG org.asynchttpclient.netty.request.NettyRequestSender - Using open Channel [id: 0x21953d2c, L:/127.0.0.1:62975 - R:localhost/127.0.0.1:59364] for POST '/session/5db0ab7ce05fa05b71f49d6970f35da9/element/8b9bcff8-03f5-4901-b334-d170512a4ea8/value'
23:34:19.794 [AsyncHttpClient-1-5] DEBUG org.asynchttpclient.netty.handler.HttpHandler - 

Request DefaultHttpRequest(decodeResult: success, version: HTTP/1.1)
POST /session/5db0ab7ce05fa05b71f49d6970f35da9/element/8b9bcff8-03f5-4901-b334-d170512a4ea8/value HTTP/1.1
User-Agent: selenium/4.1.2 (java windows)
Content-Length: 191
Content-Type: application/json; charset=utf-8
host: localhost:59364
accept: */*

Response DefaultHttpResponse(decodeResult: success, version: HTTP/1.1)
HTTP/1.1 200 OK
Content-Type: application/json; charset=utf-8
cache-control: no-cache
content-length: 14

23:34:19.795 [AsyncHttpClient-1-5] DEBUG org.asynchttpclient.netty.channel.ChannelManager - Adding key: http://localhost:59364 for channel [id: 0x21953d2c, L:/127.0.0.1:62975 - R:localhost/127.0.0.1:59364]
23:34:19.806 [Forwarding screenshot on session 5db0ab7ce05fa05b71f49d6970f35da9 to remote] DEBUG org.asynchttpclient.netty.request.NettyRequestSender - Using pooled Channel '[id: 0x21953d2c, L:/127.0.0.1:62975 - R:localhost/127.0.0.1:59364]' for 'GET' to 'http://localhost:59364/session/5db0ab7ce05fa05b71f49d6970f35da9/screenshot'
23:34:19.806 [Forwarding screenshot on session 5db0ab7ce05fa05b71f49d6970f35da9 to remote] DEBUG org.asynchttpclient.netty.request.NettyRequestSender - Using open Channel [id: 0x21953d2c, L:/127.0.0.1:62975 - R:localhost/127.0.0.1:59364] for GET '/session/5db0ab7ce05fa05b71f49d6970f35da9/screenshot'
23:34:19.997 [AsyncHttpClient-1-5] DEBUG org.asynchttpclient.netty.handler.HttpHandler - 

Request DefaultFullHttpRequest(decodeResult: success, version: HTTP/1.1, content: EmptyByteBufBE)
GET /session/5db0ab7ce05fa05b71f49d6970f35da9/screenshot HTTP/1.1
User-Agent: selenium/4.1.2 (java windows)
Cache-Control: no-cache
Content-Type: application/json; charset=utf-8
host: localhost:59364
accept: */*

Response DefaultHttpResponse(decodeResult: success, version: HTTP/1.1)
HTTP/1.1 200 OK
Content-Type: application/json; charset=utf-8
cache-control: no-cache
content-length: 32232

23:34:19.998 [AsyncHttpClient-1-5] DEBUG org.asynchttpclient.netty.channel.ChannelManager - Adding key: http://localhost:59364 for channel [id: 0x21953d2c, L:/127.0.0.1:62975 - R:localhost/127.0.0.1:59364]
23:34:20.004 [main] DEBUG net.serenitybdd.core.photography.Darkroom - Send negative for processing for target\site\serenity\34accdeaaa39184827e2a18508dbdea305cada161e42e19120a4280cd40c3bb3.png
23:34:20.005 [main] DEBUG net.thucydides.core.steps.StepInterceptor - STEP DONE: inputPassword
  &amp#27;[32mAnd &amp#27;[0m&amp#27;[32mi input invalid password&amp#27;[0m                                             &amp#27;[90m# starter.stepdefenitions.LoginSteps.inputInvalidPassword()&amp#27;[0m
23:34:20.005 [Darkroom Processing Line] DEBUG net.serenitybdd.core.photography.DarkroomProcessingLine - Processing screenshot image in /var/screenshots/screenshot-3245392487814126097
23:34:20.007 [Darkroom Processing Line] DEBUG net.serenitybdd.core.photography.DarkroomProcessingLine - Saving screenshot to target\site\serenity\34accdeaaa39184827e2a18508dbdea305cada161e42e19120a4280cd40c3bb3.png
23:34:20.039 [main] DEBUG net.thucydides.core.steps.StepInterceptor - STARTING STEP: LoginSteps.clickLoginButton - clickLoginButton
23:34:20.048 [Forwarding findElement on session 5db0ab7ce05fa05b71f49d6970f35da9 to remote] DEBUG org.asynchttpclient.netty.request.NettyRequestSender - Using pooled Channel '[id: 0x21953d2c, L:/127.0.0.1:62975 - R:localhost/127.0.0.1:59364]' for 'POST' to 'http://localhost:59364/session/5db0ab7ce05fa05b71f49d6970f35da9/element'
23:34:20.048 [Forwarding findElement on session 5db0ab7ce05fa05b71f49d6970f35da9 to remote] DEBUG org.asynchttpclient.netty.request.NettyRequestSender - Using open Channel [id: 0x21953d2c, L:/127.0.0.1:62975 - R:localhost/127.0.0.1:59364] for POST '/session/5db0ab7ce05fa05b71f49d6970f35da9/element'
23:34:20.067 [AsyncHttpClient-1-5] DEBUG org.asynchttpclient.netty.handler.HttpHandler - 

Request DefaultHttpRequest(decodeResult: success, version: HTTP/1.1)
POST /session/5db0ab7ce05fa05b71f49d6970f35da9/element HTTP/1.1
User-Agent: selenium/4.1.2 (java windows)
Content-Length: 83
Content-Type: application/json; charset=utf-8
host: localhost:59364
accept: */*

Response DefaultHttpResponse(decodeResult: success, version: HTTP/1.1)
HTTP/1.1 200 OK
Content-Type: application/json; charset=utf-8
cache-control: no-cache
content-length: 88

23:34:20.068 [AsyncHttpClient-1-5] DEBUG org.asynchttpclient.netty.channel.ChannelManager - Adding key: http://localhost:59364 for channel [id: 0x21953d2c, L:/127.0.0.1:62975 - R:localhost/127.0.0.1:59364]
23:34:20.072 [Forwarding getElementTagName on session 5db0ab7ce05fa05b71f49d6970f35da9 to remote] DEBUG org.asynchttpclient.netty.request.NettyRequestSender - Using pooled Channel '[id: 0x21953d2c, L:/127.0.0.1:62975 - R:localhost/127.0.0.1:59364]' for 'GET' to 'http://localhost:59364/session/5db0ab7ce05fa05b71f49d6970f35da9/element/352a1e1d-d6a2-4d3d-ab67-dddc5d275422/name'
23:34:20.073 [Forwarding getElementTagName on session 5db0ab7ce05fa05b71f49d6970f35da9 to remote] DEBUG org.asynchttpclient.netty.request.NettyRequestSender - Using open Channel [id: 0x21953d2c, L:/127.0.0.1:62975 - R:localhost/127.0.0.1:59364] for GET '/session/5db0ab7ce05fa05b71f49d6970f35da9/element/352a1e1d-d6a2-4d3d-ab67-dddc5d275422/name'
23:34:20.079 [AsyncHttpClient-1-5] DEBUG org.asynchttpclient.netty.handler.HttpHandler - 

Request DefaultFullHttpRequest(decodeResult: success, version: HTTP/1.1, content: EmptyByteBufBE)
GET /session/5db0ab7ce05fa05b71f49d6970f35da9/element/352a1e1d-d6a2-4d3d-ab67-dddc5d275422/name HTTP/1.1
User-Agent: selenium/4.1.2 (java windows)
Cache-Control: no-cache
Content-Type: application/json; charset=utf-8
host: localhost:59364
accept: */*

Response DefaultHttpResponse(decodeResult: success, version: HTTP/1.1)
HTTP/1.1 200 OK
Content-Type: application/json; charset=utf-8
cache-control: no-cache
content-length: 16

23:34:20.079 [AsyncHttpClient-1-5] DEBUG org.asynchttpclient.netty.channel.ChannelManager - Adding key: http://localhost:59364 for channel [id: 0x21953d2c, L:/127.0.0.1:62975 - R:localhost/127.0.0.1:59364]
23:34:20.082 [Forwarding getElementTagName on session 5db0ab7ce05fa05b71f49d6970f35da9 to remote] DEBUG org.asynchttpclient.netty.request.NettyRequestSender - Using pooled Channel '[id: 0x21953d2c, L:/127.0.0.1:62975 - R:localhost/127.0.0.1:59364]' for 'GET' to 'http://localhost:59364/session/5db0ab7ce05fa05b71f49d6970f35da9/element/352a1e1d-d6a2-4d3d-ab67-dddc5d275422/name'
23:34:20.082 [Forwarding getElementTagName on session 5db0ab7ce05fa05b71f49d6970f35da9 to remote] DEBUG org.asynchttpclient.netty.request.NettyRequestSender - Using open Channel [id: 0x21953d2c, L:/127.0.0.1:62975 - R:localhost/127.0.0.1:59364] for GET '/session/5db0ab7ce05fa05b71f49d6970f35da9/element/352a1e1d-d6a2-4d3d-ab67-dddc5d275422/name'
23:34:20.090 [AsyncHttpClient-1-5] DEBUG org.asynchttpclient.netty.handler.HttpHandler - 

Request DefaultFullHttpRequest(decodeResult: success, version: HTTP/1.1, content: EmptyByteBufBE)
GET /session/5db0ab7ce05fa05b71f49d6970f35da9/element/352a1e1d-d6a2-4d3d-ab67-dddc5d275422/name HTTP/1.1
User-Agent: selenium/4.1.2 (java windows)
Cache-Control: no-cache
Content-Type: application/json; charset=utf-8
host: localhost:59364
accept: */*

Response DefaultHttpResponse(decodeResult: success, version: HTTP/1.1)
HTTP/1.1 200 OK
Content-Type: application/json; charset=utf-8
cache-control: no-cache
content-length: 16

23:34:20.091 [AsyncHttpClient-1-5] DEBUG org.asynchttpclient.netty.channel.ChannelManager - Adding key: http://localhost:59364 for channel [id: 0x21953d2c, L:/127.0.0.1:62975 - R:localhost/127.0.0.1:59364]
23:34:20.095 [Forwarding findElement on session 5db0ab7ce05fa05b71f49d6970f35da9 to remote] DEBUG org.asynchttpclient.netty.request.NettyRequestSender - Using pooled Channel '[id: 0x21953d2c, L:/127.0.0.1:62975 - R:localhost/127.0.0.1:59364]' for 'POST' to 'http://localhost:59364/session/5db0ab7ce05fa05b71f49d6970f35da9/element'
23:34:20.095 [Forwarding findElement on session 5db0ab7ce05fa05b71f49d6970f35da9 to remote] DEBUG org.asynchttpclient.netty.request.NettyRequestSender - Using open Channel [id: 0x21953d2c, L:/127.0.0.1:62975 - R:localhost/127.0.0.1:59364] for POST '/session/5db0ab7ce05fa05b71f49d6970f35da9/element'
23:34:20.108 [AsyncHttpClient-1-5] DEBUG org.asynchttpclient.netty.handler.HttpHandler - 

Request DefaultHttpRequest(decodeResult: success, version: HTTP/1.1)
POST /session/5db0ab7ce05fa05b71f49d6970f35da9/element HTTP/1.1
User-Agent: selenium/4.1.2 (java windows)
Content-Length: 83
Content-Type: application/json; charset=utf-8
host: localhost:59364
accept: */*

Response DefaultHttpResponse(decodeResult: success, version: HTTP/1.1)
HTTP/1.1 200 OK
Content-Type: application/json; charset=utf-8
cache-control: no-cache
content-length: 88

23:34:20.108 [AsyncHttpClient-1-5] DEBUG org.asynchttpclient.netty.channel.ChannelManager - Adding key: http://localhost:59364 for channel [id: 0x21953d2c, L:/127.0.0.1:62975 - R:localhost/127.0.0.1:59364]
23:34:20.110 [Forwarding clickElement on session 5db0ab7ce05fa05b71f49d6970f35da9 to remote] DEBUG org.asynchttpclient.netty.request.NettyRequestSender - Using pooled Channel '[id: 0x21953d2c, L:/127.0.0.1:62975 - R:localhost/127.0.0.1:59364]' for 'POST' to 'http://localhost:59364/session/5db0ab7ce05fa05b71f49d6970f35da9/element/352a1e1d-d6a2-4d3d-ab67-dddc5d275422/click'
23:34:20.110 [Forwarding clickElement on session 5db0ab7ce05fa05b71f49d6970f35da9 to remote] DEBUG org.asynchttpclient.netty.request.NettyRequestSender - Using open Channel [id: 0x21953d2c, L:/127.0.0.1:62975 - R:localhost/127.0.0.1:59364] for POST '/session/5db0ab7ce05fa05b71f49d6970f35da9/element/352a1e1d-d6a2-4d3d-ab67-dddc5d275422/click'
23:34:20.176 [AsyncHttpClient-1-5] DEBUG org.asynchttpclient.netty.handler.HttpHandler - 

Request DefaultHttpRequest(decodeResult: success, version: HTTP/1.1)
POST /session/5db0ab7ce05fa05b71f49d6970f35da9/element/352a1e1d-d6a2-4d3d-ab67-dddc5d275422/click HTTP/1.1
User-Agent: selenium/4.1.2 (java windows)
Content-Length: 50
Content-Type: application/json; charset=utf-8
host: localhost:59364
accept: */*

Response DefaultHttpResponse(decodeResult: success, version: HTTP/1.1)
HTTP/1.1 200 OK
Content-Type: application/json; charset=utf-8
cache-control: no-cache
content-length: 14

23:34:20.176 [AsyncHttpClient-1-5] DEBUG org.asynchttpclient.netty.channel.ChannelManager - Adding key: http://localhost:59364 for channel [id: 0x21953d2c, L:/127.0.0.1:62975 - R:localhost/127.0.0.1:59364]
23:34:20.182 [Forwarding screenshot on session 5db0ab7ce05fa05b71f49d6970f35da9 to remote] DEBUG org.asynchttpclient.netty.request.NettyRequestSender - Using pooled Channel '[id: 0x21953d2c, L:/127.0.0.1:62975 - R:localhost/127.0.0.1:59364]' for 'GET' to 'http://localhost:59364/session/5db0ab7ce05fa05b71f49d6970f35da9/screenshot'
23:34:20.182 [Forwarding screenshot on session 5db0ab7ce05fa05b71f49d6970f35da9 to remote] DEBUG org.asynchttpclient.netty.request.NettyRequestSender - Using open Channel [id: 0x21953d2c, L:/127.0.0.1:62975 - R:localhost/127.0.0.1:59364] for GET '/session/5db0ab7ce05fa05b71f49d6970f35da9/screenshot'
23:34:20.245 [AsyncHttpClient-1-1] DEBUG org.asynchttpclient.netty.channel.DefaultChannelPool - Entry count for : http://localhost:62976 : 1
23:34:20.381 [AsyncHttpClient-1-5] DEBUG org.asynchttpclient.netty.handler.HttpHandler - 

Request DefaultFullHttpRequest(decodeResult: success, version: HTTP/1.1, content: EmptyByteBufBE)
GET /session/5db0ab7ce05fa05b71f49d6970f35da9/screenshot HTTP/1.1
User-Agent: selenium/4.1.2 (java windows)
Cache-Control: no-cache
Content-Type: application/json; charset=utf-8
host: localhost:59364
accept: */*

Response DefaultHttpResponse(decodeResult: success, version: HTTP/1.1)
HTTP/1.1 200 OK
Content-Type: application/json; charset=utf-8
cache-control: no-cache
content-length: 31900

23:34:20.381 [AsyncHttpClient-1-5] DEBUG org.asynchttpclient.netty.channel.ChannelManager - Adding key: http://localhost:59364 for channel [id: 0x21953d2c, L:/127.0.0.1:62975 - R:localhost/127.0.0.1:59364]
23:34:20.385 [main] DEBUG net.serenitybdd.core.photography.Darkroom - Send negative for processing for target\site\serenity\202667c85f96ac21960331ad8902830e57e1d4892a0fb44015f364126916dc5a.png
23:34:20.386 [main] DEBUG net.thucydides.core.steps.StepInterceptor - STEP DONE: clickLoginButton
  &amp#27;[32mAnd &amp#27;[0m&amp#27;[32mi click login button&amp#27;[0m                                                 &amp#27;[90m# starter.stepdefenitions.LoginSteps.clickLoginButton()&amp#27;[0m
23:34:20.389 [Darkroom Processing Line] DEBUG net.serenitybdd.core.photography.DarkroomProcessingLine - Processing screenshot image in /var/screenshots/screenshot-5349590988415261328
23:34:20.390 [Darkroom Processing Line] DEBUG net.serenitybdd.core.photography.DarkroomProcessingLine - Saving screenshot to target\site\serenity\202667c85f96ac21960331ad8902830e57e1d4892a0fb44015f364126916dc5a.png
23:34:20.420 [main] DEBUG net.thucydides.core.steps.StepInterceptor - STARTING STEP: LoginSteps.iFailedToLoginAndGetErrorMessage - getInvalidMessage
23:34:20.431 [Forwarding findElement on session 5db0ab7ce05fa05b71f49d6970f35da9 to remote] DEBUG org.asynchttpclient.netty.request.NettyRequestSender - Using pooled Channel '[id: 0x21953d2c, L:/127.0.0.1:62975 - R:localhost/127.0.0.1:59364]' for 'POST' to 'http://localhost:59364/session/5db0ab7ce05fa05b71f49d6970f35da9/element'
23:34:20.432 [Forwarding findElement on session 5db0ab7ce05fa05b71f49d6970f35da9 to remote] DEBUG org.asynchttpclient.netty.request.NettyRequestSender - Using open Channel [id: 0x21953d2c, L:/127.0.0.1:62975 - R:localhost/127.0.0.1:59364] for POST '/session/5db0ab7ce05fa05b71f49d6970f35da9/element'
23:34:20.435 [AsyncHttpClient-1-5] DEBUG org.asynchttpclient.netty.handler.HttpHandler - 

Request DefaultHttpRequest(decodeResult: success, version: HTTP/1.1)
POST /session/5db0ab7ce05fa05b71f49d6970f35da9/element HTTP/1.1
User-Agent: selenium/4.1.2 (java windows)
Content-Length: 53
Content-Type: application/json; charset=utf-8
host: localhost:59364
accept: */*

Response DefaultHttpResponse(decodeResult: success, version: HTTP/1.1)
HTTP/1.1 400 Bad Request
Content-Type: application/json; charset=utf-8
cache-control: no-cache
content-length: 958

23:34:20.435 [AsyncHttpClient-1-5] DEBUG org.asynchttpclient.netty.channel.ChannelManager - Adding key: http://localhost:59364 for channel [id: 0x21953d2c, L:/127.0.0.1:62975 - R:localhost/127.0.0.1:59364]
23:34:20.440 [Forwarding findElement on session 5db0ab7ce05fa05b71f49d6970f35da9 to remote] DEBUG org.asynchttpclient.netty.request.NettyRequestSender - Using pooled Channel '[id: 0x21953d2c, L:/127.0.0.1:62975 - R:localhost/127.0.0.1:59364]' for 'POST' to 'http://localhost:59364/session/5db0ab7ce05fa05b71f49d6970f35da9/element'
23:34:20.441 [Forwarding findElement on session 5db0ab7ce05fa05b71f49d6970f35da9 to remote] DEBUG org.asynchttpclient.netty.request.NettyRequestSender - Using open Channel [id: 0x21953d2c, L:/127.0.0.1:62975 - R:localhost/127.0.0.1:59364] for POST '/session/5db0ab7ce05fa05b71f49d6970f35da9/element'
23:34:20.786 [AsyncHttpClient-1-5] DEBUG org.asynchttpclient.netty.handler.HttpHandler - 

Request DefaultHttpRequest(decodeResult: success, version: HTTP/1.1)
POST /session/5db0ab7ce05fa05b71f49d6970f35da9/element HTTP/1.1
User-Agent: selenium/4.1.2 (java windows)
Content-Length: 63
Content-Type: application/json; charset=utf-8
host: localhost:59364
accept: */*

Response DefaultHttpResponse(decodeResult: success, version: HTTP/1.1)
HTTP/1.1 200 OK
Content-Type: application/json; charset=utf-8
cache-control: no-cache
content-length: 88

23:34:20.786 [AsyncHttpClient-1-5] DEBUG org.asynchttpclient.netty.channel.ChannelManager - Adding key: http://localhost:59364 for channel [id: 0x21953d2c, L:/127.0.0.1:62975 - R:localhost/127.0.0.1:59364]
23:34:20.800 [Forwarding isElementDisplayed on session 5db0ab7ce05fa05b71f49d6970f35da9 to remote] DEBUG org.asynchttpclient.netty.request.NettyRequestSender - Using pooled Channel '[id: 0x21953d2c, L:/127.0.0.1:62975 - R:localhost/127.0.0.1:59364]' for 'POST' to 'http://localhost:59364/session/5db0ab7ce05fa05b71f49d6970f35da9/execute/sync'
23:34:20.800 [Forwarding isElementDisplayed on session 5db0ab7ce05fa05b71f49d6970f35da9 to remote] DEBUG org.asynchttpclient.netty.request.NettyRequestSender - Using open Channel [id: 0x21953d2c, L:/127.0.0.1:62975 - R:localhost/127.0.0.1:59364] for POST '/session/5db0ab7ce05fa05b71f49d6970f35da9/execute/sync'
23:34:20.825 [AsyncHttpClient-1-5] DEBUG org.asynchttpclient.netty.handler.HttpHandler - 

Request DefaultHttpRequest(decodeResult: success, version: HTTP/1.1)
POST /session/5db0ab7ce05fa05b71f49d6970f35da9/execute/sync HTTP/1.1
User-Agent: selenium/4.1.2 (java windows)
Content-Length: 48780
Content-Type: application/json; charset=utf-8
host: localhost:59364
accept: */*

Response DefaultHttpResponse(decodeResult: success, version: HTTP/1.1)
HTTP/1.1 200 OK
Content-Type: application/json; charset=utf-8
cache-control: no-cache
content-length: 14

23:34:20.825 [AsyncHttpClient-1-5] DEBUG org.asynchttpclient.netty.channel.ChannelManager - Adding key: http://localhost:59364 for channel [id: 0x21953d2c, L:/127.0.0.1:62975 - R:localhost/127.0.0.1:59364]
23:34:20.835 [Forwarding screenshot on session 5db0ab7ce05fa05b71f49d6970f35da9 to remote] DEBUG org.asynchttpclient.netty.request.NettyRequestSender - Using pooled Channel '[id: 0x21953d2c, L:/127.0.0.1:62975 - R:localhost/127.0.0.1:59364]' for 'GET' to 'http://localhost:59364/session/5db0ab7ce05fa05b71f49d6970f35da9/screenshot'
23:34:20.835 [Forwarding screenshot on session 5db0ab7ce05fa05b71f49d6970f35da9 to remote] DEBUG org.asynchttpclient.netty.request.NettyRequestSender - Using open Channel [id: 0x21953d2c, L:/127.0.0.1:62975 - R:localhost/127.0.0.1:59364] for GET '/session/5db0ab7ce05fa05b71f49d6970f35da9/screenshot'
23:34:21.003 [AsyncHttpClient-1-5] DEBUG org.asynchttpclient.netty.handler.HttpHandler - 

Request DefaultFullHttpRequest(decodeResult: success, version: HTTP/1.1, content: EmptyByteBufBE)
GET /session/5db0ab7ce05fa05b71f49d6970f35da9/screenshot HTTP/1.1
User-Agent: selenium/4.1.2 (java windows)
Cache-Control: no-cache
Content-Type: application/json; charset=utf-8
host: localhost:59364
accept: */*

Response DefaultHttpResponse(decodeResult: success, version: HTTP/1.1)
HTTP/1.1 200 OK
Content-Type: application/json; charset=utf-8
cache-control: no-cache
content-length: 36812

23:34:21.004 [AsyncHttpClient-1-5] DEBUG org.asynchttpclient.netty.channel.ChannelManager - Adding key: http://localhost:59364 for channel [id: 0x21953d2c, L:/127.0.0.1:62975 - R:localhost/127.0.0.1:59364]
23:34:21.008 [main] DEBUG net.serenitybdd.core.photography.Darkroom - Send negative for processing for target\site\serenity\6075941af590bbaad9acf57e9bf11f1a60afaa6629059bbabd7c8f69bd5be932.png
23:34:21.008 [main] DEBUG net.thucydides.core.steps.StepInterceptor - STEP DONE: getInvalidMessage
23:34:21.008 [Darkroom Processing Line] DEBUG net.serenitybdd.core.photography.DarkroomProcessingLine - Processing screenshot image in /var/screenshots/screenshot-406495506897220034
23:34:21.008 [Darkroom Processing Line] DEBUG net.serenitybdd.core.photography.DarkroomProcessingLine - Saving screenshot to target\site\serenity\6075941af590bbaad9acf57e9bf11f1a60afaa6629059bbabd7c8f69bd5be932.png
  &amp#27;[32mThen &amp#27;[0m&amp#27;[32mi failed to login and get error message &amp#27;[0m&amp#27;[32m&amp#27;[1m"email or password invalid"&amp#27;[0m &amp#27;[90m# starter.stepdefenitions.LoginSteps.iFailedToLoginAndGetErrorMessage(java.lang.String)&amp#27;[0m
23:34:21.018 [main] INFO  - 
  _____   ___   ___   _____     ___     _     ___   ___   ___   ___  
 |_   _| | __| / __| |_   _|   | _ \   /_\   / __| / __| | __| |   \ 
   | |   | _|  \__ \   | |     |  _/  / _ \  \__ \ \__ \ | _|  | |) |
   |_|   |___| |___/   |_|     |_|   /_/ \_\ |___/ |___/ |___| |___/ 

As user i have failed to login with invalid password
----------------------------------------------------------------------
23:34:21.020 [AsyncHttpClient-1-7] DEBUG org.asynchttpclient.netty.handler.WebSocketHandler - Channel Closed: [id: 0xfc1c0dbc, L:/127.0.0.1:62986 ! R:localhost/127.0.0.1:62976] with attribute NettyResponseFuture{currentRetry=5,
	isDone=1,
	isCancelled=0,
	asyncHandler=org.asynchttpclient.ws.WebSocketUpgradeHandler@7ec7408b,
	nettyRequest=org.asynchttpclient.netty.request.NettyRequest@3bc5c137,
	future=java.util.concurrent.CompletableFuture@36a85547[Completed normally],
	uri=ws://localhost:62976/devtools/browser/5c98aa8b-511f-4321-a922-1c6ba7bf08d4,
	keepAlive=true,
	redirectCount=0,
	timeoutsHolder=null,
	inAuth=0,
	touch=1651077253974}
23:34:21.021 [AsyncHttpClient-1-7] DEBUG org.asynchttpclient.netty.channel.ChannelManager - Closing Channel [id: 0xfc1c0dbc, L:/127.0.0.1:62986 ! R:localhost/127.0.0.1:62976] 
23:34:21.022 [Driver Command Executor] DEBUG org.asynchttpclient.netty.request.NettyRequestSender - Using pooled Channel '[id: 0x21953d2c, L:/127.0.0.1:62975 - R:localhost/127.0.0.1:59364]' for 'DELETE' to 'http://localhost:59364/session/5db0ab7ce05fa05b71f49d6970f35da9'
23:34:21.022 [Driver Command Executor] DEBUG org.asynchttpclient.netty.request.NettyRequestSender - Using open Channel [id: 0x21953d2c, L:/127.0.0.1:62975 - R:localhost/127.0.0.1:59364] for DELETE '/session/5db0ab7ce05fa05b71f49d6970f35da9'
23:34:21.155 [AsyncHttpClient-1-6] DEBUG org.asynchttpclient.netty.handler.HttpHandler - Unexpected I/O exception on channel [id: 0x2de2d4c6, L:/127.0.0.1:62985 - R:localhost/127.0.0.1:62976]
java.io.IOException: An existing connection was forcibly closed by the remote host
	at sun.nio.ch.SocketDispatcher.read0(Native Method)
	at sun.nio.ch.SocketDispatcher.read(SocketDispatcher.java:43)
	at sun.nio.ch.IOUtil.readIntoNativeBuffer(IOUtil.java:223)
	at sun.nio.ch.IOUtil.read(IOUtil.java:192)
	at sun.nio.ch.SocketChannelImpl.read(SocketChannelImpl.java:378)
	at io.netty.buffer.PooledByteBuf.setBytes(PooledByteBuf.java:258)
	at io.netty.buffer.AbstractByteBuf.writeBytes(AbstractByteBuf.java:1132)
	at io.netty.channel.socket.nio.NioSocketChannel.doReadBytes(NioSocketChannel.java:350)
	at io.netty.channel.nio.AbstractNioByteChannel$NioByteUnsafe.read(AbstractNioByteChannel.java:151)
	at io.netty.channel.nio.NioEventLoop.processSelectedKey(NioEventLoop.java:722)
	at io.netty.channel.nio.NioEventLoop.processSelectedKeysOptimized(NioEventLoop.java:658)
	at io.netty.channel.nio.NioEventLoop.processSelectedKeys(NioEventLoop.java:584)
	at io.netty.channel.nio.NioEventLoop.run(NioEventLoop.java:496)
	at io.netty.util.concurrent.SingleThreadEventExecutor$4.run(SingleThreadEventExecutor.java:986)
	at io.netty.util.internal.ThreadExecutorMap$2.run(ThreadExecutorMap.java:74)
	at io.netty.util.concurrent.FastThreadLocalRunnable.run(FastThreadLocalRunnable.java:30)
	at java.lang.Thread.run(Thread.java:750)
23:34:21.155 [AsyncHttpClient-1-6] DEBUG org.asynchttpclient.netty.channel.ChannelManager - Closing Channel [id: 0x2de2d4c6, L:/127.0.0.1:62985 - R:localhost/127.0.0.1:62976] 
23:34:21.156 [AsyncHttpClient-1-6] DEBUG org.asynchttpclient.netty.handler.HttpHandler - Channel Closed: [id: 0x2de2d4c6, L:/127.0.0.1:62985 ! R:localhost/127.0.0.1:62976] with attribute DISCARD
23:34:21.184 [AsyncHttpClient-1-5] DEBUG org.asynchttpclient.netty.handler.HttpHandler - 

Request DefaultFullHttpRequest(decodeResult: success, version: HTTP/1.1, content: EmptyByteBufBE)
DELETE /session/5db0ab7ce05fa05b71f49d6970f35da9 HTTP/1.1
User-Agent: selenium/4.1.2 (java windows)
Content-Type: application/json; charset=utf-8
host: localhost:59364
accept: */*

Response DefaultHttpResponse(decodeResult: success, version: HTTP/1.1)
HTTP/1.1 200 OK
Content-Type: application/json; charset=utf-8
cache-control: no-cache
content-length: 14

23:34:21.185 [AsyncHttpClient-1-5] DEBUG org.asynchttpclient.netty.channel.ChannelManager - Adding key: http://localhost:59364 for channel [id: 0x21953d2c, L:/127.0.0.1:62975 - R:localhost/127.0.0.1:59364]
23:34:21.298 [AsyncHttpClient-1-5] DEBUG org.asynchttpclient.netty.handler.HttpHandler - Channel Closed: [id: 0x21953d2c, L:/127.0.0.1:62975 ! R:localhost/127.0.0.1:59364] with attribute DISCARD
23:34:21.342 [AsyncHttpClient-1-1] DEBUG org.asynchttpclient.netty.channel.DefaultChannelPool - Entry count for : http://localhost:59364 : 1
23:34:21.342 [AsyncHttpClient-1-1] DEBUG org.asynchttpclient.netty.channel.DefaultChannelPool - Entry count for : http://localhost:62976 : 1
23:34:21.342 [AsyncHttpClient-1-1] DEBUG org.asynchttpclient.netty.channel.DefaultChannelPool - Adding Candidate expired Channel [id: 0x21953d2c, L:/127.0.0.1:62975 ! R:localhost/127.0.0.1:59364] isIdleTimeoutExpired=false isRemotelyClosed=true isTtlExpired=false
23:34:21.342 [AsyncHttpClient-1-1] DEBUG org.asynchttpclient.netty.channel.DefaultChannelPool - Closing Idle Channel [id: 0x21953d2c, L:/127.0.0.1:62975 ! R:localhost/127.0.0.1:59364]
23:34:21.342 [AsyncHttpClient-1-1] DEBUG org.asynchttpclient.netty.channel.DefaultChannelPool - Adding Candidate expired Channel [id: 0x2de2d4c6, L:/127.0.0.1:62985 ! R:localhost/127.0.0.1:62976] isIdleTimeoutExpired=false isRemotelyClosed=true isTtlExpired=false
23:34:21.342 [AsyncHttpClient-1-1] DEBUG org.asynchttpclient.netty.channel.DefaultChannelPool - Closing Idle Channel [id: 0x2de2d4c6, L:/127.0.0.1:62985 ! R:localhost/127.0.0.1:62976]
23:34:21.343 [AsyncHttpClient-1-1] DEBUG org.asynchttpclient.netty.channel.DefaultChannelPool - Closed 2 connections out of 2 in 1 ms
]]></system-out>
    <system-err><![CDATA[Starting ChromeDriver 100.0.4896.60 (6a5d10861ce8de5fce22564658033b43cb7de047-refs/branch-heads/4896@{#875}) on port 59364
Only local connections are allowed.
Please see https://chromedriver.chromium.org/security-considerations for suggestions on keeping ChromeDriver safe.
ChromeDriver was started successfully.
Apr 27, 2022 11:34:13 PM org.openqa.selenium.remote.ProtocolHandshake createSession
INFO: Detected dialect: W3C
Apr 27, 2022 11:34:13 PM org.openqa.selenium.devtools.CdpVersionFinder findNearestMatch
WARNING: Unable to find an exact match for CDP version 100, so returning the closest version found: 97
Apr 27, 2022 11:34:13 PM org.openqa.selenium.devtools.CdpVersionFinder findNearestMatch
INFO: Found CDP implementation for version 100 of 97
]]></system-err>
  </testcase>
  <testcase name="As user i have failed to login with invalid email" classname="As user I want to login So that i can see home page" time="8.368">
    <system-out><![CDATA[
@login @negative
Scenario: As user i have failed to login with invalid email     &amp#27;[90m# src/test/resources/features/Login.feature:22&amp#27;[0m
23:34:21.866 [main] INFO io.cucumber.core.plugin.SerenityReporter - Running feature from file:///D:/kampus%20merdeka/Intelij/miniproject/web/src/test/resources/features/Login.feature
23:34:21.870 [main] INFO  - 
  _____   ___   ___   _____     ___   _____     _     ___   _____   ___   ___  
 |_   _| | __| / __| |_   _|   / __| |_   _|   /_\   | _ \ |_   _| | __| |   \ 
   | |   | _|  \__ \   | |     \__ \   | |    / _ \  |   /   | |   | _|  | |) |
   |_|   |___| |___/   |_|     |___/   |_|   /_/ \_\ |_|_\   |_|   |___| |___/ 

As user i have failed to login with invalid email(as-user-i-want-to-login-so-that-i-can-see-home-page;as-user-i-have-failed-to-login-with-invalid-email)
--------------------------------------------------------------------------------
23:34:21.964 [main] DEBUG net.thucydides.core.steps.StepInterceptor - STARTING STEP: LoginSteps.onLoginPage - openPage
23:34:21.974 [main] INFO net.serenitybdd.core.webdriver.driverproviders.ChromeDriverProvider - Using automatically driver download
23:34:22.254 [main] DEBUG io.github.bonigarcia.wdm.cache.ResolutionCache - Resolution chrome=100 in cache (valid until 23:45:51 27/04/2022 ICT)
23:34:22.263 [main] DEBUG io.github.bonigarcia.wdm.cache.ResolutionCache - Resolution chrome100=100.0.4896.60 in cache (valid until 22:45:51 28/04/2022 ICT)
23:34:22.266 [main] INFO io.github.bonigarcia.wdm.WebDriverManager - Using chromedriver 100.0.4896.60 (resolved driver for Chrome 100)
23:34:22.316 [main] DEBUG io.github.bonigarcia.wdm.WebDriverManager - Driver chromedriver 100.0.4896.60 found in cache
23:34:22.318 [main] INFO io.github.bonigarcia.wdm.WebDriverManager - Exporting webdriver.chrome.driver as C:\Users\Admin\.cache\selenium\chromedriver\win32\100.0.4896.60\chromedriver.exe
23:34:22.653 [main] DEBUG net.serenitybdd.core.webdriver.driverproviders.ProvideNewDriver - Instantiating driver
23:34:22.653 [main] DEBUG net.serenitybdd.core.webdriver.driverproviders.ProvideNewDriver - Driver capabilities: Capabilities {acceptInsecureCerts: false, base.url: https://qa.alta.id/, browserName: chrome, chrome.driver: src/test/resources/webdrive..., driver: chrome, goog:chromeOptions: {args: [], extensions: []}}
23:34:23.219 [AsyncHttpClient-1-8] DEBUG org.asynchttpclient.netty.channel.NettyConnectListener - Using new Channel '[id: 0xab591fe0, L:/127.0.0.1:63015 - R:localhost/127.0.0.1:60853]' for 'POST' to '/session'
23:34:24.480 [AsyncHttpClient-1-8] DEBUG org.asynchttpclient.netty.handler.HttpHandler - 

Request DefaultHttpRequest(decodeResult: success, version: HTTP/1.1)
POST /session HTTP/1.1
User-Agent: selenium/4.1.2 (java windows)
Content-Length: 605
Content-Type: application/json; charset=utf-8
host: localhost:60853
accept: */*

Response DefaultHttpResponse(decodeResult: success, version: HTTP/1.1)
HTTP/1.1 200 OK
Content-Type: application/json; charset=utf-8
cache-control: no-cache
content-length: 789

23:34:24.480 [AsyncHttpClient-1-8] DEBUG org.asynchttpclient.netty.channel.ChannelManager - Adding key: http://localhost:60853 for channel [id: 0xab591fe0, L:/127.0.0.1:63015 - R:localhost/127.0.0.1:60853]
23:34:24.512 [AsyncHttpClient-1-9] DEBUG org.asynchttpclient.netty.channel.NettyConnectListener - Using new Channel '[id: 0x9f843030, L:/127.0.0.1:63023 - R:localhost/127.0.0.1:63017]' for 'GET' to '/json/version'
23:34:24.515 [AsyncHttpClient-1-9] DEBUG org.asynchttpclient.netty.handler.HttpHandler - 

Request DefaultFullHttpRequest(decodeResult: success, version: HTTP/1.1, content: EmptyByteBufBE)
GET /json/version HTTP/1.1
User-Agent: selenium/4.1.2 (java windows)
host: localhost:63017
accept: */*

Response DefaultHttpResponse(decodeResult: success, version: HTTP/1.1)
HTTP/1.1 200 OK
Content-Type: application/json; charset=UTF-8
content-length: 429

23:34:24.515 [AsyncHttpClient-1-9] DEBUG org.asynchttpclient.netty.channel.ChannelManager - Adding key: http://localhost:63017 for channel [id: 0x9f843030, L:/127.0.0.1:63023 - R:localhost/127.0.0.1:63017]
23:34:24.522 [AsyncHttpClient-1-2] DEBUG org.asynchttpclient.netty.channel.NettyConnectListener - Using new Channel '[id: 0x2e81ee11, L:/127.0.0.1:63024 - R:localhost/127.0.0.1:63017]' for 'GET' to '/devtools/browser/02863c40-715e-4fe8-ba5c-d6f88256d226'
23:34:24.523 [AsyncHttpClient-1-2] DEBUG org.asynchttpclient.netty.handler.WebSocketHandler - 

Request DefaultFullHttpRequest(decodeResult: success, version: HTTP/1.1, content: EmptyByteBufBE)
GET /devtools/browser/02863c40-715e-4fe8-ba5c-d6f88256d226 HTTP/1.1
upgrade: websocket
connection: upgrade
sec-websocket-key: 7wvYB4H3h/Hm3eFiiszkPQ==
sec-websocket-version: 13
origin: http://localhost:63017
host: localhost:63017
accept: */*
user-agent: AHC/2.1

Response DefaultHttpResponse(decodeResult: success, version: HTTP/1.1)
HTTP/1.1 101 WebSocket Protocol Handshake
Upgrade: WebSocket
Connection: Upgrade
Sec-WebSocket-Accept: RX0Aem3ojX4KF5bn46D2SBT+q3E=

23:34:24.544 [Forwarding setCurrentWindowSize on session 012e8831f6ff1274341af3e2aaa79e9e to remote] DEBUG org.asynchttpclient.netty.request.NettyRequestSender - Using pooled Channel '[id: 0xab591fe0, L:/127.0.0.1:63015 - R:localhost/127.0.0.1:60853]' for 'POST' to 'http://localhost:60853/session/012e8831f6ff1274341af3e2aaa79e9e/window/rect'
23:34:24.544 [Forwarding setCurrentWindowSize on session 012e8831f6ff1274341af3e2aaa79e9e to remote] DEBUG org.asynchttpclient.netty.request.NettyRequestSender - Using open Channel [id: 0xab591fe0, L:/127.0.0.1:63015 - R:localhost/127.0.0.1:60853] for POST '/session/012e8831f6ff1274341af3e2aaa79e9e/window/rect'
23:34:24.641 [AsyncHttpClient-1-1] DEBUG org.asynchttpclient.netty.channel.DefaultChannelPool - Entry count for : http://localhost:63017 : 1
23:34:24.689 [AsyncHttpClient-1-8] DEBUG org.asynchttpclient.netty.handler.HttpHandler - 

Request DefaultHttpRequest(decodeResult: success, version: HTTP/1.1)
POST /session/012e8831f6ff1274341af3e2aaa79e9e/window/rect HTTP/1.1
User-Agent: selenium/4.1.2 (java windows)
Content-Length: 37
Content-Type: application/json; charset=utf-8
host: localhost:60853
accept: */*

Response DefaultHttpResponse(decodeResult: success, version: HTTP/1.1)
HTTP/1.1 200 OK
Content-Type: application/json; charset=utf-8
cache-control: no-cache
content-length: 51

23:34:24.689 [AsyncHttpClient-1-8] DEBUG org.asynchttpclient.netty.channel.ChannelManager - Adding key: http://localhost:60853 for channel [id: 0xab591fe0, L:/127.0.0.1:63015 - R:localhost/127.0.0.1:60853]
23:34:24.692 [Forwarding setWindowPosition on session 012e8831f6ff1274341af3e2aaa79e9e to remote] DEBUG org.asynchttpclient.netty.request.NettyRequestSender - Using pooled Channel '[id: 0xab591fe0, L:/127.0.0.1:63015 - R:localhost/127.0.0.1:60853]' for 'POST' to 'http://localhost:60853/session/012e8831f6ff1274341af3e2aaa79e9e/window/rect'
23:34:24.692 [Forwarding setWindowPosition on session 012e8831f6ff1274341af3e2aaa79e9e to remote] DEBUG org.asynchttpclient.netty.request.NettyRequestSender - Using open Channel [id: 0xab591fe0, L:/127.0.0.1:63015 - R:localhost/127.0.0.1:60853] for POST '/session/012e8831f6ff1274341af3e2aaa79e9e/window/rect'
23:34:24.801 [AsyncHttpClient-1-8] DEBUG org.asynchttpclient.netty.handler.HttpHandler - 

Request DefaultHttpRequest(decodeResult: success, version: HTTP/1.1)
POST /session/012e8831f6ff1274341af3e2aaa79e9e/window/rect HTTP/1.1
User-Agent: selenium/4.1.2 (java windows)
Content-Length: 22
Content-Type: application/json; charset=utf-8
host: localhost:60853
accept: */*

Response DefaultHttpResponse(decodeResult: success, version: HTTP/1.1)
HTTP/1.1 200 OK
Content-Type: application/json; charset=utf-8
cache-control: no-cache
content-length: 49

23:34:24.801 [AsyncHttpClient-1-8] DEBUG org.asynchttpclient.netty.channel.ChannelManager - Adding key: http://localhost:60853 for channel [id: 0xab591fe0, L:/127.0.0.1:63015 - R:localhost/127.0.0.1:60853]
23:34:24.804 [Forwarding get on session 012e8831f6ff1274341af3e2aaa79e9e to remote] DEBUG org.asynchttpclient.netty.request.NettyRequestSender - Using pooled Channel '[id: 0xab591fe0, L:/127.0.0.1:63015 - R:localhost/127.0.0.1:60853]' for 'POST' to 'http://localhost:60853/session/012e8831f6ff1274341af3e2aaa79e9e/url'
23:34:24.804 [Forwarding get on session 012e8831f6ff1274341af3e2aaa79e9e to remote] DEBUG org.asynchttpclient.netty.request.NettyRequestSender - Using open Channel [id: 0xab591fe0, L:/127.0.0.1:63015 - R:localhost/127.0.0.1:60853] for POST '/session/012e8831f6ff1274341af3e2aaa79e9e/url'
23:34:25.741 [AsyncHttpClient-1-1] DEBUG org.asynchttpclient.netty.channel.DefaultChannelPool - Entry count for : http://localhost:63017 : 1
23:34:26.826 [AsyncHttpClient-1-8] DEBUG org.asynchttpclient.netty.handler.HttpHandler - 

Request DefaultHttpRequest(decodeResult: success, version: HTTP/1.1)
POST /session/012e8831f6ff1274341af3e2aaa79e9e/url HTTP/1.1
User-Agent: selenium/4.1.2 (java windows)
Content-Length: 49
Content-Type: application/json; charset=utf-8
host: localhost:60853
accept: */*

Response DefaultHttpResponse(decodeResult: success, version: HTTP/1.1)
HTTP/1.1 200 OK
Content-Type: application/json; charset=utf-8
cache-control: no-cache
content-length: 14

23:34:26.827 [AsyncHttpClient-1-8] DEBUG org.asynchttpclient.netty.channel.ChannelManager - Adding key: http://localhost:60853 for channel [id: 0xab591fe0, L:/127.0.0.1:63015 - R:localhost/127.0.0.1:60853]
23:34:26.831 [Forwarding setTimeout on session 012e8831f6ff1274341af3e2aaa79e9e to remote] DEBUG org.asynchttpclient.netty.request.NettyRequestSender - Using pooled Channel '[id: 0xab591fe0, L:/127.0.0.1:63015 - R:localhost/127.0.0.1:60853]' for 'POST' to 'http://localhost:60853/session/012e8831f6ff1274341af3e2aaa79e9e/timeouts'
23:34:26.831 [Forwarding setTimeout on session 012e8831f6ff1274341af3e2aaa79e9e to remote] DEBUG org.asynchttpclient.netty.request.NettyRequestSender - Using open Channel [id: 0xab591fe0, L:/127.0.0.1:63015 - R:localhost/127.0.0.1:60853] for POST '/session/012e8831f6ff1274341af3e2aaa79e9e/timeouts'
23:34:26.834 [AsyncHttpClient-1-8] DEBUG org.asynchttpclient.netty.handler.HttpHandler - 

Request DefaultHttpRequest(decodeResult: success, version: HTTP/1.1)
POST /session/012e8831f6ff1274341af3e2aaa79e9e/timeouts HTTP/1.1
User-Agent: selenium/4.1.2 (java windows)
Content-Length: 22
Content-Type: application/json; charset=utf-8
host: localhost:60853
accept: */*

Response DefaultHttpResponse(decodeResult: success, version: HTTP/1.1)
HTTP/1.1 200 OK
Content-Type: application/json; charset=utf-8
cache-control: no-cache
content-length: 14

23:34:26.834 [AsyncHttpClient-1-8] DEBUG org.asynchttpclient.netty.channel.ChannelManager - Adding key: http://localhost:60853 for channel [id: 0xab591fe0, L:/127.0.0.1:63015 - R:localhost/127.0.0.1:60853]
23:34:26.846 [Forwarding getCurrentUrl on session 012e8831f6ff1274341af3e2aaa79e9e to remote] DEBUG org.asynchttpclient.netty.request.NettyRequestSender - Using pooled Channel '[id: 0xab591fe0, L:/127.0.0.1:63015 - R:localhost/127.0.0.1:60853]' for 'GET' to 'http://localhost:60853/session/012e8831f6ff1274341af3e2aaa79e9e/url'
23:34:26.846 [Forwarding getCurrentUrl on session 012e8831f6ff1274341af3e2aaa79e9e to remote] DEBUG org.asynchttpclient.netty.request.NettyRequestSender - Using open Channel [id: 0xab591fe0, L:/127.0.0.1:63015 - R:localhost/127.0.0.1:60853] for GET '/session/012e8831f6ff1274341af3e2aaa79e9e/url'
23:34:26.852 [AsyncHttpClient-1-1] DEBUG org.asynchttpclient.netty.channel.DefaultChannelPool - Entry count for : http://localhost:63017 : 1
23:34:27.171 [AsyncHttpClient-1-8] DEBUG org.asynchttpclient.netty.handler.HttpHandler - 

Request DefaultFullHttpRequest(decodeResult: success, version: HTTP/1.1, content: EmptyByteBufBE)
GET /session/012e8831f6ff1274341af3e2aaa79e9e/url HTTP/1.1
User-Agent: selenium/4.1.2 (java windows)
Cache-Control: no-cache
Content-Type: application/json; charset=utf-8
host: localhost:60853
accept: */*

Response DefaultHttpResponse(decodeResult: success, version: HTTP/1.1)
HTTP/1.1 200 OK
Content-Type: application/json; charset=utf-8
cache-control: no-cache
content-length: 31

23:34:27.172 [AsyncHttpClient-1-8] DEBUG org.asynchttpclient.netty.channel.ChannelManager - Adding key: http://localhost:60853 for channel [id: 0xab591fe0, L:/127.0.0.1:63015 - R:localhost/127.0.0.1:60853]
23:34:27.182 [Forwarding getCurrentUrl on session 012e8831f6ff1274341af3e2aaa79e9e to remote] DEBUG org.asynchttpclient.netty.request.NettyRequestSender - Using pooled Channel '[id: 0xab591fe0, L:/127.0.0.1:63015 - R:localhost/127.0.0.1:60853]' for 'GET' to 'http://localhost:60853/session/012e8831f6ff1274341af3e2aaa79e9e/url'
23:34:27.183 [Forwarding getCurrentUrl on session 012e8831f6ff1274341af3e2aaa79e9e to remote] DEBUG org.asynchttpclient.netty.request.NettyRequestSender - Using open Channel [id: 0xab591fe0, L:/127.0.0.1:63015 - R:localhost/127.0.0.1:60853] for GET '/session/012e8831f6ff1274341af3e2aaa79e9e/url'
23:34:27.197 [AsyncHttpClient-1-8] DEBUG org.asynchttpclient.netty.handler.HttpHandler - 

Request DefaultFullHttpRequest(decodeResult: success, version: HTTP/1.1, content: EmptyByteBufBE)
GET /session/012e8831f6ff1274341af3e2aaa79e9e/url HTTP/1.1
User-Agent: selenium/4.1.2 (java windows)
Cache-Control: no-cache
Content-Type: application/json; charset=utf-8
host: localhost:60853
accept: */*

Response DefaultHttpResponse(decodeResult: success, version: HTTP/1.1)
HTTP/1.1 200 OK
Content-Type: application/json; charset=utf-8
cache-control: no-cache
content-length: 31

23:34:27.198 [AsyncHttpClient-1-8] DEBUG org.asynchttpclient.netty.channel.ChannelManager - Adding key: http://localhost:60853 for channel [id: 0xab591fe0, L:/127.0.0.1:63015 - R:localhost/127.0.0.1:60853]
23:34:27.214 [Forwarding screenshot on session 012e8831f6ff1274341af3e2aaa79e9e to remote] DEBUG org.asynchttpclient.netty.request.NettyRequestSender - Using pooled Channel '[id: 0xab591fe0, L:/127.0.0.1:63015 - R:localhost/127.0.0.1:60853]' for 'GET' to 'http://localhost:60853/session/012e8831f6ff1274341af3e2aaa79e9e/screenshot'
23:34:27.214 [Forwarding screenshot on session 012e8831f6ff1274341af3e2aaa79e9e to remote] DEBUG org.asynchttpclient.netty.request.NettyRequestSender - Using open Channel [id: 0xab591fe0, L:/127.0.0.1:63015 - R:localhost/127.0.0.1:60853] for GET '/session/012e8831f6ff1274341af3e2aaa79e9e/screenshot'
23:34:27.372 [AsyncHttpClient-1-8] DEBUG org.asynchttpclient.netty.handler.HttpHandler - 

Request DefaultFullHttpRequest(decodeResult: success, version: HTTP/1.1, content: EmptyByteBufBE)
GET /session/012e8831f6ff1274341af3e2aaa79e9e/screenshot HTTP/1.1
User-Agent: selenium/4.1.2 (java windows)
Cache-Control: no-cache
Content-Type: application/json; charset=utf-8
host: localhost:60853
accept: */*

Response DefaultHttpResponse(decodeResult: success, version: HTTP/1.1)
HTTP/1.1 200 OK
Content-Type: application/json; charset=utf-8
cache-control: no-cache
content-length: 82764

23:34:27.373 [AsyncHttpClient-1-8] DEBUG org.asynchttpclient.netty.channel.ChannelManager - Adding key: http://localhost:60853 for channel [id: 0xab591fe0, L:/127.0.0.1:63015 - R:localhost/127.0.0.1:60853]
23:34:27.380 [main] DEBUG net.serenitybdd.core.photography.Darkroom - Send negative for processing for target\site\serenity\5645f7ccc64863b1b17a01a688e66547948f2716c193c298fa2722d42ca08574.png
23:34:27.381 [main] DEBUG net.thucydides.core.steps.StepInterceptor - STEP DONE: openPage
23:34:27.389 [main] DEBUG net.thucydides.core.steps.StepInterceptor - STARTING STEP: LoginSteps.onLoginPage - clickLoginIcon
23:34:27.392 [Forwarding findElement on session 012e8831f6ff1274341af3e2aaa79e9e to remote] DEBUG org.asynchttpclient.netty.request.NettyRequestSender - Using pooled Channel '[id: 0xab591fe0, L:/127.0.0.1:63015 - R:localhost/127.0.0.1:60853]' for 'POST' to 'http://localhost:60853/session/012e8831f6ff1274341af3e2aaa79e9e/element'
23:34:27.393 [Forwarding findElement on session 012e8831f6ff1274341af3e2aaa79e9e to remote] DEBUG org.asynchttpclient.netty.request.NettyRequestSender - Using open Channel [id: 0xab591fe0, L:/127.0.0.1:63015 - R:localhost/127.0.0.1:60853] for POST '/session/012e8831f6ff1274341af3e2aaa79e9e/element'
23:34:27.409 [AsyncHttpClient-1-8] DEBUG org.asynchttpclient.netty.handler.HttpHandler - 

Request DefaultHttpRequest(decodeResult: success, version: HTTP/1.1)
POST /session/012e8831f6ff1274341af3e2aaa79e9e/element HTTP/1.1
User-Agent: selenium/4.1.2 (java windows)
Content-Length: 129
Content-Type: application/json; charset=utf-8
host: localhost:60853
accept: */*

Response DefaultHttpResponse(decodeResult: success, version: HTTP/1.1)
HTTP/1.1 200 OK
Content-Type: application/json; charset=utf-8
cache-control: no-cache
content-length: 88

23:34:27.410 [AsyncHttpClient-1-8] DEBUG org.asynchttpclient.netty.channel.ChannelManager - Adding key: http://localhost:60853 for channel [id: 0xab591fe0, L:/127.0.0.1:63015 - R:localhost/127.0.0.1:60853]
23:34:27.412 [Forwarding getElementTagName on session 012e8831f6ff1274341af3e2aaa79e9e to remote] DEBUG org.asynchttpclient.netty.request.NettyRequestSender - Using pooled Channel '[id: 0xab591fe0, L:/127.0.0.1:63015 - R:localhost/127.0.0.1:60853]' for 'GET' to 'http://localhost:60853/session/012e8831f6ff1274341af3e2aaa79e9e/element/56ae901e-6a95-4013-bd60-d9df926b41e0/name'
23:34:27.412 [Forwarding getElementTagName on session 012e8831f6ff1274341af3e2aaa79e9e to remote] DEBUG org.asynchttpclient.netty.request.NettyRequestSender - Using open Channel [id: 0xab591fe0, L:/127.0.0.1:63015 - R:localhost/127.0.0.1:60853] for GET '/session/012e8831f6ff1274341af3e2aaa79e9e/element/56ae901e-6a95-4013-bd60-d9df926b41e0/name'
23:34:27.418 [AsyncHttpClient-1-8] DEBUG org.asynchttpclient.netty.handler.HttpHandler - 

Request DefaultFullHttpRequest(decodeResult: success, version: HTTP/1.1, content: EmptyByteBufBE)
GET /session/012e8831f6ff1274341af3e2aaa79e9e/element/56ae901e-6a95-4013-bd60-d9df926b41e0/name HTTP/1.1
User-Agent: selenium/4.1.2 (java windows)
Cache-Control: no-cache
Content-Type: application/json; charset=utf-8
host: localhost:60853
accept: */*

Response DefaultHttpResponse(decodeResult: success, version: HTTP/1.1)
HTTP/1.1 200 OK
Content-Type: application/json; charset=utf-8
cache-control: no-cache
content-length: 18

23:34:27.419 [AsyncHttpClient-1-8] DEBUG org.asynchttpclient.netty.channel.ChannelManager - Adding key: http://localhost:60853 for channel [id: 0xab591fe0, L:/127.0.0.1:63015 - R:localhost/127.0.0.1:60853]
23:34:27.420 [Forwarding getElementTagName on session 012e8831f6ff1274341af3e2aaa79e9e to remote] DEBUG org.asynchttpclient.netty.request.NettyRequestSender - Using pooled Channel '[id: 0xab591fe0, L:/127.0.0.1:63015 - R:localhost/127.0.0.1:60853]' for 'GET' to 'http://localhost:60853/session/012e8831f6ff1274341af3e2aaa79e9e/element/56ae901e-6a95-4013-bd60-d9df926b41e0/name'
23:34:27.420 [Forwarding getElementTagName on session 012e8831f6ff1274341af3e2aaa79e9e to remote] DEBUG org.asynchttpclient.netty.request.NettyRequestSender - Using open Channel [id: 0xab591fe0, L:/127.0.0.1:63015 - R:localhost/127.0.0.1:60853] for GET '/session/012e8831f6ff1274341af3e2aaa79e9e/element/56ae901e-6a95-4013-bd60-d9df926b41e0/name'
23:34:27.424 [AsyncHttpClient-1-8] DEBUG org.asynchttpclient.netty.handler.HttpHandler - 

Request DefaultFullHttpRequest(decodeResult: success, version: HTTP/1.1, content: EmptyByteBufBE)
GET /session/012e8831f6ff1274341af3e2aaa79e9e/element/56ae901e-6a95-4013-bd60-d9df926b41e0/name HTTP/1.1
User-Agent: selenium/4.1.2 (java windows)
Cache-Control: no-cache
Content-Type: application/json; charset=utf-8
host: localhost:60853
accept: */*

Response DefaultHttpResponse(decodeResult: success, version: HTTP/1.1)
HTTP/1.1 200 OK
Content-Type: application/json; charset=utf-8
cache-control: no-cache
content-length: 18

23:34:27.424 [AsyncHttpClient-1-8] DEBUG org.asynchttpclient.netty.channel.ChannelManager - Adding key: http://localhost:60853 for channel [id: 0xab591fe0, L:/127.0.0.1:63015 - R:localhost/127.0.0.1:60853]
23:34:27.427 [Forwarding isElementEnabled on session 012e8831f6ff1274341af3e2aaa79e9e to remote] DEBUG org.asynchttpclient.netty.request.NettyRequestSender - Using pooled Channel '[id: 0xab591fe0, L:/127.0.0.1:63015 - R:localhost/127.0.0.1:60853]' for 'GET' to 'http://localhost:60853/session/012e8831f6ff1274341af3e2aaa79e9e/element/56ae901e-6a95-4013-bd60-d9df926b41e0/enabled'
23:34:27.427 [Forwarding isElementEnabled on session 012e8831f6ff1274341af3e2aaa79e9e to remote] DEBUG org.asynchttpclient.netty.request.NettyRequestSender - Using open Channel [id: 0xab591fe0, L:/127.0.0.1:63015 - R:localhost/127.0.0.1:60853] for GET '/session/012e8831f6ff1274341af3e2aaa79e9e/element/56ae901e-6a95-4013-bd60-d9df926b41e0/enabled'
23:34:27.436 [AsyncHttpClient-1-8] DEBUG org.asynchttpclient.netty.handler.HttpHandler - 

Request DefaultFullHttpRequest(decodeResult: success, version: HTTP/1.1, content: EmptyByteBufBE)
GET /session/012e8831f6ff1274341af3e2aaa79e9e/element/56ae901e-6a95-4013-bd60-d9df926b41e0/enabled HTTP/1.1
User-Agent: selenium/4.1.2 (java windows)
Cache-Control: no-cache
Content-Type: application/json; charset=utf-8
host: localhost:60853
accept: */*

Response DefaultHttpResponse(decodeResult: success, version: HTTP/1.1)
HTTP/1.1 200 OK
Content-Type: application/json; charset=utf-8
cache-control: no-cache
content-length: 14

23:34:27.437 [AsyncHttpClient-1-8] DEBUG org.asynchttpclient.netty.channel.ChannelManager - Adding key: http://localhost:60853 for channel [id: 0xab591fe0, L:/127.0.0.1:63015 - R:localhost/127.0.0.1:60853]
23:34:27.438 [Forwarding isElementEnabled on session 012e8831f6ff1274341af3e2aaa79e9e to remote] DEBUG org.asynchttpclient.netty.request.NettyRequestSender - Using pooled Channel '[id: 0xab591fe0, L:/127.0.0.1:63015 - R:localhost/127.0.0.1:60853]' for 'GET' to 'http://localhost:60853/session/012e8831f6ff1274341af3e2aaa79e9e/element/56ae901e-6a95-4013-bd60-d9df926b41e0/enabled'
23:34:27.439 [Forwarding isElementEnabled on session 012e8831f6ff1274341af3e2aaa79e9e to remote] DEBUG org.asynchttpclient.netty.request.NettyRequestSender - Using open Channel [id: 0xab591fe0, L:/127.0.0.1:63015 - R:localhost/127.0.0.1:60853] for GET '/session/012e8831f6ff1274341af3e2aaa79e9e/element/56ae901e-6a95-4013-bd60-d9df926b41e0/enabled'
23:34:27.445 [AsyncHttpClient-1-8] DEBUG org.asynchttpclient.netty.handler.HttpHandler - 

Request DefaultFullHttpRequest(decodeResult: success, version: HTTP/1.1, content: EmptyByteBufBE)
GET /session/012e8831f6ff1274341af3e2aaa79e9e/element/56ae901e-6a95-4013-bd60-d9df926b41e0/enabled HTTP/1.1
User-Agent: selenium/4.1.2 (java windows)
Cache-Control: no-cache
Content-Type: application/json; charset=utf-8
host: localhost:60853
accept: */*

Response DefaultHttpResponse(decodeResult: success, version: HTTP/1.1)
HTTP/1.1 200 OK
Content-Type: application/json; charset=utf-8
cache-control: no-cache
content-length: 14

23:34:27.445 [AsyncHttpClient-1-8] DEBUG org.asynchttpclient.netty.channel.ChannelManager - Adding key: http://localhost:60853 for channel [id: 0xab591fe0, L:/127.0.0.1:63015 - R:localhost/127.0.0.1:60853]
23:34:27.447 [Forwarding findElement on session 012e8831f6ff1274341af3e2aaa79e9e to remote] DEBUG org.asynchttpclient.netty.request.NettyRequestSender - Using pooled Channel '[id: 0xab591fe0, L:/127.0.0.1:63015 - R:localhost/127.0.0.1:60853]' for 'POST' to 'http://localhost:60853/session/012e8831f6ff1274341af3e2aaa79e9e/element'
23:34:27.447 [Forwarding findElement on session 012e8831f6ff1274341af3e2aaa79e9e to remote] DEBUG org.asynchttpclient.netty.request.NettyRequestSender - Using open Channel [id: 0xab591fe0, L:/127.0.0.1:63015 - R:localhost/127.0.0.1:60853] for POST '/session/012e8831f6ff1274341af3e2aaa79e9e/element'
23:34:27.455 [AsyncHttpClient-1-8] DEBUG org.asynchttpclient.netty.handler.HttpHandler - 

Request DefaultHttpRequest(decodeResult: success, version: HTTP/1.1)
POST /session/012e8831f6ff1274341af3e2aaa79e9e/element HTTP/1.1
User-Agent: selenium/4.1.2 (java windows)
Content-Length: 129
Content-Type: application/json; charset=utf-8
host: localhost:60853
accept: */*

Response DefaultHttpResponse(decodeResult: success, version: HTTP/1.1)
HTTP/1.1 200 OK
Content-Type: application/json; charset=utf-8
cache-control: no-cache
content-length: 88

23:34:27.455 [AsyncHttpClient-1-8] DEBUG org.asynchttpclient.netty.channel.ChannelManager - Adding key: http://localhost:60853 for channel [id: 0xab591fe0, L:/127.0.0.1:63015 - R:localhost/127.0.0.1:60853]
23:34:27.457 [Forwarding clickElement on session 012e8831f6ff1274341af3e2aaa79e9e to remote] DEBUG org.asynchttpclient.netty.request.NettyRequestSender - Using pooled Channel '[id: 0xab591fe0, L:/127.0.0.1:63015 - R:localhost/127.0.0.1:60853]' for 'POST' to 'http://localhost:60853/session/012e8831f6ff1274341af3e2aaa79e9e/element/56ae901e-6a95-4013-bd60-d9df926b41e0/click'
23:34:27.457 [Forwarding clickElement on session 012e8831f6ff1274341af3e2aaa79e9e to remote] DEBUG org.asynchttpclient.netty.request.NettyRequestSender - Using open Channel [id: 0xab591fe0, L:/127.0.0.1:63015 - R:localhost/127.0.0.1:60853] for POST '/session/012e8831f6ff1274341af3e2aaa79e9e/element/56ae901e-6a95-4013-bd60-d9df926b41e0/click'
23:34:27.504 [AsyncHttpClient-1-8] DEBUG org.asynchttpclient.netty.handler.HttpHandler - 

Request DefaultHttpRequest(decodeResult: success, version: HTTP/1.1)
POST /session/012e8831f6ff1274341af3e2aaa79e9e/element/56ae901e-6a95-4013-bd60-d9df926b41e0/click HTTP/1.1
User-Agent: selenium/4.1.2 (java windows)
Content-Length: 50
Content-Type: application/json; charset=utf-8
host: localhost:60853
accept: */*

Response DefaultHttpResponse(decodeResult: success, version: HTTP/1.1)
HTTP/1.1 200 OK
Content-Type: application/json; charset=utf-8
cache-control: no-cache
content-length: 14

23:34:27.505 [AsyncHttpClient-1-8] DEBUG org.asynchttpclient.netty.channel.ChannelManager - Adding key: http://localhost:60853 for channel [id: 0xab591fe0, L:/127.0.0.1:63015 - R:localhost/127.0.0.1:60853]
23:34:27.516 [Forwarding screenshot on session 012e8831f6ff1274341af3e2aaa79e9e to remote] DEBUG org.asynchttpclient.netty.request.NettyRequestSender - Using pooled Channel '[id: 0xab591fe0, L:/127.0.0.1:63015 - R:localhost/127.0.0.1:60853]' for 'GET' to 'http://localhost:60853/session/012e8831f6ff1274341af3e2aaa79e9e/screenshot'
23:34:27.516 [Forwarding screenshot on session 012e8831f6ff1274341af3e2aaa79e9e to remote] DEBUG org.asynchttpclient.netty.request.NettyRequestSender - Using open Channel [id: 0xab591fe0, L:/127.0.0.1:63015 - R:localhost/127.0.0.1:60853] for GET '/session/012e8831f6ff1274341af3e2aaa79e9e/screenshot'
23:34:27.726 [AsyncHttpClient-1-8] DEBUG org.asynchttpclient.netty.handler.HttpHandler - 

Request DefaultFullHttpRequest(decodeResult: success, version: HTTP/1.1, content: EmptyByteBufBE)
GET /session/012e8831f6ff1274341af3e2aaa79e9e/screenshot HTTP/1.1
User-Agent: selenium/4.1.2 (java windows)
Cache-Control: no-cache
Content-Type: application/json; charset=utf-8
host: localhost:60853
accept: */*

Response DefaultHttpResponse(decodeResult: success, version: HTTP/1.1)
HTTP/1.1 200 OK
Content-Type: application/json; charset=utf-8
cache-control: no-cache
content-length: 26692

23:34:27.726 [AsyncHttpClient-1-8] DEBUG org.asynchttpclient.netty.channel.ChannelManager - Adding key: http://localhost:60853 for channel [id: 0xab591fe0, L:/127.0.0.1:63015 - R:localhost/127.0.0.1:60853]
23:34:27.729 [main] DEBUG net.serenitybdd.core.photography.Darkroom - Send negative for processing for target\site\serenity\5630c35260d3bbbc8f95fb72976c7086688a63f161e57663da267f2da5875857.png
23:34:27.730 [main] DEBUG net.thucydides.core.steps.StepInterceptor - STEP DONE: clickLoginIcon
23:34:27.730 [Darkroom Processing Line] DEBUG net.serenitybdd.core.photography.DarkroomProcessingLine - Processing screenshot image in /var/screenshots/screenshot-637040801065007955
23:34:27.730 [Darkroom Processing Line] DEBUG net.serenitybdd.core.photography.DarkroomProcessingLine - Saving screenshot to target\site\serenity\5630c35260d3bbbc8f95fb72976c7086688a63f161e57663da267f2da5875857.png
  &amp#27;[32mGiven &amp#27;[0m&amp#27;[32mi am on the login page&amp#27;[0m                                  &amp#27;[90m# starter.stepdefenitions.LoginSteps.onLoginPage()&amp#27;[0m
23:34:27.747 [main] DEBUG net.thucydides.core.steps.StepInterceptor - STARTING STEP: LoginSteps.iInputInvalidEmail - inputEmail
23:34:27.750 [Forwarding findElement on session 012e8831f6ff1274341af3e2aaa79e9e to remote] DEBUG org.asynchttpclient.netty.request.NettyRequestSender - Using pooled Channel '[id: 0xab591fe0, L:/127.0.0.1:63015 - R:localhost/127.0.0.1:60853]' for 'POST' to 'http://localhost:60853/session/012e8831f6ff1274341af3e2aaa79e9e/element'
23:34:27.750 [Forwarding findElement on session 012e8831f6ff1274341af3e2aaa79e9e to remote] DEBUG org.asynchttpclient.netty.request.NettyRequestSender - Using open Channel [id: 0xab591fe0, L:/127.0.0.1:63015 - R:localhost/127.0.0.1:60853] for POST '/session/012e8831f6ff1274341af3e2aaa79e9e/element'
23:34:27.767 [AsyncHttpClient-1-8] DEBUG org.asynchttpclient.netty.handler.HttpHandler - 

Request DefaultHttpRequest(decodeResult: success, version: HTTP/1.1)
POST /session/012e8831f6ff1274341af3e2aaa79e9e/element HTTP/1.1
User-Agent: selenium/4.1.2 (java windows)
Content-Length: 110
Content-Type: application/json; charset=utf-8
host: localhost:60853
accept: */*

Response DefaultHttpResponse(decodeResult: success, version: HTTP/1.1)
HTTP/1.1 200 OK
Content-Type: application/json; charset=utf-8
cache-control: no-cache
content-length: 88

23:34:27.767 [AsyncHttpClient-1-8] DEBUG org.asynchttpclient.netty.channel.ChannelManager - Adding key: http://localhost:60853 for channel [id: 0xab591fe0, L:/127.0.0.1:63015 - R:localhost/127.0.0.1:60853]
23:34:27.770 [Forwarding clearElement on session 012e8831f6ff1274341af3e2aaa79e9e to remote] DEBUG org.asynchttpclient.netty.request.NettyRequestSender - Using pooled Channel '[id: 0xab591fe0, L:/127.0.0.1:63015 - R:localhost/127.0.0.1:60853]' for 'POST' to 'http://localhost:60853/session/012e8831f6ff1274341af3e2aaa79e9e/element/89a5bad6-3eb8-4da0-a590-d358cf8c2a4b/clear'
23:34:27.771 [Forwarding clearElement on session 012e8831f6ff1274341af3e2aaa79e9e to remote] DEBUG org.asynchttpclient.netty.request.NettyRequestSender - Using open Channel [id: 0xab591fe0, L:/127.0.0.1:63015 - R:localhost/127.0.0.1:60853] for POST '/session/012e8831f6ff1274341af3e2aaa79e9e/element/89a5bad6-3eb8-4da0-a590-d358cf8c2a4b/clear'
23:34:27.830 [AsyncHttpClient-1-8] DEBUG org.asynchttpclient.netty.handler.HttpHandler - 

Request DefaultHttpRequest(decodeResult: success, version: HTTP/1.1)
POST /session/012e8831f6ff1274341af3e2aaa79e9e/element/89a5bad6-3eb8-4da0-a590-d358cf8c2a4b/clear HTTP/1.1
User-Agent: selenium/4.1.2 (java windows)
Content-Length: 50
Content-Type: application/json; charset=utf-8
host: localhost:60853
accept: */*

Response DefaultHttpResponse(decodeResult: success, version: HTTP/1.1)
HTTP/1.1 200 OK
Content-Type: application/json; charset=utf-8
cache-control: no-cache
content-length: 14

23:34:27.831 [AsyncHttpClient-1-8] DEBUG org.asynchttpclient.netty.channel.ChannelManager - Adding key: http://localhost:60853 for channel [id: 0xab591fe0, L:/127.0.0.1:63015 - R:localhost/127.0.0.1:60853]
23:34:27.834 [Forwarding sendKeysToElement on session 012e8831f6ff1274341af3e2aaa79e9e to remote] DEBUG org.asynchttpclient.netty.request.NettyRequestSender - Using pooled Channel '[id: 0xab591fe0, L:/127.0.0.1:63015 - R:localhost/127.0.0.1:60853]' for 'POST' to 'http://localhost:60853/session/012e8831f6ff1274341af3e2aaa79e9e/element/89a5bad6-3eb8-4da0-a590-d358cf8c2a4b/value'
23:34:27.834 [Forwarding sendKeysToElement on session 012e8831f6ff1274341af3e2aaa79e9e to remote] DEBUG org.asynchttpclient.netty.request.NettyRequestSender - Using open Channel [id: 0xab591fe0, L:/127.0.0.1:63015 - R:localhost/127.0.0.1:60853] for POST '/session/012e8831f6ff1274341af3e2aaa79e9e/element/89a5bad6-3eb8-4da0-a590-d358cf8c2a4b/value'
23:34:27.944 [AsyncHttpClient-1-1] DEBUG org.asynchttpclient.netty.channel.DefaultChannelPool - Entry count for : http://localhost:63017 : 1
23:34:27.999 [AsyncHttpClient-1-8] DEBUG org.asynchttpclient.netty.handler.HttpHandler - 

Request DefaultHttpRequest(decodeResult: success, version: HTTP/1.1)
POST /session/012e8831f6ff1274341af3e2aaa79e9e/element/89a5bad6-3eb8-4da0-a590-d358cf8c2a4b/value HTTP/1.1
User-Agent: selenium/4.1.2 (java windows)
Content-Length: 161
Content-Type: application/json; charset=utf-8
host: localhost:60853
accept: */*

Response DefaultHttpResponse(decodeResult: success, version: HTTP/1.1)
HTTP/1.1 200 OK
Content-Type: application/json; charset=utf-8
cache-control: no-cache
content-length: 14

23:34:28.000 [AsyncHttpClient-1-8] DEBUG org.asynchttpclient.netty.channel.ChannelManager - Adding key: http://localhost:60853 for channel [id: 0xab591fe0, L:/127.0.0.1:63015 - R:localhost/127.0.0.1:60853]
23:34:28.010 [Forwarding screenshot on session 012e8831f6ff1274341af3e2aaa79e9e to remote] DEBUG org.asynchttpclient.netty.request.NettyRequestSender - Using pooled Channel '[id: 0xab591fe0, L:/127.0.0.1:63015 - R:localhost/127.0.0.1:60853]' for 'GET' to 'http://localhost:60853/session/012e8831f6ff1274341af3e2aaa79e9e/screenshot'
23:34:28.010 [Forwarding screenshot on session 012e8831f6ff1274341af3e2aaa79e9e to remote] DEBUG org.asynchttpclient.netty.request.NettyRequestSender - Using open Channel [id: 0xab591fe0, L:/127.0.0.1:63015 - R:localhost/127.0.0.1:60853] for GET '/session/012e8831f6ff1274341af3e2aaa79e9e/screenshot'
23:34:28.221 [AsyncHttpClient-1-8] DEBUG org.asynchttpclient.netty.handler.HttpHandler - 

Request DefaultFullHttpRequest(decodeResult: success, version: HTTP/1.1, content: EmptyByteBufBE)
GET /session/012e8831f6ff1274341af3e2aaa79e9e/screenshot HTTP/1.1
User-Agent: selenium/4.1.2 (java windows)
Cache-Control: no-cache
Content-Type: application/json; charset=utf-8
host: localhost:60853
accept: */*

Response DefaultHttpResponse(decodeResult: success, version: HTTP/1.1)
HTTP/1.1 200 OK
Content-Type: application/json; charset=utf-8
cache-control: no-cache
content-length: 29432

23:34:28.222 [AsyncHttpClient-1-8] DEBUG org.asynchttpclient.netty.channel.ChannelManager - Adding key: http://localhost:60853 for channel [id: 0xab591fe0, L:/127.0.0.1:63015 - R:localhost/127.0.0.1:60853]
23:34:28.229 [main] DEBUG net.serenitybdd.core.photography.Darkroom - Send negative for processing for target\site\serenity\2e623533e14e279811620ab51edcfb98463a339ff65b6282519dee72811d3d79.png
23:34:28.230 [main] DEBUG net.thucydides.core.steps.StepInterceptor - STEP DONE: inputEmail
  &amp#27;[32mWhen &amp#27;[0m&amp#27;[32mi input invalid email&amp#27;[0m                                    &amp#27;[90m# starter.stepdefenitions.LoginSteps.iInputInvalidEmail()&amp#27;[0m
23:34:28.231 [Darkroom Processing Line] DEBUG net.serenitybdd.core.photography.DarkroomProcessingLine - Processing screenshot image in /var/screenshots/screenshot-2844106331433169795
23:34:28.231 [Darkroom Processing Line] DEBUG net.serenitybdd.core.photography.DarkroomProcessingLine - Saving screenshot to target\site\serenity\2e623533e14e279811620ab51edcfb98463a339ff65b6282519dee72811d3d79.png
23:34:28.257 [main] DEBUG net.thucydides.core.steps.StepInterceptor - STARTING STEP: LoginSteps.inputValidPassword - inputPassword
23:34:28.268 [Forwarding findElement on session 012e8831f6ff1274341af3e2aaa79e9e to remote] DEBUG org.asynchttpclient.netty.request.NettyRequestSender - Using pooled Channel '[id: 0xab591fe0, L:/127.0.0.1:63015 - R:localhost/127.0.0.1:60853]' for 'POST' to 'http://localhost:60853/session/012e8831f6ff1274341af3e2aaa79e9e/element'
23:34:28.268 [Forwarding findElement on session 012e8831f6ff1274341af3e2aaa79e9e to remote] DEBUG org.asynchttpclient.netty.request.NettyRequestSender - Using open Channel [id: 0xab591fe0, L:/127.0.0.1:63015 - R:localhost/127.0.0.1:60853] for POST '/session/012e8831f6ff1274341af3e2aaa79e9e/element'
23:34:28.289 [AsyncHttpClient-1-8] DEBUG org.asynchttpclient.netty.handler.HttpHandler - 

Request DefaultHttpRequest(decodeResult: success, version: HTTP/1.1)
POST /session/012e8831f6ff1274341af3e2aaa79e9e/element HTTP/1.1
User-Agent: selenium/4.1.2 (java windows)
Content-Length: 113
Content-Type: application/json; charset=utf-8
host: localhost:60853
accept: */*

Response DefaultHttpResponse(decodeResult: success, version: HTTP/1.1)
HTTP/1.1 200 OK
Content-Type: application/json; charset=utf-8
cache-control: no-cache
content-length: 88

23:34:28.290 [AsyncHttpClient-1-8] DEBUG org.asynchttpclient.netty.channel.ChannelManager - Adding key: http://localhost:60853 for channel [id: 0xab591fe0, L:/127.0.0.1:63015 - R:localhost/127.0.0.1:60853]
23:34:28.292 [Forwarding clearElement on session 012e8831f6ff1274341af3e2aaa79e9e to remote] DEBUG org.asynchttpclient.netty.request.NettyRequestSender - Using pooled Channel '[id: 0xab591fe0, L:/127.0.0.1:63015 - R:localhost/127.0.0.1:60853]' for 'POST' to 'http://localhost:60853/session/012e8831f6ff1274341af3e2aaa79e9e/element/1f38fb02-3bf6-4fc8-bcb5-359f8d53c34f/clear'
23:34:28.292 [Forwarding clearElement on session 012e8831f6ff1274341af3e2aaa79e9e to remote] DEBUG org.asynchttpclient.netty.request.NettyRequestSender - Using open Channel [id: 0xab591fe0, L:/127.0.0.1:63015 - R:localhost/127.0.0.1:60853] for POST '/session/012e8831f6ff1274341af3e2aaa79e9e/element/1f38fb02-3bf6-4fc8-bcb5-359f8d53c34f/clear'
23:34:28.351 [AsyncHttpClient-1-8] DEBUG org.asynchttpclient.netty.handler.HttpHandler - 

Request DefaultHttpRequest(decodeResult: success, version: HTTP/1.1)
POST /session/012e8831f6ff1274341af3e2aaa79e9e/element/1f38fb02-3bf6-4fc8-bcb5-359f8d53c34f/clear HTTP/1.1
User-Agent: selenium/4.1.2 (java windows)
Content-Length: 50
Content-Type: application/json; charset=utf-8
host: localhost:60853
accept: */*

Response DefaultHttpResponse(decodeResult: success, version: HTTP/1.1)
HTTP/1.1 200 OK
Content-Type: application/json; charset=utf-8
cache-control: no-cache
content-length: 14

23:34:28.351 [AsyncHttpClient-1-8] DEBUG org.asynchttpclient.netty.channel.ChannelManager - Adding key: http://localhost:60853 for channel [id: 0xab591fe0, L:/127.0.0.1:63015 - R:localhost/127.0.0.1:60853]
23:34:28.354 [Forwarding sendKeysToElement on session 012e8831f6ff1274341af3e2aaa79e9e to remote] DEBUG org.asynchttpclient.netty.request.NettyRequestSender - Using pooled Channel '[id: 0xab591fe0, L:/127.0.0.1:63015 - R:localhost/127.0.0.1:60853]' for 'POST' to 'http://localhost:60853/session/012e8831f6ff1274341af3e2aaa79e9e/element/1f38fb02-3bf6-4fc8-bcb5-359f8d53c34f/value'
23:34:28.355 [Forwarding sendKeysToElement on session 012e8831f6ff1274341af3e2aaa79e9e to remote] DEBUG org.asynchttpclient.netty.request.NettyRequestSender - Using open Channel [id: 0xab591fe0, L:/127.0.0.1:63015 - R:localhost/127.0.0.1:60853] for POST '/session/012e8831f6ff1274341af3e2aaa79e9e/element/1f38fb02-3bf6-4fc8-bcb5-359f8d53c34f/value'
23:34:28.465 [AsyncHttpClient-1-8] DEBUG org.asynchttpclient.netty.handler.HttpHandler - 

Request DefaultHttpRequest(decodeResult: success, version: HTTP/1.1)
POST /session/012e8831f6ff1274341af3e2aaa79e9e/element/1f38fb02-3bf6-4fc8-bcb5-359f8d53c34f/value HTTP/1.1
User-Agent: selenium/4.1.2 (java windows)
Content-Length: 111
Content-Type: application/json; charset=utf-8
host: localhost:60853
accept: */*

Response DefaultHttpResponse(decodeResult: success, version: HTTP/1.1)
HTTP/1.1 200 OK
Content-Type: application/json; charset=utf-8
cache-control: no-cache
content-length: 14

23:34:28.465 [AsyncHttpClient-1-8] DEBUG org.asynchttpclient.netty.channel.ChannelManager - Adding key: http://localhost:60853 for channel [id: 0xab591fe0, L:/127.0.0.1:63015 - R:localhost/127.0.0.1:60853]
23:34:28.474 [Forwarding screenshot on session 012e8831f6ff1274341af3e2aaa79e9e to remote] DEBUG org.asynchttpclient.netty.request.NettyRequestSender - Using pooled Channel '[id: 0xab591fe0, L:/127.0.0.1:63015 - R:localhost/127.0.0.1:60853]' for 'GET' to 'http://localhost:60853/session/012e8831f6ff1274341af3e2aaa79e9e/screenshot'
23:34:28.474 [Forwarding screenshot on session 012e8831f6ff1274341af3e2aaa79e9e to remote] DEBUG org.asynchttpclient.netty.request.NettyRequestSender - Using open Channel [id: 0xab591fe0, L:/127.0.0.1:63015 - R:localhost/127.0.0.1:60853] for GET '/session/012e8831f6ff1274341af3e2aaa79e9e/screenshot'
23:34:28.646 [AsyncHttpClient-1-8] DEBUG org.asynchttpclient.netty.handler.HttpHandler - 

Request DefaultFullHttpRequest(decodeResult: success, version: HTTP/1.1, content: EmptyByteBufBE)
GET /session/012e8831f6ff1274341af3e2aaa79e9e/screenshot HTTP/1.1
User-Agent: selenium/4.1.2 (java windows)
Cache-Control: no-cache
Content-Type: application/json; charset=utf-8
host: localhost:60853
accept: */*

Response DefaultHttpResponse(decodeResult: success, version: HTTP/1.1)
HTTP/1.1 200 OK
Content-Type: application/json; charset=utf-8
cache-control: no-cache
content-length: 29868

23:34:28.647 [AsyncHttpClient-1-8] DEBUG org.asynchttpclient.netty.channel.ChannelManager - Adding key: http://localhost:60853 for channel [id: 0xab591fe0, L:/127.0.0.1:63015 - R:localhost/127.0.0.1:60853]
23:34:28.654 [main] DEBUG net.serenitybdd.core.photography.Darkroom - Send negative for processing for target\site\serenity\76c9541c078980b5fb45bd59d534c72235878224c7f5c1722130f4104b2a7488.png
23:34:28.655 [main] DEBUG net.thucydides.core.steps.StepInterceptor - STEP DONE: inputPassword
  &amp#27;[32mAnd &amp#27;[0m&amp#27;[32mi input valid password&amp#27;[0m                                    &amp#27;[90m# starter.stepdefenitions.LoginSteps.inputValidPassword()&amp#27;[0m
23:34:28.655 [Darkroom Processing Line] DEBUG net.serenitybdd.core.photography.DarkroomProcessingLine - Processing screenshot image in /var/screenshots/screenshot-4235440779902050588
23:34:28.655 [Darkroom Processing Line] DEBUG net.serenitybdd.core.photography.DarkroomProcessingLine - Saving screenshot to target\site\serenity\76c9541c078980b5fb45bd59d534c72235878224c7f5c1722130f4104b2a7488.png
23:34:28.679 [main] DEBUG net.thucydides.core.steps.StepInterceptor - STARTING STEP: LoginSteps.clickLoginButton - clickLoginButton
23:34:28.688 [Forwarding findElement on session 012e8831f6ff1274341af3e2aaa79e9e to remote] DEBUG org.asynchttpclient.netty.request.NettyRequestSender - Using pooled Channel '[id: 0xab591fe0, L:/127.0.0.1:63015 - R:localhost/127.0.0.1:60853]' for 'POST' to 'http://localhost:60853/session/012e8831f6ff1274341af3e2aaa79e9e/element'
23:34:28.688 [Forwarding findElement on session 012e8831f6ff1274341af3e2aaa79e9e to remote] DEBUG org.asynchttpclient.netty.request.NettyRequestSender - Using open Channel [id: 0xab591fe0, L:/127.0.0.1:63015 - R:localhost/127.0.0.1:60853] for POST '/session/012e8831f6ff1274341af3e2aaa79e9e/element'
23:34:28.710 [AsyncHttpClient-1-8] DEBUG org.asynchttpclient.netty.handler.HttpHandler - 

Request DefaultHttpRequest(decodeResult: success, version: HTTP/1.1)
POST /session/012e8831f6ff1274341af3e2aaa79e9e/element HTTP/1.1
User-Agent: selenium/4.1.2 (java windows)
Content-Length: 83
Content-Type: application/json; charset=utf-8
host: localhost:60853
accept: */*

Response DefaultHttpResponse(decodeResult: success, version: HTTP/1.1)
HTTP/1.1 200 OK
Content-Type: application/json; charset=utf-8
cache-control: no-cache
content-length: 88

23:34:28.711 [AsyncHttpClient-1-8] DEBUG org.asynchttpclient.netty.channel.ChannelManager - Adding key: http://localhost:60853 for channel [id: 0xab591fe0, L:/127.0.0.1:63015 - R:localhost/127.0.0.1:60853]
23:34:28.714 [Forwarding getElementTagName on session 012e8831f6ff1274341af3e2aaa79e9e to remote] DEBUG org.asynchttpclient.netty.request.NettyRequestSender - Using pooled Channel '[id: 0xab591fe0, L:/127.0.0.1:63015 - R:localhost/127.0.0.1:60853]' for 'GET' to 'http://localhost:60853/session/012e8831f6ff1274341af3e2aaa79e9e/element/3512388c-5cb5-4194-a75d-9d893076dad5/name'
23:34:28.714 [Forwarding getElementTagName on session 012e8831f6ff1274341af3e2aaa79e9e to remote] DEBUG org.asynchttpclient.netty.request.NettyRequestSender - Using open Channel [id: 0xab591fe0, L:/127.0.0.1:63015 - R:localhost/127.0.0.1:60853] for GET '/session/012e8831f6ff1274341af3e2aaa79e9e/element/3512388c-5cb5-4194-a75d-9d893076dad5/name'
23:34:28.725 [AsyncHttpClient-1-8] DEBUG org.asynchttpclient.netty.handler.HttpHandler - 

Request DefaultFullHttpRequest(decodeResult: success, version: HTTP/1.1, content: EmptyByteBufBE)
GET /session/012e8831f6ff1274341af3e2aaa79e9e/element/3512388c-5cb5-4194-a75d-9d893076dad5/name HTTP/1.1
User-Agent: selenium/4.1.2 (java windows)
Cache-Control: no-cache
Content-Type: application/json; charset=utf-8
host: localhost:60853
accept: */*

Response DefaultHttpResponse(decodeResult: success, version: HTTP/1.1)
HTTP/1.1 200 OK
Content-Type: application/json; charset=utf-8
cache-control: no-cache
content-length: 16

23:34:28.725 [AsyncHttpClient-1-8] DEBUG org.asynchttpclient.netty.channel.ChannelManager - Adding key: http://localhost:60853 for channel [id: 0xab591fe0, L:/127.0.0.1:63015 - R:localhost/127.0.0.1:60853]
23:34:28.727 [Forwarding getElementTagName on session 012e8831f6ff1274341af3e2aaa79e9e to remote] DEBUG org.asynchttpclient.netty.request.NettyRequestSender - Using pooled Channel '[id: 0xab591fe0, L:/127.0.0.1:63015 - R:localhost/127.0.0.1:60853]' for 'GET' to 'http://localhost:60853/session/012e8831f6ff1274341af3e2aaa79e9e/element/3512388c-5cb5-4194-a75d-9d893076dad5/name'
23:34:28.727 [Forwarding getElementTagName on session 012e8831f6ff1274341af3e2aaa79e9e to remote] DEBUG org.asynchttpclient.netty.request.NettyRequestSender - Using open Channel [id: 0xab591fe0, L:/127.0.0.1:63015 - R:localhost/127.0.0.1:60853] for GET '/session/012e8831f6ff1274341af3e2aaa79e9e/element/3512388c-5cb5-4194-a75d-9d893076dad5/name'
23:34:28.735 [AsyncHttpClient-1-8] DEBUG org.asynchttpclient.netty.handler.HttpHandler - 

Request DefaultFullHttpRequest(decodeResult: success, version: HTTP/1.1, content: EmptyByteBufBE)
GET /session/012e8831f6ff1274341af3e2aaa79e9e/element/3512388c-5cb5-4194-a75d-9d893076dad5/name HTTP/1.1
User-Agent: selenium/4.1.2 (java windows)
Cache-Control: no-cache
Content-Type: application/json; charset=utf-8
host: localhost:60853
accept: */*

Response DefaultHttpResponse(decodeResult: success, version: HTTP/1.1)
HTTP/1.1 200 OK
Content-Type: application/json; charset=utf-8
cache-control: no-cache
content-length: 16

23:34:28.736 [AsyncHttpClient-1-8] DEBUG org.asynchttpclient.netty.channel.ChannelManager - Adding key: http://localhost:60853 for channel [id: 0xab591fe0, L:/127.0.0.1:63015 - R:localhost/127.0.0.1:60853]
23:34:28.740 [Forwarding findElement on session 012e8831f6ff1274341af3e2aaa79e9e to remote] DEBUG org.asynchttpclient.netty.request.NettyRequestSender - Using pooled Channel '[id: 0xab591fe0, L:/127.0.0.1:63015 - R:localhost/127.0.0.1:60853]' for 'POST' to 'http://localhost:60853/session/012e8831f6ff1274341af3e2aaa79e9e/element'
23:34:28.740 [Forwarding findElement on session 012e8831f6ff1274341af3e2aaa79e9e to remote] DEBUG org.asynchttpclient.netty.request.NettyRequestSender - Using open Channel [id: 0xab591fe0, L:/127.0.0.1:63015 - R:localhost/127.0.0.1:60853] for POST '/session/012e8831f6ff1274341af3e2aaa79e9e/element'
23:34:28.751 [AsyncHttpClient-1-8] DEBUG org.asynchttpclient.netty.handler.HttpHandler - 

Request DefaultHttpRequest(decodeResult: success, version: HTTP/1.1)
POST /session/012e8831f6ff1274341af3e2aaa79e9e/element HTTP/1.1
User-Agent: selenium/4.1.2 (java windows)
Content-Length: 83
Content-Type: application/json; charset=utf-8
host: localhost:60853
accept: */*

Response DefaultHttpResponse(decodeResult: success, version: HTTP/1.1)
HTTP/1.1 200 OK
Content-Type: application/json; charset=utf-8
cache-control: no-cache
content-length: 88

23:34:28.752 [AsyncHttpClient-1-8] DEBUG org.asynchttpclient.netty.channel.ChannelManager - Adding key: http://localhost:60853 for channel [id: 0xab591fe0, L:/127.0.0.1:63015 - R:localhost/127.0.0.1:60853]
23:34:28.754 [Forwarding clickElement on session 012e8831f6ff1274341af3e2aaa79e9e to remote] DEBUG org.asynchttpclient.netty.request.NettyRequestSender - Using pooled Channel '[id: 0xab591fe0, L:/127.0.0.1:63015 - R:localhost/127.0.0.1:60853]' for 'POST' to 'http://localhost:60853/session/012e8831f6ff1274341af3e2aaa79e9e/element/3512388c-5cb5-4194-a75d-9d893076dad5/click'
23:34:28.754 [Forwarding clickElement on session 012e8831f6ff1274341af3e2aaa79e9e to remote] DEBUG org.asynchttpclient.netty.request.NettyRequestSender - Using open Channel [id: 0xab591fe0, L:/127.0.0.1:63015 - R:localhost/127.0.0.1:60853] for POST '/session/012e8831f6ff1274341af3e2aaa79e9e/element/3512388c-5cb5-4194-a75d-9d893076dad5/click'
23:34:28.810 [AsyncHttpClient-1-8] DEBUG org.asynchttpclient.netty.handler.HttpHandler - 

Request DefaultHttpRequest(decodeResult: success, version: HTTP/1.1)
POST /session/012e8831f6ff1274341af3e2aaa79e9e/element/3512388c-5cb5-4194-a75d-9d893076dad5/click HTTP/1.1
User-Agent: selenium/4.1.2 (java windows)
Content-Length: 50
Content-Type: application/json; charset=utf-8
host: localhost:60853
accept: */*

Response DefaultHttpResponse(decodeResult: success, version: HTTP/1.1)
HTTP/1.1 200 OK
Content-Type: application/json; charset=utf-8
cache-control: no-cache
content-length: 14

23:34:28.810 [AsyncHttpClient-1-8] DEBUG org.asynchttpclient.netty.channel.ChannelManager - Adding key: http://localhost:60853 for channel [id: 0xab591fe0, L:/127.0.0.1:63015 - R:localhost/127.0.0.1:60853]
23:34:28.818 [Forwarding screenshot on session 012e8831f6ff1274341af3e2aaa79e9e to remote] DEBUG org.asynchttpclient.netty.request.NettyRequestSender - Using pooled Channel '[id: 0xab591fe0, L:/127.0.0.1:63015 - R:localhost/127.0.0.1:60853]' for 'GET' to 'http://localhost:60853/session/012e8831f6ff1274341af3e2aaa79e9e/screenshot'
23:34:28.819 [Forwarding screenshot on session 012e8831f6ff1274341af3e2aaa79e9e to remote] DEBUG org.asynchttpclient.netty.request.NettyRequestSender - Using open Channel [id: 0xab591fe0, L:/127.0.0.1:63015 - R:localhost/127.0.0.1:60853] for GET '/session/012e8831f6ff1274341af3e2aaa79e9e/screenshot'
23:34:29.008 [AsyncHttpClient-1-8] DEBUG org.asynchttpclient.netty.handler.HttpHandler - 

Request DefaultFullHttpRequest(decodeResult: success, version: HTTP/1.1, content: EmptyByteBufBE)
GET /session/012e8831f6ff1274341af3e2aaa79e9e/screenshot HTTP/1.1
User-Agent: selenium/4.1.2 (java windows)
Cache-Control: no-cache
Content-Type: application/json; charset=utf-8
host: localhost:60853
accept: */*

Response DefaultHttpResponse(decodeResult: success, version: HTTP/1.1)
HTTP/1.1 200 OK
Content-Type: application/json; charset=utf-8
cache-control: no-cache
content-length: 27952

23:34:29.009 [AsyncHttpClient-1-8] DEBUG org.asynchttpclient.netty.channel.ChannelManager - Adding key: http://localhost:60853 for channel [id: 0xab591fe0, L:/127.0.0.1:63015 - R:localhost/127.0.0.1:60853]
23:34:29.012 [main] DEBUG net.serenitybdd.core.photography.Darkroom - Send negative for processing for target\site\serenity\3b7d52efa3c20ee9e158d903c101e447f62ab4b61bb2d32298227befb1500281.png
23:34:29.013 [main] DEBUG net.thucydides.core.steps.StepInterceptor - STEP DONE: clickLoginButton
  &amp#27;[32mAnd &amp#27;[0m&amp#27;[32mi click login button&amp#27;[0m                                      &amp#27;[90m# starter.stepdefenitions.LoginSteps.clickLoginButton()&amp#27;[0m
23:34:29.014 [Darkroom Processing Line] DEBUG net.serenitybdd.core.photography.DarkroomProcessingLine - Processing screenshot image in /var/screenshots/screenshot-4845382883654059351
23:34:29.015 [Darkroom Processing Line] DEBUG net.serenitybdd.core.photography.DarkroomProcessingLine - Saving screenshot to target\site\serenity\3b7d52efa3c20ee9e158d903c101e447f62ab4b61bb2d32298227befb1500281.png
23:34:29.043 [main] DEBUG net.thucydides.core.steps.StepInterceptor - STARTING STEP: LoginSteps.iFailToLoginAndGetErrorMessage - getMessageNoRecord
23:34:29.048 [Forwarding findElement on session 012e8831f6ff1274341af3e2aaa79e9e to remote] DEBUG org.asynchttpclient.netty.request.NettyRequestSender - Using pooled Channel '[id: 0xab591fe0, L:/127.0.0.1:63015 - R:localhost/127.0.0.1:60853]' for 'POST' to 'http://localhost:60853/session/012e8831f6ff1274341af3e2aaa79e9e/element'
23:34:29.048 [Forwarding findElement on session 012e8831f6ff1274341af3e2aaa79e9e to remote] DEBUG org.asynchttpclient.netty.request.NettyRequestSender - Using open Channel [id: 0xab591fe0, L:/127.0.0.1:63015 - R:localhost/127.0.0.1:60853] for POST '/session/012e8831f6ff1274341af3e2aaa79e9e/element'
23:34:29.052 [AsyncHttpClient-1-1] DEBUG org.asynchttpclient.netty.channel.DefaultChannelPool - Entry count for : http://localhost:63017 : 1
23:34:29.057 [AsyncHttpClient-1-8] DEBUG org.asynchttpclient.netty.handler.HttpHandler - 

Request DefaultHttpRequest(decodeResult: success, version: HTTP/1.1)
POST /session/012e8831f6ff1274341af3e2aaa79e9e/element HTTP/1.1
User-Agent: selenium/4.1.2 (java windows)
Content-Length: 53
Content-Type: application/json; charset=utf-8
host: localhost:60853
accept: */*

Response DefaultHttpResponse(decodeResult: success, version: HTTP/1.1)
HTTP/1.1 400 Bad Request
Content-Type: application/json; charset=utf-8
cache-control: no-cache
content-length: 958

23:34:29.058 [AsyncHttpClient-1-8] DEBUG org.asynchttpclient.netty.channel.ChannelManager - Adding key: http://localhost:60853 for channel [id: 0xab591fe0, L:/127.0.0.1:63015 - R:localhost/127.0.0.1:60853]
23:34:29.061 [Forwarding findElement on session 012e8831f6ff1274341af3e2aaa79e9e to remote] DEBUG org.asynchttpclient.netty.request.NettyRequestSender - Using pooled Channel '[id: 0xab591fe0, L:/127.0.0.1:63015 - R:localhost/127.0.0.1:60853]' for 'POST' to 'http://localhost:60853/session/012e8831f6ff1274341af3e2aaa79e9e/element'
23:34:29.061 [Forwarding findElement on session 012e8831f6ff1274341af3e2aaa79e9e to remote] DEBUG org.asynchttpclient.netty.request.NettyRequestSender - Using open Channel [id: 0xab591fe0, L:/127.0.0.1:63015 - R:localhost/127.0.0.1:60853] for POST '/session/012e8831f6ff1274341af3e2aaa79e9e/element'
23:34:29.149 [AsyncHttpClient-1-8] DEBUG org.asynchttpclient.netty.handler.HttpHandler - 

Request DefaultHttpRequest(decodeResult: success, version: HTTP/1.1)
POST /session/012e8831f6ff1274341af3e2aaa79e9e/element HTTP/1.1
User-Agent: selenium/4.1.2 (java windows)
Content-Length: 63
Content-Type: application/json; charset=utf-8
host: localhost:60853
accept: */*

Response DefaultHttpResponse(decodeResult: success, version: HTTP/1.1)
HTTP/1.1 200 OK
Content-Type: application/json; charset=utf-8
cache-control: no-cache
content-length: 88

23:34:29.149 [AsyncHttpClient-1-8] DEBUG org.asynchttpclient.netty.channel.ChannelManager - Adding key: http://localhost:60853 for channel [id: 0xab591fe0, L:/127.0.0.1:63015 - R:localhost/127.0.0.1:60853]
23:34:29.158 [Forwarding isElementDisplayed on session 012e8831f6ff1274341af3e2aaa79e9e to remote] DEBUG org.asynchttpclient.netty.request.NettyRequestSender - Using pooled Channel '[id: 0xab591fe0, L:/127.0.0.1:63015 - R:localhost/127.0.0.1:60853]' for 'POST' to 'http://localhost:60853/session/012e8831f6ff1274341af3e2aaa79e9e/execute/sync'
23:34:29.159 [Forwarding isElementDisplayed on session 012e8831f6ff1274341af3e2aaa79e9e to remote] DEBUG org.asynchttpclient.netty.request.NettyRequestSender - Using open Channel [id: 0xab591fe0, L:/127.0.0.1:63015 - R:localhost/127.0.0.1:60853] for POST '/session/012e8831f6ff1274341af3e2aaa79e9e/execute/sync'
23:34:29.180 [AsyncHttpClient-1-8] DEBUG org.asynchttpclient.netty.handler.HttpHandler - 

Request DefaultHttpRequest(decodeResult: success, version: HTTP/1.1)
POST /session/012e8831f6ff1274341af3e2aaa79e9e/execute/sync HTTP/1.1
User-Agent: selenium/4.1.2 (java windows)
Content-Length: 48780
Content-Type: application/json; charset=utf-8
host: localhost:60853
accept: */*

Response DefaultHttpResponse(decodeResult: success, version: HTTP/1.1)
HTTP/1.1 200 OK
Content-Type: application/json; charset=utf-8
cache-control: no-cache
content-length: 14

23:34:29.181 [AsyncHttpClient-1-8] DEBUG org.asynchttpclient.netty.channel.ChannelManager - Adding key: http://localhost:60853 for channel [id: 0xab591fe0, L:/127.0.0.1:63015 - R:localhost/127.0.0.1:60853]
23:34:29.188 [Forwarding screenshot on session 012e8831f6ff1274341af3e2aaa79e9e to remote] DEBUG org.asynchttpclient.netty.request.NettyRequestSender - Using pooled Channel '[id: 0xab591fe0, L:/127.0.0.1:63015 - R:localhost/127.0.0.1:60853]' for 'GET' to 'http://localhost:60853/session/012e8831f6ff1274341af3e2aaa79e9e/screenshot'
23:34:29.188 [Forwarding screenshot on session 012e8831f6ff1274341af3e2aaa79e9e to remote] DEBUG org.asynchttpclient.netty.request.NettyRequestSender - Using open Channel [id: 0xab591fe0, L:/127.0.0.1:63015 - R:localhost/127.0.0.1:60853] for GET '/session/012e8831f6ff1274341af3e2aaa79e9e/screenshot'
23:34:29.400 [AsyncHttpClient-1-8] DEBUG org.asynchttpclient.netty.handler.HttpHandler - 

Request DefaultFullHttpRequest(decodeResult: success, version: HTTP/1.1, content: EmptyByteBufBE)
GET /session/012e8831f6ff1274341af3e2aaa79e9e/screenshot HTTP/1.1
User-Agent: selenium/4.1.2 (java windows)
Cache-Control: no-cache
Content-Type: application/json; charset=utf-8
host: localhost:60853
accept: */*

Response DefaultHttpResponse(decodeResult: success, version: HTTP/1.1)
HTTP/1.1 200 OK
Content-Type: application/json; charset=utf-8
cache-control: no-cache
content-length: 32404

23:34:29.400 [AsyncHttpClient-1-8] DEBUG org.asynchttpclient.netty.channel.ChannelManager - Adding key: http://localhost:60853 for channel [id: 0xab591fe0, L:/127.0.0.1:63015 - R:localhost/127.0.0.1:60853]
23:34:29.407 [main] DEBUG net.serenitybdd.core.photography.Darkroom - Send negative for processing for target\site\serenity\81bd389f57e1ca7f8824375ad361e918569725085cad2f0f64fa26305eb5ebde.png
23:34:29.407 [main] DEBUG net.thucydides.core.steps.StepInterceptor - STEP DONE: getMessageNoRecord
  &amp#27;[32mThen &amp#27;[0m&amp#27;[32mi fail to login and get error message &amp#27;[0m&amp#27;[32m&amp#27;[1m"record not found"&amp#27;[0m &amp#27;[90m# starter.stepdefenitions.LoginSteps.iFailToLoginAndGetErrorMessage(java.lang.String)&amp#27;[0m
23:34:29.408 [Darkroom Processing Line] DEBUG net.serenitybdd.core.photography.DarkroomProcessingLine - Processing screenshot image in /var/screenshots/screenshot-7047079102729014640
23:34:29.408 [Darkroom Processing Line] DEBUG net.serenitybdd.core.photography.DarkroomProcessingLine - Saving screenshot to target\site\serenity\81bd389f57e1ca7f8824375ad361e918569725085cad2f0f64fa26305eb5ebde.png
23:34:29.415 [main] INFO  - 
  _____   ___   ___   _____     ___     _     ___   ___   ___   ___  
 |_   _| | __| / __| |_   _|   | _ \   /_\   / __| / __| | __| |   \ 
   | |   | _|  \__ \   | |     |  _/  / _ \  \__ \ \__ \ | _|  | |) |
   |_|   |___| |___/   |_|     |_|   /_/ \_\ |___/ |___/ |___| |___/ 

As user i have failed to login with invalid email
----------------------------------------------------------------------
23:34:29.416 [AsyncHttpClient-1-2] DEBUG org.asynchttpclient.netty.handler.WebSocketHandler - Channel Closed: [id: 0x2e81ee11, L:/127.0.0.1:63024 ! R:localhost/127.0.0.1:63017] with attribute NettyResponseFuture{currentRetry=5,
	isDone=1,
	isCancelled=0,
	asyncHandler=org.asynchttpclient.ws.WebSocketUpgradeHandler@2780340e,
	nettyRequest=org.asynchttpclient.netty.request.NettyRequest@2ff682a3,
	future=java.util.concurrent.CompletableFuture@1cccf442[Completed normally],
	uri=ws://localhost:63017/devtools/browser/02863c40-715e-4fe8-ba5c-d6f88256d226,
	keepAlive=true,
	redirectCount=0,
	timeoutsHolder=null,
	inAuth=0,
	touch=1651077264524}
23:34:29.417 [AsyncHttpClient-1-2] DEBUG org.asynchttpclient.netty.channel.ChannelManager - Closing Channel [id: 0x2e81ee11, L:/127.0.0.1:63024 ! R:localhost/127.0.0.1:63017] 
23:34:29.417 [Driver Command Executor] DEBUG org.asynchttpclient.netty.request.NettyRequestSender - Using pooled Channel '[id: 0xab591fe0, L:/127.0.0.1:63015 - R:localhost/127.0.0.1:60853]' for 'DELETE' to 'http://localhost:60853/session/012e8831f6ff1274341af3e2aaa79e9e'
23:34:29.417 [Driver Command Executor] DEBUG org.asynchttpclient.netty.request.NettyRequestSender - Using open Channel [id: 0xab591fe0, L:/127.0.0.1:63015 - R:localhost/127.0.0.1:60853] for DELETE '/session/012e8831f6ff1274341af3e2aaa79e9e'
23:34:29.530 [AsyncHttpClient-1-9] DEBUG org.asynchttpclient.netty.handler.HttpHandler - Unexpected I/O exception on channel [id: 0x9f843030, L:/127.0.0.1:63023 - R:localhost/127.0.0.1:63017]
java.io.IOException: An existing connection was forcibly closed by the remote host
	at sun.nio.ch.SocketDispatcher.read0(Native Method)
	at sun.nio.ch.SocketDispatcher.read(SocketDispatcher.java:43)
	at sun.nio.ch.IOUtil.readIntoNativeBuffer(IOUtil.java:223)
	at sun.nio.ch.IOUtil.read(IOUtil.java:192)
	at sun.nio.ch.SocketChannelImpl.read(SocketChannelImpl.java:378)
	at io.netty.buffer.PooledByteBuf.setBytes(PooledByteBuf.java:258)
	at io.netty.buffer.AbstractByteBuf.writeBytes(AbstractByteBuf.java:1132)
	at io.netty.channel.socket.nio.NioSocketChannel.doReadBytes(NioSocketChannel.java:350)
	at io.netty.channel.nio.AbstractNioByteChannel$NioByteUnsafe.read(AbstractNioByteChannel.java:151)
	at io.netty.channel.nio.NioEventLoop.processSelectedKey(NioEventLoop.java:722)
	at io.netty.channel.nio.NioEventLoop.processSelectedKeysOptimized(NioEventLoop.java:658)
	at io.netty.channel.nio.NioEventLoop.processSelectedKeys(NioEventLoop.java:584)
	at io.netty.channel.nio.NioEventLoop.run(NioEventLoop.java:496)
	at io.netty.util.concurrent.SingleThreadEventExecutor$4.run(SingleThreadEventExecutor.java:986)
	at io.netty.util.internal.ThreadExecutorMap$2.run(ThreadExecutorMap.java:74)
	at io.netty.util.concurrent.FastThreadLocalRunnable.run(FastThreadLocalRunnable.java:30)
	at java.lang.Thread.run(Thread.java:750)
23:34:29.530 [AsyncHttpClient-1-9] DEBUG org.asynchttpclient.netty.channel.ChannelManager - Closing Channel [id: 0x9f843030, L:/127.0.0.1:63023 - R:localhost/127.0.0.1:63017] 
23:34:29.530 [AsyncHttpClient-1-9] DEBUG org.asynchttpclient.netty.handler.HttpHandler - Channel Closed: [id: 0x9f843030, L:/127.0.0.1:63023 ! R:localhost/127.0.0.1:63017] with attribute DISCARD
23:34:29.555 [AsyncHttpClient-1-8] DEBUG org.asynchttpclient.netty.handler.HttpHandler - 

Request DefaultFullHttpRequest(decodeResult: success, version: HTTP/1.1, content: EmptyByteBufBE)
DELETE /session/012e8831f6ff1274341af3e2aaa79e9e HTTP/1.1
User-Agent: selenium/4.1.2 (java windows)
Content-Type: application/json; charset=utf-8
host: localhost:60853
accept: */*

Response DefaultHttpResponse(decodeResult: success, version: HTTP/1.1)
HTTP/1.1 200 OK
Content-Type: application/json; charset=utf-8
cache-control: no-cache
content-length: 14

23:34:29.555 [AsyncHttpClient-1-8] DEBUG org.asynchttpclient.netty.channel.ChannelManager - Adding key: http://localhost:60853 for channel [id: 0xab591fe0, L:/127.0.0.1:63015 - R:localhost/127.0.0.1:60853]
23:34:29.682 [AsyncHttpClient-1-8] DEBUG org.asynchttpclient.netty.handler.HttpHandler - Channel Closed: [id: 0xab591fe0, L:/127.0.0.1:63015 ! R:localhost/127.0.0.1:60853] with attribute DISCARD
23:34:30.142 [AsyncHttpClient-1-1] DEBUG org.asynchttpclient.netty.channel.DefaultChannelPool - Entry count for : http://localhost:60853 : 1
23:34:30.142 [AsyncHttpClient-1-1] DEBUG org.asynchttpclient.netty.channel.DefaultChannelPool - Entry count for : http://localhost:63017 : 1
23:34:30.142 [AsyncHttpClient-1-1] DEBUG org.asynchttpclient.netty.channel.DefaultChannelPool - Adding Candidate expired Channel [id: 0xab591fe0, L:/127.0.0.1:63015 ! R:localhost/127.0.0.1:60853] isIdleTimeoutExpired=false isRemotelyClosed=true isTtlExpired=false
23:34:30.142 [AsyncHttpClient-1-1] DEBUG org.asynchttpclient.netty.channel.DefaultChannelPool - Closing Idle Channel [id: 0xab591fe0, L:/127.0.0.1:63015 ! R:localhost/127.0.0.1:60853]
23:34:30.142 [AsyncHttpClient-1-1] DEBUG org.asynchttpclient.netty.channel.DefaultChannelPool - Adding Candidate expired Channel [id: 0x9f843030, L:/127.0.0.1:63023 ! R:localhost/127.0.0.1:63017] isIdleTimeoutExpired=false isRemotelyClosed=true isTtlExpired=false
23:34:30.143 [AsyncHttpClient-1-1] DEBUG org.asynchttpclient.netty.channel.DefaultChannelPool - Closing Idle Channel [id: 0x9f843030, L:/127.0.0.1:63023 ! R:localhost/127.0.0.1:63017]
23:34:30.143 [AsyncHttpClient-1-1] DEBUG org.asynchttpclient.netty.channel.DefaultChannelPool - Closed 2 connections out of 2 in 1 ms
]]></system-out>
    <system-err><![CDATA[Starting ChromeDriver 100.0.4896.60 (6a5d10861ce8de5fce22564658033b43cb7de047-refs/branch-heads/4896@{#875}) on port 60853
Only local connections are allowed.
Please see https://chromedriver.chromium.org/security-considerations for suggestions on keeping ChromeDriver safe.
ChromeDriver was started successfully.
Apr 27, 2022 11:34:24 PM org.openqa.selenium.remote.ProtocolHandshake createSession
INFO: Detected dialect: W3C
Apr 27, 2022 11:34:24 PM org.openqa.selenium.devtools.CdpVersionFinder findNearestMatch
WARNING: Unable to find an exact match for CDP version 100, so returning the closest version found: 97
Apr 27, 2022 11:34:24 PM org.openqa.selenium.devtools.CdpVersionFinder findNearestMatch
INFO: Found CDP implementation for version 100 of 97
]]></system-err>
  </testcase>
  <testcase name="As user i have failed to login with not input data" classname="As user I want to login So that i can see home page" time="9.657">
    <system-out><![CDATA[
@login @negative
Scenario: As user i have failed to login with not input data &amp#27;[90m# src/test/resources/features/Login.feature:29&amp#27;[0m
23:34:30.224 [main] INFO io.cucumber.core.plugin.SerenityReporter - Running feature from file:///D:/kampus%20merdeka/Intelij/miniproject/web/src/test/resources/features/Login.feature
23:34:30.228 [main] INFO  - 
  _____   ___   ___   _____     ___   _____     _     ___   _____   ___   ___  
 |_   _| | __| / __| |_   _|   / __| |_   _|   /_\   | _ \ |_   _| | __| |   \ 
   | |   | _|  \__ \   | |     \__ \   | |    / _ \  |   /   | |   | _|  | |) |
   |_|   |___| |___/   |_|     |___/   |_|   /_/ \_\ |_|_\   |_|   |___| |___/ 

As user i have failed to login with not input data(as-user-i-want-to-login-so-that-i-can-see-home-page;as-user-i-have-failed-to-login-with-not-input-data)
--------------------------------------------------------------------------------
23:34:30.309 [main] DEBUG net.thucydides.core.steps.StepInterceptor - STARTING STEP: LoginSteps.onLoginPage - openPage
23:34:30.311 [main] INFO net.serenitybdd.core.webdriver.driverproviders.ChromeDriverProvider - Using automatically driver download
23:34:30.577 [main] DEBUG io.github.bonigarcia.wdm.cache.ResolutionCache - Resolution chrome=100 in cache (valid until 23:45:51 27/04/2022 ICT)
23:34:30.597 [main] DEBUG io.github.bonigarcia.wdm.cache.ResolutionCache - Resolution chrome100=100.0.4896.60 in cache (valid until 22:45:51 28/04/2022 ICT)
23:34:30.603 [main] INFO io.github.bonigarcia.wdm.WebDriverManager - Using chromedriver 100.0.4896.60 (resolved driver for Chrome 100)
23:34:30.687 [main] DEBUG io.github.bonigarcia.wdm.WebDriverManager - Driver chromedriver 100.0.4896.60 found in cache
23:34:30.689 [main] INFO io.github.bonigarcia.wdm.WebDriverManager - Exporting webdriver.chrome.driver as C:\Users\Admin\.cache\selenium\chromedriver\win32\100.0.4896.60\chromedriver.exe
23:34:31.110 [main] DEBUG net.serenitybdd.core.webdriver.driverproviders.ProvideNewDriver - Instantiating driver
23:34:31.110 [main] DEBUG net.serenitybdd.core.webdriver.driverproviders.ProvideNewDriver - Driver capabilities: Capabilities {acceptInsecureCerts: false, base.url: https://qa.alta.id/, browserName: chrome, chrome.driver: src/test/resources/webdrive..., driver: chrome, goog:chromeOptions: {args: [], extensions: []}}
23:34:31.698 [AsyncHttpClient-1-3] DEBUG org.asynchttpclient.netty.channel.NettyConnectListener - Using new Channel '[id: 0xddd64d15, L:/127.0.0.1:63052 - R:localhost/127.0.0.1:62927]' for 'POST' to '/session'
23:34:33.084 [AsyncHttpClient-1-3] DEBUG org.asynchttpclient.netty.handler.HttpHandler - 

Request DefaultHttpRequest(decodeResult: success, version: HTTP/1.1)
POST /session HTTP/1.1
User-Agent: selenium/4.1.2 (java windows)
Content-Length: 605
Content-Type: application/json; charset=utf-8
host: localhost:62927
accept: */*

Response DefaultHttpResponse(decodeResult: success, version: HTTP/1.1)
HTTP/1.1 200 OK
Content-Type: application/json; charset=utf-8
cache-control: no-cache
content-length: 790

23:34:33.084 [AsyncHttpClient-1-3] DEBUG org.asynchttpclient.netty.channel.ChannelManager - Adding key: http://localhost:62927 for channel [id: 0xddd64d15, L:/127.0.0.1:63052 - R:localhost/127.0.0.1:62927]
23:34:33.098 [AsyncHttpClient-1-4] DEBUG org.asynchttpclient.netty.channel.NettyConnectListener - Using new Channel '[id: 0x0b190b6a, L:/127.0.0.1:63060 - R:localhost/127.0.0.1:63053]' for 'GET' to '/json/version'
23:34:33.099 [AsyncHttpClient-1-4] DEBUG org.asynchttpclient.netty.handler.HttpHandler - 

Request DefaultFullHttpRequest(decodeResult: success, version: HTTP/1.1, content: EmptyByteBufBE)
GET /json/version HTTP/1.1
User-Agent: selenium/4.1.2 (java windows)
host: localhost:63053
accept: */*

Response DefaultHttpResponse(decodeResult: success, version: HTTP/1.1)
HTTP/1.1 200 OK
Content-Type: application/json; charset=UTF-8
content-length: 429

23:34:33.099 [AsyncHttpClient-1-4] DEBUG org.asynchttpclient.netty.channel.ChannelManager - Adding key: http://localhost:63053 for channel [id: 0x0b190b6a, L:/127.0.0.1:63060 - R:localhost/127.0.0.1:63053]
23:34:33.103 [AsyncHttpClient-1-5] DEBUG org.asynchttpclient.netty.channel.NettyConnectListener - Using new Channel '[id: 0x8a6e846a, L:/127.0.0.1:63061 - R:localhost/127.0.0.1:63053]' for 'GET' to '/devtools/browser/8ba5878a-ee6f-42ca-a9d9-31d60c932cf5'
23:34:33.105 [AsyncHttpClient-1-5] DEBUG org.asynchttpclient.netty.handler.WebSocketHandler - 

Request DefaultFullHttpRequest(decodeResult: success, version: HTTP/1.1, content: EmptyByteBufBE)
GET /devtools/browser/8ba5878a-ee6f-42ca-a9d9-31d60c932cf5 HTTP/1.1
upgrade: websocket
connection: upgrade
sec-websocket-key: WzcYGUuES1B2jtYS2W5h8w==
sec-websocket-version: 13
origin: http://localhost:63053
host: localhost:63053
accept: */*
user-agent: AHC/2.1

Response DefaultHttpResponse(decodeResult: success, version: HTTP/1.1)
HTTP/1.1 101 WebSocket Protocol Handshake
Upgrade: WebSocket
Connection: Upgrade
Sec-WebSocket-Accept: V9JIzhYEIl91uWxW6h3TaeIjEaI=

23:34:33.117 [Forwarding setCurrentWindowSize on session 7dce13d58786f20d45ff858f31abccf3 to remote] DEBUG org.asynchttpclient.netty.request.NettyRequestSender - Using pooled Channel '[id: 0xddd64d15, L:/127.0.0.1:63052 - R:localhost/127.0.0.1:62927]' for 'POST' to 'http://localhost:62927/session/7dce13d58786f20d45ff858f31abccf3/window/rect'
23:34:33.117 [Forwarding setCurrentWindowSize on session 7dce13d58786f20d45ff858f31abccf3 to remote] DEBUG org.asynchttpclient.netty.request.NettyRequestSender - Using open Channel [id: 0xddd64d15, L:/127.0.0.1:63052 - R:localhost/127.0.0.1:62927] for POST '/session/7dce13d58786f20d45ff858f31abccf3/window/rect'
23:34:33.252 [AsyncHttpClient-1-3] DEBUG org.asynchttpclient.netty.handler.HttpHandler - 

Request DefaultHttpRequest(decodeResult: success, version: HTTP/1.1)
POST /session/7dce13d58786f20d45ff858f31abccf3/window/rect HTTP/1.1
User-Agent: selenium/4.1.2 (java windows)
Content-Length: 37
Content-Type: application/json; charset=utf-8
host: localhost:62927
accept: */*

Response DefaultHttpResponse(decodeResult: success, version: HTTP/1.1)
HTTP/1.1 200 OK
Content-Type: application/json; charset=utf-8
cache-control: no-cache
content-length: 51

23:34:33.253 [AsyncHttpClient-1-3] DEBUG org.asynchttpclient.netty.channel.ChannelManager - Adding key: http://localhost:62927 for channel [id: 0xddd64d15, L:/127.0.0.1:63052 - R:localhost/127.0.0.1:62927]
23:34:33.260 [Forwarding setWindowPosition on session 7dce13d58786f20d45ff858f31abccf3 to remote] DEBUG org.asynchttpclient.netty.request.NettyRequestSender - Using pooled Channel '[id: 0xddd64d15, L:/127.0.0.1:63052 - R:localhost/127.0.0.1:62927]' for 'POST' to 'http://localhost:62927/session/7dce13d58786f20d45ff858f31abccf3/window/rect'
23:34:33.260 [Forwarding setWindowPosition on session 7dce13d58786f20d45ff858f31abccf3 to remote] DEBUG org.asynchttpclient.netty.request.NettyRequestSender - Using open Channel [id: 0xddd64d15, L:/127.0.0.1:63052 - R:localhost/127.0.0.1:62927] for POST '/session/7dce13d58786f20d45ff858f31abccf3/window/rect'
23:34:33.393 [AsyncHttpClient-1-3] DEBUG org.asynchttpclient.netty.handler.HttpHandler - 

Request DefaultHttpRequest(decodeResult: success, version: HTTP/1.1)
POST /session/7dce13d58786f20d45ff858f31abccf3/window/rect HTTP/1.1
User-Agent: selenium/4.1.2 (java windows)
Content-Length: 22
Content-Type: application/json; charset=utf-8
host: localhost:62927
accept: */*

Response DefaultHttpResponse(decodeResult: success, version: HTTP/1.1)
HTTP/1.1 200 OK
Content-Type: application/json; charset=utf-8
cache-control: no-cache
content-length: 49

23:34:33.394 [AsyncHttpClient-1-3] DEBUG org.asynchttpclient.netty.channel.ChannelManager - Adding key: http://localhost:62927 for channel [id: 0xddd64d15, L:/127.0.0.1:63052 - R:localhost/127.0.0.1:62927]
23:34:33.397 [Forwarding get on session 7dce13d58786f20d45ff858f31abccf3 to remote] DEBUG org.asynchttpclient.netty.request.NettyRequestSender - Using pooled Channel '[id: 0xddd64d15, L:/127.0.0.1:63052 - R:localhost/127.0.0.1:62927]' for 'POST' to 'http://localhost:62927/session/7dce13d58786f20d45ff858f31abccf3/url'
23:34:33.397 [Forwarding get on session 7dce13d58786f20d45ff858f31abccf3 to remote] DEBUG org.asynchttpclient.netty.request.NettyRequestSender - Using open Channel [id: 0xddd64d15, L:/127.0.0.1:63052 - R:localhost/127.0.0.1:62927] for POST '/session/7dce13d58786f20d45ff858f31abccf3/url'
23:34:33.452 [AsyncHttpClient-1-1] DEBUG org.asynchttpclient.netty.channel.DefaultChannelPool - Entry count for : http://localhost:63053 : 1
23:34:34.550 [AsyncHttpClient-1-1] DEBUG org.asynchttpclient.netty.channel.DefaultChannelPool - Entry count for : http://localhost:63053 : 1
23:34:35.648 [AsyncHttpClient-1-1] DEBUG org.asynchttpclient.netty.channel.DefaultChannelPool - Entry count for : http://localhost:63053 : 1
23:34:36.750 [AsyncHttpClient-1-1] DEBUG org.asynchttpclient.netty.channel.DefaultChannelPool - Entry count for : http://localhost:63053 : 1
23:34:36.969 [AsyncHttpClient-1-3] DEBUG org.asynchttpclient.netty.handler.HttpHandler - 

Request DefaultHttpRequest(decodeResult: success, version: HTTP/1.1)
POST /session/7dce13d58786f20d45ff858f31abccf3/url HTTP/1.1
User-Agent: selenium/4.1.2 (java windows)
Content-Length: 49
Content-Type: application/json; charset=utf-8
host: localhost:62927
accept: */*

Response DefaultHttpResponse(decodeResult: success, version: HTTP/1.1)
HTTP/1.1 200 OK
Content-Type: application/json; charset=utf-8
cache-control: no-cache
content-length: 14

23:34:36.969 [AsyncHttpClient-1-3] DEBUG org.asynchttpclient.netty.channel.ChannelManager - Adding key: http://localhost:62927 for channel [id: 0xddd64d15, L:/127.0.0.1:63052 - R:localhost/127.0.0.1:62927]
23:34:36.971 [Forwarding setTimeout on session 7dce13d58786f20d45ff858f31abccf3 to remote] DEBUG org.asynchttpclient.netty.request.NettyRequestSender - Using pooled Channel '[id: 0xddd64d15, L:/127.0.0.1:63052 - R:localhost/127.0.0.1:62927]' for 'POST' to 'http://localhost:62927/session/7dce13d58786f20d45ff858f31abccf3/timeouts'
23:34:36.972 [Forwarding setTimeout on session 7dce13d58786f20d45ff858f31abccf3 to remote] DEBUG org.asynchttpclient.netty.request.NettyRequestSender - Using open Channel [id: 0xddd64d15, L:/127.0.0.1:63052 - R:localhost/127.0.0.1:62927] for POST '/session/7dce13d58786f20d45ff858f31abccf3/timeouts'
23:34:36.975 [AsyncHttpClient-1-3] DEBUG org.asynchttpclient.netty.handler.HttpHandler - 

Request DefaultHttpRequest(decodeResult: success, version: HTTP/1.1)
POST /session/7dce13d58786f20d45ff858f31abccf3/timeouts HTTP/1.1
User-Agent: selenium/4.1.2 (java windows)
Content-Length: 22
Content-Type: application/json; charset=utf-8
host: localhost:62927
accept: */*

Response DefaultHttpResponse(decodeResult: success, version: HTTP/1.1)
HTTP/1.1 200 OK
Content-Type: application/json; charset=utf-8
cache-control: no-cache
content-length: 14

23:34:36.975 [AsyncHttpClient-1-3] DEBUG org.asynchttpclient.netty.channel.ChannelManager - Adding key: http://localhost:62927 for channel [id: 0xddd64d15, L:/127.0.0.1:63052 - R:localhost/127.0.0.1:62927]
23:34:36.981 [Forwarding getCurrentUrl on session 7dce13d58786f20d45ff858f31abccf3 to remote] DEBUG org.asynchttpclient.netty.request.NettyRequestSender - Using pooled Channel '[id: 0xddd64d15, L:/127.0.0.1:63052 - R:localhost/127.0.0.1:62927]' for 'GET' to 'http://localhost:62927/session/7dce13d58786f20d45ff858f31abccf3/url'
23:34:36.981 [Forwarding getCurrentUrl on session 7dce13d58786f20d45ff858f31abccf3 to remote] DEBUG org.asynchttpclient.netty.request.NettyRequestSender - Using open Channel [id: 0xddd64d15, L:/127.0.0.1:63052 - R:localhost/127.0.0.1:62927] for GET '/session/7dce13d58786f20d45ff858f31abccf3/url'
23:34:36.989 [AsyncHttpClient-1-3] DEBUG org.asynchttpclient.netty.handler.HttpHandler - 

Request DefaultFullHttpRequest(decodeResult: success, version: HTTP/1.1, content: EmptyByteBufBE)
GET /session/7dce13d58786f20d45ff858f31abccf3/url HTTP/1.1
User-Agent: selenium/4.1.2 (java windows)
Cache-Control: no-cache
Content-Type: application/json; charset=utf-8
host: localhost:62927
accept: */*

Response DefaultHttpResponse(decodeResult: success, version: HTTP/1.1)
HTTP/1.1 200 OK
Content-Type: application/json; charset=utf-8
cache-control: no-cache
content-length: 31

23:34:36.990 [AsyncHttpClient-1-3] DEBUG org.asynchttpclient.netty.channel.ChannelManager - Adding key: http://localhost:62927 for channel [id: 0xddd64d15, L:/127.0.0.1:63052 - R:localhost/127.0.0.1:62927]
23:34:36.998 [Forwarding getCurrentUrl on session 7dce13d58786f20d45ff858f31abccf3 to remote] DEBUG org.asynchttpclient.netty.request.NettyRequestSender - Using pooled Channel '[id: 0xddd64d15, L:/127.0.0.1:63052 - R:localhost/127.0.0.1:62927]' for 'GET' to 'http://localhost:62927/session/7dce13d58786f20d45ff858f31abccf3/url'
23:34:36.998 [Forwarding getCurrentUrl on session 7dce13d58786f20d45ff858f31abccf3 to remote] DEBUG org.asynchttpclient.netty.request.NettyRequestSender - Using open Channel [id: 0xddd64d15, L:/127.0.0.1:63052 - R:localhost/127.0.0.1:62927] for GET '/session/7dce13d58786f20d45ff858f31abccf3/url'
23:34:37.002 [AsyncHttpClient-1-3] DEBUG org.asynchttpclient.netty.handler.HttpHandler - 

Request DefaultFullHttpRequest(decodeResult: success, version: HTTP/1.1, content: EmptyByteBufBE)
GET /session/7dce13d58786f20d45ff858f31abccf3/url HTTP/1.1
User-Agent: selenium/4.1.2 (java windows)
Cache-Control: no-cache
Content-Type: application/json; charset=utf-8
host: localhost:62927
accept: */*

Response DefaultHttpResponse(decodeResult: success, version: HTTP/1.1)
HTTP/1.1 200 OK
Content-Type: application/json; charset=utf-8
cache-control: no-cache
content-length: 31

23:34:37.002 [AsyncHttpClient-1-3] DEBUG org.asynchttpclient.netty.channel.ChannelManager - Adding key: http://localhost:62927 for channel [id: 0xddd64d15, L:/127.0.0.1:63052 - R:localhost/127.0.0.1:62927]
23:34:37.009 [Forwarding screenshot on session 7dce13d58786f20d45ff858f31abccf3 to remote] DEBUG org.asynchttpclient.netty.request.NettyRequestSender - Using pooled Channel '[id: 0xddd64d15, L:/127.0.0.1:63052 - R:localhost/127.0.0.1:62927]' for 'GET' to 'http://localhost:62927/session/7dce13d58786f20d45ff858f31abccf3/screenshot'
23:34:37.009 [Forwarding screenshot on session 7dce13d58786f20d45ff858f31abccf3 to remote] DEBUG org.asynchttpclient.netty.request.NettyRequestSender - Using open Channel [id: 0xddd64d15, L:/127.0.0.1:63052 - R:localhost/127.0.0.1:62927] for GET '/session/7dce13d58786f20d45ff858f31abccf3/screenshot'
23:34:37.162 [AsyncHttpClient-1-3] DEBUG org.asynchttpclient.netty.handler.HttpHandler - 

Request DefaultFullHttpRequest(decodeResult: success, version: HTTP/1.1, content: EmptyByteBufBE)
GET /session/7dce13d58786f20d45ff858f31abccf3/screenshot HTTP/1.1
User-Agent: selenium/4.1.2 (java windows)
Cache-Control: no-cache
Content-Type: application/json; charset=utf-8
host: localhost:62927
accept: */*

Response DefaultHttpResponse(decodeResult: success, version: HTTP/1.1)
HTTP/1.1 200 OK
Content-Type: application/json; charset=utf-8
cache-control: no-cache
content-length: 82764

23:34:37.163 [AsyncHttpClient-1-3] DEBUG org.asynchttpclient.netty.channel.ChannelManager - Adding key: http://localhost:62927 for channel [id: 0xddd64d15, L:/127.0.0.1:63052 - R:localhost/127.0.0.1:62927]
23:34:37.168 [main] DEBUG net.serenitybdd.core.photography.Darkroom - Send negative for processing for target\site\serenity\5645f7ccc64863b1b17a01a688e66547948f2716c193c298fa2722d42ca08574.png
23:34:37.168 [main] DEBUG net.thucydides.core.steps.StepInterceptor - STEP DONE: openPage
23:34:37.176 [main] DEBUG net.thucydides.core.steps.StepInterceptor - STARTING STEP: LoginSteps.onLoginPage - clickLoginIcon
23:34:37.180 [Forwarding findElement on session 7dce13d58786f20d45ff858f31abccf3 to remote] DEBUG org.asynchttpclient.netty.request.NettyRequestSender - Using pooled Channel '[id: 0xddd64d15, L:/127.0.0.1:63052 - R:localhost/127.0.0.1:62927]' for 'POST' to 'http://localhost:62927/session/7dce13d58786f20d45ff858f31abccf3/element'
23:34:37.180 [Forwarding findElement on session 7dce13d58786f20d45ff858f31abccf3 to remote] DEBUG org.asynchttpclient.netty.request.NettyRequestSender - Using open Channel [id: 0xddd64d15, L:/127.0.0.1:63052 - R:localhost/127.0.0.1:62927] for POST '/session/7dce13d58786f20d45ff858f31abccf3/element'
23:34:37.197 [AsyncHttpClient-1-3] DEBUG org.asynchttpclient.netty.handler.HttpHandler - 

Request DefaultHttpRequest(decodeResult: success, version: HTTP/1.1)
POST /session/7dce13d58786f20d45ff858f31abccf3/element HTTP/1.1
User-Agent: selenium/4.1.2 (java windows)
Content-Length: 129
Content-Type: application/json; charset=utf-8
host: localhost:62927
accept: */*

Response DefaultHttpResponse(decodeResult: success, version: HTTP/1.1)
HTTP/1.1 200 OK
Content-Type: application/json; charset=utf-8
cache-control: no-cache
content-length: 88

23:34:37.197 [AsyncHttpClient-1-3] DEBUG org.asynchttpclient.netty.channel.ChannelManager - Adding key: http://localhost:62927 for channel [id: 0xddd64d15, L:/127.0.0.1:63052 - R:localhost/127.0.0.1:62927]
23:34:37.199 [Forwarding getElementTagName on session 7dce13d58786f20d45ff858f31abccf3 to remote] DEBUG org.asynchttpclient.netty.request.NettyRequestSender - Using pooled Channel '[id: 0xddd64d15, L:/127.0.0.1:63052 - R:localhost/127.0.0.1:62927]' for 'GET' to 'http://localhost:62927/session/7dce13d58786f20d45ff858f31abccf3/element/b6d413aa-f1db-42cc-b12e-3bf95f4c66c5/name'
23:34:37.199 [Forwarding getElementTagName on session 7dce13d58786f20d45ff858f31abccf3 to remote] DEBUG org.asynchttpclient.netty.request.NettyRequestSender - Using open Channel [id: 0xddd64d15, L:/127.0.0.1:63052 - R:localhost/127.0.0.1:62927] for GET '/session/7dce13d58786f20d45ff858f31abccf3/element/b6d413aa-f1db-42cc-b12e-3bf95f4c66c5/name'
23:34:37.205 [AsyncHttpClient-1-3] DEBUG org.asynchttpclient.netty.handler.HttpHandler - 

Request DefaultFullHttpRequest(decodeResult: success, version: HTTP/1.1, content: EmptyByteBufBE)
GET /session/7dce13d58786f20d45ff858f31abccf3/element/b6d413aa-f1db-42cc-b12e-3bf95f4c66c5/name HTTP/1.1
User-Agent: selenium/4.1.2 (java windows)
Cache-Control: no-cache
Content-Type: application/json; charset=utf-8
host: localhost:62927
accept: */*

Response DefaultHttpResponse(decodeResult: success, version: HTTP/1.1)
HTTP/1.1 200 OK
Content-Type: application/json; charset=utf-8
cache-control: no-cache
content-length: 18

23:34:37.205 [AsyncHttpClient-1-3] DEBUG org.asynchttpclient.netty.channel.ChannelManager - Adding key: http://localhost:62927 for channel [id: 0xddd64d15, L:/127.0.0.1:63052 - R:localhost/127.0.0.1:62927]
23:34:37.206 [Forwarding getElementTagName on session 7dce13d58786f20d45ff858f31abccf3 to remote] DEBUG org.asynchttpclient.netty.request.NettyRequestSender - Using pooled Channel '[id: 0xddd64d15, L:/127.0.0.1:63052 - R:localhost/127.0.0.1:62927]' for 'GET' to 'http://localhost:62927/session/7dce13d58786f20d45ff858f31abccf3/element/b6d413aa-f1db-42cc-b12e-3bf95f4c66c5/name'
23:34:37.207 [Forwarding getElementTagName on session 7dce13d58786f20d45ff858f31abccf3 to remote] DEBUG org.asynchttpclient.netty.request.NettyRequestSender - Using open Channel [id: 0xddd64d15, L:/127.0.0.1:63052 - R:localhost/127.0.0.1:62927] for GET '/session/7dce13d58786f20d45ff858f31abccf3/element/b6d413aa-f1db-42cc-b12e-3bf95f4c66c5/name'
23:34:37.211 [AsyncHttpClient-1-3] DEBUG org.asynchttpclient.netty.handler.HttpHandler - 

Request DefaultFullHttpRequest(decodeResult: success, version: HTTP/1.1, content: EmptyByteBufBE)
GET /session/7dce13d58786f20d45ff858f31abccf3/element/b6d413aa-f1db-42cc-b12e-3bf95f4c66c5/name HTTP/1.1
User-Agent: selenium/4.1.2 (java windows)
Cache-Control: no-cache
Content-Type: application/json; charset=utf-8
host: localhost:62927
accept: */*

Response DefaultHttpResponse(decodeResult: success, version: HTTP/1.1)
HTTP/1.1 200 OK
Content-Type: application/json; charset=utf-8
cache-control: no-cache
content-length: 18

23:34:37.211 [AsyncHttpClient-1-3] DEBUG org.asynchttpclient.netty.channel.ChannelManager - Adding key: http://localhost:62927 for channel [id: 0xddd64d15, L:/127.0.0.1:63052 - R:localhost/127.0.0.1:62927]
23:34:37.213 [Forwarding isElementEnabled on session 7dce13d58786f20d45ff858f31abccf3 to remote] DEBUG org.asynchttpclient.netty.request.NettyRequestSender - Using pooled Channel '[id: 0xddd64d15, L:/127.0.0.1:63052 - R:localhost/127.0.0.1:62927]' for 'GET' to 'http://localhost:62927/session/7dce13d58786f20d45ff858f31abccf3/element/b6d413aa-f1db-42cc-b12e-3bf95f4c66c5/enabled'
23:34:37.213 [Forwarding isElementEnabled on session 7dce13d58786f20d45ff858f31abccf3 to remote] DEBUG org.asynchttpclient.netty.request.NettyRequestSender - Using open Channel [id: 0xddd64d15, L:/127.0.0.1:63052 - R:localhost/127.0.0.1:62927] for GET '/session/7dce13d58786f20d45ff858f31abccf3/element/b6d413aa-f1db-42cc-b12e-3bf95f4c66c5/enabled'
23:34:37.223 [AsyncHttpClient-1-3] DEBUG org.asynchttpclient.netty.handler.HttpHandler - 

Request DefaultFullHttpRequest(decodeResult: success, version: HTTP/1.1, content: EmptyByteBufBE)
GET /session/7dce13d58786f20d45ff858f31abccf3/element/b6d413aa-f1db-42cc-b12e-3bf95f4c66c5/enabled HTTP/1.1
User-Agent: selenium/4.1.2 (java windows)
Cache-Control: no-cache
Content-Type: application/json; charset=utf-8
host: localhost:62927
accept: */*

Response DefaultHttpResponse(decodeResult: success, version: HTTP/1.1)
HTTP/1.1 200 OK
Content-Type: application/json; charset=utf-8
cache-control: no-cache
content-length: 14

23:34:37.223 [AsyncHttpClient-1-3] DEBUG org.asynchttpclient.netty.channel.ChannelManager - Adding key: http://localhost:62927 for channel [id: 0xddd64d15, L:/127.0.0.1:63052 - R:localhost/127.0.0.1:62927]
23:34:37.225 [Forwarding isElementEnabled on session 7dce13d58786f20d45ff858f31abccf3 to remote] DEBUG org.asynchttpclient.netty.request.NettyRequestSender - Using pooled Channel '[id: 0xddd64d15, L:/127.0.0.1:63052 - R:localhost/127.0.0.1:62927]' for 'GET' to 'http://localhost:62927/session/7dce13d58786f20d45ff858f31abccf3/element/b6d413aa-f1db-42cc-b12e-3bf95f4c66c5/enabled'
23:34:37.225 [Forwarding isElementEnabled on session 7dce13d58786f20d45ff858f31abccf3 to remote] DEBUG org.asynchttpclient.netty.request.NettyRequestSender - Using open Channel [id: 0xddd64d15, L:/127.0.0.1:63052 - R:localhost/127.0.0.1:62927] for GET '/session/7dce13d58786f20d45ff858f31abccf3/element/b6d413aa-f1db-42cc-b12e-3bf95f4c66c5/enabled'
23:34:37.233 [AsyncHttpClient-1-3] DEBUG org.asynchttpclient.netty.handler.HttpHandler - 

Request DefaultFullHttpRequest(decodeResult: success, version: HTTP/1.1, content: EmptyByteBufBE)
GET /session/7dce13d58786f20d45ff858f31abccf3/element/b6d413aa-f1db-42cc-b12e-3bf95f4c66c5/enabled HTTP/1.1
User-Agent: selenium/4.1.2 (java windows)
Cache-Control: no-cache
Content-Type: application/json; charset=utf-8
host: localhost:62927
accept: */*

Response DefaultHttpResponse(decodeResult: success, version: HTTP/1.1)
HTTP/1.1 200 OK
Content-Type: application/json; charset=utf-8
cache-control: no-cache
content-length: 14

23:34:37.233 [AsyncHttpClient-1-3] DEBUG org.asynchttpclient.netty.channel.ChannelManager - Adding key: http://localhost:62927 for channel [id: 0xddd64d15, L:/127.0.0.1:63052 - R:localhost/127.0.0.1:62927]
23:34:37.236 [Forwarding findElement on session 7dce13d58786f20d45ff858f31abccf3 to remote] DEBUG org.asynchttpclient.netty.request.NettyRequestSender - Using pooled Channel '[id: 0xddd64d15, L:/127.0.0.1:63052 - R:localhost/127.0.0.1:62927]' for 'POST' to 'http://localhost:62927/session/7dce13d58786f20d45ff858f31abccf3/element'
23:34:37.237 [Forwarding findElement on session 7dce13d58786f20d45ff858f31abccf3 to remote] DEBUG org.asynchttpclient.netty.request.NettyRequestSender - Using open Channel [id: 0xddd64d15, L:/127.0.0.1:63052 - R:localhost/127.0.0.1:62927] for POST '/session/7dce13d58786f20d45ff858f31abccf3/element'
23:34:37.247 [AsyncHttpClient-1-3] DEBUG org.asynchttpclient.netty.handler.HttpHandler - 

Request DefaultHttpRequest(decodeResult: success, version: HTTP/1.1)
POST /session/7dce13d58786f20d45ff858f31abccf3/element HTTP/1.1
User-Agent: selenium/4.1.2 (java windows)
Content-Length: 129
Content-Type: application/json; charset=utf-8
host: localhost:62927
accept: */*

Response DefaultHttpResponse(decodeResult: success, version: HTTP/1.1)
HTTP/1.1 200 OK
Content-Type: application/json; charset=utf-8
cache-control: no-cache
content-length: 88

23:34:37.248 [AsyncHttpClient-1-3] DEBUG org.asynchttpclient.netty.channel.ChannelManager - Adding key: http://localhost:62927 for channel [id: 0xddd64d15, L:/127.0.0.1:63052 - R:localhost/127.0.0.1:62927]
23:34:37.250 [Forwarding clickElement on session 7dce13d58786f20d45ff858f31abccf3 to remote] DEBUG org.asynchttpclient.netty.request.NettyRequestSender - Using pooled Channel '[id: 0xddd64d15, L:/127.0.0.1:63052 - R:localhost/127.0.0.1:62927]' for 'POST' to 'http://localhost:62927/session/7dce13d58786f20d45ff858f31abccf3/element/b6d413aa-f1db-42cc-b12e-3bf95f4c66c5/click'
23:34:37.250 [Forwarding clickElement on session 7dce13d58786f20d45ff858f31abccf3 to remote] DEBUG org.asynchttpclient.netty.request.NettyRequestSender - Using open Channel [id: 0xddd64d15, L:/127.0.0.1:63052 - R:localhost/127.0.0.1:62927] for POST '/session/7dce13d58786f20d45ff858f31abccf3/element/b6d413aa-f1db-42cc-b12e-3bf95f4c66c5/click'
23:34:37.294 [AsyncHttpClient-1-3] DEBUG org.asynchttpclient.netty.handler.HttpHandler - 

Request DefaultHttpRequest(decodeResult: success, version: HTTP/1.1)
POST /session/7dce13d58786f20d45ff858f31abccf3/element/b6d413aa-f1db-42cc-b12e-3bf95f4c66c5/click HTTP/1.1
User-Agent: selenium/4.1.2 (java windows)
Content-Length: 50
Content-Type: application/json; charset=utf-8
host: localhost:62927
accept: */*

Response DefaultHttpResponse(decodeResult: success, version: HTTP/1.1)
HTTP/1.1 200 OK
Content-Type: application/json; charset=utf-8
cache-control: no-cache
content-length: 14

23:34:37.295 [AsyncHttpClient-1-3] DEBUG org.asynchttpclient.netty.channel.ChannelManager - Adding key: http://localhost:62927 for channel [id: 0xddd64d15, L:/127.0.0.1:63052 - R:localhost/127.0.0.1:62927]
23:34:37.307 [Forwarding screenshot on session 7dce13d58786f20d45ff858f31abccf3 to remote] DEBUG org.asynchttpclient.netty.request.NettyRequestSender - Using pooled Channel '[id: 0xddd64d15, L:/127.0.0.1:63052 - R:localhost/127.0.0.1:62927]' for 'GET' to 'http://localhost:62927/session/7dce13d58786f20d45ff858f31abccf3/screenshot'
23:34:37.307 [Forwarding screenshot on session 7dce13d58786f20d45ff858f31abccf3 to remote] DEBUG org.asynchttpclient.netty.request.NettyRequestSender - Using open Channel [id: 0xddd64d15, L:/127.0.0.1:63052 - R:localhost/127.0.0.1:62927] for GET '/session/7dce13d58786f20d45ff858f31abccf3/screenshot'
23:34:37.534 [AsyncHttpClient-1-3] DEBUG org.asynchttpclient.netty.handler.HttpHandler - 

Request DefaultFullHttpRequest(decodeResult: success, version: HTTP/1.1, content: EmptyByteBufBE)
GET /session/7dce13d58786f20d45ff858f31abccf3/screenshot HTTP/1.1
User-Agent: selenium/4.1.2 (java windows)
Cache-Control: no-cache
Content-Type: application/json; charset=utf-8
host: localhost:62927
accept: */*

Response DefaultHttpResponse(decodeResult: success, version: HTTP/1.1)
HTTP/1.1 200 OK
Content-Type: application/json; charset=utf-8
cache-control: no-cache
content-length: 26760

23:34:37.534 [AsyncHttpClient-1-3] DEBUG org.asynchttpclient.netty.channel.ChannelManager - Adding key: http://localhost:62927 for channel [id: 0xddd64d15, L:/127.0.0.1:63052 - R:localhost/127.0.0.1:62927]
23:34:37.536 [main] DEBUG net.serenitybdd.core.photography.Darkroom - Send negative for processing for target\site\serenity\df5438a71e1aeb6937cb2106749126add27d79e5dc7eccc8c8d80768eb526bcc.png
23:34:37.537 [main] DEBUG net.thucydides.core.steps.StepInterceptor - STEP DONE: clickLoginIcon
23:34:37.537 [Darkroom Processing Line] DEBUG net.serenitybdd.core.photography.DarkroomProcessingLine - Processing screenshot image in /var/screenshots/screenshot-3150607271869808236
  &amp#27;[32mGiven &amp#27;[0m&amp#27;[32mi am on the login page&amp#27;[0m                               &amp#27;[90m# starter.stepdefenitions.LoginSteps.onLoginPage()&amp#27;[0m
23:34:37.537 [Darkroom Processing Line] DEBUG net.serenitybdd.core.photography.DarkroomProcessingLine - Saving screenshot to target\site\serenity\df5438a71e1aeb6937cb2106749126add27d79e5dc7eccc8c8d80768eb526bcc.png
23:34:37.573 [main] DEBUG net.thucydides.core.steps.StepInterceptor - STARTING STEP: LoginSteps.notInputUsernamePassword - inputPassword
23:34:37.577 [Forwarding findElement on session 7dce13d58786f20d45ff858f31abccf3 to remote] DEBUG org.asynchttpclient.netty.request.NettyRequestSender - Using pooled Channel '[id: 0xddd64d15, L:/127.0.0.1:63052 - R:localhost/127.0.0.1:62927]' for 'POST' to 'http://localhost:62927/session/7dce13d58786f20d45ff858f31abccf3/element'
23:34:37.577 [Forwarding findElement on session 7dce13d58786f20d45ff858f31abccf3 to remote] DEBUG org.asynchttpclient.netty.request.NettyRequestSender - Using open Channel [id: 0xddd64d15, L:/127.0.0.1:63052 - R:localhost/127.0.0.1:62927] for POST '/session/7dce13d58786f20d45ff858f31abccf3/element'
23:34:37.593 [AsyncHttpClient-1-3] DEBUG org.asynchttpclient.netty.handler.HttpHandler - 

Request DefaultHttpRequest(decodeResult: success, version: HTTP/1.1)
POST /session/7dce13d58786f20d45ff858f31abccf3/element HTTP/1.1
User-Agent: selenium/4.1.2 (java windows)
Content-Length: 113
Content-Type: application/json; charset=utf-8
host: localhost:62927
accept: */*

Response DefaultHttpResponse(decodeResult: success, version: HTTP/1.1)
HTTP/1.1 200 OK
Content-Type: application/json; charset=utf-8
cache-control: no-cache
content-length: 88

23:34:37.593 [AsyncHttpClient-1-3] DEBUG org.asynchttpclient.netty.channel.ChannelManager - Adding key: http://localhost:62927 for channel [id: 0xddd64d15, L:/127.0.0.1:63052 - R:localhost/127.0.0.1:62927]
23:34:37.602 [Forwarding clearElement on session 7dce13d58786f20d45ff858f31abccf3 to remote] DEBUG org.asynchttpclient.netty.request.NettyRequestSender - Using pooled Channel '[id: 0xddd64d15, L:/127.0.0.1:63052 - R:localhost/127.0.0.1:62927]' for 'POST' to 'http://localhost:62927/session/7dce13d58786f20d45ff858f31abccf3/element/edf3ad19-c6b1-4409-b6be-2b82a39f2ef0/clear'
23:34:37.602 [Forwarding clearElement on session 7dce13d58786f20d45ff858f31abccf3 to remote] DEBUG org.asynchttpclient.netty.request.NettyRequestSender - Using open Channel [id: 0xddd64d15, L:/127.0.0.1:63052 - R:localhost/127.0.0.1:62927] for POST '/session/7dce13d58786f20d45ff858f31abccf3/element/edf3ad19-c6b1-4409-b6be-2b82a39f2ef0/clear'
23:34:37.656 [AsyncHttpClient-1-3] DEBUG org.asynchttpclient.netty.handler.HttpHandler - 

Request DefaultHttpRequest(decodeResult: success, version: HTTP/1.1)
POST /session/7dce13d58786f20d45ff858f31abccf3/element/edf3ad19-c6b1-4409-b6be-2b82a39f2ef0/clear HTTP/1.1
User-Agent: selenium/4.1.2 (java windows)
Content-Length: 50
Content-Type: application/json; charset=utf-8
host: localhost:62927
accept: */*

Response DefaultHttpResponse(decodeResult: success, version: HTTP/1.1)
HTTP/1.1 200 OK
Content-Type: application/json; charset=utf-8
cache-control: no-cache
content-length: 14

23:34:37.656 [AsyncHttpClient-1-3] DEBUG org.asynchttpclient.netty.channel.ChannelManager - Adding key: http://localhost:62927 for channel [id: 0xddd64d15, L:/127.0.0.1:63052 - R:localhost/127.0.0.1:62927]
23:34:37.660 [Forwarding sendKeysToElement on session 7dce13d58786f20d45ff858f31abccf3 to remote] DEBUG org.asynchttpclient.netty.request.NettyRequestSender - Using pooled Channel '[id: 0xddd64d15, L:/127.0.0.1:63052 - R:localhost/127.0.0.1:62927]' for 'POST' to 'http://localhost:62927/session/7dce13d58786f20d45ff858f31abccf3/element/edf3ad19-c6b1-4409-b6be-2b82a39f2ef0/value'
23:34:37.660 [Forwarding sendKeysToElement on session 7dce13d58786f20d45ff858f31abccf3 to remote] DEBUG org.asynchttpclient.netty.request.NettyRequestSender - Using open Channel [id: 0xddd64d15, L:/127.0.0.1:63052 - R:localhost/127.0.0.1:62927] for POST '/session/7dce13d58786f20d45ff858f31abccf3/element/edf3ad19-c6b1-4409-b6be-2b82a39f2ef0/value'
23:34:37.754 [AsyncHttpClient-1-3] DEBUG org.asynchttpclient.netty.handler.HttpHandler - 

Request DefaultHttpRequest(decodeResult: success, version: HTTP/1.1)
POST /session/7dce13d58786f20d45ff858f31abccf3/element/edf3ad19-c6b1-4409-b6be-2b82a39f2ef0/value HTTP/1.1
User-Agent: selenium/4.1.2 (java windows)
Content-Length: 82
Content-Type: application/json; charset=utf-8
host: localhost:62927
accept: */*

Response DefaultHttpResponse(decodeResult: success, version: HTTP/1.1)
HTTP/1.1 200 OK
Content-Type: application/json; charset=utf-8
cache-control: no-cache
content-length: 14

23:34:37.755 [AsyncHttpClient-1-3] DEBUG org.asynchttpclient.netty.channel.ChannelManager - Adding key: http://localhost:62927 for channel [id: 0xddd64d15, L:/127.0.0.1:63052 - R:localhost/127.0.0.1:62927]
23:34:37.770 [Forwarding screenshot on session 7dce13d58786f20d45ff858f31abccf3 to remote] DEBUG org.asynchttpclient.netty.request.NettyRequestSender - Using pooled Channel '[id: 0xddd64d15, L:/127.0.0.1:63052 - R:localhost/127.0.0.1:62927]' for 'GET' to 'http://localhost:62927/session/7dce13d58786f20d45ff858f31abccf3/screenshot'
23:34:37.770 [Forwarding screenshot on session 7dce13d58786f20d45ff858f31abccf3 to remote] DEBUG org.asynchttpclient.netty.request.NettyRequestSender - Using open Channel [id: 0xddd64d15, L:/127.0.0.1:63052 - R:localhost/127.0.0.1:62927] for GET '/session/7dce13d58786f20d45ff858f31abccf3/screenshot'
23:34:37.841 [AsyncHttpClient-1-1] DEBUG org.asynchttpclient.netty.channel.DefaultChannelPool - Entry count for : http://localhost:63053 : 1
23:34:37.926 [AsyncHttpClient-1-3] DEBUG org.asynchttpclient.netty.handler.HttpHandler - 

Request DefaultFullHttpRequest(decodeResult: success, version: HTTP/1.1, content: EmptyByteBufBE)
GET /session/7dce13d58786f20d45ff858f31abccf3/screenshot HTTP/1.1
User-Agent: selenium/4.1.2 (java windows)
Cache-Control: no-cache
Content-Type: application/json; charset=utf-8
host: localhost:62927
accept: */*

Response DefaultHttpResponse(decodeResult: success, version: HTTP/1.1)
HTTP/1.1 200 OK
Content-Type: application/json; charset=utf-8
cache-control: no-cache
content-length: 26444

23:34:37.926 [AsyncHttpClient-1-3] DEBUG org.asynchttpclient.netty.channel.ChannelManager - Adding key: http://localhost:62927 for channel [id: 0xddd64d15, L:/127.0.0.1:63052 - R:localhost/127.0.0.1:62927]
23:34:37.928 [main] DEBUG net.serenitybdd.core.photography.Darkroom - Send negative for processing for target\site\serenity\8e3cf71c27837376337217c9d872cb77dde1565ad5ab2c5bd2b3063a635c8bf4.png
23:34:37.929 [main] DEBUG net.thucydides.core.steps.StepInterceptor - STEP DONE: inputPassword
23:34:37.929 [Darkroom Processing Line] DEBUG net.serenitybdd.core.photography.DarkroomProcessingLine - Processing screenshot image in /var/screenshots/screenshot-6054838253902586235
23:34:37.929 [Darkroom Processing Line] DEBUG net.serenitybdd.core.photography.DarkroomProcessingLine - Saving screenshot to target\site\serenity\8e3cf71c27837376337217c9d872cb77dde1565ad5ab2c5bd2b3063a635c8bf4.png
23:34:37.939 [main] DEBUG net.thucydides.core.steps.StepInterceptor - STARTING STEP: LoginSteps.notInputUsernamePassword - inputEmail
23:34:37.941 [Forwarding findElement on session 7dce13d58786f20d45ff858f31abccf3 to remote] DEBUG org.asynchttpclient.netty.request.NettyRequestSender - Using pooled Channel '[id: 0xddd64d15, L:/127.0.0.1:63052 - R:localhost/127.0.0.1:62927]' for 'POST' to 'http://localhost:62927/session/7dce13d58786f20d45ff858f31abccf3/element'
23:34:37.942 [Forwarding findElement on session 7dce13d58786f20d45ff858f31abccf3 to remote] DEBUG org.asynchttpclient.netty.request.NettyRequestSender - Using open Channel [id: 0xddd64d15, L:/127.0.0.1:63052 - R:localhost/127.0.0.1:62927] for POST '/session/7dce13d58786f20d45ff858f31abccf3/element'
23:34:37.957 [AsyncHttpClient-1-3] DEBUG org.asynchttpclient.netty.handler.HttpHandler - 

Request DefaultHttpRequest(decodeResult: success, version: HTTP/1.1)
POST /session/7dce13d58786f20d45ff858f31abccf3/element HTTP/1.1
User-Agent: selenium/4.1.2 (java windows)
Content-Length: 110
Content-Type: application/json; charset=utf-8
host: localhost:62927
accept: */*

Response DefaultHttpResponse(decodeResult: success, version: HTTP/1.1)
HTTP/1.1 200 OK
Content-Type: application/json; charset=utf-8
cache-control: no-cache
content-length: 88

23:34:37.958 [AsyncHttpClient-1-3] DEBUG org.asynchttpclient.netty.channel.ChannelManager - Adding key: http://localhost:62927 for channel [id: 0xddd64d15, L:/127.0.0.1:63052 - R:localhost/127.0.0.1:62927]
23:34:37.960 [Forwarding clearElement on session 7dce13d58786f20d45ff858f31abccf3 to remote] DEBUG org.asynchttpclient.netty.request.NettyRequestSender - Using pooled Channel '[id: 0xddd64d15, L:/127.0.0.1:63052 - R:localhost/127.0.0.1:62927]' for 'POST' to 'http://localhost:62927/session/7dce13d58786f20d45ff858f31abccf3/element/aedd1671-f4a6-42ab-a9fb-17447fdfe2d6/clear'
23:34:37.960 [Forwarding clearElement on session 7dce13d58786f20d45ff858f31abccf3 to remote] DEBUG org.asynchttpclient.netty.request.NettyRequestSender - Using open Channel [id: 0xddd64d15, L:/127.0.0.1:63052 - R:localhost/127.0.0.1:62927] for POST '/session/7dce13d58786f20d45ff858f31abccf3/element/aedd1671-f4a6-42ab-a9fb-17447fdfe2d6/clear'
23:34:38.005 [AsyncHttpClient-1-3] DEBUG org.asynchttpclient.netty.handler.HttpHandler - 

Request DefaultHttpRequest(decodeResult: success, version: HTTP/1.1)
POST /session/7dce13d58786f20d45ff858f31abccf3/element/aedd1671-f4a6-42ab-a9fb-17447fdfe2d6/clear HTTP/1.1
User-Agent: selenium/4.1.2 (java windows)
Content-Length: 50
Content-Type: application/json; charset=utf-8
host: localhost:62927
accept: */*

Response DefaultHttpResponse(decodeResult: success, version: HTTP/1.1)
HTTP/1.1 200 OK
Content-Type: application/json; charset=utf-8
cache-control: no-cache
content-length: 14

23:34:38.005 [AsyncHttpClient-1-3] DEBUG org.asynchttpclient.netty.channel.ChannelManager - Adding key: http://localhost:62927 for channel [id: 0xddd64d15, L:/127.0.0.1:63052 - R:localhost/127.0.0.1:62927]
23:34:38.008 [Forwarding sendKeysToElement on session 7dce13d58786f20d45ff858f31abccf3 to remote] DEBUG org.asynchttpclient.netty.request.NettyRequestSender - Using pooled Channel '[id: 0xddd64d15, L:/127.0.0.1:63052 - R:localhost/127.0.0.1:62927]' for 'POST' to 'http://localhost:62927/session/7dce13d58786f20d45ff858f31abccf3/element/aedd1671-f4a6-42ab-a9fb-17447fdfe2d6/value'
23:34:38.008 [Forwarding sendKeysToElement on session 7dce13d58786f20d45ff858f31abccf3 to remote] DEBUG org.asynchttpclient.netty.request.NettyRequestSender - Using open Channel [id: 0xddd64d15, L:/127.0.0.1:63052 - R:localhost/127.0.0.1:62927] for POST '/session/7dce13d58786f20d45ff858f31abccf3/element/aedd1671-f4a6-42ab-a9fb-17447fdfe2d6/value'
23:34:38.072 [AsyncHttpClient-1-3] DEBUG org.asynchttpclient.netty.handler.HttpHandler - 

Request DefaultHttpRequest(decodeResult: success, version: HTTP/1.1)
POST /session/7dce13d58786f20d45ff858f31abccf3/element/aedd1671-f4a6-42ab-a9fb-17447fdfe2d6/value HTTP/1.1
User-Agent: selenium/4.1.2 (java windows)
Content-Length: 82
Content-Type: application/json; charset=utf-8
host: localhost:62927
accept: */*

Response DefaultHttpResponse(decodeResult: success, version: HTTP/1.1)
HTTP/1.1 200 OK
Content-Type: application/json; charset=utf-8
cache-control: no-cache
content-length: 14

23:34:38.072 [AsyncHttpClient-1-3] DEBUG org.asynchttpclient.netty.channel.ChannelManager - Adding key: http://localhost:62927 for channel [id: 0xddd64d15, L:/127.0.0.1:63052 - R:localhost/127.0.0.1:62927]
23:34:38.088 [Forwarding screenshot on session 7dce13d58786f20d45ff858f31abccf3 to remote] DEBUG org.asynchttpclient.netty.request.NettyRequestSender - Using pooled Channel '[id: 0xddd64d15, L:/127.0.0.1:63052 - R:localhost/127.0.0.1:62927]' for 'GET' to 'http://localhost:62927/session/7dce13d58786f20d45ff858f31abccf3/screenshot'
23:34:38.089 [Forwarding screenshot on session 7dce13d58786f20d45ff858f31abccf3 to remote] DEBUG org.asynchttpclient.netty.request.NettyRequestSender - Using open Channel [id: 0xddd64d15, L:/127.0.0.1:63052 - R:localhost/127.0.0.1:62927] for GET '/session/7dce13d58786f20d45ff858f31abccf3/screenshot'
23:34:38.249 [AsyncHttpClient-1-3] DEBUG org.asynchttpclient.netty.handler.HttpHandler - 

Request DefaultFullHttpRequest(decodeResult: success, version: HTTP/1.1, content: EmptyByteBufBE)
GET /session/7dce13d58786f20d45ff858f31abccf3/screenshot HTTP/1.1
User-Agent: selenium/4.1.2 (java windows)
Cache-Control: no-cache
Content-Type: application/json; charset=utf-8
host: localhost:62927
accept: */*

Response DefaultHttpResponse(decodeResult: success, version: HTTP/1.1)
HTTP/1.1 200 OK
Content-Type: application/json; charset=utf-8
cache-control: no-cache
content-length: 26920

23:34:38.249 [AsyncHttpClient-1-3] DEBUG org.asynchttpclient.netty.channel.ChannelManager - Adding key: http://localhost:62927 for channel [id: 0xddd64d15, L:/127.0.0.1:63052 - R:localhost/127.0.0.1:62927]
23:34:38.253 [main] DEBUG net.serenitybdd.core.photography.Darkroom - Send negative for processing for target\site\serenity\c3dfea425aa7688ee3bc1d4efc4dd6b7422e8260a699a186eb6a35641cb559b1.png
23:34:38.254 [main] DEBUG net.thucydides.core.steps.StepInterceptor - STEP DONE: inputEmail
  &amp#27;[32mWhen &amp#27;[0m&amp#27;[32mi not input username and password&amp#27;[0m                     &amp#27;[90m# starter.stepdefenitions.LoginSteps.notInputUsernamePassword()&amp#27;[0m
23:34:38.254 [Darkroom Processing Line] DEBUG net.serenitybdd.core.photography.DarkroomProcessingLine - Processing screenshot image in /var/screenshots/screenshot-7590957036563692311
23:34:38.254 [Darkroom Processing Line] DEBUG net.serenitybdd.core.photography.DarkroomProcessingLine - Saving screenshot to target\site\serenity\c3dfea425aa7688ee3bc1d4efc4dd6b7422e8260a699a186eb6a35641cb559b1.png
23:34:38.272 [main] DEBUG net.thucydides.core.steps.StepInterceptor - STARTING STEP: LoginSteps.clickLoginButton - clickLoginButton
23:34:38.277 [Forwarding findElement on session 7dce13d58786f20d45ff858f31abccf3 to remote] DEBUG org.asynchttpclient.netty.request.NettyRequestSender - Using pooled Channel '[id: 0xddd64d15, L:/127.0.0.1:63052 - R:localhost/127.0.0.1:62927]' for 'POST' to 'http://localhost:62927/session/7dce13d58786f20d45ff858f31abccf3/element'
23:34:38.277 [Forwarding findElement on session 7dce13d58786f20d45ff858f31abccf3 to remote] DEBUG org.asynchttpclient.netty.request.NettyRequestSender - Using open Channel [id: 0xddd64d15, L:/127.0.0.1:63052 - R:localhost/127.0.0.1:62927] for POST '/session/7dce13d58786f20d45ff858f31abccf3/element'
23:34:38.295 [AsyncHttpClient-1-3] DEBUG org.asynchttpclient.netty.handler.HttpHandler - 

Request DefaultHttpRequest(decodeResult: success, version: HTTP/1.1)
POST /session/7dce13d58786f20d45ff858f31abccf3/element HTTP/1.1
User-Agent: selenium/4.1.2 (java windows)
Content-Length: 83
Content-Type: application/json; charset=utf-8
host: localhost:62927
accept: */*

Response DefaultHttpResponse(decodeResult: success, version: HTTP/1.1)
HTTP/1.1 200 OK
Content-Type: application/json; charset=utf-8
cache-control: no-cache
content-length: 88

23:34:38.296 [AsyncHttpClient-1-3] DEBUG org.asynchttpclient.netty.channel.ChannelManager - Adding key: http://localhost:62927 for channel [id: 0xddd64d15, L:/127.0.0.1:63052 - R:localhost/127.0.0.1:62927]
23:34:38.298 [Forwarding getElementTagName on session 7dce13d58786f20d45ff858f31abccf3 to remote] DEBUG org.asynchttpclient.netty.request.NettyRequestSender - Using pooled Channel '[id: 0xddd64d15, L:/127.0.0.1:63052 - R:localhost/127.0.0.1:62927]' for 'GET' to 'http://localhost:62927/session/7dce13d58786f20d45ff858f31abccf3/element/79cc323e-16c6-4a64-95a3-db5072ff9c9c/name'
23:34:38.298 [Forwarding getElementTagName on session 7dce13d58786f20d45ff858f31abccf3 to remote] DEBUG org.asynchttpclient.netty.request.NettyRequestSender - Using open Channel [id: 0xddd64d15, L:/127.0.0.1:63052 - R:localhost/127.0.0.1:62927] for GET '/session/7dce13d58786f20d45ff858f31abccf3/element/79cc323e-16c6-4a64-95a3-db5072ff9c9c/name'
23:34:38.306 [AsyncHttpClient-1-3] DEBUG org.asynchttpclient.netty.handler.HttpHandler - 

Request DefaultFullHttpRequest(decodeResult: success, version: HTTP/1.1, content: EmptyByteBufBE)
GET /session/7dce13d58786f20d45ff858f31abccf3/element/79cc323e-16c6-4a64-95a3-db5072ff9c9c/name HTTP/1.1
User-Agent: selenium/4.1.2 (java windows)
Cache-Control: no-cache
Content-Type: application/json; charset=utf-8
host: localhost:62927
accept: */*

Response DefaultHttpResponse(decodeResult: success, version: HTTP/1.1)
HTTP/1.1 200 OK
Content-Type: application/json; charset=utf-8
cache-control: no-cache
content-length: 16

23:34:38.307 [AsyncHttpClient-1-3] DEBUG org.asynchttpclient.netty.channel.ChannelManager - Adding key: http://localhost:62927 for channel [id: 0xddd64d15, L:/127.0.0.1:63052 - R:localhost/127.0.0.1:62927]
23:34:38.309 [Forwarding getElementTagName on session 7dce13d58786f20d45ff858f31abccf3 to remote] DEBUG org.asynchttpclient.netty.request.NettyRequestSender - Using pooled Channel '[id: 0xddd64d15, L:/127.0.0.1:63052 - R:localhost/127.0.0.1:62927]' for 'GET' to 'http://localhost:62927/session/7dce13d58786f20d45ff858f31abccf3/element/79cc323e-16c6-4a64-95a3-db5072ff9c9c/name'
23:34:38.309 [Forwarding getElementTagName on session 7dce13d58786f20d45ff858f31abccf3 to remote] DEBUG org.asynchttpclient.netty.request.NettyRequestSender - Using open Channel [id: 0xddd64d15, L:/127.0.0.1:63052 - R:localhost/127.0.0.1:62927] for GET '/session/7dce13d58786f20d45ff858f31abccf3/element/79cc323e-16c6-4a64-95a3-db5072ff9c9c/name'
23:34:38.313 [AsyncHttpClient-1-3] DEBUG org.asynchttpclient.netty.handler.HttpHandler - 

Request DefaultFullHttpRequest(decodeResult: success, version: HTTP/1.1, content: EmptyByteBufBE)
GET /session/7dce13d58786f20d45ff858f31abccf3/element/79cc323e-16c6-4a64-95a3-db5072ff9c9c/name HTTP/1.1
User-Agent: selenium/4.1.2 (java windows)
Cache-Control: no-cache
Content-Type: application/json; charset=utf-8
host: localhost:62927
accept: */*

Response DefaultHttpResponse(decodeResult: success, version: HTTP/1.1)
HTTP/1.1 200 OK
Content-Type: application/json; charset=utf-8
cache-control: no-cache
content-length: 16

23:34:38.313 [AsyncHttpClient-1-3] DEBUG org.asynchttpclient.netty.channel.ChannelManager - Adding key: http://localhost:62927 for channel [id: 0xddd64d15, L:/127.0.0.1:63052 - R:localhost/127.0.0.1:62927]
23:34:38.315 [Forwarding findElement on session 7dce13d58786f20d45ff858f31abccf3 to remote] DEBUG org.asynchttpclient.netty.request.NettyRequestSender - Using pooled Channel '[id: 0xddd64d15, L:/127.0.0.1:63052 - R:localhost/127.0.0.1:62927]' for 'POST' to 'http://localhost:62927/session/7dce13d58786f20d45ff858f31abccf3/element'
23:34:38.315 [Forwarding findElement on session 7dce13d58786f20d45ff858f31abccf3 to remote] DEBUG org.asynchttpclient.netty.request.NettyRequestSender - Using open Channel [id: 0xddd64d15, L:/127.0.0.1:63052 - R:localhost/127.0.0.1:62927] for POST '/session/7dce13d58786f20d45ff858f31abccf3/element'
23:34:38.327 [AsyncHttpClient-1-3] DEBUG org.asynchttpclient.netty.handler.HttpHandler - 

Request DefaultHttpRequest(decodeResult: success, version: HTTP/1.1)
POST /session/7dce13d58786f20d45ff858f31abccf3/element HTTP/1.1
User-Agent: selenium/4.1.2 (java windows)
Content-Length: 83
Content-Type: application/json; charset=utf-8
host: localhost:62927
accept: */*

Response DefaultHttpResponse(decodeResult: success, version: HTTP/1.1)
HTTP/1.1 200 OK
Content-Type: application/json; charset=utf-8
cache-control: no-cache
content-length: 88

23:34:38.327 [AsyncHttpClient-1-3] DEBUG org.asynchttpclient.netty.channel.ChannelManager - Adding key: http://localhost:62927 for channel [id: 0xddd64d15, L:/127.0.0.1:63052 - R:localhost/127.0.0.1:62927]
23:34:38.329 [Forwarding clickElement on session 7dce13d58786f20d45ff858f31abccf3 to remote] DEBUG org.asynchttpclient.netty.request.NettyRequestSender - Using pooled Channel '[id: 0xddd64d15, L:/127.0.0.1:63052 - R:localhost/127.0.0.1:62927]' for 'POST' to 'http://localhost:62927/session/7dce13d58786f20d45ff858f31abccf3/element/79cc323e-16c6-4a64-95a3-db5072ff9c9c/click'
23:34:38.329 [Forwarding clickElement on session 7dce13d58786f20d45ff858f31abccf3 to remote] DEBUG org.asynchttpclient.netty.request.NettyRequestSender - Using open Channel [id: 0xddd64d15, L:/127.0.0.1:63052 - R:localhost/127.0.0.1:62927] for POST '/session/7dce13d58786f20d45ff858f31abccf3/element/79cc323e-16c6-4a64-95a3-db5072ff9c9c/click'
23:34:38.396 [AsyncHttpClient-1-3] DEBUG org.asynchttpclient.netty.handler.HttpHandler - 

Request DefaultHttpRequest(decodeResult: success, version: HTTP/1.1)
POST /session/7dce13d58786f20d45ff858f31abccf3/element/79cc323e-16c6-4a64-95a3-db5072ff9c9c/click HTTP/1.1
User-Agent: selenium/4.1.2 (java windows)
Content-Length: 50
Content-Type: application/json; charset=utf-8
host: localhost:62927
accept: */*

Response DefaultHttpResponse(decodeResult: success, version: HTTP/1.1)
HTTP/1.1 200 OK
Content-Type: application/json; charset=utf-8
cache-control: no-cache
content-length: 14

23:34:38.396 [AsyncHttpClient-1-3] DEBUG org.asynchttpclient.netty.channel.ChannelManager - Adding key: http://localhost:62927 for channel [id: 0xddd64d15, L:/127.0.0.1:63052 - R:localhost/127.0.0.1:62927]
23:34:38.408 [Forwarding screenshot on session 7dce13d58786f20d45ff858f31abccf3 to remote] DEBUG org.asynchttpclient.netty.request.NettyRequestSender - Using pooled Channel '[id: 0xddd64d15, L:/127.0.0.1:63052 - R:localhost/127.0.0.1:62927]' for 'GET' to 'http://localhost:62927/session/7dce13d58786f20d45ff858f31abccf3/screenshot'
23:34:38.408 [Forwarding screenshot on session 7dce13d58786f20d45ff858f31abccf3 to remote] DEBUG org.asynchttpclient.netty.request.NettyRequestSender - Using open Channel [id: 0xddd64d15, L:/127.0.0.1:63052 - R:localhost/127.0.0.1:62927] for GET '/session/7dce13d58786f20d45ff858f31abccf3/screenshot'
23:34:38.586 [AsyncHttpClient-1-3] DEBUG org.asynchttpclient.netty.handler.HttpHandler - 

Request DefaultFullHttpRequest(decodeResult: success, version: HTTP/1.1, content: EmptyByteBufBE)
GET /session/7dce13d58786f20d45ff858f31abccf3/screenshot HTTP/1.1
User-Agent: selenium/4.1.2 (java windows)
Cache-Control: no-cache
Content-Type: application/json; charset=utf-8
host: localhost:62927
accept: */*

Response DefaultHttpResponse(decodeResult: success, version: HTTP/1.1)
HTTP/1.1 200 OK
Content-Type: application/json; charset=utf-8
cache-control: no-cache
content-length: 26960

23:34:38.586 [AsyncHttpClient-1-3] DEBUG org.asynchttpclient.netty.channel.ChannelManager - Adding key: http://localhost:62927 for channel [id: 0xddd64d15, L:/127.0.0.1:63052 - R:localhost/127.0.0.1:62927]
23:34:38.592 [main] DEBUG net.serenitybdd.core.photography.Darkroom - Send negative for processing for target\site\serenity\ebb706cce99b7f19fa8397e1695913ff43eb1ef04cb010188ccebd6b48f48940.png
23:34:38.593 [main] DEBUG net.thucydides.core.steps.StepInterceptor - STEP DONE: clickLoginButton
  &amp#27;[32mAnd &amp#27;[0m&amp#27;[32mi click login button&amp#27;[0m                                   &amp#27;[90m# starter.stepdefenitions.LoginSteps.clickLoginButton()&amp#27;[0m
23:34:38.594 [Darkroom Processing Line] DEBUG net.serenitybdd.core.photography.DarkroomProcessingLine - Processing screenshot image in /var/screenshots/screenshot-4740262676894625074
23:34:38.594 [Darkroom Processing Line] DEBUG net.serenitybdd.core.photography.DarkroomProcessingLine - Saving screenshot to target\site\serenity\ebb706cce99b7f19fa8397e1695913ff43eb1ef04cb010188ccebd6b48f48940.png
23:34:38.619 [main] DEBUG net.thucydides.core.steps.StepInterceptor - STARTING STEP: LoginSteps.iGetErrorMessage - getErrorMessage
23:34:38.623 [Forwarding findElement on session 7dce13d58786f20d45ff858f31abccf3 to remote] DEBUG org.asynchttpclient.netty.request.NettyRequestSender - Using pooled Channel '[id: 0xddd64d15, L:/127.0.0.1:63052 - R:localhost/127.0.0.1:62927]' for 'POST' to 'http://localhost:62927/session/7dce13d58786f20d45ff858f31abccf3/element'
23:34:38.623 [Forwarding findElement on session 7dce13d58786f20d45ff858f31abccf3 to remote] DEBUG org.asynchttpclient.netty.request.NettyRequestSender - Using open Channel [id: 0xddd64d15, L:/127.0.0.1:63052 - R:localhost/127.0.0.1:62927] for POST '/session/7dce13d58786f20d45ff858f31abccf3/element'
23:34:38.630 [AsyncHttpClient-1-3] DEBUG org.asynchttpclient.netty.handler.HttpHandler - 

Request DefaultHttpRequest(decodeResult: success, version: HTTP/1.1)
POST /session/7dce13d58786f20d45ff858f31abccf3/element HTTP/1.1
User-Agent: selenium/4.1.2 (java windows)
Content-Length: 53
Content-Type: application/json; charset=utf-8
host: localhost:62927
accept: */*

Response DefaultHttpResponse(decodeResult: success, version: HTTP/1.1)
HTTP/1.1 400 Bad Request
Content-Type: application/json; charset=utf-8
cache-control: no-cache
content-length: 958

23:34:38.630 [AsyncHttpClient-1-3] DEBUG org.asynchttpclient.netty.channel.ChannelManager - Adding key: http://localhost:62927 for channel [id: 0xddd64d15, L:/127.0.0.1:63052 - R:localhost/127.0.0.1:62927]
23:34:38.632 [Forwarding findElement on session 7dce13d58786f20d45ff858f31abccf3 to remote] DEBUG org.asynchttpclient.netty.request.NettyRequestSender - Using pooled Channel '[id: 0xddd64d15, L:/127.0.0.1:63052 - R:localhost/127.0.0.1:62927]' for 'POST' to 'http://localhost:62927/session/7dce13d58786f20d45ff858f31abccf3/element'
23:34:38.633 [Forwarding findElement on session 7dce13d58786f20d45ff858f31abccf3 to remote] DEBUG org.asynchttpclient.netty.request.NettyRequestSender - Using open Channel [id: 0xddd64d15, L:/127.0.0.1:63052 - R:localhost/127.0.0.1:62927] for POST '/session/7dce13d58786f20d45ff858f31abccf3/element'
23:34:38.850 [AsyncHttpClient-1-3] DEBUG org.asynchttpclient.netty.handler.HttpHandler - 

Request DefaultHttpRequest(decodeResult: success, version: HTTP/1.1)
POST /session/7dce13d58786f20d45ff858f31abccf3/element HTTP/1.1
User-Agent: selenium/4.1.2 (java windows)
Content-Length: 63
Content-Type: application/json; charset=utf-8
host: localhost:62927
accept: */*

Response DefaultHttpResponse(decodeResult: success, version: HTTP/1.1)
HTTP/1.1 200 OK
Content-Type: application/json; charset=utf-8
cache-control: no-cache
content-length: 88

23:34:38.851 [AsyncHttpClient-1-3] DEBUG org.asynchttpclient.netty.channel.ChannelManager - Adding key: http://localhost:62927 for channel [id: 0xddd64d15, L:/127.0.0.1:63052 - R:localhost/127.0.0.1:62927]
23:34:38.854 [Forwarding isElementDisplayed on session 7dce13d58786f20d45ff858f31abccf3 to remote] DEBUG org.asynchttpclient.netty.request.NettyRequestSender - Using pooled Channel '[id: 0xddd64d15, L:/127.0.0.1:63052 - R:localhost/127.0.0.1:62927]' for 'POST' to 'http://localhost:62927/session/7dce13d58786f20d45ff858f31abccf3/execute/sync'
23:34:38.855 [Forwarding isElementDisplayed on session 7dce13d58786f20d45ff858f31abccf3 to remote] DEBUG org.asynchttpclient.netty.request.NettyRequestSender - Using open Channel [id: 0xddd64d15, L:/127.0.0.1:63052 - R:localhost/127.0.0.1:62927] for POST '/session/7dce13d58786f20d45ff858f31abccf3/execute/sync'
23:34:38.883 [AsyncHttpClient-1-3] DEBUG org.asynchttpclient.netty.handler.HttpHandler - 

Request DefaultHttpRequest(decodeResult: success, version: HTTP/1.1)
POST /session/7dce13d58786f20d45ff858f31abccf3/execute/sync HTTP/1.1
User-Agent: selenium/4.1.2 (java windows)
Content-Length: 48780
Content-Type: application/json; charset=utf-8
host: localhost:62927
accept: */*

Response DefaultHttpResponse(decodeResult: success, version: HTTP/1.1)
HTTP/1.1 200 OK
Content-Type: application/json; charset=utf-8
cache-control: no-cache
content-length: 14

23:34:38.883 [AsyncHttpClient-1-3] DEBUG org.asynchttpclient.netty.channel.ChannelManager - Adding key: http://localhost:62927 for channel [id: 0xddd64d15, L:/127.0.0.1:63052 - R:localhost/127.0.0.1:62927]
23:34:38.888 [Forwarding screenshot on session 7dce13d58786f20d45ff858f31abccf3 to remote] DEBUG org.asynchttpclient.netty.request.NettyRequestSender - Using pooled Channel '[id: 0xddd64d15, L:/127.0.0.1:63052 - R:localhost/127.0.0.1:62927]' for 'GET' to 'http://localhost:62927/session/7dce13d58786f20d45ff858f31abccf3/screenshot'
23:34:38.888 [Forwarding screenshot on session 7dce13d58786f20d45ff858f31abccf3 to remote] DEBUG org.asynchttpclient.netty.request.NettyRequestSender - Using open Channel [id: 0xddd64d15, L:/127.0.0.1:63052 - R:localhost/127.0.0.1:62927] for GET '/session/7dce13d58786f20d45ff858f31abccf3/screenshot'
23:34:38.942 [AsyncHttpClient-1-1] DEBUG org.asynchttpclient.netty.channel.DefaultChannelPool - Entry count for : http://localhost:63053 : 1
23:34:39.089 [AsyncHttpClient-1-3] DEBUG org.asynchttpclient.netty.handler.HttpHandler - 

Request DefaultFullHttpRequest(decodeResult: success, version: HTTP/1.1, content: EmptyByteBufBE)
GET /session/7dce13d58786f20d45ff858f31abccf3/screenshot HTTP/1.1
User-Agent: selenium/4.1.2 (java windows)
Cache-Control: no-cache
Content-Type: application/json; charset=utf-8
host: localhost:62927
accept: */*

Response DefaultHttpResponse(decodeResult: success, version: HTTP/1.1)
HTTP/1.1 200 OK
Content-Type: application/json; charset=utf-8
cache-control: no-cache
content-length: 29628

23:34:39.089 [AsyncHttpClient-1-3] DEBUG org.asynchttpclient.netty.channel.ChannelManager - Adding key: http://localhost:62927 for channel [id: 0xddd64d15, L:/127.0.0.1:63052 - R:localhost/127.0.0.1:62927]
23:34:39.092 [main] DEBUG net.serenitybdd.core.photography.Darkroom - Send negative for processing for target\site\serenity\0336378484ce7189fef4521a19232135c47a483a66ced58bf18fabc3bad07083.png
23:34:39.093 [main] DEBUG net.thucydides.core.steps.StepInterceptor - STEP DONE: getErrorMessage
  &amp#27;[32mThen &amp#27;[0m&amp#27;[32mi get error message &amp#27;[0m&amp#27;[32m&amp#27;[1m"email is required"&amp#27;[0m               &amp#27;[90m# starter.stepdefenitions.LoginSteps.iGetErrorMessage(java.lang.String)&amp#27;[0m
23:34:39.095 [Darkroom Processing Line] DEBUG net.serenitybdd.core.photography.DarkroomProcessingLine - Processing screenshot image in /var/screenshots/screenshot-6119412152966490521
23:34:39.095 [Darkroom Processing Line] DEBUG net.serenitybdd.core.photography.DarkroomProcessingLine - Saving screenshot to target\site\serenity\0336378484ce7189fef4521a19232135c47a483a66ced58bf18fabc3bad07083.png
23:34:39.102 [main] INFO  - 
  _____   ___   ___   _____     ___     _     ___   ___   ___   ___  
 |_   _| | __| / __| |_   _|   | _ \   /_\   / __| / __| | __| |   \ 
   | |   | _|  \__ \   | |     |  _/  / _ \  \__ \ \__ \ | _|  | |) |
   |_|   |___| |___/   |_|     |_|   /_/ \_\ |___/ |___/ |___| |___/ 

As user i have failed to login with not input data
----------------------------------------------------------------------
23:34:39.103 [AsyncHttpClient-1-5] DEBUG org.asynchttpclient.netty.handler.WebSocketHandler - Channel Closed: [id: 0x8a6e846a, L:/127.0.0.1:63061 ! R:localhost/127.0.0.1:63053] with attribute NettyResponseFuture{currentRetry=5,
	isDone=1,
	isCancelled=0,
	asyncHandler=org.asynchttpclient.ws.WebSocketUpgradeHandler@cad7590,
	nettyRequest=org.asynchttpclient.netty.request.NettyRequest@74b26527,
	future=java.util.concurrent.CompletableFuture@1a994548[Completed normally],
	uri=ws://localhost:63053/devtools/browser/8ba5878a-ee6f-42ca-a9d9-31d60c932cf5,
	keepAlive=true,
	redirectCount=0,
	timeoutsHolder=null,
	inAuth=0,
	touch=1651077273106}
23:34:39.103 [AsyncHttpClient-1-5] DEBUG org.asynchttpclient.netty.channel.ChannelManager - Closing Channel [id: 0x8a6e846a, L:/127.0.0.1:63061 ! R:localhost/127.0.0.1:63053] 
23:34:39.103 [Driver Command Executor] DEBUG org.asynchttpclient.netty.request.NettyRequestSender - Using pooled Channel '[id: 0xddd64d15, L:/127.0.0.1:63052 - R:localhost/127.0.0.1:62927]' for 'DELETE' to 'http://localhost:62927/session/7dce13d58786f20d45ff858f31abccf3'
23:34:39.103 [Driver Command Executor] DEBUG org.asynchttpclient.netty.request.NettyRequestSender - Using open Channel [id: 0xddd64d15, L:/127.0.0.1:63052 - R:localhost/127.0.0.1:62927] for DELETE '/session/7dce13d58786f20d45ff858f31abccf3'
23:34:39.182 [AsyncHttpClient-1-4] DEBUG org.asynchttpclient.netty.handler.HttpHandler - Unexpected I/O exception on channel [id: 0x0b190b6a, L:/127.0.0.1:63060 - R:localhost/127.0.0.1:63053]
java.io.IOException: An existing connection was forcibly closed by the remote host
	at sun.nio.ch.SocketDispatcher.read0(Native Method)
	at sun.nio.ch.SocketDispatcher.read(SocketDispatcher.java:43)
	at sun.nio.ch.IOUtil.readIntoNativeBuffer(IOUtil.java:223)
	at sun.nio.ch.IOUtil.read(IOUtil.java:192)
	at sun.nio.ch.SocketChannelImpl.read(SocketChannelImpl.java:378)
	at io.netty.buffer.PooledByteBuf.setBytes(PooledByteBuf.java:258)
	at io.netty.buffer.AbstractByteBuf.writeBytes(AbstractByteBuf.java:1132)
	at io.netty.channel.socket.nio.NioSocketChannel.doReadBytes(NioSocketChannel.java:350)
	at io.netty.channel.nio.AbstractNioByteChannel$NioByteUnsafe.read(AbstractNioByteChannel.java:151)
	at io.netty.channel.nio.NioEventLoop.processSelectedKey(NioEventLoop.java:722)
	at io.netty.channel.nio.NioEventLoop.processSelectedKeysOptimized(NioEventLoop.java:658)
	at io.netty.channel.nio.NioEventLoop.processSelectedKeys(NioEventLoop.java:584)
	at io.netty.channel.nio.NioEventLoop.run(NioEventLoop.java:496)
	at io.netty.util.concurrent.SingleThreadEventExecutor$4.run(SingleThreadEventExecutor.java:986)
	at io.netty.util.internal.ThreadExecutorMap$2.run(ThreadExecutorMap.java:74)
	at io.netty.util.concurrent.FastThreadLocalRunnable.run(FastThreadLocalRunnable.java:30)
	at java.lang.Thread.run(Thread.java:750)
23:34:39.182 [AsyncHttpClient-1-4] DEBUG org.asynchttpclient.netty.channel.ChannelManager - Closing Channel [id: 0x0b190b6a, L:/127.0.0.1:63060 - R:localhost/127.0.0.1:63053] 
23:34:39.182 [AsyncHttpClient-1-4] DEBUG org.asynchttpclient.netty.handler.HttpHandler - Channel Closed: [id: 0x0b190b6a, L:/127.0.0.1:63060 ! R:localhost/127.0.0.1:63053] with attribute DISCARD
23:34:39.220 [AsyncHttpClient-1-3] DEBUG org.asynchttpclient.netty.handler.HttpHandler - 

Request DefaultFullHttpRequest(decodeResult: success, version: HTTP/1.1, content: EmptyByteBufBE)
DELETE /session/7dce13d58786f20d45ff858f31abccf3 HTTP/1.1
User-Agent: selenium/4.1.2 (java windows)
Content-Type: application/json; charset=utf-8
host: localhost:62927
accept: */*

Response DefaultHttpResponse(decodeResult: success, version: HTTP/1.1)
HTTP/1.1 200 OK
Content-Type: application/json; charset=utf-8
cache-control: no-cache
content-length: 14

23:34:39.220 [AsyncHttpClient-1-3] DEBUG org.asynchttpclient.netty.channel.ChannelManager - Adding key: http://localhost:62927 for channel [id: 0xddd64d15, L:/127.0.0.1:63052 - R:localhost/127.0.0.1:62927]
23:34:39.334 [AsyncHttpClient-1-3] DEBUG org.asynchttpclient.netty.handler.HttpHandler - Channel Closed: [id: 0xddd64d15, L:/127.0.0.1:63052 ! R:localhost/127.0.0.1:62927] with attribute DISCARD
]]></system-out>
    <system-err><![CDATA[Starting ChromeDriver 100.0.4896.60 (6a5d10861ce8de5fce22564658033b43cb7de047-refs/branch-heads/4896@{#875}) on port 62927
Only local connections are allowed.
Please see https://chromedriver.chromium.org/security-considerations for suggestions on keeping ChromeDriver safe.
ChromeDriver was started successfully.
Apr 27, 2022 11:34:33 PM org.openqa.selenium.remote.ProtocolHandshake createSession
INFO: Detected dialect: W3C
Apr 27, 2022 11:34:33 PM org.openqa.selenium.devtools.CdpVersionFinder findNearestMatch
WARNING: Unable to find an exact match for CDP version 100, so returning the closest version found: 97
Apr 27, 2022 11:34:33 PM org.openqa.selenium.devtools.CdpVersionFinder findNearestMatch
INFO: Found CDP implementation for version 100 of 97
]]></system-err>
  </testcase>
</testsuite>