<?xml version="1.0" encoding="UTF-8"?>
<testsuite xmlns:xsi="http://www.w3.org/2001/XMLSchema-instance" xsi:noNamespaceSchemaLocation="https://maven.apache.org/surefire/maven-failsafe-plugin/xsd/failsafe-test-report-3.0.xsd" version="3.0" name="starter.CucumberTestSuite" time="12.496" tests="13" errors="0" skipped="0" failures="0">
  <properties>
    <property name="sun.desktop" value="windows"/>
    <property name="awt.toolkit" value="sun.awt.windows.WToolkit"/>
    <property name="file.encoding.pkg" value="sun.io"/>
    <property name="java.specification.version" value="1.8"/>
    <property name="sun.cpu.isalist" value="amd64"/>
    <property name="sun.jnu.encoding" value="Cp1252"/>
    <property name="java.class.path" value="D:\BDD\target\test-classes;D:\BDD\target\BDD-1.0-SNAPSHOT.jar;C:\Users\Admin\.m2\repository\net\serenity-bdd\serenity-core\3.2.1\serenity-core-3.2.1.jar;C:\Users\Admin\.m2\repository\net\serenity-bdd\serenity-model\3.2.1\serenity-model-3.2.1.jar;C:\Users\Admin\.m2\repository\org\apache\commons\commons-text\1.9\commons-text-1.9.jar;C:\Users\Admin\.m2\repository\commons-net\commons-net\3.8.0\commons-net-3.8.0.jar;C:\Users\Admin\.m2\repository\com\google\guava\guava\31.1-jre\guava-31.1-jre.jar;C:\Users\Admin\.m2\repository\com\google\guava\failureaccess\1.0.1\failureaccess-1.0.1.jar;C:\Users\Admin\.m2\repository\com\google\guava\listenablefuture\9999.0-empty-to-avoid-conflict-with-guava\listenablefuture-9999.0-empty-to-avoid-conflict-with-guava.jar;C:\Users\Admin\.m2\repository\com\google\code\findbugs\jsr305\3.0.2\jsr305-3.0.2.jar;C:\Users\Admin\.m2\repository\org\checkerframework\checker-qual\3.12.0\checker-qual-3.12.0.jar;C:\Users\Admin\.m2\repository\com\google\errorprone\error_prone_annotations\2.11.0\error_prone_annotations-2.11.0.jar;C:\Users\Admin\.m2\repository\com\google\j2objc\j2objc-annotations\1.3\j2objc-annotations-1.3.jar;C:\Users\Admin\.m2\repository\com\google\inject\guice\5.1.0\guice-5.1.0.jar;C:\Users\Admin\.m2\repository\javax\inject\javax.inject\1\javax.inject-1.jar;C:\Users\Admin\.m2\repository\aopalliance\aopalliance\1.0\aopalliance-1.0.jar;C:\Users\Admin\.m2\repository\org\jsoup\jsoup\1.14.3\jsoup-1.14.3.jar;C:\Users\Admin\.m2\repository\com\thoughtworks\xstream\xstream\1.4.19\xstream-1.4.19.jar;C:\Users\Admin\.m2\repository\io\github\x-stream\mxparser\1.2.2\mxparser-1.2.2.jar;C:\Users\Admin\.m2\repository\xmlpull\xmlpull\1.1.3.1\xmlpull-1.1.3.1.jar;C:\Users\Admin\.m2\repository\io\cucumber\cucumber-java\7.2.3\cucumber-java-7.2.3.jar;C:\Users\Admin\.m2\repository\com\typesafe\config\1.4.2\config-1.4.2.jar;C:\Users\Admin\.m2\repository\org\imgscalr\imgscalr-lib\4.2\imgscalr-lib-4.2.jar;C:\Users\Admin\.m2\repository\org\awaitility\awaitility\4.2.0\awaitility-4.2.0.jar;C:\Users\Admin\.m2\repository\org\freemarker\freemarker\2.3.31\freemarker-2.3.31.jar;C:\Users\Admin\.m2\repository\io\github\classgraph\classgraph\4.8.138\classgraph-4.8.138.jar;C:\Users\Admin\.m2\repository\net\sourceforge\jexcelapi\jxl\2.6.12\jxl-2.6.12.jar;C:\Users\Admin\.m2\repository\net\bytebuddy\byte-buddy\1.12.8\byte-buddy-1.12.8.jar;C:\Users\Admin\.m2\repository\net\bytebuddy\byte-buddy-agent\1.12.8\byte-buddy-agent-1.12.8.jar;C:\Users\Admin\.m2\repository\org\objenesis\objenesis\3.1\objenesis-3.1.jar;C:\Users\Admin\.m2\repository\net\serenity-bdd\serenity-reports\3.2.1\serenity-reports-3.2.1.jar;C:\Users\Admin\.m2\repository\net\serenity-bdd\serenity-stats\3.2.1\serenity-stats-3.2.1.jar;C:\Users\Admin\.m2\repository\net\serenity-bdd\serenity-reports-configuration\3.2.1\serenity-reports-configuration-3.2.1.jar;C:\Users\Admin\.m2\repository\com\vladsch\flexmark\flexmark-all\0.34.30\flexmark-all-0.34.30.jar;C:\Users\Admin\.m2\repository\com\vladsch\flexmark\flexmark\0.34.30\flexmark-0.34.30.jar;C:\Users\Admin\.m2\repository\com\vladsch\flexmark\flexmark-ext-abbreviation\0.34.30\flexmark-ext-abbreviation-0.34.30.jar;C:\Users\Admin\.m2\repository\com\vladsch\flexmark\flexmark-ext-admonition\0.34.30\flexmark-ext-admonition-0.34.30.jar;C:\Users\Admin\.m2\repository\com\vladsch\flexmark\flexmark-ext-anchorlink\0.34.30\flexmark-ext-anchorlink-0.34.30.jar;C:\Users\Admin\.m2\repository\com\vladsch\flexmark\flexmark-ext-aside\0.34.30\flexmark-ext-aside-0.34.30.jar;C:\Users\Admin\.m2\repository\com\vladsch\flexmark\flexmark-ext-attributes\0.34.30\flexmark-ext-attributes-0.34.30.jar;C:\Users\Admin\.m2\repository\com\vladsch\flexmark\flexmark-ext-autolink\0.34.30\flexmark-ext-autolink-0.34.30.jar;C:\Users\Admin\.m2\repository\org\nibor\autolink\autolink\0.6.0\autolink-0.6.0.jar;C:\Users\Admin\.m2\repository\com\vladsch\flexmark\flexmark-ext-definition\0.34.30\flexmark-ext-definition-0.34.30.jar;C:\Users\Admin\.m2\repository\com\vladsch\flexmark\flexmark-ext-emoji\0.34.30\flexmark-ext-emoji-0.34.30.jar;C:\Users\Admin\.m2\repository\com\vladsch\flexmark\flexmark-ext-enumerated-reference\0.34.30\flexmark-ext-enumerated-reference-0.34.30.jar;C:\Users\Admin\.m2\repository\com\vladsch\flexmark\flexmark-ext-escaped-character\0.34.30\flexmark-ext-escaped-character-0.34.30.jar;C:\Users\Admin\.m2\repository\com\vladsch\flexmark\flexmark-ext-footnotes\0.34.30\flexmark-ext-footnotes-0.34.30.jar;C:\Users\Admin\.m2\repository\com\vladsch\flexmark\flexmark-ext-gfm-issues\0.34.30\flexmark-ext-gfm-issues-0.34.30.jar;C:\Users\Admin\.m2\repository\com\vladsch\flexmark\flexmark-ext-gfm-strikethrough\0.34.30\flexmark-ext-gfm-strikethrough-0.34.30.jar;C:\Users\Admin\.m2\repository\com\vladsch\flexmark\flexmark-ext-gfm-tables\0.34.30\flexmark-ext-gfm-tables-0.34.30.jar;C:\Users\Admin\.m2\repository\com\vladsch\flexmark\flexmark-ext-gfm-tasklist\0.34.30\flexmark-ext-gfm-tasklist-0.34.30.jar;C:\Users\Admin\.m2\repository\com\vladsch\flexmark\flexmark-ext-gfm-users\0.34.30\flexmark-ext-gfm-users-0.34.30.jar;C:\Users\Admin\.m2\repository\com\vladsch\flexmark\flexmark-ext-gitlab\0.34.30\flexmark-ext-gitlab-0.34.30.jar;C:\Users\Admin\.m2\repository\com\vladsch\flexmark\flexmark-ext-jekyll-front-matter\0.34.30\flexmark-ext-jekyll-front-matter-0.34.30.jar;C:\Users\Admin\.m2\repository\com\vladsch\flexmark\flexmark-ext-jekyll-tag\0.34.30\flexmark-ext-jekyll-tag-0.34.30.jar;C:\Users\Admin\.m2\repository\com\vladsch\flexmark\flexmark-ext-media-tags\0.34.30\flexmark-ext-media-tags-0.34.30.jar;C:\Users\Admin\.m2\repository\com\vladsch\flexmark\flexmark-test-util\0.34.30\flexmark-test-util-0.34.30.jar;C:\Users\Admin\.m2\repository\com\vladsch\flexmark\flexmark-ext-ins\0.34.30\flexmark-ext-ins-0.34.30.jar;C:\Users\Admin\.m2\repository\com\vladsch\flexmark\flexmark-ext-xwiki-macros\0.34.30\flexmark-ext-xwiki-macros-0.34.30.jar;C:\Users\Admin\.m2\repository\com\vladsch\flexmark\flexmark-ext-superscript\0.34.30\flexmark-ext-superscript-0.34.30.jar;C:\Users\Admin\.m2\repository\com\vladsch\flexmark\flexmark-ext-tables\0.34.30\flexmark-ext-tables-0.34.30.jar;C:\Users\Admin\.m2\repository\com\vladsch\flexmark\flexmark-ext-toc\0.34.30\flexmark-ext-toc-0.34.30.jar;C:\Users\Admin\.m2\repository\com\vladsch\flexmark\flexmark-ext-typographic\0.34.30\flexmark-ext-typographic-0.34.30.jar;C:\Users\Admin\.m2\repository\com\vladsch\flexmark\flexmark-ext-wikilink\0.34.30\flexmark-ext-wikilink-0.34.30.jar;C:\Users\Admin\.m2\repository\com\vladsch\flexmark\flexmark-ext-yaml-front-matter\0.34.30\flexmark-ext-yaml-front-matter-0.34.30.jar;C:\Users\Admin\.m2\repository\com\vladsch\flexmark\flexmark-ext-youtube-embedded\0.34.30\flexmark-ext-youtube-embedded-0.34.30.jar;C:\Users\Admin\.m2\repository\com\vladsch\flexmark\flexmark-formatter\0.34.30\flexmark-formatter-0.34.30.jar;C:\Users\Admin\.m2\repository\com\vladsch\flexmark\flexmark-html-parser\0.34.30\flexmark-html-parser-0.34.30.jar;C:\Users\Admin\.m2\repository\com\vladsch\flexmark\flexmark-jira-converter\0.34.30\flexmark-jira-converter-0.34.30.jar;C:\Users\Admin\.m2\repository\com\vladsch\flexmark\flexmark-pdf-converter\0.34.30\flexmark-pdf-converter-0.34.30.jar;C:\Users\Admin\.m2\repository\com\openhtmltopdf\openhtmltopdf-core\0.0.1-RC13\openhtmltopdf-core-0.0.1-RC13.jar;C:\Users\Admin\.m2\repository\com\openhtmltopdf\openhtmltopdf-pdfbox\0.0.1-RC13\openhtmltopdf-pdfbox-0.0.1-RC13.jar;C:\Users\Admin\.m2\repository\org\apache\pdfbox\pdfbox\2.0.8\pdfbox-2.0.8.jar;C:\Users\Admin\.m2\repository\org\apache\pdfbox\fontbox\2.0.8\fontbox-2.0.8.jar;C:\Users\Admin\.m2\repository\commons-logging\commons-logging\1.2\commons-logging-1.2.jar;C:\Users\Admin\.m2\repository\org\apache\pdfbox\xmpbox\2.0.8\xmpbox-2.0.8.jar;C:\Users\Admin\.m2\repository\de\rototor\pdfbox\graphics2d\0.12\graphics2d-0.12.jar;C:\Users\Admin\.m2\repository\com\openhtmltopdf\openhtmltopdf-rtl-support\0.0.1-RC13\openhtmltopdf-rtl-support-0.0.1-RC13.jar;C:\Users\Admin\.m2\repository\com\ibm\icu\icu4j\59.1\icu4j-59.1.jar;C:\Users\Admin\.m2\repository\com\openhtmltopdf\openhtmltopdf-jsoup-dom-converter\0.0.1-RC13\openhtmltopdf-jsoup-dom-converter-0.0.1-RC13.jar;C:\Users\Admin\.m2\repository\com\vladsch\flexmark\flexmark-profile-pegdown\0.34.30\flexmark-profile-pegdown-0.34.30.jar;C:\Users\Admin\.m2\repository\com\vladsch\flexmark\flexmark-util\0.34.30\flexmark-util-0.34.30.jar;C:\Users\Admin\.m2\repository\com\vladsch\flexmark\flexmark-youtrack-converter\0.34.30\flexmark-youtrack-converter-0.34.30.jar;C:\Users\Admin\.m2\repository\es\nitaur\markdown\txtmark\0.16\txtmark-0.16.jar;C:\Users\Admin\.m2\repository\net\serenity-bdd\serenity-report-resources\3.2.1\serenity-report-resources-3.2.1.jar;C:\Users\Admin\.m2\repository\com\google\code\gson\gson\2.9.0\gson-2.9.0.jar;C:\Users\Admin\.m2\repository\com\fasterxml\jackson\core\jackson-core\2.13.2\jackson-core-2.13.2.jar;C:\Users\Admin\.m2\repository\com\fasterxml\jackson\core\jackson-databind\2.13.2\jackson-databind-2.13.2.jar;C:\Users\Admin\.m2\repository\com\fasterxml\jackson\core\jackson-annotations\2.13.2\jackson-annotations-2.13.2.jar;C:\Users\Admin\.m2\repository\commons-codec\commons-codec\1.15\commons-codec-1.15.jar;C:\Users\Admin\.m2\repository\commons-io\commons-io\2.11.0\commons-io-2.11.0.jar;C:\Users\Admin\.m2\repository\org\seleniumhq\selenium\selenium-java\4.1.2\selenium-java-4.1.2.jar;C:\Users\Admin\.m2\repository\org\seleniumhq\selenium\selenium-devtools-v85\4.1.2\selenium-devtools-v85-4.1.2.jar;C:\Users\Admin\.m2\repository\org\seleniumhq\selenium\selenium-devtools-v95\4.1.2\selenium-devtools-v95-4.1.2.jar;C:\Users\Admin\.m2\repository\org\seleniumhq\selenium\selenium-devtools-v96\4.1.2\selenium-devtools-v96-4.1.2.jar;C:\Users\Admin\.m2\repository\org\seleniumhq\selenium\selenium-devtools-v97\4.1.2\selenium-devtools-v97-4.1.2.jar;C:\Users\Admin\.m2\repository\org\seleniumhq\selenium\selenium-firefox-xpi-driver\4.1.2\selenium-firefox-xpi-driver-4.1.2.jar;C:\Users\Admin\.m2\repository\org\seleniumhq\selenium\selenium-opera-driver\4.1.2\selenium-opera-driver-4.1.2.jar;C:\Users\Admin\.m2\repository\org\seleniumhq\selenium\selenium-remote-driver\4.1.2\selenium-remote-driver-4.1.2.jar;C:\Users\Admin\.m2\repository\com\beust\jcommander\1.82\jcommander-1.82.jar;C:\Users\Admin\.m2\repository\io\netty\netty-buffer\4.1.73.Final\netty-buffer-4.1.73.Final.jar;C:\Users\Admin\.m2\repository\io\netty\netty-codec-http\4.1.73.Final\netty-codec-http-4.1.73.Final.jar;C:\Users\Admin\.m2\repository\io\netty\netty-codec\4.1.73.Final\netty-codec-4.1.73.Final.jar;C:\Users\Admin\.m2\repository\io\netty\netty-handler\4.1.73.Final\netty-handler-4.1.73.Final.jar;C:\Users\Admin\.m2\repository\io\netty\netty-tcnative-classes\2.0.46.Final\netty-tcnative-classes-2.0.46.Final.jar;C:\Users\Admin\.m2\repository\io\netty\netty-common\4.1.73.Final\netty-common-4.1.73.Final.jar;C:\Users\Admin\.m2\repository\io\netty\netty-transport-classes-epoll\4.1.73.Final\netty-transport-classes-epoll-4.1.73.Final.jar;C:\Users\Admin\.m2\repository\io\netty\netty-transport-classes-kqueue\4.1.73.Final\netty-transport-classes-kqueue-4.1.73.Final.jar;C:\Users\Admin\.m2\repository\io\netty\netty-transport-native-epoll\4.1.73.Final\netty-transport-native-epoll-4.1.73.Final.jar;C:\Users\Admin\.m2\repository\io\netty\netty-transport-native-kqueue\4.1.73.Final\netty-transport-native-kqueue-4.1.73.Final.jar;C:\Users\Admin\.m2\repository\io\netty\netty-transport-native-unix-common\4.1.73.Final\netty-transport-native-unix-common-4.1.73.Final.jar;C:\Users\Admin\.m2\repository\io\netty\netty-transport\4.1.73.Final\netty-transport-4.1.73.Final.jar;C:\Users\Admin\.m2\repository\io\netty\netty-resolver\4.1.73.Final\netty-resolver-4.1.73.Final.jar;C:\Users\Admin\.m2\repository\io\opentelemetry\opentelemetry-api\1.10.1\opentelemetry-api-1.10.1.jar;C:\Users\Admin\.m2\repository\io\opentelemetry\opentelemetry-context\1.10.1\opentelemetry-context-1.10.1.jar;C:\Users\Admin\.m2\repository\io\opentelemetry\opentelemetry-exporter-logging\1.10.1\opentelemetry-exporter-logging-1.10.1.jar;C:\Users\Admin\.m2\repository\io\opentelemetry\opentelemetry-sdk-metrics\1.10.1-alpha\opentelemetry-sdk-metrics-1.10.1-alpha.jar;C:\Users\Admin\.m2\repository\io\opentelemetry\opentelemetry-sdk-logs\1.10.1-alpha\opentelemetry-sdk-logs-1.10.1-alpha.jar;C:\Users\Admin\.m2\repository\io\opentelemetry\opentelemetry-sdk-common\1.10.1\opentelemetry-sdk-common-1.10.1.jar;C:\Users\Admin\.m2\repository\io\opentelemetry\opentelemetry-sdk-extension-autoconfigure-spi\1.10.1\opentelemetry-sdk-extension-autoconfigure-spi-1.10.1.jar;C:\Users\Admin\.m2\repository\io\opentelemetry\opentelemetry-sdk-extension-autoconfigure\1.10.1-alpha\opentelemetry-sdk-extension-autoconfigure-1.10.1-alpha.jar;C:\Users\Admin\.m2\repository\io\opentelemetry\opentelemetry-sdk-trace\1.10.1\opentelemetry-sdk-trace-1.10.1.jar;C:\Users\Admin\.m2\repository\io\opentelemetry\opentelemetry-sdk\1.10.1\opentelemetry-sdk-1.10.1.jar;C:\Users\Admin\.m2\repository\io\opentelemetry\opentelemetry-semconv\1.10.1-alpha\opentelemetry-semconv-1.10.1-alpha.jar;C:\Users\Admin\.m2\repository\io\ous\jtoml\2.0.0\jtoml-2.0.0.jar;C:\Users\Admin\.m2\repository\org\apache\commons\commons-exec\1.3\commons-exec-1.3.jar;C:\Users\Admin\.m2\repository\org\asynchttpclient\async-http-client\2.12.3\async-http-client-2.12.3.jar;C:\Users\Admin\.m2\repository\org\asynchttpclient\async-http-client-netty-utils\2.12.3\async-http-client-netty-utils-2.12.3.jar;C:\Users\Admin\.m2\repository\io\netty\netty-codec-socks\4.1.60.Final\netty-codec-socks-4.1.60.Final.jar;C:\Users\Admin\.m2\repository\io\netty\netty-handler-proxy\4.1.60.Final\netty-handler-proxy-4.1.60.Final.jar;C:\Users\Admin\.m2\repository\io\netty\netty-transport-native-epoll\4.1.60.Final\netty-transport-native-epoll-4.1.60.Final-linux-x86_64.jar;C:\Users\Admin\.m2\repository\io\netty\netty-transport-native-kqueue\4.1.60.Final\netty-transport-native-kqueue-4.1.60.Final-osx-x86_64.jar;C:\Users\Admin\.m2\repository\org\reactivestreams\reactive-streams\1.0.3\reactive-streams-1.0.3.jar;C:\Users\Admin\.m2\repository\com\typesafe\netty\netty-reactive-streams\2.0.4\netty-reactive-streams-2.0.4.jar;C:\Users\Admin\.m2\repository\org\seleniumhq\selenium\selenium-http\4.1.2\selenium-http-4.1.2.jar;C:\Users\Admin\.m2\repository\net\jodah\failsafe\2.4.4\failsafe-2.4.4.jar;C:\Users\Admin\.m2\repository\org\seleniumhq\selenium\selenium-safari-driver\4.1.2\selenium-safari-driver-4.1.2.jar;C:\Users\Admin\.m2\repository\org\seleniumhq\selenium\selenium-api\4.1.2\selenium-api-4.1.2.jar;C:\Users\Admin\.m2\repository\org\seleniumhq\selenium\selenium-support\4.1.2\selenium-support-4.1.2.jar;C:\Users\Admin\.m2\repository\com\google\auto\service\auto-service-annotations\1.0.1\auto-service-annotations-1.0.1.jar;C:\Users\Admin\.m2\repository\com\google\auto\service\auto-service\1.0.1\auto-service-1.0.1.jar;C:\Users\Admin\.m2\repository\com\google\auto\auto-common\1.2\auto-common-1.2.jar;C:\Users\Admin\.m2\repository\org\seleniumhq\selenium\selenium-json\4.1.2\selenium-json-4.1.2.jar;C:\Users\Admin\.m2\repository\org\seleniumhq\selenium\selenium-chrome-driver\4.1.2\selenium-chrome-driver-4.1.2.jar;C:\Users\Admin\.m2\repository\org\seleniumhq\selenium\selenium-chromium-driver\4.1.2\selenium-chromium-driver-4.1.2.jar;C:\Users\Admin\.m2\repository\org\seleniumhq\selenium\selenium-firefox-driver\4.1.2\selenium-firefox-driver-4.1.2.jar;C:\Users\Admin\.m2\repository\org\seleniumhq\selenium\selenium-edge-driver\4.1.2\selenium-edge-driver-4.1.2.jar;C:\Users\Admin\.m2\repository\org\seleniumhq\selenium\selenium-ie-driver\4.1.2\selenium-ie-driver-4.1.2.jar;C:\Users\Admin\.m2\repository\org\projectlombok\lombok\1.18.20\lombok-1.18.20.jar;C:\Users\Admin\.m2\repository\io\appium\java-client\8.0.0\java-client-8.0.0.jar;C:\Users\Admin\.m2\repository\commons-validator\commons-validator\1.7\commons-validator-1.7.jar;C:\Users\Admin\.m2\repository\commons-digester\commons-digester\2.1\commons-digester-2.1.jar;C:\Users\Admin\.m2\repository\org\aspectj\aspectjweaver\1.9.8\aspectjweaver-1.9.8.jar;C:\Users\Admin\.m2\repository\org\codehaus\groovy\groovy\3.0.10\groovy-3.0.10.jar;C:\Users\Admin\.m2\repository\net\sf\opencsv\opencsv\2.0\opencsv-2.0.jar;C:\Users\Admin\.m2\repository\commons-beanutils\commons-beanutils\1.9.4\commons-beanutils-1.9.4.jar;C:\Users\Admin\.m2\repository\org\apache\commons\commons-lang3\3.12.0\commons-lang3-3.12.0.jar;C:\Users\Admin\.m2\repository\commons-collections\commons-collections\3.2.2\commons-collections-3.2.2.jar;C:\Users\Admin\.m2\repository\org\fluentlenium\fluentlenium-core\0.10.2\fluentlenium-core-0.10.2.jar;C:\Users\Admin\.m2\repository\io\github\bonigarcia\webdrivermanager\5.1.0\webdrivermanager-5.1.0.jar;C:\Users\Admin\.m2\repository\com\github\docker-java\docker-java\3.2.13\docker-java-3.2.13.jar;C:\Users\Admin\.m2\repository\com\github\docker-java\docker-java-core\3.2.13\docker-java-core-3.2.13.jar;C:\Users\Admin\.m2\repository\com\github\docker-java\docker-java-api\3.2.13\docker-java-api-3.2.13.jar;C:\Users\Admin\.m2\repository\org\apache\commons\commons-compress\1.21\commons-compress-1.21.jar;C:\Users\Admin\.m2\repository\org\bouncycastle\bcpkix-jdk15on\1.64\bcpkix-jdk15on-1.64.jar;C:\Users\Admin\.m2\repository\org\bouncycastle\bcprov-jdk15on\1.64\bcprov-jdk15on-1.64.jar;C:\Users\Admin\.m2\repository\org\slf4j\jcl-over-slf4j\1.7.30\jcl-over-slf4j-1.7.30.jar;C:\Users\Admin\.m2\repository\com\github\docker-java\docker-java-transport-httpclient5\3.2.13\docker-java-transport-httpclient5-3.2.13.jar;C:\Users\Admin\.m2\repository\com\github\docker-java\docker-java-transport\3.2.13\docker-java-transport-3.2.13.jar;C:\Users\Admin\.m2\repository\org\apache\httpcomponents\client5\httpclient5\5.0.3\httpclient5-5.0.3.jar;C:\Users\Admin\.m2\repository\org\apache\httpcomponents\core5\httpcore5\5.0.2\httpcore5-5.0.2.jar;C:\Users\Admin\.m2\repository\net\java\dev\jna\jna\5.8.0\jna-5.8.0.jar;C:\Users\Admin\.m2\repository\org\brotli\dec\0.1.2\dec-0.1.2.jar;C:\Users\Admin\.m2\repository\com\jhlabs\filters\2.0.235\filters-2.0.235.jar;C:\Users\Admin\.m2\repository\com\paulhammant\ngwebdriver\1.1.6\ngwebdriver-1.1.6.jar;C:\Users\Admin\.m2\repository\joda-time\joda-time\2.8.2\joda-time-2.8.2.jar;C:\Users\Admin\.m2\repository\org\hamcrest\hamcrest\2.2\hamcrest-2.2.jar;C:\Users\Admin\.m2\repository\com\google\jimfs\jimfs\1.2\jimfs-1.2.jar;C:\Users\Admin\.m2\repository\org\mockito\mockito-core\3.3.3\mockito-core-3.3.3.jar;C:\Users\Admin\.m2\repository\javax\xml\bind\jaxb-api\2.3.1\jaxb-api-2.3.1.jar;C:\Users\Admin\.m2\repository\javax\activation\javax.activation-api\1.2.0\javax.activation-api-1.2.0.jar;C:\Users\Admin\.m2\repository\com\sun\xml\bind\jaxb-core\2.3.0.1\jaxb-core-2.3.0.1.jar;C:\Users\Admin\.m2\repository\com\sun\xml\bind\jaxb-impl\2.3.3\jaxb-impl-2.3.3.jar;C:\Users\Admin\.m2\repository\jakarta\xml\bind\jakarta.xml.bind-api\2.3.3\jakarta.xml.bind-api-2.3.3.jar;C:\Users\Admin\.m2\repository\com\sun\activation\jakarta.activation\1.2.2\jakarta.activation-1.2.2.jar;C:\Users\Admin\.m2\repository\javax\activation\activation\1.1.1\activation-1.1.1.jar;C:\Users\Admin\.m2\repository\net\serenity-bdd\serenity-cucumber\3.2.1\serenity-cucumber-3.2.1.jar;C:\Users\Admin\.m2\repository\io\cucumber\cucumber-core\7.2.3\cucumber-core-7.2.3.jar;C:\Users\Admin\.m2\repository\io\cucumber\cucumber-gherkin\7.2.3\cucumber-gherkin-7.2.3.jar;C:\Users\Admin\.m2\repository\io\cucumber\cucumber-gherkin-messages\7.2.3\cucumber-gherkin-messages-7.2.3.jar;C:\Users\Admin\.m2\repository\io\cucumber\messages\17.1.1\messages-17.1.1.jar;C:\Users\Admin\.m2\repository\io\cucumber\tag-expressions\4.1.0\tag-expressions-4.1.0.jar;C:\Users\Admin\.m2\repository\io\cucumber\cucumber-expressions\15.0.1\cucumber-expressions-15.0.1.jar;C:\Users\Admin\.m2\repository\io\cucumber\datatable\7.2.3\datatable-7.2.3.jar;C:\Users\Admin\.m2\repository\io\cucumber\cucumber-plugin\7.2.3\cucumber-plugin-7.2.3.jar;C:\Users\Admin\.m2\repository\io\cucumber\docstring\7.2.3\docstring-7.2.3.jar;C:\Users\Admin\.m2\repository\io\cucumber\html-formatter\17.0.0\html-formatter-17.0.0.jar;C:\Users\Admin\.m2\repository\io\cucumber\ci-environment\8.1.0\ci-environment-8.1.0.jar;C:\Users\Admin\.m2\repository\io\cucumber\cucumber-junit\7.2.3\cucumber-junit-7.2.3.jar;C:\Users\Admin\.m2\repository\org\apache\commons\commons-csv\1.5\commons-csv-1.5.jar;C:\Users\Admin\.m2\repository\net\serenity-bdd\serenity-screenplay\3.2.1\serenity-screenplay-3.2.1.jar;C:\Users\Admin\.m2\repository\net\serenity-bdd\serenity-screenplay-webdriver\3.2.1\serenity-screenplay-webdriver-3.2.1.jar;C:\Users\Admin\.m2\repository\net\serenity-bdd\serenity-ensure\3.2.1\serenity-ensure-3.2.1.jar;C:\Users\Admin\.m2\repository\net\serenity-bdd\serenity-junit\3.2.1\serenity-junit-3.2.1.jar;C:\Users\Admin\.m2\repository\org\jetbrains\kotlin\kotlin-stdlib\1.6.0\kotlin-stdlib-1.6.0.jar;C:\Users\Admin\.m2\repository\org\jetbrains\annotations\13.0\annotations-13.0.jar;C:\Users\Admin\.m2\repository\org\jetbrains\kotlin\kotlin-stdlib-common\1.6.0\kotlin-stdlib-common-1.6.0.jar;C:\Users\Admin\.m2\repository\org\junit\platform\junit-platform-launcher\1.8.1\junit-platform-launcher-1.8.1.jar;C:\Users\Admin\.m2\repository\org\junit\platform\junit-platform-engine\1.8.1\junit-platform-engine-1.8.1.jar;C:\Users\Admin\.m2\repository\org\opentest4j\opentest4j\1.2.0\opentest4j-1.2.0.jar;C:\Users\Admin\.m2\repository\org\junit\platform\junit-platform-commons\1.8.1\junit-platform-commons-1.8.1.jar;C:\Users\Admin\.m2\repository\org\apiguardian\apiguardian-api\1.1.2\apiguardian-api-1.1.2.jar;C:\Users\Admin\.m2\repository\org\junit\jupiter\junit-jupiter-engine\5.8.2\junit-jupiter-engine-5.8.2.jar;C:\Users\Admin\.m2\repository\org\junit\jupiter\junit-jupiter-api\5.8.2\junit-jupiter-api-5.8.2.jar;C:\Users\Admin\.m2\repository\org\junit\vintage\junit-vintage-engine\5.8.2\junit-vintage-engine-5.8.2.jar;C:\Users\Admin\.m2\repository\junit\junit\4.13.2\junit-4.13.2.jar;C:\Users\Admin\.m2\repository\org\hamcrest\hamcrest-core\1.3\hamcrest-core-1.3.jar;C:\Users\Admin\.m2\repository\ch\qos\logback\logback-classic\1.2.10\logback-classic-1.2.10.jar;C:\Users\Admin\.m2\repository\ch\qos\logback\logback-core\1.2.10\logback-core-1.2.10.jar;C:\Users\Admin\.m2\repository\org\slf4j\slf4j-api\1.7.32\slf4j-api-1.7.32.jar;C:\Users\Admin\.m2\repository\org\assertj\assertj-core\3.6.2\assertj-core-3.6.2.jar;"/>
    <property name="java.vm.vendor" value="Oracle Corporation"/>
    <property name="sun.arch.data.model" value="64"/>
    <property name="user.variant" value=""/>
    <property name="java.vendor.url" value="http://java.oracle.com/"/>
    <property name="user.timezone" value="Asia/Bangkok"/>
    <property name="java.vm.specification.version" value="1.8"/>
    <property name="os.name" value="Windows 10"/>
    <property name="user.country" value="US"/>
    <property name="sun.java.launcher" value="SUN_STANDARD"/>
    <property name="sun.boot.library.path" value="C:\Program Files\Java\jdk1.8.0_321\jre\bin"/>
    <property name="sun.java.command" value="C:\Users\Admin\AppData\Local\Temp\surefire5376113290031375299\surefirebooter6669043163143605663.jar C:\Users\Admin\AppData\Local\Temp\surefire5376113290031375299 2022-03-22T21-40-30_484-jvmRun1 surefire3015566876797953309tmp surefire_08786744789061063591tmp"/>
    <property name="surefire.test.class.path" value="D:\BDD\target\test-classes;D:\BDD\target\BDD-1.0-SNAPSHOT.jar;C:\Users\Admin\.m2\repository\net\serenity-bdd\serenity-core\3.2.1\serenity-core-3.2.1.jar;C:\Users\Admin\.m2\repository\net\serenity-bdd\serenity-model\3.2.1\serenity-model-3.2.1.jar;C:\Users\Admin\.m2\repository\org\apache\commons\commons-text\1.9\commons-text-1.9.jar;C:\Users\Admin\.m2\repository\commons-net\commons-net\3.8.0\commons-net-3.8.0.jar;C:\Users\Admin\.m2\repository\com\google\guava\guava\31.1-jre\guava-31.1-jre.jar;C:\Users\Admin\.m2\repository\com\google\guava\failureaccess\1.0.1\failureaccess-1.0.1.jar;C:\Users\Admin\.m2\repository\com\google\guava\listenablefuture\9999.0-empty-to-avoid-conflict-with-guava\listenablefuture-9999.0-empty-to-avoid-conflict-with-guava.jar;C:\Users\Admin\.m2\repository\com\google\code\findbugs\jsr305\3.0.2\jsr305-3.0.2.jar;C:\Users\Admin\.m2\repository\org\checkerframework\checker-qual\3.12.0\checker-qual-3.12.0.jar;C:\Users\Admin\.m2\repository\com\google\errorprone\error_prone_annotations\2.11.0\error_prone_annotations-2.11.0.jar;C:\Users\Admin\.m2\repository\com\google\j2objc\j2objc-annotations\1.3\j2objc-annotations-1.3.jar;C:\Users\Admin\.m2\repository\com\google\inject\guice\5.1.0\guice-5.1.0.jar;C:\Users\Admin\.m2\repository\javax\inject\javax.inject\1\javax.inject-1.jar;C:\Users\Admin\.m2\repository\aopalliance\aopalliance\1.0\aopalliance-1.0.jar;C:\Users\Admin\.m2\repository\org\jsoup\jsoup\1.14.3\jsoup-1.14.3.jar;C:\Users\Admin\.m2\repository\com\thoughtworks\xstream\xstream\1.4.19\xstream-1.4.19.jar;C:\Users\Admin\.m2\repository\io\github\x-stream\mxparser\1.2.2\mxparser-1.2.2.jar;C:\Users\Admin\.m2\repository\xmlpull\xmlpull\1.1.3.1\xmlpull-1.1.3.1.jar;C:\Users\Admin\.m2\repository\io\cucumber\cucumber-java\7.2.3\cucumber-java-7.2.3.jar;C:\Users\Admin\.m2\repository\com\typesafe\config\1.4.2\config-1.4.2.jar;C:\Users\Admin\.m2\repository\org\imgscalr\imgscalr-lib\4.2\imgscalr-lib-4.2.jar;C:\Users\Admin\.m2\repository\org\awaitility\awaitility\4.2.0\awaitility-4.2.0.jar;C:\Users\Admin\.m2\repository\org\freemarker\freemarker\2.3.31\freemarker-2.3.31.jar;C:\Users\Admin\.m2\repository\io\github\classgraph\classgraph\4.8.138\classgraph-4.8.138.jar;C:\Users\Admin\.m2\repository\net\sourceforge\jexcelapi\jxl\2.6.12\jxl-2.6.12.jar;C:\Users\Admin\.m2\repository\net\bytebuddy\byte-buddy\1.12.8\byte-buddy-1.12.8.jar;C:\Users\Admin\.m2\repository\net\bytebuddy\byte-buddy-agent\1.12.8\byte-buddy-agent-1.12.8.jar;C:\Users\Admin\.m2\repository\org\objenesis\objenesis\3.1\objenesis-3.1.jar;C:\Users\Admin\.m2\repository\net\serenity-bdd\serenity-reports\3.2.1\serenity-reports-3.2.1.jar;C:\Users\Admin\.m2\repository\net\serenity-bdd\serenity-stats\3.2.1\serenity-stats-3.2.1.jar;C:\Users\Admin\.m2\repository\net\serenity-bdd\serenity-reports-configuration\3.2.1\serenity-reports-configuration-3.2.1.jar;C:\Users\Admin\.m2\repository\com\vladsch\flexmark\flexmark-all\0.34.30\flexmark-all-0.34.30.jar;C:\Users\Admin\.m2\repository\com\vladsch\flexmark\flexmark\0.34.30\flexmark-0.34.30.jar;C:\Users\Admin\.m2\repository\com\vladsch\flexmark\flexmark-ext-abbreviation\0.34.30\flexmark-ext-abbreviation-0.34.30.jar;C:\Users\Admin\.m2\repository\com\vladsch\flexmark\flexmark-ext-admonition\0.34.30\flexmark-ext-admonition-0.34.30.jar;C:\Users\Admin\.m2\repository\com\vladsch\flexmark\flexmark-ext-anchorlink\0.34.30\flexmark-ext-anchorlink-0.34.30.jar;C:\Users\Admin\.m2\repository\com\vladsch\flexmark\flexmark-ext-aside\0.34.30\flexmark-ext-aside-0.34.30.jar;C:\Users\Admin\.m2\repository\com\vladsch\flexmark\flexmark-ext-attributes\0.34.30\flexmark-ext-attributes-0.34.30.jar;C:\Users\Admin\.m2\repository\com\vladsch\flexmark\flexmark-ext-autolink\0.34.30\flexmark-ext-autolink-0.34.30.jar;C:\Users\Admin\.m2\repository\org\nibor\autolink\autolink\0.6.0\autolink-0.6.0.jar;C:\Users\Admin\.m2\repository\com\vladsch\flexmark\flexmark-ext-definition\0.34.30\flexmark-ext-definition-0.34.30.jar;C:\Users\Admin\.m2\repository\com\vladsch\flexmark\flexmark-ext-emoji\0.34.30\flexmark-ext-emoji-0.34.30.jar;C:\Users\Admin\.m2\repository\com\vladsch\flexmark\flexmark-ext-enumerated-reference\0.34.30\flexmark-ext-enumerated-reference-0.34.30.jar;C:\Users\Admin\.m2\repository\com\vladsch\flexmark\flexmark-ext-escaped-character\0.34.30\flexmark-ext-escaped-character-0.34.30.jar;C:\Users\Admin\.m2\repository\com\vladsch\flexmark\flexmark-ext-footnotes\0.34.30\flexmark-ext-footnotes-0.34.30.jar;C:\Users\Admin\.m2\repository\com\vladsch\flexmark\flexmark-ext-gfm-issues\0.34.30\flexmark-ext-gfm-issues-0.34.30.jar;C:\Users\Admin\.m2\repository\com\vladsch\flexmark\flexmark-ext-gfm-strikethrough\0.34.30\flexmark-ext-gfm-strikethrough-0.34.30.jar;C:\Users\Admin\.m2\repository\com\vladsch\flexmark\flexmark-ext-gfm-tables\0.34.30\flexmark-ext-gfm-tables-0.34.30.jar;C:\Users\Admin\.m2\repository\com\vladsch\flexmark\flexmark-ext-gfm-tasklist\0.34.30\flexmark-ext-gfm-tasklist-0.34.30.jar;C:\Users\Admin\.m2\repository\com\vladsch\flexmark\flexmark-ext-gfm-users\0.34.30\flexmark-ext-gfm-users-0.34.30.jar;C:\Users\Admin\.m2\repository\com\vladsch\flexmark\flexmark-ext-gitlab\0.34.30\flexmark-ext-gitlab-0.34.30.jar;C:\Users\Admin\.m2\repository\com\vladsch\flexmark\flexmark-ext-jekyll-front-matter\0.34.30\flexmark-ext-jekyll-front-matter-0.34.30.jar;C:\Users\Admin\.m2\repository\com\vladsch\flexmark\flexmark-ext-jekyll-tag\0.34.30\flexmark-ext-jekyll-tag-0.34.30.jar;C:\Users\Admin\.m2\repository\com\vladsch\flexmark\flexmark-ext-media-tags\0.34.30\flexmark-ext-media-tags-0.34.30.jar;C:\Users\Admin\.m2\repository\com\vladsch\flexmark\flexmark-test-util\0.34.30\flexmark-test-util-0.34.30.jar;C:\Users\Admin\.m2\repository\com\vladsch\flexmark\flexmark-ext-ins\0.34.30\flexmark-ext-ins-0.34.30.jar;C:\Users\Admin\.m2\repository\com\vladsch\flexmark\flexmark-ext-xwiki-macros\0.34.30\flexmark-ext-xwiki-macros-0.34.30.jar;C:\Users\Admin\.m2\repository\com\vladsch\flexmark\flexmark-ext-superscript\0.34.30\flexmark-ext-superscript-0.34.30.jar;C:\Users\Admin\.m2\repository\com\vladsch\flexmark\flexmark-ext-tables\0.34.30\flexmark-ext-tables-0.34.30.jar;C:\Users\Admin\.m2\repository\com\vladsch\flexmark\flexmark-ext-toc\0.34.30\flexmark-ext-toc-0.34.30.jar;C:\Users\Admin\.m2\repository\com\vladsch\flexmark\flexmark-ext-typographic\0.34.30\flexmark-ext-typographic-0.34.30.jar;C:\Users\Admin\.m2\repository\com\vladsch\flexmark\flexmark-ext-wikilink\0.34.30\flexmark-ext-wikilink-0.34.30.jar;C:\Users\Admin\.m2\repository\com\vladsch\flexmark\flexmark-ext-yaml-front-matter\0.34.30\flexmark-ext-yaml-front-matter-0.34.30.jar;C:\Users\Admin\.m2\repository\com\vladsch\flexmark\flexmark-ext-youtube-embedded\0.34.30\flexmark-ext-youtube-embedded-0.34.30.jar;C:\Users\Admin\.m2\repository\com\vladsch\flexmark\flexmark-formatter\0.34.30\flexmark-formatter-0.34.30.jar;C:\Users\Admin\.m2\repository\com\vladsch\flexmark\flexmark-html-parser\0.34.30\flexmark-html-parser-0.34.30.jar;C:\Users\Admin\.m2\repository\com\vladsch\flexmark\flexmark-jira-converter\0.34.30\flexmark-jira-converter-0.34.30.jar;C:\Users\Admin\.m2\repository\com\vladsch\flexmark\flexmark-pdf-converter\0.34.30\flexmark-pdf-converter-0.34.30.jar;C:\Users\Admin\.m2\repository\com\openhtmltopdf\openhtmltopdf-core\0.0.1-RC13\openhtmltopdf-core-0.0.1-RC13.jar;C:\Users\Admin\.m2\repository\com\openhtmltopdf\openhtmltopdf-pdfbox\0.0.1-RC13\openhtmltopdf-pdfbox-0.0.1-RC13.jar;C:\Users\Admin\.m2\repository\org\apache\pdfbox\pdfbox\2.0.8\pdfbox-2.0.8.jar;C:\Users\Admin\.m2\repository\org\apache\pdfbox\fontbox\2.0.8\fontbox-2.0.8.jar;C:\Users\Admin\.m2\repository\commons-logging\commons-logging\1.2\commons-logging-1.2.jar;C:\Users\Admin\.m2\repository\org\apache\pdfbox\xmpbox\2.0.8\xmpbox-2.0.8.jar;C:\Users\Admin\.m2\repository\de\rototor\pdfbox\graphics2d\0.12\graphics2d-0.12.jar;C:\Users\Admin\.m2\repository\com\openhtmltopdf\openhtmltopdf-rtl-support\0.0.1-RC13\openhtmltopdf-rtl-support-0.0.1-RC13.jar;C:\Users\Admin\.m2\repository\com\ibm\icu\icu4j\59.1\icu4j-59.1.jar;C:\Users\Admin\.m2\repository\com\openhtmltopdf\openhtmltopdf-jsoup-dom-converter\0.0.1-RC13\openhtmltopdf-jsoup-dom-converter-0.0.1-RC13.jar;C:\Users\Admin\.m2\repository\com\vladsch\flexmark\flexmark-profile-pegdown\0.34.30\flexmark-profile-pegdown-0.34.30.jar;C:\Users\Admin\.m2\repository\com\vladsch\flexmark\flexmark-util\0.34.30\flexmark-util-0.34.30.jar;C:\Users\Admin\.m2\repository\com\vladsch\flexmark\flexmark-youtrack-converter\0.34.30\flexmark-youtrack-converter-0.34.30.jar;C:\Users\Admin\.m2\repository\es\nitaur\markdown\txtmark\0.16\txtmark-0.16.jar;C:\Users\Admin\.m2\repository\net\serenity-bdd\serenity-report-resources\3.2.1\serenity-report-resources-3.2.1.jar;C:\Users\Admin\.m2\repository\com\google\code\gson\gson\2.9.0\gson-2.9.0.jar;C:\Users\Admin\.m2\repository\com\fasterxml\jackson\core\jackson-core\2.13.2\jackson-core-2.13.2.jar;C:\Users\Admin\.m2\repository\com\fasterxml\jackson\core\jackson-databind\2.13.2\jackson-databind-2.13.2.jar;C:\Users\Admin\.m2\repository\com\fasterxml\jackson\core\jackson-annotations\2.13.2\jackson-annotations-2.13.2.jar;C:\Users\Admin\.m2\repository\commons-codec\commons-codec\1.15\commons-codec-1.15.jar;C:\Users\Admin\.m2\repository\commons-io\commons-io\2.11.0\commons-io-2.11.0.jar;C:\Users\Admin\.m2\repository\org\seleniumhq\selenium\selenium-java\4.1.2\selenium-java-4.1.2.jar;C:\Users\Admin\.m2\repository\org\seleniumhq\selenium\selenium-devtools-v85\4.1.2\selenium-devtools-v85-4.1.2.jar;C:\Users\Admin\.m2\repository\org\seleniumhq\selenium\selenium-devtools-v95\4.1.2\selenium-devtools-v95-4.1.2.jar;C:\Users\Admin\.m2\repository\org\seleniumhq\selenium\selenium-devtools-v96\4.1.2\selenium-devtools-v96-4.1.2.jar;C:\Users\Admin\.m2\repository\org\seleniumhq\selenium\selenium-devtools-v97\4.1.2\selenium-devtools-v97-4.1.2.jar;C:\Users\Admin\.m2\repository\org\seleniumhq\selenium\selenium-firefox-xpi-driver\4.1.2\selenium-firefox-xpi-driver-4.1.2.jar;C:\Users\Admin\.m2\repository\org\seleniumhq\selenium\selenium-opera-driver\4.1.2\selenium-opera-driver-4.1.2.jar;C:\Users\Admin\.m2\repository\org\seleniumhq\selenium\selenium-remote-driver\4.1.2\selenium-remote-driver-4.1.2.jar;C:\Users\Admin\.m2\repository\com\beust\jcommander\1.82\jcommander-1.82.jar;C:\Users\Admin\.m2\repository\io\netty\netty-buffer\4.1.73.Final\netty-buffer-4.1.73.Final.jar;C:\Users\Admin\.m2\repository\io\netty\netty-codec-http\4.1.73.Final\netty-codec-http-4.1.73.Final.jar;C:\Users\Admin\.m2\repository\io\netty\netty-codec\4.1.73.Final\netty-codec-4.1.73.Final.jar;C:\Users\Admin\.m2\repository\io\netty\netty-handler\4.1.73.Final\netty-handler-4.1.73.Final.jar;C:\Users\Admin\.m2\repository\io\netty\netty-tcnative-classes\2.0.46.Final\netty-tcnative-classes-2.0.46.Final.jar;C:\Users\Admin\.m2\repository\io\netty\netty-common\4.1.73.Final\netty-common-4.1.73.Final.jar;C:\Users\Admin\.m2\repository\io\netty\netty-transport-classes-epoll\4.1.73.Final\netty-transport-classes-epoll-4.1.73.Final.jar;C:\Users\Admin\.m2\repository\io\netty\netty-transport-classes-kqueue\4.1.73.Final\netty-transport-classes-kqueue-4.1.73.Final.jar;C:\Users\Admin\.m2\repository\io\netty\netty-transport-native-epoll\4.1.73.Final\netty-transport-native-epoll-4.1.73.Final.jar;C:\Users\Admin\.m2\repository\io\netty\netty-transport-native-kqueue\4.1.73.Final\netty-transport-native-kqueue-4.1.73.Final.jar;C:\Users\Admin\.m2\repository\io\netty\netty-transport-native-unix-common\4.1.73.Final\netty-transport-native-unix-common-4.1.73.Final.jar;C:\Users\Admin\.m2\repository\io\netty\netty-transport\4.1.73.Final\netty-transport-4.1.73.Final.jar;C:\Users\Admin\.m2\repository\io\netty\netty-resolver\4.1.73.Final\netty-resolver-4.1.73.Final.jar;C:\Users\Admin\.m2\repository\io\opentelemetry\opentelemetry-api\1.10.1\opentelemetry-api-1.10.1.jar;C:\Users\Admin\.m2\repository\io\opentelemetry\opentelemetry-context\1.10.1\opentelemetry-context-1.10.1.jar;C:\Users\Admin\.m2\repository\io\opentelemetry\opentelemetry-exporter-logging\1.10.1\opentelemetry-exporter-logging-1.10.1.jar;C:\Users\Admin\.m2\repository\io\opentelemetry\opentelemetry-sdk-metrics\1.10.1-alpha\opentelemetry-sdk-metrics-1.10.1-alpha.jar;C:\Users\Admin\.m2\repository\io\opentelemetry\opentelemetry-sdk-logs\1.10.1-alpha\opentelemetry-sdk-logs-1.10.1-alpha.jar;C:\Users\Admin\.m2\repository\io\opentelemetry\opentelemetry-sdk-common\1.10.1\opentelemetry-sdk-common-1.10.1.jar;C:\Users\Admin\.m2\repository\io\opentelemetry\opentelemetry-sdk-extension-autoconfigure-spi\1.10.1\opentelemetry-sdk-extension-autoconfigure-spi-1.10.1.jar;C:\Users\Admin\.m2\repository\io\opentelemetry\opentelemetry-sdk-extension-autoconfigure\1.10.1-alpha\opentelemetry-sdk-extension-autoconfigure-1.10.1-alpha.jar;C:\Users\Admin\.m2\repository\io\opentelemetry\opentelemetry-sdk-trace\1.10.1\opentelemetry-sdk-trace-1.10.1.jar;C:\Users\Admin\.m2\repository\io\opentelemetry\opentelemetry-sdk\1.10.1\opentelemetry-sdk-1.10.1.jar;C:\Users\Admin\.m2\repository\io\opentelemetry\opentelemetry-semconv\1.10.1-alpha\opentelemetry-semconv-1.10.1-alpha.jar;C:\Users\Admin\.m2\repository\io\ous\jtoml\2.0.0\jtoml-2.0.0.jar;C:\Users\Admin\.m2\repository\org\apache\commons\commons-exec\1.3\commons-exec-1.3.jar;C:\Users\Admin\.m2\repository\org\asynchttpclient\async-http-client\2.12.3\async-http-client-2.12.3.jar;C:\Users\Admin\.m2\repository\org\asynchttpclient\async-http-client-netty-utils\2.12.3\async-http-client-netty-utils-2.12.3.jar;C:\Users\Admin\.m2\repository\io\netty\netty-codec-socks\4.1.60.Final\netty-codec-socks-4.1.60.Final.jar;C:\Users\Admin\.m2\repository\io\netty\netty-handler-proxy\4.1.60.Final\netty-handler-proxy-4.1.60.Final.jar;C:\Users\Admin\.m2\repository\io\netty\netty-transport-native-epoll\4.1.60.Final\netty-transport-native-epoll-4.1.60.Final-linux-x86_64.jar;C:\Users\Admin\.m2\repository\io\netty\netty-transport-native-kqueue\4.1.60.Final\netty-transport-native-kqueue-4.1.60.Final-osx-x86_64.jar;C:\Users\Admin\.m2\repository\org\reactivestreams\reactive-streams\1.0.3\reactive-streams-1.0.3.jar;C:\Users\Admin\.m2\repository\com\typesafe\netty\netty-reactive-streams\2.0.4\netty-reactive-streams-2.0.4.jar;C:\Users\Admin\.m2\repository\org\seleniumhq\selenium\selenium-http\4.1.2\selenium-http-4.1.2.jar;C:\Users\Admin\.m2\repository\net\jodah\failsafe\2.4.4\failsafe-2.4.4.jar;C:\Users\Admin\.m2\repository\org\seleniumhq\selenium\selenium-safari-driver\4.1.2\selenium-safari-driver-4.1.2.jar;C:\Users\Admin\.m2\repository\org\seleniumhq\selenium\selenium-api\4.1.2\selenium-api-4.1.2.jar;C:\Users\Admin\.m2\repository\org\seleniumhq\selenium\selenium-support\4.1.2\selenium-support-4.1.2.jar;C:\Users\Admin\.m2\repository\com\google\auto\service\auto-service-annotations\1.0.1\auto-service-annotations-1.0.1.jar;C:\Users\Admin\.m2\repository\com\google\auto\service\auto-service\1.0.1\auto-service-1.0.1.jar;C:\Users\Admin\.m2\repository\com\google\auto\auto-common\1.2\auto-common-1.2.jar;C:\Users\Admin\.m2\repository\org\seleniumhq\selenium\selenium-json\4.1.2\selenium-json-4.1.2.jar;C:\Users\Admin\.m2\repository\org\seleniumhq\selenium\selenium-chrome-driver\4.1.2\selenium-chrome-driver-4.1.2.jar;C:\Users\Admin\.m2\repository\org\seleniumhq\selenium\selenium-chromium-driver\4.1.2\selenium-chromium-driver-4.1.2.jar;C:\Users\Admin\.m2\repository\org\seleniumhq\selenium\selenium-firefox-driver\4.1.2\selenium-firefox-driver-4.1.2.jar;C:\Users\Admin\.m2\repository\org\seleniumhq\selenium\selenium-edge-driver\4.1.2\selenium-edge-driver-4.1.2.jar;C:\Users\Admin\.m2\repository\org\seleniumhq\selenium\selenium-ie-driver\4.1.2\selenium-ie-driver-4.1.2.jar;C:\Users\Admin\.m2\repository\org\projectlombok\lombok\1.18.20\lombok-1.18.20.jar;C:\Users\Admin\.m2\repository\io\appium\java-client\8.0.0\java-client-8.0.0.jar;C:\Users\Admin\.m2\repository\commons-validator\commons-validator\1.7\commons-validator-1.7.jar;C:\Users\Admin\.m2\repository\commons-digester\commons-digester\2.1\commons-digester-2.1.jar;C:\Users\Admin\.m2\repository\org\aspectj\aspectjweaver\1.9.8\aspectjweaver-1.9.8.jar;C:\Users\Admin\.m2\repository\org\codehaus\groovy\groovy\3.0.10\groovy-3.0.10.jar;C:\Users\Admin\.m2\repository\net\sf\opencsv\opencsv\2.0\opencsv-2.0.jar;C:\Users\Admin\.m2\repository\commons-beanutils\commons-beanutils\1.9.4\commons-beanutils-1.9.4.jar;C:\Users\Admin\.m2\repository\org\apache\commons\commons-lang3\3.12.0\commons-lang3-3.12.0.jar;C:\Users\Admin\.m2\repository\commons-collections\commons-collections\3.2.2\commons-collections-3.2.2.jar;C:\Users\Admin\.m2\repository\org\fluentlenium\fluentlenium-core\0.10.2\fluentlenium-core-0.10.2.jar;C:\Users\Admin\.m2\repository\io\github\bonigarcia\webdrivermanager\5.1.0\webdrivermanager-5.1.0.jar;C:\Users\Admin\.m2\repository\com\github\docker-java\docker-java\3.2.13\docker-java-3.2.13.jar;C:\Users\Admin\.m2\repository\com\github\docker-java\docker-java-core\3.2.13\docker-java-core-3.2.13.jar;C:\Users\Admin\.m2\repository\com\github\docker-java\docker-java-api\3.2.13\docker-java-api-3.2.13.jar;C:\Users\Admin\.m2\repository\org\apache\commons\commons-compress\1.21\commons-compress-1.21.jar;C:\Users\Admin\.m2\repository\org\bouncycastle\bcpkix-jdk15on\1.64\bcpkix-jdk15on-1.64.jar;C:\Users\Admin\.m2\repository\org\bouncycastle\bcprov-jdk15on\1.64\bcprov-jdk15on-1.64.jar;C:\Users\Admin\.m2\repository\org\slf4j\jcl-over-slf4j\1.7.30\jcl-over-slf4j-1.7.30.jar;C:\Users\Admin\.m2\repository\com\github\docker-java\docker-java-transport-httpclient5\3.2.13\docker-java-transport-httpclient5-3.2.13.jar;C:\Users\Admin\.m2\repository\com\github\docker-java\docker-java-transport\3.2.13\docker-java-transport-3.2.13.jar;C:\Users\Admin\.m2\repository\org\apache\httpcomponents\client5\httpclient5\5.0.3\httpclient5-5.0.3.jar;C:\Users\Admin\.m2\repository\org\apache\httpcomponents\core5\httpcore5\5.0.2\httpcore5-5.0.2.jar;C:\Users\Admin\.m2\repository\net\java\dev\jna\jna\5.8.0\jna-5.8.0.jar;C:\Users\Admin\.m2\repository\org\brotli\dec\0.1.2\dec-0.1.2.jar;C:\Users\Admin\.m2\repository\com\jhlabs\filters\2.0.235\filters-2.0.235.jar;C:\Users\Admin\.m2\repository\com\paulhammant\ngwebdriver\1.1.6\ngwebdriver-1.1.6.jar;C:\Users\Admin\.m2\repository\joda-time\joda-time\2.8.2\joda-time-2.8.2.jar;C:\Users\Admin\.m2\repository\org\hamcrest\hamcrest\2.2\hamcrest-2.2.jar;C:\Users\Admin\.m2\repository\com\google\jimfs\jimfs\1.2\jimfs-1.2.jar;C:\Users\Admin\.m2\repository\org\mockito\mockito-core\3.3.3\mockito-core-3.3.3.jar;C:\Users\Admin\.m2\repository\javax\xml\bind\jaxb-api\2.3.1\jaxb-api-2.3.1.jar;C:\Users\Admin\.m2\repository\javax\activation\javax.activation-api\1.2.0\javax.activation-api-1.2.0.jar;C:\Users\Admin\.m2\repository\com\sun\xml\bind\jaxb-core\2.3.0.1\jaxb-core-2.3.0.1.jar;C:\Users\Admin\.m2\repository\com\sun\xml\bind\jaxb-impl\2.3.3\jaxb-impl-2.3.3.jar;C:\Users\Admin\.m2\repository\jakarta\xml\bind\jakarta.xml.bind-api\2.3.3\jakarta.xml.bind-api-2.3.3.jar;C:\Users\Admin\.m2\repository\com\sun\activation\jakarta.activation\1.2.2\jakarta.activation-1.2.2.jar;C:\Users\Admin\.m2\repository\javax\activation\activation\1.1.1\activation-1.1.1.jar;C:\Users\Admin\.m2\repository\net\serenity-bdd\serenity-cucumber\3.2.1\serenity-cucumber-3.2.1.jar;C:\Users\Admin\.m2\repository\io\cucumber\cucumber-core\7.2.3\cucumber-core-7.2.3.jar;C:\Users\Admin\.m2\repository\io\cucumber\cucumber-gherkin\7.2.3\cucumber-gherkin-7.2.3.jar;C:\Users\Admin\.m2\repository\io\cucumber\cucumber-gherkin-messages\7.2.3\cucumber-gherkin-messages-7.2.3.jar;C:\Users\Admin\.m2\repository\io\cucumber\messages\17.1.1\messages-17.1.1.jar;C:\Users\Admin\.m2\repository\io\cucumber\tag-expressions\4.1.0\tag-expressions-4.1.0.jar;C:\Users\Admin\.m2\repository\io\cucumber\cucumber-expressions\15.0.1\cucumber-expressions-15.0.1.jar;C:\Users\Admin\.m2\repository\io\cucumber\datatable\7.2.3\datatable-7.2.3.jar;C:\Users\Admin\.m2\repository\io\cucumber\cucumber-plugin\7.2.3\cucumber-plugin-7.2.3.jar;C:\Users\Admin\.m2\repository\io\cucumber\docstring\7.2.3\docstring-7.2.3.jar;C:\Users\Admin\.m2\repository\io\cucumber\html-formatter\17.0.0\html-formatter-17.0.0.jar;C:\Users\Admin\.m2\repository\io\cucumber\ci-environment\8.1.0\ci-environment-8.1.0.jar;C:\Users\Admin\.m2\repository\io\cucumber\cucumber-junit\7.2.3\cucumber-junit-7.2.3.jar;C:\Users\Admin\.m2\repository\org\apache\commons\commons-csv\1.5\commons-csv-1.5.jar;C:\Users\Admin\.m2\repository\net\serenity-bdd\serenity-screenplay\3.2.1\serenity-screenplay-3.2.1.jar;C:\Users\Admin\.m2\repository\net\serenity-bdd\serenity-screenplay-webdriver\3.2.1\serenity-screenplay-webdriver-3.2.1.jar;C:\Users\Admin\.m2\repository\net\serenity-bdd\serenity-ensure\3.2.1\serenity-ensure-3.2.1.jar;C:\Users\Admin\.m2\repository\net\serenity-bdd\serenity-junit\3.2.1\serenity-junit-3.2.1.jar;C:\Users\Admin\.m2\repository\org\jetbrains\kotlin\kotlin-stdlib\1.6.0\kotlin-stdlib-1.6.0.jar;C:\Users\Admin\.m2\repository\org\jetbrains\annotations\13.0\annotations-13.0.jar;C:\Users\Admin\.m2\repository\org\jetbrains\kotlin\kotlin-stdlib-common\1.6.0\kotlin-stdlib-common-1.6.0.jar;C:\Users\Admin\.m2\repository\org\junit\platform\junit-platform-launcher\1.8.1\junit-platform-launcher-1.8.1.jar;C:\Users\Admin\.m2\repository\org\junit\platform\junit-platform-engine\1.8.1\junit-platform-engine-1.8.1.jar;C:\Users\Admin\.m2\repository\org\opentest4j\opentest4j\1.2.0\opentest4j-1.2.0.jar;C:\Users\Admin\.m2\repository\org\junit\platform\junit-platform-commons\1.8.1\junit-platform-commons-1.8.1.jar;C:\Users\Admin\.m2\repository\org\apiguardian\apiguardian-api\1.1.2\apiguardian-api-1.1.2.jar;C:\Users\Admin\.m2\repository\org\junit\jupiter\junit-jupiter-engine\5.8.2\junit-jupiter-engine-5.8.2.jar;C:\Users\Admin\.m2\repository\org\junit\jupiter\junit-jupiter-api\5.8.2\junit-jupiter-api-5.8.2.jar;C:\Users\Admin\.m2\repository\org\junit\vintage\junit-vintage-engine\5.8.2\junit-vintage-engine-5.8.2.jar;C:\Users\Admin\.m2\repository\junit\junit\4.13.2\junit-4.13.2.jar;C:\Users\Admin\.m2\repository\org\hamcrest\hamcrest-core\1.3\hamcrest-core-1.3.jar;C:\Users\Admin\.m2\repository\ch\qos\logback\logback-classic\1.2.10\logback-classic-1.2.10.jar;C:\Users\Admin\.m2\repository\ch\qos\logback\logback-core\1.2.10\logback-core-1.2.10.jar;C:\Users\Admin\.m2\repository\org\slf4j\slf4j-api\1.7.32\slf4j-api-1.7.32.jar;C:\Users\Admin\.m2\repository\org\assertj\assertj-core\3.6.2\assertj-core-3.6.2.jar;"/>
    <property name="sun.cpu.endian" value="little"/>
    <property name="user.home" value="C:\Users\Admin"/>
    <property name="user.language" value="en"/>
    <property name="java.specification.vendor" value="Oracle Corporation"/>
    <property name="java.home" value="C:\Program Files\Java\jdk1.8.0_321\jre"/>
    <property name="basedir" value="D:\BDD"/>
    <property name="file.separator" value="\"/>
    <property name="line.separator" value="&#10;"/>
    <property name="java.vm.specification.vendor" value="Oracle Corporation"/>
    <property name="java.specification.name" value="Java Platform API Specification"/>
    <property name="java.awt.graphicsenv" value="sun.awt.Win32GraphicsEnvironment"/>
    <property name="surefire.real.class.path" value="C:\Users\Admin\AppData\Local\Temp\surefire5376113290031375299\surefirebooter6669043163143605663.jar"/>
    <property name="sun.boot.class.path" value="C:\Program Files\Java\jdk1.8.0_321\jre\lib\resources.jar;C:\Program Files\Java\jdk1.8.0_321\jre\lib\rt.jar;C:\Program Files\Java\jdk1.8.0_321\jre\lib\sunrsasign.jar;C:\Program Files\Java\jdk1.8.0_321\jre\lib\jsse.jar;C:\Program Files\Java\jdk1.8.0_321\jre\lib\jce.jar;C:\Program Files\Java\jdk1.8.0_321\jre\lib\charsets.jar;C:\Program Files\Java\jdk1.8.0_321\jre\lib\jfr.jar;C:\Program Files\Java\jdk1.8.0_321\jre\classes"/>
    <property name="user.script" value=""/>
    <property name="sun.management.compiler" value="HotSpot 64-Bit Tiered Compilers"/>
    <property name="java.runtime.version" value="1.8.0_321-b07"/>
    <property name="user.name" value="Admin"/>
    <property name="path.separator" value=";"/>
    <property name="os.version" value="10.0"/>
    <property name="java.endorsed.dirs" value="C:\Program Files\Java\jdk1.8.0_321\jre\lib\endorsed"/>
    <property name="java.runtime.name" value="Java(TM) SE Runtime Environment"/>
    <property name="file.encoding" value="Cp1252"/>
    <property name="webdriver.base.url" value=""/>
    <property name="java.vm.name" value="Java HotSpot(TM) 64-Bit Server VM"/>
    <property name="localRepository" value="C:\Users\Admin\.m2\repository"/>
    <property name="java.vendor.url.bug" value="http://bugreport.sun.com/bugreport/"/>
    <property name="java.io.tmpdir" value="C:\Users\Admin\AppData\Local\Temp\"/>
    <property name="java.version" value="1.8.0_321"/>
    <property name="user.dir" value="D:\BDD"/>
    <property name="os.arch" value="amd64"/>
    <property name="java.vm.specification.name" value="Java Virtual Machine Specification"/>
    <property name="java.awt.printerjob" value="sun.awt.windows.WPrinterJob"/>
    <property name="sun.os.patch.level" value=""/>
    <property name="java.library.path" value="C:\Program Files\Java\jdk1.8.0_321\jre\bin;C:\Windows\Sun\Java\bin;C:\Windows\system32;C:\Windows;C:\Program Files (x86)\Common Files\Oracle\Java\javapath;C:\Windows\system32;C:\Windows;C:\Windows\System32\Wbem;C:\Windows\System32\WindowsPowerShell\v1.0\;C:\Windows\System32\OpenSSH\;C:\Program Files\MATLAB\R2016a\runtime\win64;C:\Program Files\MATLAB\R2016a\bin;C:\Program Files\MATLAB\R2016a\polyspace\bin;C:\Program Files\Git\cmd;C:\Program Files\Git\mingw64\bin;C:\Program Files\Git\usr\bin;C:\Program Files (x86)\dotnet\;C:\OPT\apache-maven-3.8.5\bin;%M2_HOME%\bin;C:\Users\Admin\AppData\Local\Microsoft\WindowsApps;;C:\Users\Admin\AppData\Local\Programs\Microsoft VS Code\bin;."/>
    <property name="java.vm.info" value="mixed mode"/>
    <property name="java.vendor" value="Oracle Corporation"/>
    <property name="java.vm.version" value="25.321-b07"/>
    <property name="java.ext.dirs" value="C:\Program Files\Java\jdk1.8.0_321\jre\lib\ext;C:\Windows\Sun\Java\lib\ext"/>
    <property name="sun.io.unicode.encoding" value="UnicodeLittle"/>
    <property name="java.class.version" value="52.0"/>
  </properties>
  <testcase name="As user i have be able to see discover page" classname="As a user I want to see contents on discover page So that i can read existing contents" time="1.87">
    <system-out><![CDATA[21:40:36.821 [main] INFO io.cucumber.core.plugin.SerenityReporter - Running feature from file:///D:/BDD/src/test/resources/features/Discover.feature
21:40:37.214 [main] INFO  - 

-------------------------------------------------------------------------------------
     _______. _______ .______       _______ .__   __.  __  .___________.____    ____ 
    /       ||   ____||   _  \     |   ____||  \ |  | |  | |           |\   \  /   / 
   |   (----`|  |__   |  |_)  |    |  |__   |   \|  | |  | `---|  |----` \   \/   /  
    \   \    |   __|  |      /     |   __|  |  . `  | |  |     |  |       \_    _/   
.----)   |   |  |____ |  |\  \----.|  |____ |  |\   | |  |     |  |         |  |     
|_______/    |_______|| _| `._____||_______||__| \__| |__|     |__|         |__|    
                                                                                     
 News and tutorials at http://www.serenity-bdd.info                                  
 Documentation at https://wakaleo.gitbooks.io/the-serenity-book/content/             
 Join the Serenity Community on Gitter: https://gitter.im/serenity-bdd/serenity-core 
 Serenity BDD Support and Training at http://serenity-bdd.info/#/trainingandsupport  
-------------------------------------------------------------------------------------

21:40:37.222 [main] DEBUG net.thucydides.core.steps.StepEventBus - Test suite started for story net.thucydides.core.model.Story@cbeb8633
21:40:37.228 [main] INFO  - Test Suite Started: As a user I want to see contents on discover page So that i can read existing contents
21:40:37.261 [main] INFO io.cucumber.core.plugin.SerenityReporter - Running feature from file:///D:/BDD/src/test/resources/features/Job.feature
21:40:37.265 [main] DEBUG net.thucydides.core.steps.StepEventBus - Test suite started for story net.thucydides.core.model.Story@117eee45
21:40:37.266 [main] INFO  - Test Suite Started: As an user I want to see many job on job page So that i can see existing many jobs
21:40:37.266 [main] INFO io.cucumber.core.plugin.SerenityReporter - Running feature from file:///D:/BDD/src/test/resources/features/Learnign.feature
21:40:37.271 [main] DEBUG net.thucydides.core.steps.StepEventBus - Test suite started for story net.thucydides.core.model.Story@277bd0da
21:40:37.272 [main] INFO  - Test Suite Started: As an user I want to see existing learn on learning page So that i can see many learning
21:40:37.272 [main] INFO io.cucumber.core.plugin.SerenityReporter - Running feature from file:///D:/BDD/src/test/resources/features/Login.feature
21:40:37.333 [main] DEBUG net.thucydides.core.steps.StepEventBus - Test suite started for story net.thucydides.core.model.Story@9478d83c
21:40:37.334 [main] INFO  - Test Suite Started: As an user I want to see my home page So that i can update my profile
21:40:37.334 [main] INFO io.cucumber.core.plugin.SerenityReporter - Running feature from file:///D:/BDD/src/test/resources/features/People.feature
21:40:37.340 [main] DEBUG net.thucydides.core.steps.StepEventBus - Test suite started for story net.thucydides.core.model.Story@a647613b
21:40:37.340 [main] INFO  - Test Suite Started: As an user I want to search people So that i can add new friend
21:40:37.340 [main] INFO io.cucumber.core.plugin.SerenityReporter - Running feature from file:///D:/BDD/src/test/resources/features/SignUp.feature
21:40:37.350 [main] DEBUG net.thucydides.core.steps.StepEventBus - Test suite started for story net.thucydides.core.model.Story@88222f68
21:40:37.350 [main] INFO  - Test Suite Started: As a user I want to sign up using my email account and google So that i can login to the app
21:40:37.352 [main] INFO io.cucumber.core.plugin.SerenityReporter - Running feature from file:///D:/BDD/src/test/resources/features/Discover.feature
21:40:37.355 [main] DEBUG net.thucydides.core.steps.StepEventBus - Test suite started for story net.thucydides.core.model.Story@cbeb8633
21:40:37.356 [main] INFO  - Test Suite Started: As a user I want to see contents on discover page So that i can read existing contents

Scenario: As user i have be able to see discover page &amp#27;[90m# src/test/resources/features/Discover.feature:3&amp#27;[0m
21:40:37.538 [main] INFO io.cucumber.core.plugin.SerenityReporter - Running feature from file:///D:/BDD/src/test/resources/features/Discover.feature
21:40:37.894 [main] INFO  - 
  _____   ___   ___   _____     ___   _____     _     ___   _____   ___   ___  
 |_   _| | __| / __| |_   _|   / __| |_   _|   /_\   | _ \ |_   _| | __| |   \ 
   | |   | _|  \__ \   | |     \__ \   | |    / _ \  |   /   | |   | _|  | |) |
   |_|   |___| |___/   |_|     |___/   |_|   /_/ \_\ |_|_\   |_|   |___| |___/ 

As user i have be able to see discover page(as-a-user-i-want-to-see-contents-on-discover-page-so-that-i-can-read-existing-contents;as-user-i-have-be-able-to-see-discover-page)
--------------------------------------------------------------------------------
21:40:39.137 [main] DEBUG net.thucydides.core.steps.StepInterceptor - STARTING STEP: LoginSteps.onTheHomrPage - I am on the home page
I am on the home page
21:40:39.149 [main] DEBUG net.thucydides.core.steps.StepInterceptor - STEP DONE: I am on the home page
  &amp#27;[32mGiven &amp#27;[0m&amp#27;[32mI am on the home page&amp#27;[0m                         &amp#27;[90m# starter.stepdefenitions.LoginSteps.onTheHomrPage()&amp#27;[0m
21:40:39.200 [main] DEBUG net.thucydides.core.steps.StepInterceptor - STARTING STEP: DiscoverSteps.clickDiscoverButton - I click discover button
click discover button
21:40:39.200 [main] DEBUG net.thucydides.core.steps.StepInterceptor - STEP DONE: I click discover button
  &amp#27;[32mWhen &amp#27;[0m&amp#27;[32mI click discover button&amp#27;[0m                        &amp#27;[90m# starter.stepdefenitions.DiscoverSteps.clickDiscoverButton()&amp#27;[0m
21:40:39.209 [main] DEBUG net.thucydides.core.steps.StepInterceptor - STARTING STEP: DiscoverSteps.onDiscoverPage - I am on discover page
on discover page
21:40:39.210 [main] DEBUG net.thucydides.core.steps.StepInterceptor - STEP DONE: I am on discover page
  &amp#27;[32mThen &amp#27;[0m&amp#27;[32mI am on discover page&amp#27;[0m                          &amp#27;[90m# starter.stepdefenitions.DiscoverSteps.onDiscoverPage()&amp#27;[0m
21:40:39.219 [main] INFO  - 
  _____   ___   ___   _____     ___     _     ___   ___   ___   ___  
 |_   _| | __| / __| |_   _|   | _ \   /_\   / __| / __| | __| |   \ 
   | |   | _|  \__ \   | |     |  _/  / _ \  \__ \ \__ \ | _|  | |) |
   |_|   |___| |___/   |_|     |_|   /_/ \_\ |___/ |___/ |___| |___/ 

As user i have be able to see discover page
----------------------------------------------------------------------
]]></system-out>
  </testcase>
  <testcase name="As an user i have be able to see existing many jobs" classname="As an user I want to see many job on job page So that i can see existing many jobs" time="0.162">
    <system-out><![CDATA[21:40:39.235 [main] INFO io.cucumber.core.plugin.SerenityReporter - Running feature from file:///D:/BDD/src/test/resources/features/Job.feature
21:40:39.243 [main] DEBUG net.thucydides.core.steps.StepEventBus - Test suite started for story net.thucydides.core.model.Story@117eee45
21:40:39.245 [main] INFO  - Test Suite Started: As an user I want to see many job on job page So that i can see existing many jobs

Scenario: As an user i have be able to see existing many jobs &amp#27;[90m# src/test/resources/features/Job.feature:3&amp#27;[0m
21:40:39.284 [main] INFO io.cucumber.core.plugin.SerenityReporter - Running feature from file:///D:/BDD/src/test/resources/features/Job.feature
21:40:39.289 [main] INFO  - 
  _____   ___   ___   _____     ___   _____     _     ___   _____   ___   ___  
 |_   _| | __| / __| |_   _|   / __| |_   _|   /_\   | _ \ |_   _| | __| |   \ 
   | |   | _|  \__ \   | |     \__ \   | |    / _ \  |   /   | |   | _|  | |) |
   |_|   |___| |___/   |_|     |___/   |_|   /_/ \_\ |_|_\   |_|   |___| |___/ 

As an user i have be able to see existing many jobs(as-an-user-i-want-to-see-many-job-on-job-page-so-that-i-can-see-existing-many-jobs;as-an-user-i-have-be-able-to-see-existing-many-jobs)
--------------------------------------------------------------------------------
21:40:39.326 [main] DEBUG net.thucydides.core.steps.StepInterceptor - STARTING STEP: LoginSteps.onTheHomrPage - I am on the home page
I am on the home page
21:40:39.327 [main] DEBUG net.thucydides.core.steps.StepInterceptor - STEP DONE: I am on the home page
  &amp#27;[32mGiven &amp#27;[0m&amp#27;[32mI am on the home page&amp#27;[0m                                 &amp#27;[90m# starter.stepdefenitions.LoginSteps.onTheHomrPage()&amp#27;[0m
21:40:39.385 [main] DEBUG net.thucydides.core.steps.StepInterceptor - STARTING STEP: JobsSteps.clickJobsButton - I click jobs button
click jobs button
21:40:39.386 [main] DEBUG net.thucydides.core.steps.StepInterceptor - STEP DONE: I click jobs button
  &amp#27;[32mWhen &amp#27;[0m&amp#27;[32mI click jobs button&amp#27;[0m                                    &amp#27;[90m# starter.stepdefenitions.JobsSteps.clickJobsButton()&amp#27;[0m
21:40:39.393 [main] DEBUG net.thucydides.core.steps.StepInterceptor - STARTING STEP: JobsSteps.seeManyJobs - I can see many jobs existing
I can see many jobs existing
21:40:39.394 [main] DEBUG net.thucydides.core.steps.StepInterceptor - STEP DONE: I can see many jobs existing
  &amp#27;[32mThen &amp#27;[0m&amp#27;[32mI can see many jobs existing&amp#27;[0m                           &amp#27;[90m# starter.stepdefenitions.JobsSteps.seeManyJobs()&amp#27;[0m
21:40:39.410 [main] INFO  - 
  _____   ___   ___   _____     ___     _     ___   ___   ___   ___  
 |_   _| | __| / __| |_   _|   | _ \   /_\   / __| / __| | __| |   \ 
   | |   | _|  \__ \   | |     |  _/  / _ \  \__ \ \__ \ | _|  | |) |
   |_|   |___| |___/   |_|     |_|   /_/ \_\ |___/ |___/ |___| |___/ 

As an user i have be able to see existing many jobs
----------------------------------------------------------------------
]]></system-out>
  </testcase>
  <testcase name="As an user i have be able to see many existing learn" classname="As an user I want to see existing learn on learning page So that i can see many learning" time="0.127">
    <system-out><![CDATA[21:40:39.417 [main] INFO io.cucumber.core.plugin.SerenityReporter - Running feature from file:///D:/BDD/src/test/resources/features/Learnign.feature
21:40:39.425 [main] DEBUG net.thucydides.core.steps.StepEventBus - Test suite started for story net.thucydides.core.model.Story@277bd0da
21:40:39.427 [main] INFO  - Test Suite Started: As an user I want to see existing learn on learning page So that i can see many learning

Scenario: As an user i have be able to see many existing learn &amp#27;[90m# src/test/resources/features/Learnign.feature:3&amp#27;[0m
21:40:39.456 [main] INFO io.cucumber.core.plugin.SerenityReporter - Running feature from file:///D:/BDD/src/test/resources/features/Learnign.feature
21:40:39.464 [main] INFO  - 
  _____   ___   ___   _____     ___   _____     _     ___   _____   ___   ___  
 |_   _| | __| / __| |_   _|   / __| |_   _|   /_\   | _ \ |_   _| | __| |   \ 
   | |   | _|  \__ \   | |     \__ \   | |    / _ \  |   /   | |   | _|  | |) |
   |_|   |___| |___/   |_|     |___/   |_|   /_/ \_\ |_|_\   |_|   |___| |___/ 

As an user i have be able to see many existing learn(as-an-user-i-want-to-see-existing-learn-on-learning-page-so-that-i-can-see-many-learning;as-an-user-i-have-be-able-to-see-many-existing-learn)
--------------------------------------------------------------------------------
21:40:39.499 [main] DEBUG net.thucydides.core.steps.StepInterceptor - STARTING STEP: LoginSteps.onTheHomrPage - I am on the home page
I am on the home page
21:40:39.500 [main] DEBUG net.thucydides.core.steps.StepInterceptor - STEP DONE: I am on the home page
  &amp#27;[32mGiven &amp#27;[0m&amp#27;[32mI am on the home page&amp#27;[0m                                  &amp#27;[90m# starter.stepdefenitions.LoginSteps.onTheHomrPage()&amp#27;[0m
21:40:39.535 [main] DEBUG net.thucydides.core.steps.StepInterceptor - STARTING STEP: LearningSteps.clickLearningButton - I click learning button
I click learning button
21:40:39.535 [main] DEBUG net.thucydides.core.steps.StepInterceptor - STEP DONE: I click learning button
  &amp#27;[32mWhen &amp#27;[0m&amp#27;[32mI click learning button&amp#27;[0m                                 &amp#27;[90m# starter.stepdefenitions.LearningSteps.clickLearningButton()&amp#27;[0m
21:40:39.548 [main] DEBUG net.thucydides.core.steps.StepInterceptor - STARTING STEP: LearningSteps.seeExistingLearn - I can see many existing learn
see many existing learn
21:40:39.549 [main] DEBUG net.thucydides.core.steps.StepInterceptor - STEP DONE: I can see many existing learn
  &amp#27;[32mThen &amp#27;[0m&amp#27;[32mI can see many existing learn&amp#27;[0m                           &amp#27;[90m# starter.stepdefenitions.LearningSteps.seeExistingLearn()&amp#27;[0m
21:40:39.554 [main] INFO  - 
  _____   ___   ___   _____     ___     _     ___   ___   ___   ___  
 |_   _| | __| / __| |_   _|   | _ \   /_\   / __| / __| | __| |   \ 
   | |   | _|  \__ \   | |     |  _/  / _ \  \__ \ \__ \ | _|  | |) |
   |_|   |___| |___/   |_|     |_|   /_/ \_\ |___/ |___/ |___| |___/ 

As an user i have be able to see many existing learn
----------------------------------------------------------------------
]]></system-out>
  </testcase>
  <testcase name="As user i have be able to success login" classname="As an user I want to see my home page So that i can update my profile" time="0.206">
    <system-out><![CDATA[21:40:39.557 [main] INFO io.cucumber.core.plugin.SerenityReporter - Running feature from file:///D:/BDD/src/test/resources/features/Login.feature
21:40:39.566 [main] DEBUG net.thucydides.core.steps.StepEventBus - Test suite started for story net.thucydides.core.model.Story@9478d83c
21:40:39.567 [main] INFO  - Test Suite Started: As an user I want to see my home page So that i can update my profile

Scenario: As user i have be able to success login &amp#27;[90m# src/test/resources/features/Login.feature:3&amp#27;[0m
21:40:39.651 [main] INFO io.cucumber.core.plugin.SerenityReporter - Running feature from file:///D:/BDD/src/test/resources/features/Login.feature
21:40:39.665 [main] INFO  - 
  _____   ___   ___   _____     ___   _____     _     ___   _____   ___   ___  
 |_   _| | __| / __| |_   _|   / __| |_   _|   /_\   | _ \ |_   _| | __| |   \ 
   | |   | _|  \__ \   | |     \__ \   | |    / _ \  |   /   | |   | _|  | |) |
   |_|   |___| |___/   |_|     |___/   |_|   /_/ \_\ |_|_\   |_|   |___| |___/ 

As user i have be able to success login(as-an-user-i-want-to-see-my-home-page-so-that-i-can-update-my-profile;as-user-i-have-be-able-to-success-login)
--------------------------------------------------------------------------------
21:40:39.738 [main] DEBUG net.thucydides.core.steps.StepInterceptor - STARTING STEP: LoginSteps.onTheLoginPage - I am on the login page
I am on the login page
21:40:39.740 [main] DEBUG net.thucydides.core.steps.StepInterceptor - STEP DONE: I am on the login page
  &amp#27;[32mGiven &amp#27;[0m&amp#27;[32mI am on the login page&amp#27;[0m                    &amp#27;[90m# starter.stepdefenitions.LoginSteps.onTheLoginPage()&amp#27;[0m
21:40:39.748 [main] DEBUG net.thucydides.core.steps.StepInterceptor - STARTING STEP: LoginSteps.enterUsernameAndPassword - I enter my valid username and password
I enter my valid username and password
21:40:39.750 [main] DEBUG net.thucydides.core.steps.StepInterceptor - STEP DONE: I enter my valid username and password
  &amp#27;[32mWhen &amp#27;[0m&amp#27;[32mI enter my valid username and password&amp#27;[0m     &amp#27;[90m# starter.stepdefenitions.LoginSteps.enterUsernameAndPassword()&amp#27;[0m
21:40:39.758 [main] DEBUG net.thucydides.core.steps.StepInterceptor - STARTING STEP: LoginSteps.clickLoginButton - I click login button
I click login button
21:40:39.759 [main] DEBUG net.thucydides.core.steps.StepInterceptor - STEP DONE: I click login button
  &amp#27;[32mAnd &amp#27;[0m&amp#27;[32mI click login button&amp#27;[0m                        &amp#27;[90m# starter.stepdefenitions.LoginSteps.clickLoginButton()&amp#27;[0m
21:40:39.767 [main] DEBUG net.thucydides.core.steps.StepInterceptor - STARTING STEP: LoginSteps.onTheHomrPage - I am on the home page
I am on the home page
21:40:39.769 [main] DEBUG net.thucydides.core.steps.StepInterceptor - STEP DONE: I am on the home page
  &amp#27;[32mThen &amp#27;[0m&amp#27;[32mI am on the home page&amp#27;[0m                      &amp#27;[90m# starter.stepdefenitions.LoginSteps.onTheHomrPage()&amp#27;[0m
21:40:39.773 [main] INFO  - 
  _____   ___   ___   _____     ___     _     ___   ___   ___   ___  
 |_   _| | __| / __| |_   _|   | _ \   /_\   / __| / __| | __| |   \ 
   | |   | _|  \__ \   | |     |  _/  / _ \  \__ \ \__ \ | _|  | |) |
   |_|   |___| |___/   |_|     |_|   /_/ \_\ |___/ |___/ |___| |___/ 

As user i have be able to success login
----------------------------------------------------------------------
]]></system-out>
  </testcase>
  <testcase name="As a user I have failed in trying to login #1" classname="As an user I want to see my home page So that i can update my profile" time="0.073">
    <system-out><![CDATA[
Scenario: As a user I have failed in trying to login &amp#27;[90m# src/test/resources/features/Login.feature:9&amp#27;[0m
21:40:39.799 [main] INFO io.cucumber.core.plugin.SerenityReporter - Running feature from file:///D:/BDD/src/test/resources/features/Login.feature
21:40:39.803 [main] INFO  - 
  _____   ___   ___   _____     ___   _____     _     ___   _____   ___   ___  
 |_   _| | __| / __| |_   _|   / __| |_   _|   /_\   | _ \ |_   _| | __| |   \ 
   | |   | _|  \__ \   | |     \__ \   | |    / _ \  |   /   | |   | _|  | |) |
   |_|   |___| |___/   |_|     |___/   |_|   /_/ \_\ |_|_\   |_|   |___| |___/ 

As a user I have failed in trying to login(as-an-user-i-want-to-see-my-home-page-so-that-i-can-update-my-profile;as-a-user-i-have-failed-in-trying-to-login)
--------------------------------------------------------------------------------
21:40:39.816 [main] DEBUG net.thucydides.core.steps.StepInterceptor - STARTING STEP: LoginSteps.onTheLoginPage - I am on the login page
I am on the login page
21:40:39.817 [main] DEBUG net.thucydides.core.steps.StepInterceptor - STEP DONE: I am on the login page
  &amp#27;[32mGiven &amp#27;[0m&amp#27;[32mI am on the login page&amp#27;[0m                       &amp#27;[90m# starter.stepdefenitions.LoginSteps.onTheLoginPage()&amp#27;[0m
21:40:39.823 [main] DEBUG net.thucydides.core.steps.StepInterceptor - STARTING STEP: LoginSteps.enterInvalidUsernameAndValidPassword - I enter invalid username and valid password
enter invalid usernam and valid password
21:40:39.824 [main] DEBUG net.thucydides.core.steps.StepInterceptor - STEP DONE: I enter invalid username and valid password
  &amp#27;[32mWhen &amp#27;[0m&amp#27;[32mI enter invalid username and valid password&amp#27;[0m   &amp#27;[90m# starter.stepdefenitions.LoginSteps.enterInvalidUsernameAndValidPassword()&amp#27;[0m
21:40:39.833 [main] DEBUG net.thucydides.core.steps.StepInterceptor - STARTING STEP: LoginSteps.clickLoginButton - I click login button
I click login button
21:40:39.834 [main] DEBUG net.thucydides.core.steps.StepInterceptor - STEP DONE: I click login button
  &amp#27;[32mAnd &amp#27;[0m&amp#27;[32mI click login button&amp#27;[0m                           &amp#27;[90m# starter.stepdefenitions.LoginSteps.clickLoginButton()&amp#27;[0m
21:40:39.838 [main] DEBUG net.thucydides.core.steps.StepInterceptor - STARTING STEP: LoginSteps.failToLogin - I am fail to login
fail to login
21:40:39.838 [main] DEBUG net.thucydides.core.steps.StepInterceptor - STEP DONE: I am fail to login
  &amp#27;[32mThen &amp#27;[0m&amp#27;[32mI am fail to login&amp#27;[0m                            &amp#27;[90m# starter.stepdefenitions.LoginSteps.failToLogin()&amp#27;[0m
21:40:39.842 [main] DEBUG net.thucydides.core.steps.StepInterceptor - STARTING STEP: LoginSteps.getNotifications - I get a notifications
get notifications
21:40:39.843 [main] DEBUG net.thucydides.core.steps.StepInterceptor - STEP DONE: I get a notifications
  &amp#27;[32mAnd &amp#27;[0m&amp#27;[32mI get a notifications&amp#27;[0m                          &amp#27;[90m# starter.stepdefenitions.LoginSteps.getNotifications()&amp#27;[0m
21:40:39.845 [main] INFO  - 
  _____   ___   ___   _____     ___     _     ___   ___   ___   ___  
 |_   _| | __| / __| |_   _|   | _ \   /_\   / __| / __| | __| |   \ 
   | |   | _|  \__ \   | |     |  _/  / _ \  \__ \ \__ \ | _|  | |) |
   |_|   |___| |___/   |_|     |_|   /_/ \_\ |___/ |___/ |___| |___/ 

As a user I have failed in trying to login
----------------------------------------------------------------------
]]></system-out>
  </testcase>
  <testcase name="As a user I have failed in trying to login #2" classname="As an user I want to see my home page So that i can update my profile" time="0.122">
    <system-out><![CDATA[
Scenario: As a user I have failed in trying to login &amp#27;[90m# src/test/resources/features/Login.feature:16&amp#27;[0m
21:40:39.876 [main] INFO io.cucumber.core.plugin.SerenityReporter - Running feature from file:///D:/BDD/src/test/resources/features/Login.feature
21:40:39.918 [main] DEBUG net.thucydides.core.steps.StepInterceptor - STARTING STEP: LoginSteps.onTheLoginPage - I am on the login page
I am on the login page
21:40:39.919 [main] DEBUG net.thucydides.core.steps.StepInterceptor - STEP DONE: I am on the login page
  &amp#27;[32mGiven &amp#27;[0m&amp#27;[32mI am on the login page&amp#27;[0m                       &amp#27;[90m# starter.stepdefenitions.LoginSteps.onTheLoginPage()&amp#27;[0m
21:40:39.932 [main] DEBUG net.thucydides.core.steps.StepInterceptor - STARTING STEP: LoginSteps.enterValidUsernameAndInvalidPassword - I enter valid username and invalid password
enter valid username and invalid password
21:40:39.932 [main] DEBUG net.thucydides.core.steps.StepInterceptor - STEP DONE: I enter valid username and invalid password
  &amp#27;[32mWhen &amp#27;[0m&amp#27;[32mI enter valid username and invalid password&amp#27;[0m   &amp#27;[90m# starter.stepdefenitions.LoginSteps.enterValidUsernameAndInvalidPassword()&amp#27;[0m
21:40:39.937 [main] DEBUG net.thucydides.core.steps.StepInterceptor - STARTING STEP: LoginSteps.clickLoginButton - I click login button
I click login button
21:40:39.938 [main] DEBUG net.thucydides.core.steps.StepInterceptor - STEP DONE: I click login button
  &amp#27;[32mAnd &amp#27;[0m&amp#27;[32mI click login button&amp#27;[0m                           &amp#27;[90m# starter.stepdefenitions.LoginSteps.clickLoginButton()&amp#27;[0m
21:40:39.953 [main] DEBUG net.thucydides.core.steps.StepInterceptor - STARTING STEP: LoginSteps.failToLogin - I am fail to login
fail to login
21:40:39.954 [main] DEBUG net.thucydides.core.steps.StepInterceptor - STEP DONE: I am fail to login
  &amp#27;[32mThen &amp#27;[0m&amp#27;[32mI am fail to login&amp#27;[0m                            &amp#27;[90m# starter.stepdefenitions.LoginSteps.failToLogin()&amp#27;[0m
21:40:39.965 [main] DEBUG net.thucydides.core.steps.StepInterceptor - STARTING STEP: LoginSteps.getNotifications - I get a notifications
get notifications
21:40:39.966 [main] DEBUG net.thucydides.core.steps.StepInterceptor - STEP DONE: I get a notifications
  &amp#27;[32mAnd &amp#27;[0m&amp#27;[32mI get a notifications&amp#27;[0m                          &amp#27;[90m# starter.stepdefenitions.LoginSteps.getNotifications()&amp#27;[0m
21:40:39.969 [main] INFO  - 
  _____   ___   ___   _____     ___     _     ___   ___   ___   ___  
 |_   _| | __| / __| |_   _|   | _ \   /_\   / __| / __| | __| |   \ 
   | |   | _|  \__ \   | |     |  _/  / _ \  \__ \ \__ \ | _|  | |) |
   |_|   |___| |___/   |_|     |_|   /_/ \_\ |___/ |___/ |___| |___/ 

As a user I have failed in trying to login
----------------------------------------------------------------------
]]></system-out>
  </testcase>
  <testcase name="As a user I have failed in trying to login #3" classname="As an user I want to see my home page So that i can update my profile" time="0.089">
    <system-out><![CDATA[
Scenario: As a user I have failed in trying to login &amp#27;[90m# src/test/resources/features/Login.feature:23&amp#27;[0m
21:40:40.003 [main] INFO io.cucumber.core.plugin.SerenityReporter - Running feature from file:///D:/BDD/src/test/resources/features/Login.feature
21:40:40.019 [main] DEBUG net.thucydides.core.steps.StepInterceptor - STARTING STEP: LoginSteps.onTheLoginPage - I am on the login page
I am on the login page
21:40:40.020 [main] DEBUG net.thucydides.core.steps.StepInterceptor - STEP DONE: I am on the login page
  &amp#27;[32mGiven &amp#27;[0m&amp#27;[32mI am on the login page&amp#27;[0m                       &amp#27;[90m# starter.stepdefenitions.LoginSteps.onTheLoginPage()&amp#27;[0m
21:40:40.031 [main] DEBUG net.thucydides.core.steps.StepInterceptor - STARTING STEP: LoginSteps.enterInvalidUsernameAndPassword - I enter invalid username and password
enter invalid username and password
21:40:40.032 [main] DEBUG net.thucydides.core.steps.StepInterceptor - STEP DONE: I enter invalid username and password
  &amp#27;[32mWhen &amp#27;[0m&amp#27;[32mI enter invalid username and password&amp#27;[0m         &amp#27;[90m# starter.stepdefenitions.LoginSteps.enterInvalidUsernameAndPassword()&amp#27;[0m
21:40:40.041 [main] DEBUG net.thucydides.core.steps.StepInterceptor - STARTING STEP: LoginSteps.clickLoginButton - I click login button
I click login button
21:40:40.041 [main] DEBUG net.thucydides.core.steps.StepInterceptor - STEP DONE: I click login button
  &amp#27;[32mAnd &amp#27;[0m&amp#27;[32mI click login button&amp#27;[0m                           &amp#27;[90m# starter.stepdefenitions.LoginSteps.clickLoginButton()&amp#27;[0m
21:40:40.054 [main] DEBUG net.thucydides.core.steps.StepInterceptor - STARTING STEP: LoginSteps.failToLogin - I am fail to login
fail to login
21:40:40.055 [main] DEBUG net.thucydides.core.steps.StepInterceptor - STEP DONE: I am fail to login
  &amp#27;[32mThen &amp#27;[0m&amp#27;[32mI am fail to login&amp#27;[0m                            &amp#27;[90m# starter.stepdefenitions.LoginSteps.failToLogin()&amp#27;[0m
21:40:40.061 [main] DEBUG net.thucydides.core.steps.StepInterceptor - STARTING STEP: LoginSteps.getNotifications - I get a notifications
get notifications
21:40:40.061 [main] DEBUG net.thucydides.core.steps.StepInterceptor - STEP DONE: I get a notifications
  &amp#27;[32mAnd &amp#27;[0m&amp#27;[32mI get a notifications&amp#27;[0m                          &amp#27;[90m# starter.stepdefenitions.LoginSteps.getNotifications()&amp#27;[0m
]]></system-out>
  </testcase>
  <testcase name="As user i have be able to search people" classname="As an user I want to search people So that i can add new friend" time="0.073">
    <system-out><![CDATA[21:40:40.067 [main] INFO io.cucumber.core.plugin.SerenityReporter - Running feature from file:///D:/BDD/src/test/resources/features/People.feature
21:40:40.076 [main] DEBUG net.thucydides.core.steps.StepEventBus - Test suite started for story net.thucydides.core.model.Story@a647613b
21:40:40.083 [main] INFO  - Test Suite Started: As an user I want to search people So that i can add new friend

Scenario: As user i have be able to search people &amp#27;[90m# src/test/resources/features/People.feature:3&amp#27;[0m
21:40:40.101 [main] INFO io.cucumber.core.plugin.SerenityReporter - Running feature from file:///D:/BDD/src/test/resources/features/People.feature
21:40:40.106 [main] INFO  - 
  _____   ___   ___   _____     ___   _____     _     ___   _____   ___   ___  
 |_   _| | __| / __| |_   _|   / __| |_   _|   /_\   | _ \ |_   _| | __| |   \ 
   | |   | _|  \__ \   | |     \__ \   | |    / _ \  |   /   | |   | _|  | |) |
   |_|   |___| |___/   |_|     |___/   |_|   /_/ \_\ |_|_\   |_|   |___| |___/ 

As user i have be able to search people(as-an-user-i-want-to-search-people-so-that-i-can-add-new-friend;as-user-i-have-be-able-to-search-people)
--------------------------------------------------------------------------------
21:40:40.125 [main] DEBUG net.thucydides.core.steps.StepInterceptor - STARTING STEP: LoginSteps.onTheHomrPage - I am on the home page
I am on the home page
21:40:40.126 [main] DEBUG net.thucydides.core.steps.StepInterceptor - STEP DONE: I am on the home page
  &amp#27;[32mGiven &amp#27;[0m&amp#27;[32mI am on the home page&amp#27;[0m                     &amp#27;[90m# starter.stepdefenitions.LoginSteps.onTheHomrPage()&amp#27;[0m
21:40:40.149 [main] DEBUG net.thucydides.core.steps.StepInterceptor - STARTING STEP: PeopleSteps.clickPeopleButton - I click people button
click people button
21:40:40.150 [main] DEBUG net.thucydides.core.steps.StepInterceptor - STEP DONE: I click people button
  &amp#27;[32mWhen &amp#27;[0m&amp#27;[32mI click people button&amp#27;[0m                      &amp#27;[90m# starter.stepdefenitions.PeopleSteps.clickPeopleButton()&amp#27;[0m
21:40:40.154 [main] DEBUG net.thucydides.core.steps.StepInterceptor - STARTING STEP: PeopleSteps.searchFeature - I can see search feature in people page
can see search feature
21:40:40.155 [main] DEBUG net.thucydides.core.steps.StepInterceptor - STEP DONE: I can see search feature in people page
  &amp#27;[32mThen &amp#27;[0m&amp#27;[32mI can see search feature in people page&amp#27;[0m    &amp#27;[90m# starter.stepdefenitions.PeopleSteps.searchFeature()&amp#27;[0m
21:40:40.156 [main] INFO  - 
  _____   ___   ___   _____     ___     _     ___   ___   ___   ___  
 |_   _| | __| / __| |_   _|   | _ \   /_\   / __| / __| | __| |   \ 
   | |   | _|  \__ \   | |     |  _/  / _ \  \__ \ \__ \ | _|  | |) |
   |_|   |___| |___/   |_|     |_|   /_/ \_\ |___/ |___/ |___| |___/ 

As user i have be able to search people
----------------------------------------------------------------------
]]></system-out>
  </testcase>
  <testcase name="As user i have be able to success sign up with email" classname="As a user I want to sign up using my email account and google So that i can login to the app" time="0.089">
    <system-out><![CDATA[21:40:40.158 [main] INFO io.cucumber.core.plugin.SerenityReporter - Running feature from file:///D:/BDD/src/test/resources/features/SignUp.feature
21:40:40.161 [main] DEBUG net.thucydides.core.steps.StepEventBus - Test suite started for story net.thucydides.core.model.Story@88222f68
21:40:40.162 [main] INFO  - Test Suite Started: As a user I want to sign up using my email account and google So that i can login to the app

Scenario: As user i have be able to success sign up with email &amp#27;[90m# src/test/resources/features/SignUp.feature:3&amp#27;[0m
21:40:40.181 [main] INFO io.cucumber.core.plugin.SerenityReporter - Running feature from file:///D:/BDD/src/test/resources/features/SignUp.feature
21:40:40.184 [main] INFO  - 
  _____   ___   ___   _____     ___   _____     _     ___   _____   ___   ___  
 |_   _| | __| / __| |_   _|   / __| |_   _|   /_\   | _ \ |_   _| | __| |   \ 
   | |   | _|  \__ \   | |     \__ \   | |    / _ \  |   /   | |   | _|  | |) |
   |_|   |___| |___/   |_|     |___/   |_|   /_/ \_\ |_|_\   |_|   |___| |___/ 

As user i have be able to success sign up with email(as-a-user-i-want-to-sign-up-using-my-email-account-and-google-so-that-i-can-login-to-the-app;as-user-i-have-be-able-to-success-sign-up-with-email)
--------------------------------------------------------------------------------
21:40:40.226 [main] DEBUG net.thucydides.core.steps.StepInterceptor - STARTING STEP: SignUpSteps.onTheSignUpPage - I am on the signUp page
on the sign up page
21:40:40.226 [main] DEBUG net.thucydides.core.steps.StepInterceptor - STEP DONE: I am on the signUp page
  &amp#27;[32mGiven &amp#27;[0m&amp#27;[32mI am on the sign up page&amp#27;[0m                               &amp#27;[90m# starter.stepdefenitions.SignUpSteps.onTheSignUpPage()&amp#27;[0m
21:40:40.239 [main] DEBUG net.thucydides.core.steps.StepInterceptor - STARTING STEP: SignUpSteps.enterUsernameAndPassword - I enter my email and password
enter email and password
21:40:40.239 [main] DEBUG net.thucydides.core.steps.StepInterceptor - STEP DONE: I enter my email and password
  &amp#27;[32mWhen &amp#27;[0m&amp#27;[32mI enter my email and password&amp#27;[0m                           &amp#27;[90m# starter.stepdefenitions.SignUpSteps.enterUsernameAndPassword()&amp#27;[0m
21:40:40.246 [main] DEBUG net.thucydides.core.steps.StepInterceptor - STARTING STEP: SignUpSteps.clickAgreeButton - I click agree and join button
click agree & join button
21:40:40.246 [main] DEBUG net.thucydides.core.steps.StepInterceptor - STEP DONE: I click agree and join button
  &amp#27;[32mAnd &amp#27;[0m&amp#27;[32mI click agree and join button&amp#27;[0m                            &amp#27;[90m# starter.stepdefenitions.SignUpSteps.clickAgreeButton()&amp#27;[0m
21:40:40.252 [main] DEBUG net.thucydides.core.steps.StepInterceptor - STARTING STEP: SignUpSteps.onCreateProfile - I am on create profile
on create profile
21:40:40.252 [main] DEBUG net.thucydides.core.steps.StepInterceptor - STEP DONE: I am on create profile
  &amp#27;[32mThen &amp#27;[0m&amp#27;[32mI am on create profile&amp#27;[0m                                  &amp#27;[90m# starter.stepdefenitions.SignUpSteps.onCreateProfile()&amp#27;[0m
21:40:40.255 [main] INFO  - 
  _____   ___   ___   _____     ___     _     ___   ___   ___   ___  
 |_   _| | __| / __| |_   _|   | _ \   /_\   / __| / __| | __| |   \ 
   | |   | _|  \__ \   | |     |  _/  / _ \  \__ \ \__ \ | _|  | |) |
   |_|   |___| |___/   |_|     |_|   /_/ \_\ |___/ |___/ |___| |___/ 

As user i have be able to success sign up with email
----------------------------------------------------------------------
]]></system-out>
  </testcase>
  <testcase name="As user i have be able to success sign up with google" classname="As a user I want to sign up using my email account and google So that i can login to the app" time="0.14">
    <system-out><![CDATA[
Scenario: As user i have be able to success sign up with google &amp#27;[90m# src/test/resources/features/SignUp.feature:9&amp#27;[0m
21:40:40.271 [main] INFO io.cucumber.core.plugin.SerenityReporter - Running feature from file:///D:/BDD/src/test/resources/features/SignUp.feature
21:40:40.278 [main] INFO  - 
  _____   ___   ___   _____     ___   _____     _     ___   _____   ___   ___  
 |_   _| | __| / __| |_   _|   / __| |_   _|   /_\   | _ \ |_   _| | __| |   \ 
   | |   | _|  \__ \   | |     \__ \   | |    / _ \  |   /   | |   | _|  | |) |
   |_|   |___| |___/   |_|     |___/   |_|   /_/ \_\ |_|_\   |_|   |___| |___/ 

As user i have be able to success sign up with google(as-a-user-i-want-to-sign-up-using-my-email-account-and-google-so-that-i-can-login-to-the-app;as-user-i-have-be-able-to-success-sign-up-with-google)
--------------------------------------------------------------------------------
21:40:40.373 [main] DEBUG net.thucydides.core.steps.StepInterceptor - STARTING STEP: SignUpSteps.onTheSignUpPage - I am on the signUp page
on the sign up page
21:40:40.373 [main] DEBUG net.thucydides.core.steps.StepInterceptor - STEP DONE: I am on the signUp page
  &amp#27;[32mGiven &amp#27;[0m&amp#27;[32mI am on the sign up page&amp#27;[0m                                &amp#27;[90m# starter.stepdefenitions.SignUpSteps.onTheSignUpPage()&amp#27;[0m
21:40:40.381 [main] DEBUG net.thucydides.core.steps.StepInterceptor - STARTING STEP: SignUpSteps.continueWithGoogle - I click continue with google button
continue with google
21:40:40.381 [main] DEBUG net.thucydides.core.steps.StepInterceptor - STEP DONE: I click continue with google button
  &amp#27;[32mWhen &amp#27;[0m&amp#27;[32mI click continue with google button&amp#27;[0m                      &amp#27;[90m# starter.stepdefenitions.SignUpSteps.continueWithGoogle()&amp#27;[0m
21:40:40.387 [main] DEBUG net.thucydides.core.steps.StepInterceptor - STARTING STEP: SignUpSteps.chooseGoogleAccount - I choose my google account
Choose google account
21:40:40.388 [main] DEBUG net.thucydides.core.steps.StepInterceptor - STEP DONE: I choose my google account
  &amp#27;[32mAnd &amp#27;[0m&amp#27;[32mI choose my google account&amp#27;[0m                                &amp#27;[90m# starter.stepdefenitions.SignUpSteps.chooseGoogleAccount()&amp#27;[0m
21:40:40.392 [main] DEBUG net.thucydides.core.steps.StepInterceptor - STARTING STEP: SignUpSteps.onCreateProfile - I am on create profile
on create profile
21:40:40.393 [main] DEBUG net.thucydides.core.steps.StepInterceptor - STEP DONE: I am on create profile
  &amp#27;[32mThen &amp#27;[0m&amp#27;[32mI am on create profile&amp#27;[0m                                   &amp#27;[90m# starter.stepdefenitions.SignUpSteps.onCreateProfile()&amp#27;[0m
21:40:40.395 [main] INFO  - 
  _____   ___   ___   _____     ___     _     ___   ___   ___   ___  
 |_   _| | __| / __| |_   _|   | _ \   /_\   / __| / __| | __| |   \ 
   | |   | _|  \__ \   | |     |  _/  / _ \  \__ \ \__ \ | _|  | |) |
   |_|   |___| |___/   |_|     |_|   /_/ \_\ |___/ |___/ |___| |___/ 

As user i have be able to success sign up with google
----------------------------------------------------------------------
]]></system-out>
  </testcase>
  <testcase name="As user i have failed to trying to sign up with email #1" classname="As a user I want to sign up using my email account and google So that i can login to the app" time="0.088">
    <system-out><![CDATA[
Scenario: As user i have failed to trying to sign up with email &amp#27;[90m# src/test/resources/features/SignUp.feature:15&amp#27;[0m
21:40:40.418 [main] INFO io.cucumber.core.plugin.SerenityReporter - Running feature from file:///D:/BDD/src/test/resources/features/SignUp.feature
21:40:40.422 [main] INFO  - 
  _____   ___   ___   _____     ___   _____     _     ___   _____   ___   ___  
 |_   _| | __| / __| |_   _|   / __| |_   _|   /_\   | _ \ |_   _| | __| |   \ 
   | |   | _|  \__ \   | |     \__ \   | |    / _ \  |   /   | |   | _|  | |) |
   |_|   |___| |___/   |_|     |___/   |_|   /_/ \_\ |_|_\   |_|   |___| |___/ 

As user i have failed to trying to sign up with email(as-a-user-i-want-to-sign-up-using-my-email-account-and-google-so-that-i-can-login-to-the-app;as-user-i-have-failed-to-trying-to-sign-up-with-email)
--------------------------------------------------------------------------------
21:40:40.447 [main] DEBUG net.thucydides.core.steps.StepInterceptor - STARTING STEP: SignUpSteps.onTheSignUpPage - I am on the signUp page
on the sign up page
21:40:40.448 [main] DEBUG net.thucydides.core.steps.StepInterceptor - STEP DONE: I am on the signUp page
  &amp#27;[32mGiven &amp#27;[0m&amp#27;[32mI am on the sign up page&amp#27;[0m                                &amp#27;[90m# starter.stepdefenitions.SignUpSteps.onTheSignUpPage()&amp#27;[0m
21:40:40.457 [main] DEBUG net.thucydides.core.steps.StepInterceptor - STARTING STEP: SignUpSteps.enterPhnoeNumberOrEmailValid - I enter phone number or email valid
enter phone number or email valid
21:40:40.458 [main] DEBUG net.thucydides.core.steps.StepInterceptor - STEP DONE: I enter phone number or email valid
  &amp#27;[32mWhen &amp#27;[0m&amp#27;[32mI enter phone number or email valid&amp#27;[0m                      &amp#27;[90m# starter.stepdefenitions.SignUpSteps.enterPhnoeNumberOrEmailValid()&amp#27;[0m
21:40:40.462 [main] DEBUG net.thucydides.core.steps.StepInterceptor - STARTING STEP: SignUpSteps.enterPasswordDoesNotMatchTheCriteria - I enter a password that doesn't match the criteria
enter a password that doesn't match the criteria
21:40:40.463 [main] DEBUG net.thucydides.core.steps.StepInterceptor - STEP DONE: I enter a password that doesn't match the criteria
  &amp#27;[32mAnd &amp#27;[0m&amp#27;[32mI enter a password that doesn't match the criteria&amp#27;[0m        &amp#27;[90m# starter.stepdefenitions.SignUpSteps.enterPasswordDoesNotMatchTheCriteria()&amp#27;[0m
21:40:40.469 [main] DEBUG net.thucydides.core.steps.StepInterceptor - STARTING STEP: SignUpSteps.clickAgreeButton - I click agree and join button
click agree & join button
21:40:40.470 [main] DEBUG net.thucydides.core.steps.StepInterceptor - STEP DONE: I click agree and join button
  &amp#27;[32mAnd &amp#27;[0m&amp#27;[32mI click agree and join button&amp#27;[0m                             &amp#27;[90m# starter.stepdefenitions.SignUpSteps.clickAgreeButton()&amp#27;[0m
21:40:40.474 [main] DEBUG net.thucydides.core.steps.StepInterceptor - STARTING STEP: SignUpSteps.failToSignUp - I am fail to trying sign up
fail to trying sign up
21:40:40.475 [main] DEBUG net.thucydides.core.steps.StepInterceptor - STEP DONE: I am fail to trying sign up
  &amp#27;[32mThen &amp#27;[0m&amp#27;[32mI am fail to trying sign up&amp#27;[0m                              &amp#27;[90m# starter.stepdefenitions.SignUpSteps.failToSignUp()&amp#27;[0m
21:40:40.483 [main] DEBUG net.thucydides.core.steps.StepInterceptor - STARTING STEP: LoginSteps.getNotifications - I get a notifications
get notifications
21:40:40.483 [main] DEBUG net.thucydides.core.steps.StepInterceptor - STEP DONE: I get a notifications
  &amp#27;[32mAnd &amp#27;[0m&amp#27;[32mI get a notifications&amp#27;[0m                                     &amp#27;[90m# starter.stepdefenitions.LoginSteps.getNotifications()&amp#27;[0m
21:40:40.486 [main] INFO  - 
  _____   ___   ___   _____     ___     _     ___   ___   ___   ___  
 |_   _| | __| / __| |_   _|   | _ \   /_\   / __| / __| | __| |   \ 
   | |   | _|  \__ \   | |     |  _/  / _ \  \__ \ \__ \ | _|  | |) |
   |_|   |___| |___/   |_|     |_|   /_/ \_\ |___/ |___/ |___| |___/ 

As user i have failed to trying to sign up with email
----------------------------------------------------------------------
]]></system-out>
  </testcase>
  <testcase name="As user i have failed to trying to sign up with email #2" classname="As a user I want to sign up using my email account and google So that i can login to the app" time="0.111">
    <system-out><![CDATA[
Scenario: As user i have failed to trying to sign up with email &amp#27;[90m# src/test/resources/features/SignUp.feature:23&amp#27;[0m
21:40:40.522 [main] INFO io.cucumber.core.plugin.SerenityReporter - Running feature from file:///D:/BDD/src/test/resources/features/SignUp.feature
21:40:40.534 [main] DEBUG net.thucydides.core.steps.StepInterceptor - STARTING STEP: SignUpSteps.onTheSignUpPage - I am on the signUp page
on the sign up page
21:40:40.535 [main] DEBUG net.thucydides.core.steps.StepInterceptor - STEP DONE: I am on the signUp page
  &amp#27;[32mGiven &amp#27;[0m&amp#27;[32mI am on the sign up page&amp#27;[0m                                &amp#27;[90m# starter.stepdefenitions.SignUpSteps.onTheSignUpPage()&amp#27;[0m
21:40:40.542 [main] DEBUG net.thucydides.core.steps.StepInterceptor - STARTING STEP: SignUpSteps.enterNumberInvalidAndValidPassword - I enter phone number invalid and valid password
enter phone number invalid and valid password
21:40:40.543 [main] DEBUG net.thucydides.core.steps.StepInterceptor - STEP DONE: I enter phone number invalid and valid password
  &amp#27;[32mWhen &amp#27;[0m&amp#27;[32mI enter phone number invalid and valid password&amp#27;[0m          &amp#27;[90m# starter.stepdefenitions.SignUpSteps.enterNumberInvalidAndValidPassword()&amp#27;[0m
21:40:40.554 [main] DEBUG net.thucydides.core.steps.StepInterceptor - STARTING STEP: SignUpSteps.clickAgreeButton - I click agree and join button
click agree & join button
21:40:40.555 [main] DEBUG net.thucydides.core.steps.StepInterceptor - STEP DONE: I click agree and join button
  &amp#27;[32mAnd &amp#27;[0m&amp#27;[32mI click agree and join button&amp#27;[0m                             &amp#27;[90m# starter.stepdefenitions.SignUpSteps.clickAgreeButton()&amp#27;[0m
21:40:40.559 [main] DEBUG net.thucydides.core.steps.StepInterceptor - STARTING STEP: SignUpSteps.failToSignUp - I am fail to trying sign up
fail to trying sign up
21:40:40.560 [main] DEBUG net.thucydides.core.steps.StepInterceptor - STEP DONE: I am fail to trying sign up
  &amp#27;[32mThen &amp#27;[0m&amp#27;[32mI am fail to trying sign up&amp#27;[0m                              &amp#27;[90m# starter.stepdefenitions.SignUpSteps.failToSignUp()&amp#27;[0m
21:40:40.587 [main] DEBUG net.thucydides.core.steps.StepInterceptor - STARTING STEP: LoginSteps.getNotifications - I get a notifications
get notifications
21:40:40.588 [main] DEBUG net.thucydides.core.steps.StepInterceptor - STEP DONE: I get a notifications
  &amp#27;[32mAnd &amp#27;[0m&amp#27;[32mI get a notifications&amp#27;[0m                                     &amp#27;[90m# starter.stepdefenitions.LoginSteps.getNotifications()&amp#27;[0m
21:40:40.597 [main] INFO  - 
  _____   ___   ___   _____     ___     _     ___   ___   ___   ___  
 |_   _| | __| / __| |_   _|   | _ \   /_\   / __| / __| | __| |   \ 
   | |   | _|  \__ \   | |     |  _/  / _ \  \__ \ \__ \ | _|  | |) |
   |_|   |___| |___/   |_|     |_|   /_/ \_\ |___/ |___/ |___| |___/ 

As user i have failed to trying to sign up with email
----------------------------------------------------------------------
]]></system-out>
  </testcase>
  <testcase name="As user i have failed to trying to sign up with email #3" classname="As a user I want to sign up using my email account and google So that i can login to the app" time="0.09">
    <system-out><![CDATA[
Scenario: As user i have failed to trying to sign up with email &amp#27;[90m# src/test/resources/features/SignUp.feature:30&amp#27;[0m
21:40:40.616 [main] INFO io.cucumber.core.plugin.SerenityReporter - Running feature from file:///D:/BDD/src/test/resources/features/SignUp.feature
21:40:40.652 [main] DEBUG net.thucydides.core.steps.StepInterceptor - STARTING STEP: SignUpSteps.onTheSignUpPage - I am on the signUp page
on the sign up page
21:40:40.653 [main] DEBUG net.thucydides.core.steps.StepInterceptor - STEP DONE: I am on the signUp page
  &amp#27;[32mGiven &amp#27;[0m&amp#27;[32mI am on the sign up page&amp#27;[0m                                &amp#27;[90m# starter.stepdefenitions.SignUpSteps.onTheSignUpPage()&amp#27;[0m
21:40:40.667 [main] DEBUG net.thucydides.core.steps.StepInterceptor - STARTING STEP: SignUpSteps.enterInvalidEmailAndValidPassword - I enter phone number invalid and valid password
enter phone number invalid and valid password
21:40:40.668 [main] DEBUG net.thucydides.core.steps.StepInterceptor - STEP DONE: I enter phone number invalid and valid password
  &amp#27;[32mWhen &amp#27;[0m&amp#27;[32mI enter invalid email and valid password&amp#27;[0m                 &amp#27;[90m# starter.stepdefenitions.SignUpSteps.enterInvalidEmailAndValidPassword()&amp#27;[0m
21:40:40.675 [main] DEBUG net.thucydides.core.steps.StepInterceptor - STARTING STEP: SignUpSteps.clickAgreeButton - I click agree and join button
click agree & join button
21:40:40.675 [main] DEBUG net.thucydides.core.steps.StepInterceptor - STEP DONE: I click agree and join button
  &amp#27;[32mAnd &amp#27;[0m&amp#27;[32mI click agree and join button&amp#27;[0m                             &amp#27;[90m# starter.stepdefenitions.SignUpSteps.clickAgreeButton()&amp#27;[0m
21:40:40.678 [main] DEBUG net.thucydides.core.steps.StepInterceptor - STARTING STEP: SignUpSteps.failToSignUp - I am fail to trying sign up
fail to trying sign up
21:40:40.678 [main] DEBUG net.thucydides.core.steps.StepInterceptor - STEP DONE: I am fail to trying sign up
  &amp#27;[32mThen &amp#27;[0m&amp#27;[32mI am fail to trying sign up&amp#27;[0m                              &amp#27;[90m# starter.stepdefenitions.SignUpSteps.failToSignUp()&amp#27;[0m
21:40:40.685 [main] DEBUG net.thucydides.core.steps.StepInterceptor - STARTING STEP: LoginSteps.getNotifications - I get a notifications
get notifications
21:40:40.685 [main] DEBUG net.thucydides.core.steps.StepInterceptor - STEP DONE: I get a notifications
  &amp#27;[32mAnd &amp#27;[0m&amp#27;[32mI get a notifications&amp#27;[0m                                     &amp#27;[90m# starter.stepdefenitions.LoginSteps.getNotifications()&amp#27;[0m
]]></system-out>
  </testcase>
</testsuite>